numactl --membind=4 /mnt/nvme0/home/gxr/mongdb-run/test_mongodb/build//run_client --num_threads=15 --core_binding=0,1,2,3,4,5,6,7,8,9,10,11,12,13,14,15,128,129,130,131,132,133,134,135,136,137,138,139,140,141,142,143 --str_key_size=16 --str_key_size=1024 --load_file=/mnt/nvme0/home/gxr/mongdb-run/workloads/ycsb/workloada-load-5000000-5000000.log.formated --run_file=/mnt/nvme0/home/gxr/mongdb-run/workloads/ycsb/workloada-run-5000000-5000000.log.formated --URI_set=mongodb://localhost:27017,mongodb://localhost:27018,mongodb://localhost:27019,mongodb://localhost:27020,mongodb://localhost:27021,mongodb://localhost:27022,mongodb://localhost:27023,mongodb://localhost:27024,mongodb://localhost:27025,mongodb://localhost:27026,mongodb://localhost:27027,mongodb://localhost:27028,mongodb://localhost:27029,mongodb://localhost:27030,mongodb://localhost:27031,mongodb://localhost:27032,mongodb://localhost:27033,mongodb://localhost:27034,mongodb://localhost:27035,mongodb://localhost:27036,mongodb://localhost:27037,mongodb://localhost:27038,mongodb://localhost:27039,mongodb://localhost:27040,mongodb://localhost:27041,mongodb://localhost:27042,mongodb://localhost:27043,mongodb://localhost:27044,mongodb://localhost:27045,mongodb://localhost:27046 --first_mode=true
mongodb://localhost:27017 mongodb://localhost:27018 mongodb://localhost:27019 mongodb://localhost:27020 mongodb://localhost:27021 mongodb://localhost:27022 mongodb://localhost:27023 mongodb://localhost:27024 mongodb://localhost:27025 mongodb://localhost:27026 mongodb://localhost:27027 mongodb://localhost:27028 mongodb://localhost:27029 mongodb://localhost:27030 mongodb://localhost:27031 mongodb://localhost:27032 mongodb://localhost:27033 mongodb://localhost:27034 mongodb://localhost:27035 mongodb://localhost:27036 mongodb://localhost:27037 mongodb://localhost:27038 mongodb://localhost:27039 mongodb://localhost:27040 mongodb://localhost:27041 mongodb://localhost:27042 mongodb://localhost:27043 mongodb://localhost:27044 mongodb://localhost:27045 mongodb://localhost:27046 reading workload files ...
load_filename : /mnt/nvme0/home/gxr/mongdb-run/workloads/ycsb/workloada-load-5000000-5000000.log.formated
read load file needs: 2600957938 s 
run_filename : /mnt/nvme0/home/gxr/mongdb-run/workloads/ycsb/workloada-run-5000000-5000000.log.formated
read run file needs: 2610540909 s 
num_of_load_ops is 5000000
num_of_run_ops is 5000000
0 1 2 3 4 5 6 7 8 9 10 11 12 13 14 15 128 129 130 131 132 133 134 135 136 137 138 139 140 141 142 143 URI: URI: mongodb://localhost:27017
URI: mongodb://localhost:27017
mongodb://localhost:27017
URI: mongodb://localhost:27017
URI: mongodb://localhost:27017
URI: mongodb://localhost:27017
URI: mongodb://localhost:27017
URI: mongodb://localhost:27017
URI: mongodb://localhost:27017
URI: mongodb://localhost:27017
URI: mongodb://localhost:27017
URI: mongodb://localhost:27017
URI: mongodb://localhost:27017
URI: mongodb://localhost:27017
URI: mongodb://localhost:27017
Load workloads needs: 56189214828 ns 
[report] load_thread_ID : 14
[report] load_duration_ns : 56189214828
[report] load_duration_s : 56.189215
[report] load_throughput : 5932.330626
[report] load_average_latency_ns : 168567.813052
Load workloads needs: 56349560743 ns 
[report] load_thread_ID : 13
[report] load_duration_ns : 56349560743
[report] load_duration_s : 56.349561
[report] load_throughput : 5915.449839
[report] load_average_latency_ns : 169048.851278
Load workloads needs: 56657826911 ns 
[report] load_thread_ID : 8
[report] load_duration_ns : 56657826911
[report] load_duration_s : 56.657827
[report] load_throughput : 5883.264823
[report] load_average_latency_ns : 169973.650707
Load workloads needs: 57335479163 ns 
[report] load_thread_ID : 12
[report] load_duration_ns : 57335479163
[report] load_duration_s : 57.335479
[report] load_throughput : 5813.730082
[report] load_average_latency_ns : 172006.609496
Load workloads needs: 57868406160 ns 
[report] load_thread_ID : 10
[report] load_duration_ns : 57868406160
[report] load_duration_s : 57.868406
[report] load_throughput : 5760.189750
[report] load_average_latency_ns : 173605.392085
Load workloads needs: 58734071382 ns 
[report] load_thread_ID : 7
[report] load_duration_ns : 58734071382
[report] load_duration_s : 58.734071
[report] load_throughput : 5675.291907
[report] load_average_latency_ns : 176202.390348
Load workloads needs: 58911358112 ns 
[report] load_thread_ID : 9
[report] load_duration_ns : 58911358112
[report] load_duration_s : 58.911358
[report] load_throughput : 5658.212791
[report] load_average_latency_ns : 176734.251070
Load workloads needs: 59549084189 ns 
[report] load_thread_ID : 11
[report] load_duration_ns : 59549084189
[report] load_duration_s : 59.549084
[report] load_throughput : 5597.617571
[report] load_average_latency_ns : 178647.431214
Load workloads needs: 60341170446 ns 
[report] load_thread_ID : 0
[report] load_duration_ns : 60341170446
[report] load_duration_s : 60.341170
[report] load_throughput : 5524.138785
[report] load_average_latency_ns : 181023.692362
Load workloads needs: 61396469334 ns 
[report] load_thread_ID : 6
[report] load_duration_ns : 61396469334
[report] load_duration_s : 61.396469
[report] load_throughput : 5429.188415
[report] load_average_latency_ns : 184189.592192
Load workloads needs: 61970294086 ns 
[report] load_thread_ID : 4
[report] load_duration_ns : 61970294086
[report] load_duration_s : 61.970294
[report] load_throughput : 5378.915897
[report] load_average_latency_ns : 185911.068169
Load workloads needs: 62080808273 ns 
[report] load_thread_ID : 5
[report] load_duration_ns : 62080808273
[report] load_duration_s : 62.080808
[report] load_throughput : 5369.340530
[report] load_average_latency_ns : 186242.611062
Load workloads needs: 62421068621 ns 
[report] load_thread_ID : 2
[report] load_duration_ns : 62421068621
[report] load_duration_s : 62.421069
[report] load_throughput : 5340.071988
[report] load_average_latency_ns : 187263.393126
Load workloads needs: 62642536654 ns 
[report] load_thread_ID : 1
[report] load_duration_ns : 62642536654
[report] load_duration_s : 62.642537
[report] load_throughput : 5321.192560
[report] load_average_latency_ns : 187927.797890
Load workloads needs: 63013577513 ns 
[report] load_thread_ID : 3
[report] load_duration_ns : 63013577513
[report] load_duration_s : 63.013578
[report] load_throughput : 5289.859950
[report] load_average_latency_ns : 189040.921580
All clients run done needs: 63013587763 ns 
[report] load_overall_duration_ns : 63013587763
[report] load_overall_duration_s : 63.013588
[report] load_overall_throughput : 79347.965693
[report] load_overall_average_latency_ns : 12602.717553
