numactl --membind=4 /mnt/nvme0/home/gxr/mongdb-run/test_mongodb/build//run_client --num_threads=10 --core_binding=0,1,2,3,4,5,6,7,8,9,10,11,12,13,14,15,128,129,130,131,132,133,134,135,136,137,138,139,140,141,142,143 --str_key_size=16 --str_key_size=1024 --load_file=/mnt/nvme0/home/gxr/mongdb-run/workloads/ycsb/workloada-load-5000000-5000000.log.formated --run_file=/mnt/nvme0/home/gxr/mongdb-run/workloads/ycsb/workloada-run-5000000-5000000.log.formated --URI_set=mongodb://localhost:27017,mongodb://localhost:27018,mongodb://localhost:27019,mongodb://localhost:27020,mongodb://localhost:27021,mongodb://localhost:27022,mongodb://localhost:27023,mongodb://localhost:27024,mongodb://localhost:27025,mongodb://localhost:27026,mongodb://localhost:27027,mongodb://localhost:27028,mongodb://localhost:27029,mongodb://localhost:27030,mongodb://localhost:27031,mongodb://localhost:27032,mongodb://localhost:27033,mongodb://localhost:27034,mongodb://localhost:27035,mongodb://localhost:27036,mongodb://localhost:27037,mongodb://localhost:27038,mongodb://localhost:27039,mongodb://localhost:27040,mongodb://localhost:27041,mongodb://localhost:27042,mongodb://localhost:27043,mongodb://localhost:27044,mongodb://localhost:27045,mongodb://localhost:27046 --first_mode=true
mongodb://localhost:27017 mongodb://localhost:27018 mongodb://localhost:27019 mongodb://localhost:27020 mongodb://localhost:27021 mongodb://localhost:27022 mongodb://localhost:27023 mongodb://localhost:27024 mongodb://localhost:27025 mongodb://localhost:27026 mongodb://localhost:27027 mongodb://localhost:27028 mongodb://localhost:27029 mongodb://localhost:27030 mongodb://localhost:27031 mongodb://localhost:27032 mongodb://localhost:27033 mongodb://localhost:27034 mongodb://localhost:27035 mongodb://localhost:27036 mongodb://localhost:27037 mongodb://localhost:27038 mongodb://localhost:27039 mongodb://localhost:27040 mongodb://localhost:27041 mongodb://localhost:27042 mongodb://localhost:27043 mongodb://localhost:27044 mongodb://localhost:27045 mongodb://localhost:27046 reading workload files ...
load_filename : /mnt/nvme0/home/gxr/mongdb-run/workloads/ycsb/workloada-load-5000000-5000000.log.formated
read load file needs: 2538246165 s 
run_filename : /mnt/nvme0/home/gxr/mongdb-run/workloads/ycsb/workloada-run-5000000-5000000.log.formated
read run file needs: 2566703752 s 
num_of_load_ops is 5000000
num_of_run_ops is 5000000
0 1 2 3 4 5 6 7 8 9 10 11 12 13 14 15 128 129 130 131 132 133 134 135 136 137 138 139 140 141 142 143 URI: URI: mongodb://localhost:27017URI: URI: mongodb://localhost:27017mongodb://localhost:27017


mongodb://localhost:27017
URI: mongodb://localhost:27017
URI: mongodb://localhost:27017
URI: mongodb://localhost:27017
URI: mongodb://localhost:27017
URI: mongodb://localhost:27017
URI: mongodb://localhost:27017
Load workloads needs: 76959714654 ns 
[report] load_thread_ID : 8
[report] load_duration_ns : 76959714654
[report] load_duration_s : 76.959715
[report] load_throughput : 6496.905586
[report] load_average_latency_ns : 153919.429308
Load workloads needs: 86834814566 ns 
[report] load_thread_ID : 4
[report] load_duration_ns : 86834814566
[report] load_duration_s : 86.834815
[report] load_throughput : 5758.059167
[report] load_average_latency_ns : 173669.629132
Load workloads needs: 86957292515 ns 
[report] load_thread_ID : 0
[report] load_duration_ns : 86957292515
[report] load_duration_s : 86.957293
[report] load_throughput : 5749.949033
[report] load_average_latency_ns : 173914.585030
Load workloads needs: 86982491066 ns 
[report] load_thread_ID : 2
[report] load_duration_ns : 86982491066
[report] load_duration_s : 86.982491
[report] load_throughput : 5748.283291
[report] load_average_latency_ns : 173964.982132
Load workloads needs: 87012031408 ns 
[report] load_thread_ID : 3
[report] load_duration_ns : 87012031408
[report] load_duration_s : 87.012031
[report] load_throughput : 5746.331765
[report] load_average_latency_ns : 174024.062816
Load workloads needs: 87020731250 ns 
[report] load_thread_ID : 7
[report] load_duration_ns : 87020731250
[report] load_duration_s : 87.020731
[report] load_throughput : 5745.757279
[report] load_average_latency_ns : 174041.462500
Load workloads needs: 87027266542 ns 
[report] load_thread_ID : 1
[report] load_duration_ns : 87027266542
[report] load_duration_s : 87.027267
[report] load_throughput : 5745.325803
[report] load_average_latency_ns : 174054.533084
Load workloads needs: 87291543296 ns 
[report] load_thread_ID : 6
[report] load_duration_ns : 87291543296
[report] load_duration_s : 87.291543
[report] load_throughput : 5727.931723
[report] load_average_latency_ns : 174583.086592
Load workloads needs: 87299831830 ns 
[report] load_thread_ID : 9
[report] load_duration_ns : 87299831830
[report] load_duration_s : 87.299832
[report] load_throughput : 5727.387894
[report] load_average_latency_ns : 174599.663660
Load workloads needs: 89472506627 ns 
[report] load_thread_ID : 5
[report] load_duration_ns : 89472506627
[report] load_duration_s : 89.472507
[report] load_throughput : 5588.308843
[report] load_average_latency_ns : 178945.013254
All clients run done needs: 89473448023 ns 
[report] load_overall_duration_ns : 89473448023
[report] load_overall_duration_s : 89.473448
[report] load_overall_throughput : 55882.500457
[report] load_overall_average_latency_ns : 17894.689605
