numactl --membind=4 /mnt/nvme0/home/gxr/mongdb-run/test_mongodb/build//run_client --num_threads=20 --core_binding=0,1,2,3,4,5,6,7,8,9,10,11,12,13,14,15,128,129,130,131,132,133,134,135,136,137,138,139,140,141,142,143 --str_key_size=16 --str_key_size=1024 --load_file=/mnt/nvme0/home/gxr/mongdb-run/workloads/ycsb/workloada-load-5000000-5000000.log.formated --run_file=/mnt/nvme0/home/gxr/mongdb-run/workloads/ycsb/workloada-run-5000000-5000000.log.formated --URI_set=mongodb://localhost:27017,mongodb://localhost:27018,mongodb://localhost:27019,mongodb://localhost:27020,mongodb://localhost:27021,mongodb://localhost:27022,mongodb://localhost:27023,mongodb://localhost:27024,mongodb://localhost:27025,mongodb://localhost:27026,mongodb://localhost:27027,mongodb://localhost:27028,mongodb://localhost:27029,mongodb://localhost:27030,mongodb://localhost:27031,mongodb://localhost:27032,mongodb://localhost:27033,mongodb://localhost:27034,mongodb://localhost:27035,mongodb://localhost:27036,mongodb://localhost:27037,mongodb://localhost:27038,mongodb://localhost:27039,mongodb://localhost:27040,mongodb://localhost:27041,mongodb://localhost:27042,mongodb://localhost:27043,mongodb://localhost:27044,mongodb://localhost:27045,mongodb://localhost:27046 --first_mode=true
mongodb://localhost:27017 mongodb://localhost:27018 mongodb://localhost:27019 mongodb://localhost:27020 mongodb://localhost:27021 mongodb://localhost:27022 mongodb://localhost:27023 mongodb://localhost:27024 mongodb://localhost:27025 mongodb://localhost:27026 mongodb://localhost:27027 mongodb://localhost:27028 mongodb://localhost:27029 mongodb://localhost:27030 mongodb://localhost:27031 mongodb://localhost:27032 mongodb://localhost:27033 mongodb://localhost:27034 mongodb://localhost:27035 mongodb://localhost:27036 mongodb://localhost:27037 mongodb://localhost:27038 mongodb://localhost:27039 mongodb://localhost:27040 mongodb://localhost:27041 mongodb://localhost:27042 mongodb://localhost:27043 mongodb://localhost:27044 mongodb://localhost:27045 mongodb://localhost:27046 reading workload files ...
load_filename : /mnt/nvme0/home/gxr/mongdb-run/workloads/ycsb/workloada-load-5000000-5000000.log.formated
read load file needs: 2519092032 s 
run_filename : /mnt/nvme0/home/gxr/mongdb-run/workloads/ycsb/workloada-run-5000000-5000000.log.formated
read run file needs: 2586782182 s 
num_of_load_ops is 5000000
num_of_run_ops is 5000000
0 1 2 3 4 5 6 7 8 9 10 11 12 13 14 15 128 129 130 131 132 133 134 135 136 137 138 139 140 141 142 143 URI: URI: mongodb://localhost:27017
URI: URI: mongodb://localhost:27017
mongodb://localhost:27017
mongodb://localhost:27017
URI: mongodb://localhost:27017
URI: mongodb://localhost:27017
URI: mongodb://localhost:27017
URI: mongodb://localhost:27017
URI: mongodb://localhost:27017
URI: URI: mongodb://localhost:27017
mongodb://localhost:27017
URI: mongodb://localhost:27017
URI: URI: mongodb://localhost:27017URI: mongodb://localhost:27017mongodb://localhost:27017


URI: mongodb://localhost:27017
URI: URI: mongodb://localhost:27017
mongodb://localhost:27017
URI: mongodb://localhost:27017
URI: mongodb://localhost:27017
Load workloads needs: 45362452227 ns 
[report] load_thread_ID : 15
[report] load_duration_ns : 45362452227
[report] load_duration_s : 45.362452
[report] load_throughput : 5511.165903
[report] load_average_latency_ns : 181449.808908
Load workloads needs: 45534571421 ns 
[report] load_thread_ID : 13
[report] load_duration_ns : 45534571421
[report] load_duration_s : 45.534571
[report] load_throughput : 5490.333876
[report] load_average_latency_ns : 182138.285684
Load workloads needs: 45627229680 ns 
[report] load_thread_ID : 12
[report] load_duration_ns : 45627229680
[report] load_duration_s : 45.627230
[report] load_throughput : 5479.184289
[report] load_average_latency_ns : 182508.918720
Load workloads needs: 45750483960 ns 
[report] load_thread_ID : 14
[report] load_duration_ns : 45750483960
[report] load_duration_s : 45.750484
[report] load_throughput : 5464.423070
[report] load_average_latency_ns : 183001.935840
Load workloads needs: 46032635870 ns 
[report] load_thread_ID : 10
[report] load_duration_ns : 46032635870
[report] load_duration_s : 46.032636
[report] load_throughput : 5430.929498
[report] load_average_latency_ns : 184130.543480
Load workloads needs: 46076238834 ns 
[report] load_thread_ID : 8
[report] load_duration_ns : 46076238834
[report] load_duration_s : 46.076239
[report] load_throughput : 5425.790089
[report] load_average_latency_ns : 184304.955336
Load workloads needs: 46153356690 ns 
[report] load_thread_ID : 11
[report] load_duration_ns : 46153356690
[report] load_duration_s : 46.153357
[report] load_throughput : 5416.724111
[report] load_average_latency_ns : 184613.426760
Load workloads needs: 46472114980 ns 
[report] load_thread_ID : 9
[report] load_duration_ns : 46472114980
[report] load_duration_s : 46.472115
[report] load_throughput : 5379.570095
[report] load_average_latency_ns : 185888.459920
Load workloads needs: 47920098304 ns 
[report] load_thread_ID : 16
[report] load_duration_ns : 47920098304
[report] load_duration_s : 47.920098
[report] load_throughput : 5217.017678
[report] load_average_latency_ns : 191680.393216
Load workloads needs: 48520950447 ns 
[report] load_thread_ID : 18
[report] load_duration_ns : 48520950447
[report] load_duration_s : 48.520950
[report] load_throughput : 5152.413498
[report] load_average_latency_ns : 194083.801788
Load workloads needs: 48865093937 ns 
[report] load_thread_ID : 19
[report] load_duration_ns : 48865093937
[report] load_duration_s : 48.865094
[report] load_throughput : 5116.126459
[report] load_average_latency_ns : 195460.375748
Load workloads needs: 50230473638 ns 
[report] load_thread_ID : 6
[report] load_duration_ns : 50230473638
[report] load_duration_s : 50.230474
[report] load_throughput : 4977.058385
[report] load_average_latency_ns : 200921.894552
Load workloads needs: 50381910067 ns 
[report] load_thread_ID : 7
[report] load_duration_ns : 50381910067
[report] load_duration_s : 50.381910
[report] load_throughput : 4962.098493
[report] load_average_latency_ns : 201527.640268
Load workloads needs: 50806630480 ns 
[report] load_thread_ID : 4
[report] load_duration_ns : 50806630480
[report] load_duration_s : 50.806630
[report] load_throughput : 4920.617597
[report] load_average_latency_ns : 203226.521920
Load workloads needs: 52663421598 ns 
[report] load_thread_ID : 3
[report] load_duration_ns : 52663421598
[report] load_duration_s : 52.663422
[report] load_throughput : 4747.127938
[report] load_average_latency_ns : 210653.686392
Load workloads needs: 54305976724 ns 
[report] load_thread_ID : 5
[report] load_duration_ns : 54305976724
[report] load_duration_s : 54.305977
[report] load_throughput : 4603.544860
[report] load_average_latency_ns : 217223.906896
Load workloads needs: 54421344311 ns 
[report] load_thread_ID : 17
[report] load_duration_ns : 54421344311
[report] load_duration_s : 54.421344
[report] load_throughput : 4593.785824
[report] load_average_latency_ns : 217685.377244
Load workloads needs: 55501340427 ns 
[report] load_thread_ID : 0
[report] load_duration_ns : 55501340427
[report] load_duration_s : 55.501340
[report] load_throughput : 4504.395715
[report] load_average_latency_ns : 222005.361708
Load workloads needs: 55699080110 ns 
[report] load_thread_ID : 1
[report] load_duration_ns : 55699080110
[report] load_duration_s : 55.699080
[report] load_throughput : 4488.404467
[report] load_average_latency_ns : 222796.320440
Load workloads needs: 56115164726 ns 
[report] load_thread_ID : 2
[report] load_duration_ns : 56115164726
[report] load_duration_s : 56.115165
[report] load_throughput : 4455.123695
[report] load_average_latency_ns : 224460.658904
All clients run done needs: 56115414425 ns 
[report] load_overall_duration_ns : 56115414425
[report] load_overall_duration_s : 56.115414
[report] load_overall_throughput : 89102.077410
[report] load_overall_average_latency_ns : 11223.082885
