numactl --membind=4 /mnt/nvme0/home/gxr/mongdb-run/test_mongodb/build//run_client --num_threads=5 --core_binding=0,1,2,3,4,5,6,7,8,9,10,11,12,13,14,15,128,129,130,131,132,133,134,135,136,137,138,139,140,141,142,143 --str_key_size=16 --str_key_size=16 --load_file=/mnt/nvme0/home/gxr/mongdb-run/workloads/ycsb/workloada-load-5000000-5000000.log.formated --run_file=/mnt/nvme0/home/gxr/mongdb-run/workloads/ycsb/workloada-run-5000000-5000000.log.formated --URI_set=mongodb://localhost:27017,mongodb://localhost:27018,mongodb://localhost:27019,mongodb://localhost:27020,mongodb://localhost:27021,mongodb://localhost:27022,mongodb://localhost:27023,mongodb://localhost:27024,mongodb://localhost:27025,mongodb://localhost:27026,mongodb://localhost:27027,mongodb://localhost:27028,mongodb://localhost:27029,mongodb://localhost:27030,mongodb://localhost:27031,mongodb://localhost:27032,mongodb://localhost:27033,mongodb://localhost:27034,mongodb://localhost:27035,mongodb://localhost:27036,mongodb://localhost:27037,mongodb://localhost:27038,mongodb://localhost:27039,mongodb://localhost:27040,mongodb://localhost:27041,mongodb://localhost:27042,mongodb://localhost:27043,mongodb://localhost:27044,mongodb://localhost:27045,mongodb://localhost:27046 --first_mode=true
mongodb://localhost:27017 mongodb://localhost:27018 mongodb://localhost:27019 mongodb://localhost:27020 mongodb://localhost:27021 mongodb://localhost:27022 mongodb://localhost:27023 mongodb://localhost:27024 mongodb://localhost:27025 mongodb://localhost:27026 mongodb://localhost:27027 mongodb://localhost:27028 mongodb://localhost:27029 mongodb://localhost:27030 mongodb://localhost:27031 mongodb://localhost:27032 mongodb://localhost:27033 mongodb://localhost:27034 mongodb://localhost:27035 mongodb://localhost:27036 mongodb://localhost:27037 mongodb://localhost:27038 mongodb://localhost:27039 mongodb://localhost:27040 mongodb://localhost:27041 mongodb://localhost:27042 mongodb://localhost:27043 mongodb://localhost:27044 mongodb://localhost:27045 mongodb://localhost:27046 reading workload files ...
load_filename : /mnt/nvme0/home/gxr/mongdb-run/workloads/ycsb/workloada-load-5000000-5000000.log.formated
read load file needs: 2517560650 s 
run_filename : /mnt/nvme0/home/gxr/mongdb-run/workloads/ycsb/workloada-run-5000000-5000000.log.formated
read run file needs: 2552356907 s 
num_of_load_ops is 5000000
num_of_run_ops is 5000000
0 1 2 3 4 5 6 7 8 9 10 11 12 13 14 15 128 129 130 131 132 133 134 135 136 137 138 139 140 141 142 143 URI: URI: mongodb://localhost:27017
mongodb://localhost:27017
URI: mongodb://localhost:27017
URI: mongodb://localhost:27017
URI: mongodb://localhost:27017
Load workloads needs: 143527082730 ns 
[report] load_thread_ID : 4
[report] load_duration_ns : 143527082730
[report] load_duration_s : 143.527083
[report] load_throughput : 6967.326173
[report] load_average_latency_ns : 143527.082730
Load workloads needs: 149419144131 ns 
[report] load_thread_ID : 2
[report] load_duration_ns : 149419144131
[report] load_duration_s : 149.419144
[report] load_throughput : 6692.582840
[report] load_average_latency_ns : 149419.144131
Load workloads needs: 159295090102 ns 
[report] load_thread_ID : 1
[report] load_duration_ns : 159295090102
[report] load_duration_s : 159.295090
[report] load_throughput : 6277.657393
[report] load_average_latency_ns : 159295.090102
Load workloads needs: 161456777408 ns 
[report] load_thread_ID : 3
[report] load_duration_ns : 161456777408
[report] load_duration_s : 161.456777
[report] load_throughput : 6193.608073
[report] load_average_latency_ns : 161456.777408
Load workloads needs: 161759682623 ns 
[report] load_thread_ID : 0
[report] load_duration_ns : 161759682623
[report] load_duration_s : 161.759683
[report] load_throughput : 6182.010151
[report] load_average_latency_ns : 161759.682623
All clients run done needs: 161760272612 ns 
[report] load_overall_duration_ns : 161760272612
[report] load_overall_duration_s : 161.760273
[report] load_overall_throughput : 30909.938017
[report] load_overall_average_latency_ns : 32352.054522
