numactl --membind=4 /mnt/nvme0/home/gxr/mongdb-run/test_mongodb/build//run_client --num_threads=5 --core_binding=0,1,2,3,4,5,6,7,8,9,10,11,12,13,14,15,128,129,130,131,132,133,134,135,136,137,138,139,140,141,142,143 --str_key_size=16 --str_key_size=256 --load_file=/mnt/nvme0/home/gxr/mongdb-run/workloads/ycsb/workloada-load-5000000-5000000.log.formated --run_file=/mnt/nvme0/home/gxr/mongdb-run/workloads/ycsb/workloada-run-5000000-5000000.log.formated --URI_set=mongodb://localhost:27017,mongodb://localhost:27018,mongodb://localhost:27019,mongodb://localhost:27020,mongodb://localhost:27021,mongodb://localhost:27022,mongodb://localhost:27023,mongodb://localhost:27024,mongodb://localhost:27025,mongodb://localhost:27026,mongodb://localhost:27027,mongodb://localhost:27028,mongodb://localhost:27029,mongodb://localhost:27030,mongodb://localhost:27031,mongodb://localhost:27032,mongodb://localhost:27033,mongodb://localhost:27034,mongodb://localhost:27035,mongodb://localhost:27036,mongodb://localhost:27037,mongodb://localhost:27038,mongodb://localhost:27039,mongodb://localhost:27040,mongodb://localhost:27041,mongodb://localhost:27042,mongodb://localhost:27043,mongodb://localhost:27044,mongodb://localhost:27045,mongodb://localhost:27046 --first_mode=true
mongodb://localhost:27017 mongodb://localhost:27018 mongodb://localhost:27019 mongodb://localhost:27020 mongodb://localhost:27021 mongodb://localhost:27022 mongodb://localhost:27023 mongodb://localhost:27024 mongodb://localhost:27025 mongodb://localhost:27026 mongodb://localhost:27027 mongodb://localhost:27028 mongodb://localhost:27029 mongodb://localhost:27030 mongodb://localhost:27031 mongodb://localhost:27032 mongodb://localhost:27033 mongodb://localhost:27034 mongodb://localhost:27035 mongodb://localhost:27036 mongodb://localhost:27037 mongodb://localhost:27038 mongodb://localhost:27039 mongodb://localhost:27040 mongodb://localhost:27041 mongodb://localhost:27042 mongodb://localhost:27043 mongodb://localhost:27044 mongodb://localhost:27045 mongodb://localhost:27046 reading workload files ...
load_filename : /mnt/nvme0/home/gxr/mongdb-run/workloads/ycsb/workloada-load-5000000-5000000.log.formated
read load file needs: 2538319808 s 
run_filename : /mnt/nvme0/home/gxr/mongdb-run/workloads/ycsb/workloada-run-5000000-5000000.log.formated
read run file needs: 2632039991 s 
num_of_load_ops is 5000000
num_of_run_ops is 5000000
0 1 2 3 4 5 6 7 8 9 10 11 12 13 14 15 128 129 130 131 132 133 134 135 136 137 138 139 140 141 142 143 URI: mongodb://localhost:27017
URI: mongodb://localhost:27017
URI: mongodb://localhost:27017
URI: mongodb://localhost:27017
URI: mongodb://localhost:27017
Load workloads needs: 139719371295 ns 
[report] load_thread_ID : 1
[report] load_duration_ns : 139719371295
[report] load_duration_s : 139.719371
[report] load_throughput : 7157.203691
[report] load_average_latency_ns : 139719.371295
Load workloads needs: 140095505777 ns 
[report] load_thread_ID : 3
[report] load_duration_ns : 140095505777
[report] load_duration_s : 140.095506
[report] load_throughput : 7137.987721
[report] load_average_latency_ns : 140095.505777
Load workloads needs: 140217168199 ns 
[report] load_thread_ID : 0
[report] load_duration_ns : 140217168199
[report] load_duration_s : 140.217168
[report] load_throughput : 7131.794293
[report] load_average_latency_ns : 140217.168199
Load workloads needs: 140299363846 ns 
[report] load_thread_ID : 2
[report] load_duration_ns : 140299363846
[report] load_duration_s : 140.299364
[report] load_throughput : 7127.616067
[report] load_average_latency_ns : 140299.363846
Load workloads needs: 140300084304 ns 
[report] load_thread_ID : 4
[report] load_duration_ns : 140300084304
[report] load_duration_s : 140.300084
[report] load_throughput : 7127.579466
[report] load_average_latency_ns : 140300.084304
All clients run done needs: 140300925571 ns 
[report] load_overall_duration_ns : 140300925571
[report] load_overall_duration_s : 140.300926
[report] load_overall_throughput : 35637.683641
[report] load_overall_average_latency_ns : 28060.185114
