numactl --membind=4 /mnt/nvme0/home/gxr/mongdb-run/test_mongodb/build//run_client --num_threads=30 --core_binding=0,1,2,3,4,5,6,7,8,9,10,11,12,13,14,15,128,129,130,131,132,133,134,135,136,137,138,139,140,141,142,143 --str_key_size=16 --str_key_size=1024 --load_file=/mnt/nvme0/home/gxr/mongdb-run/workloads/ycsb/workloada-load-10000000-10000000.log.formated --run_file=/mnt/nvme0/home/gxr/mongdb-run/workloads/ycsb/workloada-run-10000000-10000000.log.formated --URI_set=mongodb://localhost:27017,mongodb://localhost:27018,mongodb://localhost:27019,mongodb://localhost:27020,mongodb://localhost:27021,mongodb://localhost:27022,mongodb://localhost:27023,mongodb://localhost:27024,mongodb://localhost:27025,mongodb://localhost:27026,mongodb://localhost:27027,mongodb://localhost:27028,mongodb://localhost:27029,mongodb://localhost:27030,mongodb://localhost:27031,mongodb://localhost:27032,mongodb://localhost:27033,mongodb://localhost:27034,mongodb://localhost:27035,mongodb://localhost:27036,mongodb://localhost:27037,mongodb://localhost:27038,mongodb://localhost:27039,mongodb://localhost:27040,mongodb://localhost:27041,mongodb://localhost:27042,mongodb://localhost:27043,mongodb://localhost:27044,mongodb://localhost:27045,mongodb://localhost:27046 --first_mode=true
mongodb://localhost:27017 mongodb://localhost:27018 mongodb://localhost:27019 mongodb://localhost:27020 mongodb://localhost:27021 mongodb://localhost:27022 mongodb://localhost:27023 mongodb://localhost:27024 mongodb://localhost:27025 mongodb://localhost:27026 mongodb://localhost:27027 mongodb://localhost:27028 mongodb://localhost:27029 mongodb://localhost:27030 mongodb://localhost:27031 mongodb://localhost:27032 mongodb://localhost:27033 mongodb://localhost:27034 mongodb://localhost:27035 mongodb://localhost:27036 mongodb://localhost:27037 mongodb://localhost:27038 mongodb://localhost:27039 mongodb://localhost:27040 mongodb://localhost:27041 mongodb://localhost:27042 mongodb://localhost:27043 mongodb://localhost:27044 mongodb://localhost:27045 mongodb://localhost:27046 reading workload files ...
load_filename : /mnt/nvme0/home/gxr/mongdb-run/workloads/ycsb/workloada-load-10000000-10000000.log.formated
read load file needs: 5144882992 s 
run_filename : /mnt/nvme0/home/gxr/mongdb-run/workloads/ycsb/workloada-run-10000000-10000000.log.formated
read run file needs: 5234218277 s 
num_of_load_ops is 10000000
num_of_run_ops is 10000000
0 1 2 3 4 5 6 7 8 9 10 11 12 13 14 15 128 129 130 131 132 133 134 135 136 137 138 139 140 141 142 143 URI: URI: mongodb://localhost:27017
URI: mongodb://localhost:27017
mongodb://localhost:27017URI: mongodb://localhost:27017

URI: mongodb://localhost:27017
URI: mongodb://localhost:27017
URI: mongodb://localhost:27017
URI: mongodb://localhost:27017
URI: mongodb://localhost:27017
URI: mongodb://localhost:27017
URI: mongodb://localhost:27017
URI: mongodb://localhost:27017
URI: mongodb://localhost:27017
URI: mongodb://localhost:27017
URI: URI: mongodb://localhost:27017URI: mongodb://localhost:27017
URI: mongodb://localhost:27017
URI: URI: mongodb://localhost:27017
mongodb://localhost:27017
URI: mongodb://localhost:27017

mongodb://localhost:27017
URI: URI: URI: mongodb://localhost:27017
mongodb://localhost:27017
URI: mongodb://localhost:27017
mongodb://localhost:27017
URI: mongodb://localhost:27017
URI: mongodb://localhost:27017
URI: mongodb://localhost:27017
URI: mongodb://localhost:27017
URI: mongodb://localhost:27017
Load workloads needs: 73820373806 ns 
[report] load_thread_ID : 14
[report] load_duration_ns : 73820373806
[report] load_duration_s : 73.820374
[report] load_throughput : 4515.460744
[report] load_average_latency_ns : 221461.342879
Load workloads needs: 75985436740 ns 
[report] load_thread_ID : 15
[report] load_duration_ns : 75985436740
[report] load_duration_s : 75.985437
[report] load_throughput : 4386.801133
[report] load_average_latency_ns : 227956.538177
Load workloads needs: 76927588678 ns 
[report] load_thread_ID : 29
[report] load_duration_ns : 76927588678
[report] load_duration_s : 76.927589
[report] load_throughput : 4333.074853
[report] load_average_latency_ns : 230782.996817
Load workloads needs: 77261547776 ns 
[report] load_thread_ID : 22
[report] load_duration_ns : 77261547776
[report] load_duration_s : 77.261548
[report] load_throughput : 4314.345358
[report] load_average_latency_ns : 231784.875113
Load workloads needs: 77772005877 ns 
[report] load_thread_ID : 19
[report] load_duration_ns : 77772005877
[report] load_duration_s : 77.772006
[report] load_throughput : 4286.028067
[report] load_average_latency_ns : 233316.250947
Load workloads needs: 77956018893 ns 
[report] load_thread_ID : 26
[report] load_duration_ns : 77956018893
[report] load_duration_s : 77.956019
[report] load_throughput : 4275.911017
[report] load_average_latency_ns : 233868.290547
Load workloads needs: 77996073579 ns 
[report] load_thread_ID : 16
[report] load_duration_ns : 77996073579
[report] load_duration_s : 77.996074
[report] load_throughput : 4273.715133
[report] load_average_latency_ns : 233988.454725
Load workloads needs: 78173487620 ns 
[report] load_thread_ID : 28
[report] load_duration_ns : 78173487620
[report] load_duration_s : 78.173488
[report] load_throughput : 4264.015975
[report] load_average_latency_ns : 234520.697381
Load workloads needs: 78267408508 ns 
[report] load_thread_ID : 3
[report] load_duration_ns : 78267408508
[report] load_duration_s : 78.267409
[report] load_throughput : 4258.899156
[report] load_average_latency_ns : 234802.460326
Load workloads needs: 78286532409 ns 
[report] load_thread_ID : 6
[report] load_duration_ns : 78286532409
[report] load_duration_s : 78.286532
[report] load_throughput : 4257.858788
[report] load_average_latency_ns : 234859.832087
Load workloads needs: 78414906757 ns 
[report] load_thread_ID : 1
[report] load_duration_ns : 78414906757
[report] load_duration_s : 78.414907
[report] load_throughput : 4250.888177
[report] load_average_latency_ns : 235244.955516
Load workloads needs: 78501016905 ns 
[report] load_thread_ID : 17
[report] load_duration_ns : 78501016905
[report] load_duration_s : 78.501017
[report] load_throughput : 4246.225248
[report] load_average_latency_ns : 235503.286218
Load workloads needs: 78522341880 ns 
[report] load_thread_ID : 27
[report] load_duration_ns : 78522341880
[report] load_duration_s : 78.522342
[report] load_throughput : 4245.072065
[report] load_average_latency_ns : 235567.261207
Load workloads needs: 78703351352 ns 
[report] load_thread_ID : 13
[report] load_duration_ns : 78703351352
[report] load_duration_s : 78.703351
[report] load_throughput : 4235.308844
[report] load_average_latency_ns : 236110.290166
Load workloads needs: 78901276150 ns 
[report] load_thread_ID : 18
[report] load_duration_ns : 78901276150
[report] load_duration_s : 78.901276
[report] load_throughput : 4224.684521
[report] load_average_latency_ns : 236704.065154
Load workloads needs: 78959159581 ns 
[report] load_thread_ID : 12
[report] load_duration_ns : 78959159581
[report] load_duration_s : 78.959160
[report] load_throughput : 4221.587486
[report] load_average_latency_ns : 236877.715621
Load workloads needs: 79182936222 ns 
[report] load_thread_ID : 10
[report] load_duration_ns : 79182936222
[report] load_duration_s : 79.182936
[report] load_throughput : 4209.656978
[report] load_average_latency_ns : 237549.046215
Load workloads needs: 79279943212 ns 
[report] load_thread_ID : 25
[report] load_duration_ns : 79279943212
[report] load_duration_s : 79.279943
[report] load_throughput : 4204.506039
[report] load_average_latency_ns : 237840.067476
Load workloads needs: 79335573848 ns 
[report] load_thread_ID : 21
[report] load_duration_ns : 79335573848
[report] load_duration_s : 79.335574
[report] load_throughput : 4201.557811
[report] load_average_latency_ns : 238006.959551
Load workloads needs: 79391755803 ns 
[report] load_thread_ID : 11
[report] load_duration_ns : 79391755803
[report] load_duration_s : 79.391756
[report] load_throughput : 4198.584559
[report] load_average_latency_ns : 238175.505585
Load workloads needs: 79405291348 ns 
[report] load_thread_ID : 20
[report] load_duration_ns : 79405291348
[report] load_duration_s : 79.405291
[report] load_throughput : 4197.868862
[report] load_average_latency_ns : 238216.112260
Load workloads needs: 79527079553 ns 
[report] load_thread_ID : 23
[report] load_duration_ns : 79527079553
[report] load_duration_s : 79.527080
[report] load_throughput : 4191.440222
[report] load_average_latency_ns : 238581.477240
Load workloads needs: 79733844239 ns 
[report] load_thread_ID : 24
[report] load_duration_ns : 79733844239
[report] load_duration_s : 79.733844
[report] load_throughput : 4180.571038
[report] load_average_latency_ns : 239201.771919
Load workloads needs: 79923666388 ns 
[report] load_thread_ID : 7
[report] load_duration_ns : 79923666388
[report] load_duration_s : 79.923666
[report] load_throughput : 4170.642002
[report] load_average_latency_ns : 239771.238935
Load workloads needs: 79936908154 ns 
[report] load_thread_ID : 4
[report] load_duration_ns : 79936908154
[report] load_duration_s : 79.936908
[report] load_throughput : 4169.951124
[report] load_average_latency_ns : 239810.964273
Load workloads needs: 79970610166 ns 
[report] load_thread_ID : 9
[report] load_duration_ns : 79970610166
[report] load_duration_s : 79.970610
[report] load_throughput : 4168.193782
[report] load_average_latency_ns : 239912.070410
Load workloads needs: 79975841493 ns 
[report] load_thread_ID : 2
[report] load_duration_ns : 79975841493
[report] load_duration_s : 79.975841
[report] load_throughput : 4167.921134
[report] load_average_latency_ns : 239927.764407
Load workloads needs: 80068099445 ns 
[report] load_thread_ID : 0
[report] load_duration_ns : 80068099445
[report] load_duration_s : 80.068099
[report] load_throughput : 4163.118674
[report] load_average_latency_ns : 240204.538540
Load workloads needs: 80374194673 ns 
[report] load_thread_ID : 5
[report] load_duration_ns : 80374194673
[report] load_duration_s : 80.374195
[report] load_throughput : 4147.263949
[report] load_average_latency_ns : 241122.825142
Load workloads needs: 80580466470 ns 
[report] load_thread_ID : 8
[report] load_duration_ns : 80580466470
[report] load_duration_s : 80.580466
[report] load_throughput : 4136.647684
[report] load_average_latency_ns : 241741.641152
All clients run done needs: 80580940069 ns 
[report] load_overall_duration_ns : 80580940069
[report] load_overall_duration_s : 80.580940
[report] load_overall_throughput : 124098.825249
[report] load_overall_average_latency_ns : 8058.094007
