numactl --membind=4 /mnt/nvme0/home/gxr/mongdb-run/test_mongodb/build//run_client --num_threads=30 --core_binding=0,1,2,3,4,5,6,7,8,9,10,11,12,13,14,15,128,129,130,131,132,133,134,135,136,137,138,139,140,141,142,143 --str_key_size=16 --str_key_size=16 --load_file=/mnt/nvme0/home/gxr/mongdb-run/workloads/ycsb/workloada-load-10000000-10000000.log.formated --run_file=/mnt/nvme0/home/gxr/mongdb-run/workloads/ycsb/workloada-run-10000000-10000000.log.formated --URI_set=mongodb://localhost:27017,mongodb://localhost:27018,mongodb://localhost:27019,mongodb://localhost:27020,mongodb://localhost:27021,mongodb://localhost:27022,mongodb://localhost:27023,mongodb://localhost:27024,mongodb://localhost:27025,mongodb://localhost:27026,mongodb://localhost:27027,mongodb://localhost:27028,mongodb://localhost:27029,mongodb://localhost:27030,mongodb://localhost:27031,mongodb://localhost:27032,mongodb://localhost:27033,mongodb://localhost:27034,mongodb://localhost:27035,mongodb://localhost:27036,mongodb://localhost:27037,mongodb://localhost:27038,mongodb://localhost:27039,mongodb://localhost:27040,mongodb://localhost:27041,mongodb://localhost:27042,mongodb://localhost:27043,mongodb://localhost:27044,mongodb://localhost:27045,mongodb://localhost:27046 --first_mode=true
mongodb://localhost:27017 mongodb://localhost:27018 mongodb://localhost:27019 mongodb://localhost:27020 mongodb://localhost:27021 mongodb://localhost:27022 mongodb://localhost:27023 mongodb://localhost:27024 mongodb://localhost:27025 mongodb://localhost:27026 mongodb://localhost:27027 mongodb://localhost:27028 mongodb://localhost:27029 mongodb://localhost:27030 mongodb://localhost:27031 mongodb://localhost:27032 mongodb://localhost:27033 mongodb://localhost:27034 mongodb://localhost:27035 mongodb://localhost:27036 mongodb://localhost:27037 mongodb://localhost:27038 mongodb://localhost:27039 mongodb://localhost:27040 mongodb://localhost:27041 mongodb://localhost:27042 mongodb://localhost:27043 mongodb://localhost:27044 mongodb://localhost:27045 mongodb://localhost:27046 reading workload files ...
load_filename : /mnt/nvme0/home/gxr/mongdb-run/workloads/ycsb/workloada-load-10000000-10000000.log.formated
read load file needs: 5039667401 s 
run_filename : /mnt/nvme0/home/gxr/mongdb-run/workloads/ycsb/workloada-run-10000000-10000000.log.formated
read run file needs: 5155776985 s 
num_of_load_ops is 10000000
num_of_run_ops is 10000000
0 1 2 3 4 5 6 7 8 9 10 11 12 13 14 15 128 129 130 131 132 133 134 135 136 137 138 139 140 141 142 143 URI: mongodb://localhost:27017
URI: mongodb://localhost:27017
URI: mongodb://localhost:27017
URI: mongodb://localhost:27017
URI: mongodb://localhost:27017
URI: mongodb://localhost:27017
URI: mongodb://localhost:27017
URI: mongodb://localhost:27017
URI: mongodb://localhost:27017
URI: mongodb://localhost:27017
URI: mongodb://localhost:27017
URI: mongodb://localhost:27017
URI: mongodb://localhost:27017
URI: mongodb://localhost:27017
URI: mongodb://localhost:27017
URI: mongodb://localhost:27017
URI: mongodb://localhost:27017
URI: mongodb://localhost:27017
URI: mongodb://localhost:27017
URI: mongodb://localhost:27017
URI: mongodb://localhost:27017
URI: mongodb://localhost:27017
URI: mongodb://localhost:27017
URI: mongodb://localhost:27017
URI: mongodb://localhost:27017
URI: mongodb://localhost:27017
URI: mongodb://localhost:27017
URI: mongodb://localhost:27017
URI: mongodb://localhost:27017
URI: mongodb://localhost:27017
Load workloads needs: 68855314719 ns 
[report] load_thread_ID : 15
[report] load_duration_ns : 68855314719
[report] load_duration_s : 68.855315
[report] load_throughput : 4841.064214
[report] load_average_latency_ns : 206566.150723
Load workloads needs: 70161271322 ns 
[report] load_thread_ID : 14
[report] load_duration_ns : 70161271322
[report] load_duration_s : 70.161271
[report] load_throughput : 4750.954390
[report] load_average_latency_ns : 210484.024450
Load workloads needs: 75646407682 ns 
[report] load_thread_ID : 28
[report] load_duration_ns : 75646407682
[report] load_duration_s : 75.646408
[report] load_throughput : 4406.461724
[report] load_average_latency_ns : 226939.449985
Load workloads needs: 75860186097 ns 
[report] load_thread_ID : 24
[report] load_duration_ns : 75860186097
[report] load_duration_s : 75.860186
[report] load_throughput : 4394.044059
[report] load_average_latency_ns : 227580.785872
Load workloads needs: 76367485776 ns 
[report] load_thread_ID : 25
[report] load_duration_ns : 76367485776
[report] load_duration_s : 76.367486
[report] load_throughput : 4364.854972
[report] load_average_latency_ns : 229102.686431
Load workloads needs: 76653917235 ns 
[report] load_thread_ID : 26
[report] load_duration_ns : 76653917235
[report] load_duration_s : 76.653917
[report] load_throughput : 4348.544889
[report] load_average_latency_ns : 229961.981667
Load workloads needs: 76681383906 ns 
[report] load_thread_ID : 27
[report] load_duration_ns : 76681383906
[report] load_duration_s : 76.681384
[report] load_throughput : 4346.987274
[report] load_average_latency_ns : 230044.381762
Load workloads needs: 76685515998 ns 
[report] load_thread_ID : 29
[report] load_duration_ns : 76685515998
[report] load_duration_s : 76.685516
[report] load_throughput : 4346.753043
[report] load_average_latency_ns : 230056.778051
Load workloads needs: 77089015547 ns 
[report] load_thread_ID : 8
[report] load_duration_ns : 77089015547
[report] load_duration_s : 77.089016
[report] load_throughput : 4324.001255
[report] load_average_latency_ns : 231267.277908
Load workloads needs: 77235755073 ns 
[report] load_thread_ID : 12
[report] load_duration_ns : 77235755073
[report] load_duration_s : 77.235755
[report] load_throughput : 4315.786124
[report] load_average_latency_ns : 231707.496926
Load workloads needs: 77391993770 ns 
[report] load_thread_ID : 9
[report] load_duration_ns : 77391993770
[report] load_duration_s : 77.391994
[report] load_throughput : 4307.073429
[report] load_average_latency_ns : 232176.213486
Load workloads needs: 77431827435 ns 
[report] load_thread_ID : 10
[report] load_duration_ns : 77431827435
[report] load_duration_s : 77.431827
[report] load_throughput : 4304.857719
[report] load_average_latency_ns : 232295.714601
Load workloads needs: 77735786556 ns 
[report] load_thread_ID : 11
[report] load_duration_ns : 77735786556
[report] load_duration_s : 77.735787
[report] load_throughput : 4288.025050
[report] load_average_latency_ns : 233207.592876
Load workloads needs: 77740679286 ns 
[report] load_thread_ID : 16
[report] load_duration_ns : 77740679286
[report] load_duration_s : 77.740679
[report] load_throughput : 4287.755176
[report] load_average_latency_ns : 233222.271080
Load workloads needs: 77795081350 ns 
[report] load_thread_ID : 13
[report] load_duration_ns : 77795081350
[report] load_duration_s : 77.795081
[report] load_throughput : 4284.756751
[report] load_average_latency_ns : 233385.477435
Load workloads needs: 77987631579 ns 
[report] load_thread_ID : 17
[report] load_duration_ns : 77987631579
[report] load_duration_s : 77.987632
[report] load_throughput : 4274.177754
[report] load_average_latency_ns : 233963.128700
Load workloads needs: 78041429474 ns 
[report] load_thread_ID : 23
[report] load_duration_ns : 78041429474
[report] load_duration_s : 78.041429
[report] load_throughput : 4271.231348
[report] load_average_latency_ns : 234124.522547
Load workloads needs: 78103544061 ns 
[report] load_thread_ID : 18
[report] load_duration_ns : 78103544061
[report] load_duration_s : 78.103544
[report] load_throughput : 4267.834501
[report] load_average_latency_ns : 234310.866494
Load workloads needs: 78483749019 ns 
[report] load_thread_ID : 20
[report] load_duration_ns : 78483749019
[report] load_duration_s : 78.483749
[report] load_throughput : 4247.159497
[report] load_average_latency_ns : 235451.482508
Load workloads needs: 78719635766 ns 
[report] load_thread_ID : 19
[report] load_duration_ns : 78719635766
[report] load_duration_s : 78.719636
[report] load_throughput : 4234.432702
[report] load_average_latency_ns : 236159.143457
Load workloads needs: 79155972653 ns 
[report] load_thread_ID : 7
[report] load_duration_ns : 79155972653
[report] load_duration_s : 79.155973
[report] load_throughput : 4211.090949
[report] load_average_latency_ns : 237468.155427
Load workloads needs: 79242807938 ns 
[report] load_thread_ID : 3
[report] load_duration_ns : 79242807938
[report] load_duration_s : 79.242808
[report] load_throughput : 4206.476382
[report] load_average_latency_ns : 237728.661543
Load workloads needs: 79264801521 ns 
[report] load_thread_ID : 1
[report] load_duration_ns : 79264801521
[report] load_duration_s : 79.264802
[report] load_throughput : 4205.309212
[report] load_average_latency_ns : 237794.642358
Load workloads needs: 79283658060 ns 
[report] load_thread_ID : 4
[report] load_duration_ns : 79283658060
[report] load_duration_s : 79.283658
[report] load_throughput : 4204.309036
[report] load_average_latency_ns : 237851.212031
Load workloads needs: 79411207567 ns 
[report] load_thread_ID : 21
[report] load_duration_ns : 79411207567
[report] load_duration_s : 79.411208
[report] load_throughput : 4197.556116
[report] load_average_latency_ns : 238233.860935
Load workloads needs: 79537999936 ns 
[report] load_thread_ID : 22
[report] load_duration_ns : 79537999936
[report] load_duration_s : 79.538000
[report] load_throughput : 4190.864747
[report] load_average_latency_ns : 238614.238422
Load workloads needs: 79563308712 ns 
[report] load_thread_ID : 2
[report] load_duration_ns : 79563308712
[report] load_duration_s : 79.563309
[report] load_throughput : 4189.531650
[report] load_average_latency_ns : 238690.164826
Load workloads needs: 79630262049 ns 
[report] load_thread_ID : 0
[report] load_duration_ns : 79630262049
[report] load_duration_s : 79.630262
[report] load_throughput : 4186.009080
[report] load_average_latency_ns : 238891.025038
Load workloads needs: 80005303937 ns 
[report] load_thread_ID : 5
[report] load_duration_ns : 80005303937
[report] load_duration_s : 80.005304
[report] load_throughput : 4166.386272
[report] load_average_latency_ns : 240016.151827
Load workloads needs: 80127143467 ns 
[report] load_thread_ID : 6
[report] load_duration_ns : 80127143467
[report] load_duration_s : 80.127143
[report] load_throughput : 4160.050959
[report] load_average_latency_ns : 240381.670783
All clients run done needs: 80126027499 ns 
[report] load_overall_duration_ns : 80126027499
[report] load_overall_duration_s : 80.126027
[report] load_overall_throughput : 124803.391758
[report] load_overall_average_latency_ns : 8012.602750
