numactl --membind=4 /mnt/nvme0/home/gxr/mongdb-run/test_mongodb/build//run_client --num_threads=5 --core_binding=0,1,2,3,4,5,6,7,8,9,10,11,12,13,14,15,128,129,130,131,132,133,134,135,136,137,138,139,140,141,142,143 --str_key_size=16 --str_key_size=256 --load_file=/mnt/nvme0/home/gxr/mongdb-run/workloads/ycsb/workloada-load-10000000-10000000.log.formated --run_file=/mnt/nvme0/home/gxr/mongdb-run/workloads/ycsb/workloada-run-10000000-10000000.log.formated --URI_set=mongodb://localhost:27017,mongodb://localhost:27018,mongodb://localhost:27019,mongodb://localhost:27020,mongodb://localhost:27021,mongodb://localhost:27022,mongodb://localhost:27023,mongodb://localhost:27024,mongodb://localhost:27025,mongodb://localhost:27026,mongodb://localhost:27027,mongodb://localhost:27028,mongodb://localhost:27029,mongodb://localhost:27030,mongodb://localhost:27031,mongodb://localhost:27032,mongodb://localhost:27033,mongodb://localhost:27034,mongodb://localhost:27035,mongodb://localhost:27036,mongodb://localhost:27037,mongodb://localhost:27038,mongodb://localhost:27039,mongodb://localhost:27040,mongodb://localhost:27041,mongodb://localhost:27042,mongodb://localhost:27043,mongodb://localhost:27044,mongodb://localhost:27045,mongodb://localhost:27046 --first_mode=true
mongodb://localhost:27017 mongodb://localhost:27018 mongodb://localhost:27019 mongodb://localhost:27020 mongodb://localhost:27021 mongodb://localhost:27022 mongodb://localhost:27023 mongodb://localhost:27024 mongodb://localhost:27025 mongodb://localhost:27026 mongodb://localhost:27027 mongodb://localhost:27028 mongodb://localhost:27029 mongodb://localhost:27030 mongodb://localhost:27031 mongodb://localhost:27032 mongodb://localhost:27033 mongodb://localhost:27034 mongodb://localhost:27035 mongodb://localhost:27036 mongodb://localhost:27037 mongodb://localhost:27038 mongodb://localhost:27039 mongodb://localhost:27040 mongodb://localhost:27041 mongodb://localhost:27042 mongodb://localhost:27043 mongodb://localhost:27044 mongodb://localhost:27045 mongodb://localhost:27046 reading workload files ...
load_filename : /mnt/nvme0/home/gxr/mongdb-run/workloads/ycsb/workloada-load-10000000-10000000.log.formated
read load file needs: 5146483349 s 
run_filename : /mnt/nvme0/home/gxr/mongdb-run/workloads/ycsb/workloada-run-10000000-10000000.log.formated
read run file needs: 5185241072 s 
num_of_load_ops is 10000000
num_of_run_ops is 10000000
0 1 2 3 4 5 6 7 8 9 10 11 12 13 14 15 128 129 130 131 132 133 134 135 136 137 138 139 140 141 142 143 URI: mongodb://localhost:27017
URI: mongodb://localhost:27017
URI: mongodb://localhost:27017
URI: mongodb://localhost:27017
URI: mongodb://localhost:27017
Load workloads needs: 296991925940 ns 
[report] load_thread_ID : 2
[report] load_duration_ns : 296991925940
[report] load_duration_s : 296.991926
[report] load_throughput : 6734.189806
[report] load_average_latency_ns : 148495.962970
Load workloads needs: 299465651997 ns 
[report] load_thread_ID : 4
[report] load_duration_ns : 299465651997
[report] load_duration_s : 299.465652
[report] load_throughput : 6678.562255
[report] load_average_latency_ns : 149732.825998
Load workloads needs: 301078499215 ns 
[report] load_thread_ID : 1
[report] load_duration_ns : 301078499215
[report] load_duration_s : 301.078499
[report] load_throughput : 6642.785869
[report] load_average_latency_ns : 150539.249608
Load workloads needs: 301374289295 ns 
[report] load_thread_ID : 0
[report] load_duration_ns : 301374289295
[report] load_duration_s : 301.374289
[report] load_throughput : 6636.266168
[report] load_average_latency_ns : 150687.144648
Load workloads needs: 301866878522 ns 
[report] load_thread_ID : 3
[report] load_duration_ns : 301866878522
[report] load_duration_s : 301.866879
[report] load_throughput : 6625.437046
[report] load_average_latency_ns : 150933.439261
All clients run done needs: 301867849828 ns 
[report] load_overall_duration_ns : 301867849828
[report] load_overall_duration_s : 301.867850
[report] load_overall_throughput : 33127.078640
[report] load_overall_average_latency_ns : 30186.784983
