numactl --membind=4 /mnt/nvme0/home/gxr/mongdb-run/test_mongodb/build//run_client --num_threads=20 --core_binding=0,1,2,3,4,5,6,7,8,9,10,11,12,13,14,15,128,129,130,131,132,133,134,135,136,137,138,139,140,141,142,143 --str_key_size=16 --str_key_size=1024 --load_file=/mnt/nvme0/home/gxr/mongdb-run/workloads/ycsb/workloada-load-10000000-10000000.log.formated --run_file=/mnt/nvme0/home/gxr/mongdb-run/workloads/ycsb/workloada-run-10000000-10000000.log.formated --URI_set=mongodb://localhost:27017,mongodb://localhost:27018,mongodb://localhost:27019,mongodb://localhost:27020,mongodb://localhost:27021,mongodb://localhost:27022,mongodb://localhost:27023,mongodb://localhost:27024,mongodb://localhost:27025,mongodb://localhost:27026,mongodb://localhost:27027,mongodb://localhost:27028,mongodb://localhost:27029,mongodb://localhost:27030,mongodb://localhost:27031,mongodb://localhost:27032,mongodb://localhost:27033,mongodb://localhost:27034,mongodb://localhost:27035,mongodb://localhost:27036,mongodb://localhost:27037,mongodb://localhost:27038,mongodb://localhost:27039,mongodb://localhost:27040,mongodb://localhost:27041,mongodb://localhost:27042,mongodb://localhost:27043,mongodb://localhost:27044,mongodb://localhost:27045,mongodb://localhost:27046 --first_mode=true
mongodb://localhost:27017 mongodb://localhost:27018 mongodb://localhost:27019 mongodb://localhost:27020 mongodb://localhost:27021 mongodb://localhost:27022 mongodb://localhost:27023 mongodb://localhost:27024 mongodb://localhost:27025 mongodb://localhost:27026 mongodb://localhost:27027 mongodb://localhost:27028 mongodb://localhost:27029 mongodb://localhost:27030 mongodb://localhost:27031 mongodb://localhost:27032 mongodb://localhost:27033 mongodb://localhost:27034 mongodb://localhost:27035 mongodb://localhost:27036 mongodb://localhost:27037 mongodb://localhost:27038 mongodb://localhost:27039 mongodb://localhost:27040 mongodb://localhost:27041 mongodb://localhost:27042 mongodb://localhost:27043 mongodb://localhost:27044 mongodb://localhost:27045 mongodb://localhost:27046 reading workload files ...
load_filename : /mnt/nvme0/home/gxr/mongdb-run/workloads/ycsb/workloada-load-10000000-10000000.log.formated
read load file needs: 5215656838 s 
run_filename : /mnt/nvme0/home/gxr/mongdb-run/workloads/ycsb/workloada-run-10000000-10000000.log.formated
read run file needs: 5230633031 s 
num_of_load_ops is 10000000
num_of_run_ops is 10000000
0 1 2 3 4 5 6 7 8 9 10 11 12 13 14 15 128 129 130 131 132 133 134 135 136 137 138 139 140 141 142 143 URI: URI: mongodb://localhost:27017
URI: mongodb://localhost:27017
mongodb://localhost:27017URI: mongodb://localhost:27017

URI: mongodb://localhost:27017
URI: mongodb://localhost:27017
URI: mongodb://localhost:27017
URI: mongodb://localhost:27017
URI: mongodb://localhost:27017
URI: mongodb://localhost:27017
URI: URI: mongodb://localhost:27017
URI: URI: mongodb://localhost:27017
mongodb://localhost:27017
URI: mongodb://localhost:27017URI: mongodb://localhost:27017
mongodb://localhost:27017

URI: mongodb://localhost:27017
URI: mongodb://localhost:27017
URI: mongodb://localhost:27017
URI: mongodb://localhost:27017
Load workloads needs: 90058274837 ns 
[report] load_thread_ID : 13
[report] load_duration_ns : 90058274837
[report] load_duration_s : 90.058275
[report] load_throughput : 5551.960671
[report] load_average_latency_ns : 180116.549674
Load workloads needs: 90278604116 ns 
[report] load_thread_ID : 14
[report] load_duration_ns : 90278604116
[report] load_duration_s : 90.278604
[report] load_throughput : 5538.410844
[report] load_average_latency_ns : 180557.208232
Load workloads needs: 90621820866 ns 
[report] load_thread_ID : 9
[report] load_duration_ns : 90621820866
[report] load_duration_s : 90.621821
[report] load_throughput : 5517.434931
[report] load_average_latency_ns : 181243.641732
Load workloads needs: 91201704096 ns 
[report] load_thread_ID : 10
[report] load_duration_ns : 91201704096
[report] load_duration_s : 91.201704
[report] load_throughput : 5482.353701
[report] load_average_latency_ns : 182403.408192
Load workloads needs: 91438294172 ns 
[report] load_thread_ID : 8
[report] load_duration_ns : 91438294172
[report] load_duration_s : 91.438294
[report] load_throughput : 5468.168501
[report] load_average_latency_ns : 182876.588344
Load workloads needs: 91649856779 ns 
[report] load_thread_ID : 12
[report] load_duration_ns : 91649856779
[report] load_duration_s : 91.649857
[report] load_throughput : 5455.545896
[report] load_average_latency_ns : 183299.713558
Load workloads needs: 92241609743 ns 
[report] load_thread_ID : 15
[report] load_duration_ns : 92241609743
[report] load_duration_s : 92.241610
[report] load_throughput : 5420.547206
[report] load_average_latency_ns : 184483.219486
Load workloads needs: 93392602837 ns 
[report] load_thread_ID : 16
[report] load_duration_ns : 93392602837
[report] load_duration_s : 93.392603
[report] load_throughput : 5353.743068
[report] load_average_latency_ns : 186785.205674
Load workloads needs: 94692829771 ns 
[report] load_thread_ID : 18
[report] load_duration_ns : 94692829771
[report] load_duration_s : 94.692830
[report] load_throughput : 5280.230839
[report] load_average_latency_ns : 189385.659542
Load workloads needs: 94941067002 ns 
[report] load_thread_ID : 17
[report] load_duration_ns : 94941067002
[report] load_duration_s : 94.941067
[report] load_throughput : 5266.424907
[report] load_average_latency_ns : 189882.134004
Load workloads needs: 96398803770 ns 
[report] load_thread_ID : 7
[report] load_duration_ns : 96398803770
[report] load_duration_s : 96.398804
[report] load_throughput : 5186.786355
[report] load_average_latency_ns : 192797.607540
Load workloads needs: 97040386042 ns 
[report] load_thread_ID : 11
[report] load_duration_ns : 97040386042
[report] load_duration_s : 97.040386
[report] load_throughput : 5152.493930
[report] load_average_latency_ns : 194080.772084
Load workloads needs: 97317016687 ns 
[report] load_thread_ID : 5
[report] load_duration_ns : 97317016687
[report] load_duration_s : 97.317017
[report] load_throughput : 5137.847594
[report] load_average_latency_ns : 194634.033374
Load workloads needs: 100631755337 ns 
[report] load_thread_ID : 3
[report] load_duration_ns : 100631755337
[report] load_duration_s : 100.631755
[report] load_throughput : 4968.610538
[report] load_average_latency_ns : 201263.510674
Load workloads needs: 101343218535 ns 
[report] load_thread_ID : 19
[report] load_duration_ns : 101343218535
[report] load_duration_s : 101.343219
[report] load_throughput : 4933.729234
[report] load_average_latency_ns : 202686.437070
Load workloads needs: 105958213066 ns 
[report] load_thread_ID : 4
[report] load_duration_ns : 105958213066
[report] load_duration_s : 105.958213
[report] load_throughput : 4718.841377
[report] load_average_latency_ns : 211916.426132
Load workloads needs: 106040091664 ns 
[report] load_thread_ID : 1
[report] load_duration_ns : 106040091664
[report] load_duration_s : 106.040092
[report] load_throughput : 4715.197735
[report] load_average_latency_ns : 212080.183328
Load workloads needs: 106061695791 ns 
[report] load_thread_ID : 2
[report] load_duration_ns : 106061695791
[report] load_duration_s : 106.061696
[report] load_throughput : 4714.237277
[report] load_average_latency_ns : 212123.391582
Load workloads needs: 106361195917 ns 
[report] load_thread_ID : 0
[report] load_duration_ns : 106361195917
[report] load_duration_s : 106.361196
[report] load_throughput : 4700.962561
[report] load_average_latency_ns : 212722.391834
Load workloads needs: 110364603308 ns 
[report] load_thread_ID : 6
[report] load_duration_ns : 110364603308
[report] load_duration_s : 110.364603
[report] load_throughput : 4530.438066
[report] load_average_latency_ns : 220729.206616
All clients run done needs: 110364541678 ns 
[report] load_overall_duration_ns : 110364541678
[report] load_overall_duration_s : 110.364542
[report] load_overall_throughput : 90608.811924
[report] load_overall_average_latency_ns : 11036.454168
