numactl --membind=2 /home/gxr/mongodb-run/test_mongodb/build//run_client --num_threads=4 --core_binding=0,1,2,3,4,5,6,7,8,9,10,11,24,25,26,27,28,29,30,31,32,33,34,35 --str_key_size=16 --str_key_size=64 --load_file=/home/gxr/mongodb-run/workloads/ycsb/workloada-load-10000000-10000000.log.formated --run_file=/home/gxr/mongodb-run/workloads/ycsb/workloada-run-10000000-10000000.log.formated --URI_set=mongodb://localhost:27017,mongodb://localhost:27018,mongodb://localhost:27019,mongodb://localhost:27020,mongodb://localhost:27021,mongodb://localhost:27022,mongodb://localhost:27023,mongodb://localhost:27024,mongodb://localhost:27025,mongodb://localhost:27026,mongodb://localhost:27027,mongodb://localhost:27028,mongodb://localhost:27029,mongodb://localhost:27030,mongodb://localhost:27031,mongodb://localhost:27032,mongodb://localhost:27033,mongodb://localhost:27034,mongodb://localhost:27035,mongodb://localhost:27036,mongodb://localhost:27037,mongodb://localhost:27038,mongodb://localhost:27039,mongodb://localhost:27040,mongodb://localhost:27041,mongodb://localhost:27042,mongodb://localhost:27043,mongodb://localhost:27044,mongodb://localhost:27045,mongodb://localhost:27046 --first_mode=false
mongodb://localhost:27017 mongodb://localhost:27018 mongodb://localhost:27019 mongodb://localhost:27020 mongodb://localhost:27021 mongodb://localhost:27022 mongodb://localhost:27023 mongodb://localhost:27024 mongodb://localhost:27025 mongodb://localhost:27026 mongodb://localhost:27027 mongodb://localhost:27028 mongodb://localhost:27029 mongodb://localhost:27030 mongodb://localhost:27031 mongodb://localhost:27032 mongodb://localhost:27033 mongodb://localhost:27034 mongodb://localhost:27035 mongodb://localhost:27036 mongodb://localhost:27037 mongodb://localhost:27038 mongodb://localhost:27039 mongodb://localhost:27040 mongodb://localhost:27041 mongodb://localhost:27042 mongodb://localhost:27043 mongodb://localhost:27044 mongodb://localhost:27045 mongodb://localhost:27046 reading workload files ...
load_filename : /home/gxr/mongodb-run/workloads/ycsb/workloada-load-10000000-10000000.log.formated
read load file needs: 1093067452 s 
run_filename : /home/gxr/mongodb-run/workloads/ycsb/workloada-run-10000000-10000000.log.formated
read run file needs: 1122125621 s 
num_of_load_ops is 1862736
num_of_run_ops is 1934501
0 1 2 3 4 5 6 7 8 9 10 11 24 25 26 27 28 29 30 31 32 33 34 35 URI: URI: URI: mongodb://localhost:27018
URI: mongodb://localhost:27017
mongodb://localhost:27019
mongodb://localhost:27020
Load workloads needs: 21320044357 ns 
[report] load_thread_ID : 3
[report] load_duration_ns : 21320044357
[report] load_duration_s : 21.320044
[report] load_throughput : 21842.543674
[report] load_average_latency_ns : 45782.213598
Load workloads needs: 24925192058 ns 
[report] load_thread_ID : 2
[report] load_duration_ns : 24925192058
[report] load_duration_s : 24.925192
[report] load_throughput : 18683.266268
[report] load_average_latency_ns : 53523.831736
Load workloads needs: 25587359513 ns 
[report] load_thread_ID : 0
[report] load_duration_ns : 25587359513
[report] load_duration_s : 25.587360
[report] load_throughput : 18199.767732
[report] load_average_latency_ns : 54945.756163
Load workloads needs: 29194513935 ns 
[report] load_thread_ID : 1
[report] load_duration_ns : 29194513935
[report] load_duration_s : 29.194514
[report] load_throughput : 15951.079064
[report] load_average_latency_ns : 62691.683491
All clients run done needs: 29195636295 ns 
[report] load_overall_duration_ns : 29195636295
[report] load_overall_duration_s : 29.195636
[report] load_overall_throughput : 63801.863442
[report] load_overall_average_latency_ns : 15673.523406
