numactl --membind=2 /home/gxr/mongodb-run/test_mongodb/build//run_client --num_threads=12 --core_binding=0,1,2,3,4,5,6,7,8,9,10,11,24,25,26,27,28,29,30,31,32,33,34,35 --str_key_size=16 --str_key_size=256 --load_file=/home/gxr/mongodb-run/workloads/ycsb/workloada-load-10000000-10000000.log.formated --run_file=/home/gxr/mongodb-run/workloads/ycsb/workloada-run-10000000-10000000.log.formated --URI_set=mongodb://localhost:27017,mongodb://localhost:27018,mongodb://localhost:27019,mongodb://localhost:27020,mongodb://localhost:27021,mongodb://localhost:27022,mongodb://localhost:27023,mongodb://localhost:27024,mongodb://localhost:27025,mongodb://localhost:27026,mongodb://localhost:27027,mongodb://localhost:27028,mongodb://localhost:27029,mongodb://localhost:27030,mongodb://localhost:27031,mongodb://localhost:27032,mongodb://localhost:27033,mongodb://localhost:27034,mongodb://localhost:27035,mongodb://localhost:27036,mongodb://localhost:27037,mongodb://localhost:27038,mongodb://localhost:27039,mongodb://localhost:27040,mongodb://localhost:27041,mongodb://localhost:27042,mongodb://localhost:27043,mongodb://localhost:27044,mongodb://localhost:27045,mongodb://localhost:27046 --first_mode=true
mongodb://localhost:27017 mongodb://localhost:27018 mongodb://localhost:27019 mongodb://localhost:27020 mongodb://localhost:27021 mongodb://localhost:27022 mongodb://localhost:27023 mongodb://localhost:27024 mongodb://localhost:27025 mongodb://localhost:27026 mongodb://localhost:27027 mongodb://localhost:27028 mongodb://localhost:27029 mongodb://localhost:27030 mongodb://localhost:27031 mongodb://localhost:27032 mongodb://localhost:27033 mongodb://localhost:27034 mongodb://localhost:27035 mongodb://localhost:27036 mongodb://localhost:27037 mongodb://localhost:27038 mongodb://localhost:27039 mongodb://localhost:27040 mongodb://localhost:27041 mongodb://localhost:27042 mongodb://localhost:27043 mongodb://localhost:27044 mongodb://localhost:27045 mongodb://localhost:27046 reading workload files ...
load_filename : /home/gxr/mongodb-run/workloads/ycsb/workloada-load-10000000-10000000.log.formated
read load file needs: 1101016182 s 
run_filename : /home/gxr/mongodb-run/workloads/ycsb/workloada-run-10000000-10000000.log.formated
read run file needs: 1113560817 s 
num_of_load_ops is 1862736
num_of_run_ops is 1934501
0 1 2 3 4 5 6 7 8 9 10 11 24 25 26 27 28 29 30 31 32 33 34 35 URI: URI: mongodb://localhost:27017URI: mongodb://localhost:27017
URI: mongodb://localhost:27017
URI: mongodb://localhost:27017mongodb://localhost:27017


URI: mongodb://localhost:27017
URI: mongodb://localhost:27017
URI: mongodb://localhost:27017
URI: mongodb://localhost:27017
URI: mongodb://localhost:27017
URI: mongodb://localhost:27017
URI: mongodb://localhost:27017
Load workloads needs: 11444429779 ns 
[report] load_thread_ID : 5
[report] load_duration_ns : 11444429779
[report] load_duration_s : 11.444430
[report] load_throughput : 13563.629032
[report] load_average_latency_ns : 73726.581409
Load workloads needs: 11488416501 ns 
[report] load_thread_ID : 7
[report] load_duration_ns : 11488416501
[report] load_duration_s : 11.488417
[report] load_throughput : 13511.696759
[report] load_average_latency_ns : 74009.949887
Load workloads needs: 11552640156 ns 
[report] load_thread_ID : 2
[report] load_duration_ns : 11552640156
[report] load_duration_s : 11.552640
[report] load_throughput : 13436.582279
[report] load_average_latency_ns : 74423.687453
Load workloads needs: 11561490805 ns 
[report] load_thread_ID : 1
[report] load_duration_ns : 11561490805
[report] load_duration_s : 11.561491
[report] load_throughput : 13426.296195
[report] load_average_latency_ns : 74480.704544
Load workloads needs: 11564571873 ns 
[report] load_thread_ID : 8
[report] load_duration_ns : 11564571873
[report] load_duration_s : 11.564572
[report] load_throughput : 13422.719120
[report] load_average_latency_ns : 74500.553206
Load workloads needs: 11570081190 ns 
[report] load_thread_ID : 9
[report] load_duration_ns : 11570081190
[report] load_duration_s : 11.570081
[report] load_throughput : 13416.327634
[report] load_average_latency_ns : 74536.044979
Load workloads needs: 11577165405 ns 
[report] load_thread_ID : 3
[report] load_duration_ns : 11577165405
[report] load_duration_s : 11.577165
[report] load_throughput : 13408.118012
[report] load_average_latency_ns : 74581.682461
Load workloads needs: 11689664143 ns 
[report] load_thread_ID : 10
[report] load_duration_ns : 11689664143
[report] load_duration_s : 11.689664
[report] load_throughput : 13279.081255
[report] load_average_latency_ns : 75306.414713
Load workloads needs: 11691350857 ns 
[report] load_thread_ID : 6
[report] load_duration_ns : 11691350857
[report] load_duration_s : 11.691351
[report] load_throughput : 13277.165479
[report] load_average_latency_ns : 75317.280755
Load workloads needs: 11740850299 ns 
[report] load_thread_ID : 0
[report] load_duration_ns : 11740850299
[report] load_duration_s : 11.740850
[report] load_throughput : 13221.188930
[report] load_average_latency_ns : 75636.162928
Load workloads needs: 11804747247 ns 
[report] load_thread_ID : 4
[report] load_duration_ns : 11804747247
[report] load_duration_s : 11.804747
[report] load_throughput : 13149.625041
[report] load_average_latency_ns : 76047.795804
Load workloads needs: 11812086599 ns 
[report] load_thread_ID : 11
[report] load_duration_ns : 11812086599
[report] load_duration_s : 11.812087
[report] load_throughput : 13141.454619
[report] load_average_latency_ns : 76095.076913
All clients run done needs: 11812483951 ns 
[report] load_overall_duration_ns : 11812483951
[report] load_overall_duration_s : 11.812484
[report] load_overall_throughput : 157692.150756
[report] load_overall_average_latency_ns : 6341.469726
