numactl --membind=2 /home/gxr/mongodb-run/test_mongodb/build//run_client --num_threads=20 --core_binding=0,1,2,3,4,5,6,7,8,9,10,11,24,25,26,27,28,29,30,31,32,33,34,35 --str_key_size=16 --str_key_size=64 --load_file=/home/gxr/mongodb-run/workloads/ycsb/workloada-load-50000000-50000000.log.formated --run_file=/home/gxr/mongodb-run/workloads/ycsb/workloada-run-50000000-50000000.log.formated --URI_set=mongodb://localhost:27017,mongodb://localhost:27018,mongodb://localhost:27019,mongodb://localhost:27020,mongodb://localhost:27021,mongodb://localhost:27022,mongodb://localhost:27023,mongodb://localhost:27024,mongodb://localhost:27025,mongodb://localhost:27026,mongodb://localhost:27027,mongodb://localhost:27028,mongodb://localhost:27029,mongodb://localhost:27030,mongodb://localhost:27031,mongodb://localhost:27032,mongodb://localhost:27033,mongodb://localhost:27034,mongodb://localhost:27035,mongodb://localhost:27036,mongodb://localhost:27037,mongodb://localhost:27038,mongodb://localhost:27039,mongodb://localhost:27040,mongodb://localhost:27041,mongodb://localhost:27042,mongodb://localhost:27043,mongodb://localhost:27044,mongodb://localhost:27045,mongodb://localhost:27046 --first_mode=false
mongodb://localhost:27017 mongodb://localhost:27018 mongodb://localhost:27019 mongodb://localhost:27020 mongodb://localhost:27021 mongodb://localhost:27022 mongodb://localhost:27023 mongodb://localhost:27024 mongodb://localhost:27025 mongodb://localhost:27026 mongodb://localhost:27027 mongodb://localhost:27028 mongodb://localhost:27029 mongodb://localhost:27030 mongodb://localhost:27031 mongodb://localhost:27032 mongodb://localhost:27033 mongodb://localhost:27034 mongodb://localhost:27035 mongodb://localhost:27036 mongodb://localhost:27037 mongodb://localhost:27038 mongodb://localhost:27039 mongodb://localhost:27040 mongodb://localhost:27041 mongodb://localhost:27042 mongodb://localhost:27043 mongodb://localhost:27044 mongodb://localhost:27045 mongodb://localhost:27046 reading workload files ...
load_filename : /home/gxr/mongodb-run/workloads/ycsb/workloada-load-50000000-50000000.log.formated
read load file needs: 1334312543 s 
run_filename : /home/gxr/mongodb-run/workloads/ycsb/workloada-run-50000000-50000000.log.formated
read run file needs: 1281386988 s 
num_of_load_ops is 1774963
num_of_run_ops is 1924255
0 1 2 3 4 5 6 7 8 9 10 11 24 25 26 27 28 29 30 31 32 33 34 35 URI: URI: URI: mongodb://localhost:27017mongodb://localhost:27023
URI: mongodb://localhost:27019
URI: mongodb://localhost:27020

URI: URI: URI: mongodb://localhost:27025
mongodb://localhost:27022
mongodb://localhost:27024
mongodb://localhost:27018
URI: mongodb://localhost:27021
URI: mongodb://localhost:27026
URI: mongodb://localhost:27029
URI: mongodb://localhost:27027
URI: mongodb://localhost:27030
URI: mongodb://localhost:27031
URI: mongodb://localhost:27028
URI: mongodb://localhost:27032
URI: mongodb://localhost:27033
URI: mongodb://localhost:27034
URI: mongodb://localhost:27035
URI: mongodb://localhost:27036
Load workloads needs: 8014085304 ns 
[report] load_thread_ID : 0
[report] load_duration_ns : 8014085304
[report] load_duration_s : 8.014085
[report] load_throughput : 11074.002414
[report] load_average_latency_ns : 90301.587686
Load workloads needs: 8048753593 ns 
[report] load_thread_ID : 12
[report] load_duration_ns : 8048753593
[report] load_duration_s : 8.048754
[report] load_throughput : 11026.303511
[report] load_average_latency_ns : 90692.225098
Load workloads needs: 8260919505 ns 
[report] load_thread_ID : 6
[report] load_duration_ns : 8260919505
[report] load_duration_s : 8.260920
[report] load_throughput : 10743.114002
[report] load_average_latency_ns : 93082.880797
Load workloads needs: 8272979239 ns 
[report] load_thread_ID : 16
[report] load_duration_ns : 8272979239
[report] load_duration_s : 8.272979
[report] load_throughput : 10727.453489
[report] load_average_latency_ns : 93218.768186
Load workloads needs: 8292122084 ns 
[report] load_thread_ID : 4
[report] load_duration_ns : 8292122084
[report] load_duration_s : 8.292122
[report] load_throughput : 10702.688540
[report] load_average_latency_ns : 93434.467075
Load workloads needs: 8338591265 ns 
[report] load_thread_ID : 14
[report] load_duration_ns : 8338591265
[report] load_duration_s : 8.338591
[report] load_throughput : 10643.044752
[report] load_average_latency_ns : 93958.075281
Load workloads needs: 8344320830 ns 
[report] load_thread_ID : 1
[report] load_duration_ns : 8344320830
[report] load_duration_s : 8.344321
[report] load_throughput : 10635.736785
[report] load_average_latency_ns : 94022.635214
Load workloads needs: 8403058707 ns 
[report] load_thread_ID : 18
[report] load_duration_ns : 8403058707
[report] load_duration_s : 8.403059
[report] load_throughput : 10561.392357
[report] load_average_latency_ns : 94684.485363
Load workloads needs: 8412324965 ns 
[report] load_thread_ID : 13
[report] load_duration_ns : 8412324965
[report] load_duration_s : 8.412325
[report] load_throughput : 10549.758880
[report] load_average_latency_ns : 94788.896257
Load workloads needs: 8426818681 ns 
[report] load_thread_ID : 15
[report] load_duration_ns : 8426818681
[report] load_duration_s : 8.426819
[report] load_throughput : 10531.613811
[report] load_average_latency_ns : 94952.209413
Load workloads needs: 8464480574 ns 
[report] load_thread_ID : 3
[report] load_duration_ns : 8464480574
[report] load_duration_s : 8.464481
[report] load_throughput : 10484.754407
[report] load_average_latency_ns : 95376.578334
Load workloads needs: 8487834988 ns 
[report] load_thread_ID : 19
[report] load_duration_ns : 8487834988
[report] load_duration_s : 8.487835
[report] load_throughput : 10455.905437
[report] load_average_latency_ns : 95639.732591
Load workloads needs: 8613131789 ns 
[report] load_thread_ID : 8
[report] load_duration_ns : 8613131789
[report] load_duration_s : 8.613132
[report] load_throughput : 10303.801471
[report] load_average_latency_ns : 97051.559348
Load workloads needs: 8621993221 ns 
[report] load_thread_ID : 10
[report] load_duration_ns : 8621993221
[report] load_duration_s : 8.621993
[report] load_throughput : 10293.211526
[report] load_average_latency_ns : 97151.408719
Load workloads needs: 8656031220 ns 
[report] load_thread_ID : 5
[report] load_duration_ns : 8656031220
[report] load_duration_s : 8.656031
[report] load_throughput : 10252.735664
[report] load_average_latency_ns : 97534.944111
Load workloads needs: 8668988134 ns 
[report] load_thread_ID : 2
[report] load_duration_ns : 8668988134
[report] load_duration_s : 8.668988
[report] load_throughput : 10237.411637
[report] load_average_latency_ns : 97680.940799
Load workloads needs: 8674927732 ns 
[report] load_thread_ID : 9
[report] load_duration_ns : 8674927732
[report] load_duration_s : 8.674928
[report] load_throughput : 10230.402228
[report] load_average_latency_ns : 97747.867355
Load workloads needs: 8685803690 ns 
[report] load_thread_ID : 17
[report] load_duration_ns : 8685803690
[report] load_duration_s : 8.685804
[report] load_throughput : 10217.592196
[report] load_average_latency_ns : 97870.416122
Load workloads needs: 8728707562 ns 
[report] load_thread_ID : 7
[report] load_duration_ns : 8728707562
[report] load_duration_s : 8.728708
[report] load_throughput : 10167.370068
[report] load_average_latency_ns : 98353.850926
Load workloads needs: 8851625253 ns 
[report] load_thread_ID : 11
[report] load_duration_ns : 8851625253
[report] load_duration_s : 8.851625
[report] load_throughput : 10026.181347
[report] load_average_latency_ns : 99738.870206
All clients run done needs: 8851736799 ns 
[report] load_overall_duration_ns : 8851736799
[report] load_overall_duration_s : 8.851737
[report] load_overall_throughput : 200521.438934
[report] load_overall_average_latency_ns : 4986.997926
