numactl --membind=2 /home/gxr/mongodb-run/test_mongodb/build//run_client --num_threads=20 --core_binding=0,1,2,3,4,5,6,7,8,9,10,11,24,25,26,27,28,29,30,31,32,33,34,35 --str_key_size=16 --str_key_size=16 --load_file=/home/gxr/mongodb-run/workloads/ycsb/workloada-load-50000000-50000000.log.formated --run_file=/home/gxr/mongodb-run/workloads/ycsb/workloada-run-50000000-50000000.log.formated --URI_set=mongodb://localhost:27017,mongodb://localhost:27018,mongodb://localhost:27019,mongodb://localhost:27020,mongodb://localhost:27021,mongodb://localhost:27022,mongodb://localhost:27023,mongodb://localhost:27024,mongodb://localhost:27025,mongodb://localhost:27026,mongodb://localhost:27027,mongodb://localhost:27028,mongodb://localhost:27029,mongodb://localhost:27030,mongodb://localhost:27031,mongodb://localhost:27032,mongodb://localhost:27033,mongodb://localhost:27034,mongodb://localhost:27035,mongodb://localhost:27036,mongodb://localhost:27037,mongodb://localhost:27038,mongodb://localhost:27039,mongodb://localhost:27040,mongodb://localhost:27041,mongodb://localhost:27042,mongodb://localhost:27043,mongodb://localhost:27044,mongodb://localhost:27045,mongodb://localhost:27046 --first_mode=true
mongodb://localhost:27017 mongodb://localhost:27018 mongodb://localhost:27019 mongodb://localhost:27020 mongodb://localhost:27021 mongodb://localhost:27022 mongodb://localhost:27023 mongodb://localhost:27024 mongodb://localhost:27025 mongodb://localhost:27026 mongodb://localhost:27027 mongodb://localhost:27028 mongodb://localhost:27029 mongodb://localhost:27030 mongodb://localhost:27031 mongodb://localhost:27032 mongodb://localhost:27033 mongodb://localhost:27034 mongodb://localhost:27035 mongodb://localhost:27036 mongodb://localhost:27037 mongodb://localhost:27038 mongodb://localhost:27039 mongodb://localhost:27040 mongodb://localhost:27041 mongodb://localhost:27042 mongodb://localhost:27043 mongodb://localhost:27044 mongodb://localhost:27045 mongodb://localhost:27046 reading workload files ...
load_filename : /home/gxr/mongodb-run/workloads/ycsb/workloada-load-50000000-50000000.log.formated
read load file needs: 1240621979 s 
run_filename : /home/gxr/mongodb-run/workloads/ycsb/workloada-run-50000000-50000000.log.formated
read run file needs: 1283825718 s 
num_of_load_ops is 1774963
num_of_run_ops is 1924255
0 1 2 3 4 5 6 7 8 9 10 11 24 25 26 27 28 29 30 31 32 33 34 35 URI: URI: URI: URI: URI: mongodb://localhost:27017mongodb://localhost:27017
URI: mongodb://localhost:27017URI: URI: mongodb://localhost:27017
mongodb://localhost:27017mongodb://localhost:27017
URI: URI: URI: URI: 
mongodb://localhost:27017
mongodb://localhost:27017URI: mongodb://localhost:27017
URI: mongodb://localhost:27017
mongodb://localhost:27017URI: mongodb://localhost:27017
mongodb://localhost:27017

mongodb://localhost:27017

mongodb://localhost:27017


URI: mongodb://localhost:27017
URI: mongodb://localhost:27017
URI: mongodb://localhost:27017
URI: mongodb://localhost:27017
URI: mongodb://localhost:27017
Load workloads needs: 11233086548 ns 
[report] load_thread_ID : 8
[report] load_duration_ns : 11233086548
[report] load_duration_s : 11.233087
[report] load_throughput : 7900.588998
[report] load_average_latency_ns : 126572.841619
Load workloads needs: 11275519217 ns 
[report] load_thread_ID : 11
[report] load_duration_ns : 11275519217
[report] load_duration_s : 11.275519
[report] load_throughput : 7870.857057
[report] load_average_latency_ns : 127050.966974
Load workloads needs: 11280162193 ns 
[report] load_thread_ID : 10
[report] load_duration_ns : 11280162193
[report] load_duration_s : 11.280162
[report] load_throughput : 7867.617369
[report] load_average_latency_ns : 127103.283375
Load workloads needs: 11407392195 ns 
[report] load_thread_ID : 9
[report] load_duration_ns : 11407392195
[report] load_duration_s : 11.407392
[report] load_throughput : 7779.867518
[report] load_average_latency_ns : 128536.893169
Load workloads needs: 11455800647 ns 
[report] load_thread_ID : 19
[report] load_duration_ns : 11455800647
[report] load_duration_s : 11.455801
[report] load_throughput : 7746.992352
[report] load_average_latency_ns : 129082.352808
Load workloads needs: 11482949493 ns 
[report] load_thread_ID : 16
[report] load_duration_ns : 11482949493
[report] load_duration_s : 11.482949
[report] load_throughput : 7728.676335
[report] load_average_latency_ns : 129388.262192
Load workloads needs: 11492614774 ns 
[report] load_thread_ID : 0
[report] load_duration_ns : 11492614774
[report] load_duration_s : 11.492615
[report] load_throughput : 7722.176523
[report] load_average_latency_ns : 129497.169221
Load workloads needs: 11513182020 ns 
[report] load_thread_ID : 13
[report] load_duration_ns : 11513182020
[report] load_duration_s : 11.513182
[report] load_throughput : 7708.381562
[report] load_average_latency_ns : 129728.918060
Load workloads needs: 11516373983 ns 
[report] load_thread_ID : 12
[report] load_duration_ns : 11516373983
[report] load_duration_s : 11.516374
[report] load_throughput : 7706.245050
[report] load_average_latency_ns : 129764.884651
Load workloads needs: 11525401323 ns 
[report] load_thread_ID : 2
[report] load_duration_ns : 11525401323
[report] load_duration_s : 11.525401
[report] load_throughput : 7700.209087
[report] load_average_latency_ns : 129866.603450
Load workloads needs: 11531976295 ns 
[report] load_thread_ID : 4
[report] load_duration_ns : 11531976295
[report] load_duration_s : 11.531976
[report] load_throughput : 7695.818802
[report] load_average_latency_ns : 129940.689311
Load workloads needs: 11536670939 ns 
[report] load_thread_ID : 17
[report] load_duration_ns : 11536670939
[report] load_duration_s : 11.536671
[report] load_throughput : 7692.687125
[report] load_average_latency_ns : 129993.587901
Load workloads needs: 11541458844 ns 
[report] load_thread_ID : 1
[report] load_duration_ns : 11541458844
[report] load_duration_s : 11.541459
[report] load_throughput : 7689.495860
[report] load_average_latency_ns : 130047.537342
Load workloads needs: 11541893426 ns 
[report] load_thread_ID : 14
[report] load_duration_ns : 11541893426
[report] load_duration_s : 11.541893
[report] load_throughput : 7689.206331
[report] load_average_latency_ns : 130052.434151
Load workloads needs: 11553508078 ns 
[report] load_thread_ID : 6
[report] load_duration_ns : 11553508078
[report] load_duration_s : 11.553508
[report] load_throughput : 7681.476431
[report] load_average_latency_ns : 130183.306418
Load workloads needs: 11559681803 ns 
[report] load_thread_ID : 15
[report] load_duration_ns : 11559681803
[report] load_duration_s : 11.559682
[report] load_throughput : 7677.373955
[report] load_average_latency_ns : 130252.871084
Load workloads needs: 11562607928 ns 
[report] load_thread_ID : 5
[report] load_duration_ns : 11562607928
[report] load_duration_s : 11.562608
[report] load_throughput : 7675.431058
[report] load_average_latency_ns : 130285.842250
Load workloads needs: 11574427894 ns 
[report] load_thread_ID : 7
[report] load_duration_ns : 11574427894
[report] load_duration_s : 11.574428
[report] load_throughput : 7667.592801
[report] load_average_latency_ns : 130419.027967
Load workloads needs: 11576188030 ns 
[report] load_thread_ID : 18
[report] load_duration_ns : 11576188030
[report] load_duration_s : 11.576188
[report] load_throughput : 7666.426959
[report] load_average_latency_ns : 130438.860932
Load workloads needs: 11586739315 ns 
[report] load_thread_ID : 3
[report] load_duration_ns : 11586739315
[report] load_duration_s : 11.586739
[report] load_throughput : 7659.445646
[report] load_average_latency_ns : 130557.751330
All clients run done needs: 11587380709 ns 
[report] load_overall_duration_ns : 11587380709
[report] load_overall_duration_s : 11.587381
[report] load_overall_throughput : 153180.692391
[report] load_overall_average_latency_ns : 6528.237889
