numactl --membind=2 /home/gxr/mongodb-run/test_mongodb/build//run_client --num_threads=12 --core_binding=0,1,2,3,4,5,6,7,8,9,10,11,24,25,26,27,28,29,30,31,32,33,34,35 --str_key_size=16 --str_key_size=1024 --load_file=/home/gxr/mongodb-run/workloads/ycsb/workloada-load-10000000-10000000.log.formated --run_file=/home/gxr/mongodb-run/workloads/ycsb/workloada-run-10000000-10000000.log.formated --URI_set=mongodb://localhost:27017,mongodb://localhost:27018,mongodb://localhost:27019,mongodb://localhost:27020,mongodb://localhost:27021,mongodb://localhost:27022,mongodb://localhost:27023,mongodb://localhost:27024,mongodb://localhost:27025,mongodb://localhost:27026,mongodb://localhost:27027,mongodb://localhost:27028,mongodb://localhost:27029,mongodb://localhost:27030,mongodb://localhost:27031,mongodb://localhost:27032,mongodb://localhost:27033,mongodb://localhost:27034,mongodb://localhost:27035,mongodb://localhost:27036,mongodb://localhost:27037,mongodb://localhost:27038,mongodb://localhost:27039,mongodb://localhost:27040,mongodb://localhost:27041,mongodb://localhost:27042,mongodb://localhost:27043,mongodb://localhost:27044,mongodb://localhost:27045,mongodb://localhost:27046 --first_mode=false
mongodb://localhost:27017 mongodb://localhost:27018 mongodb://localhost:27019 mongodb://localhost:27020 mongodb://localhost:27021 mongodb://localhost:27022 mongodb://localhost:27023 mongodb://localhost:27024 mongodb://localhost:27025 mongodb://localhost:27026 mongodb://localhost:27027 mongodb://localhost:27028 mongodb://localhost:27029 mongodb://localhost:27030 mongodb://localhost:27031 mongodb://localhost:27032 mongodb://localhost:27033 mongodb://localhost:27034 mongodb://localhost:27035 mongodb://localhost:27036 mongodb://localhost:27037 mongodb://localhost:27038 mongodb://localhost:27039 mongodb://localhost:27040 mongodb://localhost:27041 mongodb://localhost:27042 mongodb://localhost:27043 mongodb://localhost:27044 mongodb://localhost:27045 mongodb://localhost:27046 reading workload files ...
load_filename : /home/gxr/mongodb-run/workloads/ycsb/workloada-load-10000000-10000000.log.formated
read load file needs: 1054428555 s 
run_filename : /home/gxr/mongodb-run/workloads/ycsb/workloada-run-10000000-10000000.log.formated
read run file needs: 1112311702 s 
num_of_load_ops is 1862736
num_of_run_ops is 1934501
0 1 2 3 4 5 6 7 8 9 10 11 24 25 26 27 28 29 30 31 32 33 34 35 URI: URI: mongodb://localhost:27018
URI: mongodb://localhost:27021
URI: mongodb://localhost:27019
URI: mongodb://localhost:27020
mongodb://localhost:27017
URI: mongodb://localhost:27025
URI: mongodb://localhost:27023URI: mongodb://localhost:27024

URI: mongodb://localhost:27022
URI: mongodb://localhost:27026
URI: mongodb://localhost:27027
URI: mongodb://localhost:27028
Load workloads needs: 11058175806 ns 
[report] load_thread_ID : 5
[report] load_duration_ns : 11058175806
[report] load_duration_s : 11.058176
[report] load_throughput : 14037.396649
[report] load_average_latency_ns : 71238.280504
Load workloads needs: 11075623263 ns 
[report] load_thread_ID : 2
[report] load_duration_ns : 11075623263
[report] load_duration_s : 11.075623
[report] load_throughput : 14015.283503
[report] load_average_latency_ns : 71350.679407
Load workloads needs: 11154855456 ns 
[report] load_thread_ID : 7
[report] load_duration_ns : 11154855456
[report] load_duration_s : 11.154855
[report] load_throughput : 13915.733880
[report] load_average_latency_ns : 71861.104028
Load workloads needs: 11156230133 ns 
[report] load_thread_ID : 4
[report] load_duration_ns : 11156230133
[report] load_duration_s : 11.156230
[report] load_throughput : 13914.019176
[report] load_average_latency_ns : 71869.959885
Load workloads needs: 11210621173 ns 
[report] load_thread_ID : 1
[report] load_duration_ns : 11210621173
[report] load_duration_s : 11.210621
[report] load_throughput : 13846.511947
[report] load_average_latency_ns : 72220.354401
Load workloads needs: 11271188026 ns 
[report] load_thread_ID : 9
[report] load_duration_ns : 11271188026
[report] load_duration_s : 11.271188
[report] load_throughput : 13772.106334
[report] load_average_latency_ns : 72610.534349
Load workloads needs: 11428389261 ns 
[report] load_thread_ID : 0
[report] load_duration_ns : 11428389261
[report] load_duration_s : 11.428389
[report] load_throughput : 13582.666503
[report] load_average_latency_ns : 73623.246199
Load workloads needs: 11473708475 ns 
[report] load_thread_ID : 10
[report] load_duration_ns : 11473708475
[report] load_duration_s : 11.473708
[report] load_throughput : 13529.017260
[report] load_average_latency_ns : 73915.198772
Load workloads needs: 11531078348 ns 
[report] load_thread_ID : 8
[report] load_duration_ns : 11531078348
[report] load_duration_s : 11.531078
[report] load_throughput : 13461.707163
[report] load_average_latency_ns : 74284.783338
Load workloads needs: 12146867472 ns 
[report] load_thread_ID : 3
[report] load_duration_ns : 12146867472
[report] load_duration_s : 12.146867
[report] load_throughput : 12779.261843
[report] load_average_latency_ns : 78251.781070
Load workloads needs: 12167926688 ns 
[report] load_thread_ID : 11
[report] load_duration_ns : 12167926688
[report] load_duration_s : 12.167927
[report] load_throughput : 12757.144580
[report] load_average_latency_ns : 78387.447419
Load workloads needs: 12187952955 ns 
[report] load_thread_ID : 6
[report] load_duration_ns : 12187952955
[report] load_duration_s : 12.187953
[report] load_throughput : 12736.183063
[report] load_average_latency_ns : 78516.459369
All clients run done needs: 12188359291 ns 
[report] load_overall_duration_ns : 12188359291
[report] load_overall_duration_s : 12.188359
[report] load_overall_throughput : 152829.101565
[report] load_overall_average_latency_ns : 6543.256420
