numactl --membind=2 /home/gxr/mongodb-run/test_mongodb/build//run_client --num_threads=8 --core_binding=0,1,2,3,4,5,6,7,8,9,10,11,24,25,26,27,28,29,30,31,32,33,34,35 --str_key_size=16 --str_key_size=256 --load_file=/home/gxr/mongodb-run/workloads/ycsb/workloada-load-10000000-10000000.log.formated --run_file=/home/gxr/mongodb-run/workloads/ycsb/workloada-run-10000000-10000000.log.formated --URI_set=mongodb://localhost:27017,mongodb://localhost:27018,mongodb://localhost:27019,mongodb://localhost:27020,mongodb://localhost:27021,mongodb://localhost:27022,mongodb://localhost:27023,mongodb://localhost:27024,mongodb://localhost:27025,mongodb://localhost:27026,mongodb://localhost:27027,mongodb://localhost:27028,mongodb://localhost:27029,mongodb://localhost:27030,mongodb://localhost:27031,mongodb://localhost:27032,mongodb://localhost:27033,mongodb://localhost:27034,mongodb://localhost:27035,mongodb://localhost:27036,mongodb://localhost:27037,mongodb://localhost:27038,mongodb://localhost:27039,mongodb://localhost:27040,mongodb://localhost:27041,mongodb://localhost:27042,mongodb://localhost:27043,mongodb://localhost:27044,mongodb://localhost:27045,mongodb://localhost:27046 --first_mode=false
mongodb://localhost:27017 mongodb://localhost:27018 mongodb://localhost:27019 mongodb://localhost:27020 mongodb://localhost:27021 mongodb://localhost:27022 mongodb://localhost:27023 mongodb://localhost:27024 mongodb://localhost:27025 mongodb://localhost:27026 mongodb://localhost:27027 mongodb://localhost:27028 mongodb://localhost:27029 mongodb://localhost:27030 mongodb://localhost:27031 mongodb://localhost:27032 mongodb://localhost:27033 mongodb://localhost:27034 mongodb://localhost:27035 mongodb://localhost:27036 mongodb://localhost:27037 mongodb://localhost:27038 mongodb://localhost:27039 mongodb://localhost:27040 mongodb://localhost:27041 mongodb://localhost:27042 mongodb://localhost:27043 mongodb://localhost:27044 mongodb://localhost:27045 mongodb://localhost:27046 reading workload files ...
load_filename : /home/gxr/mongodb-run/workloads/ycsb/workloada-load-10000000-10000000.log.formated
read load file needs: 1326509390 s 
run_filename : /home/gxr/mongodb-run/workloads/ycsb/workloada-run-10000000-10000000.log.formated
read run file needs: 1271993155 s 
num_of_load_ops is 1862736
num_of_run_ops is 1934501
0 1 2 3 4 5 6 7 8 9 10 11 24 25 26 27 28 29 30 31 32 33 34 35 URI: URI: URI: URI: URI: URI: mongodb://localhost:27023URI: mongodb://localhost:27022
mongodb://localhost:27019
mongodb://localhost:27017mongodb://localhost:27018

URI: mongodb://localhost:27020
mongodb://localhost:27024
mongodb://localhost:27021

Load workloads needs: 12937371822 ns 
[report] load_thread_ID : 7
[report] load_duration_ns : 12937371822
[report] load_duration_s : 12.937372
[report] load_throughput : 17997.627586
[report] load_average_latency_ns : 55562.878785
Load workloads needs: 13264975723 ns 
[report] load_thread_ID : 4
[report] load_duration_ns : 13264975723
[report] load_duration_s : 13.264976
[report] load_throughput : 17553.141812
[report] load_average_latency_ns : 56969.858200
Load workloads needs: 13701325741 ns 
[report] load_thread_ID : 5
[report] load_duration_ns : 13701325741
[report] load_duration_s : 13.701326
[report] load_throughput : 16994.121912
[report] load_average_latency_ns : 58843.875851
Load workloads needs: 13855835001 ns 
[report] load_thread_ID : 6
[report] load_duration_ns : 13855835001
[report] load_duration_s : 13.855835
[report] load_throughput : 16804.616971
[report] load_average_latency_ns : 59507.455704
Load workloads needs: 13937055054 ns 
[report] load_thread_ID : 3
[report] load_duration_ns : 13937055054
[report] load_duration_s : 13.937055
[report] load_throughput : 16706.685817
[report] load_average_latency_ns : 59856.276162
Load workloads needs: 14298375201 ns 
[report] load_thread_ID : 2
[report] load_duration_ns : 14298375201
[report] load_duration_s : 14.298375
[report] load_throughput : 16284.507626
[report] load_average_latency_ns : 61408.058688
Load workloads needs: 14401239279 ns 
[report] load_thread_ID : 1
[report] load_duration_ns : 14401239279
[report] load_duration_s : 14.401239
[report] load_throughput : 16168.191882
[report] load_average_latency_ns : 61849.834991
Load workloads needs: 14514543765 ns 
[report] load_thread_ID : 0
[report] load_duration_ns : 14514543765
[report] load_duration_s : 14.514544
[report] load_throughput : 16041.978568
[report] load_average_latency_ns : 62336.450318
All clients run done needs: 14515562695 ns 
[report] load_overall_duration_ns : 14515562695
[report] load_overall_duration_s : 14.515563
[report] load_overall_throughput : 128326.819920
[report] load_overall_average_latency_ns : 7792.603297
