numactl --membind=2 /home/gxr/mongodb-run/test_mongodb/build//run_client --num_threads=16 --core_binding=0,1,2,3,4,5,6,7,8,9,10,11,24,25,26,27,28,29,30,31,32,33,34,35 --str_key_size=16 --str_key_size=1024 --load_file=/home/gxr/mongodb-run/workloads/ycsb/workloada-load-10000000-10000000.log.formated --run_file=/home/gxr/mongodb-run/workloads/ycsb/workloada-run-10000000-10000000.log.formated --URI_set=mongodb://localhost:27017,mongodb://localhost:27018,mongodb://localhost:27019,mongodb://localhost:27020,mongodb://localhost:27021,mongodb://localhost:27022,mongodb://localhost:27023,mongodb://localhost:27024,mongodb://localhost:27025,mongodb://localhost:27026,mongodb://localhost:27027,mongodb://localhost:27028,mongodb://localhost:27029,mongodb://localhost:27030,mongodb://localhost:27031,mongodb://localhost:27032,mongodb://localhost:27033,mongodb://localhost:27034,mongodb://localhost:27035,mongodb://localhost:27036,mongodb://localhost:27037,mongodb://localhost:27038,mongodb://localhost:27039,mongodb://localhost:27040,mongodb://localhost:27041,mongodb://localhost:27042,mongodb://localhost:27043,mongodb://localhost:27044,mongodb://localhost:27045,mongodb://localhost:27046 --first_mode=false
mongodb://localhost:27017 mongodb://localhost:27018 mongodb://localhost:27019 mongodb://localhost:27020 mongodb://localhost:27021 mongodb://localhost:27022 mongodb://localhost:27023 mongodb://localhost:27024 mongodb://localhost:27025 mongodb://localhost:27026 mongodb://localhost:27027 mongodb://localhost:27028 mongodb://localhost:27029 mongodb://localhost:27030 mongodb://localhost:27031 mongodb://localhost:27032 mongodb://localhost:27033 mongodb://localhost:27034 mongodb://localhost:27035 mongodb://localhost:27036 mongodb://localhost:27037 mongodb://localhost:27038 mongodb://localhost:27039 mongodb://localhost:27040 mongodb://localhost:27041 mongodb://localhost:27042 mongodb://localhost:27043 mongodb://localhost:27044 mongodb://localhost:27045 mongodb://localhost:27046 reading workload files ...
load_filename : /home/gxr/mongodb-run/workloads/ycsb/workloada-load-10000000-10000000.log.formated
read load file needs: 1128722532 s 
run_filename : /home/gxr/mongodb-run/workloads/ycsb/workloada-run-10000000-10000000.log.formated
read run file needs: 1112658079 s 
num_of_load_ops is 1862736
num_of_run_ops is 1934501
0 1 2 3 4 5 6 7 8 9 10 11 24 25 26 27 28 29 30 31 32 33 34 35 URI: URI: mongodb://localhost:27022
URI: mongodb://localhost:27020
URI: mongodb://localhost:27019
URI: mongodb://localhost:27021
URI: mongodb://localhost:27018
URI: mongodb://localhost:27024mongodb://localhost:27017

URI: mongodb://localhost:27026
URI: mongodb://localhost:27025
URI: URI: mongodb://localhost:27027
mongodb://localhost:27023
URI: mongodb://localhost:27028
URI: mongodb://localhost:27030
URI: mongodb://localhost:27031
URI: mongodb://localhost:27029
URI: mongodb://localhost:27032
Load workloads needs: 9935299816 ns 
[report] load_thread_ID : 14
[report] load_duration_ns : 9935299816
[report] load_duration_s : 9.935300
[report] load_throughput : 11717.915126
[report] load_average_latency_ns : 85339.413130
Load workloads needs: 10099231304 ns 
[report] load_thread_ID : 4
[report] load_duration_ns : 10099231304
[report] load_duration_s : 10.099231
[report] load_throughput : 11527.709040
[report] load_average_latency_ns : 86747.505210
Load workloads needs: 10205918567 ns 
[report] load_thread_ID : 12
[report] load_duration_ns : 10205918567
[report] load_duration_s : 10.205919
[report] load_throughput : 11407.204480
[report] load_average_latency_ns : 87663.897123
Load workloads needs: 10208182613 ns 
[report] load_thread_ID : 2
[report] load_duration_ns : 10208182613
[report] load_duration_s : 10.208183
[report] load_throughput : 11404.674506
[report] load_average_latency_ns : 87683.344182
Load workloads needs: 10293195205 ns 
[report] load_thread_ID : 13
[report] load_duration_ns : 10293195205
[report] load_duration_s : 10.293195
[report] load_throughput : 11310.482089
[report] load_average_latency_ns : 88413.561170
Load workloads needs: 10295268107 ns 
[report] load_thread_ID : 6
[report] load_duration_ns : 10295268107
[report] load_duration_s : 10.295268
[report] load_throughput : 11308.204778
[report] load_average_latency_ns : 88431.366394
Load workloads needs: 10313922572 ns 
[report] load_thread_ID : 3
[report] load_duration_ns : 10313922572
[report] load_duration_s : 10.313923
[report] load_throughput : 11287.751986
[report] load_average_latency_ns : 88591.599213
Load workloads needs: 10423162641 ns 
[report] load_thread_ID : 7
[report] load_duration_ns : 10423162641
[report] load_duration_s : 10.423163
[report] load_throughput : 11169.450579
[report] load_average_latency_ns : 89529.918494
Load workloads needs: 10497621326 ns 
[report] load_thread_ID : 1
[report] load_duration_ns : 10497621326
[report] load_duration_s : 10.497621
[report] load_throughput : 11090.226670
[report] load_average_latency_ns : 90169.482533
Load workloads needs: 10606535794 ns 
[report] load_thread_ID : 11
[report] load_duration_ns : 10606535794
[report] load_duration_s : 10.606536
[report] load_throughput : 10976.345365
[report] load_average_latency_ns : 91105.005059
Load workloads needs: 10618637951 ns 
[report] load_thread_ID : 15
[report] load_duration_ns : 10618637951
[report] load_duration_s : 10.618638
[report] load_throughput : 10963.835526
[report] load_average_latency_ns : 91208.956726
Load workloads needs: 10634942154 ns 
[report] load_thread_ID : 0
[report] load_duration_ns : 10634942154
[report] load_duration_s : 10.634942
[report] load_throughput : 10947.027103
[report] load_average_latency_ns : 91349.001933
Load workloads needs: 10685848423 ns 
[report] load_thread_ID : 8
[report] load_duration_ns : 10685848423
[report] load_duration_s : 10.685848
[report] load_throughput : 10894.876606
[report] load_average_latency_ns : 91786.262126
Load workloads needs: 10974656799 ns 
[report] load_thread_ID : 5
[report] load_duration_ns : 10974656799
[report] load_duration_s : 10.974657
[report] load_throughput : 10608.167721
[report] load_average_latency_ns : 94266.986188
Load workloads needs: 11013926904 ns 
[report] load_thread_ID : 9
[report] load_duration_ns : 11013926904
[report] load_duration_s : 11.013927
[report] load_throughput : 10570.344348
[report] load_average_latency_ns : 94604.297369
Load workloads needs: 11030707912 ns 
[report] load_thread_ID : 10
[report] load_duration_ns : 11030707912
[report] load_duration_s : 11.030708
[report] load_throughput : 10554.263691
[report] load_average_latency_ns : 94748.438100
All clients run done needs: 11031127099 ns 
[report] load_overall_duration_ns : 11031127099
[report] load_overall_duration_s : 11.031127
[report] load_overall_throughput : 168861.801997
[report] load_overall_average_latency_ns : 5922.002420
