numactl --membind=2 /home/gxr/mongodb-run/test_mongodb/build//run_client --num_threads=24 --core_binding=0,1,2,3,4,5,6,7,8,9,10,11,24,25,26,27,28,29,30,31,32,33,34,35 --str_key_size=16 --str_key_size=1024 --load_file=/home/gxr/mongodb-run/workloads/ycsb/workloada-load-10000000-10000000.log.formated --run_file=/home/gxr/mongodb-run/workloads/ycsb/workloada-run-10000000-10000000.log.formated --URI_set=mongodb://localhost:27017,mongodb://localhost:27018,mongodb://localhost:27019,mongodb://localhost:27020,mongodb://localhost:27021,mongodb://localhost:27022,mongodb://localhost:27023,mongodb://localhost:27024,mongodb://localhost:27025,mongodb://localhost:27026,mongodb://localhost:27027,mongodb://localhost:27028,mongodb://localhost:27029,mongodb://localhost:27030,mongodb://localhost:27031,mongodb://localhost:27032,mongodb://localhost:27033,mongodb://localhost:27034,mongodb://localhost:27035,mongodb://localhost:27036,mongodb://localhost:27037,mongodb://localhost:27038,mongodb://localhost:27039,mongodb://localhost:27040,mongodb://localhost:27041,mongodb://localhost:27042,mongodb://localhost:27043,mongodb://localhost:27044,mongodb://localhost:27045,mongodb://localhost:27046 --first_mode=true
mongodb://localhost:27017 mongodb://localhost:27018 mongodb://localhost:27019 mongodb://localhost:27020 mongodb://localhost:27021 mongodb://localhost:27022 mongodb://localhost:27023 mongodb://localhost:27024 mongodb://localhost:27025 mongodb://localhost:27026 mongodb://localhost:27027 mongodb://localhost:27028 mongodb://localhost:27029 mongodb://localhost:27030 mongodb://localhost:27031 mongodb://localhost:27032 mongodb://localhost:27033 mongodb://localhost:27034 mongodb://localhost:27035 mongodb://localhost:27036 mongodb://localhost:27037 mongodb://localhost:27038 mongodb://localhost:27039 mongodb://localhost:27040 mongodb://localhost:27041 mongodb://localhost:27042 mongodb://localhost:27043 mongodb://localhost:27044 mongodb://localhost:27045 mongodb://localhost:27046 reading workload files ...
load_filename : /home/gxr/mongodb-run/workloads/ycsb/workloada-load-10000000-10000000.log.formated
read load file needs: 1268093975 s 
run_filename : /home/gxr/mongodb-run/workloads/ycsb/workloada-run-10000000-10000000.log.formated
read run file needs: 1293444245 s 
num_of_load_ops is 1862736
num_of_run_ops is 1934501
0 1 2 3 4 5 6 7 8 9 10 11 24 25 26 27 28 29 30 31 32 33 34 35 URI: URI: URI: URI: URI: mongodb://localhost:27017
mongodb://localhost:27017
URI: mongodb://localhost:27017
URI: mongodb://localhost:27017
URI: mongodb://localhost:27017
URI: mongodb://localhost:27017
URI: mongodb://localhost:27017
mongodb://localhost:27017
mongodb://localhost:27017
URI: mongodb://localhost:27017
URI: mongodb://localhost:27017
URI: mongodb://localhost:27017
mongodb://localhost:27017
URI: URI: mongodb://localhost:27017
mongodb://localhost:27017
URI: mongodb://localhost:27017
URI: URI: mongodb://localhost:27017
mongodb://localhost:27017
URI: mongodb://localhost:27017
URI: mongodb://localhost:27017
URI: mongodb://localhost:27017
URI: mongodb://localhost:27017
URI: mongodb://localhost:27017
URI: mongodb://localhost:27017
Load workloads needs: 8888659562 ns 
[report] load_thread_ID : 6
[report] load_duration_ns : 8888659562
[report] load_duration_s : 8.888660
[report] load_throughput : 8731.800274
[report] load_average_latency_ns : 114523.920452
Load workloads needs: 8909070732 ns 
[report] load_thread_ID : 18
[report] load_duration_ns : 8909070732
[report] load_duration_s : 8.909071
[report] load_throughput : 8711.795240
[report] load_average_latency_ns : 114786.903548
Load workloads needs: 8948532084 ns 
[report] load_thread_ID : 13
[report] load_duration_ns : 8948532084
[report] load_duration_s : 8.948532
[report] load_throughput : 8673.377854
[report] load_average_latency_ns : 115295.334398
Load workloads needs: 9003429106 ns 
[report] load_thread_ID : 21
[report] load_duration_ns : 9003429106
[report] load_duration_s : 9.003429
[report] load_throughput : 8620.493268
[report] load_average_latency_ns : 116002.642642
Load workloads needs: 9004014968 ns 
[report] load_thread_ID : 19
[report] load_duration_ns : 9004014968
[report] load_duration_s : 9.004015
[report] load_throughput : 8619.932361
[report] load_average_latency_ns : 116010.191048
Load workloads needs: 9008862119 ns 
[report] load_thread_ID : 10
[report] load_duration_ns : 9008862119
[report] load_duration_s : 9.008862
[report] load_throughput : 8615.294471
[report] load_average_latency_ns : 116072.643067
Load workloads needs: 9010704390 ns 
[report] load_thread_ID : 7
[report] load_duration_ns : 9010704390
[report] load_duration_s : 9.010704
[report] load_throughput : 8613.533043
[report] load_average_latency_ns : 116096.379390
Load workloads needs: 9014391349 ns 
[report] load_thread_ID : 5
[report] load_duration_ns : 9014391349
[report] load_duration_s : 9.014391
[report] load_throughput : 8610.010038
[report] load_average_latency_ns : 116143.883178
Load workloads needs: 9027449322 ns 
[report] load_thread_ID : 17
[report] load_duration_ns : 9027449322
[report] load_duration_s : 9.027449
[report] load_throughput : 8597.555880
[report] load_average_latency_ns : 116312.125673
Load workloads needs: 9033620328 ns 
[report] load_thread_ID : 15
[report] load_duration_ns : 9033620328
[report] load_duration_s : 9.033620
[report] load_throughput : 8591.682756
[report] load_average_latency_ns : 116391.634602
Load workloads needs: 9038453036 ns 
[report] load_thread_ID : 9
[report] load_duration_ns : 9038453036
[report] load_duration_s : 9.038453
[report] load_throughput : 8587.088929
[report] load_average_latency_ns : 116453.900533
Load workloads needs: 9044331631 ns 
[report] load_thread_ID : 3
[report] load_duration_ns : 9044331631
[report] load_duration_s : 9.044332
[report] load_throughput : 8581.507531
[report] load_average_latency_ns : 116529.641959
Load workloads needs: 9048707502 ns 
[report] load_thread_ID : 20
[report] load_duration_ns : 9048707502
[report] load_duration_s : 9.048708
[report] load_throughput : 8577.357593
[report] load_average_latency_ns : 116586.021877
Load workloads needs: 9054244871 ns 
[report] load_thread_ID : 8
[report] load_duration_ns : 9054244871
[report] load_duration_s : 9.054245
[report] load_throughput : 8572.111877
[report] load_average_latency_ns : 116657.366854
Load workloads needs: 9055560444 ns 
[report] load_thread_ID : 23
[report] load_duration_ns : 9055560444
[report] load_duration_s : 9.055560
[report] load_throughput : 8570.866539
[report] load_average_latency_ns : 116674.317056
Load workloads needs: 9060697487 ns 
[report] load_thread_ID : 12
[report] load_duration_ns : 9060697487
[report] load_duration_s : 9.060697
[report] load_throughput : 8566.007210
[report] load_average_latency_ns : 116740.504123
Load workloads needs: 9061611543 ns 
[report] load_thread_ID : 11
[report] load_duration_ns : 9061611543
[report] load_duration_s : 9.061612
[report] load_throughput : 8565.143146
[report] load_average_latency_ns : 116752.281070
Load workloads needs: 9069629517 ns 
[report] load_thread_ID : 0
[report] load_duration_ns : 9069629517
[report] load_duration_s : 9.069630
[report] load_throughput : 8557.571161
[report] load_average_latency_ns : 116855.586840
Load workloads needs: 9071560898 ns 
[report] load_thread_ID : 1
[report] load_duration_ns : 9071560898
[report] load_duration_s : 9.071561
[report] load_throughput : 8555.749211
[report] load_average_latency_ns : 116880.471281
Load workloads needs: 9077157609 ns 
[report] load_thread_ID : 22
[report] load_duration_ns : 9077157609
[report] load_duration_s : 9.077158
[report] load_throughput : 8550.473986
[report] load_average_latency_ns : 116952.580836
Load workloads needs: 9127121000 ns 
[report] load_thread_ID : 4
[report] load_duration_ns : 9127121000
[report] load_duration_s : 9.127121
[report] load_throughput : 8503.667257
[report] load_average_latency_ns : 117596.322828
Load workloads needs: 9129883514 ns 
[report] load_thread_ID : 16
[report] load_duration_ns : 9129883514
[report] load_duration_s : 9.129884
[report] load_throughput : 8501.094223
[report] load_average_latency_ns : 117631.915814
Load workloads needs: 9140973781 ns 
[report] load_thread_ID : 14
[report] load_duration_ns : 9140973781
[report] load_duration_s : 9.140974
[report] load_throughput : 8490.780289
[report] load_average_latency_ns : 117774.805847
Load workloads needs: 9143716701 ns 
[report] load_thread_ID : 2
[report] load_duration_ns : 9143716701
[report] load_duration_s : 9.143717
[report] load_throughput : 8488.233236
[report] load_average_latency_ns : 117810.146378
All clients run done needs: 9144195761 ns 
[report] load_overall_duration_ns : 9144195761
[report] load_overall_duration_s : 9.144196
[report] load_overall_throughput : 203706.924992
[report] load_overall_average_latency_ns : 4909.013280
