numactl --membind=2 /home/gxr/mongodb-run/test_mongodb/build//run_client --num_threads=4 --core_binding=0,1,2,3,4,5,6,7,8,9,10,11,24,25,26,27,28,29,30,31,32,33,34,35 --str_key_size=16 --str_key_size=1024 --load_file=/home/gxr/mongodb-run/workloads/ycsb/workloada-load-50000000-50000000.log.formated --run_file=/home/gxr/mongodb-run/workloads/ycsb/workloada-run-50000000-50000000.log.formated --URI_set=mongodb://localhost:27017,mongodb://localhost:27018,mongodb://localhost:27019,mongodb://localhost:27020,mongodb://localhost:27021,mongodb://localhost:27022,mongodb://localhost:27023,mongodb://localhost:27024,mongodb://localhost:27025,mongodb://localhost:27026,mongodb://localhost:27027,mongodb://localhost:27028,mongodb://localhost:27029,mongodb://localhost:27030,mongodb://localhost:27031,mongodb://localhost:27032,mongodb://localhost:27033,mongodb://localhost:27034,mongodb://localhost:27035,mongodb://localhost:27036,mongodb://localhost:27037,mongodb://localhost:27038,mongodb://localhost:27039,mongodb://localhost:27040,mongodb://localhost:27041,mongodb://localhost:27042,mongodb://localhost:27043,mongodb://localhost:27044,mongodb://localhost:27045,mongodb://localhost:27046 --first_mode=false
mongodb://localhost:27017 mongodb://localhost:27018 mongodb://localhost:27019 mongodb://localhost:27020 mongodb://localhost:27021 mongodb://localhost:27022 mongodb://localhost:27023 mongodb://localhost:27024 mongodb://localhost:27025 mongodb://localhost:27026 mongodb://localhost:27027 mongodb://localhost:27028 mongodb://localhost:27029 mongodb://localhost:27030 mongodb://localhost:27031 mongodb://localhost:27032 mongodb://localhost:27033 mongodb://localhost:27034 mongodb://localhost:27035 mongodb://localhost:27036 mongodb://localhost:27037 mongodb://localhost:27038 mongodb://localhost:27039 mongodb://localhost:27040 mongodb://localhost:27041 mongodb://localhost:27042 mongodb://localhost:27043 mongodb://localhost:27044 mongodb://localhost:27045 mongodb://localhost:27046 reading workload files ...
load_filename : /home/gxr/mongodb-run/workloads/ycsb/workloada-load-50000000-50000000.log.formated
read load file needs: 1192329988 s 
run_filename : /home/gxr/mongodb-run/workloads/ycsb/workloada-run-50000000-50000000.log.formated
read run file needs: 1286942533 s 
num_of_load_ops is 1774963
num_of_run_ops is 1924255
0 1 2 3 4 5 6 7 8 9 10 11 24 25 26 27 28 29 30 31 32 33 34 35 URI: URI: URI: mongodb://localhost:27018mongodb://localhost:27017URI: 
mongodb://localhost:27020

mongodb://localhost:27019
Load workloads needs: 21798345646 ns 
[report] load_thread_ID : 2
[report] load_duration_ns : 21798345646
[report] load_duration_s : 21.798346
[report] load_throughput : 20356.590688
[report] load_average_latency_ns : 49124.139465
Load workloads needs: 22752474028 ns 
[report] load_thread_ID : 3
[report] load_duration_ns : 22752474028
[report] load_duration_s : 22.752474
[report] load_throughput : 19502.934031
[report] load_average_latency_ns : 51274.336386
Load workloads needs: 27843226094 ns 
[report] load_thread_ID : 0
[report] load_duration_ns : 27843226094
[report] load_duration_s : 27.843226
[report] load_throughput : 15937.089995
[report] load_average_latency_ns : 62746.712250
Load workloads needs: 29328480464 ns 
[report] load_thread_ID : 1
[report] load_duration_ns : 29328480464
[report] load_duration_s : 29.328480
[report] load_throughput : 15130.003088
[report] load_average_latency_ns : 66093.839780
All clients run done needs: 29329710216 ns 
[report] load_overall_duration_ns : 29329710216
[report] load_overall_duration_s : 29.329710
[report] load_overall_throughput : 60517.577123
[report] load_overall_average_latency_ns : 16524.124850
