numactl --membind=2 /home/gxr/mongodb-run/test_mongodb/build//run_client --num_threads=16 --core_binding=0,1,2,3,4,5,6,7,8,9,10,11,24,25,26,27,28,29,30,31,32,33,34,35 --str_key_size=16 --str_key_size=16 --load_file=/home/gxr/mongodb-run/workloads/ycsb/workloada-load-50000000-50000000.log.formated --run_file=/home/gxr/mongodb-run/workloads/ycsb/workloada-run-50000000-50000000.log.formated --URI_set=mongodb://localhost:27017,mongodb://localhost:27018,mongodb://localhost:27019,mongodb://localhost:27020,mongodb://localhost:27021,mongodb://localhost:27022,mongodb://localhost:27023,mongodb://localhost:27024,mongodb://localhost:27025,mongodb://localhost:27026,mongodb://localhost:27027,mongodb://localhost:27028,mongodb://localhost:27029,mongodb://localhost:27030,mongodb://localhost:27031,mongodb://localhost:27032,mongodb://localhost:27033,mongodb://localhost:27034,mongodb://localhost:27035,mongodb://localhost:27036,mongodb://localhost:27037,mongodb://localhost:27038,mongodb://localhost:27039,mongodb://localhost:27040,mongodb://localhost:27041,mongodb://localhost:27042,mongodb://localhost:27043,mongodb://localhost:27044,mongodb://localhost:27045,mongodb://localhost:27046 --first_mode=true
mongodb://localhost:27017 mongodb://localhost:27018 mongodb://localhost:27019 mongodb://localhost:27020 mongodb://localhost:27021 mongodb://localhost:27022 mongodb://localhost:27023 mongodb://localhost:27024 mongodb://localhost:27025 mongodb://localhost:27026 mongodb://localhost:27027 mongodb://localhost:27028 mongodb://localhost:27029 mongodb://localhost:27030 mongodb://localhost:27031 mongodb://localhost:27032 mongodb://localhost:27033 mongodb://localhost:27034 mongodb://localhost:27035 mongodb://localhost:27036 mongodb://localhost:27037 mongodb://localhost:27038 mongodb://localhost:27039 mongodb://localhost:27040 mongodb://localhost:27041 mongodb://localhost:27042 mongodb://localhost:27043 mongodb://localhost:27044 mongodb://localhost:27045 mongodb://localhost:27046 reading workload files ...
load_filename : /home/gxr/mongodb-run/workloads/ycsb/workloada-load-50000000-50000000.log.formated
read load file needs: 1235755981 s 
run_filename : /home/gxr/mongodb-run/workloads/ycsb/workloada-run-50000000-50000000.log.formated
read run file needs: 1286116039 s 
num_of_load_ops is 1774963
num_of_run_ops is 1924255
0 1 2 3 4 5 6 7 8 9 10 11 24 25 26 27 28 29 30 31 32 33 34 35 URI: URI: URI: URI: URI: mongodb://localhost:27017mongodb://localhost:27017

URI: mongodb://localhost:27017
mongodb://localhost:27017
URI: mongodb://localhost:27017
URI: mongodb://localhost:27017
URI: URI: mongodb://localhost:27017
mongodb://localhost:27017
URI: mongodb://localhost:27017
mongodb://localhost:27017
mongodb://localhost:27017
URI: mongodb://localhost:27017
URI: mongodb://localhost:27017
URI: mongodb://localhost:27017
URI: mongodb://localhost:27017
URI: mongodb://localhost:27017
Load workloads needs: 12043676680 ns 
[report] load_thread_ID : 9
[report] load_duration_ns : 12043676680
[report] load_duration_s : 12.043677
[report] load_throughput : 9211.057632
[report] load_average_latency_ns : 108565.165908
Load workloads needs: 12077575585 ns 
[report] load_thread_ID : 8
[report] load_duration_ns : 12077575585
[report] load_duration_s : 12.077576
[report] load_throughput : 9185.204366
[report] load_average_latency_ns : 108870.740389
Load workloads needs: 12252413019 ns 
[report] load_thread_ID : 10
[report] load_duration_ns : 12252413019
[report] load_duration_s : 12.252413
[report] load_throughput : 9054.134874
[report] load_average_latency_ns : 110446.775310
Load workloads needs: 12271491114 ns 
[report] load_thread_ID : 7
[report] load_duration_ns : 12271491114
[report] load_duration_s : 12.271491
[report] load_throughput : 9040.058699
[report] load_average_latency_ns : 110618.750746
Load workloads needs: 12319186064 ns 
[report] load_thread_ID : 6
[report] load_duration_ns : 12319186064
[report] load_duration_s : 12.319186
[report] load_throughput : 9005.059216
[report] load_average_latency_ns : 111048.686744
Load workloads needs: 12354734589 ns 
[report] load_thread_ID : 0
[report] load_duration_ns : 12354734589
[report] load_duration_s : 12.354735
[report] load_throughput : 8979.148779
[report] load_average_latency_ns : 111369.131374
Load workloads needs: 12359340220 ns 
[report] load_thread_ID : 11
[report] load_duration_ns : 12359340220
[report] load_duration_s : 12.359340
[report] load_throughput : 8975.802755
[report] load_average_latency_ns : 111410.647857
Load workloads needs: 12362130406 ns 
[report] load_thread_ID : 12
[report] load_duration_ns : 12362130406
[report] load_duration_s : 12.362130
[report] load_throughput : 8973.776878
[report] load_average_latency_ns : 111435.799396
Load workloads needs: 12372439422 ns 
[report] load_thread_ID : 13
[report] load_duration_ns : 12372439422
[report] load_duration_s : 12.372439
[report] load_throughput : 8966.299710
[report] load_average_latency_ns : 111528.727832
Load workloads needs: 12378197903 ns 
[report] load_thread_ID : 15
[report] load_duration_ns : 12378197903
[report] load_duration_s : 12.378198
[report] load_throughput : 8962.128483
[report] load_average_latency_ns : 111580.636436
Load workloads needs: 12384450883 ns 
[report] load_thread_ID : 5
[report] load_duration_ns : 12384450883
[report] load_duration_s : 12.384451
[report] load_throughput : 8957.603454
[report] load_average_latency_ns : 111637.002596
Load workloads needs: 12390234270 ns 
[report] load_thread_ID : 1
[report] load_duration_ns : 12390234270
[report] load_duration_s : 12.390234
[report] load_throughput : 8953.422315
[report] load_average_latency_ns : 111689.135710
Load workloads needs: 12417470566 ns 
[report] load_thread_ID : 14
[report] load_duration_ns : 12417470566
[report] load_duration_s : 12.417471
[report] load_throughput : 8933.784011
[report] load_average_latency_ns : 111934.651517
Load workloads needs: 12423692126 ns 
[report] load_thread_ID : 2
[report] load_duration_ns : 12423692126
[report] load_duration_s : 12.423692
[report] load_throughput : 8929.310134
[report] load_average_latency_ns : 111990.734448
Load workloads needs: 12444225623 ns 
[report] load_thread_ID : 4
[report] load_duration_ns : 12444225623
[report] load_duration_s : 12.444226
[report] load_throughput : 8914.576396
[report] load_average_latency_ns : 112175.829296
Load workloads needs: 12465146594 ns 
[report] load_thread_ID : 3
[report] load_duration_ns : 12465146594
[report] load_duration_s : 12.465147
[report] load_throughput : 8899.614550
[report] load_average_latency_ns : 112364.416947
All clients run done needs: 12465789173 ns 
[report] load_overall_duration_ns : 12465789173
[report] load_overall_duration_s : 12.465789
[report] load_overall_throughput : 142386.733432
[report] load_overall_average_latency_ns : 7023.126213
