numactl --membind=2 /home/gxr/mongodb-run/test_mongodb/build//run_client --num_threads=24 --core_binding=0,1,2,3,4,5,6,7,8,9,10,11,24,25,26,27,28,29,30,31,32,33,34,35 --str_key_size=16 --str_key_size=1024 --load_file=/home/gxr/mongodb-run/workloads/ycsb/workloada-load-50000000-50000000.log.formated --run_file=/home/gxr/mongodb-run/workloads/ycsb/workloada-run-50000000-50000000.log.formated --URI_set=mongodb://localhost:27017,mongodb://localhost:27018,mongodb://localhost:27019,mongodb://localhost:27020,mongodb://localhost:27021,mongodb://localhost:27022,mongodb://localhost:27023,mongodb://localhost:27024,mongodb://localhost:27025,mongodb://localhost:27026,mongodb://localhost:27027,mongodb://localhost:27028,mongodb://localhost:27029,mongodb://localhost:27030,mongodb://localhost:27031,mongodb://localhost:27032,mongodb://localhost:27033,mongodb://localhost:27034,mongodb://localhost:27035,mongodb://localhost:27036,mongodb://localhost:27037,mongodb://localhost:27038,mongodb://localhost:27039,mongodb://localhost:27040,mongodb://localhost:27041,mongodb://localhost:27042,mongodb://localhost:27043,mongodb://localhost:27044,mongodb://localhost:27045,mongodb://localhost:27046 --first_mode=true
mongodb://localhost:27017 mongodb://localhost:27018 mongodb://localhost:27019 mongodb://localhost:27020 mongodb://localhost:27021 mongodb://localhost:27022 mongodb://localhost:27023 mongodb://localhost:27024 mongodb://localhost:27025 mongodb://localhost:27026 mongodb://localhost:27027 mongodb://localhost:27028 mongodb://localhost:27029 mongodb://localhost:27030 mongodb://localhost:27031 mongodb://localhost:27032 mongodb://localhost:27033 mongodb://localhost:27034 mongodb://localhost:27035 mongodb://localhost:27036 mongodb://localhost:27037 mongodb://localhost:27038 mongodb://localhost:27039 mongodb://localhost:27040 mongodb://localhost:27041 mongodb://localhost:27042 mongodb://localhost:27043 mongodb://localhost:27044 mongodb://localhost:27045 mongodb://localhost:27046 reading workload files ...
load_filename : /home/gxr/mongodb-run/workloads/ycsb/workloada-load-50000000-50000000.log.formated
read load file needs: 1192684341 s 
run_filename : /home/gxr/mongodb-run/workloads/ycsb/workloada-run-50000000-50000000.log.formated
read run file needs: 1285946606 s 
num_of_load_ops is 1774963
num_of_run_ops is 1924255
0 1 2 3 4 5 6 7 8 9 10 11 24 25 26 27 28 29 30 31 32 33 34 35 URI: URI: URI: mongodb://localhost:27017mongodb://localhost:27017
mongodb://localhost:27017URI: mongodb://localhost:27017URI: mongodb://localhost:27017



URI: mongodb://localhost:27017
URI: mongodb://localhost:27017
URI: mongodb://localhost:27017
URI: mongodb://localhost:27017
URI: mongodb://localhost:27017URI: mongodb://localhost:27017

URI: mongodb://localhost:27017
URI: mongodb://localhost:27017
URI: mongodb://localhost:27017
URI: mongodb://localhost:27017
URI: mongodb://localhost:27017
URI: mongodb://localhost:27017
URI: mongodb://localhost:27017
URI: mongodb://localhost:27017
URI: mongodb://localhost:27017
URI: mongodb://localhost:27017
URI: mongodb://localhost:27017
URI: mongodb://localhost:27017
URI: mongodb://localhost:27017
Load workloads needs: 8458639459 ns 
[report] load_thread_ID : 13
[report] load_duration_ns : 8458639459
[report] load_duration_s : 8.458639
[report] load_throughput : 8743.250065
[report] load_average_latency_ns : 114373.944764
Load workloads needs: 8492411897 ns 
[report] load_thread_ID : 18
[report] load_duration_ns : 8492411897
[report] load_duration_s : 8.492412
[report] load_throughput : 8708.480099
[report] load_average_latency_ns : 114830.600587
Load workloads needs: 8495222896 ns 
[report] load_thread_ID : 16
[report] load_duration_ns : 8495222896
[report] load_duration_s : 8.495223
[report] load_throughput : 8705.598535
[report] load_average_latency_ns : 114868.609660
Load workloads needs: 8501264791 ns 
[report] load_thread_ID : 6
[report] load_duration_ns : 8501264791
[report] load_duration_s : 8.501265
[report] load_throughput : 8699.411419
[report] load_average_latency_ns : 114950.305465
Load workloads needs: 8512317556 ns 
[report] load_thread_ID : 4
[report] load_duration_ns : 8512317556
[report] load_duration_s : 8.512318
[report] load_throughput : 8688.115723
[report] load_average_latency_ns : 115099.756017
Load workloads needs: 8522760747 ns 
[report] load_thread_ID : 8
[report] load_duration_ns : 8522760747
[report] load_duration_s : 8.522761
[report] load_throughput : 8677.469918
[report] load_average_latency_ns : 115240.964181
Load workloads needs: 8524606202 ns 
[report] load_thread_ID : 20
[report] load_duration_ns : 8524606202
[report] load_duration_s : 8.524606
Load workloads needs: 8524921306 ns 
[report] load_throughput[report] load_thread_ID : 17
[report] load_duration_ns : 8524921306
 : 8675.591370
[report] load_average_latency_ns : 115265.917600
[report] load_duration_s : 8.524921
[report] load_throughput : 8675.270697
[report] load_average_latency_ns : 115270.178295
Load workloads needs: 8529611555 ns 
[report] load_thread_ID : 5
[report] load_duration_ns : 8529611555
[report] load_duration_s : 8.529612
[report] load_throughput : 8670.500353
[report] load_average_latency_ns : 115333.597747
Load workloads needs: 8532300507 ns 
[report] load_thread_ID : 14
[report] load_duration_ns : 8532300507
[report] load_duration_s : 8.532301
[report] load_throughput : 8667.767848
[report] load_average_latency_ns : 115369.956555
Load workloads needs: 8536306548 ns 
[report] load_thread_ID : 2
[report] load_duration_ns : 8536306548
[report] load_duration_s : 8.536307
[report] load_throughput : 8663.700112
[report] load_average_latency_ns : 115424.124452
Load workloads needs: 8536857432 ns 
[report] load_thread_ID : 22
[report] load_duration_ns : 8536857432
[report] load_duration_s : 8.536857
[report] load_throughput : 8663.141043
[report] load_average_latency_ns : 115431.573260
Load workloads needs: 8541026764 ns 
[report] load_thread_ID : 7
[report] load_duration_ns : 8541026764
[report] load_duration_s : 8.541027
[report] load_throughput : 8658.912101
[report] load_average_latency_ns : 115487.949105
Load workloads needs: 8545984038 ns 
[report] load_thread_ID : 19
[report] load_duration_ns : 8545984038
[report] load_duration_s : 8.545984
[report] load_throughput : 8653.889321
[report] load_average_latency_ns : 115554.979150
Load workloads needs: 8548671068 ns 
[report] load_thread_ID : 21
[report] load_duration_ns : 8548671068
[report] load_duration_s : 8.548671
[report] load_throughput : 8651.169218
[report] load_average_latency_ns : 115591.311969
Load workloads needs: 8549328319 ns 
[report] load_thread_ID : 10
[report] load_duration_ns : 8549328319
[report] load_duration_s : 8.549328
[report] load_throughput : 8650.504138
[report] load_average_latency_ns : 115600.199024
Load workloads needs: 8554216923 ns 
[report] load_thread_ID : 1
[report] load_duration_ns : 8554216923
[report] load_duration_s : 8.554217
[report] load_throughput : 8645.560507
[report] load_average_latency_ns : 115666.300544
Load workloads needs: 8558236329 ns 
[report] load_thread_ID : 15
[report] load_duration_ns : 8558236329
[report] load_duration_s : 8.558236
[report] load_throughput : 8641.500089
[report] load_average_latency_ns : 115720.649156
Load workloads needs: 8560270492 ns 
[report] load_thread_ID : 9
[report] load_duration_ns : 8560270492
[report] load_duration_s : 8.560270
[report] load_throughput : 8639.446624
[report] load_average_latency_ns : 115748.154200
Load workloads needs: 8567802787 ns 
[report] load_thread_ID : 11
[report] load_duration_ns : 8567802787
[report] load_duration_s : 8.567803
[report] load_throughput : 8631.851344
[report] load_average_latency_ns : 115850.002529
Load workloads needs: 8568415645 ns 
[report] load_thread_ID : 23
[report] load_duration_ns : 8568415645
[report] load_duration_s : 8.568416
[report] load_throughput : 8631.233949
[report] load_average_latency_ns : 115858.289321
Load workloads needs: 8569999747 ns 
[report] load_thread_ID : 3
[report] load_duration_ns : 8569999747
[report] load_duration_s : 8.570000
[report] load_throughput : 8629.638528
[report] load_average_latency_ns : 115879.708840
Load workloads needs: 8578959981 ns 
[report] load_thread_ID : 12
[report] load_duration_ns : 8578959981
[report] load_duration_s : 8.578960
[report] load_throughput : 8620.625363
[report] load_average_latency_ns : 116000.865123
Load workloads needs: 8592669846 ns 
[report] load_thread_ID : 0
[report] load_duration_ns : 8592669846
[report] load_duration_s : 8.592670
[report] load_throughput : 8606.870894
[report] load_average_latency_ns : 116186.243794
All clients run done needs: 8592531579 ns 
[report] load_overall_duration_ns : 8592531579
[report] load_overall_duration_s : 8.592532
[report] load_overall_throughput : 206570.436626
[report] load_overall_average_latency_ns : 4840.963772
