numactl --membind=2 /home/gxr/mongodb-run/test_mongodb/build//run_client --num_threads=24 --core_binding=0,1,2,3,4,5,6,7,8,9,10,11,24,25,26,27,28,29,30,31,32,33,34,35 --str_key_size=16 --str_key_size=16 --load_file=/home/gxr/mongodb-run/workloads/ycsb/workloada-load-10000000-10000000.log.formated --run_file=/home/gxr/mongodb-run/workloads/ycsb/workloada-run-10000000-10000000.log.formated --URI_set=mongodb://localhost:27017,mongodb://localhost:27018,mongodb://localhost:27019,mongodb://localhost:27020,mongodb://localhost:27021,mongodb://localhost:27022,mongodb://localhost:27023,mongodb://localhost:27024,mongodb://localhost:27025,mongodb://localhost:27026,mongodb://localhost:27027,mongodb://localhost:27028,mongodb://localhost:27029,mongodb://localhost:27030,mongodb://localhost:27031,mongodb://localhost:27032,mongodb://localhost:27033,mongodb://localhost:27034,mongodb://localhost:27035,mongodb://localhost:27036,mongodb://localhost:27037,mongodb://localhost:27038,mongodb://localhost:27039,mongodb://localhost:27040,mongodb://localhost:27041,mongodb://localhost:27042,mongodb://localhost:27043,mongodb://localhost:27044,mongodb://localhost:27045,mongodb://localhost:27046 --first_mode=false
mongodb://localhost:27017 mongodb://localhost:27018 mongodb://localhost:27019 mongodb://localhost:27020 mongodb://localhost:27021 mongodb://localhost:27022 mongodb://localhost:27023 mongodb://localhost:27024 mongodb://localhost:27025 mongodb://localhost:27026 mongodb://localhost:27027 mongodb://localhost:27028 mongodb://localhost:27029 mongodb://localhost:27030 mongodb://localhost:27031 mongodb://localhost:27032 mongodb://localhost:27033 mongodb://localhost:27034 mongodb://localhost:27035 mongodb://localhost:27036 mongodb://localhost:27037 mongodb://localhost:27038 mongodb://localhost:27039 mongodb://localhost:27040 mongodb://localhost:27041 mongodb://localhost:27042 mongodb://localhost:27043 mongodb://localhost:27044 mongodb://localhost:27045 mongodb://localhost:27046 reading workload files ...
load_filename : /home/gxr/mongodb-run/workloads/ycsb/workloada-load-10000000-10000000.log.formated
read load file needs: 1142797923 s 
run_filename : /home/gxr/mongodb-run/workloads/ycsb/workloada-run-10000000-10000000.log.formated
read run file needs: 1111111353 s 
num_of_load_ops is 1862736
num_of_run_ops is 1934501
0 1 2 3 4 5 6 7 8 9 10 11 24 25 26 27 28 29 30 31 32 33 34 35 URI: URI: mongodb://localhost:27017URI: URI: URI: URI: URI: mongodb://localhost:27023mongodb://localhost:27020
mongodb://localhost:27022mongodb://localhost:27019URI: mongodb://localhost:27024


URI: mongodb://localhost:27025URI: mongodb://localhost:27026
mongodb://localhost:27021


URI: mongodb://localhost:27027
mongodb://localhost:27018

URI: mongodb://localhost:27029
URI: mongodb://localhost:27028
URI: mongodb://localhost:27031
URI: mongodb://localhost:27030
URI: mongodb://localhost:27032
URI: mongodb://localhost:27033
URI: mongodb://localhost:27034
URI: mongodb://localhost:27035
URI: mongodb://localhost:27036
URI: mongodb://localhost:27037
URI: mongodb://localhost:27038
URI: mongodb://localhost:27039
URI: mongodb://localhost:27040
Load workloads needs: 8131314728 ns 
[report] load_thread_ID : 7
[report] load_duration_ns : 8131314728
[report] load_duration_s : 8.131315
[report] load_throughput : 9545.073902
[report] load_average_latency_ns : 104766.082511
Load workloads needs: 8176900836 ns 
[report] load_thread_ID : 22
[report] load_duration_ns : 8176900836
[report] load_duration_s : 8.176901
[report] load_throughput : 9491.860248
[report] load_average_latency_ns : 105353.426392
Load workloads needs: 8338908876 ns 
[report] load_thread_ID : 8
[report] load_duration_ns : 8338908876
[report] load_duration_s : 8.338909
[report] load_throughput : 9307.452708
[report] load_average_latency_ns : 107440.782282
Load workloads needs: 8340749727 ns 
[report] load_thread_ID : 14
[report] load_duration_ns : 8340749727
[report] load_duration_s : 8.340750
[report] load_throughput : 9305.398500
[report] load_average_latency_ns : 107464.500309
Load workloads needs: 8373902947 ns 
[report] load_thread_ID : 23
[report] load_duration_ns : 8373902947
[report] load_duration_s : 8.373903
[report] load_throughput : 9268.557385
[report] load_average_latency_ns : 107891.655462
Load workloads needs: 8381773076 ns 
[report] load_thread_ID : 2
[report] load_duration_ns : 8381773076
[report] load_duration_s : 8.381773
[report] load_throughput : 9259.854603
[report] load_average_latency_ns : 107993.056356
Load workloads needs: 8389858062 ns 
[report] load_thread_ID : 15
[report] load_duration_ns : 8389858062
[report] load_duration_s : 8.389858
[report] load_throughput : 9250.931235
[report] load_average_latency_ns : 108097.225526
Load workloads needs: 8399908353 ns 
[report] load_thread_ID : 13
[report] load_duration_ns : 8399908353
[report] load_duration_s : 8.399908
[report] load_throughput : 9239.862715
[report] load_average_latency_ns : 108226.716224
Load workloads needs: 8413402595 ns 
[report] load_thread_ID : 1
[report] load_duration_ns : 8413402595
[report] load_duration_s : 8.413403
[report] load_throughput : 9225.042915
[report] load_average_latency_ns : 108400.579728
Load workloads needs: 8414390401 ns 
[report] load_thread_ID : 6
[report] load_duration_ns : 8414390401
[report] load_duration_s : 8.414390
[report] load_throughput : 9223.959943
[report] load_average_latency_ns : 108413.306891
Load workloads needs: 8420971061 ns 
[report] load_thread_ID : 20
[report] load_duration_ns : 8420971061
[report] load_duration_s : 8.420971
[report] load_throughput : 9216.751778
[report] load_average_latency_ns : 108498.093913
Load workloads needs: 8454515460 ns 
[report] load_thread_ID : 11
[report] load_duration_ns : 8454515460
[report] load_duration_s : 8.454515
[report] load_throughput : 9180.183107
[report] load_average_latency_ns : 108930.289123
Load workloads needs: 8463956695 ns 
[report] load_thread_ID : 5
[report] load_duration_ns : 8463956695
[report] load_duration_s : 8.463957
[report] load_throughput : 9169.942947
[report] load_average_latency_ns : 109051.932577
Load workloads needs: 8465754662 ns 
[report] load_thread_ID : 10
[report] load_duration_ns : 8465754662
[report] load_duration_s : 8.465755
[report] load_throughput : 9167.995424
[report] load_average_latency_ns : 109075.098075
Load workloads needs: 8467239621 ns 
[report] load_thread_ID : 3
[report] load_duration_ns : 8467239621
[report] load_duration_s : 8.467240
[report] load_throughput : 9166.387568
[report] load_average_latency_ns : 109094.230693
Load workloads needs: 8467968368 ns 
[report] load_thread_ID : 9
[report] load_duration_ns : 8467968368
[report] load_duration_s : 8.467968
[report] load_throughput : 9165.598716
[report] load_average_latency_ns : 109103.620069
Load workloads needs: 8468525295 ns 
[report] load_thread_ID : 12
[report] load_duration_ns : 8468525295
[report] load_duration_s : 8.468525
[report] load_throughput : 9164.995946
[report] load_average_latency_ns : 109110.795668
Load workloads needs: 8468599340 ns 
[report] load_thread_ID : 16
[report] load_duration_ns : 8468599340
[report] load_duration_s : 8.468599
[report] load_throughput : 9164.915812
[report] load_average_latency_ns : 109111.749684
Load workloads needs: 8486539236 ns 
[report] load_thread_ID : 17
[report] load_duration_ns : 8486539236
[report] load_duration_s : 8.486539
[report] load_throughput : 9145.541880
[report] load_average_latency_ns : 109342.892210
Load workloads needs: 8599143521 ns 
[report] load_thread_ID : 21
[report] load_duration_ns : 8599143521
[report] load_duration_s : 8.599144
[report] load_throughput : 9025.782604
[report] load_average_latency_ns : 110793.716610
Load workloads needs: 8601389318 ns 
[report] load_thread_ID : 19
[report] load_duration_ns : 8601389318
[report] load_duration_s : 8.601389
[report] load_throughput : 9023.425999
[report] load_average_latency_ns : 110822.652073
Load workloads needs: 8618934404 ns 
[report] load_thread_ID : 4
[report] load_duration_ns : 8618934404
[report] load_duration_s : 8.618934
[report] load_throughput : 9005.057512
[report] load_average_latency_ns : 111048.707759
Load workloads needs: 8939810169 ns 
[report] load_thread_ID : 18
[report] load_duration_ns : 8939810169
[report] load_duration_s : 8.939810
[report] load_throughput : 8681.839830
[report] load_average_latency_ns : 115182.958861
Load workloads needs: 8941375981 ns 
[report] load_thread_ID : 0
[report] load_duration_ns : 8941375981
[report] load_duration_s : 8.941376
[report] load_throughput : 8680.319468
[report] load_average_latency_ns : 115203.133211
All clients run done needs: 8941533364 ns 
[report] load_overall_duration_ns : 8941533364
[report] load_overall_duration_s : 8.941533
[report] load_overall_throughput : 208324.000389
[report] load_overall_average_latency_ns : 4800.215041
