numactl --membind=2 /home/gxr/mongodb-run/test_mongodb/build//run_client --num_threads=20 --core_binding=0,1,2,3,4,5,6,7,8,9,10,11,24,25,26,27,28,29,30,31,32,33,34,35 --str_key_size=16 --str_key_size=256 --load_file=/home/gxr/mongodb-run/workloads/ycsb/workloada-load-50000000-50000000.log.formated --run_file=/home/gxr/mongodb-run/workloads/ycsb/workloada-run-50000000-50000000.log.formated --URI_set=mongodb://localhost:27017,mongodb://localhost:27018,mongodb://localhost:27019,mongodb://localhost:27020,mongodb://localhost:27021,mongodb://localhost:27022,mongodb://localhost:27023,mongodb://localhost:27024,mongodb://localhost:27025,mongodb://localhost:27026,mongodb://localhost:27027,mongodb://localhost:27028,mongodb://localhost:27029,mongodb://localhost:27030,mongodb://localhost:27031,mongodb://localhost:27032,mongodb://localhost:27033,mongodb://localhost:27034,mongodb://localhost:27035,mongodb://localhost:27036,mongodb://localhost:27037,mongodb://localhost:27038,mongodb://localhost:27039,mongodb://localhost:27040,mongodb://localhost:27041,mongodb://localhost:27042,mongodb://localhost:27043,mongodb://localhost:27044,mongodb://localhost:27045,mongodb://localhost:27046 --first_mode=true
mongodb://localhost:27017 mongodb://localhost:27018 mongodb://localhost:27019 mongodb://localhost:27020 mongodb://localhost:27021 mongodb://localhost:27022 mongodb://localhost:27023 mongodb://localhost:27024 mongodb://localhost:27025 mongodb://localhost:27026 mongodb://localhost:27027 mongodb://localhost:27028 mongodb://localhost:27029 mongodb://localhost:27030 mongodb://localhost:27031 mongodb://localhost:27032 mongodb://localhost:27033 mongodb://localhost:27034 mongodb://localhost:27035 mongodb://localhost:27036 mongodb://localhost:27037 mongodb://localhost:27038 mongodb://localhost:27039 mongodb://localhost:27040 mongodb://localhost:27041 mongodb://localhost:27042 mongodb://localhost:27043 mongodb://localhost:27044 mongodb://localhost:27045 mongodb://localhost:27046 reading workload files ...
load_filename : /home/gxr/mongodb-run/workloads/ycsb/workloada-load-50000000-50000000.log.formated
read load file needs: 1031009144 s 
run_filename : /home/gxr/mongodb-run/workloads/ycsb/workloada-run-50000000-50000000.log.formated
read run file needs: 1489063623 s 
num_of_load_ops is 1774963
num_of_run_ops is 1924255
0 1 2 3 4 5 6 7 8 9 10 11 24 25 26 27 28 29 30 31 32 33 34 35 URI: URI: URI: URI: mongodb://localhost:27017mongodb://localhost:27017

URI: URI: mongodb://localhost:27017
URI: mongodb://localhost:27017
mongodb://localhost:27017mongodb://localhost:27017

mongodb://localhost:27017
URI: mongodb://localhost:27017
URI: mongodb://localhost:27017
URI: mongodb://localhost:27017
URI: mongodb://localhost:27017
URI: mongodb://localhost:27017
URI: mongodb://localhost:27017
URI: mongodb://localhost:27017
URI: mongodb://localhost:27017
URI: mongodb://localhost:27017
URI: mongodb://localhost:27017
URI: mongodb://localhost:27017
URI: mongodb://localhost:27017
URI: mongodb://localhost:27017
Load workloads needs: 11037382847 ns 
[report] load_thread_ID : 9
[report] load_duration_ns : 11037382847
[report] load_duration_s : 11.037383
[report] load_throughput : 8040.674246
[report] load_average_latency_ns : 124367.679801
Load workloads needs: 11081925463 ns 
[report] load_thread_ID : 10
[report] load_duration_ns : 11081925463
[report] load_duration_s : 11.081925
[report] load_throughput : 8008.355614
[report] load_average_latency_ns : 124869.579743
Load workloads needs: 11119254535 ns 
[report] load_thread_ID : 11
[report] load_duration_ns : 11119254535
[report] load_duration_s : 11.119255
[report] load_throughput : 7981.470315
[report] load_average_latency_ns : 125290.198483
Load workloads needs: 11164376723 ns 
[report] load_thread_ID : 0
[report] load_duration_ns : 11164376723
[report] load_duration_s : 11.164377
[report] load_throughput : 7949.212231
[report] load_average_latency_ns : 125798.628961
Load workloads needs: 11228325245 ns 
[report] load_thread_ID : 8
[report] load_duration_ns : 11228325245
[report] load_duration_s : 11.228325
[report] load_throughput : 7903.939195
[report] load_average_latency_ns : 126519.191925
Load workloads needs: 11268958798 ns 
[report] load_thread_ID : 1
[report] load_duration_ns : 11268958798
[report] load_duration_s : 11.268959
[report] load_throughput : 7875.439212
[report] load_average_latency_ns : 126977.045094
Load workloads needs: 11323065852 ns 
[report] load_thread_ID : 14
[report] load_duration_ns : 11323065852
[report] load_duration_s : 11.323066
[report] load_throughput : 7837.806576
[report] load_average_latency_ns : 127586.715780
Load workloads needs: 11338769496 ns 
[report] load_thread_ID : 2
[report] load_duration_ns : 11338769496
[report] load_duration_s : 11.338769
[report] load_throughput : 7826.951596
[report] load_average_latency_ns : 127763.662235
Load workloads needs: 11350586427 ns 
[report] load_thread_ID : 13
[report] load_duration_ns : 11350586427
[report] load_duration_s : 11.350586
[report] load_throughput : 7818.803070
[report] load_average_latency_ns : 127896.813754
Load workloads needs: 11371630064 ns 
[report] load_thread_ID : 7
[report] load_duration_ns : 11371630064
[report] load_duration_s : 11.371630
[report] load_throughput : 7804.334075
[report] load_average_latency_ns : 128133.930500
Load workloads needs: 11375828903 ns 
[report] load_thread_ID : 15
[report] load_duration_ns : 11375828903
[report] load_duration_s : 11.375829
[report] load_throughput : 7801.453481
[report] load_average_latency_ns : 128181.242428
Load workloads needs: 11399775281 ns 
[report] load_thread_ID : 19
[report] load_duration_ns : 11399775281
[report] load_duration_s : 11.399775
[report] load_throughput : 7785.065741
[report] load_average_latency_ns : 128451.066852
Load workloads needs: 11416091596 ns 
[report] load_thread_ID : 4
[report] load_duration_ns : 11416091596
[report] load_duration_s : 11.416092
[report] load_throughput : 7773.939028
[report] load_average_latency_ns : 128634.916798
Load workloads needs: 11425422120 ns 
[report] load_thread_ID : 16
[report] load_duration_ns : 11425422120
[report] load_duration_s : 11.425422
[report] load_throughput : 7767.590472
[report] load_average_latency_ns : 128740.051832
Load workloads needs: 11426591072 ns 
[report] load_thread_ID : 12
[report] load_duration_ns : 11426591072
[report] load_duration_s : 11.426591
[report] load_throughput : 7766.795840
[report] load_average_latency_ns : 128753.223419
Load workloads needs: 11429000657 ns 
[report] load_thread_ID : 6
[report] load_duration_ns : 11429000657
[report] load_duration_s : 11.429001
[report] load_throughput : 7765.158360
[report] load_average_latency_ns : 128780.374284
Load workloads needs: 11442234415 ns 
[report] load_thread_ID : 18
[report] load_duration_ns : 11442234415
[report] load_duration_s : 11.442234
[report] load_throughput : 7756.177402
[report] load_average_latency_ns : 128929.490411
Load workloads needs: 11453338650 ns 
[report] load_thread_ID : 17
[report] load_duration_ns : 11453338650
[report] load_duration_s : 11.453339
[report] load_throughput : 7748.657637
[report] load_average_latency_ns : 129054.611372
Load workloads needs: 11471536377 ns 
[report] load_thread_ID : 3
[report] load_duration_ns : 11471536377
[report] load_duration_s : 11.471536
[report] load_throughput : 7736.365652
[report] load_average_latency_ns : 129259.660804
Load workloads needs: 11474017777 ns 
[report] load_thread_ID : 5
[report] load_duration_ns : 11474017777
[report] load_duration_s : 11.474018
[report] load_throughput : 7734.692566
[report] load_average_latency_ns : 129287.620870
All clients run done needs: 11473796579 ns 
[report] load_overall_duration_ns : 11473796579
[report] load_overall_duration_s : 11.473797
[report] load_overall_throughput : 154697.095053
[report] load_overall_average_latency_ns : 6464.245496
