numactl --membind=2 /home/gxr/mongodb-run/test_mongodb/build//run_client --num_threads=16 --core_binding=0,1,2,3,4,5,6,7,8,9,10,11,24,25,26,27,28,29,30,31,32,33,34,35 --str_key_size=16 --str_key_size=256 --load_file=/home/gxr/mongodb-run/workloads/ycsb/workloada-load-10000000-10000000.log.formated --run_file=/home/gxr/mongodb-run/workloads/ycsb/workloada-run-10000000-10000000.log.formated --URI_set=mongodb://localhost:27017,mongodb://localhost:27018,mongodb://localhost:27019,mongodb://localhost:27020,mongodb://localhost:27021,mongodb://localhost:27022,mongodb://localhost:27023,mongodb://localhost:27024,mongodb://localhost:27025,mongodb://localhost:27026,mongodb://localhost:27027,mongodb://localhost:27028,mongodb://localhost:27029,mongodb://localhost:27030,mongodb://localhost:27031,mongodb://localhost:27032,mongodb://localhost:27033,mongodb://localhost:27034,mongodb://localhost:27035,mongodb://localhost:27036,mongodb://localhost:27037,mongodb://localhost:27038,mongodb://localhost:27039,mongodb://localhost:27040,mongodb://localhost:27041,mongodb://localhost:27042,mongodb://localhost:27043,mongodb://localhost:27044,mongodb://localhost:27045,mongodb://localhost:27046 --first_mode=true
mongodb://localhost:27017 mongodb://localhost:27018 mongodb://localhost:27019 mongodb://localhost:27020 mongodb://localhost:27021 mongodb://localhost:27022 mongodb://localhost:27023 mongodb://localhost:27024 mongodb://localhost:27025 mongodb://localhost:27026 mongodb://localhost:27027 mongodb://localhost:27028 mongodb://localhost:27029 mongodb://localhost:27030 mongodb://localhost:27031 mongodb://localhost:27032 mongodb://localhost:27033 mongodb://localhost:27034 mongodb://localhost:27035 mongodb://localhost:27036 mongodb://localhost:27037 mongodb://localhost:27038 mongodb://localhost:27039 mongodb://localhost:27040 mongodb://localhost:27041 mongodb://localhost:27042 mongodb://localhost:27043 mongodb://localhost:27044 mongodb://localhost:27045 mongodb://localhost:27046 reading workload files ...
load_filename : /home/gxr/mongodb-run/workloads/ycsb/workloada-load-10000000-10000000.log.formated
read load file needs: 1132090388 s 
run_filename : /home/gxr/mongodb-run/workloads/ycsb/workloada-run-10000000-10000000.log.formated
read run file needs: 1110498654 s 
num_of_load_ops is 1862736
num_of_run_ops is 1934501
0 1 2 3 4 5 6 7 8 9 10 11 24 25 26 27 28 29 30 31 32 33 34 35 URI: URI: mongodb://localhost:27017mongodb://localhost:27017

URI: URI: mongodb://localhost:27017URI: mongodb://localhost:27017URI: 
mongodb://localhost:27017URI: URI: mongodb://localhost:27017

URI: URI: mongodb://localhost:27017
URI: mongodb://localhost:27017
mongodb://localhost:27017

mongodb://localhost:27017
URI: mongodb://localhost:27017
mongodb://localhost:27017
URI: mongodb://localhost:27017
URI: mongodb://localhost:27017
URI: mongodb://localhost:27017
URI: mongodb://localhost:27017
Load workloads needs: 13017289111 ns 
[report] load_thread_ID : 7
[report] load_duration_ns : 13017289111
[report] load_duration_s : 13.017289
[report] load_throughput : 8943.567206
[report] load_average_latency_ns : 111812.208373
Load workloads needs: 13127539459 ns 
[report] load_thread_ID : 8
[report] load_duration_ns : 13127539459
[report] load_duration_s : 13.127539
[report] load_throughput : 8868.455537
[report] load_average_latency_ns : 112759.205461
Load workloads needs: 13179561490 ns 
[report] load_thread_ID : 10
[report] load_duration_ns : 13179561490
[report] load_duration_s : 13.179561
[report] load_throughput : 8833.450194
[report] load_average_latency_ns : 113206.049510
Load workloads needs: 13212664914 ns 
[report] load_thread_ID : 6
[report] load_duration_ns : 13212664914
[report] load_duration_s : 13.212665
[report] load_throughput : 8811.318592
[report] load_average_latency_ns : 113490.391888
Load workloads needs: 13237327753 ns 
[report] load_thread_ID : 4
[report] load_duration_ns : 13237327753
[report] load_duration_s : 13.237328
[report] load_throughput : 8794.901975
[report] load_average_latency_ns : 113702.233729
Load workloads needs: 13256343445 ns 
[report] load_thread_ID : 9
[report] load_duration_ns : 13256343445
[report] load_duration_s : 13.256343
[report] load_throughput : 8782.286042
[report] load_average_latency_ns : 113865.569313
Load workloads needs: 13280206730 ns 
[report] load_thread_ID : 11
[report] load_duration_ns : 13280206730
[report] load_duration_s : 13.280207
[report] load_throughput : 8766.505098
[report] load_average_latency_ns : 114070.543373
Load workloads needs: 13303680107 ns 
[report] load_thread_ID : 0
[report] load_duration_ns : 13303680107
[report] load_duration_s : 13.303680
[report] load_throughput : 8751.037237
[report] load_average_latency_ns : 114272.168312
Load workloads needs: 13316814351 ns 
[report] load_thread_ID : 12
[report] load_duration_ns : 13316814351
[report] load_duration_s : 13.316814
[report] load_throughput : 8742.406174
[report] load_average_latency_ns : 114384.985106
Load workloads needs: 13336609292 ns 
[report] load_thread_ID : 13
[report] load_duration_ns : 13336609292
[report] load_duration_s : 13.336609
[report] load_throughput : 8729.430206
[report] load_average_latency_ns : 114555.014061
Load workloads needs: 13338046188 ns 
[report] load_thread_ID : 3
[report] load_duration_ns : 13338046188
[report] load_duration_s : 13.338046
[report] load_throughput : 8728.489792
[report] load_average_latency_ns : 114567.356302
Load workloads needs: 13342258084 ns 
[report] load_thread_ID : 5
[report] load_duration_ns : 13342258084
[report] load_duration_s : 13.342258
[report] load_throughput : 8725.734375
[report] load_average_latency_ns : 114603.534448
Load workloads needs: 13344087089 ns 
[report] load_thread_ID : 15
[report] load_duration_ns : 13344087089
[report] load_duration_s : 13.344087
[report] load_throughput : 8724.538383
[report] load_average_latency_ns : 114619.244715
Load workloads needs: 13360162206 ns 
[report] load_thread_ID : 2
[report] load_duration_ns : 13360162206
[report] load_duration_s : 13.360162
[report] load_throughput : 8714.040908
[report] load_average_latency_ns : 114757.322184
Load workloads needs: 13412869064 ns 
[report] load_thread_ID : 14
[report] load_duration_ns : 13412869064
[report] load_duration_s : 13.412869
[report] load_throughput : 8679.798442
[report] load_average_latency_ns : 115210.048565
Load workloads needs: 13475438114 ns 
[report] load_thread_ID : 1
[report] load_duration_ns : 13475438114
[report] load_duration_s : 13.475438
[report] load_throughput : 8639.496469
[report] load_average_latency_ns : 115747.486399
All clients run done needs: 13476108370 ns 
[report] load_overall_duration_ns : 13476108370
[report] load_overall_duration_s : 13.476108
[report] load_overall_throughput : 138225.068310
[report] load_overall_average_latency_ns : 7234.577723
