numactl --membind=2 /home/gxr/mongodb-run/test_mongodb/build//run_client --num_threads=20 --core_binding=0,1,2,3,4,5,6,7,8,9,10,11,24,25,26,27,28,29,30,31,32,33,34,35 --str_key_size=16 --str_key_size=256 --load_file=/home/gxr/mongodb-run/workloads/ycsb/workloada-load-10000000-10000000.log.formated --run_file=/home/gxr/mongodb-run/workloads/ycsb/workloada-run-10000000-10000000.log.formated --URI_set=mongodb://localhost:27017,mongodb://localhost:27018,mongodb://localhost:27019,mongodb://localhost:27020,mongodb://localhost:27021,mongodb://localhost:27022,mongodb://localhost:27023,mongodb://localhost:27024,mongodb://localhost:27025,mongodb://localhost:27026,mongodb://localhost:27027,mongodb://localhost:27028,mongodb://localhost:27029,mongodb://localhost:27030,mongodb://localhost:27031,mongodb://localhost:27032,mongodb://localhost:27033,mongodb://localhost:27034,mongodb://localhost:27035,mongodb://localhost:27036,mongodb://localhost:27037,mongodb://localhost:27038,mongodb://localhost:27039,mongodb://localhost:27040,mongodb://localhost:27041,mongodb://localhost:27042,mongodb://localhost:27043,mongodb://localhost:27044,mongodb://localhost:27045,mongodb://localhost:27046 --first_mode=true
mongodb://localhost:27017 mongodb://localhost:27018 mongodb://localhost:27019 mongodb://localhost:27020 mongodb://localhost:27021 mongodb://localhost:27022 mongodb://localhost:27023 mongodb://localhost:27024 mongodb://localhost:27025 mongodb://localhost:27026 mongodb://localhost:27027 mongodb://localhost:27028 mongodb://localhost:27029 mongodb://localhost:27030 mongodb://localhost:27031 mongodb://localhost:27032 mongodb://localhost:27033 mongodb://localhost:27034 mongodb://localhost:27035 mongodb://localhost:27036 mongodb://localhost:27037 mongodb://localhost:27038 mongodb://localhost:27039 mongodb://localhost:27040 mongodb://localhost:27041 mongodb://localhost:27042 mongodb://localhost:27043 mongodb://localhost:27044 mongodb://localhost:27045 mongodb://localhost:27046 reading workload files ...
load_filename : /home/gxr/mongodb-run/workloads/ycsb/workloada-load-10000000-10000000.log.formated
read load file needs: 1079664083 s 
run_filename : /home/gxr/mongodb-run/workloads/ycsb/workloada-run-10000000-10000000.log.formated
read run file needs: 1108599483 s 
num_of_load_ops is 1862736
num_of_run_ops is 1934501
0 1 2 3 4 5 6 7 8 9 10 11 24 25 26 27 28 29 30 31 32 33 34 35 URI: URI: mongodb://localhost:27017
URI: URI: mongodb://localhost:27017URI: URI: mongodb://localhost:27017
URI: mongodb://localhost:27017
URI: mongodb://localhost:27017
mongodb://localhost:27017URI: 
mongodb://localhost:27017URI: mongodb://localhost:27017
URI: mongodb://localhost:27017

mongodb://localhost:27017

URI: URI: URI: URI: mongodb://localhost:27017mongodb://localhost:27017mongodb://localhost:27017URI: 
mongodb://localhost:27017


mongodb://localhost:27017
URI: mongodb://localhost:27017
mongodb://localhost:27017
URI: mongodb://localhost:27017
URI: mongodb://localhost:27017
URI: mongodb://localhost:27017
Load workloads needs: 11581142824 ns 
[report] load_thread_ID : 10
[report] load_duration_ns : 11581142824
[report] load_duration_s : 11.581143
[report] load_throughput : 8042.038805
[report] load_average_latency_ns : 124346.577306
Load workloads needs: 11732742886 ns 
[report] load_thread_ID : 9
[report] load_duration_ns : 11732742886
[report] load_duration_s : 11.732743
[report] load_throughput : 7938.126737
[report] load_average_latency_ns : 125974.305167
Load workloads needs: 11747287490 ns 
[report] load_thread_ID : 8
[report] load_duration_ns : 11747287490
[report] load_duration_s : 11.747287
[report] load_throughput : 7928.298348
[report] load_average_latency_ns : 126130.470387
Load workloads needs: 11772488102 ns 
[report] load_thread_ID : 11
[report] load_duration_ns : 11772488102
[report] load_duration_s : 11.772488
[report] load_throughput : 7911.326747
[report] load_average_latency_ns : 126401.049025
Load workloads needs: 11938920489 ns 
[report] load_thread_ID : 0
[report] load_duration_ns : 11938920489
[report] load_duration_s : 11.938920
[report] load_throughput : 7801.040311
[report] load_average_latency_ns : 128188.031363
Load workloads needs: 11944676245 ns 
[report] load_thread_ID : 12
[report] load_duration_ns : 11944676245
[report] load_duration_s : 11.944676
[report] load_throughput : 7797.281240
[report] load_average_latency_ns : 128249.830839
Load workloads needs: 11970416628 ns 
[report] load_thread_ID : 1
[report] load_duration_ns : 11970416628
[report] load_duration_s : 11.970417
[report] load_throughput : 7780.514488
[report] load_average_latency_ns : 128526.204991
Load workloads needs: 11977751823 ns 
[report] load_thread_ID : 13
[report] load_duration_ns : 11977751823
[report] load_duration_s : 11.977752
[report] load_throughput : 7775.749688
[report] load_average_latency_ns : 128604.962882
Load workloads needs: 12019371616 ns 
[report] load_thread_ID : 7
[report] load_duration_ns : 12019371616
[report] load_duration_s : 12.019372
[report] load_throughput : 7748.824396
[report] load_average_latency_ns : 129051.834049
Load workloads needs: 12026677072 ns 
[report] load_thread_ID : 14
[report] load_duration_ns : 12026677072
[report] load_duration_s : 12.026677
[report] load_throughput : 7744.117468
[report] load_average_latency_ns : 129130.272634
Load workloads needs: 12040946273 ns 
[report] load_thread_ID : 15
[report] load_duration_ns : 12040946273
[report] load_duration_s : 12.040946
[report] load_throughput : 7734.940252
[report] load_average_latency_ns : 129283.480856
Load workloads needs: 12049722452 ns 
[report] load_thread_ID : 6
[report] load_duration_ns : 12049722452
[report] load_duration_s : 12.049722
[report] load_throughput : 7729.306660
[report] load_average_latency_ns : 129377.710574
Load workloads needs: 12070904036 ns 
[report] load_thread_ID : 18
[report] load_duration_ns : 12070904036
[report] load_duration_s : 12.070904
[report] load_throughput : 7715.743553
[report] load_average_latency_ns : 129605.136961
Load workloads needs: 12074104619 ns 
[report] load_thread_ID : 17
[report] load_duration_ns : 12074104619
[report] load_duration_s : 12.074105
[report] load_throughput : 7713.698277
[report] load_average_latency_ns : 129639.501578
Load workloads needs: 12090087393 ns 
[report] load_thread_ID : 16
[report] load_duration_ns : 12090087393
[report] load_duration_s : 12.090087
[report] load_throughput : 7703.500973
[report] load_average_latency_ns : 129811.108411
Load workloads needs: 12094658109 ns 
[report] load_thread_ID : 19
[report] load_duration_ns : 12094658109
[report] load_duration_s : 12.094658
[report] load_throughput : 7700.589728
[report] load_average_latency_ns : 129860.184129
Load workloads needs: 12095263416 ns 
[report] load_thread_ID : 2
[report] load_duration_ns : 12095263416
[report] load_duration_s : 12.095263
[report] load_throughput : 7700.204352
[report] load_average_latency_ns : 129866.683302
Load workloads needs: 12095316400 ns 
[report] load_thread_ID : 5
[report] load_duration_ns : 12095316400
[report] load_duration_s : 12.095316
[report] load_throughput : 7700.170621
[report] load_average_latency_ns : 129867.252190
Load workloads needs: 12095880007 ns 
[report] load_thread_ID : 4
[report] load_duration_ns : 12095880007
[report] load_duration_s : 12.095880
[report] load_throughput : 7699.811832
[report] load_average_latency_ns : 129873.303631
Load workloads needs: 12130482198 ns 
[report] load_thread_ID : 3
[report] load_duration_ns : 12130482198
[report] load_duration_s : 12.130482
[report] load_throughput : 7677.848125
[report] load_average_latency_ns : 130244.826898
All clients run done needs: 12131073066 ns 
[report] load_overall_duration_ns : 12131073066
[report] load_overall_duration_s : 12.131073
[report] load_overall_throughput : 153550.802131
[report] load_overall_average_latency_ns : 6512.502612
