numactl --membind=2 /home/gxr/mongodb-run/test_mongodb/build//run_client --num_threads=20 --core_binding=0,1,2,3,4,5,6,7,8,9,10,11,24,25,26,27,28,29,30,31,32,33,34,35 --str_key_size=16 --str_key_size=16 --load_file=/home/gxr/mongodb-run/workloads/ycsb/workloada-load-10000000-10000000.log.formated --run_file=/home/gxr/mongodb-run/workloads/ycsb/workloada-run-10000000-10000000.log.formated --URI_set=mongodb://localhost:27017,mongodb://localhost:27018,mongodb://localhost:27019,mongodb://localhost:27020,mongodb://localhost:27021,mongodb://localhost:27022,mongodb://localhost:27023,mongodb://localhost:27024,mongodb://localhost:27025,mongodb://localhost:27026,mongodb://localhost:27027,mongodb://localhost:27028,mongodb://localhost:27029,mongodb://localhost:27030,mongodb://localhost:27031,mongodb://localhost:27032,mongodb://localhost:27033,mongodb://localhost:27034,mongodb://localhost:27035,mongodb://localhost:27036,mongodb://localhost:27037,mongodb://localhost:27038,mongodb://localhost:27039,mongodb://localhost:27040,mongodb://localhost:27041,mongodb://localhost:27042,mongodb://localhost:27043,mongodb://localhost:27044,mongodb://localhost:27045,mongodb://localhost:27046 --first_mode=false
mongodb://localhost:27017 mongodb://localhost:27018 mongodb://localhost:27019 mongodb://localhost:27020 mongodb://localhost:27021 mongodb://localhost:27022 mongodb://localhost:27023 mongodb://localhost:27024 mongodb://localhost:27025 mongodb://localhost:27026 mongodb://localhost:27027 mongodb://localhost:27028 mongodb://localhost:27029 mongodb://localhost:27030 mongodb://localhost:27031 mongodb://localhost:27032 mongodb://localhost:27033 mongodb://localhost:27034 mongodb://localhost:27035 mongodb://localhost:27036 mongodb://localhost:27037 mongodb://localhost:27038 mongodb://localhost:27039 mongodb://localhost:27040 mongodb://localhost:27041 mongodb://localhost:27042 mongodb://localhost:27043 mongodb://localhost:27044 mongodb://localhost:27045 mongodb://localhost:27046 reading workload files ...
load_filename : /home/gxr/mongodb-run/workloads/ycsb/workloada-load-10000000-10000000.log.formated
read load file needs: 1375367672 s 
run_filename : /home/gxr/mongodb-run/workloads/ycsb/workloada-run-10000000-10000000.log.formated
read run file needs: 1278363298 s 
num_of_load_ops is 1862736
num_of_run_ops is 1934501
0 1 2 3 4 5 6 7 8 9 10 11 24 25 26 27 28 29 30 31 32 33 34 35 URI: URI: URI: URI: URI: URI: mongodb://localhost:27018mongodb://localhost:27026

URI: mongodb://localhost:27019
mongodb://localhost:27021
mongodb://localhost:27022URI: mongodb://localhost:27028
URI: mongodb://localhost:27025
URI: mongodb://localhost:27030
mongodb://localhost:27023
mongodb://localhost:27017
URI: mongodb://localhost:27024

URI: mongodb://localhost:27020URI: mongodb://localhost:27029
URI: URI: mongodb://localhost:27031
mongodb://localhost:27027

URI: mongodb://localhost:27032
URI: mongodb://localhost:27033
URI: mongodb://localhost:27034
URI: mongodb://localhost:27036
URI: mongodb://localhost:27035
Load workloads needs: 7311022377 ns 
[report] load_thread_ID : 14
[report] load_duration_ns : 7311022377
[report] load_duration_s : 7.311022
[report] load_throughput : 12739.121179
[report] load_average_latency_ns : 78498.350552
Load workloads needs: 8155627139 ns 
[report] load_thread_ID : 15
[report] load_duration_ns : 8155627139
[report] load_duration_s : 8.155627
[report] load_throughput : 11419.845269
[report] load_average_latency_ns : 87566.860709
Load workloads needs: 8373254924 ns 
[report] load_thread_ID : 17
[report] load_duration_ns : 8373254924
[report] load_duration_s : 8.373255
[report] load_throughput : 11123.034094
[report] load_average_latency_ns : 89903.527358
Load workloads needs: 8392744022 ns 
[report] load_thread_ID : 0
[report] load_duration_ns : 8392744022
[report] load_duration_s : 8.392744
[report] load_throughput : 11097.204890
[report] load_average_latency_ns : 90112.781545
Load workloads needs: 8408271801 ns 
[report] load_thread_ID : 5
[report] load_duration_ns : 8408271801
[report] load_duration_s : 8.408272
[report] load_throughput : 11076.711387
[report] load_average_latency_ns : 90279.503103
Load workloads needs: 8449264136 ns 
[report] load_thread_ID : 8
[report] load_duration_ns : 8449264136
[report] load_duration_s : 8.449264
[report] load_throughput : 11022.971764
[report] load_average_latency_ns : 90719.637262
Load workloads needs: 8482033445 ns 
[report] load_thread_ID : 2
[report] load_duration_ns : 8482033445
[report] load_duration_s : 8.482033
[report] load_throughput : 10980.385848
[report] load_average_latency_ns : 91071.480899
Load workloads needs: 8504481791 ns 
[report] load_thread_ID : 12
[report] load_duration_ns : 8504481791
[report] load_duration_s : 8.504482
[report] load_throughput : 10951.402130
[report] load_average_latency_ns : 91312.508493
Load workloads needs: 8507110784 ns 
[report] load_thread_ID : 7
[report] load_duration_ns : 8507110784
[report] load_duration_s : 8.507111
[report] load_throughput : 10948.017766
[report] load_average_latency_ns : 91340.735956
Load workloads needs: 8511238758 ns 
[report] load_thread_ID : 19
[report] load_duration_ns : 8511238758
[report] load_duration_s : 8.511239
[report] load_throughput : 10942.707947
[report] load_average_latency_ns : 91385.057958
Load workloads needs: 8514144651 ns 
[report] load_thread_ID : 3
[report] load_duration_ns : 8514144651
[report] load_duration_s : 8.514145
[report] load_throughput : 10938.973181
[report] load_average_latency_ns : 91416.258493
Load workloads needs: 8675716225 ns 
[report] load_thread_ID : 11
[report] load_duration_ns : 8675716225
[report] load_duration_s : 8.675716
[report] load_throughput : 10735.252005
[report] load_average_latency_ns : 93151.050346
Load workloads needs: 8735835300 ns 
[report] load_thread_ID : 9
[report] load_duration_ns : 8735835300
[report] load_duration_s : 8.735835
[report] load_throughput : 10661.373160
[report] load_average_latency_ns : 93796.548059
Load workloads needs: 8738305513 ns 
[report] load_thread_ID : 10
[report] load_duration_ns : 8738305513
[report] load_duration_s : 8.738306
[report] load_throughput : 10658.359319
[report] load_average_latency_ns : 93823.070703
Load workloads needs: 8831320906 ns 
[report] load_thread_ID : 1
[report] load_duration_ns : 8831320906
[report] load_duration_s : 8.831321
[report] load_throughput : 10546.100747
[report] load_average_latency_ns : 94821.775747
Load workloads needs: 8877101460 ns 
[report] load_thread_ID : 13
[report] load_duration_ns : 8877101460
[report] load_duration_s : 8.877101
[report] load_throughput : 10491.712911
[report] load_average_latency_ns : 95313.320950
Load workloads needs: 8914823053 ns 
[report] load_thread_ID : 18
[report] load_duration_ns : 8914823053
[report] load_duration_s : 8.914823
[report] load_throughput : 10447.318970
[report] load_average_latency_ns : 95718.337195
Load workloads needs: 9040809910 ns 
[report] load_thread_ID : 4
[report] load_duration_ns : 9040809910
[report] load_duration_s : 9.040810
[report] load_throughput : 10301.731916
[report] load_average_latency_ns : 97071.056412
Load workloads needs: 9055041138 ns 
[report] load_thread_ID : 16
[report] load_duration_ns : 9055041138
[report] load_duration_s : 9.055041
[report] load_throughput : 10285.541344
[report] load_average_latency_ns : 97223.856919
Load workloads needs: 9311879028 ns 
[report] load_thread_ID : 6
[report] load_duration_ns : 9311879028
[report] load_duration_s : 9.311879
[report] load_throughput : 10001.848147
[report] load_average_latency_ns : 99981.521946
All clients run done needs: 9312491981 ns 
[report] load_overall_duration_ns : 9312491981
[report] load_overall_duration_s : 9.312492
[report] load_overall_throughput : 200025.514524
[report] load_overall_average_latency_ns : 4999.362218
