numactl --membind=2 /home/gxr/mongodb-run/test_mongodb/build//run_client --num_threads=16 --core_binding=0,1,2,3,4,5,6,7,8,9,10,11,24,25,26,27,28,29,30,31,32,33,34,35 --str_key_size=16 --str_key_size=256 --load_file=/home/gxr/mongodb-run/workloads/ycsb/workloada-load-50000000-50000000.log.formated --run_file=/home/gxr/mongodb-run/workloads/ycsb/workloada-run-50000000-50000000.log.formated --URI_set=mongodb://localhost:27017,mongodb://localhost:27018,mongodb://localhost:27019,mongodb://localhost:27020,mongodb://localhost:27021,mongodb://localhost:27022,mongodb://localhost:27023,mongodb://localhost:27024,mongodb://localhost:27025,mongodb://localhost:27026,mongodb://localhost:27027,mongodb://localhost:27028,mongodb://localhost:27029,mongodb://localhost:27030,mongodb://localhost:27031,mongodb://localhost:27032,mongodb://localhost:27033,mongodb://localhost:27034,mongodb://localhost:27035,mongodb://localhost:27036,mongodb://localhost:27037,mongodb://localhost:27038,mongodb://localhost:27039,mongodb://localhost:27040,mongodb://localhost:27041,mongodb://localhost:27042,mongodb://localhost:27043,mongodb://localhost:27044,mongodb://localhost:27045,mongodb://localhost:27046 --first_mode=true
mongodb://localhost:27017 mongodb://localhost:27018 mongodb://localhost:27019 mongodb://localhost:27020 mongodb://localhost:27021 mongodb://localhost:27022 mongodb://localhost:27023 mongodb://localhost:27024 mongodb://localhost:27025 mongodb://localhost:27026 mongodb://localhost:27027 mongodb://localhost:27028 mongodb://localhost:27029 mongodb://localhost:27030 mongodb://localhost:27031 mongodb://localhost:27032 mongodb://localhost:27033 mongodb://localhost:27034 mongodb://localhost:27035 mongodb://localhost:27036 mongodb://localhost:27037 mongodb://localhost:27038 mongodb://localhost:27039 mongodb://localhost:27040 mongodb://localhost:27041 mongodb://localhost:27042 mongodb://localhost:27043 mongodb://localhost:27044 mongodb://localhost:27045 mongodb://localhost:27046 reading workload files ...
load_filename : /home/gxr/mongodb-run/workloads/ycsb/workloada-load-50000000-50000000.log.formated
read load file needs: 1223071308 s 
run_filename : /home/gxr/mongodb-run/workloads/ycsb/workloada-run-50000000-50000000.log.formated
read run file needs: 1283991401 s 
num_of_load_ops is 1774963
num_of_run_ops is 1924255
0 1 2 3 4 5 6 7 8 9 10 11 24 25 26 27 28 29 30 31 32 33 34 35 URI: URI: URI: URI: URI: mongodb://localhost:27017mongodb://localhost:27017mongodb://localhost:27017
URI: mongodb://localhost:27017mongodb://localhost:27017


URI: mongodb://localhost:27017URI: mongodb://localhost:27017
URI: URI: mongodb://localhost:27017
URI: mongodb://localhost:27017
mongodb://localhost:27017
URI: mongodb://localhost:27017
URI: mongodb://localhost:27017
URI: 
mongodb://localhost:27017mongodb://localhost:27017


URI: mongodb://localhost:27017
URI: mongodb://localhost:27017
Load workloads needs: 12417377556 ns 
[report] load_thread_ID : 8
[report] load_duration_ns : 12417377556
[report] load_duration_s : 12.417378
[report] load_throughput : 8933.850928
[report] load_average_latency_ns : 111933.813098
Load workloads needs: 12511250945 ns 
[report] load_thread_ID : 10
[report] load_duration_ns : 12511250945
[report] load_duration_s : 12.511251
[report] load_throughput : 8866.819192
[report] load_average_latency_ns : 112780.014829
Load workloads needs: 12565098238 ns 
[report] load_thread_ID : 9
[report] load_duration_ns : 12565098238
[report] load_duration_s : 12.565098
[report] load_throughput : 8828.820746
[report] load_average_latency_ns : 113265.409817
Load workloads needs: 12580105103 ns 
[report] load_thread_ID : 7
[report] load_duration_ns : 12580105103
[report] load_duration_s : 12.580105
[report] load_throughput : 8818.288805
[report] load_average_latency_ns : 113400.686014
Load workloads needs: 12586216724 ns 
[report] load_thread_ID : 6
[report] load_duration_ns : 12586216724
[report] load_duration_s : 12.586217
[report] load_throughput : 8814.006817
[report] load_average_latency_ns : 113455.777924
Load workloads needs: 12633014952 ns 
[report] load_thread_ID : 3
[report] load_duration_ns : 12633014952
[report] load_duration_s : 12.633015
[report] load_throughput : 8781.355870
[report] load_average_latency_ns : 113877.630613
Load workloads needs: 12652490837 ns 
[report] load_thread_ID : 12
[report] load_duration_ns : 12652490837
[report] load_duration_s : 12.652491
[report] load_throughput : 8767.838794
[report] load_average_latency_ns : 114053.191842
Load workloads needs: 12656437881 ns 
[report] load_thread_ID : 11
[report] load_duration_ns : 12656437881
[report] load_duration_s : 12.656438
[report] load_throughput : 8765.104451
[report] load_average_latency_ns : 114088.771632
Load workloads needs: 12685389174 ns 
[report] load_thread_ID : 0
[report] load_duration_ns : 12685389174
[report] load_duration_s : 12.685389
[report] load_throughput : 8745.100247
[report] load_average_latency_ns : 114349.746915
Load workloads needs: 12701085604 ns 
[report] load_thread_ID : 15
[report] load_duration_ns : 12701085604
[report] load_duration_s : 12.701086
[report] load_throughput : 8734.292757
[report] load_average_latency_ns : 114491.239050
Load workloads needs: 12706783879 ns 
[report] load_thread_ID : 13
[report] load_duration_ns : 12706783879
[report] load_duration_s : 12.706784
[report] load_throughput : 8730.375920
[report] load_average_latency_ns : 114542.604940
Load workloads needs: 12707997177 ns 
[report] load_thread_ID : 1
[report] load_duration_ns : 12707997177
[report] load_duration_s : 12.707997
[report] load_throughput : 8729.542386
[report] load_average_latency_ns : 114553.541957
Load workloads needs: 12712148499 ns 
[report] load_thread_ID : 5
[report] load_duration_ns : 12712148499
[report] load_duration_s : 12.712148
[report] load_throughput : 8726.691637
[report] load_average_latency_ns : 114590.963168
Load workloads needs: 12739930649 ns 
[report] load_thread_ID : 14
[report] load_duration_ns : 12739930649
[report] load_duration_s : 12.739931
[report] load_throughput : 8707.661215
[report] load_average_latency_ns : 114841.399459
Load workloads needs: 12740097758 ns 
[report] load_thread_ID : 2
[report] load_duration_ns : 12740097758
[report] load_duration_s : 12.740098
[report] load_throughput : 8707.546999
[report] load_average_latency_ns : 114842.905828
Load workloads needs: 12759354803 ns 
[report] load_thread_ID : 4
[report] load_duration_ns : 12759354803
[report] load_duration_s : 12.759355
[report] load_throughput : 8694.405141
[report] load_average_latency_ns : 115016.494371
All clients run done needs: 12760107710 ns 
[report] load_overall_duration_ns : 12760107710
[report] load_overall_duration_s : 12.760108
[report] load_overall_throughput : 139102.509190
[report] load_overall_average_latency_ns : 7188.942930
