numactl --membind=2 /home/gxr/mongodb-run/test_mongodb/build//run_client --num_threads=12 --core_binding=0,1,2,3,4,5,6,7,8,9,10,11,24,25,26,27,28,29,30,31,32,33,34,35 --str_key_size=16 --str_key_size=16 --load_file=/home/gxr/mongodb-run/workloads/ycsb/workloada-load-50000000-50000000.log.formated --run_file=/home/gxr/mongodb-run/workloads/ycsb/workloada-run-50000000-50000000.log.formated --URI_set=mongodb://localhost:27017,mongodb://localhost:27018,mongodb://localhost:27019,mongodb://localhost:27020,mongodb://localhost:27021,mongodb://localhost:27022,mongodb://localhost:27023,mongodb://localhost:27024,mongodb://localhost:27025,mongodb://localhost:27026,mongodb://localhost:27027,mongodb://localhost:27028,mongodb://localhost:27029,mongodb://localhost:27030,mongodb://localhost:27031,mongodb://localhost:27032,mongodb://localhost:27033,mongodb://localhost:27034,mongodb://localhost:27035,mongodb://localhost:27036,mongodb://localhost:27037,mongodb://localhost:27038,mongodb://localhost:27039,mongodb://localhost:27040,mongodb://localhost:27041,mongodb://localhost:27042,mongodb://localhost:27043,mongodb://localhost:27044,mongodb://localhost:27045,mongodb://localhost:27046 --first_mode=true
mongodb://localhost:27017 mongodb://localhost:27018 mongodb://localhost:27019 mongodb://localhost:27020 mongodb://localhost:27021 mongodb://localhost:27022 mongodb://localhost:27023 mongodb://localhost:27024 mongodb://localhost:27025 mongodb://localhost:27026 mongodb://localhost:27027 mongodb://localhost:27028 mongodb://localhost:27029 mongodb://localhost:27030 mongodb://localhost:27031 mongodb://localhost:27032 mongodb://localhost:27033 mongodb://localhost:27034 mongodb://localhost:27035 mongodb://localhost:27036 mongodb://localhost:27037 mongodb://localhost:27038 mongodb://localhost:27039 mongodb://localhost:27040 mongodb://localhost:27041 mongodb://localhost:27042 mongodb://localhost:27043 mongodb://localhost:27044 mongodb://localhost:27045 mongodb://localhost:27046 reading workload files ...
load_filename : /home/gxr/mongodb-run/workloads/ycsb/workloada-load-50000000-50000000.log.formated
read load file needs: 1189676818 s 
run_filename : /home/gxr/mongodb-run/workloads/ycsb/workloada-run-50000000-50000000.log.formated
read run file needs: 1285148953 s 
num_of_load_ops is 1774963
num_of_run_ops is 1924255
0 1 2 3 4 5 6 7 8 9 10 11 24 25 26 27 28 29 30 31 32 33 34 35 URI: URI: URI: mongodb://localhost:27017mongodb://localhost:27017

URI: mongodb://localhost:27017
URI: mongodb://localhost:27017
mongodb://localhost:27017
URI: mongodb://localhost:27017
URI: mongodb://localhost:27017
URI: mongodb://localhost:27017URI: mongodb://localhost:27017

URI: mongodb://localhost:27017
URI: mongodb://localhost:27017
URI: mongodb://localhost:27017
Load workloads needs: 10714614435 ns 
[report] load_thread_ID : 5
[report] load_duration_ns : 10714614435
[report] load_duration_s : 10.714614
[report] load_throughput : 13804.789794
[report] load_average_latency_ns : 72438.625645
Load workloads needs: 10825129812 ns 
[report] load_thread_ID : 3
[report] load_duration_ns : 10825129812
[report] load_duration_s : 10.825130
[report] load_throughput : 13663.854621
[report] load_average_latency_ns : 73185.790377
Load workloads needs: 10858683255 ns 
[report] load_thread_ID : 4
[report] load_duration_ns : 10858683255
[report] load_duration_s : 10.858683
[report] load_throughput : 13621.633169
[report] load_average_latency_ns : 73412.636178
Load workloads needs: 10976767359 ns 
[report] load_thread_ID : 0
[report] load_duration_ns : 10976767359
[report] load_duration_s : 10.976767
[report] load_throughput : 13475.096553
[report] load_average_latency_ns : 74210.971037
Load workloads needs: 10977987208 ns 
[report] load_thread_ID : 7
[report] load_duration_ns : 10977987208
[report] load_duration_s : 10.977987
[report] load_throughput : 13473.599231
[report] load_average_latency_ns : 74219.218108
Load workloads needs: 10983958959 ns 
[report] load_thread_ID : 1
[report] load_duration_ns : 10983958959
[report] load_duration_s : 10.983959
[report] load_throughput : 13466.273914
[report] load_average_latency_ns : 74259.591510
Load workloads needs: 10995945902 ns 
[report] load_thread_ID : 8
[report] load_duration_ns : 10995945902
[report] load_duration_s : 10.995946
[report] load_throughput : 13451.594007
[report] load_average_latency_ns : 74340.632007
Load workloads needs: 11024618635 ns 
[report] load_thread_ID : 10
[report] load_duration_ns : 11024618635
[report] load_duration_s : 11.024619
[report] load_throughput : 13416.609218
[report] load_average_latency_ns : 74534.480641
Load workloads needs: 11031436030 ns 
[report] load_thread_ID : 6
[report] load_duration_ns : 11031436030
[report] load_duration_s : 11.031436
[report] load_throughput : 13408.317793
[report] load_average_latency_ns : 74580.571214
Load workloads needs: 11080095167 ns 
[report] load_thread_ID : 2
[report] load_duration_ns : 11080095167
[report] load_duration_s : 11.080095
[report] load_throughput : 13349.434077
[report] load_average_latency_ns : 74909.542549
Load workloads needs: 11102016503 ns 
[report] load_thread_ID : 9
[report] load_duration_ns : 11102016503
[report] load_duration_s : 11.102017
[report] load_throughput : 13323.075133
[report] load_average_latency_ns : 75057.746804
Load workloads needs: 11142251767 ns 
[report] load_thread_ID : 11
[report] load_duration_ns : 11142251767
[report] load_duration_s : 11.142252
[report] load_throughput : 13274.964800
[report] load_average_latency_ns : 75329.766599
All clients run done needs: 11142708293 ns 
[report] load_overall_duration_ns : 11142708293
[report] load_overall_duration_s : 11.142708
[report] load_overall_throughput : 159293.679178
[report] load_overall_average_latency_ns : 6277.712996
