numactl --membind=2 /home/gxr/mongodb-run/test_mongodb/build//run_client --num_threads=16 --core_binding=0,1,2,3,4,5,6,7,8,9,10,11,24,25,26,27,28,29,30,31,32,33,34,35 --str_key_size=16 --str_key_size=16 --load_file=/home/gxr/mongodb-run/workloads/ycsb/workloada-load-50000000-50000000.log.formated --run_file=/home/gxr/mongodb-run/workloads/ycsb/workloada-run-50000000-50000000.log.formated --URI_set=mongodb://localhost:27017,mongodb://localhost:27018,mongodb://localhost:27019,mongodb://localhost:27020,mongodb://localhost:27021,mongodb://localhost:27022,mongodb://localhost:27023,mongodb://localhost:27024,mongodb://localhost:27025,mongodb://localhost:27026,mongodb://localhost:27027,mongodb://localhost:27028,mongodb://localhost:27029,mongodb://localhost:27030,mongodb://localhost:27031,mongodb://localhost:27032,mongodb://localhost:27033,mongodb://localhost:27034,mongodb://localhost:27035,mongodb://localhost:27036,mongodb://localhost:27037,mongodb://localhost:27038,mongodb://localhost:27039,mongodb://localhost:27040,mongodb://localhost:27041,mongodb://localhost:27042,mongodb://localhost:27043,mongodb://localhost:27044,mongodb://localhost:27045,mongodb://localhost:27046 --first_mode=false
mongodb://localhost:27017 mongodb://localhost:27018 mongodb://localhost:27019 mongodb://localhost:27020 mongodb://localhost:27021 mongodb://localhost:27022 mongodb://localhost:27023 mongodb://localhost:27024 mongodb://localhost:27025 mongodb://localhost:27026 mongodb://localhost:27027 mongodb://localhost:27028 mongodb://localhost:27029 mongodb://localhost:27030 mongodb://localhost:27031 mongodb://localhost:27032 mongodb://localhost:27033 mongodb://localhost:27034 mongodb://localhost:27035 mongodb://localhost:27036 mongodb://localhost:27037 mongodb://localhost:27038 mongodb://localhost:27039 mongodb://localhost:27040 mongodb://localhost:27041 mongodb://localhost:27042 mongodb://localhost:27043 mongodb://localhost:27044 mongodb://localhost:27045 mongodb://localhost:27046 reading workload files ...
load_filename : /home/gxr/mongodb-run/workloads/ycsb/workloada-load-50000000-50000000.log.formated
read load file needs: 1330869175 s 
run_filename : /home/gxr/mongodb-run/workloads/ycsb/workloada-run-50000000-50000000.log.formated
read run file needs: 1283421258 s 
num_of_load_ops is 1774963
num_of_run_ops is 1924255
0 1 2 3 4 5 6 7 8 9 10 11 24 25 26 27 28 29 30 31 32 33 34 35 URI: URI: mongodb://localhost:27018URI: mongodb://localhost:27020
mongodb://localhost:27019

URI: mongodb://localhost:27017
URI: mongodb://localhost:27021
URI: mongodb://localhost:27022
URI: mongodb://localhost:27023
URI: mongodb://localhost:27025
URI: mongodb://localhost:27024
URI: mongodb://localhost:27026
URI: mongodb://localhost:27027
URI: mongodb://localhost:27028
URI: mongodb://localhost:27029
URI: mongodb://localhost:27030
URI: mongodb://localhost:27031
URI: mongodb://localhost:27032
Load workloads needs: 10700706020 ns 
[report] load_thread_ID : 13
[report] load_duration_ns : 10700706020
[report] load_duration_s : 10.700706
[report] load_throughput : 10367.072957
[report] load_average_latency_ns : 96459.242079
Load workloads needs: 10779266147 ns 
[report] load_thread_ID : 0
[report] load_duration_ns : 10779266147
[report] load_duration_s : 10.779266
[report] load_throughput : 10291.516926
[report] load_average_latency_ns : 97167.405661
Load workloads needs: 10924329721 ns 
[report] load_thread_ID : 1
[report] load_duration_ns : 10924329721
[report] load_duration_s : 10.924330
[report] load_throughput : 10154.856438
[report] load_average_latency_ns : 98475.050444
Load workloads needs: 11021476146 ns 
[report] load_thread_ID : 15
[report] load_duration_ns : 11021476146
[report] load_duration_s : 11.021476
[report] load_throughput : 10065.348646
[report] load_average_latency_ns : 99350.756263
Load workloads needs: 11047770858 ns 
[report] load_thread_ID : 5
[report] load_duration_ns : 11047770858
[report] load_duration_s : 11.047771
[report] load_throughput : 10041.392189
[report] load_average_latency_ns : 99587.784360
Load workloads needs: 11174172766 ns 
[report] load_thread_ID : 12
[report] load_duration_ns : 11174172766
[report] load_duration_s : 11.174173
[report] load_throughput : 9927.804261
[report] load_average_latency_ns : 100727.207518
Load workloads needs: 11180568095 ns 
[report] load_thread_ID : 10
[report] load_duration_ns : 11180568095
[report] load_duration_s : 11.180568
[report] load_throughput : 9922.125518
[report] load_average_latency_ns : 100784.856853
Load workloads needs: 11193712782 ns 
[report] load_thread_ID : 7
[report] load_duration_ns : 11193712782
[report] load_duration_s : 11.193713
[report] load_throughput : 9910.474046
[report] load_average_latency_ns : 100903.346843
Load workloads needs: 11199060277 ns 
[report] load_thread_ID : 4
[report] load_duration_ns : 11199060277
[report] load_duration_s : 11.199060
[report] load_throughput : 9905.741844
[report] load_average_latency_ns : 100951.550701
Load workloads needs: 11224175269 ns 
[report] load_thread_ID : 6
[report] load_duration_ns : 11224175269
[report] load_duration_s : 11.224175
[report] load_throughput : 9883.576953
[report] load_average_latency_ns : 101177.944463
Load workloads needs: 11259046224 ns 
[report] load_thread_ID : 14
[report] load_duration_ns : 11259046224
[report] load_duration_s : 11.259046
[report] load_throughput : 9852.966032
[report] load_average_latency_ns : 101492.281282
Load workloads needs: 11271205861 ns 
[report] load_thread_ID : 3
[report] load_duration_ns : 11271205861
[report] load_duration_s : 11.271206
[report] load_throughput : 9842.336425
[report] load_average_latency_ns : 101601.891747
Load workloads needs: 11435196808 ns 
[report] load_thread_ID : 8
[report] load_duration_ns : 11435196808
[report] load_duration_s : 11.435197
[report] load_throughput : 9701.188520
[report] load_average_latency_ns : 103080.153315
Load workloads needs: 11452771122 ns 
[report] load_thread_ID : 2
[report] load_duration_ns : 11452771122
[report] load_duration_s : 11.452771
[report] load_throughput : 9686.302015
[report] load_average_latency_ns : 103238.573237
Load workloads needs: 11528054727 ns 
[report] load_thread_ID : 9
[report] load_duration_ns : 11528054727
[report] load_duration_s : 11.528055
[report] load_throughput : 9623.045919
[report] load_average_latency_ns : 103917.201307
Load workloads needs: 11616708425 ns 
[report] load_thread_ID : 11
[report] load_duration_ns : 11616708425
[report] load_duration_s : 11.616708
[report] load_throughput : 9549.606992
[report] load_average_latency_ns : 104716.351242
All clients run done needs: 11616826158 ns 
[report] load_overall_duration_ns : 11616826158
[report] load_overall_duration_s : 11.616826
[report] load_overall_throughput : 152792.421601
[report] load_overall_average_latency_ns : 6544.827221
