numactl --membind=2 /home/gxr/mongodb-run/test_mongodb/build//run_client --num_threads=4 --core_binding=0,1,2,3,4,5,6,7,8,9,10,11,24,25,26,27,28,29,30,31,32,33,34,35 --str_key_size=16 --str_key_size=64 --load_file=/home/gxr/mongodb-run/workloads/ycsb/workloada-load-50000000-50000000.log.formated --run_file=/home/gxr/mongodb-run/workloads/ycsb/workloada-run-50000000-50000000.log.formated --URI_set=mongodb://localhost:27017,mongodb://localhost:27018,mongodb://localhost:27019,mongodb://localhost:27020,mongodb://localhost:27021,mongodb://localhost:27022,mongodb://localhost:27023,mongodb://localhost:27024,mongodb://localhost:27025,mongodb://localhost:27026,mongodb://localhost:27027,mongodb://localhost:27028,mongodb://localhost:27029,mongodb://localhost:27030,mongodb://localhost:27031,mongodb://localhost:27032,mongodb://localhost:27033,mongodb://localhost:27034,mongodb://localhost:27035,mongodb://localhost:27036,mongodb://localhost:27037,mongodb://localhost:27038,mongodb://localhost:27039,mongodb://localhost:27040,mongodb://localhost:27041,mongodb://localhost:27042,mongodb://localhost:27043,mongodb://localhost:27044,mongodb://localhost:27045,mongodb://localhost:27046 --first_mode=false
mongodb://localhost:27017 mongodb://localhost:27018 mongodb://localhost:27019 mongodb://localhost:27020 mongodb://localhost:27021 mongodb://localhost:27022 mongodb://localhost:27023 mongodb://localhost:27024 mongodb://localhost:27025 mongodb://localhost:27026 mongodb://localhost:27027 mongodb://localhost:27028 mongodb://localhost:27029 mongodb://localhost:27030 mongodb://localhost:27031 mongodb://localhost:27032 mongodb://localhost:27033 mongodb://localhost:27034 mongodb://localhost:27035 mongodb://localhost:27036 mongodb://localhost:27037 mongodb://localhost:27038 mongodb://localhost:27039 mongodb://localhost:27040 mongodb://localhost:27041 mongodb://localhost:27042 mongodb://localhost:27043 mongodb://localhost:27044 mongodb://localhost:27045 mongodb://localhost:27046 reading workload files ...
load_filename : /home/gxr/mongodb-run/workloads/ycsb/workloada-load-50000000-50000000.log.formated
read load file needs: 1120099336 s 
run_filename : /home/gxr/mongodb-run/workloads/ycsb/workloada-run-50000000-50000000.log.formated
read run file needs: 1105845139 s 
num_of_load_ops is 1774963
num_of_run_ops is 1924255
0 1 2 3 4 5 6 7 8 9 10 11 24 25 26 27 28 29 30 31 32 33 34 35 URI: URI: mongodb://localhost:27020mongodb://localhost:27017URI: 
mongodb://localhost:27018

URI: mongodb://localhost:27019
Load workloads needs: 21530116238 ns 
[report] load_thread_ID : 1
[report] load_duration_ns : 21530116238
[report] load_duration_s : 21.530116
[report] load_throughput : 20610.199922
[report] load_average_latency_ns : 48519.665205
Load workloads needs: 22263448452 ns 
[report] load_thread_ID : 0
[report] load_duration_ns : 22263448452
[report] load_duration_s : 22.263448
[report] load_throughput : 19931.323800
[report] load_average_latency_ns : 50172.282084
Load workloads needs: 23403226034 ns 
[report] load_thread_ID : 2
[report] load_duration_ns : 23403226034
[report] load_duration_s : 23.403226
[report] load_throughput : 18960.633861
[report] load_average_latency_ns : 52740.852828
Load workloads needs: 24486276066 ns 
[report] load_thread_ID : 3
[report] load_duration_ns : 24486276066
[report] load_duration_s : 24.486276
[report] load_throughput : 18121.987958
[report] load_average_latency_ns : 55181.583959
All clients run done needs: 24487832099 ns 
[report] load_overall_duration_ns : 24487832099
[report] load_overall_duration_s : 24.487832
[report] load_overall_throughput : 72483.468231
[report] load_overall_average_latency_ns : 13796.249330
