numactl --membind=2 /home/gxr/mongodb-run/test_mongodb/build//run_client --num_threads=24 --core_binding=0,1,2,3,4,5,6,7,8,9,10,11,24,25,26,27,28,29,30,31,32,33,34,35 --str_key_size=16 --str_key_size=64 --load_file=/home/gxr/mongodb-run/workloads/ycsb/workloada-load-10000000-10000000.log.formated --run_file=/home/gxr/mongodb-run/workloads/ycsb/workloada-run-10000000-10000000.log.formated --URI_set=mongodb://localhost:27017,mongodb://localhost:27018,mongodb://localhost:27019,mongodb://localhost:27020,mongodb://localhost:27021,mongodb://localhost:27022,mongodb://localhost:27023,mongodb://localhost:27024,mongodb://localhost:27025,mongodb://localhost:27026,mongodb://localhost:27027,mongodb://localhost:27028,mongodb://localhost:27029,mongodb://localhost:27030,mongodb://localhost:27031,mongodb://localhost:27032,mongodb://localhost:27033,mongodb://localhost:27034,mongodb://localhost:27035,mongodb://localhost:27036,mongodb://localhost:27037,mongodb://localhost:27038,mongodb://localhost:27039,mongodb://localhost:27040,mongodb://localhost:27041,mongodb://localhost:27042,mongodb://localhost:27043,mongodb://localhost:27044,mongodb://localhost:27045,mongodb://localhost:27046 --first_mode=false
mongodb://localhost:27017 mongodb://localhost:27018 mongodb://localhost:27019 mongodb://localhost:27020 mongodb://localhost:27021 mongodb://localhost:27022 mongodb://localhost:27023 mongodb://localhost:27024 mongodb://localhost:27025 mongodb://localhost:27026 mongodb://localhost:27027 mongodb://localhost:27028 mongodb://localhost:27029 mongodb://localhost:27030 mongodb://localhost:27031 mongodb://localhost:27032 mongodb://localhost:27033 mongodb://localhost:27034 mongodb://localhost:27035 mongodb://localhost:27036 mongodb://localhost:27037 mongodb://localhost:27038 mongodb://localhost:27039 mongodb://localhost:27040 mongodb://localhost:27041 mongodb://localhost:27042 mongodb://localhost:27043 mongodb://localhost:27044 mongodb://localhost:27045 mongodb://localhost:27046 reading workload files ...
load_filename : /home/gxr/mongodb-run/workloads/ycsb/workloada-load-10000000-10000000.log.formated
read load file needs: 1409641258 s 
run_filename : /home/gxr/mongodb-run/workloads/ycsb/workloada-run-10000000-10000000.log.formated
read run file needs: 1261833898 s 
num_of_load_ops is 1862736
num_of_run_ops is 1934501
0 1 2 3 4 5 6 7 8 9 10 11 24 25 26 27 28 29 30 31 32 33 34 35 URI: URI: URI: URI: URI: mongodb://localhost:27025URI: 
mongodb://localhost:27017
URI: URI: mongodb://localhost:27019mongodb://localhost:27020
mongodb://localhost:27024
mongodb://localhost:27018mongodb://localhost:27022URI: 
mongodb://localhost:27023mongodb://localhost:27021

URI: 

mongodb://localhost:27027
URI: mongodb://localhost:27029
URI: mongodb://localhost:27030
URI: mongodb://localhost:27028
URI: mongodb://localhost:27032
URI: mongodb://localhost:27031
URI: mongodb://localhost:27026
URI: mongodb://localhost:27033
URI: mongodb://localhost:27034
URI: mongodb://localhost:27035
URI: mongodb://localhost:27036
URI: mongodb://localhost:27037
URI: mongodb://localhost:27038
URI: mongodb://localhost:27039
URI: mongodb://localhost:27040
Load workloads needs: 8207321073 ns 
[report] load_thread_ID : 11
[report] load_duration_ns : 8207321073
[report] load_duration_s : 8.207321
[report] load_throughput : 9456.678898
[report] load_average_latency_ns : 105745.369044
Load workloads needs: 8295641092 ns 
[report] load_thread_ID : 9
[report] load_duration_ns : 8295641092
[report] load_duration_s : 8.295641
[report] load_throughput : 9355.997823
[report] load_average_latency_ns : 106883.308321
Load workloads needs: 8299287945 ns 
[report] load_thread_ID : 1
[report] load_duration_ns : 8299287945
[report] load_duration_s : 8.299288
[report] load_throughput : 9351.886633
[report] load_average_latency_ns : 106930.295372
Load workloads needs: 8315230722 ns 
[report] load_thread_ID : 2
[report] load_duration_ns : 8315230722
[report] load_duration_s : 8.315231
[report] load_throughput : 9333.956278
[report] load_average_latency_ns : 107135.706470
Load workloads needs: 8379175991 ns 
[report] load_thread_ID : 14
[report] load_duration_ns : 8379175991
[report] load_duration_s : 8.379176
[report] load_throughput : 9262.724650
[report] load_average_latency_ns : 107959.594802
Load workloads needs: 8395186823 ns 
[report] load_thread_ID : 8
[report] load_duration_ns : 8395186823
[report] load_duration_s : 8.395187
[report] load_throughput : 9245.059298
[report] load_average_latency_ns : 108165.882740
Load workloads needs: 8436065634 ns 
[report] load_thread_ID : 10
[report] load_duration_ns : 8436065634
[report] load_duration_s : 8.436066
[report] load_throughput : 9200.260331
[report] load_average_latency_ns : 108692.576520
Load workloads needs: 8466136148 ns 
[report] load_thread_ID : 20
[report] load_duration_ns : 8466136148
[report] load_duration_s : 8.466136
[report] load_throughput : 9167.582312
[report] load_average_latency_ns : 109080.013245
Load workloads needs: 8497629051 ns 
[report] load_thread_ID : 5
[report] load_duration_ns : 8497629051
[report] load_duration_s : 8.497629
[report] load_throughput : 9133.606508
[report] load_average_latency_ns : 109485.776419
Load workloads needs: 8511003719 ns 
[report] load_thread_ID : 15
[report] load_duration_ns : 8511003719
[report] load_duration_s : 8.511004
[report] load_throughput : 9119.253447
[report] load_average_latency_ns : 109658.099299
Load workloads needs: 8519001939 ns 
[report] load_thread_ID : 3
[report] load_duration_ns : 8519001939
[report] load_duration_s : 8.519002
[report] load_throughput : 9110.691670
[report] load_average_latency_ns : 109761.150553
Load workloads needs: 8524088239 ns 
[report] load_thread_ID : 18
[report] load_duration_ns : 8524088239
[report] load_duration_s : 8.524088
[report] load_throughput : 9105.255345
[report] load_average_latency_ns : 109826.683833
Load workloads needs: 8542276572 ns 
[report] load_thread_ID : 0
[report] load_duration_ns : 8542276572
[report] load_duration_s : 8.542277
[report] load_throughput : 9085.868310
[report] load_average_latency_ns : 110061.027289
Load workloads needs: 8555039672 ns 
[report] load_thread_ID : 12
[report] load_duration_ns : 8555039672
[report] load_duration_s : 8.555040
[report] load_throughput : 9072.313277
[report] load_average_latency_ns : 110225.470559
Load workloads needs: 8581983773 ns 
[report] load_thread_ID : 17
[report] load_duration_ns : 8581983773
[report] load_duration_s : 8.581984
[report] load_throughput : 9043.829731
[report] load_average_latency_ns : 110572.625725
Load workloads needs: 8586035351 ns 
[report] load_thread_ID : 19
[report] load_duration_ns : 8586035351
[report] load_duration_s : 8.586035
[report] load_throughput : 9039.562129
[report] load_average_latency_ns : 110624.827364
Load workloads needs: 8601014146 ns 
[report] load_thread_ID : 6
[report] load_duration_ns : 8601014146
[report] load_duration_s : 8.601014
[report] load_throughput : 9023.819596
[report] load_average_latency_ns : 110817.818254
Load workloads needs: 8649929546 ns 
[report] load_thread_ID : 13
[report] load_duration_ns : 8649929546
[report] load_duration_s : 8.649930
[report] load_throughput : 8972.789846
[report] load_average_latency_ns : 111448.057644
Load workloads needs: 8741173319 ns 
[report] load_thread_ID : 7
[report] load_duration_ns : 8741173319
[report] load_duration_s : 8.741173
[report] load_throughput : 8879.128370
[report] load_average_latency_ns : 112623.667367
Load workloads needs: 8775624433 ns 
[report] load_thread_ID : 16
[report] load_duration_ns : 8775624433
[report] load_duration_s : 8.775624
[report] load_throughput : 8844.270923
[report] load_average_latency_ns : 113067.544940
Load workloads needs: 8841728591 ns 
[report] load_thread_ID : 4
[report] load_duration_ns : 8841728591
[report] load_duration_s : 8.841729
[report] load_throughput : 8778.147757
[report] load_average_latency_ns : 113919.248989
Load workloads needs: 8952222774 ns 
[report] load_thread_ID : 23
[report] load_duration_ns : 8952222774
[report] load_duration_s : 8.952223
[report] load_throughput : 8669.802122
[report] load_average_latency_ns : 115342.886258
Load workloads needs: 9058953820 ns 
[report] load_thread_ID : 22
[report] load_duration_ns : 9058953820
[report] load_duration_s : 9.058954
[report] load_throughput : 8567.655995
[report] load_average_latency_ns : 116718.038241
Load workloads needs: 9151140515 ns 
[report] load_thread_ID : 21
[report] load_duration_ns : 9151140515
[report] load_duration_s : 9.151141
[report] load_throughput : 8481.347202
[report] load_average_latency_ns : 117905.796828
All clients run done needs: 9151256104 ns 
[report] load_overall_duration_ns : 9151256104
[report] load_overall_duration_s : 9.151256
[report] load_overall_throughput : 203549.761785
[report] load_overall_average_latency_ns : 4912.803588
