numactl --membind=2 /home/gxr/mongodb-run/test_mongodb/build//run_client --num_threads=20 --core_binding=0,1,2,3,4,5,6,7,8,9,10,11,24,25,26,27,28,29,30,31,32,33,34,35 --str_key_size=16 --str_key_size=1024 --load_file=/home/gxr/mongodb-run/workloads/ycsb/workloada-load-10000000-10000000.log.formated --run_file=/home/gxr/mongodb-run/workloads/ycsb/workloada-run-10000000-10000000.log.formated --URI_set=mongodb://localhost:27017,mongodb://localhost:27018,mongodb://localhost:27019,mongodb://localhost:27020,mongodb://localhost:27021,mongodb://localhost:27022,mongodb://localhost:27023,mongodb://localhost:27024,mongodb://localhost:27025,mongodb://localhost:27026,mongodb://localhost:27027,mongodb://localhost:27028,mongodb://localhost:27029,mongodb://localhost:27030,mongodb://localhost:27031,mongodb://localhost:27032,mongodb://localhost:27033,mongodb://localhost:27034,mongodb://localhost:27035,mongodb://localhost:27036,mongodb://localhost:27037,mongodb://localhost:27038,mongodb://localhost:27039,mongodb://localhost:27040,mongodb://localhost:27041,mongodb://localhost:27042,mongodb://localhost:27043,mongodb://localhost:27044,mongodb://localhost:27045,mongodb://localhost:27046 --first_mode=true
mongodb://localhost:27017 mongodb://localhost:27018 mongodb://localhost:27019 mongodb://localhost:27020 mongodb://localhost:27021 mongodb://localhost:27022 mongodb://localhost:27023 mongodb://localhost:27024 mongodb://localhost:27025 mongodb://localhost:27026 mongodb://localhost:27027 mongodb://localhost:27028 mongodb://localhost:27029 mongodb://localhost:27030 mongodb://localhost:27031 mongodb://localhost:27032 mongodb://localhost:27033 mongodb://localhost:27034 mongodb://localhost:27035 mongodb://localhost:27036 mongodb://localhost:27037 mongodb://localhost:27038 mongodb://localhost:27039 mongodb://localhost:27040 mongodb://localhost:27041 mongodb://localhost:27042 mongodb://localhost:27043 mongodb://localhost:27044 mongodb://localhost:27045 mongodb://localhost:27046 reading workload files ...
load_filename : /home/gxr/mongodb-run/workloads/ycsb/workloada-load-10000000-10000000.log.formated
read load file needs: 1076751492 s 
run_filename : /home/gxr/mongodb-run/workloads/ycsb/workloada-run-10000000-10000000.log.formated
read run file needs: 1111156329 s 
num_of_load_ops is 1862736
num_of_run_ops is 1934501
0 1 2 3 4 5 6 7 8 9 10 11 24 25 26 27 28 29 30 31 32 33 34 35 URI: URI: URI: mongodb://localhost:27017mongodb://localhost:27017
URI: URI: URI: mongodb://localhost:27017
mongodb://localhost:27017

URI: mongodb://localhost:27017mongodb://localhost:27017

mongodb://localhost:27017URI: URI: mongodb://localhost:27017
URI: 
mongodb://localhost:27017
URI: mongodb://localhost:27017
URI: URI: mongodb://localhost:27017
mongodb://localhost:27017
URI: mongodb://localhost:27017
mongodb://localhost:27017
URI: mongodb://localhost:27017
URI: mongodb://localhost:27017
URI: mongodb://localhost:27017
URI: mongodb://localhost:27017
URI: mongodb://localhost:27017
URI: mongodb://localhost:27017
Load workloads needs: 11724503101 ns 
[report] load_thread_ID : 11
[report] load_duration_ns : 11724503101
[report] load_duration_s : 11.724503
[report] load_throughput : 7943.705520
[report] load_average_latency_ns : 125885.834704
Load workloads needs: 11752369711 ns 
[report] load_thread_ID : 8
[report] load_duration_ns : 11752369711
[report] load_duration_s : 11.752370
[report] load_throughput : 7924.869817
[report] load_average_latency_ns : 126185.038127
Load workloads needs: 11821788429 ns 
[report] load_thread_ID : 10
[report] load_duration_ns : 11821788429
[report] load_duration_s : 11.821788
[report] load_throughput : 7878.334193
[report] load_average_latency_ns : 126930.385984
Load workloads needs: 11912540718 ns 
[report] load_thread_ID : 9
[report] load_duration_ns : 11912540718
[report] load_duration_s : 11.912541
[report] load_throughput : 7818.315354
[report] load_average_latency_ns : 127904.792110
Load workloads needs: 11975166067 ns 
[report] load_thread_ID : 0
[report] load_duration_ns : 11975166067
[report] load_duration_s : 11.975166
[report] load_throughput : 7777.428679
[report] load_average_latency_ns : 128577.199654
Load workloads needs: 12001414514 ns 
[report] load_thread_ID : 12
[report] load_duration_ns : 12001414514
[report] load_duration_s : 12.001415
[report] load_throughput : 7760.418565
[report] load_average_latency_ns : 128859.028882
Load workloads needs: 12009866301 ns 
[report] load_thread_ID : 14
[report] load_duration_ns : 12009866301
[report] load_duration_s : 12.009866
[report] load_throughput : 7754.957271
[report] load_average_latency_ns : 128949.775608
Load workloads needs: 12012958424 ns 
[report] load_thread_ID : 1
[report] load_duration_ns : 12012958424
[report] load_duration_s : 12.012958
[report] load_throughput : 7752.961154
[report] load_average_latency_ns : 128982.975691
Load workloads needs: 12019631072 ns 
[report] load_thread_ID : 15
[report] load_duration_ns : 12019631072
[report] load_duration_s : 12.019631
[report] load_throughput : 7748.657129
[report] load_average_latency_ns : 129054.619825
Load workloads needs: 12029564463 ns 
[report] load_thread_ID : 7
[report] load_duration_ns : 12029564463
[report] load_duration_s : 12.029564
[report] load_throughput : 7742.258690
[report] load_average_latency_ns : 129161.274513
Load workloads needs: 12029653187 ns 
[report] load_thread_ID : 2
[report] load_duration_ns : 12029653187
[report] load_duration_s : 12.029653
[report] load_throughput : 7742.201587
[report] load_average_latency_ns : 129162.227141
Load workloads needs: 12038333500 ns 
[report] load_thread_ID : 17
[report] load_duration_ns : 12038333500
[report] load_duration_s : 12.038334
[report] load_throughput : 7736.619026
[report] load_average_latency_ns : 129255.427547
Load workloads needs: 12046864013 ns 
[report] load_thread_ID : 19
[report] load_duration_ns : 12046864013
[report] load_duration_s : 12.046864
[report] load_throughput : 7731.140644
[report] load_average_latency_ns : 129347.019552
Load workloads needs: 12047460392 ns 
[report] load_thread_ID : 3
[report] load_duration_ns : 12047460392
[report] load_duration_s : 12.047460
[report] load_throughput : 7730.757933
[report] load_average_latency_ns : 129353.422865
Load workloads needs: 12049933590 ns 
[report] load_thread_ID : 18
[report] load_duration_ns : 12049933590
[report] load_duration_s : 12.049934
[report] load_throughput : 7729.171228
[report] load_average_latency_ns : 129379.977560
Load workloads needs: 12062574257 ns 
[report] load_thread_ID : 13
[report] load_duration_ns : 12062574257
[report] load_duration_s : 12.062574
[report] load_throughput : 7721.071640
[report] load_average_latency_ns : 129515.700234
Load workloads needs: 12063718272 ns 
[report] load_thread_ID : 5
[report] load_duration_ns : 12063718272
[report] load_duration_s : 12.063718
[report] load_throughput : 7720.339443
[report] load_average_latency_ns : 129527.983508
Load workloads needs: 12066528238 ns 
[report] load_thread_ID : 4
[report] load_duration_ns : 12066528238
[report] load_duration_s : 12.066528
[report] load_throughput : 7718.541586
[report] load_average_latency_ns : 129558.154076
Load workloads needs: 12095909300 ns 
[report] load_thread_ID : 16
[report] load_duration_ns : 12095909300
[report] load_duration_s : 12.095909
[report] load_throughput : 7699.793185
[report] load_average_latency_ns : 129873.618150
Load workloads needs: 12109108350 ns 
[report] load_thread_ID : 6
[report] load_duration_ns : 12109108350
[report] load_duration_s : 12.109108
[report] load_throughput : 7691.400333
[report] load_average_latency_ns : 130015.336175
All clients run done needs: 12109665896 ns 
[report] load_overall_duration_ns : 12109665896
[report] load_overall_duration_s : 12.109666
[report] load_overall_throughput : 153822.245469
[report] load_overall_average_latency_ns : 6501.010286
