numactl --membind=0 /mnt/nvme0/home/gxr/mongdb-run/test_mongodb/build//run_client --num_threads=18 --core_binding=0,1,2,3,4,5,6,7,8,9,10,11,12,13,14,15,128,129,130,131,132,133,134,135,136,137,138,139,140,141,142,143 --str_key_size=16 --str_key_size=256 --load_file=/mnt/nvme0/home/gxr/mongdb-run/workloads/ycsb/workloada-load-10000000-10000000.log.formated --run_file=/mnt/nvme0/home/gxr/mongdb-run/workloads/ycsb/workloada-run-10000000-10000000.log.formated --URI_set=mongodb://localhost:27017,mongodb://localhost:27018,mongodb://localhost:27019,mongodb://localhost:27020,mongodb://localhost:27021,mongodb://localhost:27022,mongodb://localhost:27023,mongodb://localhost:27024,mongodb://localhost:27025,mongodb://localhost:27026,mongodb://localhost:27027,mongodb://localhost:27028,mongodb://localhost:27029,mongodb://localhost:27030,mongodb://localhost:27031,mongodb://localhost:27032,mongodb://localhost:27033,mongodb://localhost:27034,mongodb://localhost:27035,mongodb://localhost:27036,mongodb://localhost:27037,mongodb://localhost:27038,mongodb://localhost:27039,mongodb://localhost:27040,mongodb://localhost:27041,mongodb://localhost:27042,mongodb://localhost:27043,mongodb://localhost:27044,mongodb://localhost:27045,mongodb://localhost:27046 --first_mode=true
mongodb://localhost:27017 mongodb://localhost:27018 mongodb://localhost:27019 mongodb://localhost:27020 mongodb://localhost:27021 mongodb://localhost:27022 mongodb://localhost:27023 mongodb://localhost:27024 mongodb://localhost:27025 mongodb://localhost:27026 mongodb://localhost:27027 mongodb://localhost:27028 mongodb://localhost:27029 mongodb://localhost:27030 mongodb://localhost:27031 mongodb://localhost:27032 mongodb://localhost:27033 mongodb://localhost:27034 mongodb://localhost:27035 mongodb://localhost:27036 mongodb://localhost:27037 mongodb://localhost:27038 mongodb://localhost:27039 mongodb://localhost:27040 mongodb://localhost:27041 mongodb://localhost:27042 mongodb://localhost:27043 mongodb://localhost:27044 mongodb://localhost:27045 mongodb://localhost:27046 reading workload files ...
load_filename : /mnt/nvme0/home/gxr/mongdb-run/workloads/ycsb/workloada-load-10000000-10000000.log.formated
read load file needs: 5024103436 s 
run_filename : /mnt/nvme0/home/gxr/mongdb-run/workloads/ycsb/workloada-run-10000000-10000000.log.formated
read run file needs: 5154187307 s 
num_of_load_ops is 10000000
num_of_run_ops is 10000000
0 1 2 3 4 5 6 7 8 9 10 11 12 13 14 15 128 129 130 131 132 133 134 135 136 137 138 139 140 141 142 143 URI: mongodb://localhost:27017
URI: URI: URI: URI: mongodb://localhost:27017mongodb://localhost:27017

mongodb://localhost:27017mongodb://localhost:27017

URI: mongodb://localhost:27017
URI: mongodb://localhost:27017
URI: mongodb://localhost:27017
URI: URI: URI: mongodb://localhost:27017
mongodb://localhost:27017URI: mongodb://localhost:27017
URI: URI: 
URI: mongodb://localhost:27017
URI: mongodb://localhost:27017
URI: mongodb://localhost:27017
mongodb://localhost:27017
mongodb://localhost:27017
mongodb://localhost:27017
URI: mongodb://localhost:27017
Load workloads needs: 93541699619 ns 
[report] load_thread_ID : 11
[report] load_duration_ns : 93541699619
[report] load_duration_s : 93.541700
[report] load_throughput : 5939.115948
[report] load_average_latency_ns : 168375.227689
Load workloads needs: 93944336604 ns 
[report] load_thread_ID : 16
[report] load_duration_ns : 93944336604
[report] load_duration_s : 93.944337
[report] load_throughput : 5913.661431
[report] load_average_latency_ns : 169099.974987
Load workloads needs: 94289511026 ns 
[report] load_thread_ID : 12
[report] load_duration_ns : 94289511026
[report] load_duration_s : 94.289511
[report] load_throughput : 5892.012738
[report] load_average_latency_ns : 169721.289568
Load workloads needs: 94476322981 ns 
[report] load_thread_ID : 8
[report] load_duration_ns : 94476322981
[report] load_duration_s : 94.476323
[report] load_throughput : 5880.362216
[report] load_average_latency_ns : 170057.551423
Load workloads needs: 94647424628 ns 
[report] load_thread_ID : 14
[report] load_duration_ns : 94647424628
[report] load_duration_s : 94.647425
[report] load_throughput : 5869.731820
[report] load_average_latency_ns : 170365.534696
Load workloads needs: 94657875333 ns 
[report] load_thread_ID : 9
[report] load_duration_ns : 94657875333
[report] load_duration_s : 94.657875
[report] load_throughput : 5869.083772
[report] load_average_latency_ns : 170384.345984
Load workloads needs: 94699785605 ns 
[report] load_thread_ID : 13
[report] load_duration_ns : 94699785605
[report] load_duration_s : 94.699786
[report] load_throughput : 5866.486354
[report] load_average_latency_ns : 170459.784549
Load workloads needs: 94902536278 ns 
[report] load_thread_ID : 17
[report] load_duration_ns : 94902536278
[report] load_duration_s : 94.902536
[report] load_throughput : 5853.953137
[report] load_average_latency_ns : 170824.736125
Load workloads needs: 95053450790 ns 
[report] load_thread_ID : 10
[report] load_duration_ns : 95053450790
[report] load_duration_s : 95.053451
[report] load_throughput : 5844.658930
[report] load_average_latency_ns : 171096.382518
Load workloads needs: 95500109659 ns 
[report] load_thread_ID : 15
[report] load_duration_ns : 95500109659
[report] load_duration_s : 95.500110
[report] load_throughput : 5817.323163
[report] load_average_latency_ns : 171900.369287
Load workloads needs: 104181317623 ns 
[report] load_thread_ID : 0
[report] load_duration_ns : 104181317623
[report] load_duration_s : 104.181318
[report] load_throughput : 5332.577977
[report] load_average_latency_ns : 187526.559248
Load workloads needs: 106011020496 ns 
[report] load_thread_ID : 1
[report] load_duration_ns : 106011020496
[report] load_duration_s : 106.011020
[report] load_throughput : 5240.540063
[report] load_average_latency_ns : 190820.027713
Load workloads needs: 106922093274 ns 
[report] load_thread_ID : 4
[report] load_duration_ns : 106922093274
[report] load_duration_s : 106.922093
[report] load_throughput : 5195.885930
[report] load_average_latency_ns : 192459.960353
Load workloads needs: 107504709055 ns 
[report] load_thread_ID : 6
[report] load_duration_ns : 107504709055
[report] load_duration_s : 107.504709
[report] load_throughput : 5167.727115
[report] load_average_latency_ns : 193508.669808
Load workloads needs: 107682052201 ns 
[report] load_thread_ID : 2
[report] load_duration_ns : 107682052201
[report] load_duration_s : 107.682052
[report] load_throughput : 5159.216310
[report] load_average_latency_ns : 193827.887790
Load workloads needs: 107725374848 ns 
[report] load_thread_ID : 5
[report] load_duration_ns : 107725374848
[report] load_duration_s : 107.725375
[report] load_throughput : 5157.141489
[report] load_average_latency_ns : 193905.868632
Load workloads needs: 107760895911 ns 
[report] load_thread_ID : 3
[report] load_duration_ns : 107760895911
[report] load_duration_s : 107.760896
[report] load_throughput : 5155.441548
[report] load_average_latency_ns : 193969.806610
Load workloads needs: 107924767212 ns 
[report] load_thread_ID : 7
[report] load_duration_ns : 107924767212
[report] load_duration_s : 107.924767
[report] load_throughput : 5147.613605
[report] load_average_latency_ns : 194264.775246
All clients run done needs: 107925623279 ns 
[report] load_overall_duration_ns : 107925623279
[report] load_overall_duration_s : 107.925623
[report] load_overall_throughput : 92656.402587
[report] load_overall_average_latency_ns : 10792.562328
