numactl --membind=0 /mnt/nvme0/home/gxr/mongdb-run/test_mongodb/build//run_client --num_threads=8 --core_binding=0,1,2,3,4,5,6,7,8,9,10,11,12,13,14,15,128,129,130,131,132,133,134,135,136,137,138,139,140,141,142,143 --str_key_size=16 --str_key_size=256 --load_file=/mnt/nvme0/home/gxr/mongdb-run/workloads/ycsb/workloada-load-10000000-10000000.log.formated --run_file=/mnt/nvme0/home/gxr/mongdb-run/workloads/ycsb/workloada-run-10000000-10000000.log.formated --URI_set=mongodb://localhost:27017,mongodb://localhost:27018,mongodb://localhost:27019,mongodb://localhost:27020,mongodb://localhost:27021,mongodb://localhost:27022,mongodb://localhost:27023,mongodb://localhost:27024,mongodb://localhost:27025,mongodb://localhost:27026,mongodb://localhost:27027,mongodb://localhost:27028,mongodb://localhost:27029,mongodb://localhost:27030,mongodb://localhost:27031,mongodb://localhost:27032,mongodb://localhost:27033,mongodb://localhost:27034,mongodb://localhost:27035,mongodb://localhost:27036,mongodb://localhost:27037,mongodb://localhost:27038,mongodb://localhost:27039,mongodb://localhost:27040,mongodb://localhost:27041,mongodb://localhost:27042,mongodb://localhost:27043,mongodb://localhost:27044,mongodb://localhost:27045,mongodb://localhost:27046 --first_mode=true
mongodb://localhost:27017 mongodb://localhost:27018 mongodb://localhost:27019 mongodb://localhost:27020 mongodb://localhost:27021 mongodb://localhost:27022 mongodb://localhost:27023 mongodb://localhost:27024 mongodb://localhost:27025 mongodb://localhost:27026 mongodb://localhost:27027 mongodb://localhost:27028 mongodb://localhost:27029 mongodb://localhost:27030 mongodb://localhost:27031 mongodb://localhost:27032 mongodb://localhost:27033 mongodb://localhost:27034 mongodb://localhost:27035 mongodb://localhost:27036 mongodb://localhost:27037 mongodb://localhost:27038 mongodb://localhost:27039 mongodb://localhost:27040 mongodb://localhost:27041 mongodb://localhost:27042 mongodb://localhost:27043 mongodb://localhost:27044 mongodb://localhost:27045 mongodb://localhost:27046 reading workload files ...
load_filename : /mnt/nvme0/home/gxr/mongdb-run/workloads/ycsb/workloada-load-10000000-10000000.log.formated
read load file needs: 5063764671 s 
run_filename : /mnt/nvme0/home/gxr/mongdb-run/workloads/ycsb/workloada-run-10000000-10000000.log.formated
read run file needs: 5142180953 s 
num_of_load_ops is 10000000
num_of_run_ops is 10000000
0 1 2 3 4 5 6 7 8 9 10 11 12 13 14 15 128 129 130 131 132 133 134 135 136 137 138 139 140 141 142 143 URI: URI: mongodb://localhost:27017
URI: mongodb://localhost:27017
mongodb://localhost:27017
URI: mongodb://localhost:27017
URI: mongodb://localhost:27017
URI: mongodb://localhost:27017
URI: mongodb://localhost:27017
URI: mongodb://localhost:27017
Load workloads needs: 189240843295 ns 
[report] load_thread_ID : 5
[report] load_duration_ns : 189240843295
[report] load_duration_s : 189.240843
[report] load_throughput : 6605.339409
[report] load_average_latency_ns : 151392.674636
Load workloads needs: 191537386211 ns 
[report] load_thread_ID : 6
[report] load_duration_ns : 191537386211
[report] load_duration_s : 191.537386
[report] load_throughput : 6526.141056
[report] load_average_latency_ns : 153229.908969
Load workloads needs: 193688777874 ns 
[report] load_thread_ID : 3
[report] load_duration_ns : 193688777874
[report] load_duration_s : 193.688778
[report] load_throughput : 6453.652162
[report] load_average_latency_ns : 154951.022299
Load workloads needs: 194071582885 ns 
[report] load_thread_ID : 7
[report] load_duration_ns : 194071582885
[report] load_duration_s : 194.071583
[report] load_throughput : 6440.922372
[report] load_average_latency_ns : 155257.266308
Load workloads needs: 195982537495 ns 
[report] load_thread_ID : 4
[report] load_duration_ns : 195982537495
[report] load_duration_s : 195.982537
[report] load_throughput : 6378.119275
[report] load_average_latency_ns : 156786.029996
Load workloads needs: 197812014973 ns 
[report] load_thread_ID : 2
[report] load_duration_ns : 197812014973
[report] load_duration_s : 197.812015
[report] load_throughput : 6319.130818
[report] load_average_latency_ns : 158249.611978
Load workloads needs: 214921629423 ns 
[report] load_thread_ID : 1
[report] load_duration_ns : 214921629423
[report] load_duration_s : 214.921629
[report] load_throughput : 5816.073530
[report] load_average_latency_ns : 171937.303538
Load workloads needs: 216315429954 ns 
[report] load_thread_ID : 0
[report] load_duration_ns : 216315429954
[report] load_duration_s : 216.315430
[report] load_throughput : 5778.598412
[report] load_average_latency_ns : 173052.343963
All clients run done needs: 216315942803 ns 
[report] load_overall_duration_ns : 216315942803
[report] load_overall_duration_s : 216.315943
[report] load_overall_throughput : 46228.677694
[report] load_overall_average_latency_ns : 21631.594280
