numactl --membind=0 /mnt/nvme0/home/gxr/mongdb-run/test_mongodb/build//run_client --num_threads=4 --core_binding=0,1,2,3,4,5,6,7,8,9,10,11,12,13,14,15,128,129,130,131,132,133,134,135,136,137,138,139,140,141,142,143 --str_key_size=16 --str_key_size=256 --load_file=/mnt/nvme0/home/gxr/mongdb-run/workloads/ycsb/workloada-load-10000000-10000000.log.formated --run_file=/mnt/nvme0/home/gxr/mongdb-run/workloads/ycsb/workloada-run-10000000-10000000.log.formated --URI_set=mongodb://localhost:27017,mongodb://localhost:27018,mongodb://localhost:27019,mongodb://localhost:27020,mongodb://localhost:27021,mongodb://localhost:27022,mongodb://localhost:27023,mongodb://localhost:27024,mongodb://localhost:27025,mongodb://localhost:27026,mongodb://localhost:27027,mongodb://localhost:27028,mongodb://localhost:27029,mongodb://localhost:27030,mongodb://localhost:27031,mongodb://localhost:27032,mongodb://localhost:27033,mongodb://localhost:27034,mongodb://localhost:27035,mongodb://localhost:27036,mongodb://localhost:27037,mongodb://localhost:27038,mongodb://localhost:27039,mongodb://localhost:27040,mongodb://localhost:27041,mongodb://localhost:27042,mongodb://localhost:27043,mongodb://localhost:27044,mongodb://localhost:27045,mongodb://localhost:27046 --first_mode=false
mongodb://localhost:27017 mongodb://localhost:27018 mongodb://localhost:27019 mongodb://localhost:27020 mongodb://localhost:27021 mongodb://localhost:27022 mongodb://localhost:27023 mongodb://localhost:27024 mongodb://localhost:27025 mongodb://localhost:27026 mongodb://localhost:27027 mongodb://localhost:27028 mongodb://localhost:27029 mongodb://localhost:27030 mongodb://localhost:27031 mongodb://localhost:27032 mongodb://localhost:27033 mongodb://localhost:27034 mongodb://localhost:27035 mongodb://localhost:27036 mongodb://localhost:27037 mongodb://localhost:27038 mongodb://localhost:27039 mongodb://localhost:27040 mongodb://localhost:27041 mongodb://localhost:27042 mongodb://localhost:27043 mongodb://localhost:27044 mongodb://localhost:27045 mongodb://localhost:27046 reading workload files ...
load_filename : /mnt/nvme0/home/gxr/mongdb-run/workloads/ycsb/workloada-load-10000000-10000000.log.formated
read load file needs: 5021385542 s 
run_filename : /mnt/nvme0/home/gxr/mongdb-run/workloads/ycsb/workloada-run-10000000-10000000.log.formated
read run file needs: 5098128826 s 
num_of_load_ops is 10000000
num_of_run_ops is 10000000
0 1 2 3 4 5 6 7 8 9 10 11 12 13 14 15 128 129 130 131 132 133 134 135 136 137 138 139 140 141 142 143 URI: URI: mongodb://localhost:27020
URI: mongodb://localhost:27018
URI: mongodb://localhost:27019
mongodb://localhost:27017
Load workloads needs: 284794596126 ns 
[report] load_thread_ID : 2
[report] load_duration_ns : 284794596126
[report] load_duration_s : 284.794596
[report] load_throughput : 8778.256449
[report] load_average_latency_ns : 113917.838450
Load workloads needs: 286009474681 ns 
[report] load_thread_ID : 1
[report] load_duration_ns : 286009474681
[report] load_duration_s : 286.009475
[report] load_throughput : 8740.969168
[report] load_average_latency_ns : 114403.789872
Load workloads needs: 286428214431 ns 
[report] load_thread_ID : 0
[report] load_duration_ns : 286428214431
[report] load_duration_s : 286.428214
[report] load_throughput : 8728.190430
[report] load_average_latency_ns : 114571.285772
Load workloads needs: 288084340907 ns 
[report] load_thread_ID : 3
[report] load_duration_ns : 288084340907
[report] load_duration_s : 288.084341
[report] load_throughput : 8678.014196
[report] load_average_latency_ns : 115233.736363
All clients run done needs: 288085192193 ns 
[report] load_overall_duration_ns : 288085192193
[report] load_overall_duration_s : 288.085192
[report] load_overall_throughput : 34711.954210
[report] load_overall_average_latency_ns : 28808.519219
