numactl --membind=2 /home/gxr/mongodb-run/test_mongodb/build//run_client --num_threads=12 --core_binding=0,1,2,3,4,5,6,7,8,9,10,11,12,13,14,15,16,17,18,19,20,21,22,23 --str_key_size=16 --str_key_size=256 --load_file=/home/gxr/mongodb-run/workloads/ycsb/workloada-load-10000000-1000000.log.formated --run_file=/home/gxr/mongodb-run/workloads/ycsb/workloada-run-10000000-1000000.log.formated --URI_set=mongodb://localhost:27017,mongodb://localhost:27018,mongodb://localhost:27019,mongodb://localhost:27020,mongodb://localhost:27021,mongodb://localhost:27022,mongodb://localhost:27023,mongodb://localhost:27024,mongodb://localhost:27025,mongodb://localhost:27026,mongodb://localhost:27027,mongodb://localhost:27028,mongodb://localhost:27029,mongodb://localhost:27030,mongodb://localhost:27031,mongodb://localhost:27032,mongodb://localhost:27033,mongodb://localhost:27034,mongodb://localhost:27035,mongodb://localhost:27036,mongodb://localhost:27037,mongodb://localhost:27038,mongodb://localhost:27039,mongodb://localhost:27040,mongodb://localhost:27041,mongodb://localhost:27042,mongodb://localhost:27043,mongodb://localhost:27044,mongodb://localhost:27045,mongodb://localhost:27046,mongodb://localhost:27047,mongodb://localhost:27048,mongodb://localhost:27049,mongodb://localhost:27050,mongodb://localhost:27051,mongodb://localhost:27052,mongodb://localhost:27053,mongodb://localhost:27054,mongodb://localhost:27055,mongodb://localhost:27056,mongodb://localhost:27057,mongodb://localhost:27058,mongodb://localhost:27059,mongodb://localhost:27060,mongodb://localhost:27061,mongodb://localhost:27062,mongodb://localhost:27063,mongodb://localhost:27064 --first_mode=false
mongodb://localhost:27017 mongodb://localhost:27018 mongodb://localhost:27019 mongodb://localhost:27020 mongodb://localhost:27021 mongodb://localhost:27022 mongodb://localhost:27023 mongodb://localhost:27024 mongodb://localhost:27025 mongodb://localhost:27026 mongodb://localhost:27027 mongodb://localhost:27028 mongodb://localhost:27029 mongodb://localhost:27030 mongodb://localhost:27031 mongodb://localhost:27032 mongodb://localhost:27033 mongodb://localhost:27034 mongodb://localhost:27035 mongodb://localhost:27036 mongodb://localhost:27037 mongodb://localhost:27038 mongodb://localhost:27039 mongodb://localhost:27040 mongodb://localhost:27041 mongodb://localhost:27042 mongodb://localhost:27043 mongodb://localhost:27044 mongodb://localhost:27045 mongodb://localhost:27046 mongodb://localhost:27047 mongodb://localhost:27048 mongodb://localhost:27049 mongodb://localhost:27050 mongodb://localhost:27051 mongodb://localhost:27052 mongodb://localhost:27053 mongodb://localhost:27054 mongodb://localhost:27055 mongodb://localhost:27056 mongodb://localhost:27057 mongodb://localhost:27058 mongodb://localhost:27059 mongodb://localhost:27060 mongodb://localhost:27061 mongodb://localhost:27062 mongodb://localhost:27063 mongodb://localhost:27064 reading workload files ...
load_filename : /home/gxr/mongodb-run/workloads/ycsb/workloada-load-10000000-1000000.log.formated
the number of load operations is: 10000000
read load file needs: 6440418064 s 
run_filename : /home/gxr/mongodb-run/workloads/ycsb/workloada-run-10000000-1000000.log.formated
read run file needs: 614140529 s 
num_of_load_ops is 10000000
num_of_run_ops is 1000000
0 1 2 3 4 5 6 7 8 9 10 11 12 13 14 15 16 17 18 19 20 21 22 23 URI: URI: URI: URI: mongodb://localhost:27024
mongodb://localhost:27018URI: mongodb://localhost:27020mongodb://localhost:27023

URI: URI: mongodb://localhost:27021
mongodb://localhost:27022
mongodb://localhost:27025
URI: mongodb://localhost:27027
URI: mongodb://localhost:27026
URI: mongodb://localhost:27028

URI: mongodb://localhost:27017
URI: mongodb://localhost:27019
Load workloads needs: 67282259420 ns 
[report] load_thread_ID : 7
[report] load_duration_ns : 67282259420
[report] load_duration_s : 67.282259
[report] load_throughput : 12385.627462
[report] load_average_latency_ns : 80738.743599
Load workloads needs: 68345458405 ns 
[report] load_thread_ID : 4
[report] load_duration_ns : 68345458405
[report] load_duration_s : 68.345458
[report] load_throughput : 12192.953555
[report] load_average_latency_ns : 82014.582892
Load workloads needs: 68529800858 ns 
[report] load_thread_ID : 2
[report] load_duration_ns : 68529800858
[report] load_duration_s : 68.529801
[report] load_throughput : 12160.154992
[report] load_average_latency_ns : 82235.793924
Load workloads needs: 68669427504 ns 
[report] load_thread_ID : 5
[report] load_duration_ns : 68669427504
[report] load_duration_s : 68.669428
[report] load_throughput : 12135.429554
[report] load_average_latency_ns : 82403.345966
Load workloads needs: 68917441458 ns 
[report] load_thread_ID : 0
[report] load_duration_ns : 68917441458
[report] load_duration_s : 68.917441
[report] load_throughput : 12091.757650
[report] load_average_latency_ns : 82700.962830
Load workloads needs: 69250404895 ns 
[report] load_thread_ID : 8
[report] load_duration_ns : 69250404895
[report] load_duration_s : 69.250405
[report] load_throughput : 12033.619172
[report] load_average_latency_ns : 83100.519114
Load workloads needs: 69257688611 ns 
[report] load_thread_ID : 11
[report] load_duration_ns : 69257688611
[report] load_duration_s : 69.257689
[report] load_throughput : 12032.353616
[report] load_average_latency_ns : 83109.259577
Load workloads needs: 70315653506 ns 
[report] load_thread_ID : 10
[report] load_duration_ns : 70315653506
[report] load_duration_s : 70.315654
[report] load_throughput : 11851.315581
[report] load_average_latency_ns : 84378.817959
Load workloads needs: 76352730080 ns 
[report] load_thread_ID : 9
[report] load_duration_ns : 76352730080
[report] load_duration_s : 76.352730
[report] load_throughput : 10914.252825
[report] load_average_latency_ns : 91623.312745
Load workloads needs: 76980300112 ns 
[report] load_thread_ID : 6
[report] load_duration_ns : 76980300112
[report] load_duration_s : 76.980300
[report] load_throughput : 10825.276061
[report] load_average_latency_ns : 92376.397085
Load workloads needs: 77271510691 ns 
[report] load_thread_ID : 1
[report] load_duration_ns : 77271510691
[report] load_duration_s : 77.271511
[report] load_throughput : 10784.479203
[report] load_average_latency_ns : 92725.849920
Load workloads needs: 78979053163 ns 
[report] load_thread_ID : 3
[report] load_duration_ns : 78979053163
[report] load_duration_s : 78.979053
[report] load_throughput : 10551.316667
[report] load_average_latency_ns : 94774.901706
All clients run done needs: 78979946224 ns 
[report] load_overall_duration_ns : 78979946224
[report] load_overall_duration_s : 78.979946
[report] load_overall_throughput : 126614.418952
[report] load_overall_average_latency_ns : 7897.994622
