numactl --membind=2 /home/gxr/mongodb-run/test_mongodb/build//run_client --num_threads=24 --core_binding=0,1,2,3,4,5,6,7,8,9,10,11,12,13,14,15,16,17,18,19,20,21,22,23 --str_key_size=16 --str_key_size=256 --load_file=/home/gxr/mongodb-run/workloads/ycsb/workloada-load-10000000-1000000.log.formated --run_file=/home/gxr/mongodb-run/workloads/ycsb/workloada-run-10000000-1000000.log.formated --URI_set=mongodb://localhost:27017,mongodb://localhost:27018,mongodb://localhost:27019,mongodb://localhost:27020,mongodb://localhost:27021,mongodb://localhost:27022,mongodb://localhost:27023,mongodb://localhost:27024,mongodb://localhost:27025,mongodb://localhost:27026,mongodb://localhost:27027,mongodb://localhost:27028,mongodb://localhost:27029,mongodb://localhost:27030,mongodb://localhost:27031,mongodb://localhost:27032,mongodb://localhost:27033,mongodb://localhost:27034,mongodb://localhost:27035,mongodb://localhost:27036,mongodb://localhost:27037,mongodb://localhost:27038,mongodb://localhost:27039,mongodb://localhost:27040,mongodb://localhost:27041,mongodb://localhost:27042,mongodb://localhost:27043,mongodb://localhost:27044,mongodb://localhost:27045,mongodb://localhost:27046,mongodb://localhost:27047,mongodb://localhost:27048,mongodb://localhost:27049,mongodb://localhost:27050,mongodb://localhost:27051,mongodb://localhost:27052,mongodb://localhost:27053,mongodb://localhost:27054,mongodb://localhost:27055,mongodb://localhost:27056,mongodb://localhost:27057,mongodb://localhost:27058,mongodb://localhost:27059,mongodb://localhost:27060,mongodb://localhost:27061,mongodb://localhost:27062,mongodb://localhost:27063,mongodb://localhost:27064 --first_mode=true
mongodb://localhost:27017 mongodb://localhost:27018 mongodb://localhost:27019 mongodb://localhost:27020 mongodb://localhost:27021 mongodb://localhost:27022 mongodb://localhost:27023 mongodb://localhost:27024 mongodb://localhost:27025 mongodb://localhost:27026 mongodb://localhost:27027 mongodb://localhost:27028 mongodb://localhost:27029 mongodb://localhost:27030 mongodb://localhost:27031 mongodb://localhost:27032 mongodb://localhost:27033 mongodb://localhost:27034 mongodb://localhost:27035 mongodb://localhost:27036 mongodb://localhost:27037 mongodb://localhost:27038 mongodb://localhost:27039 mongodb://localhost:27040 mongodb://localhost:27041 mongodb://localhost:27042 mongodb://localhost:27043 mongodb://localhost:27044 mongodb://localhost:27045 mongodb://localhost:27046 mongodb://localhost:27047 mongodb://localhost:27048 mongodb://localhost:27049 mongodb://localhost:27050 mongodb://localhost:27051 mongodb://localhost:27052 mongodb://localhost:27053 mongodb://localhost:27054 mongodb://localhost:27055 mongodb://localhost:27056 mongodb://localhost:27057 mongodb://localhost:27058 mongodb://localhost:27059 mongodb://localhost:27060 mongodb://localhost:27061 mongodb://localhost:27062 mongodb://localhost:27063 mongodb://localhost:27064 reading workload files ...
load_filename : /home/gxr/mongodb-run/workloads/ycsb/workloada-load-10000000-1000000.log.formated
the number of load operations is: 10000000
read load file needs: 6854903786 s 
run_filename : /home/gxr/mongodb-run/workloads/ycsb/workloada-run-10000000-1000000.log.formated
read run file needs: 568412188 s 
num_of_load_ops is 10000000
num_of_run_ops is 1000000
0 1 2 3 4 5 6 7 8 9 10 11 12 13 14 15 16 17 18 19 20 21 22 23 URI: URI: URI: mongodb://localhost:27017mongodb://localhost:27017URI: mongodb://localhost:27017
mongodb://localhost:27017URI: mongodb://localhost:27017



URI: URI: mongodb://localhost:27017
mongodb://localhost:27017
URI: URI: mongodb://localhost:27017
mongodb://localhost:27017
URI: mongodb://localhost:27017
URI: mongodb://localhost:27017URI: URI: 
mongodb://localhost:27017
URI: mongodb://localhost:27017
mongodb://localhost:27017
URI: URI: mongodb://localhost:27017
URI: mongodb://localhost:27017
URI: mongodb://localhost:27017
URI: mongodb://localhost:27017
URI: mongodb://localhost:27017
mongodb://localhost:27017
URI: mongodb://localhost:27017
URI: mongodb://localhost:27017
URI: mongodb://localhost:27017
URI: mongodb://localhost:27017
Load workloads needs: 43919956731 ns 
[report] load_thread_ID : 3
[report] load_duration_ns : 43919956731
[report] load_duration_s : 43.919957
[report] load_throughput : 9486.940130
[report] load_average_latency_ns : 105408.064807
Load workloads needs: 44832084916 ns 
[report] load_thread_ID : 4
[report] load_duration_ns : 44832084916
[report] load_duration_s : 44.832085
[report] load_throughput : 9293.924224
[report] load_average_latency_ns : 107597.175954
Load workloads needs: 45171563725 ns 
[report] load_thread_ID : 5
[report] load_duration_ns : 45171563725
[report] load_duration_s : 45.171564
[report] load_throughput : 9224.077398
[report] load_average_latency_ns : 108411.926399
Load workloads needs: 45620420257 ns 
[report] load_thread_ID : 11
[report] load_duration_ns : 45620420257
[report] load_duration_s : 45.620420
[report] load_throughput : 9133.322263
[report] load_average_latency_ns : 109489.183799
Load workloads needs: 46144434809 ns 
[report] load_thread_ID : 20
[report] load_duration_ns : 46144434809
[report] load_duration_s : 46.144435
[report] load_throughput : 9029.604582
[report] load_average_latency_ns : 110746.820737
Load workloads needs: 46277704153 ns 
[report] load_thread_ID : 10
[report] load_duration_ns : 46277704153
[report] load_duration_s : 46.277704
[report] load_throughput : 9003.601359
[report] load_average_latency_ns : 111066.667674
Load workloads needs: 47053046555 ns 
[report] load_thread_ID : 9
[report] load_duration_ns : 47053046555
[report] load_duration_s : 47.053047
[report] load_throughput : 8855.239575
[report] load_average_latency_ns : 112927.492416
Load workloads needs: 47284754542 ns 
[report] load_thread_ID : 15
[report] load_duration_ns : 47284754542
[report] load_duration_s : 47.284755
[report] load_throughput : 8811.846525
[report] load_average_latency_ns : 113483.592475
Load workloads needs: 47452028565 ns 
[report] load_thread_ID : 1
[report] load_duration_ns : 47452028565
[report] load_duration_s : 47.452029
[report] load_throughput : 8780.783722
[report] load_average_latency_ns : 113885.050772
Load workloads needs: 47620621022 ns 
[report] load_thread_ID : 8
[report] load_duration_ns : 47620621022
[report] load_duration_s : 47.620621
[report] load_throughput : 8749.696897
[report] load_average_latency_ns : 114289.673316
Load workloads needs: 47625427302 ns 
[report] load_thread_ID : 19
[report] load_duration_ns : 47625427302
[report] load_duration_s : 47.625427
[report] load_throughput : 8748.813892
[report] load_average_latency_ns : 114301.208407
Load workloads needs: 47663347377 ns 
[report] load_thread_ID : 2
[report] load_duration_ns : 47663347377
[report] load_duration_s : 47.663347
[report] load_throughput : 8741.853498
[report] load_average_latency_ns : 114392.216732
Load workloads needs: 47697096323 ns 
[report] load_thread_ID : 23
[report] load_duration_ns : 47697096323
[report] load_duration_s : 47.697096
[report] load_throughput : 8735.668041
[report] load_average_latency_ns : 114473.214332
Load workloads needs: 49002071430 ns 
[report] load_thread_ID : 6
[report] load_duration_ns : 49002071430
[report] load_duration_s : 49.002071
[report] load_throughput : 8503.028297
[report] load_average_latency_ns : 117605.159600
Load workloads needs: 49463172753 ns 
[report] load_thread_ID : 18
[report] load_duration_ns : 49463172753
[report] load_duration_s : 49.463173
[report] load_throughput : 8423.762100
[report] load_average_latency_ns : 118711.804546
Load workloads needs: 49555420831 ns 
[report] load_thread_ID : 7
[report] load_duration_ns : 49555420831
[report] load_duration_s : 49.555421
[report] load_throughput : 8408.081155
[report] load_average_latency_ns : 118933.200288
Load workloads needs: 49620067348 ns 
[report] load_thread_ID : 17
[report] load_duration_ns : 49620067348
[report] load_duration_s : 49.620067
[report] load_throughput : 8397.126853
[report] load_average_latency_ns : 119088.352177
Load workloads needs: 50526024844 ns 
[report] load_thread_ID : 22
[report] load_duration_ns : 50526024844
[report] load_duration_s : 50.526025
[report] load_throughput : 8246.562069
[report] load_average_latency_ns : 121262.653646
Load workloads needs: 50732823598 ns 
[report] load_thread_ID : 13
[report] load_duration_ns : 50732823598
[report] load_duration_s : 50.732824
[report] load_throughput : 8212.947170
[report] load_average_latency_ns : 121758.971450
Load workloads needs: 50812978490 ns 
[report] load_thread_ID : 14
[report] load_duration_ns : 50812978490
[report] load_duration_s : 50.812978
[report] load_throughput : 8199.991663
[report] load_average_latency_ns : 121951.343498
Load workloads needs: 51146527351 ns 
[report] load_thread_ID : 21
[report] load_duration_ns : 51146527351
[report] load_duration_s : 51.146527
[report] load_throughput : 8146.515933
[report] load_average_latency_ns : 122751.862045
Load workloads needs: 51148753346 ns 
[report] load_thread_ID : 12
[report] load_duration_ns : 51148753346
[report] load_duration_s : 51.148753
[report] load_throughput : 8146.161397
[report] load_average_latency_ns : 122757.204442
Load workloads needs: 52812946978 ns 
[report] load_thread_ID : 0
[report] load_duration_ns : 52812946978
[report] load_duration_s : 52.812947
[report] load_throughput : 7889.466955
[report] load_average_latency_ns : 126751.275549
Load workloads needs: 53482153179 ns 
[report] load_thread_ID : 16
[report] load_duration_ns : 53482153179
[report] load_duration_s : 53.482153
[report] load_throughput : 7790.748413
[report] load_average_latency_ns : 128357.373001
All clients run done needs: 53482865909 ns 
[report] load_overall_duration_ns : 53482865909
[report] load_overall_duration_s : 53.482866
[report] load_overall_throughput : 186975.769343
[report] load_overall_average_latency_ns : 5348.286591
