numactl --membind=2 /home/gxr/mongodb-run/test_mongodb/build//run_client --num_threads=8 --core_binding=0,1,2,3,4,5,6,7,8,9,10,11,24,25,26,27,28,29,30,31,32,33,34,35 --str_key_size=16 --str_key_size=1024 --load_file=/home/gxr/mongodb-run/workloads/ycsb/workloada-load-10000000-10000000.log.formated --run_file=/home/gxr/mongodb-run/workloads/ycsb/workloada-run-10000000-10000000.log.formated --URI_set=mongodb://localhost:27017,mongodb://localhost:27018,mongodb://localhost:27019,mongodb://localhost:27020,mongodb://localhost:27021,mongodb://localhost:27022,mongodb://localhost:27023,mongodb://localhost:27024,mongodb://localhost:27025,mongodb://localhost:27026,mongodb://localhost:27027,mongodb://localhost:27028,mongodb://localhost:27029,mongodb://localhost:27030,mongodb://localhost:27031,mongodb://localhost:27032,mongodb://localhost:27033,mongodb://localhost:27034,mongodb://localhost:27035,mongodb://localhost:27036,mongodb://localhost:27037,mongodb://localhost:27038,mongodb://localhost:27039,mongodb://localhost:27040,mongodb://localhost:27041,mongodb://localhost:27042,mongodb://localhost:27043,mongodb://localhost:27044,mongodb://localhost:27045,mongodb://localhost:27046 --first_mode=false
mongodb://localhost:27017 mongodb://localhost:27018 mongodb://localhost:27019 mongodb://localhost:27020 mongodb://localhost:27021 mongodb://localhost:27022 mongodb://localhost:27023 mongodb://localhost:27024 mongodb://localhost:27025 mongodb://localhost:27026 mongodb://localhost:27027 mongodb://localhost:27028 mongodb://localhost:27029 mongodb://localhost:27030 mongodb://localhost:27031 mongodb://localhost:27032 mongodb://localhost:27033 mongodb://localhost:27034 mongodb://localhost:27035 mongodb://localhost:27036 mongodb://localhost:27037 mongodb://localhost:27038 mongodb://localhost:27039 mongodb://localhost:27040 mongodb://localhost:27041 mongodb://localhost:27042 mongodb://localhost:27043 mongodb://localhost:27044 mongodb://localhost:27045 mongodb://localhost:27046 reading workload files ...
load_filename : /home/gxr/mongodb-run/workloads/ycsb/workloada-load-10000000-10000000.log.formated
read load file needs: 1234456999 s 
run_filename : /home/gxr/mongodb-run/workloads/ycsb/workloada-run-10000000-10000000.log.formated
read run file needs: 1272595318 s 
num_of_load_ops is 1862736
num_of_run_ops is 1934501
0 1 2 3 4 5 6 7 8 9 10 11 24 25 26 27 28 29 30 31 32 33 34 35 URI: URI: URI: URI: URI: URI: mongodb://localhost:27020
mongodb://localhost:27022URI: mongodb://localhost:27024
URI: mongodb://localhost:27023
mongodb://localhost:27018
mongodb://localhost:27017mongodb://localhost:27021mongodb://localhost:27019



Load workloads needs: 14024412585 ns 
[report] load_thread_ID : 4
[report] load_duration_ns : 14024412585
[report] load_duration_s : 14.024413
[report] load_throughput : 16602.620508
[report] load_average_latency_ns : 60231.455601
Load workloads needs: 14094465382 ns 
[report] load_thread_ID : 6
[report] load_duration_ns : 14094465382
[report] load_duration_s : 14.094465
[report] load_throughput : 16520.101592
[report] load_average_latency_ns : 60532.315398
Load workloads needs: 14125539778 ns 
[report] load_thread_ID : 7
[report] load_duration_ns : 14125539778
[report] load_duration_s : 14.125540
[report] load_throughput : 16483.759464
[report] load_average_latency_ns : 60665.772404
Load workloads needs: 14296880818 ns 
[report] load_thread_ID : 2
[report] load_duration_ns : 14296880818
[report] load_duration_s : 14.296881
[report] load_throughput : 16286.209766
[report] load_average_latency_ns : 61401.640675
Load workloads needs: 14340445194 ns 
[report] load_thread_ID : 3
[report] load_duration_ns : 14340445194
[report] load_duration_s : 14.340445
[report] load_throughput : 16236.734414
[report] load_average_latency_ns : 61588.739119
Load workloads needs: 15010194317 ns 
[report] load_thread_ID : 0
[report] load_duration_ns : 15010194317
[report] load_duration_s : 15.010194
[report] load_throughput : 15512.257542
[report] load_average_latency_ns : 64465.149402
Load workloads needs: 15116736891 ns 
[report] load_thread_ID : 1
[report] load_duration_ns : 15116736891
[report] load_duration_s : 15.116737
[report] load_throughput : 15402.927343
[report] load_average_latency_ns : 64922.723954
Load workloads needs: 15212371000 ns 
[report] load_thread_ID : 5
[report] load_duration_ns : 15212371000
[report] load_duration_s : 15.212371
[report] load_throughput : 15306.095283
[report] load_average_latency_ns : 65333.449292
All clients run done needs: 15213266796 ns 
[report] load_overall_duration_ns : 15213266796
[report] load_overall_duration_s : 15.213267
[report] load_overall_throughput : 122441.552165
[report] load_overall_average_latency_ns : 8167.162065
