numactl --membind=4 /mnt/nvme0/home/gxr/mongdb-run/test_mongodb/build//run_client --num_threads=5 --core_binding=0,1,2,3,4,5,6,7,8,9,10,11,12,13,14,15,128,129,130,131,132,133,134,135,136,137,138,139,140,141,142,143 --str_key_size=16 --str_key_size=256 --load_file=/mnt/nvme0/home/gxr/mongdb-run/workloads/ycsb/workloada-load-1000000-1000000.log.formated --run_file=/mnt/nvme0/home/gxr/mongdb-run/workloads/ycsb/workloada-run-1000000-1000000.log.formated --URI_set=mongodb://localhost:27017,mongodb://localhost:27018,mongodb://localhost:27019,mongodb://localhost:27020,mongodb://localhost:27021,mongodb://localhost:27022,mongodb://localhost:27023,mongodb://localhost:27024,mongodb://localhost:27025,mongodb://localhost:27026,mongodb://localhost:27027,mongodb://localhost:27028,mongodb://localhost:27029,mongodb://localhost:27030,mongodb://localhost:27031,mongodb://localhost:27032,mongodb://localhost:27033,mongodb://localhost:27034,mongodb://localhost:27035,mongodb://localhost:27036,mongodb://localhost:27037,mongodb://localhost:27038,mongodb://localhost:27039,mongodb://localhost:27040,mongodb://localhost:27041,mongodb://localhost:27042,mongodb://localhost:27043,mongodb://localhost:27044,mongodb://localhost:27045,mongodb://localhost:27046 --first_mode=true
mongodb://localhost:27017 mongodb://localhost:27018 mongodb://localhost:27019 mongodb://localhost:27020 mongodb://localhost:27021 mongodb://localhost:27022 mongodb://localhost:27023 mongodb://localhost:27024 mongodb://localhost:27025 mongodb://localhost:27026 mongodb://localhost:27027 mongodb://localhost:27028 mongodb://localhost:27029 mongodb://localhost:27030 mongodb://localhost:27031 mongodb://localhost:27032 mongodb://localhost:27033 mongodb://localhost:27034 mongodb://localhost:27035 mongodb://localhost:27036 mongodb://localhost:27037 mongodb://localhost:27038 mongodb://localhost:27039 mongodb://localhost:27040 mongodb://localhost:27041 mongodb://localhost:27042 mongodb://localhost:27043 mongodb://localhost:27044 mongodb://localhost:27045 mongodb://localhost:27046 reading workload files ...
load_filename : /mnt/nvme0/home/gxr/mongdb-run/workloads/ycsb/workloada-load-1000000-1000000.log.formated
read load file needs: 577345643 s 
run_filename : /mnt/nvme0/home/gxr/mongdb-run/workloads/ycsb/workloada-run-1000000-1000000.log.formated
read run file needs: 561501107 s 
num_of_load_ops is 1000000
num_of_run_ops is 1000000
0 1 2 3 4 5 6 7 8 9 10 11 12 13 14 15 128 129 130 131 132 133 134 135 136 137 138 139 140 141 142 143 URI: mongodb://localhost:27017
URI: mongodb://localhost:27017
URI: mongodb://localhost:27017
URI: mongodb://localhost:27017
URI: mongodb://localhost:27017
Load workloads needs: 25361940800 ns 
[report] load_thread_ID : 4
[report] load_duration_ns : 25361940800
[report] load_duration_s : 25.361941
[report] load_throughput : 7885.831829
[report] load_average_latency_ns : 126809.704000
Load workloads needs: 26037053185 ns 
[report] load_thread_ID : 2
[report] load_duration_ns : 26037053185
[report] load_duration_s : 26.037053
[report] load_throughput : 7681.360812
[report] load_average_latency_ns : 130185.265925
Load workloads needs: 26292252108 ns 
[report] load_thread_ID : 1
[report] load_duration_ns : 26292252108
[report] load_duration_s : 26.292252
[report] load_throughput : 7606.803677
[report] load_average_latency_ns : 131461.260540
Load workloads needs: 26674744984 ns 
[report] load_thread_ID : 3
[report] load_duration_ns : 26674744984
[report] load_duration_s : 26.674745
[report] load_throughput : 7497.728661
[report] load_average_latency_ns : 133373.724920
Load workloads needs: 27012685214 ns 
[report] load_thread_ID : 0
[report] load_duration_ns : 27012685214
[report] load_duration_s : 27.012685
[report] load_throughput : 7403.928873
[report] load_average_latency_ns : 135063.426070
All clients run done needs: 27013576131 ns 
[report] load_overall_duration_ns : 27013576131
[report] load_overall_duration_s : 27.013576
[report] load_overall_throughput : 37018.423446
[report] load_overall_average_latency_ns : 27013.576131
