numactl --membind=4 /mnt/nvme0/home/gxr/mongdb-run/test_mongodb/build//run_client --num_threads=16 --core_binding=0,1,2,3,4,5,6,7,8,9,10,11,12,13,14,15,128,129,130,131,132,133,134,135,136,137,138,139,140,141,142,143 --str_key_size=16 --str_key_size=256 --load_file=/mnt/nvme0/home/gxr/mongdb-run/workloads/ycsb/workloada-load-10000000-10000000.log.formated --run_file=/mnt/nvme0/home/gxr/mongdb-run/workloads/ycsb/workloada-run-10000000-10000000.log.formated --URI_set=mongodb://localhost:27017,mongodb://localhost:27018,mongodb://localhost:27019,mongodb://localhost:27020,mongodb://localhost:27021,mongodb://localhost:27022,mongodb://localhost:27023,mongodb://localhost:27024,mongodb://localhost:27025,mongodb://localhost:27026,mongodb://localhost:27027,mongodb://localhost:27028,mongodb://localhost:27029,mongodb://localhost:27030,mongodb://localhost:27031,mongodb://localhost:27032,mongodb://localhost:27033,mongodb://localhost:27034,mongodb://localhost:27035,mongodb://localhost:27036,mongodb://localhost:27037,mongodb://localhost:27038,mongodb://localhost:27039,mongodb://localhost:27040,mongodb://localhost:27041,mongodb://localhost:27042,mongodb://localhost:27043,mongodb://localhost:27044,mongodb://localhost:27045,mongodb://localhost:27046 --first_mode=false
mongodb://localhost:27017 mongodb://localhost:27018 mongodb://localhost:27019 mongodb://localhost:27020 mongodb://localhost:27021 mongodb://localhost:27022 mongodb://localhost:27023 mongodb://localhost:27024 mongodb://localhost:27025 mongodb://localhost:27026 mongodb://localhost:27027 mongodb://localhost:27028 mongodb://localhost:27029 mongodb://localhost:27030 mongodb://localhost:27031 mongodb://localhost:27032 mongodb://localhost:27033 mongodb://localhost:27034 mongodb://localhost:27035 mongodb://localhost:27036 mongodb://localhost:27037 mongodb://localhost:27038 mongodb://localhost:27039 mongodb://localhost:27040 mongodb://localhost:27041 mongodb://localhost:27042 mongodb://localhost:27043 mongodb://localhost:27044 mongodb://localhost:27045 mongodb://localhost:27046 reading workload files ...
load_filename : /mnt/nvme0/home/gxr/mongdb-run/workloads/ycsb/workloada-load-10000000-10000000.log.formated
read load file needs: 6101827246 s 
run_filename : /mnt/nvme0/home/gxr/mongdb-run/workloads/ycsb/workloada-run-10000000-10000000.log.formated
read run file needs: 6071028866 s 
num_of_load_ops is 10000000
num_of_run_ops is 10000000
0 1 2 3 4 5 6 7 8 9 10 11 12 13 14 15 128 129 130 131 132 133 134 135 136 137 138 139 140 141 142 143 URI: URI: mongodb://localhost:27019
URI: mongodb://localhost:27018
mongodb://localhost:27017
URI: mongodb://localhost:27020
URI: mongodb://localhost:27021
URI: mongodb://localhost:27022
URI: mongodb://localhost:27030
URI: mongodb://localhost:27031
URI: mongodb://localhost:27027
URI: mongodb://localhost:27025
URI: mongodb://localhost:27029
URI: mongodb://localhost:27028
URI: mongodb://localhost:27026
URI: mongodb://localhost:27024
URI: mongodb://localhost:27032
URI: mongodb://localhost:27023
Load workloads needs: 85045840495 ns 
[report] load_thread_ID : 5
[report] load_duration_ns : 85045840495
[report] load_duration_s : 85.045840
[report] load_throughput : 7348.977873
[report] load_average_latency_ns : 136073.344792
Load workloads needs: 86406748197 ns 
[report] load_thread_ID : 15
[report] load_duration_ns : 86406748197
[report] load_duration_s : 86.406748
[report] load_throughput : 7233.231351
[report] load_average_latency_ns : 138250.797115
Load workloads needs: 87280946141 ns 
[report] load_thread_ID : 13
[report] load_duration_ns : 87280946141
[report] load_duration_s : 87.280946
[report] load_throughput : 7160.783970
[report] load_average_latency_ns : 139649.513826
Load workloads needs: 87476759537 ns 
[report] load_thread_ID : 1
[report] load_duration_ns : 87476759537
[report] load_duration_s : 87.476760
[report] load_throughput : 7144.754828
[report] load_average_latency_ns : 139962.815259
Load workloads needs: 87641781913 ns 
[report] load_thread_ID : 7
[report] load_duration_ns : 87641781913
[report] load_duration_s : 87.641782
[report] load_throughput : 7131.301833
[report] load_average_latency_ns : 140226.851061
Load workloads needs: 91146755011 ns 
[report] load_thread_ID : 2
[report] load_duration_ns : 91146755011
[report] load_duration_s : 91.146755
[report] load_throughput : 6857.073518
[report] load_average_latency_ns : 145834.808018
Load workloads needs: 91432177099 ns 
[report] load_thread_ID : 4
[report] load_duration_ns : 91432177099
[report] load_duration_s : 91.432177
[report] load_throughput : 6835.667922
[report] load_average_latency_ns : 146291.483358
Load workloads needs: 92035597480 ns 
[report] load_thread_ID : 3
[report] load_duration_ns : 92035597480
[report] load_duration_s : 92.035597
[report] load_throughput : 6790.850683
[report] load_average_latency_ns : 147256.955968
Load workloads needs: 92256213845 ns 
[report] load_thread_ID : 14
[report] load_duration_ns : 92256213845
[report] load_duration_s : 92.256214
[report] load_throughput : 6774.611421
[report] load_average_latency_ns : 147609.942152
Load workloads needs: 94107034073 ns 
[report] load_thread_ID : 0
[report] load_duration_ns : 94107034073
[report] load_duration_s : 94.107034
[report] load_throughput : 6641.373901
[report] load_average_latency_ns : 150571.254517
Load workloads needs: 94347680438 ns 
[report] load_thread_ID : 11
[report] load_duration_ns : 94347680438
[report] load_duration_s : 94.347680
[report] load_throughput : 6624.434190
[report] load_average_latency_ns : 150956.288701
Load workloads needs: 95321597844 ns 
[report] load_thread_ID : 6
[report] load_duration_ns : 95321597844
[report] load_duration_s : 95.321598
[report] load_throughput : 6556.751189
[report] load_average_latency_ns : 152514.556550
Load workloads needs: 96144665627 ns 
[report] load_thread_ID : 12
[report] load_duration_ns : 96144665627
[report] load_duration_s : 96.144666
[report] load_throughput : 6500.620663
[report] load_average_latency_ns : 153831.465003
Load workloads needs: 96215387468 ns 
[report] load_thread_ID : 8
[report] load_duration_ns : 96215387468
[report] load_duration_s : 96.215387
[report] load_throughput : 6495.842468
[report] load_average_latency_ns : 153944.619949
Load workloads needs: 97774029893 ns 
[report] load_thread_ID : 10
[report] load_duration_ns : 97774029893
[report] load_duration_s : 97.774030
[report] load_throughput : 6392.290475
[report] load_average_latency_ns : 156438.447829
Load workloads needs: 99146448193 ns 
[report] load_thread_ID : 9
[report] load_duration_ns : 99146448193
[report] load_duration_s : 99.146448
[report] load_throughput : 6303.806252
[report] load_average_latency_ns : 158634.317109
All clients run done needs: 99147249622 ns 
[report] load_overall_duration_ns : 99147249622
[report] load_overall_duration_s : 99.147250
[report] load_overall_throughput : 100860.084754
[report] load_overall_average_latency_ns : 9914.724962
