numactl --membind=4 /mnt/nvme0/home/gxr/mongdb-run/test_mongodb/build//run_client --num_threads=18 --core_binding=0,1,2,3,4,5,6,7,8,9,10,11,12,13,14,15,128,129,130,131,132,133,134,135,136,137,138,139,140,141,142,143 --str_key_size=16 --str_key_size=256 --load_file=/mnt/nvme0/home/gxr/mongdb-run/workloads/ycsb/workloada-load-10000000-10000000.log.formated --run_file=/mnt/nvme0/home/gxr/mongdb-run/workloads/ycsb/workloada-run-10000000-10000000.log.formated --URI_set=mongodb://localhost:27017,mongodb://localhost:27018,mongodb://localhost:27019,mongodb://localhost:27020,mongodb://localhost:27021,mongodb://localhost:27022,mongodb://localhost:27023,mongodb://localhost:27024,mongodb://localhost:27025,mongodb://localhost:27026,mongodb://localhost:27027,mongodb://localhost:27028,mongodb://localhost:27029,mongodb://localhost:27030,mongodb://localhost:27031,mongodb://localhost:27032,mongodb://localhost:27033,mongodb://localhost:27034,mongodb://localhost:27035,mongodb://localhost:27036,mongodb://localhost:27037,mongodb://localhost:27038,mongodb://localhost:27039,mongodb://localhost:27040,mongodb://localhost:27041,mongodb://localhost:27042,mongodb://localhost:27043,mongodb://localhost:27044,mongodb://localhost:27045,mongodb://localhost:27046 --first_mode=true
mongodb://localhost:27017 mongodb://localhost:27018 mongodb://localhost:27019 mongodb://localhost:27020 mongodb://localhost:27021 mongodb://localhost:27022 mongodb://localhost:27023 mongodb://localhost:27024 mongodb://localhost:27025 mongodb://localhost:27026 mongodb://localhost:27027 mongodb://localhost:27028 mongodb://localhost:27029 mongodb://localhost:27030 mongodb://localhost:27031 mongodb://localhost:27032 mongodb://localhost:27033 mongodb://localhost:27034 mongodb://localhost:27035 mongodb://localhost:27036 mongodb://localhost:27037 mongodb://localhost:27038 mongodb://localhost:27039 mongodb://localhost:27040 mongodb://localhost:27041 mongodb://localhost:27042 mongodb://localhost:27043 mongodb://localhost:27044 mongodb://localhost:27045 mongodb://localhost:27046 reading workload files ...
load_filename : /mnt/nvme0/home/gxr/mongdb-run/workloads/ycsb/workloada-load-10000000-10000000.log.formated
read load file needs: 6362319577 s 
run_filename : /mnt/nvme0/home/gxr/mongdb-run/workloads/ycsb/workloada-run-10000000-10000000.log.formated
read run file needs: 6224247370 s 
num_of_load_ops is 10000000
num_of_run_ops is 10000000
0 1 2 3 4 5 6 7 8 9 10 11 12 13 14 15 128 129 130 131 132 133 134 135 136 137 138 139 140 141 142 143 URI: URI: mongodb://localhost:27017mongodb://localhost:27017

URI: mongodb://localhost:27017
URI: mongodb://localhost:27017
URI: mongodb://localhost:27017
URI: mongodb://localhost:27017
URI: URI: mongodb://localhost:27017
mongodb://localhost:27017
URI: mongodb://localhost:27017
URI: mongodb://localhost:27017
URI: mongodb://localhost:27017
URI: mongodb://localhost:27017
URI: mongodb://localhost:27017
URI: mongodb://localhost:27017
URI: mongodb://localhost:27017
URI: mongodb://localhost:27017
URI: mongodb://localhost:27017
URI: mongodb://localhost:27017
Load workloads needs: 92228477733 ns 
[report] load_thread_ID : 9
[report] load_duration_ns : 92228477733
[report] load_duration_s : 92.228478
[report] load_throughput : 6023.681770
[report] load_average_latency_ns : 166011.425931
Load workloads needs: 92850997203 ns 
[report] load_thread_ID : 17
[report] load_duration_ns : 92850997203
[report] load_duration_s : 92.850997
[report] load_throughput : 5983.295998
[report] load_average_latency_ns : 167131.962097
Load workloads needs: 92961943662 ns 
[report] load_thread_ID : 15
[report] load_duration_ns : 92961943662
[report] load_duration_s : 92.961944
[report] load_throughput : 5976.155168
[report] load_average_latency_ns : 167331.665923
Load workloads needs: 93034169364 ns 
[report] load_thread_ID : 8
[report] load_duration_ns : 93034169364
[report] load_duration_s : 93.034169
[report] load_throughput : 5971.515668
[report] load_average_latency_ns : 167461.672317
Load workloads needs: 93379935879 ns 
[report] load_thread_ID : 12
[report] load_duration_ns : 93379935879
[report] load_duration_s : 93.379936
[report] load_throughput : 5949.404385
[report] load_average_latency_ns : 168084.052666
Load workloads needs: 93578391936 ns 
[report] load_thread_ID : 16
[report] load_duration_ns : 93578391936
[report] load_duration_s : 93.578392
[report] load_throughput : 5936.787206
[report] load_average_latency_ns : 168441.273926
Load workloads needs: 97138127504 ns 
[report] load_thread_ID : 13
[report] load_duration_ns : 97138127504
[report] load_duration_s : 97.138128
[report] load_throughput : 5719.226984
[report] load_average_latency_ns : 174848.804356
Load workloads needs: 97889627390 ns 
[report] load_thread_ID : 14
[report] load_duration_ns : 97889627390
[report] load_duration_s : 97.889627
[report] load_throughput : 5675.320407
[report] load_average_latency_ns : 176201.505504
Load workloads needs: 98184968063 ns 
[report] load_thread_ID : 11
[report] load_duration_ns : 98184968063
[report] load_duration_s : 98.184968
[report] load_throughput : 5658.249027
[report] load_average_latency_ns : 176733.119247
Load workloads needs: 99074438335 ns 
[report] load_thread_ID : 10
[report] load_duration_ns : 99074438335
[report] load_duration_s : 99.074438
[report] load_throughput : 5607.450411
[report] load_average_latency_ns : 178334.167337
Load workloads needs: 106049242867 ns 
[report] load_thread_ID : 5
[report] load_duration_ns : 106049242867
[report] load_duration_s : 106.049243
[report] load_throughput : 5238.651262
[report] load_average_latency_ns : 190888.828049
Load workloads needs: 106152152721 ns 
[report] load_thread_ID : 0
[report] load_duration_ns : 106152152721
[report] load_duration_s : 106.152153
[report] load_throughput : 5233.572620
[report] load_average_latency_ns : 191074.065972
Load workloads needs: 106481506947 ns 
[report] load_thread_ID : 3
[report] load_duration_ns : 106481506947
[report] load_duration_s : 106.481507
[report] load_throughput : 5217.384839
[report] load_average_latency_ns : 191666.904172
Load workloads needs: 107020546270 ns 
[report] load_thread_ID : 6
[report] load_duration_ns : 107020546270
[report] load_duration_s : 107.020546
[report] load_throughput : 5191.106001
[report] load_average_latency_ns : 192637.175923
Load workloads needs: 107065857101 ns 
[report] load_thread_ID : 1
[report] load_duration_ns : 107065857101
[report] load_duration_s : 107.065857
[report] load_throughput : 5188.909098
[report] load_average_latency_ns : 192718.735501
Load workloads needs: 107122876645 ns 
[report] load_thread_ID : 7
[report] load_duration_ns : 107122876645
[report] load_duration_s : 107.122877
[report] load_throughput : 5186.147137
[report] load_average_latency_ns : 192821.370782
Load workloads needs: 109640628032 ns 
[report] load_thread_ID : 2
[report] load_duration_ns : 109640628032
[report] load_duration_s : 109.640628
[report] load_throughput : 5067.054157
[report] load_average_latency_ns : 197353.327811
Load workloads needs: 109752340026 ns 
[report] load_thread_ID : 4
[report] load_duration_ns : 109752340026
[report] load_duration_s : 109.752340
[report] load_throughput : 5061.896629
[report] load_average_latency_ns : 197554.409601
All clients run done needs: 109751082207 ns 
[report] load_overall_duration_ns : 109751082207
[report] load_overall_duration_s : 109.751082
[report] load_overall_throughput : 91115.274664
[report] load_overall_average_latency_ns : 10975.108221
