numactl --membind=4 /mnt/nvme0/home/gxr/mongdb-run/test_mongodb/build//run_client --num_threads=8 --core_binding=0,1,2,3,4,5,6,7,8,9,10,11,12,13,14,15,128,129,130,131,132,133,134,135,136,137,138,139,140,141,142,143 --str_key_size=16 --str_key_size=256 --load_file=/mnt/nvme0/home/gxr/mongdb-run/workloads/ycsb/workloada-load-10000000-10000000.log.formated --run_file=/mnt/nvme0/home/gxr/mongdb-run/workloads/ycsb/workloada-run-10000000-10000000.log.formated --URI_set=mongodb://localhost:27017,mongodb://localhost:27018,mongodb://localhost:27019,mongodb://localhost:27020,mongodb://localhost:27021,mongodb://localhost:27022,mongodb://localhost:27023,mongodb://localhost:27024,mongodb://localhost:27025,mongodb://localhost:27026,mongodb://localhost:27027,mongodb://localhost:27028,mongodb://localhost:27029,mongodb://localhost:27030,mongodb://localhost:27031,mongodb://localhost:27032,mongodb://localhost:27033,mongodb://localhost:27034,mongodb://localhost:27035,mongodb://localhost:27036,mongodb://localhost:27037,mongodb://localhost:27038,mongodb://localhost:27039,mongodb://localhost:27040,mongodb://localhost:27041,mongodb://localhost:27042,mongodb://localhost:27043,mongodb://localhost:27044,mongodb://localhost:27045,mongodb://localhost:27046 --first_mode=false
mongodb://localhost:27017 mongodb://localhost:27018 mongodb://localhost:27019 mongodb://localhost:27020 mongodb://localhost:27021 mongodb://localhost:27022 mongodb://localhost:27023 mongodb://localhost:27024 mongodb://localhost:27025 mongodb://localhost:27026 mongodb://localhost:27027 mongodb://localhost:27028 mongodb://localhost:27029 mongodb://localhost:27030 mongodb://localhost:27031 mongodb://localhost:27032 mongodb://localhost:27033 mongodb://localhost:27034 mongodb://localhost:27035 mongodb://localhost:27036 mongodb://localhost:27037 mongodb://localhost:27038 mongodb://localhost:27039 mongodb://localhost:27040 mongodb://localhost:27041 mongodb://localhost:27042 mongodb://localhost:27043 mongodb://localhost:27044 mongodb://localhost:27045 mongodb://localhost:27046 reading workload files ...
load_filename : /mnt/nvme0/home/gxr/mongdb-run/workloads/ycsb/workloada-load-10000000-10000000.log.formated
read load file needs: 5037042083 s 
run_filename : /mnt/nvme0/home/gxr/mongdb-run/workloads/ycsb/workloada-run-10000000-10000000.log.formated
read run file needs: 5134820320 s 
num_of_load_ops is 10000000
num_of_run_ops is 10000000
0 1 2 3 4 5 6 7 8 9 10 11 12 13 14 15 128 129 130 131 132 133 134 135 136 137 138 139 140 141 142 143 URI: URI: mongodb://localhost:27017
mongodb://localhost:27019
URI: mongodb://localhost:27020
URI: mongodb://localhost:27022
URI: mongodb://localhost:27021
URI: mongodb://localhost:27018
URI: mongodb://localhost:27023
URI: mongodb://localhost:27024
Load workloads needs: 196818362694 ns 
[report] load_thread_ID : 7
[report] load_duration_ns : 196818362694
[report] load_duration_s : 196.818363
[report] load_throughput : 6351.033424
[report] load_average_latency_ns : 157454.690155
Load workloads needs: 196959264811 ns 
[report] load_thread_ID : 6
[report] load_duration_ns : 196959264811
[report] load_duration_s : 196.959265
[report] load_throughput : 6346.489977
[report] load_average_latency_ns : 157567.411849
Load workloads needs: 197621490061 ns 
[report] load_thread_ID : 0
[report] load_duration_ns : 197621490061
[report] load_duration_s : 197.621490
[report] load_throughput : 6325.223029
[report] load_average_latency_ns : 158097.192049
Load workloads needs: 198528947190 ns 
[report] load_thread_ID : 4
[report] load_duration_ns : 198528947190
[report] load_duration_s : 198.528947
[report] load_throughput : 6296.311030
[report] load_average_latency_ns : 158823.157752
Load workloads needs: 198533731763 ns 
[report] load_thread_ID : 2
[report] load_duration_ns : 198533731763
[report] load_duration_s : 198.533732
[report] load_throughput : 6296.159292
[report] load_average_latency_ns : 158826.985410
Load workloads needs: 198652120723 ns 
[report] load_thread_ID : 1
[report] load_duration_ns : 198652120723
[report] load_duration_s : 198.652121
[report] load_throughput : 6292.407025
[report] load_average_latency_ns : 158921.696578
Load workloads needs: 198692652502 ns 
[report] load_thread_ID : 5
[report] load_duration_ns : 198692652502
[report] load_duration_s : 198.692653
[report] load_throughput : 6291.123422
[report] load_average_latency_ns : 158954.122002
Load workloads needs: 198956319723 ns 
[report] load_thread_ID : 3
[report] load_duration_ns : 198956319723
[report] load_duration_s : 198.956320
[report] load_throughput : 6282.786100
[report] load_average_latency_ns : 159165.055778
All clients run done needs: 198956922711 ns 
[report] load_overall_duration_ns : 198956922711
[report] load_overall_duration_s : 198.956923
[report] load_overall_throughput : 50262.136465
[report] load_overall_average_latency_ns : 19895.692271
