numactl --membind=2 /home/gxr/mongodb-run/test_mongodb/build//run_client --num_threads=12 --core_binding=0,1,2,3,4,5,6,7,8,9,10,11 --str_key_size=16 --str_key_size=256 --load_file=/home/gxr/mongodb-run/workloads/ycsb/workloada-load-50000000-50000000.log.formated --run_file=/home/gxr/mongodb-run/workloads/ycsb/workloada-run-50000000-50000000.log.formated --URI_set=mongodb://localhost:27017,mongodb://localhost:27018,mongodb://localhost:27019,mongodb://localhost:27020,mongodb://localhost:27021,mongodb://localhost:27022,mongodb://localhost:27023,mongodb://localhost:27024,mongodb://localhost:27025,mongodb://localhost:27026,mongodb://localhost:27027,mongodb://localhost:27028,mongodb://localhost:27029,mongodb://localhost:27030,mongodb://localhost:27031,mongodb://localhost:27032,mongodb://localhost:27033,mongodb://localhost:27034,mongodb://localhost:27035,mongodb://localhost:27036,mongodb://localhost:27037,mongodb://localhost:27038,mongodb://localhost:27039,mongodb://localhost:27040,mongodb://localhost:27041,mongodb://localhost:27042,mongodb://localhost:27043,mongodb://localhost:27044,mongodb://localhost:27045,mongodb://localhost:27046,mongodb://localhost:27047,mongodb://localhost:27048,mongodb://localhost:27049,mongodb://localhost:27050,mongodb://localhost:27051,mongodb://localhost:27052,mongodb://localhost:27053,mongodb://localhost:27054,mongodb://localhost:27055,mongodb://localhost:27056,mongodb://localhost:27057,mongodb://localhost:27058,mongodb://localhost:27059,mongodb://localhost:27060,mongodb://localhost:27061,mongodb://localhost:27062,mongodb://localhost:27063,mongodb://localhost:27064 --first_mode=true
mongodb://localhost:27017 mongodb://localhost:27018 mongodb://localhost:27019 mongodb://localhost:27020 mongodb://localhost:27021 mongodb://localhost:27022 mongodb://localhost:27023 mongodb://localhost:27024 mongodb://localhost:27025 mongodb://localhost:27026 mongodb://localhost:27027 mongodb://localhost:27028 mongodb://localhost:27029 mongodb://localhost:27030 mongodb://localhost:27031 mongodb://localhost:27032 mongodb://localhost:27033 mongodb://localhost:27034 mongodb://localhost:27035 mongodb://localhost:27036 mongodb://localhost:27037 mongodb://localhost:27038 mongodb://localhost:27039 mongodb://localhost:27040 mongodb://localhost:27041 mongodb://localhost:27042 mongodb://localhost:27043 mongodb://localhost:27044 mongodb://localhost:27045 mongodb://localhost:27046 mongodb://localhost:27047 mongodb://localhost:27048 mongodb://localhost:27049 mongodb://localhost:27050 mongodb://localhost:27051 mongodb://localhost:27052 mongodb://localhost:27053 mongodb://localhost:27054 mongodb://localhost:27055 mongodb://localhost:27056 mongodb://localhost:27057 mongodb://localhost:27058 mongodb://localhost:27059 mongodb://localhost:27060 mongodb://localhost:27061 mongodb://localhost:27062 mongodb://localhost:27063 mongodb://localhost:27064 reading workload files ...
load_filename : /home/gxr/mongodb-run/workloads/ycsb/workloada-load-50000000-50000000.log.formated
read load file needs: 1055477541 s 
run_filename : /home/gxr/mongodb-run/workloads/ycsb/workloada-run-50000000-50000000.log.formated
read run file needs: 1122281349 s 
num_of_load_ops is 1774963
num_of_run_ops is 1924255
0 1 2 3 4 5 6 7 8 9 10 11 URI: URI: mongodb://localhost:27017
URI: mongodb://localhost:27017
URI: mongodb://localhost:27017
URI: mongodb://localhost:27017mongodb://localhost:27017

URI: mongodb://localhost:27017
URI: mongodb://localhost:27017
URI: mongodb://localhost:27017
URI: mongodb://localhost:27017
URI: mongodb://localhost:27017
URI: mongodb://localhost:27017
URI: mongodb://localhost:27017
Load workloads needs: 11140922852 ns 
[report] load_thread_ID : 11
[report] load_duration_ns : 11140922852
[report] load_duration_s : 11.140923
[report] load_throughput : 13276.548268
[report] load_average_latency_ns : 75320.782162
Load workloads needs: 11207596716 ns 
[report] load_thread_ID : 9
[report] load_duration_ns : 11207596716
[report] load_duration_s : 11.207597
[report] load_throughput : 13197.566235
[report] load_average_latency_ns : 75771.546220
Load workloads needs: 11225698330 ns 
[report] load_thread_ID : 0
[report] load_duration_ns : 11225698330
[report] load_duration_s : 11.225698
[report] load_throughput : 13176.284954
[report] load_average_latency_ns : 75893.926362
Load workloads needs: 11240800618 ns 
[report] load_thread_ID : 7
[report] load_duration_ns : 11240800618
[report] load_duration_s : 11.240801
[report] load_throughput : 13158.582296
[report] load_average_latency_ns : 75996.028868
Load workloads needs: 11263758868 ns 
[report] load_thread_ID : 2
[report] load_duration_ns : 11263758868
[report] load_duration_s : 11.263759
[report] load_throughput : 13131.761940
[report] load_average_latency_ns : 76151.243420
Load workloads needs: 11295725908 ns 
[report] load_thread_ID : 5
[report] load_duration_ns : 11295725908
[report] load_duration_s : 11.295726
[report] load_throughput : 13094.598896
[report] load_average_latency_ns : 76367.363977
Load workloads needs: 11293635435 ns 
[report] load_thread_ID : 8
[report] load_duration_ns : 11293635435
[report] load_duration_s : 11.293635
[report] load_throughput : 13097.022730
[report] load_average_latency_ns : 76353.230852
Load workloads needs: 11344736701 ns 
[report] load_thread_ID : 6
[report] load_duration_ns : 11344736701
[report] load_duration_s : 11.344737
[report] load_throughput : 13038.028462
[report] load_average_latency_ns : 76698.712764
Load workloads needs: 11434850588 ns 
[report] load_thread_ID : 4
[report] load_duration_ns : 11434850588
[report] load_duration_s : 11.434851
[report] load_throughput : 12935.280515
[report] load_average_latency_ns : 77307.948510
Load workloads needs: 11553188158 ns 
[report] load_thread_ID : 3
[report] load_duration_ns : 11553188158
[report] load_duration_s : 11.553188
[report] load_throughput : 12802.786380
[report] load_average_latency_ns : 78107.996985
Load workloads needs: 11683889715 ns 
[report] load_thread_ID : 10
[report] load_duration_ns : 11683889715
[report] load_duration_s : 11.683890
[report] load_throughput : 12659.568312
[report] load_average_latency_ns : 78991.635049
Load workloads needs: 11791044864 ns 
[report] load_thread_ID : 1
[report] load_duration_ns : 11791044864
[report] load_duration_s : 11.791045
[report] load_throughput : 12544.520160
[report] load_average_latency_ns : 79716.082183
All clients run done needs: 11791622600 ns 
[report] load_overall_duration_ns : 11791622600
[report] load_overall_duration_s : 11.791623
[report] load_overall_throughput : 150527.460063
[report] load_overall_average_latency_ns : 6643.306142
