numactl --membind=4 /mnt/nvme0/home/gxr/mongdb-run/test_mongodb/build//run_client --num_threads=14 --core_binding=0,1,2,3,4,5,6,7,8,9,10,11,12,13,14,15,128,129,130,131,132,133,134,135,136,137,138,139,140,141,142,143,16,17,18,19,20,21,22,23,24,25,26,27,28,29,30,31,144,145,146,147,148,149,150,151,152,153,154,155,156,157,158,159,32,33,34,35,36,37,38,39,40,41,42,43,44,45,46,47,160,161,162,163,164,165,166,167,168,169,170,171,172,173,174,175,48,49,50,51,52,53,54,55,56,57,58,59,60,61,62,63,176,177,178,179,180,181,182,183,184,185,186,187,188,189,190,191 --str_key_size=16 --str_key_size=256 --load_file=/mnt/nvme0/home/gxr/mongdb-run/workloads/ycsb/workloada-load-10000000-10000000.log.formated --run_file=/mnt/nvme0/home/gxr/mongdb-run/workloads/ycsb/workloada-run-10000000-10000000.log.formated --URI_set=mongodb://localhost:27017,mongodb://localhost:27018,mongodb://localhost:27019,mongodb://localhost:27020,mongodb://localhost:27021,mongodb://localhost:27022,mongodb://localhost:27023,mongodb://localhost:27024,mongodb://localhost:27025,mongodb://localhost:27026,mongodb://localhost:27027,mongodb://localhost:27028,mongodb://localhost:27029,mongodb://localhost:27030,mongodb://localhost:27031,mongodb://localhost:27032,mongodb://localhost:27033,mongodb://localhost:27034,mongodb://localhost:27035,mongodb://localhost:27036,mongodb://localhost:27037,mongodb://localhost:27038,mongodb://localhost:27039,mongodb://localhost:27040,mongodb://localhost:27041,mongodb://localhost:27042,mongodb://localhost:27043,mongodb://localhost:27044,mongodb://localhost:27045,mongodb://localhost:27046,mongodb://localhost:27047,mongodb://localhost:27048,mongodb://localhost:27049,mongodb://localhost:27050,mongodb://localhost:27051,mongodb://localhost:27052,mongodb://localhost:27053,mongodb://localhost:27054,mongodb://localhost:27055,mongodb://localhost:27056,mongodb://localhost:27057,mongodb://localhost:27058,mongodb://localhost:27059,mongodb://localhost:27060,mongodb://localhost:27061,mongodb://localhost:27062,mongodb://localhost:27063,mongodb://localhost:27064,mongodb://localhost:27065,mongodb://localhost:27066,mongodb://localhost:27067,mongodb://localhost:27068,mongodb://localhost:27069,mongodb://localhost:27070,mongodb://localhost:27071,mongodb://localhost:27072,mongodb://localhost:27073,mongodb://localhost:27074,mongodb://localhost:27075,mongodb://localhost:27076,mongodb://localhost:27077,mongodb://localhost:27078,mongodb://localhost:27079,mongodb://localhost:27080,mongodb://localhost:27081,mongodb://localhost:27082,mongodb://localhost:27083,mongodb://localhost:27084,mongodb://localhost:27085,mongodb://localhost:27086,mongodb://localhost:27087,mongodb://localhost:27088,mongodb://localhost:27089,mongodb://localhost:27090,mongodb://localhost:27091,mongodb://localhost:27092,mongodb://localhost:27093,mongodb://localhost:27094,mongodb://localhost:27095,mongodb://localhost:27096,mongodb://localhost:27097,mongodb://localhost:27098,mongodb://localhost:27099,mongodb://localhost:27100,mongodb://localhost:27101,mongodb://localhost:27102,mongodb://localhost:27103,mongodb://localhost:27104,mongodb://localhost:27105,mongodb://localhost:27106,mongodb://localhost:27107,mongodb://localhost:27108,mongodb://localhost:27109,mongodb://localhost:27110,mongodb://localhost:27111,mongodb://localhost:27112,mongodb://localhost:27113,mongodb://localhost:27114,mongodb://localhost:27115,mongodb://localhost:27116,mongodb://localhost:27117,mongodb://localhost:27118,mongodb://localhost:27119,mongodb://localhost:27120,mongodb://localhost:27121,mongodb://localhost:27122,mongodb://localhost:27123,mongodb://localhost:27124,mongodb://localhost:27125,mongodb://localhost:27126,mongodb://localhost:27127,mongodb://localhost:27128,mongodb://localhost:27129,mongodb://localhost:27130,mongodb://localhost:27131,mongodb://localhost:27132,mongodb://localhost:27133,mongodb://localhost:27134,mongodb://localhost:27135,mongodb://localhost:27136,mongodb://localhost:27137,mongodb://localhost:27138,mongodb://localhost:27139,mongodb://localhost:27140,mongodb://localhost:27141,mongodb://localhost:27142,mongodb://localhost:27143,mongodb://localhost:27144 --first_mode=false
mongodb://localhost:27017 mongodb://localhost:27018 mongodb://localhost:27019 mongodb://localhost:27020 mongodb://localhost:27021 mongodb://localhost:27022 mongodb://localhost:27023 mongodb://localhost:27024 mongodb://localhost:27025 mongodb://localhost:27026 mongodb://localhost:27027 mongodb://localhost:27028 mongodb://localhost:27029 mongodb://localhost:27030 mongodb://localhost:27031 mongodb://localhost:27032 mongodb://localhost:27033 mongodb://localhost:27034 mongodb://localhost:27035 mongodb://localhost:27036 mongodb://localhost:27037 mongodb://localhost:27038 mongodb://localhost:27039 mongodb://localhost:27040 mongodb://localhost:27041 mongodb://localhost:27042 mongodb://localhost:27043 mongodb://localhost:27044 mongodb://localhost:27045 mongodb://localhost:27046 mongodb://localhost:27047 mongodb://localhost:27048 mongodb://localhost:27049 mongodb://localhost:27050 mongodb://localhost:27051 mongodb://localhost:27052 mongodb://localhost:27053 mongodb://localhost:27054 mongodb://localhost:27055 mongodb://localhost:27056 mongodb://localhost:27057 mongodb://localhost:27058 mongodb://localhost:27059 mongodb://localhost:27060 mongodb://localhost:27061 mongodb://localhost:27062 mongodb://localhost:27063 mongodb://localhost:27064 mongodb://localhost:27065 mongodb://localhost:27066 mongodb://localhost:27067 mongodb://localhost:27068 mongodb://localhost:27069 mongodb://localhost:27070 mongodb://localhost:27071 mongodb://localhost:27072 mongodb://localhost:27073 mongodb://localhost:27074 mongodb://localhost:27075 mongodb://localhost:27076 mongodb://localhost:27077 mongodb://localhost:27078 mongodb://localhost:27079 mongodb://localhost:27080 mongodb://localhost:27081 mongodb://localhost:27082 mongodb://localhost:27083 mongodb://localhost:27084 mongodb://localhost:27085 mongodb://localhost:27086 mongodb://localhost:27087 mongodb://localhost:27088 mongodb://localhost:27089 mongodb://localhost:27090 mongodb://localhost:27091 mongodb://localhost:27092 mongodb://localhost:27093 mongodb://localhost:27094 mongodb://localhost:27095 mongodb://localhost:27096 mongodb://localhost:27097 mongodb://localhost:27098 mongodb://localhost:27099 mongodb://localhost:27100 mongodb://localhost:27101 mongodb://localhost:27102 mongodb://localhost:27103 mongodb://localhost:27104 mongodb://localhost:27105 mongodb://localhost:27106 mongodb://localhost:27107 mongodb://localhost:27108 mongodb://localhost:27109 mongodb://localhost:27110 mongodb://localhost:27111 mongodb://localhost:27112 mongodb://localhost:27113 mongodb://localhost:27114 mongodb://localhost:27115 mongodb://localhost:27116 mongodb://localhost:27117 mongodb://localhost:27118 mongodb://localhost:27119 mongodb://localhost:27120 mongodb://localhost:27121 mongodb://localhost:27122 mongodb://localhost:27123 mongodb://localhost:27124 mongodb://localhost:27125 mongodb://localhost:27126 mongodb://localhost:27127 mongodb://localhost:27128 mongodb://localhost:27129 mongodb://localhost:27130 mongodb://localhost:27131 mongodb://localhost:27132 mongodb://localhost:27133 mongodb://localhost:27134 mongodb://localhost:27135 mongodb://localhost:27136 mongodb://localhost:27137 mongodb://localhost:27138 mongodb://localhost:27139 mongodb://localhost:27140 mongodb://localhost:27141 mongodb://localhost:27142 mongodb://localhost:27143 mongodb://localhost:27144 reading workload files ...
load_filename : /mnt/nvme0/home/gxr/mongdb-run/workloads/ycsb/workloada-load-10000000-10000000.log.formated
read load file needs: 5017631720 s 
run_filename : /mnt/nvme0/home/gxr/mongdb-run/workloads/ycsb/workloada-run-10000000-10000000.log.formated
read run file needs: 5190683424 s 
num_of_load_ops is 10000000
num_of_run_ops is 10000000
0 1 2 3 4 5 6 7 8 9 10 11 12 13 14 15 128 129 130 131 132 133 134 135 136 137 138 139 140 141 142 143 16 17 18 19 20 21 22 23 24 25 26 27 28 29 30 31 144 145 146 147 148 149 150 151 152 153 154 155 156 157 158 159 32 33 34 35 36 37 38 39 40 41 42 43 44 45 46 47 160 161 162 163 164 165 166 167 168 169 170 171 172 173 174 175 48 49 50 51 52 53 54 55 56 57 58 59 60 61 62 63 176 177 178 179 180 181 182 183 184 185 186 187 188 189 190 191 URI: URI: mongodb://localhost:27018URI: mongodb://localhost:27020URI: URI: mongodb://localhost:27022URI: URI: mongodb://localhost:27019

mongodb://localhost:27024
mongodb://localhost:27023

URI: mongodb://localhost:27017mongodb://localhost:27021


URI: mongodb://localhost:27030
URI: mongodb://localhost:27028URI: mongodb://localhost:27027
URI: mongodb://localhost:27026
URI: URI: 
mongodb://localhost:27029
mongodb://localhost:27025
Load workloads needs: 108901296488 ns 
[report] load_thread_ID : 9
[report] load_duration_ns : 108901296488
[report] load_duration_s : 108.901296
[report] load_throughput : 6559.012822
[report] load_average_latency_ns : 152461.967545
Load workloads needs: 110559096477 ns 
[report] load_thread_ID : 13
[report] load_duration_ns : 110559096477
[report] load_duration_s : 110.559096
[report] load_throughput : 6460.662422
[report] load_average_latency_ns : 154782.889851
Load workloads needs: 112354412587 ns 
[report] load_thread_ID : 11
[report] load_duration_ns : 112354412587
[report] load_duration_s : 112.354413
[report] load_throughput : 6357.427212
[report] load_average_latency_ns : 157296.334918
Load workloads needs: 112657759005 ns 
[report] load_thread_ID : 12
[report] load_duration_ns : 112657759005
[report] load_duration_s : 112.657759
[report] load_throughput : 6340.308970
[report] load_average_latency_ns : 157721.020328
Load workloads needs: 116335276083 ns 
[report] load_thread_ID : 8
[report] load_duration_ns : 116335276083
[report] load_duration_s : 116.335276
[report] load_throughput : 6139.883138
[report] load_average_latency_ns : 162869.549386
Load workloads needs: 116778276404 ns 
[report] load_thread_ID : 0
[report] load_duration_ns : 116778276404
[report] load_duration_s : 116.778276
[report] load_throughput : 6116.591390
[report] load_average_latency_ns : 163489.750455
Load workloads needs: 116863735463 ns 
[report] load_thread_ID : 10
[report] load_duration_ns : 116863735463
[report] load_duration_s : 116.863735
[report] load_throughput : 6112.118504
[report] load_average_latency_ns : 163609.393258
Load workloads needs: 118639331260 ns 
[report] load_thread_ID : 2
[report] load_duration_ns : 118639331260
[report] load_duration_s : 118.639331
[report] load_throughput : 6020.642500
[report] load_average_latency_ns : 166095.229859
Load workloads needs: 118869873569 ns 
[report] load_thread_ID : 3
[report] load_duration_ns : 118869873569
[report] load_duration_s : 118.869874
[report] load_throughput : 6008.965759
[report] load_average_latency_ns : 166417.989415
Load workloads needs: 121979251379 ns 
[report] load_thread_ID : 7
[report] load_duration_ns : 121979251379
[report] load_duration_s : 121.979251
[report] load_throughput : 5855.790980
[report] load_average_latency_ns : 170771.122702
Load workloads needs: 123572403584 ns 
[report] load_thread_ID : 6
[report] load_duration_ns : 123572403584
[report] load_duration_s : 123.572404
[report] load_throughput : 5780.295432
[report] load_average_latency_ns : 173001.538019
Load workloads needs: 123858309904 ns 
[report] load_thread_ID : 5
[report] load_duration_ns : 123858309904
[report] load_duration_s : 123.858310
[report] load_throughput : 5766.952581
[report] load_average_latency_ns : 173401.807267
Load workloads needs: 125391012766 ns 
[report] load_thread_ID : 1
[report] load_duration_ns : 125391012766
[report] load_duration_s : 125.391013
[report] load_throughput : 5696.460889
[report] load_average_latency_ns : 175547.593420
Load workloads needs: 125542737666 ns 
[report] load_thread_ID : 4
[report] load_duration_ns : 125542737666
[report] load_duration_s : 125.542738
[report] load_throughput : 5689.576421
[report] load_average_latency_ns : 175760.008492
All clients run done needs: 125544231236 ns 
[report] load_overall_duration_ns : 125544231236
[report] load_overall_duration_s : 125.544231
[report] load_overall_throughput : 79653.201916
[report] load_overall_average_latency_ns : 12554.423124
