numactl --membind=4 /mnt/nvme0/home/gxr/mongdb-run/test_mongodb/build//run_client --num_threads=28 --core_binding=0,1,2,3,4,5,6,7,8,9,10,11,12,13,14,15,128,129,130,131,132,133,134,135,136,137,138,139,140,141,142,143,16,17,18,19,20,21,22,23,24,25,26,27,28,29,30,31,144,145,146,147,148,149,150,151,152,153,154,155,156,157,158,159,32,33,34,35,36,37,38,39,40,41,42,43,44,45,46,47,160,161,162,163,164,165,166,167,168,169,170,171,172,173,174,175,48,49,50,51,52,53,54,55,56,57,58,59,60,61,62,63,176,177,178,179,180,181,182,183,184,185,186,187,188,189,190,191 --str_key_size=16 --str_key_size=256 --load_file=/mnt/nvme0/home/gxr/mongdb-run/workloads/ycsb/workloada-load-10000000-10000000.log.formated --run_file=/mnt/nvme0/home/gxr/mongdb-run/workloads/ycsb/workloada-run-10000000-10000000.log.formated --URI_set=mongodb://localhost:27017,mongodb://localhost:27018,mongodb://localhost:27019,mongodb://localhost:27020,mongodb://localhost:27021,mongodb://localhost:27022,mongodb://localhost:27023,mongodb://localhost:27024,mongodb://localhost:27025,mongodb://localhost:27026,mongodb://localhost:27027,mongodb://localhost:27028,mongodb://localhost:27029,mongodb://localhost:27030,mongodb://localhost:27031,mongodb://localhost:27032,mongodb://localhost:27033,mongodb://localhost:27034,mongodb://localhost:27035,mongodb://localhost:27036,mongodb://localhost:27037,mongodb://localhost:27038,mongodb://localhost:27039,mongodb://localhost:27040,mongodb://localhost:27041,mongodb://localhost:27042,mongodb://localhost:27043,mongodb://localhost:27044,mongodb://localhost:27045,mongodb://localhost:27046,mongodb://localhost:27047,mongodb://localhost:27048,mongodb://localhost:27049,mongodb://localhost:27050,mongodb://localhost:27051,mongodb://localhost:27052,mongodb://localhost:27053,mongodb://localhost:27054,mongodb://localhost:27055,mongodb://localhost:27056,mongodb://localhost:27057,mongodb://localhost:27058,mongodb://localhost:27059,mongodb://localhost:27060,mongodb://localhost:27061,mongodb://localhost:27062,mongodb://localhost:27063,mongodb://localhost:27064,mongodb://localhost:27065,mongodb://localhost:27066,mongodb://localhost:27067,mongodb://localhost:27068,mongodb://localhost:27069,mongodb://localhost:27070,mongodb://localhost:27071,mongodb://localhost:27072,mongodb://localhost:27073,mongodb://localhost:27074,mongodb://localhost:27075,mongodb://localhost:27076,mongodb://localhost:27077,mongodb://localhost:27078,mongodb://localhost:27079,mongodb://localhost:27080,mongodb://localhost:27081,mongodb://localhost:27082,mongodb://localhost:27083,mongodb://localhost:27084,mongodb://localhost:27085,mongodb://localhost:27086,mongodb://localhost:27087,mongodb://localhost:27088,mongodb://localhost:27089,mongodb://localhost:27090,mongodb://localhost:27091,mongodb://localhost:27092,mongodb://localhost:27093,mongodb://localhost:27094,mongodb://localhost:27095,mongodb://localhost:27096,mongodb://localhost:27097,mongodb://localhost:27098,mongodb://localhost:27099,mongodb://localhost:27100,mongodb://localhost:27101,mongodb://localhost:27102,mongodb://localhost:27103,mongodb://localhost:27104,mongodb://localhost:27105,mongodb://localhost:27106,mongodb://localhost:27107,mongodb://localhost:27108,mongodb://localhost:27109,mongodb://localhost:27110,mongodb://localhost:27111,mongodb://localhost:27112,mongodb://localhost:27113,mongodb://localhost:27114,mongodb://localhost:27115,mongodb://localhost:27116,mongodb://localhost:27117,mongodb://localhost:27118,mongodb://localhost:27119,mongodb://localhost:27120,mongodb://localhost:27121,mongodb://localhost:27122,mongodb://localhost:27123,mongodb://localhost:27124,mongodb://localhost:27125,mongodb://localhost:27126,mongodb://localhost:27127,mongodb://localhost:27128,mongodb://localhost:27129,mongodb://localhost:27130,mongodb://localhost:27131,mongodb://localhost:27132,mongodb://localhost:27133,mongodb://localhost:27134,mongodb://localhost:27135,mongodb://localhost:27136,mongodb://localhost:27137,mongodb://localhost:27138,mongodb://localhost:27139,mongodb://localhost:27140,mongodb://localhost:27141,mongodb://localhost:27142,mongodb://localhost:27143,mongodb://localhost:27144 --first_mode=true
mongodb://localhost:27017 mongodb://localhost:27018 mongodb://localhost:27019 mongodb://localhost:27020 mongodb://localhost:27021 mongodb://localhost:27022 mongodb://localhost:27023 mongodb://localhost:27024 mongodb://localhost:27025 mongodb://localhost:27026 mongodb://localhost:27027 mongodb://localhost:27028 mongodb://localhost:27029 mongodb://localhost:27030 mongodb://localhost:27031 mongodb://localhost:27032 mongodb://localhost:27033 mongodb://localhost:27034 mongodb://localhost:27035 mongodb://localhost:27036 mongodb://localhost:27037 mongodb://localhost:27038 mongodb://localhost:27039 mongodb://localhost:27040 mongodb://localhost:27041 mongodb://localhost:27042 mongodb://localhost:27043 mongodb://localhost:27044 mongodb://localhost:27045 mongodb://localhost:27046 mongodb://localhost:27047 mongodb://localhost:27048 mongodb://localhost:27049 mongodb://localhost:27050 mongodb://localhost:27051 mongodb://localhost:27052 mongodb://localhost:27053 mongodb://localhost:27054 mongodb://localhost:27055 mongodb://localhost:27056 mongodb://localhost:27057 mongodb://localhost:27058 mongodb://localhost:27059 mongodb://localhost:27060 mongodb://localhost:27061 mongodb://localhost:27062 mongodb://localhost:27063 mongodb://localhost:27064 mongodb://localhost:27065 mongodb://localhost:27066 mongodb://localhost:27067 mongodb://localhost:27068 mongodb://localhost:27069 mongodb://localhost:27070 mongodb://localhost:27071 mongodb://localhost:27072 mongodb://localhost:27073 mongodb://localhost:27074 mongodb://localhost:27075 mongodb://localhost:27076 mongodb://localhost:27077 mongodb://localhost:27078 mongodb://localhost:27079 mongodb://localhost:27080 mongodb://localhost:27081 mongodb://localhost:27082 mongodb://localhost:27083 mongodb://localhost:27084 mongodb://localhost:27085 mongodb://localhost:27086 mongodb://localhost:27087 mongodb://localhost:27088 mongodb://localhost:27089 mongodb://localhost:27090 mongodb://localhost:27091 mongodb://localhost:27092 mongodb://localhost:27093 mongodb://localhost:27094 mongodb://localhost:27095 mongodb://localhost:27096 mongodb://localhost:27097 mongodb://localhost:27098 mongodb://localhost:27099 mongodb://localhost:27100 mongodb://localhost:27101 mongodb://localhost:27102 mongodb://localhost:27103 mongodb://localhost:27104 mongodb://localhost:27105 mongodb://localhost:27106 mongodb://localhost:27107 mongodb://localhost:27108 mongodb://localhost:27109 mongodb://localhost:27110 mongodb://localhost:27111 mongodb://localhost:27112 mongodb://localhost:27113 mongodb://localhost:27114 mongodb://localhost:27115 mongodb://localhost:27116 mongodb://localhost:27117 mongodb://localhost:27118 mongodb://localhost:27119 mongodb://localhost:27120 mongodb://localhost:27121 mongodb://localhost:27122 mongodb://localhost:27123 mongodb://localhost:27124 mongodb://localhost:27125 mongodb://localhost:27126 mongodb://localhost:27127 mongodb://localhost:27128 mongodb://localhost:27129 mongodb://localhost:27130 mongodb://localhost:27131 mongodb://localhost:27132 mongodb://localhost:27133 mongodb://localhost:27134 mongodb://localhost:27135 mongodb://localhost:27136 mongodb://localhost:27137 mongodb://localhost:27138 mongodb://localhost:27139 mongodb://localhost:27140 mongodb://localhost:27141 mongodb://localhost:27142 mongodb://localhost:27143 mongodb://localhost:27144 reading workload files ...
load_filename : /mnt/nvme0/home/gxr/mongdb-run/workloads/ycsb/workloada-load-10000000-10000000.log.formated
read load file needs: 5386918098 s 
run_filename : /mnt/nvme0/home/gxr/mongdb-run/workloads/ycsb/workloada-run-10000000-10000000.log.formated
read run file needs: 5463492296 s 
num_of_load_ops is 10000000
num_of_run_ops is 10000000
0 1 2 3 4 5 6 7 8 9 10 11 12 13 14 15 128 129 130 131 132 133 134 135 136 137 138 139 140 141 142 143 16 17 18 19 20 21 22 23 24 25 26 27 28 29 30 31 144 145 146 147 148 149 150 151 152 153 154 155 156 157 158 159 32 33 34 35 36 37 38 39 40 41 42 43 44 45 46 47 160 161 162 163 164 165 166 167 168 169 170 171 172 173 174 175 48 49 50 51 52 53 54 55 56 57 58 59 60 61 62 63 176 177 178 179 180 181 182 183 184 185 186 187 188 189 190 191 URI: URI: URI: URI: mongodb://localhost:27017mongodb://localhost:27017

mongodb://localhost:27017
mongodb://localhost:27017
URI: mongodb://localhost:27017
URI: mongodb://localhost:27017
URI: mongodb://localhost:27017
URI: mongodb://localhost:27017
URI: mongodb://localhost:27017
URI: mongodb://localhost:27017
URI: mongodb://localhost:27017
URI: mongodb://localhost:27017
URI: mongodb://localhost:27017
URI: mongodb://localhost:27017
URI: mongodb://localhost:27017
URI: mongodb://localhost:27017
URI: mongodb://localhost:27017
URI: mongodb://localhost:27017
URI: mongodb://localhost:27017
URI: mongodb://localhost:27017
URI: mongodb://localhost:27017
URI: mongodb://localhost:27017
URI: mongodb://localhost:27017
URI: mongodb://localhost:27017
URI: mongodb://localhost:27017
URI: mongodb://localhost:27017
URI: mongodb://localhost:27017
URI: mongodb://localhost:27017
Load workloads needs: 84134787613 ns 
[report] load_thread_ID : 0
[report] load_duration_ns : 84134787613
[report] load_duration_s : 84.134788
[report] load_throughput : 4244.879082
[report] load_average_latency_ns : 235577.970704
Load workloads needs: 84381417915 ns 
[report] load_thread_ID : 12
[report] load_duration_ns : 84381417915
[report] load_duration_s : 84.381418
[report] load_throughput : 4232.472135
[report] load_average_latency_ns : 236268.537206
Load workloads needs: 84470686268 ns 
[report] load_thread_ID : 25
[report] load_duration_ns : 84470686268
[report] load_duration_s : 84.470686
[report] load_throughput : 4227.999271
[report] load_average_latency_ns : 236518.489195
Load workloads needs: 84735906571 ns 
[report] load_thread_ID : 27
[report] load_duration_ns : 84735906571
[report] load_duration_s : 84.735907
[report] load_throughput : 4214.765788
[report] load_average_latency_ns : 237261.107825
Load workloads needs: 85119562320 ns 
[report] load_thread_ID : 14
[report] load_duration_ns : 85119562320
[report] load_duration_s : 85.119562
[report] load_throughput : 4195.768755
[report] load_average_latency_ns : 238335.346501
Load workloads needs: 85176926210 ns 
[report] load_thread_ID : 11
[report] load_duration_ns : 85176926210
[report] load_duration_s : 85.176926
[report] load_throughput : 4192.943041
[report] load_average_latency_ns : 238495.965778
Load workloads needs: 86121426804 ns 
[report] load_thread_ID : 8
[report] load_duration_ns : 86121426804
[report] load_duration_s : 86.121427
[report] load_throughput : 4146.958698
[report] load_average_latency_ns : 241140.573789
Load workloads needs: 86181567911 ns 
[report] load_thread_ID : 26
[report] load_duration_ns : 86181567911
[report] load_duration_s : 86.181568
[report] load_throughput : 4144.064777
[report] load_average_latency_ns : 241308.969292
Load workloads needs: 86319015369 ns 
[report] load_thread_ID : 24
[report] load_duration_ns : 86319015369
[report] load_duration_s : 86.319015
[report] load_throughput : 4137.466101
[report] load_average_latency_ns : 241693.823098
Load workloads needs: 86703536886 ns 
[report] load_thread_ID : 9
[report] load_duration_ns : 86703536886
[report] load_duration_s : 86.703537
[report] load_throughput : 4119.116853
[report] load_average_latency_ns : 242770.485930
Load workloads needs: 87666108534 ns 
[report] load_thread_ID : 10
[report] load_duration_ns : 87666108534
[report] load_duration_s : 87.666109
[report] load_throughput : 4073.889054
[report] load_average_latency_ns : 245465.693013
Load workloads needs: 87741551734 ns 
[report] load_thread_ID : 20
[report] load_duration_ns : 87741551734
[report] load_duration_s : 87.741552
[report] load_throughput : 4070.386185
[report] load_average_latency_ns : 245676.934480
Load workloads needs: 88239294408 ns 
[report] load_thread_ID : 19
[report] load_duration_ns : 88239294408
[report] load_duration_s : 88.239294
[report] load_throughput : 4047.425837
[report] load_average_latency_ns : 247070.617312
Load workloads needs: 88525240658 ns 
[report] load_thread_ID : 21
[report] load_duration_ns : 88525240658
[report] load_duration_s : 88.525241
[report] load_throughput : 4034.352207
[report] load_average_latency_ns : 247871.268733
Load workloads needs: 89663154351 ns 
[report] load_thread_ID : 23
[report] load_duration_ns : 89663154351
[report] load_duration_s : 89.663154
[report] load_throughput : 3983.152306
[report] load_average_latency_ns : 251057.434721
Load workloads needs: 89782381966 ns 
[report] load_thread_ID : 15
[report] load_duration_ns : 89782381966
[report] load_duration_s : 89.782382
[report] load_throughput : 3977.862830
[report] load_average_latency_ns : 251391.272844
Load workloads needs: 90058513546 ns 
[report] load_thread_ID : 22
[report] load_duration_ns : 90058513546
[report] load_duration_s : 90.058514
[report] load_throughput : 3965.666165
[report] load_average_latency_ns : 252164.443123
Load workloads needs: 90194941182 ns 
[report] load_thread_ID : 16
[report] load_duration_ns : 90194941182
[report] load_duration_s : 90.194941
[report] load_throughput : 3959.667752
[report] load_average_latency_ns : 252546.441421
Load workloads needs: 91482317348 ns 
[report] load_thread_ID : 13
[report] load_duration_ns : 91482317348
[report] load_duration_s : 91.482317
[report] load_throughput : 3903.945706
[report] load_average_latency_ns : 256151.103337
Load workloads needs: 92702323915 ns 
[report] load_thread_ID : 17
[report] load_duration_ns : 92702323915
[report] load_duration_s : 92.702324
[report] load_throughput : 3852.567928
[report] load_average_latency_ns : 259567.129923
Load workloads needs: 92823213608 ns 
[report] load_thread_ID : 18
[report] load_duration_ns : 92823213608
[report] load_duration_s : 92.823214
[report] load_throughput : 3847.550479
[report] load_average_latency_ns : 259905.621876
Load workloads needs: 101876648693 ns 
[report] load_thread_ID : 4
[report] load_duration_ns : 101876648693
[report] load_duration_s : 101.876649
[report] load_throughput : 3505.631610
[report] load_average_latency_ns : 285255.300953
Load workloads needs: 101990334966 ns 
[report] load_thread_ID : 2
[report] load_duration_ns : 101990334966
[report] load_duration_s : 101.990335
[report] load_throughput : 3501.723964
[report] load_average_latency_ns : 285573.623281
Load workloads needs: 102502160653 ns 
[report] load_thread_ID : 3
[report] load_duration_ns : 102502160653
[report] load_duration_s : 102.502161
[report] load_throughput : 3484.238749
[report] load_average_latency_ns : 287006.738645
Load workloads needs: 102649317586 ns 
[report] load_thread_ID : 6
[report] load_duration_ns : 102649317586
[report] load_duration_s : 102.649318
[report] load_throughput : 3479.243783
[report] load_average_latency_ns : 287418.779046
Load workloads needs: 102839111304 ns 
[report] load_thread_ID : 5
[report] load_duration_ns : 102839111304
[report] load_duration_s : 102.839111
[report] load_throughput : 3472.822698
[report] load_average_latency_ns : 287950.202732
Load workloads needs: 103158798273 ns 
[report] load_thread_ID : 7
[report] load_duration_ns : 103158798273
[report] load_duration_s : 103.158798
[report] load_throughput : 3462.060493
[report] load_average_latency_ns : 288845.328393
Load workloads needs: 103348298539 ns 
[report] load_thread_ID : 1
[report] load_duration_ns : 103348298539
[report] load_duration_s : 103.348299
[report] load_throughput : 3455.712431
[report] load_average_latency_ns : 289375.930411
All clients run done needs: 103350680538 ns 
[report] load_overall_duration_ns : 103350680538
[report] load_overall_duration_s : 103.350681
[report] load_overall_throughput : 96757.950194
[report] load_overall_average_latency_ns : 10335.068054
