numactl --membind=4 /mnt/nvme0/home/gxr/mongdb-run/test_mongodb/build//run_client --num_threads=28 --core_binding=0,1,2,3,4,5,6,7,8,9,10,11,12,13,14,15,128,129,130,131,132,133,134,135,136,137,138,139,140,141,142,143,16,17,18,19,20,21,22,23,24,25,26,27,28,29,30,31,144,145,146,147,148,149,150,151,152,153,154,155,156,157,158,159,32,33,34,35,36,37,38,39,40,41,42,43,44,45,46,47,160,161,162,163,164,165,166,167,168,169,170,171,172,173,174,175,48,49,50,51,52,53,54,55,56,57,58,59,60,61,62,63,176,177,178,179,180,181,182,183,184,185,186,187,188,189,190,191 --str_key_size=16 --str_key_size=256 --load_file=/mnt/nvme0/home/gxr/mongdb-run/workloads/ycsb/workloada-load-10000000-10000000.log.formated --run_file=/mnt/nvme0/home/gxr/mongdb-run/workloads/ycsb/workloada-run-10000000-10000000.log.formated --URI_set=mongodb://localhost:27017,mongodb://localhost:27018,mongodb://localhost:27019,mongodb://localhost:27020,mongodb://localhost:27021,mongodb://localhost:27022,mongodb://localhost:27023,mongodb://localhost:27024,mongodb://localhost:27025,mongodb://localhost:27026,mongodb://localhost:27027,mongodb://localhost:27028,mongodb://localhost:27029,mongodb://localhost:27030,mongodb://localhost:27031,mongodb://localhost:27032,mongodb://localhost:27033,mongodb://localhost:27034,mongodb://localhost:27035,mongodb://localhost:27036,mongodb://localhost:27037,mongodb://localhost:27038,mongodb://localhost:27039,mongodb://localhost:27040,mongodb://localhost:27041,mongodb://localhost:27042,mongodb://localhost:27043,mongodb://localhost:27044,mongodb://localhost:27045,mongodb://localhost:27046,mongodb://localhost:27047,mongodb://localhost:27048,mongodb://localhost:27049,mongodb://localhost:27050,mongodb://localhost:27051,mongodb://localhost:27052,mongodb://localhost:27053,mongodb://localhost:27054,mongodb://localhost:27055,mongodb://localhost:27056,mongodb://localhost:27057,mongodb://localhost:27058,mongodb://localhost:27059,mongodb://localhost:27060,mongodb://localhost:27061,mongodb://localhost:27062,mongodb://localhost:27063,mongodb://localhost:27064,mongodb://localhost:27065,mongodb://localhost:27066,mongodb://localhost:27067,mongodb://localhost:27068,mongodb://localhost:27069,mongodb://localhost:27070,mongodb://localhost:27071,mongodb://localhost:27072,mongodb://localhost:27073,mongodb://localhost:27074,mongodb://localhost:27075,mongodb://localhost:27076,mongodb://localhost:27077,mongodb://localhost:27078,mongodb://localhost:27079,mongodb://localhost:27080,mongodb://localhost:27081,mongodb://localhost:27082,mongodb://localhost:27083,mongodb://localhost:27084,mongodb://localhost:27085,mongodb://localhost:27086,mongodb://localhost:27087,mongodb://localhost:27088,mongodb://localhost:27089,mongodb://localhost:27090,mongodb://localhost:27091,mongodb://localhost:27092,mongodb://localhost:27093,mongodb://localhost:27094,mongodb://localhost:27095,mongodb://localhost:27096,mongodb://localhost:27097,mongodb://localhost:27098,mongodb://localhost:27099,mongodb://localhost:27100,mongodb://localhost:27101,mongodb://localhost:27102,mongodb://localhost:27103,mongodb://localhost:27104,mongodb://localhost:27105,mongodb://localhost:27106,mongodb://localhost:27107,mongodb://localhost:27108,mongodb://localhost:27109,mongodb://localhost:27110,mongodb://localhost:27111,mongodb://localhost:27112,mongodb://localhost:27113,mongodb://localhost:27114,mongodb://localhost:27115,mongodb://localhost:27116,mongodb://localhost:27117,mongodb://localhost:27118,mongodb://localhost:27119,mongodb://localhost:27120,mongodb://localhost:27121,mongodb://localhost:27122,mongodb://localhost:27123,mongodb://localhost:27124,mongodb://localhost:27125,mongodb://localhost:27126,mongodb://localhost:27127,mongodb://localhost:27128,mongodb://localhost:27129,mongodb://localhost:27130,mongodb://localhost:27131,mongodb://localhost:27132,mongodb://localhost:27133,mongodb://localhost:27134,mongodb://localhost:27135,mongodb://localhost:27136,mongodb://localhost:27137,mongodb://localhost:27138,mongodb://localhost:27139,mongodb://localhost:27140,mongodb://localhost:27141,mongodb://localhost:27142,mongodb://localhost:27143,mongodb://localhost:27144 --first_mode=false
mongodb://localhost:27017 mongodb://localhost:27018 mongodb://localhost:27019 mongodb://localhost:27020 mongodb://localhost:27021 mongodb://localhost:27022 mongodb://localhost:27023 mongodb://localhost:27024 mongodb://localhost:27025 mongodb://localhost:27026 mongodb://localhost:27027 mongodb://localhost:27028 mongodb://localhost:27029 mongodb://localhost:27030 mongodb://localhost:27031 mongodb://localhost:27032 mongodb://localhost:27033 mongodb://localhost:27034 mongodb://localhost:27035 mongodb://localhost:27036 mongodb://localhost:27037 mongodb://localhost:27038 mongodb://localhost:27039 mongodb://localhost:27040 mongodb://localhost:27041 mongodb://localhost:27042 mongodb://localhost:27043 mongodb://localhost:27044 mongodb://localhost:27045 mongodb://localhost:27046 mongodb://localhost:27047 mongodb://localhost:27048 mongodb://localhost:27049 mongodb://localhost:27050 mongodb://localhost:27051 mongodb://localhost:27052 mongodb://localhost:27053 mongodb://localhost:27054 mongodb://localhost:27055 mongodb://localhost:27056 mongodb://localhost:27057 mongodb://localhost:27058 mongodb://localhost:27059 mongodb://localhost:27060 mongodb://localhost:27061 mongodb://localhost:27062 mongodb://localhost:27063 mongodb://localhost:27064 mongodb://localhost:27065 mongodb://localhost:27066 mongodb://localhost:27067 mongodb://localhost:27068 mongodb://localhost:27069 mongodb://localhost:27070 mongodb://localhost:27071 mongodb://localhost:27072 mongodb://localhost:27073 mongodb://localhost:27074 mongodb://localhost:27075 mongodb://localhost:27076 mongodb://localhost:27077 mongodb://localhost:27078 mongodb://localhost:27079 mongodb://localhost:27080 mongodb://localhost:27081 mongodb://localhost:27082 mongodb://localhost:27083 mongodb://localhost:27084 mongodb://localhost:27085 mongodb://localhost:27086 mongodb://localhost:27087 mongodb://localhost:27088 mongodb://localhost:27089 mongodb://localhost:27090 mongodb://localhost:27091 mongodb://localhost:27092 mongodb://localhost:27093 mongodb://localhost:27094 mongodb://localhost:27095 mongodb://localhost:27096 mongodb://localhost:27097 mongodb://localhost:27098 mongodb://localhost:27099 mongodb://localhost:27100 mongodb://localhost:27101 mongodb://localhost:27102 mongodb://localhost:27103 mongodb://localhost:27104 mongodb://localhost:27105 mongodb://localhost:27106 mongodb://localhost:27107 mongodb://localhost:27108 mongodb://localhost:27109 mongodb://localhost:27110 mongodb://localhost:27111 mongodb://localhost:27112 mongodb://localhost:27113 mongodb://localhost:27114 mongodb://localhost:27115 mongodb://localhost:27116 mongodb://localhost:27117 mongodb://localhost:27118 mongodb://localhost:27119 mongodb://localhost:27120 mongodb://localhost:27121 mongodb://localhost:27122 mongodb://localhost:27123 mongodb://localhost:27124 mongodb://localhost:27125 mongodb://localhost:27126 mongodb://localhost:27127 mongodb://localhost:27128 mongodb://localhost:27129 mongodb://localhost:27130 mongodb://localhost:27131 mongodb://localhost:27132 mongodb://localhost:27133 mongodb://localhost:27134 mongodb://localhost:27135 mongodb://localhost:27136 mongodb://localhost:27137 mongodb://localhost:27138 mongodb://localhost:27139 mongodb://localhost:27140 mongodb://localhost:27141 mongodb://localhost:27142 mongodb://localhost:27143 mongodb://localhost:27144 reading workload files ...
load_filename : /mnt/nvme0/home/gxr/mongdb-run/workloads/ycsb/workloada-load-10000000-10000000.log.formated
read load file needs: 5013846476 s 
run_filename : /mnt/nvme0/home/gxr/mongdb-run/workloads/ycsb/workloada-run-10000000-10000000.log.formated
read run file needs: 5153104960 s 
num_of_load_ops is 10000000
num_of_run_ops is 10000000
0 1 2 3 4 5 6 7 8 9 10 11 12 13 14 15 128 129 130 131 132 133 134 135 136 137 138 139 140 141 142 143 16 17 18 19 20 21 22 23 24 25 26 27 28 29 30 31 144 145 146 147 148 149 150 151 152 153 154 155 156 157 158 159 32 33 34 35 36 37 38 39 40 41 42 43 44 45 46 47 160 161 162 163 164 165 166 167 168 169 170 171 172 173 174 175 48 49 50 51 52 53 54 55 56 57 58 59 60 61 62 63 176 177 178 179 180 181 182 183 184 185 186 187 188 189 190 191 URI: URI: mongodb://localhost:27020
mongodb://localhost:27023
URI: mongodb://localhost:27034
URI: mongodb://localhost:27033
URI: mongodb://localhost:27024
URI: mongodb://localhost:27026
URI: mongodb://localhost:27018
URI: mongodb://localhost:27017
URI: mongodb://localhost:27035
URI: mongodb://localhost:27032
URI: mongodb://localhost:27025
URI: mongodb://localhost:27030
URI: mongodb://localhost:27031
URI: mongodb://localhost:27019
URI: mongodb://localhost:27028
URI: mongodb://localhost:27022
URI: mongodb://localhost:27029
URI: mongodb://localhost:27027
URI: mongodb://localhost:27036
URI: mongodb://localhost:27037
URI: mongodb://localhost:27038
URI: mongodb://localhost:27039
URI: mongodb://localhost:27040
URI: mongodb://localhost:27042
URI: mongodb://localhost:27041
URI: mongodb://localhost:27043
URI: mongodb://localhost:27044
URI: mongodb://localhost:27021
Load workloads needs: 62056688823 ns 
[report] load_thread_ID : 16
[report] load_duration_ns : 62056688823
[report] load_duration_s : 62.056689
[report] load_throughput : 5755.092751
[report] load_average_latency_ns : 173759.145726
Load workloads needs: 62684938962 ns 
[report] load_thread_ID : 18
[report] load_duration_ns : 62684938962
[report] load_duration_s : 62.684939
[report] load_throughput : 5697.413221
[report] load_average_latency_ns : 175518.250337
Load workloads needs: 63052073590 ns 
[report] load_thread_ID : 20
[report] load_duration_ns : 63052073590
[report] load_duration_s : 63.052074
[report] load_throughput : 5664.238774
[report] load_average_latency_ns : 176546.229763
Load workloads needs: 63360933534 ns 
[report] load_thread_ID : 2
[report] load_duration_ns : 63360933534
[report] load_duration_s : 63.360934
[report] load_throughput : 5636.627810
[report] load_average_latency_ns : 177411.039682
Load workloads needs: 63705770883 ns 
[report] load_thread_ID : 4
[report] load_duration_ns : 63705770883
[report] load_duration_s : 63.705771
[report] load_throughput : 5606.116919
[report] load_average_latency_ns : 178376.586576
Load workloads needs: 63919470208 ns 
[report] load_thread_ID : 0
[report] load_duration_ns : 63919470208
[report] load_duration_s : 63.919470
[report] load_throughput : 5587.374220
[report] load_average_latency_ns : 178974.946122
Load workloads needs: 64099009015 ns 
[report] load_thread_ID : 6
[report] load_duration_ns : 64099009015
[report] load_duration_s : 64.099009
[report] load_throughput : 5571.724204
[report] load_average_latency_ns : 179477.655988
Load workloads needs: 64288441703 ns 
[report] load_thread_ID : 7
[report] load_duration_ns : 64288441703
[report] load_duration_s : 64.288442
[report] load_throughput : 5555.306530
[report] load_average_latency_ns : 180008.068788
Load workloads needs: 64401932014 ns 
[report] load_thread_ID : 25
[report] load_duration_ns : 64401932014
[report] load_duration_s : 64.401932
[report] load_throughput : 5545.516863
[report] load_average_latency_ns : 180325.842421
Load workloads needs: 64948415196 ns 
[report] load_thread_ID : 24
[report] load_duration_ns : 64948415196
[report] load_duration_s : 64.948415
[report] load_throughput : 5498.856268
[report] load_average_latency_ns : 181855.999003
Load workloads needs: 65265397830 ns 
[report] load_thread_ID : 22
[report] load_duration_ns : 65265397830
[report] load_duration_s : 65.265398
[report] load_throughput : 5472.149284
[report] load_average_latency_ns : 182743.552509
Load workloads needs: 65851712495 ns 
[report] load_thread_ID : 23
[report] load_duration_ns : 65851712495
[report] load_duration_s : 65.851712
[report] load_throughput : 5423.427675
[report] load_average_latency_ns : 184385.237511
Load workloads needs: 65873457993 ns 
[report] load_thread_ID : 27
[report] load_duration_ns : 65873457993
[report] load_duration_s : 65.873458
[report] load_throughput : 5421.637347
[report] load_average_latency_ns : 184446.125051
Load workloads needs: 66104407879 ns 
[report] load_thread_ID : 5
[report] load_duration_ns : 66104407879
[report] load_duration_s : 66.104408
[report] load_throughput : 5402.695697
[report] load_average_latency_ns : 185092.786284
Load workloads needs: 66165143100 ns 
[report] load_thread_ID : 17
[report] load_duration_ns : 66165143100
[report] load_duration_s : 66.165143
[report] load_throughput : 5397.736380
[report] load_average_latency_ns : 185262.845311
Load workloads needs: 66558609119 ns 
[report] load_thread_ID : 1
[report] load_duration_ns : 66558609119
[report] load_duration_s : 66.558609
[report] load_throughput : 5365.827272
[report] load_average_latency_ns : 186364.552808
Load workloads needs: 66700064762 ns 
[report] load_thread_ID : 21
[report] load_duration_ns : 66700064762
[report] load_duration_s : 66.700065
[report] load_throughput : 5354.447575
[report] load_average_latency_ns : 186760.629559
Load workloads needs: 66800641494 ns 
[report] load_thread_ID : 3
[report] load_duration_ns : 66800641494
[report] load_duration_s : 66.800641
[report] load_throughput : 5346.385783
[report] load_average_latency_ns : 187042.245085
Load workloads needs: 66876125681 ns 
[report] load_thread_ID : 19
[report] load_duration_ns : 66876125681
[report] load_duration_s : 66.876126
[report] load_throughput : 5340.351229
[report] load_average_latency_ns : 187253.601315
Load workloads needs: 68055198844 ns 
[report] load_thread_ID : 26
[report] load_duration_ns : 68055198844
[report] load_duration_s : 68.055199
[report] load_throughput : 5247.828323
[report] load_average_latency_ns : 190555.014095
Load workloads needs: 68776145790 ns 
[report] load_thread_ID : 10
[report] load_duration_ns : 68776145790
[report] load_duration_s : 68.776146
[report] load_throughput : 5192.817886
[report] load_average_latency_ns : 192573.670389
Load workloads needs: 69807388771 ns 
[report] load_thread_ID : 15
[report] load_duration_ns : 69807388771
[report] load_duration_s : 69.807389
[report] load_throughput : 5116.105992
[report] load_average_latency_ns : 195461.157666
Load workloads needs: 69925483075 ns 
[report] load_thread_ID : 9
[report] load_duration_ns : 69925483075
[report] load_duration_s : 69.925483
[report] load_throughput : 5107.465609
[report] load_average_latency_ns : 195791.822510
Load workloads needs: 70320675797 ns 
[report] load_thread_ID : 11
[report] load_duration_ns : 70320675797
[report] load_duration_s : 70.320676
[report] load_throughput : 5078.762341
[report] load_average_latency_ns : 196898.364788
Load workloads needs: 70464573166 ns 
[report] load_thread_ID : 8
[report] load_duration_ns : 70464573166
[report] load_duration_s : 70.464573
[report] load_throughput : 5068.390880
[report] load_average_latency_ns : 197301.278388
Load workloads needs: 71787474313 ns 
[report] load_thread_ID : 14
[report] load_duration_ns : 71787474313
[report] load_duration_s : 71.787474
[report] load_throughput : 4974.990462
[report] load_average_latency_ns : 201005.410489
Load workloads needs: 72555592964 ns 
[report] load_thread_ID : 13
[report] load_duration_ns : 72555592964
[report] load_duration_s : 72.555593
[report] load_throughput : 4922.322118
[report] load_average_latency_ns : 203156.147874
Load workloads needs: 72765305067 ns 
[report] load_thread_ID : 12
[report] load_duration_ns : 72765305067
[report] load_duration_s : 72.765305
[report] load_throughput : 4908.135817
[report] load_average_latency_ns : 203743.343172
All clients run done needs: 72764498167 ns 
[report] load_overall_duration_ns : 72764498167
[report] load_overall_duration_s : 72.764498
[report] load_overall_throughput : 137429.656658
[report] load_overall_average_latency_ns : 7276.449817
