numactl --membind=4 /mnt/nvme0/home/gxr/mongdb-run/test_mongodb/build//run_client --num_threads=5 --core_binding=0,1,2,3,4,5,6,7,8,9,10,11,12,13,14,15,128,129,130,131,132,133,134,135,136,137,138,139,140,141,142,143 --str_key_size=16 --str_key_size=16 --load_file=/mnt/nvme0/home/gxr/mongdb-run/workloads/ycsb/workloada-load-10000000-10000000.log.formated --run_file=/mnt/nvme0/home/gxr/mongdb-run/workloads/ycsb/workloada-run-10000000-10000000.log.formated --URI_set=mongodb://localhost:27017,mongodb://localhost:27018,mongodb://localhost:27019,mongodb://localhost:27020,mongodb://localhost:27021,mongodb://localhost:27022,mongodb://localhost:27023,mongodb://localhost:27024,mongodb://localhost:27025,mongodb://localhost:27026,mongodb://localhost:27027,mongodb://localhost:27028,mongodb://localhost:27029,mongodb://localhost:27030,mongodb://localhost:27031,mongodb://localhost:27032,mongodb://localhost:27033,mongodb://localhost:27034,mongodb://localhost:27035,mongodb://localhost:27036,mongodb://localhost:27037,mongodb://localhost:27038,mongodb://localhost:27039,mongodb://localhost:27040,mongodb://localhost:27041,mongodb://localhost:27042,mongodb://localhost:27043,mongodb://localhost:27044,mongodb://localhost:27045,mongodb://localhost:27046 --first_mode=true
mongodb://localhost:27017 mongodb://localhost:27018 mongodb://localhost:27019 mongodb://localhost:27020 mongodb://localhost:27021 mongodb://localhost:27022 mongodb://localhost:27023 mongodb://localhost:27024 mongodb://localhost:27025 mongodb://localhost:27026 mongodb://localhost:27027 mongodb://localhost:27028 mongodb://localhost:27029 mongodb://localhost:27030 mongodb://localhost:27031 mongodb://localhost:27032 mongodb://localhost:27033 mongodb://localhost:27034 mongodb://localhost:27035 mongodb://localhost:27036 mongodb://localhost:27037 mongodb://localhost:27038 mongodb://localhost:27039 mongodb://localhost:27040 mongodb://localhost:27041 mongodb://localhost:27042 mongodb://localhost:27043 mongodb://localhost:27044 mongodb://localhost:27045 mongodb://localhost:27046 reading workload files ...
load_filename : /mnt/nvme0/home/gxr/mongdb-run/workloads/ycsb/workloada-load-10000000-10000000.log.formated
read load file needs: 5009609098 s 
run_filename : /mnt/nvme0/home/gxr/mongdb-run/workloads/ycsb/workloada-run-10000000-10000000.log.formated
read run file needs: 5139317126 s 
num_of_load_ops is 10000000
num_of_run_ops is 10000000
0 1 2 3 4 5 6 7 8 9 10 11 12 13 14 15 128 129 130 131 132 133 134 135 136 137 138 139 140 141 142 143 URI: mongodb://localhost:27017
URI: mongodb://localhost:27017
URI: mongodb://localhost:27017
URI: mongodb://localhost:27017
URI: mongodb://localhost:27017
Load workloads needs: 297907992668 ns 
[report] load_thread_ID : 1
[report] load_duration_ns : 297907992668
[report] load_duration_s : 297.907993
[report] load_throughput : 6713.482180
[report] load_average_latency_ns : 148953.996334
Load workloads needs: 298887296361 ns 
[report] load_thread_ID : 2
[report] load_duration_ns : 298887296361
[report] load_duration_s : 298.887296
[report] load_throughput : 6691.485467
[report] load_average_latency_ns : 149443.648180
Load workloads needs: 299512191599 ns 
[report] load_thread_ID : 3
[report] load_duration_ns : 299512191599
[report] load_duration_s : 299.512192
[report] load_throughput : 6677.524509
[report] load_average_latency_ns : 149756.095800
Load workloads needs: 299707985692 ns 
[report] load_thread_ID : 4
[report] load_duration_ns : 299707985692
[report] load_duration_s : 299.707986
[report] load_throughput : 6673.162196
[report] load_average_latency_ns : 149853.992846
Load workloads needs: 299869166164 ns 
[report] load_thread_ID : 0
[report] load_duration_ns : 299869166164
[report] load_duration_s : 299.869166
[report] load_throughput : 6669.575354
[report] load_average_latency_ns : 149934.583082
All clients run done needs: 299870296960 ns 
[report] load_overall_duration_ns : 299870296960
[report] load_overall_duration_s : 299.870297
[report] load_overall_throughput : 33347.751016
[report] load_overall_average_latency_ns : 29987.029696
