numactl --membind=4 /mnt/nvme0/home/gxr/mongdb-run/test_mongodb/build//run_client --num_threads=25 --core_binding=0,1,2,3,4,5,6,7,8,9,10,11,12,13,14,15,128,129,130,131,132,133,134,135,136,137,138,139,140,141,142,143 --str_key_size=16 --str_key_size=256 --load_file=/mnt/nvme0/home/gxr/mongdb-run/workloads/ycsb/workloada-load-10000000-10000000.log.formated --run_file=/mnt/nvme0/home/gxr/mongdb-run/workloads/ycsb/workloada-run-10000000-10000000.log.formated --URI_set=mongodb://localhost:27017,mongodb://localhost:27018,mongodb://localhost:27019,mongodb://localhost:27020,mongodb://localhost:27021,mongodb://localhost:27022,mongodb://localhost:27023,mongodb://localhost:27024,mongodb://localhost:27025,mongodb://localhost:27026,mongodb://localhost:27027,mongodb://localhost:27028,mongodb://localhost:27029,mongodb://localhost:27030,mongodb://localhost:27031,mongodb://localhost:27032,mongodb://localhost:27033,mongodb://localhost:27034,mongodb://localhost:27035,mongodb://localhost:27036,mongodb://localhost:27037,mongodb://localhost:27038,mongodb://localhost:27039,mongodb://localhost:27040,mongodb://localhost:27041,mongodb://localhost:27042,mongodb://localhost:27043,mongodb://localhost:27044,mongodb://localhost:27045,mongodb://localhost:27046 --first_mode=true
mongodb://localhost:27017 mongodb://localhost:27018 mongodb://localhost:27019 mongodb://localhost:27020 mongodb://localhost:27021 mongodb://localhost:27022 mongodb://localhost:27023 mongodb://localhost:27024 mongodb://localhost:27025 mongodb://localhost:27026 mongodb://localhost:27027 mongodb://localhost:27028 mongodb://localhost:27029 mongodb://localhost:27030 mongodb://localhost:27031 mongodb://localhost:27032 mongodb://localhost:27033 mongodb://localhost:27034 mongodb://localhost:27035 mongodb://localhost:27036 mongodb://localhost:27037 mongodb://localhost:27038 mongodb://localhost:27039 mongodb://localhost:27040 mongodb://localhost:27041 mongodb://localhost:27042 mongodb://localhost:27043 mongodb://localhost:27044 mongodb://localhost:27045 mongodb://localhost:27046 reading workload files ...
load_filename : /mnt/nvme0/home/gxr/mongdb-run/workloads/ycsb/workloada-load-10000000-10000000.log.formated
read load file needs: 5027810761 s 
run_filename : /mnt/nvme0/home/gxr/mongdb-run/workloads/ycsb/workloada-run-10000000-10000000.log.formated
read run file needs: 5041566079 s 
num_of_load_ops is 10000000
num_of_run_ops is 10000000
0 1 2 3 4 5 6 7 8 9 10 11 12 13 14 15 128 129 130 131 132 133 134 135 136 137 138 139 140 141 142 143 URI: mongodb://localhost:27017
URI: mongodb://localhost:27017
URI: mongodb://localhost:27017
URI: mongodb://localhost:27017
URI: mongodb://localhost:27017
URI: mongodb://localhost:27017
URI: mongodb://localhost:27017
URI: mongodb://localhost:27017
URI: mongodb://localhost:27017
URI: mongodb://localhost:27017
URI: mongodb://localhost:27017
URI: mongodb://localhost:27017
URI: mongodb://localhost:27017
URI: mongodb://localhost:27017
URI: URI: URI: URI: URI: URI: URI: mongodb://localhost:27017mongodb://localhost:27017
mongodb://localhost:27017URI: mongodb://localhost:27017mongodb://localhost:27017
mongodb://localhost:27017
mongodb://localhost:27017URI: 
mongodb://localhost:27017mongodb://localhost:27017



URI: mongodb://localhost:27017

URI: mongodb://localhost:27017
Load workloads needs: 70327721191 ns 
[report] load_thread_ID : 24
[report] load_duration_ns : 70327721191
[report] load_duration_s : 70.327721
[report] load_throughput : 5687.657630
[report] load_average_latency_ns : 175819.302977
Load workloads needs: 76093821538 ns 
[report] load_thread_ID : 8
[report] load_duration_ns : 76093821538
[report] load_duration_s : 76.093822
[report] load_throughput : 5256.668569
[report] load_average_latency_ns : 190234.553845
Load workloads needs: 78552497642 ns 
[report] load_thread_ID : 13
[report] load_duration_ns : 78552497642
[report] load_duration_s : 78.552498
[report] load_throughput : 5092.135986
[report] load_average_latency_ns : 196381.244105
Load workloads needs: 78982878353 ns 
[report] load_thread_ID : 15
[report] load_duration_ns : 78982878353
[report] load_duration_s : 78.982878
[report] load_throughput : 5064.388743
[report] load_average_latency_ns : 197457.195883
Load workloads needs: 80234594444 ns 
[report] load_thread_ID : 14
[report] load_duration_ns : 80234594444
[report] load_duration_s : 80.234594
[report] load_throughput : 4985.380717
[report] load_average_latency_ns : 200586.486110
Load workloads needs: 80359069527 ns 
[report] load_thread_ID : 12
[report] load_duration_ns : 80359069527
[report] load_duration_s : 80.359070
[report] load_throughput : 4977.658432
[report] load_average_latency_ns : 200897.673818
Load workloads needs: 80554667842 ns 
[report] load_thread_ID : 9
[report] load_duration_ns : 80554667842
[report] load_duration_s : 80.554668
[report] load_throughput : 4965.571961
[report] load_average_latency_ns : 201386.669605
Load workloads needs: 80682113502 ns 
[report] load_thread_ID : 11
[report] load_duration_ns : 80682113502
[report] load_duration_s : 80.682114
[report] load_throughput : 4957.728332
[report] load_average_latency_ns : 201705.283755
Load workloads needs: 80914334168 ns 
[report] load_thread_ID : 10
[report] load_duration_ns : 80914334168
[report] load_duration_s : 80.914334
[report] load_throughput : 4943.499865
[report] load_average_latency_ns : 202285.835420
Load workloads needs: 85564618135 ns 
[report] load_thread_ID : 20
[report] load_duration_ns : 85564618135
[report] load_duration_s : 85.564618
[report] load_throughput : 4674.829488
[report] load_average_latency_ns : 213911.545337
Load workloads needs: 85843374934 ns 
[report] load_thread_ID : 16
[report] load_duration_ns : 85843374934
[report] load_duration_s : 85.843375
[report] load_throughput : 4659.649045
[report] load_average_latency_ns : 214608.437335
Load workloads needs: 86247801161 ns 
[report] load_thread_ID : 4
[report] load_duration_ns : 86247801161
[report] load_duration_s : 86.247801
[report] load_throughput : 4637.799394
[report] load_average_latency_ns : 215619.502903
Load workloads needs: 86381755301 ns 
[report] load_thread_ID : 21
[report] load_duration_ns : 86381755301
[report] load_duration_s : 86.381755
[report] load_throughput : 4630.607454
[report] load_average_latency_ns : 215954.388253
Load workloads needs: 86472606449 ns 
[report] load_thread_ID : 18
[report] load_duration_ns : 86472606449
[report] load_duration_s : 86.472606
[report] load_throughput : 4625.742376
[report] load_average_latency_ns : 216181.516123
Load workloads needs: 86552620079 ns 
[report] load_thread_ID : 17
[report] load_duration_ns : 86552620079
[report] load_duration_s : 86.552620
[report] load_throughput : 4621.466105
[report] load_average_latency_ns : 216381.550198
Load workloads needs: 86715685996 ns 
[report] load_thread_ID : 5
[report] load_duration_ns : 86715685996
[report] load_duration_s : 86.715686
[report] load_throughput : 4612.775594
[report] load_average_latency_ns : 216789.214990
Load workloads needs: 86724646496 ns 
[report] load_thread_ID : 22
[report] load_duration_ns : 86724646496
[report] load_duration_s : 86.724646
[report] load_throughput : 4612.298996
[report] load_average_latency_ns : 216811.616240
Load workloads needs: 86729789450 ns 
[report] load_thread_ID : 19
[report] load_duration_ns : 86729789450
[report] load_duration_s : 86.729789
[report] load_throughput : 4612.025494
[report] load_average_latency_ns : 216824.473625
Load workloads needs: 86967615713 ns 
[report] load_thread_ID : 23
[report] load_duration_ns : 86967615713
[report] load_duration_s : 86.967616
[report] load_throughput : 4599.413204
[report] load_average_latency_ns : 217419.039282
Load workloads needs: 87041981109 ns 
[report] load_thread_ID : 6
[report] load_duration_ns : 87041981109
[report] load_duration_s : 87.041981
[report] load_throughput : 4595.483638
[report] load_average_latency_ns : 217604.952772
Load workloads needs: 87117366605 ns 
[report] load_thread_ID : 3
[report] load_duration_ns : 87117366605
[report] load_duration_s : 87.117367
[report] load_throughput : 4591.507016
[report] load_average_latency_ns : 217793.416512
Load workloads needs: 87234292424 ns 
[report] load_thread_ID : 7
[report] load_duration_ns : 87234292424
[report] load_duration_s : 87.234292
[report] load_throughput : 4585.352719
[report] load_average_latency_ns : 218085.731060
Load workloads needs: 87337970317 ns 
[report] load_thread_ID : 1
[report] load_duration_ns : 87337970317
[report] load_duration_s : 87.337970
[report] load_throughput : 4579.909500
[report] load_average_latency_ns : 218344.925792
Load workloads needs: 87403010424 ns 
[report] load_thread_ID : 2
[report] load_duration_ns : 87403010424
[report] load_duration_s : 87.403010
[report] load_throughput : 4576.501405
[report] load_average_latency_ns : 218507.526060
Load workloads needs: 87776525653 ns 
[report] load_thread_ID : 0
[report] load_duration_ns : 87776525653
[report] load_duration_s : 87.776526
[report] load_throughput : 4557.027030
[report] load_average_latency_ns : 219441.314133
All clients run done needs: 87775993013 ns 
[report] load_overall_duration_ns : 87775993013
[report] load_overall_duration_s : 87.775993
[report] load_overall_throughput : 113926.367071
[report] load_overall_average_latency_ns : 8777.599301
