numactl --membind=4 /mnt/nvme0/home/gxr/mongdb-run/test_mongodb/build//run_client --num_threads=5 --core_binding=0,1,2,3,4,5,6,7,8,9,10,11,12,13,14,15,128,129,130,131,132,133,134,135,136,137,138,139,140,141,142,143 --str_key_size=16 --str_key_size=1024 --load_file=/mnt/nvme0/home/gxr/mongdb-run/workloads/ycsb/workloada-load-10000000-10000000.log.formated --run_file=/mnt/nvme0/home/gxr/mongdb-run/workloads/ycsb/workloada-run-10000000-10000000.log.formated --URI_set=mongodb://localhost:27017,mongodb://localhost:27018,mongodb://localhost:27019,mongodb://localhost:27020,mongodb://localhost:27021,mongodb://localhost:27022,mongodb://localhost:27023,mongodb://localhost:27024,mongodb://localhost:27025,mongodb://localhost:27026,mongodb://localhost:27027,mongodb://localhost:27028,mongodb://localhost:27029,mongodb://localhost:27030,mongodb://localhost:27031,mongodb://localhost:27032,mongodb://localhost:27033,mongodb://localhost:27034,mongodb://localhost:27035,mongodb://localhost:27036,mongodb://localhost:27037,mongodb://localhost:27038,mongodb://localhost:27039,mongodb://localhost:27040,mongodb://localhost:27041,mongodb://localhost:27042,mongodb://localhost:27043,mongodb://localhost:27044,mongodb://localhost:27045,mongodb://localhost:27046 --first_mode=true
mongodb://localhost:27017 mongodb://localhost:27018 mongodb://localhost:27019 mongodb://localhost:27020 mongodb://localhost:27021 mongodb://localhost:27022 mongodb://localhost:27023 mongodb://localhost:27024 mongodb://localhost:27025 mongodb://localhost:27026 mongodb://localhost:27027 mongodb://localhost:27028 mongodb://localhost:27029 mongodb://localhost:27030 mongodb://localhost:27031 mongodb://localhost:27032 mongodb://localhost:27033 mongodb://localhost:27034 mongodb://localhost:27035 mongodb://localhost:27036 mongodb://localhost:27037 mongodb://localhost:27038 mongodb://localhost:27039 mongodb://localhost:27040 mongodb://localhost:27041 mongodb://localhost:27042 mongodb://localhost:27043 mongodb://localhost:27044 mongodb://localhost:27045 mongodb://localhost:27046 reading workload files ...
load_filename : /mnt/nvme0/home/gxr/mongdb-run/workloads/ycsb/workloada-load-10000000-10000000.log.formated
read load file needs: 5149013734 s 
run_filename : /mnt/nvme0/home/gxr/mongdb-run/workloads/ycsb/workloada-run-10000000-10000000.log.formated
read run file needs: 5124092924 s 
num_of_load_ops is 10000000
num_of_run_ops is 10000000
0 1 2 3 4 5 6 7 8 9 10 11 12 13 14 15 128 129 130 131 132 133 134 135 136 137 138 139 140 141 142 143 URI: mongodb://localhost:27017
URI: mongodb://localhost:27017
URI: mongodb://localhost:27017
URI: mongodb://localhost:27017
URI: mongodb://localhost:27017
Load workloads needs: 296515570223 ns 
[report] load_thread_ID : 3
[report] load_duration_ns : 296515570223
[report] load_duration_s : 296.515570
[report] load_throughput : 6745.008360
[report] load_average_latency_ns : 148257.785112
Load workloads needs: 296903362129 ns 
[report] load_thread_ID : 2
[report] load_duration_ns : 296903362129
[report] load_duration_s : 296.903362
[report] load_throughput : 6736.198559
[report] load_average_latency_ns : 148451.681065
Load workloads needs: 297244016172 ns 
[report] load_thread_ID : 1
[report] load_duration_ns : 297244016172
[report] load_duration_s : 297.244016
[report] load_throughput : 6728.478594
[report] load_average_latency_ns : 148622.008086
Load workloads needs: 297422654845 ns 
[report] load_thread_ID : 0
[report] load_duration_ns : 297422654845
[report] load_duration_s : 297.422655
[report] load_throughput : 6724.437320
[report] load_average_latency_ns : 148711.327423
Load workloads needs: 297874990588 ns 
[report] load_thread_ID : 4
[report] load_duration_ns : 297874990588
[report] load_duration_s : 297.874991
[report] load_throughput : 6714.225978
[report] load_average_latency_ns : 148937.495294
All clients run done needs: 297876097595 ns 
[report] load_overall_duration_ns : 297876097595
[report] load_overall_duration_s : 297.876098
[report] load_overall_throughput : 33571.005128
[report] load_overall_average_latency_ns : 29787.609759
