numactl --membind=4 /mnt/nvme0/home/gxr/mongdb-run/test_mongodb/build//run_client --num_threads=30 --core_binding=0,1,2,3,4,5,6,7,8,9,10,11,12,13,14,15,128,129,130,131,132,133,134,135,136,137,138,139,140,141,142,143 --str_key_size=16 --str_key_size=256 --load_file=/mnt/nvme0/home/gxr/mongdb-run/workloads/ycsb/workloada-load-10000000-10000000.log.formated --run_file=/mnt/nvme0/home/gxr/mongdb-run/workloads/ycsb/workloada-run-10000000-10000000.log.formated --URI_set=mongodb://localhost:27017,mongodb://localhost:27018,mongodb://localhost:27019,mongodb://localhost:27020,mongodb://localhost:27021,mongodb://localhost:27022,mongodb://localhost:27023,mongodb://localhost:27024,mongodb://localhost:27025,mongodb://localhost:27026,mongodb://localhost:27027,mongodb://localhost:27028,mongodb://localhost:27029,mongodb://localhost:27030,mongodb://localhost:27031,mongodb://localhost:27032,mongodb://localhost:27033,mongodb://localhost:27034,mongodb://localhost:27035,mongodb://localhost:27036,mongodb://localhost:27037,mongodb://localhost:27038,mongodb://localhost:27039,mongodb://localhost:27040,mongodb://localhost:27041,mongodb://localhost:27042,mongodb://localhost:27043,mongodb://localhost:27044,mongodb://localhost:27045,mongodb://localhost:27046 --first_mode=true
mongodb://localhost:27017 mongodb://localhost:27018 mongodb://localhost:27019 mongodb://localhost:27020 mongodb://localhost:27021 mongodb://localhost:27022 mongodb://localhost:27023 mongodb://localhost:27024 mongodb://localhost:27025 mongodb://localhost:27026 mongodb://localhost:27027 mongodb://localhost:27028 mongodb://localhost:27029 mongodb://localhost:27030 mongodb://localhost:27031 mongodb://localhost:27032 mongodb://localhost:27033 mongodb://localhost:27034 mongodb://localhost:27035 mongodb://localhost:27036 mongodb://localhost:27037 mongodb://localhost:27038 mongodb://localhost:27039 mongodb://localhost:27040 mongodb://localhost:27041 mongodb://localhost:27042 mongodb://localhost:27043 mongodb://localhost:27044 mongodb://localhost:27045 mongodb://localhost:27046 reading workload files ...
load_filename : /mnt/nvme0/home/gxr/mongdb-run/workloads/ycsb/workloada-load-10000000-10000000.log.formated
read load file needs: 5238128574 s 
run_filename : /mnt/nvme0/home/gxr/mongdb-run/workloads/ycsb/workloada-run-10000000-10000000.log.formated
read run file needs: 5101420615 s 
num_of_load_ops is 10000000
num_of_run_ops is 10000000
0 1 2 3 4 5 6 7 8 9 10 11 12 13 14 15 128 129 130 131 132 133 134 135 136 137 138 139 140 141 142 143 URI: URI: mongodb://localhost:27017
URI: URI: mongodb://localhost:27017mongodb://localhost:27017
mongodb://localhost:27017
URI: mongodb://localhost:27017

URI: mongodb://localhost:27017
URI: mongodb://localhost:27017
URI: mongodb://localhost:27017
URI: mongodb://localhost:27017
URI: mongodb://localhost:27017
URI: mongodb://localhost:27017
URI: mongodb://localhost:27017
URI: mongodb://localhost:27017
URI: mongodb://localhost:27017
URI: mongodb://localhost:27017
URI: mongodb://localhost:27017
URI: mongodb://localhost:27017
URI: mongodb://localhost:27017
URI: mongodb://localhost:27017
URI: mongodb://localhost:27017
URI: mongodb://localhost:27017
URI: mongodb://localhost:27017
URI: mongodb://localhost:27017
URI: mongodb://localhost:27017
URI: mongodb://localhost:27017
URI: mongodb://localhost:27017
URI: mongodb://localhost:27017
URI: mongodb://localhost:27017
URI: mongodb://localhost:27017
URI: mongodb://localhost:27017
Load workloads needs: 68480312415 ns 
[report] load_thread_ID : 15
[report] load_duration_ns : 68480312415
[report] load_duration_s : 68.480312
[report] load_throughput : 4867.574172
[report] load_average_latency_ns : 205441.142686
Load workloads needs: 69149034033 ns 
[report] load_thread_ID : 14
[report] load_duration_ns : 69149034033
[report] load_duration_s : 69.149034
[report] load_throughput : 4820.501178
[report] load_average_latency_ns : 207447.309546
Load workloads needs: 74487645448 ns 
[report] load_thread_ID : 27
[report] load_duration_ns : 74487645448
[report] load_duration_s : 74.487645
[report] load_throughput : 4475.010560
[report] load_average_latency_ns : 223463.159807
Load workloads needs: 74598972892 ns 
[report] load_thread_ID : 29
[report] load_duration_ns : 74598972892
[report] load_duration_s : 74.598973
[report] load_throughput : 4468.332298
[report] load_average_latency_ns : 223797.142473
Load workloads needs: 74719218055 ns 
[report] load_thread_ID : 28
[report] load_duration_ns : 74719218055
[report] load_duration_s : 74.719218
[report] load_throughput : 4461.141440
[report] load_average_latency_ns : 224157.878323
Load workloads needs: 74992955935 ns 
[report] load_thread_ID : 25
[report] load_duration_ns : 74992955935
[report] load_duration_s : 74.992956
[report] load_throughput : 4444.857465
[report] load_average_latency_ns : 224979.092784
Load workloads needs: 75247007060 ns 
[report] load_thread_ID : 26
[report] load_duration_ns : 75247007060
[report] load_duration_s : 75.247007
[report] load_throughput : 4429.850608
[report] load_average_latency_ns : 225741.246921
Load workloads needs: 75456777897 ns 
[report] load_thread_ID : 13
[report] load_duration_ns : 75456777897
[report] load_duration_s : 75.456778
[report] load_throughput : 4417.535565
[report] load_average_latency_ns : 226370.560062
Load workloads needs: 75496396375 ns 
[report] load_thread_ID : 24
[report] load_duration_ns : 75496396375
[report] load_duration_s : 75.496396
[report] load_throughput : 4415.217361
[report] load_average_latency_ns : 226489.415614
Load workloads needs: 76139703813 ns 
[report] load_thread_ID : 11
[report] load_duration_ns : 76139703813
[report] load_duration_s : 76.139704
[report] load_throughput : 4377.913011
[report] load_average_latency_ns : 228419.339858
Load workloads needs: 77133705972 ns 
[report] load_thread_ID : 12
[report] load_duration_ns : 77133705972
[report] load_duration_s : 77.133706
[report] load_throughput : 4321.495976
[report] load_average_latency_ns : 231401.349317
Load workloads needs: 77388717943 ns 
[report] load_thread_ID : 21
[report] load_duration_ns : 77388717943
[report] load_duration_s : 77.388718
[report] load_throughput : 4307.255746
[report] load_average_latency_ns : 232166.385995
Load workloads needs: 77489532341 ns 
[report] load_thread_ID : 22
[report] load_duration_ns : 77489532341
[report] load_duration_s : 77.489532
[report] load_throughput : 4301.651977
[report] load_average_latency_ns : 232468.829492
Load workloads needs: 77570452574 ns 
[report] load_thread_ID : 18
[report] load_duration_ns : 77570452574
[report] load_duration_s : 77.570453
[report] load_throughput : 4297.164564
[report] load_average_latency_ns : 232711.590434
Load workloads needs: 77644662513 ns 
[report] load_thread_ID : 10
[report] load_duration_ns : 77644662513
[report] load_duration_s : 77.644663
[report] load_throughput : 4293.057491
[report] load_average_latency_ns : 232934.220473
Load workloads needs: 77687132075 ns 
[report] load_thread_ID : 9
[report] load_duration_ns : 77687132075
[report] load_duration_s : 77.687132
[report] load_throughput : 4290.710586
[report] load_average_latency_ns : 233061.629287
Load workloads needs: 77882470555 ns 
[report] load_thread_ID : 16
[report] load_duration_ns : 77882470555
[report] load_duration_s : 77.882471
[report] load_throughput : 4279.948975
[report] load_average_latency_ns : 233647.645313
Load workloads needs: 78038803584 ns 
[report] load_thread_ID : 20
[report] load_duration_ns : 78038803584
[report] load_duration_s : 78.038804
[report] load_throughput : 4271.375068
[report] load_average_latency_ns : 234116.644869
Load workloads needs: 78061402522 ns 
[report] load_thread_ID : 8
[report] load_duration_ns : 78061402522
[report] load_duration_s : 78.061403
[report] load_throughput : 4270.138497
[report] load_average_latency_ns : 234184.441750
Load workloads needs: 78114920378 ns 
[report] load_thread_ID : 19
[report] load_duration_ns : 78114920378
[report] load_duration_s : 78.114920
[report] load_throughput : 4267.212952
[report] load_average_latency_ns : 234344.995479
Load workloads needs: 78875760041 ns 
[report] load_thread_ID : 23
[report] load_duration_ns : 78875760041
[report] load_duration_s : 78.875760
[report] load_throughput : 4226.051195
[report] load_average_latency_ns : 236627.516751
Load workloads needs: 78920011720 ns 
[report] load_thread_ID : 6
[report] load_duration_ns : 78920011720
[report] load_duration_s : 78.920012
[report] load_throughput : 4223.681583
[report] load_average_latency_ns : 236760.271920
Load workloads needs: 79013383144 ns 
[report] load_thread_ID : 17
[report] load_duration_ns : 79013383144
[report] load_duration_s : 79.013383
[report] load_throughput : 4218.690388
[report] load_average_latency_ns : 237040.386472
Load workloads needs: 79128178719 ns 
[report] load_thread_ID : 5
[report] load_duration_ns : 79128178719
[report] load_duration_s : 79.128179
[report] load_throughput : 4212.570103
[report] load_average_latency_ns : 237384.773542
Load workloads needs: 79433354244 ns 
[report] load_thread_ID : 3
[report] load_duration_ns : 79433354244
[report] load_duration_s : 79.433354
[report] load_throughput : 4196.385803
[report] load_average_latency_ns : 238300.301032
Load workloads needs: 79728351572 ns 
[report] load_thread_ID : 7
[report] load_duration_ns : 79728351572
[report] load_duration_s : 79.728352
[report] load_throughput : 4180.859047
[report] load_average_latency_ns : 239185.293901
Load workloads needs: 79813443786 ns 
[report] load_thread_ID : 4
[report] load_duration_ns : 79813443786
[report] load_duration_s : 79.813444
[report] load_throughput : 4176.401671
[report] load_average_latency_ns : 239440.570799
Load workloads needs: 80118759520 ns 
[report] load_thread_ID : 2
[report] load_duration_ns : 80118759520
[report] load_duration_s : 80.118760
[report] load_throughput : 4160.486283
[report] load_average_latency_ns : 240356.518917
Load workloads needs: 80625320609 ns 
[report] load_thread_ID : 1
[report] load_duration_ns : 80625320609
[report] load_duration_s : 80.625321
[report] load_throughput : 4134.346350
[report] load_average_latency_ns : 241876.203703
Load workloads needs: 81030946141 ns 
[report] load_thread_ID : 0
[report] load_duration_ns : 81030946141
[report] load_duration_s : 81.030946
[report] load_throughput : 4113.650597
[report] load_average_latency_ns : 243093.081516
All clients run done needs: 81029442044 ns 
[report] load_overall_duration_ns : 81029442044
[report] load_overall_duration_s : 81.029442
[report] load_overall_throughput : 123411.932105
[report] load_overall_average_latency_ns : 8102.944204
