numactl --membind=2 /home/gxr/mongodb-run/test_mongodb/build//run_client --num_threads=24 --core_binding=0,1,2,3,4,5,6,7,8,9,10,11,24,25,26,27,28,29,30,31,32,33,34,35 --str_key_size=16 --str_key_size=1024 --load_file=/home/gxr/mongodb-run/workloads/ycsb/workloada-load-10000000-10000000.log.formated --run_file=/home/gxr/mongodb-run/workloads/ycsb/workloada-run-10000000-10000000.log.formated --URI_set=mongodb://localhost:27017,mongodb://localhost:27018,mongodb://localhost:27019,mongodb://localhost:27020,mongodb://localhost:27021,mongodb://localhost:27022,mongodb://localhost:27023,mongodb://localhost:27024,mongodb://localhost:27025,mongodb://localhost:27026,mongodb://localhost:27027,mongodb://localhost:27028,mongodb://localhost:27029,mongodb://localhost:27030,mongodb://localhost:27031,mongodb://localhost:27032,mongodb://localhost:27033,mongodb://localhost:27034,mongodb://localhost:27035,mongodb://localhost:27036,mongodb://localhost:27037,mongodb://localhost:27038,mongodb://localhost:27039,mongodb://localhost:27040,mongodb://localhost:27041,mongodb://localhost:27042,mongodb://localhost:27043,mongodb://localhost:27044,mongodb://localhost:27045,mongodb://localhost:27046 --first_mode=true
mongodb://localhost:27017 mongodb://localhost:27018 mongodb://localhost:27019 mongodb://localhost:27020 mongodb://localhost:27021 mongodb://localhost:27022 mongodb://localhost:27023 mongodb://localhost:27024 mongodb://localhost:27025 mongodb://localhost:27026 mongodb://localhost:27027 mongodb://localhost:27028 mongodb://localhost:27029 mongodb://localhost:27030 mongodb://localhost:27031 mongodb://localhost:27032 mongodb://localhost:27033 mongodb://localhost:27034 mongodb://localhost:27035 mongodb://localhost:27036 mongodb://localhost:27037 mongodb://localhost:27038 mongodb://localhost:27039 mongodb://localhost:27040 mongodb://localhost:27041 mongodb://localhost:27042 mongodb://localhost:27043 mongodb://localhost:27044 mongodb://localhost:27045 mongodb://localhost:27046 reading workload files ...
load_filename : /home/gxr/mongodb-run/workloads/ycsb/workloada-load-10000000-10000000.log.formated
read load file needs: 1287181935 s 
run_filename : /home/gxr/mongodb-run/workloads/ycsb/workloada-run-10000000-10000000.log.formated
read run file needs: 1320328866 s 
num_of_load_ops is 1862736
num_of_run_ops is 1934501
0 1 2 3 4 5 6 7 8 9 10 11 24 25 26 27 28 29 30 31 32 33 34 35 URI: URI: URI: URI: URI: mongodb://localhost:27017mongodb://localhost:27017

URI: mongodb://localhost:27017
URI: mongodb://localhost:27017
URI: mongodb://localhost:27017
URI: mongodb://localhost:27017
URI: mongodb://localhost:27017
URI: mongodb://localhost:27017
mongodb://localhost:27017
mongodb://localhost:27017
URI: mongodb://localhost:27017
URI: mongodb://localhost:27017
URI: mongodb://localhost:27017
mongodb://localhost:27017
URI: mongodb://localhost:27017
URI: mongodb://localhost:27017
URI: mongodb://localhost:27017
URI: mongodb://localhost:27017
URI: mongodb://localhost:27017
URI: mongodb://localhost:27017
URI: mongodb://localhost:27017
URI: mongodb://localhost:27017
URI: mongodb://localhost:27017
URI: mongodb://localhost:27017
Load workloads needs: 9003045120 ns 
[report] load_thread_ID : 16
[report] load_duration_ns : 9003045120
[report] load_duration_s : 9.003045
[report] load_throughput : 8620.860938
[report] load_average_latency_ns : 115997.695261
Load workloads needs: 9013778600 ns 
[report] load_thread_ID : 4
[report] load_duration_ns : 9013778600
[report] load_duration_s : 9.013779
[report] load_throughput : 8610.595339
[report] load_average_latency_ns : 116135.988353
Load workloads needs: 9049646790 ns 
[report] load_thread_ID : 20
[report] load_duration_ns : 9049646790
[report] load_duration_s : 9.049647
[report] load_throughput : 8576.467325
[report] load_average_latency_ns : 116598.123921
Load workloads needs: 9057921978 ns 
[report] load_thread_ID : 13
[report] load_duration_ns : 9057921978
[report] load_duration_s : 9.057922
[report] load_throughput : 8568.631987
[report] load_average_latency_ns : 116704.743706
Load workloads needs: 9083818412 ns 
[report] load_thread_ID : 14
[report] load_duration_ns : 9083818412
[report] load_duration_s : 9.083818
[report] load_throughput : 8544.204263
[report] load_average_latency_ns : 117038.400443
Load workloads needs: 9092874081 ns 
[report] load_thread_ID : 23
[report] load_duration_ns : 9092874081
[report] load_duration_s : 9.092874
[report] load_throughput : 8535.695019
[report] load_average_latency_ns : 117155.076159
Load workloads needs: 9094846108 ns 
[report] load_thread_ID : 12
[report] load_duration_ns : 9094846108
[report] load_duration_s : 9.094846
[report] load_throughput : 8533.844232
[report] load_average_latency_ns : 117180.484294
Load workloads needs: 9095906532 ns 
[report] load_thread_ID : 15
[report] load_duration_ns : 9095906532
[report] load_duration_s : 9.095907
[report] load_throughput : 8532.849335
[report] load_average_latency_ns : 117194.147087
Load workloads needs: 9095921989 ns 
[report] load_thread_ID : 8
[report] load_duration_ns : 9095921989
[report] load_duration_s : 9.095922
[report] load_throughput : 8532.834835
[report] load_average_latency_ns : 117194.346239
Load workloads needs: 9096847681 ns 
[report] load_thread_ID : 17
[report] load_duration_ns : 9096847681
[report] load_duration_s : 9.096848
[report] load_throughput : 8531.966536
[report] load_average_latency_ns : 117206.273108
Load workloads needs: 9105938595 ns 
[report] load_thread_ID : 11
[report] load_duration_ns : 9105938595
[report] load_duration_s : 9.105939
[report] load_throughput : 8523.448647
[report] load_average_latency_ns : 117323.402930
Load workloads needs: 9107082128 ns 
[report] load_thread_ID : 2
[report] load_duration_ns : 9107082128
[report] load_duration_s : 9.107082
[report] load_throughput : 8522.378398
[report] load_average_latency_ns : 117338.136522
Load workloads needs: 9109024791 ns 
[report] load_thread_ID : 18
[report] load_duration_ns : 9109024791
[report] load_duration_s : 9.109025
[report] load_throughput : 8520.560848
[report] load_average_latency_ns : 117363.166323
Load workloads needs: 9110555121 ns 
[report] load_thread_ID : 3
[report] load_duration_ns : 9110555121
[report] load_duration_s : 9.110555
[report] load_throughput : 8519.129622
[report] load_average_latency_ns : 117382.883513
Load workloads needs: 9108020197 ns 
[report] load_thread_ID : 1
[report] load_duration_ns : 9108020197
[report] load_duration_s : 9.108020
[report] load_throughput : 8521.500647
[report] load_average_latency_ns : 117350.222859
Load workloads needs: 9117494364 ns 
[report] load_thread_ID : 5
[report] load_duration_ns : 9117494364
[report] load_duration_s : 9.117494
[report] load_throughput : 8512.645789
[report] load_average_latency_ns : 117472.290618
Load workloads needs: 9119930777 ns 
[report] load_thread_ID : 0
[report] load_duration_ns : 9119930777
[report] load_duration_s : 9.119931
[report] load_throughput : 8510.371613
[report] load_average_latency_ns : 117503.682029
Load workloads needs: 9122140053 ns 
[report] load_thread_ID : 21
[report] load_duration_ns : 9122140053
[report] load_duration_s : 9.122140
[report] load_throughput : 8508.310501
[report] load_average_latency_ns : 117532.146945
Load workloads needs: 9128977647 ns 
[report] load_thread_ID : 22
[report] load_duration_ns : 9128977647
[report] load_duration_s : 9.128978
[report] load_throughput : 8501.937785
[report] load_average_latency_ns : 117620.244376
Load workloads needs: 9128820143 ns 
[report] load_thread_ID : 9
[report] load_duration_ns : 9128820143
[report] load_duration_s : 9.128820
[report] load_throughput : 8502.084474
[report] load_average_latency_ns : 117618.215051
Load workloads needs: 9143042577 ns 
[report] load_thread_ID : 6
[report] load_duration_ns : 9143042577
[report] load_duration_s : 9.143043
[report] load_throughput : 8488.859080
[report] load_average_latency_ns : 117801.460780
Load workloads needs: 9148371991 ns 
[report] load_thread_ID : 10
[report] load_duration_ns : 9148371991
[report] load_duration_s : 9.148372
[report] load_throughput : 8483.913868
[report] load_average_latency_ns : 117870.126408
Load workloads needs: 9180702255 ns 
[report] load_thread_ID : 19
[report] load_duration_ns : 9180702255
[report] load_duration_s : 9.180702
[report] load_throughput : 8454.037376
[report] load_average_latency_ns : 118286.678370
Load workloads needs: 9291704072 ns 
[report] load_thread_ID : 7
[report] load_duration_ns : 9291704072
[report] load_duration_s : 9.291704
[report] load_throughput : 8353.042606
[report] load_average_latency_ns : 119716.856134
All clients run done needs: 9291966766 ns 
[report] load_overall_duration_ns : 9291966766
[report] load_overall_duration_s : 9.291967
[report] load_overall_throughput : 200467.354965
[report] load_overall_average_latency_ns : 4988.343365
