numactl --membind=4 /mnt/nvme0/home/gxr/mongdb-run/test_mongodb/build//run_client --num_threads=15 --core_binding=0,1,2,3,4,5,6,7,8,9,10,11,12,13,14,15,128,129,130,131,132,133,134,135,136,137,138,139,140,141,142,143 --str_key_size=16 --str_key_size=256 --load_file=/mnt/nvme0/home/gxr/mongdb-run/workloads/ycsb/workloada-load-10000000-10000000.log.formated --run_file=/mnt/nvme0/home/gxr/mongdb-run/workloads/ycsb/workloada-run-10000000-10000000.log.formated --URI_set=mongodb://localhost:27017,mongodb://localhost:27018,mongodb://localhost:27019,mongodb://localhost:27020,mongodb://localhost:27021,mongodb://localhost:27022,mongodb://localhost:27023,mongodb://localhost:27024,mongodb://localhost:27025,mongodb://localhost:27026,mongodb://localhost:27027,mongodb://localhost:27028,mongodb://localhost:27029,mongodb://localhost:27030,mongodb://localhost:27031,mongodb://localhost:27032,mongodb://localhost:27033,mongodb://localhost:27034,mongodb://localhost:27035,mongodb://localhost:27036,mongodb://localhost:27037,mongodb://localhost:27038,mongodb://localhost:27039,mongodb://localhost:27040,mongodb://localhost:27041,mongodb://localhost:27042,mongodb://localhost:27043,mongodb://localhost:27044,mongodb://localhost:27045,mongodb://localhost:27046 --first_mode=false
mongodb://localhost:27017 mongodb://localhost:27018 mongodb://localhost:27019 mongodb://localhost:27020 mongodb://localhost:27021 mongodb://localhost:27022 mongodb://localhost:27023 mongodb://localhost:27024 mongodb://localhost:27025 mongodb://localhost:27026 mongodb://localhost:27027 mongodb://localhost:27028 mongodb://localhost:27029 mongodb://localhost:27030 mongodb://localhost:27031 mongodb://localhost:27032 mongodb://localhost:27033 mongodb://localhost:27034 mongodb://localhost:27035 mongodb://localhost:27036 mongodb://localhost:27037 mongodb://localhost:27038 mongodb://localhost:27039 mongodb://localhost:27040 mongodb://localhost:27041 mongodb://localhost:27042 mongodb://localhost:27043 mongodb://localhost:27044 mongodb://localhost:27045 mongodb://localhost:27046 reading workload files ...
load_filename : /mnt/nvme0/home/gxr/mongdb-run/workloads/ycsb/workloada-load-10000000-10000000.log.formated
read load file needs: 5096842768 s 
run_filename : /mnt/nvme0/home/gxr/mongdb-run/workloads/ycsb/workloada-run-10000000-10000000.log.formated
read run file needs: 5151353807 s 
num_of_load_ops is 10000000
num_of_run_ops is 10000000
0 1 2 3 4 5 6 7 8 9 10 11 12 13 14 15 128 129 130 131 132 133 134 135 136 137 138 139 140 141 142 143 URI: URI: mongodb://localhost:27019
mongodb://localhost:27017
URI: mongodb://localhost:27018
URI: mongodb://localhost:27020
URI: mongodb://localhost:27021
URI: mongodb://localhost:27022
URI: mongodb://localhost:27024
URI: mongodb://localhost:27023
URI: mongodb://localhost:27025
URI: mongodb://localhost:27026
URI: mongodb://localhost:27027
URI: mongodb://localhost:27028
URI: mongodb://localhost:27029
URI: mongodb://localhost:27030
URI: mongodb://localhost:27031
Load workloads needs: 93098182905 ns 
[report] load_thread_ID : 0
[report] load_duration_ns : 93098182905
[report] load_duration_s : 93.098183
[report] load_throughput : 7160.891644
[report] load_average_latency_ns : 139647.414005
Load workloads needs: 97470362911 ns 
[report] load_thread_ID : 7
[report] load_duration_ns : 97470362911
[report] load_duration_s : 97.470363
[report] load_throughput : 6839.679058
[report] load_average_latency_ns : 146205.690572
Load workloads needs: 97929202295 ns 
[report] load_thread_ID : 3
[report] load_duration_ns : 97929202295
[report] load_duration_s : 97.929202
[report] load_throughput : 6807.632293
[report] load_average_latency_ns : 146893.950336
Load workloads needs: 99369869509 ns 
[report] load_thread_ID : 2
[report] load_duration_ns : 99369869509
[report] load_duration_s : 99.369870
[report] load_throughput : 6708.935045
[report] load_average_latency_ns : 149054.953318
Load workloads needs: 100195982265 ns 
[report] load_thread_ID : 4
[report] load_duration_ns : 100195982265
[report] load_duration_s : 100.195982
[report] load_throughput : 6653.620085
[report] load_average_latency_ns : 150294.123692
Load workloads needs: 101414744771 ns 
[report] load_thread_ID : 6
[report] load_duration_ns : 101414744771
[report] load_duration_s : 101.414745
[report] load_throughput : 6573.659496
[report] load_average_latency_ns : 152122.269279
Load workloads needs: 101854770549 ns 
[report] load_thread_ID : 5
[report] load_duration_ns : 101854770549
[report] load_duration_s : 101.854771
[report] load_throughput : 6545.260437
[report] load_average_latency_ns : 152782.308606
Load workloads needs: 102708561576 ns 
[report] load_thread_ID : 1
[report] load_duration_ns : 102708561576
[report] load_duration_s : 102.708562
[report] load_throughput : 6490.851296
[report] load_average_latency_ns : 154062.996427
Load workloads needs: 102860243275 ns 
[report] load_thread_ID : 8
[report] load_duration_ns : 102860243275
[report] load_duration_s : 102.860243
[report] load_throughput : 6481.279635
[report] load_average_latency_ns : 154290.519203
Load workloads needs: 105339811373 ns 
[report] load_thread_ID : 13
[report] load_duration_ns : 105339811373
[report] load_duration_s : 105.339811
[report] load_throughput : 6328.718376
[report] load_average_latency_ns : 158009.875069
Load workloads needs: 105573223824 ns 
[report] load_thread_ID : 14
[report] load_duration_ns : 105573223824
[report] load_duration_s : 105.573224
[report] load_throughput : 6314.726176
[report] load_average_latency_ns : 158359.994096
Load workloads needs: 107432250703 ns 
[report] load_thread_ID : 12
[report] load_duration_ns : 107432250703
[report] load_duration_s : 107.432251
[report] load_throughput : 6205.455025
[report] load_average_latency_ns : 161148.537203
Load workloads needs: 107542397266 ns 
[report] load_thread_ID : 11
[report] load_duration_ns : 107542397266
[report] load_duration_s : 107.542397
[report] load_throughput : 6199.099304
[report] load_average_latency_ns : 161313.757213
Load workloads needs: 108449000651 ns 
[report] load_thread_ID : 10
[report] load_duration_ns : 108449000651
[report] load_duration_s : 108.449001
[report] load_throughput : 6147.276563
[report] load_average_latency_ns : 162673.663650
Load workloads needs: 109261951339 ns 
[report] load_thread_ID : 9
[report] load_duration_ns : 109261951339
[report] load_duration_s : 109.261951
[report] load_throughput : 6101.538475
[report] load_average_latency_ns : 163893.090902
All clients run done needs: 109262057849 ns 
[report] load_overall_duration_ns : 109262057849
[report] load_overall_duration_s : 109.262058
[report] load_overall_throughput : 91523.079437
[report] load_overall_average_latency_ns : 10926.205785
