numactl --membind=4 /mnt/nvme0/home/gxr/mongdb-run/test_mongodb/build//run_client --num_threads=5 --core_binding=0,1,2,3,4,5,6,7,8,9,10,11,12,13,14,15,128,129,130,131,132,133,134,135,136,137,138,139,140,141,142,143 --str_key_size=16 --str_key_size=1024 --load_file=/mnt/nvme0/home/gxr/mongdb-run/workloads/ycsb/workloada-load-10000000-10000000.log.formated --run_file=/mnt/nvme0/home/gxr/mongdb-run/workloads/ycsb/workloada-run-10000000-10000000.log.formated --URI_set=mongodb://localhost:27017,mongodb://localhost:27018,mongodb://localhost:27019,mongodb://localhost:27020,mongodb://localhost:27021,mongodb://localhost:27022,mongodb://localhost:27023,mongodb://localhost:27024,mongodb://localhost:27025,mongodb://localhost:27026,mongodb://localhost:27027,mongodb://localhost:27028,mongodb://localhost:27029,mongodb://localhost:27030,mongodb://localhost:27031,mongodb://localhost:27032,mongodb://localhost:27033,mongodb://localhost:27034,mongodb://localhost:27035,mongodb://localhost:27036,mongodb://localhost:27037,mongodb://localhost:27038,mongodb://localhost:27039,mongodb://localhost:27040,mongodb://localhost:27041,mongodb://localhost:27042,mongodb://localhost:27043,mongodb://localhost:27044,mongodb://localhost:27045,mongodb://localhost:27046 --first_mode=false
mongodb://localhost:27017 mongodb://localhost:27018 mongodb://localhost:27019 mongodb://localhost:27020 mongodb://localhost:27021 mongodb://localhost:27022 mongodb://localhost:27023 mongodb://localhost:27024 mongodb://localhost:27025 mongodb://localhost:27026 mongodb://localhost:27027 mongodb://localhost:27028 mongodb://localhost:27029 mongodb://localhost:27030 mongodb://localhost:27031 mongodb://localhost:27032 mongodb://localhost:27033 mongodb://localhost:27034 mongodb://localhost:27035 mongodb://localhost:27036 mongodb://localhost:27037 mongodb://localhost:27038 mongodb://localhost:27039 mongodb://localhost:27040 mongodb://localhost:27041 mongodb://localhost:27042 mongodb://localhost:27043 mongodb://localhost:27044 mongodb://localhost:27045 mongodb://localhost:27046 reading workload files ...
load_filename : /mnt/nvme0/home/gxr/mongdb-run/workloads/ycsb/workloada-load-10000000-10000000.log.formated
read load file needs: 5355597531 s 
run_filename : /mnt/nvme0/home/gxr/mongdb-run/workloads/ycsb/workloada-run-10000000-10000000.log.formated
read run file needs: 5441007566 s 
num_of_load_ops is 10000000
num_of_run_ops is 10000000
0 1 2 3 4 5 6 7 8 9 10 11 12 13 14 15 128 129 130 131 132 133 134 135 136 137 138 139 140 141 142 143 URI: mongodb://localhost:27021
URI: mongodb://localhost:27017
URI: mongodb://localhost:27019
URI: mongodb://localhost:27020
URI: mongodb://localhost:27018
Load workloads needs: 281169147797 ns 
[report] load_thread_ID : 0
[report] load_duration_ns : 281169147797
[report] load_duration_s : 281.169148
[report] load_throughput : 7113.155962
[report] load_average_latency_ns : 140584.573899
Load workloads needs: 300194717372 ns 
[report] load_thread_ID : 3
[report] load_duration_ns : 300194717372
[report] load_duration_s : 300.194717
[report] load_throughput : 6662.342421
[report] load_average_latency_ns : 150097.358686
Load workloads needs: 303688551225 ns 
[report] load_thread_ID : 2
[report] load_duration_ns : 303688551225
[report] load_duration_s : 303.688551
[report] load_throughput : 6585.694429
[report] load_average_latency_ns : 151844.275613
Load workloads needs: 310968758553 ns 
[report] load_thread_ID : 4
[report] load_duration_ns : 310968758553
[report] load_duration_s : 310.968759
[report] load_throughput : 6431.514244
[report] load_average_latency_ns : 155484.379276
Load workloads needs: 316653800703 ns 
[report] load_thread_ID : 1
[report] load_duration_ns : 316653800703
[report] load_duration_s : 316.653801
[report] load_throughput : 6316.046091
[report] load_average_latency_ns : 158326.900351
All clients run done needs: 316667351019 ns 
[report] load_overall_duration_ns : 316667351019
[report] load_overall_duration_s : 316.667351
[report] load_overall_throughput : 31578.879123
[report] load_overall_average_latency_ns : 31666.735102
