numactl --membind=4 /mnt/nvme0/home/gxr/mongdb-run/test_mongodb/build//run_client --num_threads=20 --core_binding=0,1,2,3,4,5,6,7,8,9,10,11,12,13,14,15,128,129,130,131,132,133,134,135,136,137,138,139,140,141,142,143 --str_key_size=16 --str_key_size=1024 --load_file=/mnt/nvme0/home/gxr/mongdb-run/workloads/ycsb/workloada-load-10000000-10000000.log.formated --run_file=/mnt/nvme0/home/gxr/mongdb-run/workloads/ycsb/workloada-run-10000000-10000000.log.formated --URI_set=mongodb://localhost:27017,mongodb://localhost:27018,mongodb://localhost:27019,mongodb://localhost:27020,mongodb://localhost:27021,mongodb://localhost:27022,mongodb://localhost:27023,mongodb://localhost:27024,mongodb://localhost:27025,mongodb://localhost:27026,mongodb://localhost:27027,mongodb://localhost:27028,mongodb://localhost:27029,mongodb://localhost:27030,mongodb://localhost:27031,mongodb://localhost:27032,mongodb://localhost:27033,mongodb://localhost:27034,mongodb://localhost:27035,mongodb://localhost:27036,mongodb://localhost:27037,mongodb://localhost:27038,mongodb://localhost:27039,mongodb://localhost:27040,mongodb://localhost:27041,mongodb://localhost:27042,mongodb://localhost:27043,mongodb://localhost:27044,mongodb://localhost:27045,mongodb://localhost:27046 --first_mode=false
mongodb://localhost:27017 mongodb://localhost:27018 mongodb://localhost:27019 mongodb://localhost:27020 mongodb://localhost:27021 mongodb://localhost:27022 mongodb://localhost:27023 mongodb://localhost:27024 mongodb://localhost:27025 mongodb://localhost:27026 mongodb://localhost:27027 mongodb://localhost:27028 mongodb://localhost:27029 mongodb://localhost:27030 mongodb://localhost:27031 mongodb://localhost:27032 mongodb://localhost:27033 mongodb://localhost:27034 mongodb://localhost:27035 mongodb://localhost:27036 mongodb://localhost:27037 mongodb://localhost:27038 mongodb://localhost:27039 mongodb://localhost:27040 mongodb://localhost:27041 mongodb://localhost:27042 mongodb://localhost:27043 mongodb://localhost:27044 mongodb://localhost:27045 mongodb://localhost:27046 reading workload files ...
load_filename : /mnt/nvme0/home/gxr/mongdb-run/workloads/ycsb/workloada-load-10000000-10000000.log.formated
read load file needs: 5106014781 s 
run_filename : /mnt/nvme0/home/gxr/mongdb-run/workloads/ycsb/workloada-run-10000000-10000000.log.formated
read run file needs: 5181898704 s 
num_of_load_ops is 10000000
num_of_run_ops is 10000000
0 1 2 3 4 5 6 7 8 9 10 11 12 13 14 15 128 129 130 131 132 133 134 135 136 137 138 139 140 141 142 143 URI: URI: mongodb://localhost:27019
mongodb://localhost:27018
URI: mongodb://localhost:27021
URI: mongodb://localhost:27017
URI: mongodb://localhost:27020
URI: mongodb://localhost:27022
URI: mongodb://localhost:27023
URI: mongodb://localhost:27024
URI: URI: mongodb://localhost:27031
URI: mongodb://localhost:27027
URI: mongodb://localhost:27030
URI: mongodb://localhost:27029
URI: mongodb://localhost:27028
mongodb://localhost:27025
URI: URI: mongodb://localhost:27033
mongodb://localhost:27026
URI: mongodb://localhost:27032
URI: mongodb://localhost:27034
URI: mongodb://localhost:27035
URI: mongodb://localhost:27036
Load workloads needs: 69071085126 ns 
[report] load_thread_ID : 0
[report] load_duration_ns : 69071085126
[report] load_duration_s : 69.071085
[report] load_throughput : 7238.919138
[report] load_average_latency_ns : 138142.170252
Load workloads needs: 70042712665 ns 
[report] load_thread_ID : 16
[report] load_duration_ns : 70042712665
[report] load_duration_s : 70.042713
[report] load_throughput : 7138.501365
[report] load_average_latency_ns : 140085.425330
Load workloads needs: 70102624251 ns 
[report] load_thread_ID : 2
[report] load_duration_ns : 70102624251
[report] load_duration_s : 70.102624
[report] load_throughput : 7132.400610
[report] load_average_latency_ns : 140205.248502
Load workloads needs: 70961714909 ns 
[report] load_thread_ID : 18
[report] load_duration_ns : 70961714909
[report] load_duration_s : 70.961715
[report] load_throughput : 7046.052941
[report] load_average_latency_ns : 141923.429818
Load workloads needs: 72569740368 ns 
[report] load_thread_ID : 19
[report] load_duration_ns : 72569740368
[report] load_duration_s : 72.569740
[report] load_throughput : 6889.924057
[report] load_average_latency_ns : 145139.480736
Load workloads needs: 72677737126 ns 
[report] load_thread_ID : 17
[report] load_duration_ns : 72677737126
[report] load_duration_s : 72.677737
[report] load_throughput : 6879.685854
[report] load_average_latency_ns : 145355.474252
Load workloads needs: 73159206922 ns 
[report] load_thread_ID : 3
[report] load_duration_ns : 73159206922
[report] load_duration_s : 73.159207
[report] load_throughput : 6834.409790
[report] load_average_latency_ns : 146318.413844
Load workloads needs: 74425515533 ns 
[report] load_thread_ID : 1
[report] load_duration_ns : 74425515533
[report] load_duration_s : 74.425516
[report] load_throughput : 6718.126121
[report] load_average_latency_ns : 148851.031066
Load workloads needs: 75435725220 ns 
[report] load_thread_ID : 6
[report] load_duration_ns : 75435725220
[report] load_duration_s : 75.435725
[report] load_throughput : 6628.159251
[report] load_average_latency_ns : 150871.450440
Load workloads needs: 76130825836 ns 
[report] load_thread_ID : 5
[report] load_duration_ns : 76130825836
[report] load_duration_s : 76.130826
[report] load_throughput : 6567.641878
[report] load_average_latency_ns : 152261.651672
Load workloads needs: 78058503036 ns 
[report] load_thread_ID : 4
[report] load_duration_ns : 78058503036
[report] load_duration_s : 78.058503
[report] load_throughput : 6405.452072
[report] load_average_latency_ns : 156117.006072
Load workloads needs: 79743340801 ns 
[report] load_thread_ID : 7
[report] load_duration_ns : 79743340801
[report] load_duration_s : 79.743341
[report] load_throughput : 6270.116037
[report] load_average_latency_ns : 159486.681602
Load workloads needs: 80402174124 ns 
[report] load_thread_ID : 15
[report] load_duration_ns : 80402174124
[report] load_duration_s : 80.402174
[report] load_throughput : 6218.737310
[report] load_average_latency_ns : 160804.348248
Load workloads needs: 81644257431 ns 
[report] load_thread_ID : 12
[report] load_duration_ns : 81644257431
[report] load_duration_s : 81.644257
[report] load_throughput : 6124.129433
[report] load_average_latency_ns : 163288.514862
Load workloads needs: 82076049785 ns 
[report] load_thread_ID : 8
[report] load_duration_ns : 82076049785
[report] load_duration_s : 82.076050
[report] load_throughput : 6091.911115
[report] load_average_latency_ns : 164152.099570
Load workloads needs: 82295569456 ns 
[report] load_thread_ID : 13
[report] load_duration_ns : 82295569456
[report] load_duration_s : 82.295569
[report] load_throughput : 6075.661221
[report] load_average_latency_ns : 164591.138912
Load workloads needs: 84049419579 ns 
[report] load_thread_ID : 14
[report] load_duration_ns : 84049419579
[report] load_duration_s : 84.049420
[report] load_throughput : 5948.881057
[report] load_average_latency_ns : 168098.839158
Load workloads needs: 84275033891 ns 
[report] load_thread_ID : 11
[report] load_duration_ns : 84275033891
[report] load_duration_s : 84.275034
[report] load_throughput : 5932.955193
[report] load_average_latency_ns : 168550.067782
Load workloads needs: 84314764138 ns 
[report] load_thread_ID : 10
[report] load_duration_ns : 84314764138
[report] load_duration_s : 84.314764
[report] load_throughput : 5930.159505
[report] load_average_latency_ns : 168629.528276
Load workloads needs: 84605503226 ns 
[report] load_thread_ID : 9
[report] load_duration_ns : 84605503226
[report] load_duration_s : 84.605503
[report] load_throughput : 5909.781054
[report] load_average_latency_ns : 169211.006452
All clients run done needs: 84605858215 ns 
[report] load_overall_duration_ns : 84605858215
[report] load_overall_duration_s : 84.605858
[report] load_overall_throughput : 118195.125148
[report] load_overall_average_latency_ns : 8460.585822
