numactl --membind=4 /mnt/nvme0/home/gxr/mongdb-run/test_mongodb/build//run_client --num_threads=5 --core_binding=0,1,2,3,4,5,6,7,8,9,10,11,12,13,14,15,128,129,130,131,132,133,134,135,136,137,138,139,140,141,142,143 --str_key_size=16 --str_key_size=256 --load_file=/mnt/nvme0/home/gxr/mongdb-run/workloads/ycsb/workloada-load-10000000-10000000.log.formated --run_file=/mnt/nvme0/home/gxr/mongdb-run/workloads/ycsb/workloada-run-10000000-10000000.log.formated --URI_set=mongodb://localhost:27017,mongodb://localhost:27018,mongodb://localhost:27019,mongodb://localhost:27020,mongodb://localhost:27021,mongodb://localhost:27022,mongodb://localhost:27023,mongodb://localhost:27024,mongodb://localhost:27025,mongodb://localhost:27026,mongodb://localhost:27027,mongodb://localhost:27028,mongodb://localhost:27029,mongodb://localhost:27030,mongodb://localhost:27031,mongodb://localhost:27032,mongodb://localhost:27033,mongodb://localhost:27034,mongodb://localhost:27035,mongodb://localhost:27036,mongodb://localhost:27037,mongodb://localhost:27038,mongodb://localhost:27039,mongodb://localhost:27040,mongodb://localhost:27041,mongodb://localhost:27042,mongodb://localhost:27043,mongodb://localhost:27044,mongodb://localhost:27045,mongodb://localhost:27046 --first_mode=false
mongodb://localhost:27017 mongodb://localhost:27018 mongodb://localhost:27019 mongodb://localhost:27020 mongodb://localhost:27021 mongodb://localhost:27022 mongodb://localhost:27023 mongodb://localhost:27024 mongodb://localhost:27025 mongodb://localhost:27026 mongodb://localhost:27027 mongodb://localhost:27028 mongodb://localhost:27029 mongodb://localhost:27030 mongodb://localhost:27031 mongodb://localhost:27032 mongodb://localhost:27033 mongodb://localhost:27034 mongodb://localhost:27035 mongodb://localhost:27036 mongodb://localhost:27037 mongodb://localhost:27038 mongodb://localhost:27039 mongodb://localhost:27040 mongodb://localhost:27041 mongodb://localhost:27042 mongodb://localhost:27043 mongodb://localhost:27044 mongodb://localhost:27045 mongodb://localhost:27046 reading workload files ...
load_filename : /mnt/nvme0/home/gxr/mongdb-run/workloads/ycsb/workloada-load-10000000-10000000.log.formated
read load file needs: 5379857880 s 
run_filename : /mnt/nvme0/home/gxr/mongdb-run/workloads/ycsb/workloada-run-10000000-10000000.log.formated
read run file needs: 5509545438 s 
num_of_load_ops is 10000000
num_of_run_ops is 10000000
0 1 2 3 4 5 6 7 8 9 10 11 12 13 14 15 128 129 130 131 132 133 134 135 136 137 138 139 140 141 142 143 URI: URI: mongodb://localhost:27017
mongodb://localhost:27018
URI: mongodb://localhost:27019
URI: mongodb://localhost:27021
URI: mongodb://localhost:27020
Load workloads needs: 298114734995 ns 
[report] load_thread_ID : 0
[report] load_duration_ns : 298114734995
[report] load_duration_s : 298.114735
[report] load_throughput : 6708.826385
[report] load_average_latency_ns : 149057.367498
Load workloads needs: 301419956598 ns 
[report] load_thread_ID : 3
[report] load_duration_ns : 301419956598
[report] load_duration_s : 301.419957
[report] load_throughput : 6635.260726
[report] load_average_latency_ns : 150709.978299
Load workloads needs: 307180927648 ns 
[report] load_thread_ID : 2
[report] load_duration_ns : 307180927648
[report] load_duration_s : 307.180928
[report] load_throughput : 6510.820888
[report] load_average_latency_ns : 153590.463824
Load workloads needs: 318422328611 ns 
[report] load_thread_ID : 4
[report] load_duration_ns : 318422328611
[report] load_duration_s : 318.422329
[report] load_throughput : 6280.966566
[report] load_average_latency_ns : 159211.164305
Load workloads needs: 321892349731 ns 
[report] load_thread_ID : 1
[report] load_duration_ns : 321892349731
[report] load_duration_s : 321.892350
[report] load_throughput : 6213.257326
[report] load_average_latency_ns : 160946.174866
All clients run done needs: 321893168859 ns 
[report] load_overall_duration_ns : 321893168859
[report] load_overall_duration_s : 321.893169
[report] load_overall_throughput : 31066.207573
[report] load_overall_average_latency_ns : 32189.316886
