numactl --membind=4 /mnt/nvme0/home/gxr/mongdb-run/test_mongodb/build//run_client --num_threads=25 --core_binding=0,1,2,3,4,5,6,7,8,9,10,11,12,13,14,15,128,129,130,131,132,133,134,135,136,137,138,139,140,141,142,143 --str_key_size=16 --str_key_size=1024 --load_file=/mnt/nvme0/home/gxr/mongdb-run/workloads/ycsb/workloada-load-10000000-10000000.log.formated --run_file=/mnt/nvme0/home/gxr/mongdb-run/workloads/ycsb/workloada-run-10000000-10000000.log.formated --URI_set=mongodb://localhost:27017,mongodb://localhost:27018,mongodb://localhost:27019,mongodb://localhost:27020,mongodb://localhost:27021,mongodb://localhost:27022,mongodb://localhost:27023,mongodb://localhost:27024,mongodb://localhost:27025,mongodb://localhost:27026,mongodb://localhost:27027,mongodb://localhost:27028,mongodb://localhost:27029,mongodb://localhost:27030,mongodb://localhost:27031,mongodb://localhost:27032,mongodb://localhost:27033,mongodb://localhost:27034,mongodb://localhost:27035,mongodb://localhost:27036,mongodb://localhost:27037,mongodb://localhost:27038,mongodb://localhost:27039,mongodb://localhost:27040,mongodb://localhost:27041,mongodb://localhost:27042,mongodb://localhost:27043,mongodb://localhost:27044,mongodb://localhost:27045,mongodb://localhost:27046 --first_mode=false
mongodb://localhost:27017 mongodb://localhost:27018 mongodb://localhost:27019 mongodb://localhost:27020 mongodb://localhost:27021 mongodb://localhost:27022 mongodb://localhost:27023 mongodb://localhost:27024 mongodb://localhost:27025 mongodb://localhost:27026 mongodb://localhost:27027 mongodb://localhost:27028 mongodb://localhost:27029 mongodb://localhost:27030 mongodb://localhost:27031 mongodb://localhost:27032 mongodb://localhost:27033 mongodb://localhost:27034 mongodb://localhost:27035 mongodb://localhost:27036 mongodb://localhost:27037 mongodb://localhost:27038 mongodb://localhost:27039 mongodb://localhost:27040 mongodb://localhost:27041 mongodb://localhost:27042 mongodb://localhost:27043 mongodb://localhost:27044 mongodb://localhost:27045 mongodb://localhost:27046 reading workload files ...
load_filename : /mnt/nvme0/home/gxr/mongdb-run/workloads/ycsb/workloada-load-10000000-10000000.log.formated
read load file needs: 5074266564 s 
run_filename : /mnt/nvme0/home/gxr/mongdb-run/workloads/ycsb/workloada-run-10000000-10000000.log.formated
read run file needs: 5167064437 s 
num_of_load_ops is 10000000
num_of_run_ops is 10000000
0 1 2 3 4 5 6 7 8 9 10 11 12 13 14 15 128 129 130 131 132 133 134 135 136 137 138 139 140 141 142 143 URI: URI: mongodb://localhost:27020mongodb://localhost:27018
URI: mongodb://localhost:27017

URI: mongodb://localhost:27019
URI: mongodb://localhost:27022
URI: mongodb://localhost:27023
URI: mongodb://localhost:27021
URI: mongodb://localhost:27024
URI: mongodb://localhost:27025
URI: mongodb://localhost:27026
URI: mongodb://localhost:27027
URI: mongodb://localhost:27028
URI: mongodb://localhost:27029
URI: mongodb://localhost:27030
URI: mongodb://localhost:27031
URI: mongodb://localhost:27033
URI: mongodb://localhost:27032
URI: mongodb://localhost:27035
URI: mongodb://localhost:27037
URI: mongodb://localhost:27038
URI: mongodb://localhost:27039
URI: mongodb://localhost:27036
URI: mongodb://localhost:27040
URI: mongodb://localhost:27041
URI: mongodb://localhost:27034
Load workloads needs: 57685247450 ns 
[report] load_thread_ID : 20
[report] load_duration_ns : 57685247450
[report] load_duration_s : 57.685247
[report] load_throughput : 6934.181921
[report] load_average_latency_ns : 144213.118625
Load workloads needs: 57805645932 ns 
[report] load_thread_ID : 16
[report] load_duration_ns : 57805645932
[report] load_duration_s : 57.805646
[report] load_throughput : 6919.739301
[report] load_average_latency_ns : 144514.114830
Load workloads needs: 58372539323 ns 
[report] load_thread_ID : 18
[report] load_duration_ns : 58372539323
[report] load_duration_s : 58.372539
[report] load_throughput : 6852.537248
[report] load_average_latency_ns : 145931.348308
Load workloads needs: 59261312081 ns 
[report] load_thread_ID : 1
[report] load_duration_ns : 59261312081
[report] load_duration_s : 59.261312
[report] load_throughput : 6749.766179
[report] load_average_latency_ns : 148153.280202
Load workloads needs: 59377093900 ns 
[report] load_thread_ID : 7
[report] load_duration_ns : 59377093900
[report] load_duration_s : 59.377094
[report] load_throughput : 6736.604534
[report] load_average_latency_ns : 148442.734750
Load workloads needs: 59538392873 ns 
[report] load_thread_ID : 3
[report] load_duration_ns : 59538392873
[report] load_duration_s : 59.538393
[report] load_throughput : 6718.354001
[report] load_average_latency_ns : 148845.982183
Load workloads needs: 59981027360 ns 
[report] load_thread_ID : 0
[report] load_duration_ns : 59981027360
[report] load_duration_s : 59.981027
[report] load_throughput : 6668.775405
[report] load_average_latency_ns : 149952.568400
Load workloads needs: 60469061322 ns 
[report] load_thread_ID : 19
[report] load_duration_ns : 60469061322
[report] load_duration_s : 60.469061
[report] load_throughput : 6614.953023
[report] load_average_latency_ns : 151172.653305
Load workloads needs: 60563517636 ns 
[report] load_thread_ID : 4
[report] load_duration_ns : 60563517636
[report] load_duration_s : 60.563518
[report] load_throughput : 6604.636184
[report] load_average_latency_ns : 151408.794090
Load workloads needs: 60755316188 ns 
[report] load_thread_ID : 5
[report] load_duration_ns : 60755316188
[report] load_duration_s : 60.755316
[report] load_throughput : 6583.785998
[report] load_average_latency_ns : 151888.290470
Load workloads needs: 61052335677 ns 
[report] load_thread_ID : 17
[report] load_duration_ns : 61052335677
[report] load_duration_s : 61.052336
[report] load_throughput : 6551.755892
[report] load_average_latency_ns : 152630.839192
Load workloads needs: 61095581565 ns 
[report] load_thread_ID : 21
[report] load_duration_ns : 61095581565
[report] load_duration_s : 61.095582
[report] load_throughput : 6547.118298
[report] load_average_latency_ns : 152738.953913
Load workloads needs: 61136267988 ns 
[report] load_thread_ID : 6
[report] load_duration_ns : 61136267988
[report] load_duration_s : 61.136268
[report] load_throughput : 6542.761166
[report] load_average_latency_ns : 152840.669970
Load workloads needs: 61170429382 ns 
[report] load_thread_ID : 22
[report] load_duration_ns : 61170429382
[report] load_duration_s : 61.170429
[report] load_throughput : 6539.107278
[report] load_average_latency_ns : 152926.073455
Load workloads needs: 61282546335 ns 
[report] load_thread_ID : 23
[report] load_duration_ns : 61282546335
[report] load_duration_s : 61.282546
[report] load_throughput : 6527.143925
[report] load_average_latency_ns : 153206.365837
Load workloads needs: 61506094916 ns 
[report] load_thread_ID : 8
[report] load_duration_ns : 61506094916
[report] load_duration_s : 61.506095
[report] load_throughput : 6503.420524
[report] load_average_latency_ns : 153765.237290
Load workloads needs: 61878349490 ns 
[report] load_thread_ID : 24
[report] load_duration_ns : 61878349490
[report] load_duration_s : 61.878349
[report] load_throughput : 6464.296532
[report] load_average_latency_ns : 154695.873725
Load workloads needs: 63298424228 ns 
[report] load_thread_ID : 2
[report] load_duration_ns : 63298424228
[report] load_duration_s : 63.298424
[report] load_throughput : 6319.272634
[report] load_average_latency_ns : 158246.060570
Load workloads needs: 65217915741 ns 
[report] load_thread_ID : 15
[report] load_duration_ns : 65217915741
[report] load_duration_s : 65.217916
[report] load_throughput : 6133.284013
[report] load_average_latency_ns : 163044.789352
Load workloads needs: 66474052660 ns 
[report] load_thread_ID : 10
[report] load_duration_ns : 66474052660
[report] load_duration_s : 66.474053
[report] load_throughput : 6017.385491
[report] load_average_latency_ns : 166185.131650
Load workloads needs: 66550632453 ns 
[report] load_thread_ID : 14
[report] load_duration_ns : 66550632453
[report] load_duration_s : 66.550632
[report] load_throughput : 6010.461287
[report] load_average_latency_ns : 166376.581132
Load workloads needs: 66867546918 ns 
[report] load_thread_ID : 11
[report] load_duration_ns : 66867546918
[report] load_duration_s : 66.867547
[report] load_throughput : 5981.975090
[report] load_average_latency_ns : 167168.867295
Load workloads needs: 67047638381 ns 
[report] load_thread_ID : 9
[report] load_duration_ns : 67047638381
[report] load_duration_s : 67.047638
[report] load_throughput : 5965.907371
[report] load_average_latency_ns : 167619.095953
Load workloads needs: 67381909277 ns 
[report] load_thread_ID : 12
[report] load_duration_ns : 67381909277
[report] load_duration_s : 67.381909
[report] load_throughput : 5936.311456
[report] load_average_latency_ns : 168454.773192
Load workloads needs: 68004931495 ns 
[report] load_thread_ID : 13
[report] load_duration_ns : 68004931495
[report] load_duration_s : 68.004931
[report] load_throughput : 5881.926372
[report] load_average_latency_ns : 170012.328738
All clients run done needs: 68003291147 ns 
[report] load_overall_duration_ns : 68003291147
[report] load_overall_duration_s : 68.003291
[report] load_overall_throughput : 147051.706341
[report] load_overall_average_latency_ns : 6800.329115
