numactl --membind=2 /home/gxr/mongodb-run/test_mongodb/build//run_client --num_threads=4 --core_binding=0,1,2,3,4,5,6,7,8,9,10,11,12,13,14,15,16,17,18,19,20,21,22,23 --str_key_size=16 --str_key_size=256 --load_file=/home/gxr/mongodb-run/workloads/ycsb/workloada-load-10000000-10000000.log.formated --run_file=/home/gxr/mongodb-run/workloads/ycsb/workloada-run-10000000-10000000.log.formated --URI_set=mongodb://localhost:27017,mongodb://localhost:27018,mongodb://localhost:27019,mongodb://localhost:27020,mongodb://localhost:27021,mongodb://localhost:27022,mongodb://localhost:27023,mongodb://localhost:27024,mongodb://localhost:27025,mongodb://localhost:27026,mongodb://localhost:27027,mongodb://localhost:27028,mongodb://localhost:27029,mongodb://localhost:27030,mongodb://localhost:27031,mongodb://localhost:27032,mongodb://localhost:27033,mongodb://localhost:27034,mongodb://localhost:27035,mongodb://localhost:27036,mongodb://localhost:27037,mongodb://localhost:27038,mongodb://localhost:27039,mongodb://localhost:27040,mongodb://localhost:27041,mongodb://localhost:27042,mongodb://localhost:27043,mongodb://localhost:27044,mongodb://localhost:27045,mongodb://localhost:27046,mongodb://localhost:27047,mongodb://localhost:27048,mongodb://localhost:27049,mongodb://localhost:27050,mongodb://localhost:27051,mongodb://localhost:27052,mongodb://localhost:27053,mongodb://localhost:27054,mongodb://localhost:27055,mongodb://localhost:27056,mongodb://localhost:27057,mongodb://localhost:27058,mongodb://localhost:27059,mongodb://localhost:27060,mongodb://localhost:27061,mongodb://localhost:27062,mongodb://localhost:27063,mongodb://localhost:27064 --first_mode=false
mongodb://localhost:27017 mongodb://localhost:27018 mongodb://localhost:27019 mongodb://localhost:27020 mongodb://localhost:27021 mongodb://localhost:27022 mongodb://localhost:27023 mongodb://localhost:27024 mongodb://localhost:27025 mongodb://localhost:27026 mongodb://localhost:27027 mongodb://localhost:27028 mongodb://localhost:27029 mongodb://localhost:27030 mongodb://localhost:27031 mongodb://localhost:27032 mongodb://localhost:27033 mongodb://localhost:27034 mongodb://localhost:27035 mongodb://localhost:27036 mongodb://localhost:27037 mongodb://localhost:27038 mongodb://localhost:27039 mongodb://localhost:27040 mongodb://localhost:27041 mongodb://localhost:27042 mongodb://localhost:27043 mongodb://localhost:27044 mongodb://localhost:27045 mongodb://localhost:27046 mongodb://localhost:27047 mongodb://localhost:27048 mongodb://localhost:27049 mongodb://localhost:27050 mongodb://localhost:27051 mongodb://localhost:27052 mongodb://localhost:27053 mongodb://localhost:27054 mongodb://localhost:27055 mongodb://localhost:27056 mongodb://localhost:27057 mongodb://localhost:27058 mongodb://localhost:27059 mongodb://localhost:27060 mongodb://localhost:27061 mongodb://localhost:27062 mongodb://localhost:27063 mongodb://localhost:27064 reading workload files ...
load_filename : /home/gxr/mongodb-run/workloads/ycsb/workloada-load-10000000-10000000.log.formated
read load file needs: 1096390696 s 
run_filename : /home/gxr/mongodb-run/workloads/ycsb/workloada-run-10000000-10000000.log.formated
read run file needs: 1131364401 s 
num_of_load_ops is 1862736
num_of_run_ops is 1934501
0 1 2 3 4 5 6 7 8 9 10 11 12 13 14 15 16 17 18 19 20 21 22 23 URI: URI: mongodb://localhost:27019mongodb://localhost:27020
URI: mongodb://localhost:27017

URI: mongodb://localhost:27018
Load workloads needs: 23493968033 ns 
[report] load_thread_ID : 2
[report] load_duration_ns : 23493968033
[report] load_duration_s : 23.493968
[report] load_throughput : 19821.428179
[report] load_average_latency_ns : 50450.451450
Load workloads needs: 24043042055 ns 
[report] load_thread_ID : 1
[report] load_duration_ns : 24043042055
[report] load_duration_s : 24.043042
[report] load_throughput : 19368.763692
[report] load_average_latency_ns : 51629.521424
Load workloads needs: 25356274481 ns 
[report] load_thread_ID : 3
[report] load_duration_ns : 25356274481
[report] load_duration_s : 25.356274
[report] load_throughput : 18365.631763
[report] load_average_latency_ns : 54449.529039
Load workloads needs: 27435241500 ns 
[report] load_thread_ID : 0
[report] load_duration_ns : 27435241500
[report] load_duration_s : 27.435242
[report] load_throughput : 16973.934784
[report] load_average_latency_ns : 58913.858969
All clients run done needs: 27436571530 ns 
[report] load_overall_duration_ns : 27436571530
[report] load_overall_duration_s : 27.436572
[report] load_overall_throughput : 67892.447785
[report] load_overall_average_latency_ns : 14729.178762
