numactl --membind=2 /home/gxr/mongodb-run/test_mongodb/build//run_client --num_threads=20 --core_binding=0,1,2,3,4,5,6,7,8,9,10,11,12,13,14,15,16,17,18,19,20,21,22,23 --str_key_size=16 --str_key_size=256 --load_file=/home/gxr/mongodb-run/workloads/ycsb/workloada-load-10000000-10000000.log.formated --run_file=/home/gxr/mongodb-run/workloads/ycsb/workloada-run-10000000-10000000.log.formated --URI_set=mongodb://localhost:27017,mongodb://localhost:27018,mongodb://localhost:27019,mongodb://localhost:27020,mongodb://localhost:27021,mongodb://localhost:27022,mongodb://localhost:27023,mongodb://localhost:27024,mongodb://localhost:27025,mongodb://localhost:27026,mongodb://localhost:27027,mongodb://localhost:27028,mongodb://localhost:27029,mongodb://localhost:27030,mongodb://localhost:27031,mongodb://localhost:27032,mongodb://localhost:27033,mongodb://localhost:27034,mongodb://localhost:27035,mongodb://localhost:27036,mongodb://localhost:27037,mongodb://localhost:27038,mongodb://localhost:27039,mongodb://localhost:27040,mongodb://localhost:27041,mongodb://localhost:27042,mongodb://localhost:27043,mongodb://localhost:27044,mongodb://localhost:27045,mongodb://localhost:27046,mongodb://localhost:27047,mongodb://localhost:27048,mongodb://localhost:27049,mongodb://localhost:27050,mongodb://localhost:27051,mongodb://localhost:27052,mongodb://localhost:27053,mongodb://localhost:27054,mongodb://localhost:27055,mongodb://localhost:27056,mongodb://localhost:27057,mongodb://localhost:27058,mongodb://localhost:27059,mongodb://localhost:27060,mongodb://localhost:27061,mongodb://localhost:27062,mongodb://localhost:27063,mongodb://localhost:27064 --first_mode=true
mongodb://localhost:27017 mongodb://localhost:27018 mongodb://localhost:27019 mongodb://localhost:27020 mongodb://localhost:27021 mongodb://localhost:27022 mongodb://localhost:27023 mongodb://localhost:27024 mongodb://localhost:27025 mongodb://localhost:27026 mongodb://localhost:27027 mongodb://localhost:27028 mongodb://localhost:27029 mongodb://localhost:27030 mongodb://localhost:27031 mongodb://localhost:27032 mongodb://localhost:27033 mongodb://localhost:27034 mongodb://localhost:27035 mongodb://localhost:27036 mongodb://localhost:27037 mongodb://localhost:27038 mongodb://localhost:27039 mongodb://localhost:27040 mongodb://localhost:27041 mongodb://localhost:27042 mongodb://localhost:27043 mongodb://localhost:27044 mongodb://localhost:27045 mongodb://localhost:27046 mongodb://localhost:27047 mongodb://localhost:27048 mongodb://localhost:27049 mongodb://localhost:27050 mongodb://localhost:27051 mongodb://localhost:27052 mongodb://localhost:27053 mongodb://localhost:27054 mongodb://localhost:27055 mongodb://localhost:27056 mongodb://localhost:27057 mongodb://localhost:27058 mongodb://localhost:27059 mongodb://localhost:27060 mongodb://localhost:27061 mongodb://localhost:27062 mongodb://localhost:27063 mongodb://localhost:27064 reading workload files ...
load_filename : /home/gxr/mongodb-run/workloads/ycsb/workloada-load-10000000-10000000.log.formated
read load file needs: 1111694966 s 
run_filename : /home/gxr/mongodb-run/workloads/ycsb/workloada-run-10000000-10000000.log.formated
read run file needs: 1130966280 s 
num_of_load_ops is 1862736
num_of_run_ops is 1934501
0 1 2 3 4 5 6 7 8 9 10 11 12 13 14 15 16 17 18 19 20 21 22 23 URI: URI: URI: mongodb://localhost:27017URI: mongodb://localhost:27017
URI: mongodb://localhost:27017URI: mongodb://localhost:27017
mongodb://localhost:27017
mongodb://localhost:27017

URI: URI: 
mongodb://localhost:27017
mongodb://localhost:27017
URI: mongodb://localhost:27017
URI: mongodb://localhost:27017
URI: mongodb://localhost:27017
URI: mongodb://localhost:27017URI: mongodb://localhost:27017

URI: mongodb://localhost:27017
URI: mongodb://localhost:27017
URI: mongodb://localhost:27017URI: mongodb://localhost:27017

URI: mongodb://localhost:27017
URI: mongodb://localhost:27017
URI: mongodb://localhost:27017
Load workloads needs: 8966667044 ns 
[report] load_thread_ID : 3
[report] load_duration_ns : 8966667044
[report] load_duration_s : 8.966667
[report] load_throughput : 10386.914061
[report] load_average_latency_ns : 96274.985441
Load workloads needs: 9065028326 ns 
[report] load_thread_ID : 11
[report] load_duration_ns : 9065028326
[report] load_duration_s : 9.065028
[report] load_throughput : 10274.209484
[report] load_average_latency_ns : 97331.089224
Load workloads needs: 9184881605 ns 
[report] load_thread_ID : 6
[report] load_duration_ns : 9184881605
[report] load_duration_s : 9.184882
[report] load_throughput : 10140.141594
[report] load_average_latency_ns : 98617.952296
Load workloads needs: 9265204170 ns 
[report] load_thread_ID : 9
[report] load_duration_ns : 9265204170
[report] load_duration_s : 9.265204
[report] load_throughput : 10052.233960
[report] load_average_latency_ns : 99480.374613
Load workloads needs: 9283562291 ns 
[report] load_thread_ID : 5
[report] load_duration_ns : 9283562291
[report] load_duration_s : 9.283562
[report] load_throughput : 10032.355801
[report] load_average_latency_ns : 99677.485516
Load workloads needs: 9313980750 ns 
[report] load_thread_ID : 0
[report] load_duration_ns : 9313980750
[report] load_duration_s : 9.313981
[report] load_throughput : 9999.591206
[report] load_average_latency_ns : 100004.088108
Load workloads needs: 9351902659 ns 
[report] load_thread_ID : 7
[report] load_duration_ns : 9351902659
[report] load_duration_s : 9.351903
[report] load_throughput : 9959.042924
[report] load_average_latency_ns : 100411.255143
Load workloads needs: 9479783733 ns 
[report] load_thread_ID : 4
[report] load_duration_ns : 9479783733
[report] load_duration_s : 9.479784
[report] load_throughput : 9824.696704
[report] load_average_latency_ns : 101784.312543
Load workloads needs: 9494989234 ns 
[report] load_thread_ID : 8
[report] load_duration_ns : 9494989234
[report] load_duration_s : 9.494989
[report] load_throughput : 9808.963202
[report] load_average_latency_ns : 101947.573806
Load workloads needs: 9496055821 ns 
[report] load_thread_ID : 10
[report] load_duration_ns : 9496055821
[report] load_duration_s : 9.496056
[report] load_throughput : 9807.861470
[report] load_average_latency_ns : 101959.025737
Load workloads needs: 9548189822 ns 
[report] load_thread_ID : 1
[report] load_duration_ns : 9548189822
[report] load_duration_s : 9.548190
[report] load_throughput : 9754.309637
[report] load_average_latency_ns : 102518.787816
Load workloads needs: 9774772252 ns 
[report] load_thread_ID : 2
[report] load_duration_ns : 9774772252
[report] load_duration_s : 9.774772
[report] load_throughput : 9528.201537
[report] load_average_latency_ns : 104951.600369
Load workloads needs: 9971315217 ns 
[report] load_thread_ID : 12
[report] load_duration_ns : 9971315217
[report] load_duration_s : 9.971315
[report] load_throughput : 9340.392714
[report] load_average_latency_ns : 107061.879585
Load workloads needs: 10232784588 ns 
[report] load_thread_ID : 19
[report] load_duration_ns : 10232784588
[report] load_duration_s : 10.232785
[report] load_throughput : 9101.725850
[report] load_average_latency_ns : 109869.272762
Load workloads needs: 10241208548 ns 
[report] load_thread_ID : 13
[report] load_duration_ns : 10241208548
[report] load_duration_s : 10.241209
[report] load_throughput : 9094.239177
[report] load_average_latency_ns : 109959.720710
Load workloads needs: 10272763346 ns 
[report] load_thread_ID : 16
[report] load_duration_ns : 10272763346
[report] load_duration_s : 10.272763
[report] load_throughput : 9066.304446
[report] load_average_latency_ns : 110298.524158
Load workloads needs: 10280009238 ns 
[report] load_thread_ID : 18
[report] load_duration_ns : 10280009238
[report] load_duration_s : 10.280009
[report] load_throughput : 9059.914037
[report] load_average_latency_ns : 110376.323205
Load workloads needs: 10312105544 ns 
[report] load_thread_ID : 17
[report] load_duration_ns : 10312105544
[report] load_duration_s : 10.312106
[report] load_throughput : 9031.715163
[report] load_average_latency_ns : 110720.940818
Load workloads needs: 10392852946 ns 
[report] load_thread_ID : 15
[report] load_duration_ns : 10392852946
[report] load_duration_s : 10.392853
[report] load_throughput : 8961.543138
[report] load_average_latency_ns : 111587.924605
Load workloads needs: 10573762736 ns 
[report] load_thread_ID : 14
[report] load_duration_ns : 10573762736
[report] load_duration_s : 10.573763
[report] load_throughput : 8808.217313
[report] load_average_latency_ns : 113530.350627
All clients run done needs: 10574775249 ns 
[report] load_overall_duration_ns : 10574775249
[report] load_overall_duration_s : 10.574775
[report] load_overall_throughput : 176148.991930
[report] load_overall_average_latency_ns : 5677.012335
