numactl --membind=2 /home/gxr/mongodb-run/test_mongodb/build//run_client --num_threads=22 --core_binding=0,1,2,3,4,5,6,7,8,9,10,11,24,25,26,27,28,29,30,31,32,33,34,35,12,13,14,15,16,17,18,19,20,21,22,23,36,37,38,39,40,41,42,43,44,45,46,47 --str_key_size=16 --str_key_size=256 --load_file=/home/gxr/mongodb-run/workloads/ycsb/workloada-load-10000000-10000000.log.formated --run_file=/home/gxr/mongodb-run/workloads/ycsb/workloada-run-10000000-10000000.log.formated --URI_set=mongodb://localhost:27017,mongodb://localhost:27018,mongodb://localhost:27019,mongodb://localhost:27020,mongodb://localhost:27021,mongodb://localhost:27022,mongodb://localhost:27023,mongodb://localhost:27024,mongodb://localhost:27025,mongodb://localhost:27026,mongodb://localhost:27027,mongodb://localhost:27028,mongodb://localhost:27029,mongodb://localhost:27030,mongodb://localhost:27031,mongodb://localhost:27032,mongodb://localhost:27033,mongodb://localhost:27034,mongodb://localhost:27035,mongodb://localhost:27036,mongodb://localhost:27037,mongodb://localhost:27038,mongodb://localhost:27039,mongodb://localhost:27040,mongodb://localhost:27041,mongodb://localhost:27042,mongodb://localhost:27043,mongodb://localhost:27044,mongodb://localhost:27045,mongodb://localhost:27046,mongodb://localhost:27047,mongodb://localhost:27048,mongodb://localhost:27049,mongodb://localhost:27050,mongodb://localhost:27051,mongodb://localhost:27052,mongodb://localhost:27053,mongodb://localhost:27054,mongodb://localhost:27055,mongodb://localhost:27056,mongodb://localhost:27057,mongodb://localhost:27058,mongodb://localhost:27059,mongodb://localhost:27060,mongodb://localhost:27061,mongodb://localhost:27062,mongodb://localhost:27063,mongodb://localhost:27064 --first_mode=true
mongodb://localhost:27017 mongodb://localhost:27018 mongodb://localhost:27019 mongodb://localhost:27020 mongodb://localhost:27021 mongodb://localhost:27022 mongodb://localhost:27023 mongodb://localhost:27024 mongodb://localhost:27025 mongodb://localhost:27026 mongodb://localhost:27027 mongodb://localhost:27028 mongodb://localhost:27029 mongodb://localhost:27030 mongodb://localhost:27031 mongodb://localhost:27032 mongodb://localhost:27033 mongodb://localhost:27034 mongodb://localhost:27035 mongodb://localhost:27036 mongodb://localhost:27037 mongodb://localhost:27038 mongodb://localhost:27039 mongodb://localhost:27040 mongodb://localhost:27041 mongodb://localhost:27042 mongodb://localhost:27043 mongodb://localhost:27044 mongodb://localhost:27045 mongodb://localhost:27046 mongodb://localhost:27047 mongodb://localhost:27048 mongodb://localhost:27049 mongodb://localhost:27050 mongodb://localhost:27051 mongodb://localhost:27052 mongodb://localhost:27053 mongodb://localhost:27054 mongodb://localhost:27055 mongodb://localhost:27056 mongodb://localhost:27057 mongodb://localhost:27058 mongodb://localhost:27059 mongodb://localhost:27060 mongodb://localhost:27061 mongodb://localhost:27062 mongodb://localhost:27063 mongodb://localhost:27064 reading workload files ...
load_filename : /home/gxr/mongodb-run/workloads/ycsb/workloada-load-10000000-10000000.log.formated
read load file needs: 1132043024 s 
run_filename : /home/gxr/mongodb-run/workloads/ycsb/workloada-run-10000000-10000000.log.formated
read run file needs: 1131795044 s 
num_of_load_ops is 1862736
num_of_run_ops is 1934501
0 1 2 3 4 5 6 7 8 9 10 11 24 25 26 27 28 29 30 31 32 33 34 35 12 13 14 15 16 17 18 19 20 21 22 23 36 37 38 39 40 41 42 43 44 45 46 47 URI: URI: mongodb://localhost:27017
mongodb://localhost:27017
URI: mongodb://localhost:27017
URI: mongodb://localhost:27017
URI: mongodb://localhost:27017
URI: mongodb://localhost:27017
URI: URI: mongodb://localhost:27017
URI: mongodb://localhost:27017
mongodb://localhost:27017
URI: mongodb://localhost:27017
URI: URI: URI: mongodb://localhost:27017mongodb://localhost:27017mongodb://localhost:27017

URI: mongodb://localhost:27017

URI: mongodb://localhost:27017
URI: mongodb://localhost:27017
URI: mongodb://localhost:27017
URI: mongodb://localhost:27017
URI: mongodb://localhost:27017
URI: mongodb://localhost:27017
URI: mongodb://localhost:27017
URI: mongodb://localhost:27017
Load workloads needs: 6631165216 ns 
[report] load_thread_ID : 11
[report] load_duration_ns : 6631165216
[report] load_duration_s : 6.631165
[report] load_throughput : 12768.344211
[report] load_average_latency_ns : 78318.690619
Load workloads needs: 8742210043 ns 
[report] load_thread_ID : 10
[report] load_duration_ns : 8742210043
[report] load_duration_s : 8.742210
[report] load_throughput : 9685.079583
[report] load_average_latency_ns : 103251.603810
Load workloads needs: 10003042045 ns 
[report] load_thread_ID : 18
[report] load_duration_ns : 10003042045
[report] load_duration_s : 10.003042
[report] load_throughput : 8464.325114
[report] load_average_latency_ns : 118142.909979
Load workloads needs: 10125832619 ns 
[report] load_thread_ID : 4
[report] load_duration_ns : 10125832619
[report] load_duration_s : 10.125833
[report] load_throughput : 8361.682756
[report] load_average_latency_ns : 119593.152382
Load workloads needs: 10139123145 ns 
[report] load_thread_ID : 14
[report] load_duration_ns : 10139123145
[report] load_duration_s : 10.139123
[report] load_throughput : 8350.722127
[report] load_average_latency_ns : 119750.122772
Load workloads needs: 10154387031 ns 
[report] load_thread_ID : 16
[report] load_duration_ns : 10154387031
[report] load_duration_s : 10.154387
[report] load_throughput : 8338.169477
[report] load_average_latency_ns : 119930.399922
Load workloads needs: 10155245053 ns 
[report] load_thread_ID : 7
[report] load_duration_ns : 10155245053
[report] load_duration_s : 10.155245
[report] load_throughput : 8337.464981
[report] load_average_latency_ns : 119940.533761
Load workloads needs: 10160284605 ns 
[report] load_thread_ID : 13
[report] load_duration_ns : 10160284605
[report] load_duration_s : 10.160285
[report] load_throughput : 8333.329556
[report] load_average_latency_ns : 120000.054388
Load workloads needs: 10151713628 ns 
[report] load_thread_ID : 19
[report] load_duration_ns : 10151713628
[report] load_duration_s : 10.151714
[report] load_throughput : 8340.365292
[report] load_average_latency_ns : 119898.825166
Load workloads needs: 10166797999 ns 
[report] load_thread_ID : 17
[report] load_duration_ns : 10166797999
[report] load_duration_s : 10.166798
[report] load_throughput : 8327.990780
[report] load_average_latency_ns : 120076.982119
Load workloads needs: 10170223098 ns 
[report] load_thread_ID : 6
[report] load_duration_ns : 10170223098
[report] load_duration_s : 10.170223
[report] load_throughput : 8325.186103
[report] load_average_latency_ns : 120117.434929
Load workloads needs: 10173992938 ns 
[report] load_thread_ID : 0
[report] load_duration_ns : 10173992938
[report] load_duration_s : 10.173993
[report] load_throughput : 8322.101314
[report] load_average_latency_ns : 120161.959371
Load workloads needs: 10178277680 ns 
[report] load_thread_ID : 12
[report] load_duration_ns : 10178277680
[report] load_duration_s : 10.178278
[report] load_throughput : 8318.597965
[report] load_average_latency_ns : 120212.565166
Load workloads needs: 10179041166 ns 
[report] load_thread_ID : 8
[report] load_duration_ns : 10179041166
[report] load_duration_s : 10.179041
[report] load_throughput : 8317.974023
[report] load_average_latency_ns : 120221.582468
Load workloads needs: 10182165426 ns 
[report] load_thread_ID : 1
[report] load_duration_ns : 10182165426
[report] load_duration_s : 10.182165
[report] load_throughput : 8315.421765
[report] load_average_latency_ns : 120258.482160
Load workloads needs: 10185671768 ns 
[report] load_thread_ID : 2
[report] load_duration_ns : 10185671768
[report] load_duration_s : 10.185672
[report] load_throughput : 8312.559243
[report] load_average_latency_ns : 120299.894507
Load workloads needs: 10189998476 ns 
[report] load_thread_ID : 5
[report] load_duration_ns : 10189998476
[report] load_duration_s : 10.189998
[report] load_throughput : 8309.029702
[report] load_average_latency_ns : 120350.995949
Load workloads needs: 10195776133 ns 
[report] load_thread_ID : 21
[report] load_duration_ns : 10195776133
[report] load_duration_s : 10.195776
[report] load_throughput : 8304.321211
[report] load_average_latency_ns : 120419.234112
Load workloads needs: 10203657914 ns 
[report] load_thread_ID : 20
[report] load_duration_ns : 10203657914
[report] load_duration_s : 10.203658
[report] load_throughput : 8297.906566
[report] load_average_latency_ns : 120512.323448
Load workloads needs: 10224331702 ns 
[report] load_thread_ID : 15
[report] load_duration_ns : 10224331702
[report] load_duration_s : 10.224332
[report] load_throughput : 8281.128045
[report] load_average_latency_ns : 120756.495317
Load workloads needs: 10225678096 ns 
[report] load_thread_ID : 9
[report] load_duration_ns : 10225678096
[report] load_duration_s : 10.225678
[report] load_throughput : 8280.037686
[report] load_average_latency_ns : 120772.397170
Load workloads needs: 10229502072 ns 
[report] load_thread_ID : 3
[report] load_duration_ns : 10229502072
[report] load_duration_s : 10.229502
[report] load_throughput : 8276.942456
[report] load_average_latency_ns : 120817.560996
All clients run done needs: 10229596150 ns 
[report] load_overall_duration_ns : 10229596150
[report] load_overall_duration_s : 10.229596
[report] load_overall_throughput : 182092.818982
[report] load_overall_average_latency_ns : 5491.704756
