numactl --membind=2 /home/gxr/mongodb-run/test_mongodb/build//run_client --num_threads=32 --core_binding=0,1,2,3,4,5,6,7,8,9,10,11,24,25,26,27,28,29,30,31,32,33,34,35,12,13,14,15,16,17,18,19,20,21,22,23,36,37,38,39,40,41,42,43,44,45,46,47 --str_key_size=16 --str_key_size=256 --load_file=/home/gxr/mongodb-run/workloads/ycsb/workloada-load-10000000-10000000.log.formated --run_file=/home/gxr/mongodb-run/workloads/ycsb/workloada-run-10000000-10000000.log.formated --URI_set=mongodb://localhost:27017,mongodb://localhost:27018,mongodb://localhost:27019,mongodb://localhost:27020,mongodb://localhost:27021,mongodb://localhost:27022,mongodb://localhost:27023,mongodb://localhost:27024,mongodb://localhost:27025,mongodb://localhost:27026,mongodb://localhost:27027,mongodb://localhost:27028,mongodb://localhost:27029,mongodb://localhost:27030,mongodb://localhost:27031,mongodb://localhost:27032,mongodb://localhost:27033,mongodb://localhost:27034,mongodb://localhost:27035,mongodb://localhost:27036,mongodb://localhost:27037,mongodb://localhost:27038,mongodb://localhost:27039,mongodb://localhost:27040,mongodb://localhost:27041,mongodb://localhost:27042,mongodb://localhost:27043,mongodb://localhost:27044,mongodb://localhost:27045,mongodb://localhost:27046,mongodb://localhost:27047,mongodb://localhost:27048,mongodb://localhost:27049,mongodb://localhost:27050,mongodb://localhost:27051,mongodb://localhost:27052,mongodb://localhost:27053,mongodb://localhost:27054,mongodb://localhost:27055,mongodb://localhost:27056,mongodb://localhost:27057,mongodb://localhost:27058,mongodb://localhost:27059,mongodb://localhost:27060,mongodb://localhost:27061,mongodb://localhost:27062,mongodb://localhost:27063,mongodb://localhost:27064 --first_mode=true
mongodb://localhost:27017 mongodb://localhost:27018 mongodb://localhost:27019 mongodb://localhost:27020 mongodb://localhost:27021 mongodb://localhost:27022 mongodb://localhost:27023 mongodb://localhost:27024 mongodb://localhost:27025 mongodb://localhost:27026 mongodb://localhost:27027 mongodb://localhost:27028 mongodb://localhost:27029 mongodb://localhost:27030 mongodb://localhost:27031 mongodb://localhost:27032 mongodb://localhost:27033 mongodb://localhost:27034 mongodb://localhost:27035 mongodb://localhost:27036 mongodb://localhost:27037 mongodb://localhost:27038 mongodb://localhost:27039 mongodb://localhost:27040 mongodb://localhost:27041 mongodb://localhost:27042 mongodb://localhost:27043 mongodb://localhost:27044 mongodb://localhost:27045 mongodb://localhost:27046 mongodb://localhost:27047 mongodb://localhost:27048 mongodb://localhost:27049 mongodb://localhost:27050 mongodb://localhost:27051 mongodb://localhost:27052 mongodb://localhost:27053 mongodb://localhost:27054 mongodb://localhost:27055 mongodb://localhost:27056 mongodb://localhost:27057 mongodb://localhost:27058 mongodb://localhost:27059 mongodb://localhost:27060 mongodb://localhost:27061 mongodb://localhost:27062 mongodb://localhost:27063 mongodb://localhost:27064 reading workload files ...
load_filename : /home/gxr/mongodb-run/workloads/ycsb/workloada-load-10000000-10000000.log.formated
read load file needs: 1069425368 s 
run_filename : /home/gxr/mongodb-run/workloads/ycsb/workloada-run-10000000-10000000.log.formated
read run file needs: 1128123541 s 
num_of_load_ops is 1862736
num_of_run_ops is 1934501
0 1 2 3 4 5 6 7 8 9 10 11 24 25 26 27 28 29 30 31 32 33 34 35 12 13 14 15 16 17 18 19 20 21 22 23 36 37 38 39 40 41 42 43 44 45 46 47 URI: URI: URI: mongodb://localhost:27017mongodb://localhost:27017
URI: URI: URI: URI: mongodb://localhost:27017

mongodb://localhost:27017mongodb://localhost:27017

mongodb://localhost:27017mongodb://localhost:27017URI: URI: URI: 
mongodb://localhost:27017

URI: mongodb://localhost:27017
URI: mongodb://localhost:27017
mongodb://localhost:27017URI: mongodb://localhost:27017
URI: mongodb://localhost:27017

URI: mongodb://localhost:27017
URI: mongodb://localhost:27017
mongodb://localhost:27017
URI: mongodb://localhost:27017
URI: mongodb://localhost:27017
URI: mongodb://localhost:27017
URI: mongodb://localhost:27017
URI: mongodb://localhost:27017
URI: mongodb://localhost:27017
URI: mongodb://localhost:27017
URI: mongodb://localhost:27017
URI: mongodb://localhost:27017
URI: mongodb://localhost:27017
URI: mongodb://localhost:27017
URI: mongodb://localhost:27017
URI: mongodb://localhost:27017
URI: mongodb://localhost:27017
URI: mongodb://localhost:27017
URI: mongodb://localhost:27017
Load workloads needs: 7492713913 ns 
[report] load_thread_ID : 28
[report] load_duration_ns : 7492713913
[report] load_duration_s : 7.492714
[report] load_throughput : 7768.880632
[report] load_average_latency_ns : 128718.672273
Load workloads needs: 7750168132 ns 
[report] load_thread_ID : 27
[report] load_duration_ns : 7750168132
[report] load_duration_s : 7.750168
[report] load_throughput : 7510.804799
[report] load_average_latency_ns : 133141.524343
Load workloads needs: 7887096114 ns 
[report] load_thread_ID : 29
[report] load_duration_ns : 7887096114
[report] load_duration_s : 7.887096
[report] load_throughput : 7380.409616
[report] load_average_latency_ns : 135493.834633
Load workloads needs: 7925874628 ns 
[report] load_thread_ID : 30
[report] load_duration_ns : 7925874628
[report] load_duration_s : 7.925875
[report] load_throughput : 7344.299870
[report] load_average_latency_ns : 136160.017660
Load workloads needs: 7951916797 ns 
[report] load_thread_ID : 24
[report] load_duration_ns : 7951916797
[report] load_duration_s : 7.951917
[report] load_throughput : 7320.247619
[report] load_average_latency_ns : 136607.400739
Load workloads needs: 8087204965 ns 
[report] load_thread_ID : 26
[report] load_duration_ns : 8087204965
[report] load_duration_s : 8.087205
[report] load_throughput : 7197.789626
[report] load_average_latency_ns : 138931.540371
Load workloads needs: 8179194547 ns 
[report] load_thread_ID : 31
[report] load_duration_ns : 8179194547
[report] load_duration_s : 8.179195
[report] load_throughput : 7116.837687
[report] load_average_latency_ns : 140511.845851
Load workloads needs: 8292290208 ns 
[report] load_thread_ID : 25
[report] load_duration_ns : 8292290208
[report] load_duration_s : 8.292290
[report] load_throughput : 7019.773614
[report] load_average_latency_ns : 142454.736437
Load workloads needs: 8636544893 ns 
[report] load_thread_ID : 21
[report] load_duration_ns : 8636544893
[report] load_duration_s : 8.636545
[report] load_throughput : 6739.963807
[report] load_average_latency_ns : 148368.749236
Load workloads needs: 8657575571 ns 
[report] load_thread_ID : 20
[report] load_duration_ns : 8657575571
[report] load_duration_s : 8.657576
[report] load_throughput : 6723.591324
[report] load_average_latency_ns : 148730.039014
Load workloads needs: 8680580053 ns 
[report] load_thread_ID : 12
[report] load_duration_ns : 8680580053
[report] load_duration_s : 8.680580
[report] load_throughput : 6705.773076
[report] load_average_latency_ns : 149125.237124
Load workloads needs: 8702497034 ns 
[report] load_thread_ID : 19
[report] load_duration_ns : 8702497034
[report] load_duration_s : 8.702497
[report] load_throughput : 6688.884785
[report] load_average_latency_ns : 149501.752860
Load workloads needs: 8732302095 ns 
[report] load_thread_ID : 4
[report] load_duration_ns : 8732302095
[report] load_duration_s : 8.732302
[report] load_throughput : 6666.054308
[report] load_average_latency_ns : 150013.779333
Load workloads needs: 8829714602 ns 
[report] load_thread_ID : 11
[report] load_duration_ns : 8829714602
[report] load_duration_s : 8.829715
[report] load_throughput : 6592.512060
[report] load_average_latency_ns : 151687.246212
Load workloads needs: 8835691373 ns 
[report] load_thread_ID : 16
[report] load_duration_ns : 8835691373
[report] load_duration_s : 8.835691
[report] load_throughput : 6588.052654
[report] load_average_latency_ns : 151789.922230
Load workloads needs: 8879517053 ns 
[report] load_thread_ID : 2
[report] load_duration_ns : 8879517053
[report] load_duration_s : 8.879517
[report] load_throughput : 6555.536709
[report] load_average_latency_ns : 152542.811424
Load workloads needs: 8950966195 ns 
[report] load_thread_ID : 7
[report] load_duration_ns : 8950966195
[report] load_duration_s : 8.950966
[report] load_throughput : 6503.208562
[report] load_average_latency_ns : 153770.249012
Load workloads needs: 8950898983 ns 
[report] load_thread_ID : 18
[report] load_duration_ns : 8950898983
[report] load_duration_s : 8.950899
[report] load_throughput : 6503.257395
[report] load_average_latency_ns : 153769.094365
Load workloads needs: 8965328611 ns 
[report] load_thread_ID : 10
[report] load_duration_ns : 8965328611
[report] load_duration_s : 8.965329
[report] load_throughput : 6492.790451
[report] load_average_latency_ns : 154016.983525
Load workloads needs: 8965413011 ns 
[report] load_thread_ID : 15
[report] load_duration_ns : 8965413011
[report] load_duration_s : 8.965413
[report] load_throughput : 6492.729329
[report] load_average_latency_ns : 154018.433448
Load workloads needs: 8979337958 ns 
[report] load_thread_ID : 23
[report] load_duration_ns : 8979337958
[report] load_duration_s : 8.979338
[report] load_throughput : 6482.660556
[report] load_average_latency_ns : 154257.652603
Load workloads needs: 8986245059 ns 
[report] load_thread_ID : 9
[report] load_duration_ns : 8986245059
[report] load_duration_s : 8.986245
[report] load_throughput : 6477.677786
[report] load_average_latency_ns : 154376.310926
Load workloads needs: 9023679395 ns 
[report] load_thread_ID : 22
[report] load_duration_ns : 9023679395
[report] load_duration_s : 9.023679
[report] load_throughput : 6450.805426
[report] load_average_latency_ns : 155019.402079
Load workloads needs: 9041037456 ns 
[report] load_thread_ID : 6
[report] load_duration_ns : 9041037456
[report] load_duration_s : 9.041037
[report] load_throughput : 6438.420401
[report] load_average_latency_ns : 155317.599313
Load workloads needs: 9041814960 ns 
[report] load_thread_ID : 17
[report] load_duration_ns : 9041814960
[report] load_duration_s : 9.041815
[report] load_throughput : 6437.866762
[report] load_average_latency_ns : 155330.956193
Load workloads needs: 9065687134 ns 
[report] load_thread_ID : 13
[report] load_duration_ns : 9065687134
[report] load_duration_s : 9.065687
[report] load_throughput : 6420.914283
[report] load_average_latency_ns : 155741.060539
Load workloads needs: 9077129450 ns 
[report] load_thread_ID : 8
[report] load_duration_ns : 9077129450
[report] load_duration_s : 9.077129
[report] load_throughput : 6412.820300
[report] load_average_latency_ns : 155937.630132
Load workloads needs: 9093979121 ns 
[report] load_thread_ID : 14
[report] load_duration_ns : 9093979121
[report] load_duration_s : 9.093979
[report] load_throughput : 6400.938382
[report] load_average_latency_ns : 156227.093644
Load workloads needs: 9132086260 ns 
[report] load_thread_ID : 0
[report] load_duration_ns : 9132086260
[report] load_duration_s : 9.132086
[report] load_throughput : 6374.228007
[report] load_average_latency_ns : 156881.742999
Load workloads needs: 9161797231 ns 
[report] load_thread_ID : 5
[report] load_duration_ns : 9161797231
[report] load_duration_s : 9.161797
[report] load_throughput : 6353.556899
[report] load_average_latency_ns : 157392.153084
Load workloads needs: 9178261410 ns 
[report] load_thread_ID : 3
[report] load_duration_ns : 9178261410
[report] load_duration_s : 9.178261
[report] load_throughput : 6342.159740
[report] load_average_latency_ns : 157674.994159
Load workloads needs: 9180387716 ns 
[report] load_thread_ID : 1
[report] load_duration_ns : 9180387716
[report] load_duration_s : 9.180388
[report] load_throughput : 6340.690807
[report] load_average_latency_ns : 157711.522350
All clients run done needs: 9180563111 ns 
[report] load_overall_duration_ns : 9180563111
[report] load_overall_duration_s : 9.180563
[report] load_overall_throughput : 202899.972200
[report] load_overall_average_latency_ns : 4928.536900
