numactl --membind=2 /home/gxr/mongodb-run/test_mongodb/build//run_client --num_threads=40 --core_binding=0,1,2,3,4,5,6,7,8,9,10,11,24,25,26,27,28,29,30,31,32,33,34,35,12,13,14,15,16,17,18,19,20,21,22,23,36,37,38,39,40,41,42,43,44,45,46,47 --str_key_size=16 --str_key_size=256 --load_file=/home/gxr/mongodb-run/workloads/ycsb/workloada-load-10000000-10000000.log.formated --run_file=/home/gxr/mongodb-run/workloads/ycsb/workloada-run-10000000-10000000.log.formated --URI_set=mongodb://localhost:27017,mongodb://localhost:27018,mongodb://localhost:27019,mongodb://localhost:27020,mongodb://localhost:27021,mongodb://localhost:27022,mongodb://localhost:27023,mongodb://localhost:27024,mongodb://localhost:27025,mongodb://localhost:27026,mongodb://localhost:27027,mongodb://localhost:27028,mongodb://localhost:27029,mongodb://localhost:27030,mongodb://localhost:27031,mongodb://localhost:27032,mongodb://localhost:27033,mongodb://localhost:27034,mongodb://localhost:27035,mongodb://localhost:27036,mongodb://localhost:27037,mongodb://localhost:27038,mongodb://localhost:27039,mongodb://localhost:27040,mongodb://localhost:27041,mongodb://localhost:27042,mongodb://localhost:27043,mongodb://localhost:27044,mongodb://localhost:27045,mongodb://localhost:27046,mongodb://localhost:27047,mongodb://localhost:27048,mongodb://localhost:27049,mongodb://localhost:27050,mongodb://localhost:27051,mongodb://localhost:27052,mongodb://localhost:27053,mongodb://localhost:27054,mongodb://localhost:27055,mongodb://localhost:27056,mongodb://localhost:27057,mongodb://localhost:27058,mongodb://localhost:27059,mongodb://localhost:27060,mongodb://localhost:27061,mongodb://localhost:27062,mongodb://localhost:27063,mongodb://localhost:27064 --first_mode=true
mongodb://localhost:27017 mongodb://localhost:27018 mongodb://localhost:27019 mongodb://localhost:27020 mongodb://localhost:27021 mongodb://localhost:27022 mongodb://localhost:27023 mongodb://localhost:27024 mongodb://localhost:27025 mongodb://localhost:27026 mongodb://localhost:27027 mongodb://localhost:27028 mongodb://localhost:27029 mongodb://localhost:27030 mongodb://localhost:27031 mongodb://localhost:27032 mongodb://localhost:27033 mongodb://localhost:27034 mongodb://localhost:27035 mongodb://localhost:27036 mongodb://localhost:27037 mongodb://localhost:27038 mongodb://localhost:27039 mongodb://localhost:27040 mongodb://localhost:27041 mongodb://localhost:27042 mongodb://localhost:27043 mongodb://localhost:27044 mongodb://localhost:27045 mongodb://localhost:27046 mongodb://localhost:27047 mongodb://localhost:27048 mongodb://localhost:27049 mongodb://localhost:27050 mongodb://localhost:27051 mongodb://localhost:27052 mongodb://localhost:27053 mongodb://localhost:27054 mongodb://localhost:27055 mongodb://localhost:27056 mongodb://localhost:27057 mongodb://localhost:27058 mongodb://localhost:27059 mongodb://localhost:27060 mongodb://localhost:27061 mongodb://localhost:27062 mongodb://localhost:27063 mongodb://localhost:27064 reading workload files ...
load_filename : /home/gxr/mongodb-run/workloads/ycsb/workloada-load-10000000-10000000.log.formated
read load file needs: 1133870504 s 
run_filename : /home/gxr/mongodb-run/workloads/ycsb/workloada-run-10000000-10000000.log.formated
read run file needs: 1128901390 s 
num_of_load_ops is 1862736
num_of_run_ops is 1934501
0 1 2 3 4 5 6 7 8 9 10 11 24 25 26 27 28 29 30 31 32 33 34 35 12 13 14 15 16 17 18 19 20 21 22 23 36 37 38 39 40 41 42 43 44 45 46 47 URI: URI: URI: URI: mongodb://localhost:27017mongodb://localhost:27017
URI: URI: mongodb://localhost:27017mongodb://localhost:27017
mongodb://localhost:27017

URI: mongodb://localhost:27017mongodb://localhost:27017
URI: mongodb://localhost:27017


URI: mongodb://localhost:27017
URI: mongodb://localhost:27017
URI: mongodb://localhost:27017
URI: mongodb://localhost:27017
URI: mongodb://localhost:27017
URI: mongodb://localhost:27017
URI: mongodb://localhost:27017
URI: mongodb://localhost:27017
URI: mongodb://localhost:27017
URI: mongodb://localhost:27017
URI: mongodb://localhost:27017
URI: mongodb://localhost:27017
URI: mongodb://localhost:27017
URI: mongodb://localhost:27017
URI: mongodb://localhost:27017
URI: mongodb://localhost:27017
URI: mongodb://localhost:27017
URI: mongodb://localhost:27017
URI: mongodb://localhost:27017
URI: mongodb://localhost:27017
URI: mongodb://localhost:27017
URI: mongodb://localhost:27017
URI: mongodb://localhost:27017
URI: mongodb://localhost:27017
URI: mongodb://localhost:27017
URI: mongodb://localhost:27017
URI: mongodb://localhost:27017
URI: mongodb://localhost:27017
URI: mongodb://localhost:27017
URI: mongodb://localhost:27017
URI: mongodb://localhost:27017
URI: mongodb://localhost:27017
Load workloads needs: 7739623626 ns 
[report] load_thread_ID : 16
[report] load_duration_ns : 7739623626
[report] load_duration_s : 7.739624
[report] load_throughput : 6016.830049
[report] load_average_latency_ns : 166200.472986
Load workloads needs: 7759241417 ns 
[report] load_thread_ID : 14
[report] load_duration_ns : 7759241417
[report] load_duration_s : 7.759241
[report] load_throughput : 6001.617619
[report] load_average_latency_ns : 166621.744911
Load workloads needs: 7778396854 ns 
[report] load_thread_ID : 9
[report] load_duration_ns : 7778396854
[report] load_duration_s : 7.778397
[report] load_throughput : 5986.837760
[report] load_average_latency_ns : 167033.088258
Load workloads needs: 7794407840 ns 
[report] load_thread_ID : 4
[report] load_duration_ns : 7794407840
[report] load_duration_s : 7.794408
[report] load_throughput : 5974.539818
[report] load_average_latency_ns : 167376.907748
Load workloads needs: 7798406993 ns 
[report] load_thread_ID : 18
[report] load_duration_ns : 7798406993
[report] load_duration_s : 7.798407
[report] load_throughput : 5971.475975
[report] load_average_latency_ns : 167462.785454
Load workloads needs: 7838679489 ns 
[report] load_thread_ID : 22
[report] load_duration_ns : 7838679489
[report] load_duration_s : 7.838679
[report] load_throughput : 5940.796542
[report] load_average_latency_ns : 168327.595967
Load workloads needs: 7860263826 ns 
[report] load_thread_ID : 21
[report] load_duration_ns : 7860263826
[report] load_duration_s : 7.860264
[report] load_throughput : 5924.483075
[report] load_average_latency_ns : 168791.097449
Load workloads needs: 7866638795 ns 
[report] load_thread_ID : 20
[report] load_duration_ns : 7866638795
[report] load_duration_s : 7.866639
[report] load_throughput : 5919.681990
[report] load_average_latency_ns : 168927.993365
Load workloads needs: 7886032974 ns 
[report] load_thread_ID : 3
[report] load_duration_ns : 7886032974
[report] load_duration_s : 7.886033
[report] load_throughput : 5905.123673
[report] load_average_latency_ns : 169344.463451
Load workloads needs: 7937779695 ns 
[report] load_thread_ID : 2
[report] load_duration_ns : 7937779695
[report] load_duration_s : 7.937780
[report] load_throughput : 5866.627922
[report] load_average_latency_ns : 170455.671169
Load workloads needs: 7942417346 ns 
[report] load_thread_ID : 19
[report] load_duration_ns : 7942417346
[report] load_duration_s : 7.942417
[report] load_throughput : 5863.202344
[report] load_average_latency_ns : 170555.259964
Load workloads needs: 7977506723 ns 
[report] load_thread_ID : 17
[report] load_duration_ns : 7977506723
[report] load_duration_s : 7.977507
[report] load_throughput : 5837.412818
[report] load_average_latency_ns : 171308.768317
Load workloads needs: 7982377645 ns 
[report] load_thread_ID : 13
[report] load_duration_ns : 7982377645
[report] load_duration_s : 7.982378
[report] load_throughput : 5833.850774
[report] load_average_latency_ns : 171413.366367
Load workloads needs: 7984145209 ns 
[report] load_thread_ID : 15
[report] load_duration_ns : 7984145209
[report] load_duration_s : 7.984145
[report] load_throughput : 5832.559251
[report] load_average_latency_ns : 171451.322990
Load workloads needs: 7993948439 ns 
[report] load_thread_ID : 12
[report] load_duration_ns : 7993948439
[report] load_duration_s : 7.993948
[report] load_throughput : 5825.406600
[report] load_average_latency_ns : 171661.837292
Load workloads needs: 8042765969 ns 
[report] load_thread_ID : 23
[report] load_duration_ns : 8042765969
[report] load_duration_s : 8.042766
[report] load_throughput : 5790.047874
[report] load_average_latency_ns : 172710.143639
Load workloads needs: 8050279446 ns 
[report] load_thread_ID : 7
[report] load_duration_ns : 8050279446
[report] load_duration_s : 8.050279
[report] load_throughput : 5784.643914
[report] load_average_latency_ns : 172871.487846
Load workloads needs: 8069101017 ns 
[report] load_thread_ID : 1
[report] load_duration_ns : 8069101017
[report] load_duration_s : 8.069101
[report] load_throughput : 5771.150950
[report] load_average_latency_ns : 173275.661763
Load workloads needs: 8077395228 ns 
[report] load_thread_ID : 8
[report] load_duration_ns : 8077395228
[report] load_duration_s : 8.077395
[report] load_throughput : 5765.224888
[report] load_average_latency_ns : 173453.771431
Load workloads needs: 8082750134 ns 
[report] load_thread_ID : 11
[report] load_duration_ns : 8082750134
[report] load_duration_s : 8.082750
[report] load_throughput : 5761.405367
[report] load_average_latency_ns : 173568.762541
Load workloads needs: 8092254079 ns 
[report] load_thread_ID : 0
[report] load_duration_ns : 8092254079
[report] load_duration_s : 8.092254
[report] load_throughput : 5754.638886
[report] load_average_latency_ns : 173772.850004
Load workloads needs: 8106145405 ns 
[report] load_thread_ID : 6
[report] load_duration_ns : 8106145405
[report] load_duration_s : 8.106145
[report] load_throughput : 5744.777286
[report] load_average_latency_ns : 174071.151971
Load workloads needs: 8109474547 ns 
[report] load_thread_ID : 10
[report] load_duration_ns : 8109474547
[report] load_duration_s : 8.109475
[report] load_throughput : 5742.418911
[report] load_average_latency_ns : 174142.641879
Load workloads needs: 8137689354 ns 
[report] load_thread_ID : 5
[report] load_duration_ns : 8137689354
[report] load_duration_s : 8.137689
[report] load_throughput : 5722.508930
[report] load_average_latency_ns : 174748.525898
Load workloads needs: 8300940462 ns 
[report] load_thread_ID : 25
[report] load_duration_ns : 8300940462
[report] load_duration_s : 8.300940
[report] load_throughput : 5609.966752
[report] load_average_latency_ns : 178254.175872
Load workloads needs: 8309799018 ns 
[report] load_thread_ID : 39
[report] load_duration_ns : 8309799018
[report] load_duration_s : 8.309799
[report] load_throughput : 5603.986318
[report] load_average_latency_ns : 178444.404269
Load workloads needs: 8323574766 ns 
[report] load_thread_ID : 33
[report] load_duration_ns : 8323574766
[report] load_duration_s : 8.323575
[report] load_throughput : 5594.711564
[report] load_average_latency_ns : 178740.224317
Load workloads needs: 8332486241 ns 
[report] load_thread_ID : 32
[report] load_duration_ns : 8332486241
[report] load_duration_s : 8.332486
[report] load_throughput : 5588.728100
[report] load_average_latency_ns : 178931.589096
Load workloads needs: 8410190283 ns 
[report] load_thread_ID : 34
[report] load_duration_ns : 8410190283
[report] load_duration_s : 8.410190
[report] load_throughput : 5537.092317
[report] load_average_latency_ns : 180600.203638
Load workloads needs: 8419516952 ns 
[report] load_thread_ID : 26
[report] load_duration_ns : 8419516952
[report] load_duration_s : 8.419517
[report] load_throughput : 5530.958636
[report] load_average_latency_ns : 180800.484281
Load workloads needs: 8422949645 ns 
[report] load_thread_ID : 24
[report] load_duration_ns : 8422949645
[report] load_duration_s : 8.422950
[report] load_throughput : 5528.704547
[report] load_average_latency_ns : 180874.197840
Load workloads needs: 8460374864 ns 
[report] load_thread_ID : 38
[report] load_duration_ns : 8460374864
[report] load_duration_s : 8.460375
[report] load_throughput : 5504.247832
[report] load_average_latency_ns : 181677.866002
Load workloads needs: 8479841878 ns 
[report] load_thread_ID : 37
[report] load_duration_ns : 8479841878
[report] load_duration_s : 8.479842
[report] load_throughput : 5491.611833
[report] load_average_latency_ns : 182095.900146
Load workloads needs: 8481220959 ns 
[report] load_thread_ID : 28
[report] load_duration_ns : 8481220959
[report] load_duration_s : 8.481221
[report] load_throughput : 5490.718875
[report] load_average_latency_ns : 182125.514495
Load workloads needs: 8501477265 ns 
[report] load_thread_ID : 35
[report] load_duration_ns : 8501477265
[report] load_duration_s : 8.501477
[report] load_throughput : 5477.636245
[report] load_average_latency_ns : 182560.497874
Load workloads needs: 8512145078 ns 
[report] load_thread_ID : 30
[report] load_duration_ns : 8512145078
[report] load_duration_s : 8.512145
[report] load_throughput : 5470.771418
[report] load_average_latency_ns : 182789.578208
Load workloads needs: 8534349966 ns 
[report] load_thread_ID : 27
[report] load_duration_ns : 8534349966
[report] load_duration_s : 8.534350
[report] load_throughput : 5456.537426
[report] load_average_latency_ns : 183266.405386
Load workloads needs: 8537165359 ns 
[report] load_thread_ID : 29
[report] load_duration_ns : 8537165359
[report] load_duration_s : 8.537165
[report] load_throughput : 5454.737965
[report] load_average_latency_ns : 183326.863060
Load workloads needs: 8551974786 ns 
[report] load_thread_ID : 31
[report] load_duration_ns : 8551974786
[report] load_duration_s : 8.551975
[report] load_throughput : 5445.292013
[report] load_average_latency_ns : 183644.880304
Load workloads needs: 8559178641 ns 
[report] load_thread_ID : 36
[report] load_duration_ns : 8559178641
[report] load_duration_s : 8.559179
[report] load_throughput : 5440.708969
[report] load_average_latency_ns : 183799.575696
All clients run done needs: 8559365360 ns 
[report] load_overall_duration_ns : 8559365360
[report] load_overall_duration_s : 8.559365
[report] load_overall_throughput : 217625.480588
[report] load_overall_average_latency_ns : 4595.050163
