numactl --membind=2 /home/gxr/mongodb-run/test_mongodb/build//run_client --num_threads=46 --core_binding=0,1,2,3,4,5,6,7,8,9,10,11,24,25,26,27,28,29,30,31,32,33,34,35,12,13,14,15,16,17,18,19,20,21,22,23,36,37,38,39,40,41,42,43,44,45,46,47 --str_key_size=16 --str_key_size=256 --load_file=/home/gxr/mongodb-run/workloads/ycsb/workloada-load-10000000-10000000.log.formated --run_file=/home/gxr/mongodb-run/workloads/ycsb/workloada-run-10000000-10000000.log.formated --URI_set=mongodb://localhost:27017,mongodb://localhost:27018,mongodb://localhost:27019,mongodb://localhost:27020,mongodb://localhost:27021,mongodb://localhost:27022,mongodb://localhost:27023,mongodb://localhost:27024,mongodb://localhost:27025,mongodb://localhost:27026,mongodb://localhost:27027,mongodb://localhost:27028,mongodb://localhost:27029,mongodb://localhost:27030,mongodb://localhost:27031,mongodb://localhost:27032,mongodb://localhost:27033,mongodb://localhost:27034,mongodb://localhost:27035,mongodb://localhost:27036,mongodb://localhost:27037,mongodb://localhost:27038,mongodb://localhost:27039,mongodb://localhost:27040,mongodb://localhost:27041,mongodb://localhost:27042,mongodb://localhost:27043,mongodb://localhost:27044,mongodb://localhost:27045,mongodb://localhost:27046,mongodb://localhost:27047,mongodb://localhost:27048,mongodb://localhost:27049,mongodb://localhost:27050,mongodb://localhost:27051,mongodb://localhost:27052,mongodb://localhost:27053,mongodb://localhost:27054,mongodb://localhost:27055,mongodb://localhost:27056,mongodb://localhost:27057,mongodb://localhost:27058,mongodb://localhost:27059,mongodb://localhost:27060,mongodb://localhost:27061,mongodb://localhost:27062,mongodb://localhost:27063,mongodb://localhost:27064 --first_mode=false
mongodb://localhost:27017 mongodb://localhost:27018 mongodb://localhost:27019 mongodb://localhost:27020 mongodb://localhost:27021 mongodb://localhost:27022 mongodb://localhost:27023 mongodb://localhost:27024 mongodb://localhost:27025 mongodb://localhost:27026 mongodb://localhost:27027 mongodb://localhost:27028 mongodb://localhost:27029 mongodb://localhost:27030 mongodb://localhost:27031 mongodb://localhost:27032 mongodb://localhost:27033 mongodb://localhost:27034 mongodb://localhost:27035 mongodb://localhost:27036 mongodb://localhost:27037 mongodb://localhost:27038 mongodb://localhost:27039 mongodb://localhost:27040 mongodb://localhost:27041 mongodb://localhost:27042 mongodb://localhost:27043 mongodb://localhost:27044 mongodb://localhost:27045 mongodb://localhost:27046 mongodb://localhost:27047 mongodb://localhost:27048 mongodb://localhost:27049 mongodb://localhost:27050 mongodb://localhost:27051 mongodb://localhost:27052 mongodb://localhost:27053 mongodb://localhost:27054 mongodb://localhost:27055 mongodb://localhost:27056 mongodb://localhost:27057 mongodb://localhost:27058 mongodb://localhost:27059 mongodb://localhost:27060 mongodb://localhost:27061 mongodb://localhost:27062 mongodb://localhost:27063 mongodb://localhost:27064 reading workload files ...
load_filename : /home/gxr/mongodb-run/workloads/ycsb/workloada-load-10000000-10000000.log.formated
read load file needs: 1424994614 s 
run_filename : /home/gxr/mongodb-run/workloads/ycsb/workloada-run-10000000-10000000.log.formated
read run file needs: 1328317813 s 
num_of_load_ops is 1862736
num_of_run_ops is 1934501
0 1 2 3 4 5 6 7 8 9 10 11 24 25 26 27 28 29 30 31 32 33 34 35 12 13 14 15 16 17 18 19 20 21 22 23 36 37 38 39 40 41 42 43 44 45 46 47 URI: URI: URI: URI: URI: URI: mongodb://localhost:27019mongodb://localhost:27020

mongodb://localhost:27017mongodb://localhost:27022URI: URI: mongodb://localhost:27024mongodb://localhost:27025URI: mongodb://localhost:27023

URI: mongodb://localhost:27028
URI: mongodb://localhost:27029mongodb://localhost:27021


URI: 
mongodb://localhost:27018
mongodb://localhost:27026URI: 
mongodb://localhost:27027

URI: mongodb://localhost:27031
URI: mongodb://localhost:27032
URI: mongodb://localhost:27030
URI: mongodb://localhost:27034
URI: mongodb://localhost:27035
URI: mongodb://localhost:27036
URI: mongodb://localhost:27037
URI: mongodb://localhost:27038
URI: mongodb://localhost:27040
URI: mongodb://localhost:27041
URI: URI: mongodb://localhost:27042
mongodb://localhost:27039
URI: mongodb://localhost:27043
URI: mongodb://localhost:27044
URI: mongodb://localhost:27045
URI: mongodb://localhost:27046
URI: mongodb://localhost:27048
URI: mongodb://localhost:27050URI: URI: mongodb://localhost:27047
mongodb://localhost:27053
URI: mongodb://localhost:27054
URI: mongodb://localhost:27051
URI: mongodb://localhost:27055
URI: mongodb://localhost:27056
URI: mongodb://localhost:27057

URI: mongodb://localhost:27059
URI: mongodb://localhost:27060
URI: mongodb://localhost:27052
URI: mongodb://localhost:27062
URI: mongodb://localhost:27061
URI: mongodb://localhost:27058
URI: mongodb://localhost:27033
URI: mongodb://localhost:27049
Load workloads needs: 8760840468 ns 
[report] load_thread_ID : 18
[report] load_duration_ns : 8760840468
[report] load_duration_s : 8.760840
[report] load_throughput : 4622.159272
[report] load_average_latency_ns : 216349.100311
Load workloads needs: 8972066359 ns 
[report] load_thread_ID : 17
[report] load_duration_ns : 8972066359
[report] load_duration_s : 8.972066
[report] load_throughput : 4513.341563
[report] load_average_latency_ns : 221565.327184
Load workloads needs: 9148928321 ns 
[report] load_thread_ID : 12
[report] load_duration_ns : 9148928321
[report] load_duration_s : 9.148928
[report] load_throughput : 4426.092169
[report] load_average_latency_ns : 225932.936262
Load workloads needs: 9153347370 ns 
[report] load_thread_ID : 15
[report] load_duration_ns : 9153347370
[report] load_duration_s : 9.153347
[report] load_throughput : 4423.955343
[report] load_average_latency_ns : 226042.064750
Load workloads needs: 9172602028 ns 
[report] load_thread_ID : 13
[report] load_duration_ns : 9172602028
[report] load_duration_s : 9.172602
[report] load_throughput : 4414.668801
[report] load_average_latency_ns : 226517.558848
Load workloads needs: 9210054315 ns 
[report] load_thread_ID : 1
[report] load_duration_ns : 9210054315
[report] load_duration_s : 9.210054
[report] load_throughput : 4396.716742
[report] load_average_latency_ns : 227442.443695
Load workloads needs: 9234486280 ns 
[report] load_thread_ID : 22
[report] load_duration_ns : 9234486280
[report] load_duration_s : 9.234486
[report] load_throughput : 4385.084213
[report] load_average_latency_ns : 228045.791475
Load workloads needs: 9281728829 ns 
[report] load_thread_ID : 23
[report] load_duration_ns : 9281728829
[report] load_duration_s : 9.281729
[report] load_throughput : 4362.764820
[report] load_average_latency_ns : 229212.447004
Load workloads needs: 9295070741 ns 
[report] load_thread_ID : 0
[report] load_duration_ns : 9295070741
[report] load_duration_s : 9.295071
[report] load_throughput : 4356.502616
[report] load_average_latency_ns : 229541.925742
Load workloads needs: 9380787922 ns 
[report] load_thread_ID : 2
[report] load_duration_ns : 9380787922
[report] load_duration_s : 9.380788
[report] load_throughput : 4316.694966
[report] load_average_latency_ns : 231658.712945
Load workloads needs: 9414885397 ns 
[report] load_thread_ID : 3
[report] load_duration_ns : 9414885397
[report] load_duration_s : 9.414885
[report] load_throughput : 4301.061382
[report] load_average_latency_ns : 232500.750654
Load workloads needs: 9446447737 ns 
[report] load_thread_ID : 20
[report] load_duration_ns : 9446447737
[report] load_duration_s : 9.446448
[report] load_throughput : 4286.690736
[report] load_average_latency_ns : 233280.183163
Load workloads needs: 9459411048 ns 
[report] load_thread_ID : 7
[report] load_duration_ns : 9459411048
[report] load_duration_s : 9.459411
[report] load_throughput : 4280.816194
[report] load_average_latency_ns : 233600.312343
Load workloads needs: 9519259713 ns 
[report] load_thread_ID : 10
[report] load_duration_ns : 9519259713
[report] load_duration_s : 9.519260
[report] load_throughput : 4253.902217
[report] load_average_latency_ns : 235078.276115
Load workloads needs: 9575875446 ns 
[report] load_thread_ID : 5
[report] load_duration_ns : 9575875446
[report] load_duration_s : 9.575875
[report] load_throughput : 4228.751745
[report] load_average_latency_ns : 236476.402578
Load workloads needs: 9609645358 ns 
[report] load_thread_ID : 19
[report] load_duration_ns : 9609645358
[report] load_duration_s : 9.609645
[report] load_throughput : 4213.891199
[report] load_average_latency_ns : 237310.351114
Load workloads needs: 9697865737 ns 
[report] load_thread_ID : 6
[report] load_duration_ns : 9697865737
[report] load_duration_s : 9.697866
[report] load_throughput : 4175.557911
[report] load_average_latency_ns : 239488.954833
Load workloads needs: 9698528758 ns 
[report] load_thread_ID : 9
[report] load_duration_ns : 9698528758
[report] load_duration_s : 9.698529
[report] load_throughput : 4175.272457
[report] load_average_latency_ns : 239505.328147
Load workloads needs: 9768430301 ns 
[report] load_thread_ID : 14
[report] load_duration_ns : 9768430301
[report] load_duration_s : 9.768430
[report] load_throughput : 4145.394782
[report] load_average_latency_ns : 241231.547908
Load workloads needs: 9772326972 ns 
[report] load_thread_ID : 21
[report] load_duration_ns : 9772326972
[report] load_duration_s : 9.772327
[report] load_throughput : 4143.741825
[report] load_average_latency_ns : 241327.776263
Load workloads needs: 9776326248 ns 
[report] load_thread_ID : 11
[report] load_duration_ns : 9776326248
[report] load_duration_s : 9.776326
[report] load_throughput : 4142.046713
[report] load_average_latency_ns : 241426.538450
Load workloads needs: 9876796371 ns 
[report] load_thread_ID : 8
[report] load_duration_ns : 9876796371
[report] load_duration_s : 9.876796
[report] load_throughput : 4099.912409
[report] load_average_latency_ns : 243907.649800
Load workloads needs: 10222305588 ns 
[report] load_thread_ID : 26
[report] load_duration_ns : 10222305588
[report] load_duration_s : 10.222306
[report] load_throughput : 3961.337259
[report] load_average_latency_ns : 252440.005630
Load workloads needs: 10224490769 ns 
[report] load_thread_ID : 27
[report] load_duration_ns : 10224490769
[report] load_duration_s : 10.224491
[report] load_throughput : 3960.490641
[report] load_average_latency_ns : 252493.968711
Load workloads needs: 10372473634 ns 
[report] load_thread_ID : 36
[report] load_duration_ns : 10372473634
[report] load_duration_s : 10.372474
[report] load_throughput : 3903.986785
[report] load_average_latency_ns : 256148.408011
Load workloads needs: 10393238368 ns 
[report] load_thread_ID : 37
[report] load_duration_ns : 10393238368
[report] load_duration_s : 10.393238
[report] load_throughput : 3896.186979
[report] load_average_latency_ns : 256661.193461
Load workloads needs: 10399607466 ns 
[report] load_thread_ID : 25
[report] load_duration_ns : 10399607466
[report] load_duration_s : 10.399607
[report] load_throughput : 3893.800812
[report] load_average_latency_ns : 256818.478441
Load workloads needs: 10469393086 ns 
[report] load_thread_ID : 29
[report] load_duration_ns : 10469393086
[report] load_duration_s : 10.469393
[report] load_throughput : 3867.845984
[report] load_average_latency_ns : 258541.835482
Load workloads needs: 10484002571 ns 
[report] load_thread_ID : 38
[report] load_duration_ns : 10484002571
[report] load_duration_s : 10.484003
[report] load_throughput : 3862.456130
[report] load_average_latency_ns : 258902.616956
Load workloads needs: 10487750340 ns 
[report] load_thread_ID : 34
[report] load_duration_ns : 10487750340
[report] load_duration_s : 10.487750
[report] load_throughput : 3861.075892
[report] load_average_latency_ns : 258995.168173
Load workloads needs: 10503935964 ns 
[report] load_thread_ID : 42
[report] load_duration_ns : 10503935964
[report] load_duration_s : 10.503936
[report] load_throughput : 3855.126320
[report] load_average_latency_ns : 259394.872426
Load workloads needs: 10505171540 ns 
[report] load_thread_ID : 31
[report] load_duration_ns : 10505171540
[report] load_duration_s : 10.505172
[report] load_throughput : 3854.672896
[report] load_average_latency_ns : 259425.384995
Load workloads needs: 10506219051 ns 
[report] load_thread_ID : 33
[report] load_duration_ns : 10506219051
[report] load_duration_s : 10.506219
[report] load_throughput : 3854.288570
[report] load_average_latency_ns : 259451.253297
Load workloads needs: 10519769456 ns 
[report] load_thread_ID : 45
[report] load_duration_ns : 10519769456
[report] load_duration_s : 10.519769
[report] load_throughput : 3849.323901
[report] load_average_latency_ns : 259785.880772
Load workloads needs: 10526698979 ns 
[report] load_thread_ID : 43
[report] load_duration_ns : 10526698979
[report] load_duration_s : 10.526699
[report] load_throughput : 3846.789965
[report] load_average_latency_ns : 259957.005458
Load workloads needs: 10531620369 ns 
[report] load_thread_ID : 39
[report] load_duration_ns : 10531620369
[report] load_duration_s : 10.531620
[report] load_throughput : 3844.992374
[report] load_average_latency_ns : 260078.539265
Load workloads needs: 10539513062 ns 
[report] load_thread_ID : 28
[report] load_duration_ns : 10539513062
[report] load_duration_s : 10.539513
[report] load_throughput : 3842.112986
[report] load_average_latency_ns : 260273.449449
Load workloads needs: 10562578312 ns 
[report] load_thread_ID : 4
[report] load_duration_ns : 10562578312
[report] load_duration_s : 10.562578
[report] load_throughput : 3833.723055
[report] load_average_latency_ns : 260843.046180
Load workloads needs: 10560030171 ns 
[report] load_thread_ID : 41
[report] load_duration_ns : 10560030171
[report] load_duration_s : 10.560030
[report] load_throughput : 3834.648135
[report] load_average_latency_ns : 260780.119796
Load workloads needs: 10589702955 ns 
[report] load_thread_ID : 30
[report] load_duration_ns : 10589702955
[report] load_duration_s : 10.589703
[report] load_throughput : 3823.903293
[report] load_average_latency_ns : 261512.889687
Load workloads needs: 10627647944 ns 
[report] load_thread_ID : 24
[report] load_duration_ns : 10627647944
[report] load_duration_s : 10.627648
[report] load_throughput : 3810.250416
[report] load_average_latency_ns : 262449.941819
Load workloads needs: 10677156698 ns 
[report] load_thread_ID : 40
[report] load_duration_ns : 10677156698
[report] load_duration_s : 10.677157
[report] load_throughput : 3792.582721
[report] load_average_latency_ns : 263672.561318
Load workloads needs: 10678297453 ns 
[report] load_thread_ID : 35
[report] load_duration_ns : 10678297453
[report] load_duration_s : 10.678297
[report] load_throughput : 3792.177562
[report] load_average_latency_ns : 263700.732281
Load workloads needs: 10880652884 ns 
[report] load_thread_ID : 32
[report] load_duration_ns : 10880652884
[report] load_duration_s : 10.880653
[report] load_throughput : 3721.651672
[report] load_average_latency_ns : 268697.902998
Load workloads needs: 10964266090 ns 
[report] load_thread_ID : 16
[report] load_duration_ns : 10964266090
[report] load_duration_s : 10.964266
[report] load_throughput : 3693.270454
[report] load_average_latency_ns : 270762.732504
Load workloads needs: 11048752815 ns 
[report] load_thread_ID : 44
[report] load_duration_ns : 11048752815
[report] load_duration_s : 11.048753
[report] load_throughput : 3665.029047
[report] load_average_latency_ns : 272849.133575
All clients run done needs: 11049234669 ns 
[report] load_overall_duration_ns : 11049234669
[report] load_overall_duration_s : 11.049235
[report] load_overall_throughput : 168585.069989
[report] load_overall_average_latency_ns : 5931.723373
