numactl --membind=2 /home/gxr/mongodb-run/test_mongodb/build//run_client --num_threads=28 --core_binding=0,1,2,3,4,5,6,7,8,9,10,11,24,25,26,27,28,29,30,31,32,33,34,35,12,13,14,15,16,17,18,19,20,21,22,23,36,37,38,39,40,41,42,43,44,45,46,47 --str_key_size=16 --str_key_size=256 --load_file=/home/gxr/mongodb-run/workloads/ycsb/workloada-load-10000000-10000000.log.formated --run_file=/home/gxr/mongodb-run/workloads/ycsb/workloada-run-10000000-10000000.log.formated --URI_set=mongodb://localhost:27017,mongodb://localhost:27018,mongodb://localhost:27019,mongodb://localhost:27020,mongodb://localhost:27021,mongodb://localhost:27022,mongodb://localhost:27023,mongodb://localhost:27024,mongodb://localhost:27025,mongodb://localhost:27026,mongodb://localhost:27027,mongodb://localhost:27028,mongodb://localhost:27029,mongodb://localhost:27030,mongodb://localhost:27031,mongodb://localhost:27032,mongodb://localhost:27033,mongodb://localhost:27034,mongodb://localhost:27035,mongodb://localhost:27036,mongodb://localhost:27037,mongodb://localhost:27038,mongodb://localhost:27039,mongodb://localhost:27040,mongodb://localhost:27041,mongodb://localhost:27042,mongodb://localhost:27043,mongodb://localhost:27044,mongodb://localhost:27045,mongodb://localhost:27046,mongodb://localhost:27047,mongodb://localhost:27048,mongodb://localhost:27049,mongodb://localhost:27050,mongodb://localhost:27051,mongodb://localhost:27052,mongodb://localhost:27053,mongodb://localhost:27054,mongodb://localhost:27055,mongodb://localhost:27056,mongodb://localhost:27057,mongodb://localhost:27058,mongodb://localhost:27059,mongodb://localhost:27060,mongodb://localhost:27061,mongodb://localhost:27062,mongodb://localhost:27063,mongodb://localhost:27064 --first_mode=false
mongodb://localhost:27017 mongodb://localhost:27018 mongodb://localhost:27019 mongodb://localhost:27020 mongodb://localhost:27021 mongodb://localhost:27022 mongodb://localhost:27023 mongodb://localhost:27024 mongodb://localhost:27025 mongodb://localhost:27026 mongodb://localhost:27027 mongodb://localhost:27028 mongodb://localhost:27029 mongodb://localhost:27030 mongodb://localhost:27031 mongodb://localhost:27032 mongodb://localhost:27033 mongodb://localhost:27034 mongodb://localhost:27035 mongodb://localhost:27036 mongodb://localhost:27037 mongodb://localhost:27038 mongodb://localhost:27039 mongodb://localhost:27040 mongodb://localhost:27041 mongodb://localhost:27042 mongodb://localhost:27043 mongodb://localhost:27044 mongodb://localhost:27045 mongodb://localhost:27046 mongodb://localhost:27047 mongodb://localhost:27048 mongodb://localhost:27049 mongodb://localhost:27050 mongodb://localhost:27051 mongodb://localhost:27052 mongodb://localhost:27053 mongodb://localhost:27054 mongodb://localhost:27055 mongodb://localhost:27056 mongodb://localhost:27057 mongodb://localhost:27058 mongodb://localhost:27059 mongodb://localhost:27060 mongodb://localhost:27061 mongodb://localhost:27062 mongodb://localhost:27063 mongodb://localhost:27064 reading workload files ...
load_filename : /home/gxr/mongodb-run/workloads/ycsb/workloada-load-10000000-10000000.log.formated
read load file needs: 1435577615 s 
run_filename : /home/gxr/mongodb-run/workloads/ycsb/workloada-run-10000000-10000000.log.formated
read run file needs: 1324121994 s 
num_of_load_ops is 1862736
num_of_run_ops is 1934501
0 1 2 3 4 5 6 7 8 9 10 11 24 25 26 27 28 29 30 31 32 33 34 35 12 13 14 15 16 17 18 19 20 21 22 23 36 37 38 39 40 41 42 43 44 45 46 47 URI: URI: URI: URI: mongodb://localhost:27023mongodb://localhost:27019

URI: mongodb://localhost:27020mongodb://localhost:27021
mongodb://localhost:27022URI: mongodb://localhost:27018


URI: mongodb://localhost:27024
URI: mongodb://localhost:27025
URI: mongodb://localhost:27026
URI: mongodb://localhost:27027
URI: mongodb://localhost:27029
URI: mongodb://localhost:27028
URI: mongodb://localhost:27030
URI: mongodb://localhost:27031
URI: mongodb://localhost:27032
URI: mongodb://localhost:27033
URI: mongodb://localhost:27035
URI: mongodb://localhost:27036
URI: mongodb://localhost:27037
URI: mongodb://localhost:27038
URI: mongodb://localhost:27039
URI: mongodb://localhost:27040
URI: mongodb://localhost:27041
URI: mongodb://localhost:27042
URI: mongodb://localhost:27043
URI: mongodb://localhost:27034
URI: mongodb://localhost:27044
URI: mongodb://localhost:27017
Load workloads needs: 9463637897 ns 
[report] load_thread_ID : 8
[report] load_duration_ns : 9463637897
[report] load_duration_s : 9.463638
[report] load_throughput : 7029.643434
[report] load_average_latency_ns : 142254.725927
Load workloads needs: 9469889322 ns 
[report] load_thread_ID : 2
[report] load_duration_ns : 9469889322
[report] load_duration_s : 9.469889
[report] load_throughput : 7025.002905
[report] load_average_latency_ns : 142348.695578
Load workloads needs: 9599117875 ns 
[report] load_thread_ID : 12
[report] load_duration_ns : 9599117875
[report] load_duration_s : 9.599118
[report] load_throughput : 6930.428490
[report] load_average_latency_ns : 144291.222605
Load workloads needs: 9615893092 ns 
[report] load_thread_ID : 20
[report] load_duration_ns : 9615893092
[report] load_duration_s : 9.615893
[report] load_throughput : 6918.338147
[report] load_average_latency_ns : 144543.382918
Load workloads needs: 9617054660 ns 
[report] load_thread_ID : 7
[report] load_duration_ns : 9617054660
[report] load_duration_s : 9.617055
[report] load_throughput : 6917.502536
[report] load_average_latency_ns : 144560.843279
Load workloads needs: 9719353286 ns 
[report] load_thread_ID : 0
[report] load_duration_ns : 9719353286
[report] load_duration_s : 9.719353
[report] load_throughput : 6844.694090
[report] load_average_latency_ns : 146098.567267
Load workloads needs: 9737611269 ns 
[report] load_thread_ID : 22
[report] load_duration_ns : 9737611269
[report] load_duration_s : 9.737611
[report] load_throughput : 6831.860316
[report] load_average_latency_ns : 146373.016099
Load workloads needs: 9785715230 ns 
[report] load_thread_ID : 5
[report] load_duration_ns : 9785715230
[report] load_duration_s : 9.785715
[report] load_throughput : 6798.276716
[report] load_average_latency_ns : 147096.101224
Load workloads needs: 9792064622 ns 
[report] load_thread_ID : 21
[report] load_duration_ns : 9792064622
[report] load_duration_s : 9.792065
[report] load_throughput : 6793.868563
[report] load_average_latency_ns : 147191.543487
Load workloads needs: 9800441369 ns 
[report] load_thread_ID : 13
[report] load_duration_ns : 9800441369
[report] load_duration_s : 9.800441
[report] load_throughput : 6788.061629
[report] load_average_latency_ns : 147317.460376
Load workloads needs: 9853946584 ns 
[report] load_thread_ID : 18
[report] load_duration_ns : 9853946584
[report] load_duration_s : 9.853947
[report] load_throughput : 6751.203635
[report] load_average_latency_ns : 148121.735622
Load workloads needs: 9860372925 ns 
[report] load_thread_ID : 10
[report] load_duration_ns : 9860372925
[report] load_duration_s : 9.860373
[report] load_throughput : 6746.803646
[report] load_average_latency_ns : 148218.334561
Load workloads needs: 9871636130 ns 
[report] load_thread_ID : 16
[report] load_duration_ns : 9871636130
[report] load_duration_s : 9.871636
[report] load_throughput : 6739.105770
[report] load_average_latency_ns : 148387.639870
Load workloads needs: 9893604360 ns 
[report] load_thread_ID : 11
[report] load_duration_ns : 9893604360
[report] load_duration_s : 9.893604
[report] load_throughput : 6724.141938
[report] load_average_latency_ns : 148717.860085
Load workloads needs: 9908965181 ns 
[report] load_thread_ID : 4
[report] load_duration_ns : 9908965181
[report] load_duration_s : 9.908965
[report] load_throughput : 6713.718212
[report] load_average_latency_ns : 148948.759598
Load workloads needs: 9952219164 ns 
[report] load_thread_ID : 17
[report] load_duration_ns : 9952219164
[report] load_duration_s : 9.952219
[report] load_throughput : 6684.539288
[report] load_average_latency_ns : 149598.941226
Load workloads needs: 10010303467 ns 
[report] load_thread_ID : 1
[report] load_duration_ns : 10010303467
[report] load_duration_s : 10.010303
[report] load_throughput : 6645.752571
[report] load_average_latency_ns : 150472.048026
Load workloads needs: 10012977938 ns 
[report] load_thread_ID : 14
[report] load_duration_ns : 10012977938
[report] load_duration_s : 10.012978
[report] load_throughput : 6643.977487
[report] load_average_latency_ns : 150512.249917
Load workloads needs: 10051229846 ns 
[report] load_thread_ID : 19
[report] load_duration_ns : 10051229846
[report] load_duration_s : 10.051230
[report] load_throughput : 6618.692540
[report] load_average_latency_ns : 151087.241770
Load workloads needs: 10051200087 ns 
[report] load_thread_ID : 23
[report] load_duration_ns : 10051200087
[report] load_duration_s : 10.051200
[report] load_throughput : 6618.712136
[report] load_average_latency_ns : 151086.794441
Load workloads needs: 10170806681 ns 
[report] load_thread_ID : 9
[report] load_duration_ns : 10170806681
[report] load_duration_s : 10.170807
[report] load_throughput : 6540.877443
[report] load_average_latency_ns : 152884.686904
Load workloads needs: 10390000913 ns 
[report] load_thread_ID : 3
[report] load_duration_ns : 10390000913
[report] load_duration_s : 10.390001
[report] load_throughput : 6402.886829
[report] load_average_latency_ns : 156179.552551
Load workloads needs: 10423678095 ns 
[report] load_thread_ID : 6
[report] load_duration_ns : 10423678095
[report] load_duration_s : 10.423678
[report] load_throughput : 6382.200159
[report] load_average_latency_ns : 156685.778417
Load workloads needs: 10462874146 ns 
[report] load_thread_ID : 27
[report] load_duration_ns : 10462874146
[report] load_duration_s : 10.462874
[report] load_throughput : 6358.291142
[report] load_average_latency_ns : 157274.962361
Load workloads needs: 10470551093 ns 
[report] load_thread_ID : 24
[report] load_duration_ns : 10470551093
[report] load_duration_s : 10.470551
[report] load_throughput : 6353.629280
[report] load_average_latency_ns : 157390.360055
Load workloads needs: 10525357160 ns 
[report] load_thread_ID : 26
[report] load_duration_ns : 10525357160
[report] load_duration_s : 10.525357
[report] load_throughput : 6320.545611
[report] load_average_latency_ns : 158214.189340
Load workloads needs: 10529488149 ns 
[report] load_thread_ID : 25
[report] load_duration_ns : 10529488149
[report] load_duration_s : 10.529488
[report] load_throughput : 6318.065898
[report] load_average_latency_ns : 158276.285197
Load workloads needs: 10645258487 ns 
[report] load_thread_ID : 15
[report] load_duration_ns : 10645258487
[report] load_duration_s : 10.645258
[report] load_throughput : 6249.355061
[report] load_average_latency_ns : 160016.512146
All clients run done needs: 10645041384 ns 
[report] load_overall_duration_ns : 10645041384
[report] load_overall_duration_s : 10.645041
[report] load_overall_throughput : 174986.261942
[report] load_overall_average_latency_ns : 5714.734339
