numactl --membind=2 /home/gxr/mongodb-run/test_mongodb/build//run_client --num_threads=26 --core_binding=0,1,2,3,4,5,6,7,8,9,10,11,24,25,26,27,28,29,30,31,32,33,34,35,12,13,14,15,16,17,18,19,20,21,22,23,36,37,38,39,40,41,42,43,44,45,46,47 --str_key_size=16 --str_key_size=256 --load_file=/home/gxr/mongodb-run/workloads/ycsb/workloada-load-10000000-10000000.log.formated --run_file=/home/gxr/mongodb-run/workloads/ycsb/workloada-run-10000000-10000000.log.formated --URI_set=mongodb://localhost:27017,mongodb://localhost:27018,mongodb://localhost:27019,mongodb://localhost:27020,mongodb://localhost:27021,mongodb://localhost:27022,mongodb://localhost:27023,mongodb://localhost:27024,mongodb://localhost:27025,mongodb://localhost:27026,mongodb://localhost:27027,mongodb://localhost:27028,mongodb://localhost:27029,mongodb://localhost:27030,mongodb://localhost:27031,mongodb://localhost:27032,mongodb://localhost:27033,mongodb://localhost:27034,mongodb://localhost:27035,mongodb://localhost:27036,mongodb://localhost:27037,mongodb://localhost:27038,mongodb://localhost:27039,mongodb://localhost:27040,mongodb://localhost:27041,mongodb://localhost:27042,mongodb://localhost:27043,mongodb://localhost:27044,mongodb://localhost:27045,mongodb://localhost:27046,mongodb://localhost:27047,mongodb://localhost:27048,mongodb://localhost:27049,mongodb://localhost:27050,mongodb://localhost:27051,mongodb://localhost:27052,mongodb://localhost:27053,mongodb://localhost:27054,mongodb://localhost:27055,mongodb://localhost:27056,mongodb://localhost:27057,mongodb://localhost:27058,mongodb://localhost:27059,mongodb://localhost:27060,mongodb://localhost:27061,mongodb://localhost:27062,mongodb://localhost:27063,mongodb://localhost:27064 --first_mode=true
mongodb://localhost:27017 mongodb://localhost:27018 mongodb://localhost:27019 mongodb://localhost:27020 mongodb://localhost:27021 mongodb://localhost:27022 mongodb://localhost:27023 mongodb://localhost:27024 mongodb://localhost:27025 mongodb://localhost:27026 mongodb://localhost:27027 mongodb://localhost:27028 mongodb://localhost:27029 mongodb://localhost:27030 mongodb://localhost:27031 mongodb://localhost:27032 mongodb://localhost:27033 mongodb://localhost:27034 mongodb://localhost:27035 mongodb://localhost:27036 mongodb://localhost:27037 mongodb://localhost:27038 mongodb://localhost:27039 mongodb://localhost:27040 mongodb://localhost:27041 mongodb://localhost:27042 mongodb://localhost:27043 mongodb://localhost:27044 mongodb://localhost:27045 mongodb://localhost:27046 mongodb://localhost:27047 mongodb://localhost:27048 mongodb://localhost:27049 mongodb://localhost:27050 mongodb://localhost:27051 mongodb://localhost:27052 mongodb://localhost:27053 mongodb://localhost:27054 mongodb://localhost:27055 mongodb://localhost:27056 mongodb://localhost:27057 mongodb://localhost:27058 mongodb://localhost:27059 mongodb://localhost:27060 mongodb://localhost:27061 mongodb://localhost:27062 mongodb://localhost:27063 mongodb://localhost:27064 reading workload files ...
load_filename : /home/gxr/mongodb-run/workloads/ycsb/workloada-load-10000000-10000000.log.formated
read load file needs: 1305996839 s 
run_filename : /home/gxr/mongodb-run/workloads/ycsb/workloada-run-10000000-10000000.log.formated
read run file needs: 1328133736 s 
num_of_load_ops is 1862736
num_of_run_ops is 1934501
0 1 2 3 4 5 6 7 8 9 10 11 24 25 26 27 28 29 30 31 32 33 34 35 12 13 14 15 16 17 18 19 20 21 22 23 36 37 38 39 40 41 42 43 44 45 46 47 URI: URI: URI: URI: URI: URI: mongodb://localhost:27017mongodb://localhost:27017URI: mongodb://localhost:27017
mongodb://localhost:27017
mongodb://localhost:27017
mongodb://localhost:27017

mongodb://localhost:27017

URI: mongodb://localhost:27017
URI: mongodb://localhost:27017
URI: mongodb://localhost:27017
URI: mongodb://localhost:27017
URI: mongodb://localhost:27017
URI: mongodb://localhost:27017
URI: mongodb://localhost:27017
URI: mongodb://localhost:27017
URI: mongodb://localhost:27017
URI: mongodb://localhost:27017
URI: mongodb://localhost:27017
URI: mongodb://localhost:27017
URI: mongodb://localhost:27017
URI: mongodb://localhost:27017
URI: mongodb://localhost:27017
URI: mongodb://localhost:27017
URI: mongodb://localhost:27017
URI: mongodb://localhost:27017
URI: mongodb://localhost:27017
Load workloads needs: 8492682123 ns 
[report] load_thread_ID : 24
[report] load_duration_ns : 8492682123
[report] load_duration_s : 8.492682
[report] load_throughput : 8435.850885
[report] load_average_latency_ns : 118541.687576
Load workloads needs: 9172352166 ns 
[report] load_thread_ID : 18
[report] load_duration_ns : 9172352166
[report] load_duration_s : 9.172352
[report] load_throughput : 7810.755486
[report] load_average_latency_ns : 128028.588501
Load workloads needs: 9183779539 ns 
[report] load_thread_ID : 19
[report] load_duration_ns : 9183779539
[report] load_duration_s : 9.183780
[report] load_throughput : 7801.036566
[report] load_average_latency_ns : 128188.092891
Load workloads needs: 9206360876 ns 
[report] load_thread_ID : 6
[report] load_duration_ns : 9206360876
[report] load_duration_s : 9.206361
[report] load_throughput : 7781.902205
[report] load_average_latency_ns : 128503.285401
Load workloads needs: 9207355842 ns 
[report] load_thread_ID : 22
[report] load_duration_ns : 9207355842
[report] load_duration_s : 9.207356
[report] load_throughput : 7781.061276
[report] load_average_latency_ns : 128517.173234
Load workloads needs: 9232885927 ns 
[report] load_thread_ID : 10
[report] load_duration_ns : 9232885927
[report] load_duration_s : 9.232886
[report] load_throughput : 7759.545668
[report] load_average_latency_ns : 128873.524657
Load workloads needs: 9234003703 ns 
[report] load_thread_ID : 15
[report] load_duration_ns : 9234003703
[report] load_duration_s : 9.234004
[report] load_throughput : 7758.606375
[report] load_average_latency_ns : 128889.126684
Load workloads needs: 9239592251 ns 
[report] load_thread_ID : 13
[report] load_duration_ns : 9239592251
[report] load_duration_s : 9.239592
[report] load_throughput : 7753.913599
[report] load_average_latency_ns : 128967.132183
Load workloads needs: 9241318622 ns 
[report] load_thread_ID : 17
[report] load_duration_ns : 9241318622
[report] load_duration_s : 9.241319
[report] load_throughput : 7752.465090
[report] load_average_latency_ns : 128991.229038
Load workloads needs: 9248073152 ns 
[report] load_thread_ID : 12
[report] load_duration_ns : 9248073152
[report] load_duration_s : 9.248073
[report] load_throughput : 7746.802909
[report] load_average_latency_ns : 129085.509429
Load workloads needs: 9257046165 ns 
[report] load_thread_ID : 14
[report] load_duration_ns : 9257046165
[report] load_duration_s : 9.257046
[report] load_throughput : 7739.293801
[report] load_average_latency_ns : 129210.755622
Load workloads needs: 9261648884 ns 
[report] load_thread_ID : 8
[report] load_duration_ns : 9261648884
[report] load_duration_s : 9.261649
[report] load_throughput : 7735.447640
[report] load_average_latency_ns : 129275.000824
Load workloads needs: 9263067410 ns 
[report] load_thread_ID : 20
[report] load_duration_ns : 9263067410
[report] load_duration_s : 9.263067
[report] load_throughput : 7734.263050
[report] load_average_latency_ns : 129294.800748
Load workloads needs: 9278048392 ns 
[report] load_thread_ID : 23
[report] load_duration_ns : 9278048392
[report] load_duration_s : 9.278048
[report] load_throughput : 7721.774771
[report] load_average_latency_ns : 129503.906760
Load workloads needs: 9300355149 ns 
[report] load_thread_ID : 1
[report] load_duration_ns : 9300355149
[report] load_duration_s : 9.300355
[report] load_throughput : 7703.254215
[report] load_average_latency_ns : 129815.266656
Load workloads needs: 9307942298 ns 
[report] load_thread_ID : 3
[report] load_duration_ns : 9307942298
[report] load_duration_s : 9.307942
[report] load_throughput : 7696.975089
[report] load_average_latency_ns : 129921.168823
Load workloads needs: 9316132420 ns 
[report] load_thread_ID : 5
[report] load_duration_ns : 9316132420
[report] load_duration_s : 9.316132
[report] load_throughput : 7690.208422
[report] load_average_latency_ns : 130035.487347
Load workloads needs: 9318883669 ns 
[report] load_thread_ID : 21
[report] load_duration_ns : 9318883669
[report] load_duration_s : 9.318884
[report] load_throughput : 7687.938013
[report] load_average_latency_ns : 130073.889550
Load workloads needs: 9324929368 ns 
[report] load_thread_ID : 2
[report] load_duration_ns : 9324929368
[report] load_duration_s : 9.324929
[report] load_throughput : 7682.953637
[report] load_average_latency_ns : 130158.276007
Load workloads needs: 9332449320 ns 
[report] load_thread_ID : 9
[report] load_duration_ns : 9332449320
[report] load_duration_s : 9.332449
[report] load_throughput : 7676.762824
[report] load_average_latency_ns : 130263.240233
Load workloads needs: 9334430844 ns 
[report] load_thread_ID : 0
[report] load_duration_ns : 9334430844
[report] load_duration_s : 9.334431
[report] load_throughput : 7675.133192
[report] load_average_latency_ns : 130290.898539
Load workloads needs: 9338932132 ns 
[report] load_thread_ID : 25
[report] load_duration_ns : 9338932132
[report] load_duration_s : 9.338932
[report] load_throughput : 7671.433841
[report] load_average_latency_ns : 130353.727957
Load workloads needs: 9427208332 ns 
[report] load_thread_ID : 16
[report] load_duration_ns : 9427208332
[report] load_duration_s : 9.427208
[report] load_throughput : 7599.598680
[report] load_average_latency_ns : 131585.895789
Load workloads needs: 9429904019 ns 
[report] load_thread_ID : 7
[report] load_duration_ns : 9429904019
[report] load_duration_s : 9.429904
[report] load_throughput : 7597.426215
[report] load_average_latency_ns : 131623.522452
Load workloads needs: 9475239770 ns 
[report] load_thread_ID : 11
[report] load_duration_ns : 9475239770
[report] load_duration_s : 9.475240
[report] load_throughput : 7561.075154
[report] load_average_latency_ns : 132256.323297
Load workloads needs: 9535075257 ns 
[report] load_thread_ID : 4
[report] load_duration_ns : 9535075257
[report] load_duration_s : 9.535075
[report] load_throughput : 7513.627116
[report] load_average_latency_ns : 133091.512876
All clients run done needs: 9534377180 ns 
[report] load_overall_duration_ns : 9534377180
[report] load_overall_duration_s : 9.534377
[report] load_overall_throughput : 195370.496136
[report] load_overall_average_latency_ns : 5118.480117
