numactl --membind=2 /home/gxr/mongodb-run/test_mongodb/build//run_client --num_threads=10 --core_binding=0,1,2,3,4,5,6,7,8,9,10,11,24,25,26,27,28,29,30,31,32,33,34,35,12,13,14,15,16,17,18,19,20,21,22,23,36,37,38,39,40,41,42,43,44,45,46,47 --str_key_size=16 --str_key_size=256 --load_file=/home/gxr/mongodb-run/workloads/ycsb/workloada-load-10000000-10000000.log.formated --run_file=/home/gxr/mongodb-run/workloads/ycsb/workloada-run-10000000-10000000.log.formated --URI_set=mongodb://localhost:27017,mongodb://localhost:27018,mongodb://localhost:27019,mongodb://localhost:27020,mongodb://localhost:27021,mongodb://localhost:27022,mongodb://localhost:27023,mongodb://localhost:27024,mongodb://localhost:27025,mongodb://localhost:27026,mongodb://localhost:27027,mongodb://localhost:27028,mongodb://localhost:27029,mongodb://localhost:27030,mongodb://localhost:27031,mongodb://localhost:27032,mongodb://localhost:27033,mongodb://localhost:27034,mongodb://localhost:27035,mongodb://localhost:27036,mongodb://localhost:27037,mongodb://localhost:27038,mongodb://localhost:27039,mongodb://localhost:27040,mongodb://localhost:27041,mongodb://localhost:27042,mongodb://localhost:27043,mongodb://localhost:27044,mongodb://localhost:27045,mongodb://localhost:27046,mongodb://localhost:27047,mongodb://localhost:27048,mongodb://localhost:27049,mongodb://localhost:27050,mongodb://localhost:27051,mongodb://localhost:27052,mongodb://localhost:27053,mongodb://localhost:27054,mongodb://localhost:27055,mongodb://localhost:27056,mongodb://localhost:27057,mongodb://localhost:27058,mongodb://localhost:27059,mongodb://localhost:27060,mongodb://localhost:27061,mongodb://localhost:27062,mongodb://localhost:27063,mongodb://localhost:27064 --first_mode=false
mongodb://localhost:27017 mongodb://localhost:27018 mongodb://localhost:27019 mongodb://localhost:27020 mongodb://localhost:27021 mongodb://localhost:27022 mongodb://localhost:27023 mongodb://localhost:27024 mongodb://localhost:27025 mongodb://localhost:27026 mongodb://localhost:27027 mongodb://localhost:27028 mongodb://localhost:27029 mongodb://localhost:27030 mongodb://localhost:27031 mongodb://localhost:27032 mongodb://localhost:27033 mongodb://localhost:27034 mongodb://localhost:27035 mongodb://localhost:27036 mongodb://localhost:27037 mongodb://localhost:27038 mongodb://localhost:27039 mongodb://localhost:27040 mongodb://localhost:27041 mongodb://localhost:27042 mongodb://localhost:27043 mongodb://localhost:27044 mongodb://localhost:27045 mongodb://localhost:27046 mongodb://localhost:27047 mongodb://localhost:27048 mongodb://localhost:27049 mongodb://localhost:27050 mongodb://localhost:27051 mongodb://localhost:27052 mongodb://localhost:27053 mongodb://localhost:27054 mongodb://localhost:27055 mongodb://localhost:27056 mongodb://localhost:27057 mongodb://localhost:27058 mongodb://localhost:27059 mongodb://localhost:27060 mongodb://localhost:27061 mongodb://localhost:27062 mongodb://localhost:27063 mongodb://localhost:27064 reading workload files ...
load_filename : /home/gxr/mongodb-run/workloads/ycsb/workloada-load-10000000-10000000.log.formated
read load file needs: 1333539023 s 
run_filename : /home/gxr/mongodb-run/workloads/ycsb/workloada-run-10000000-10000000.log.formated
read run file needs: 1322668977 s 
num_of_load_ops is 1862736
num_of_run_ops is 1934501
0 1 2 3 4 5 6 7 8 9 10 11 24 25 26 27 28 29 30 31 32 33 34 35 12 13 14 15 16 17 18 19 20 21 22 23 36 37 38 39 40 41 42 43 44 45 46 47 URI: URI: URI: URI: mongodb://localhost:27026mongodb://localhost:27023

URI: mongodb://localhost:27019
URI: mongodb://localhost:27020
mongodb://localhost:27025
URI: mongodb://localhost:27021
URI: mongodb://localhost:27024
URI: mongodb://localhost:27022
mongodb://localhost:27018
URI: mongodb://localhost:27017
Load workloads needs: 12117440256 ns 
[report] load_thread_ID : 9
[report] load_duration_ns : 12117440256
[report] load_duration_s : 12.117440
[report] load_throughput : 15372.306037
[report] load_average_latency_ns : 65052.048638
Load workloads needs: 12162325694 ns 
[report] load_thread_ID : 7
[report] load_duration_ns : 12162325694
[report] load_duration_s : 12.162326
[report] load_throughput : 15315.574068
[report] load_average_latency_ns : 65293.014522
Load workloads needs: 12264123266 ns 
[report] load_thread_ID : 6
[report] load_duration_ns : 12264123266
[report] load_duration_s : 12.264123
[report] load_throughput : 15188.448123
[report] load_average_latency_ns : 65839.511180
Load workloads needs: 12473593027 ns 
[report] load_thread_ID : 0
[report] load_duration_ns : 12473593027
[report] load_duration_s : 12.473593
[report] load_throughput : 14933.387645
[report] load_average_latency_ns : 66964.042169
Load workloads needs: 12488117305 ns 
[report] load_thread_ID : 2
[report] load_duration_ns : 12488117305
[report] load_duration_s : 12.488117
[report] load_throughput : 14916.019401
[report] load_average_latency_ns : 67042.015241
Load workloads needs: 12497656818 ns 
[report] load_thread_ID : 8
[report] load_duration_ns : 12497656818
[report] load_duration_s : 12.497657
[report] load_throughput : 14904.633942
[report] load_average_latency_ns : 67093.227779
Load workloads needs: 12597663595 ns 
[report] load_thread_ID : 4
[report] load_duration_ns : 12597663595
[report] load_duration_s : 12.597664
[report] load_throughput : 14786.313239
[report] load_average_latency_ns : 67630.110617
Load workloads needs: 12650132313 ns 
[report] load_thread_ID : 3
[report] load_duration_ns : 12650132313
[report] load_duration_s : 12.650132
[report] load_throughput : 14724.984324
[report] load_average_latency_ns : 67911.787071
Load workloads needs: 12826376653 ns 
[report] load_thread_ID : 1
[report] load_duration_ns : 12826376653
[report] load_duration_s : 12.826377
[report] load_throughput : 14522.651645
[report] load_average_latency_ns : 68857.948565
Load workloads needs: 13002366178 ns 
[report] load_thread_ID : 5
[report] load_duration_ns : 13002366178
[report] load_duration_s : 13.002366
[report] load_throughput : 14326.084764
[report] load_average_latency_ns : 69802.742094
All clients run done needs: 13003468919 ns 
[report] load_overall_duration_ns : 13003468919
[report] load_overall_duration_s : 13.003469
[report] load_overall_throughput : 143249.160021
[report] load_overall_average_latency_ns : 6980.843726
