numactl --membind=2 /home/gxr/mongodb-run/test_mongodb/build//run_client --num_threads=38 --core_binding=0,1,2,3,4,5,6,7,8,9,10,11,24,25,26,27,28,29,30,31,32,33,34,35,12,13,14,15,16,17,18,19,20,21,22,23,36,37,38,39,40,41,42,43,44,45,46,47 --str_key_size=16 --str_key_size=256 --load_file=/home/gxr/mongodb-run/workloads/ycsb/workloada-load-10000000-10000000.log.formated --run_file=/home/gxr/mongodb-run/workloads/ycsb/workloada-run-10000000-10000000.log.formated --URI_set=mongodb://localhost:27017,mongodb://localhost:27018,mongodb://localhost:27019,mongodb://localhost:27020,mongodb://localhost:27021,mongodb://localhost:27022,mongodb://localhost:27023,mongodb://localhost:27024,mongodb://localhost:27025,mongodb://localhost:27026,mongodb://localhost:27027,mongodb://localhost:27028,mongodb://localhost:27029,mongodb://localhost:27030,mongodb://localhost:27031,mongodb://localhost:27032,mongodb://localhost:27033,mongodb://localhost:27034,mongodb://localhost:27035,mongodb://localhost:27036,mongodb://localhost:27037,mongodb://localhost:27038,mongodb://localhost:27039,mongodb://localhost:27040,mongodb://localhost:27041,mongodb://localhost:27042,mongodb://localhost:27043,mongodb://localhost:27044,mongodb://localhost:27045,mongodb://localhost:27046,mongodb://localhost:27047,mongodb://localhost:27048,mongodb://localhost:27049,mongodb://localhost:27050,mongodb://localhost:27051,mongodb://localhost:27052,mongodb://localhost:27053,mongodb://localhost:27054,mongodb://localhost:27055,mongodb://localhost:27056,mongodb://localhost:27057,mongodb://localhost:27058,mongodb://localhost:27059,mongodb://localhost:27060,mongodb://localhost:27061,mongodb://localhost:27062,mongodb://localhost:27063,mongodb://localhost:27064 --first_mode=false
mongodb://localhost:27017 mongodb://localhost:27018 mongodb://localhost:27019 mongodb://localhost:27020 mongodb://localhost:27021 mongodb://localhost:27022 mongodb://localhost:27023 mongodb://localhost:27024 mongodb://localhost:27025 mongodb://localhost:27026 mongodb://localhost:27027 mongodb://localhost:27028 mongodb://localhost:27029 mongodb://localhost:27030 mongodb://localhost:27031 mongodb://localhost:27032 mongodb://localhost:27033 mongodb://localhost:27034 mongodb://localhost:27035 mongodb://localhost:27036 mongodb://localhost:27037 mongodb://localhost:27038 mongodb://localhost:27039 mongodb://localhost:27040 mongodb://localhost:27041 mongodb://localhost:27042 mongodb://localhost:27043 mongodb://localhost:27044 mongodb://localhost:27045 mongodb://localhost:27046 mongodb://localhost:27047 mongodb://localhost:27048 mongodb://localhost:27049 mongodb://localhost:27050 mongodb://localhost:27051 mongodb://localhost:27052 mongodb://localhost:27053 mongodb://localhost:27054 mongodb://localhost:27055 mongodb://localhost:27056 mongodb://localhost:27057 mongodb://localhost:27058 mongodb://localhost:27059 mongodb://localhost:27060 mongodb://localhost:27061 mongodb://localhost:27062 mongodb://localhost:27063 mongodb://localhost:27064 reading workload files ...
load_filename : /home/gxr/mongodb-run/workloads/ycsb/workloada-load-10000000-10000000.log.formated
read load file needs: 1243948953 s 
run_filename : /home/gxr/mongodb-run/workloads/ycsb/workloada-run-10000000-10000000.log.formated
read run file needs: 1129716036 s 
num_of_load_ops is 1862736
num_of_run_ops is 1934501
0 1 2 3 4 5 6 7 8 9 10 11 24 25 26 27 28 29 30 31 32 33 34 35 12 13 14 15 16 17 18 19 20 21 22 23 36 37 38 39 40 41 42 43 44 45 46 47 URI: URI: URI: mongodb://localhost:27019
URI: mongodb://localhost:27017
mongodb://localhost:27018
mongodb://localhost:27021
URI: mongodb://localhost:27022
URI: mongodb://localhost:27020
URI: mongodb://localhost:27026
URI: mongodb://localhost:27024
URI: mongodb://localhost:27023
URI: mongodb://localhost:27025URI: mongodb://localhost:27027

URI: mongodb://localhost:27028
URI: mongodb://localhost:27030
URI: mongodb://localhost:27031
URI: mongodb://localhost:27032
URI: mongodb://localhost:27033
URI: mongodb://localhost:27034
URI: mongodb://localhost:27035
URI: mongodb://localhost:27038
URI: mongodb://localhost:27039
URI: mongodb://localhost:27040
URI: mongodb://localhost:27036
URI: mongodb://localhost:27041
URI: mongodb://localhost:27042
URI: mongodb://localhost:27043
URI: mongodb://localhost:27045
URI: URI: mongodb://localhost:27037
mongodb://localhost:27044
URI: mongodb://localhost:27046
URI: mongodb://localhost:27050
URI: mongodb://localhost:27049
URI: mongodb://localhost:27051
URI: mongodb://localhost:27048
URI: mongodb://localhost:27047
URI: mongodb://localhost:27053
URI: mongodb://localhost:27054
URI: mongodb://localhost:27052
URI: mongodb://localhost:27029
Load workloads needs: 9974437559 ns 
[report] load_thread_ID : 10
[report] load_duration_ns : 9974437559
[report] load_duration_s : 9.974438
[report] load_throughput : 4914.462566
[report] load_average_latency_ns : 203481.049369
Load workloads needs: 10027227162 ns 
[report] load_thread_ID : 20
[report] load_duration_ns : 10027227162
[report] load_duration_s : 10.027227
[report] load_throughput : 4888.589757
[report] load_average_latency_ns : 204557.970624
Load workloads needs: 10169578384 ns 
[report] load_thread_ID : 16
[report] load_duration_ns : 10169578384
[report] load_duration_s : 10.169578
[report] load_throughput : 4820.160497
[report] load_average_latency_ns : 207461.971562
Load workloads needs: 10177406202 ns 
[report] load_thread_ID : 22
[report] load_duration_ns : 10177406202
[report] load_duration_s : 10.177406
[report] load_throughput : 4816.453134
[report] load_average_latency_ns : 207621.661029
Load workloads needs: 10280149392 ns 
[report] load_thread_ID : 19
[report] load_duration_ns : 10280149392
[report] load_duration_s : 10.280149
[report] load_throughput : 4768.315919
[report] load_average_latency_ns : 209717.648096
Load workloads needs: 10298856292 ns 
[report] load_thread_ID : 7
[report] load_duration_ns : 10298856292
[report] load_duration_s : 10.298856
[report] load_throughput : 4759.654724
[report] load_average_latency_ns : 210099.273588
Load workloads needs: 10300146054 ns 
[report] load_thread_ID : 2
[report] load_duration_ns : 10300146054
[report] load_duration_s : 10.300146
[report] load_throughput : 4759.058730
[report] load_average_latency_ns : 210125.585059
Load workloads needs: 10316337385 ns 
[report] load_thread_ID : 5
[report] load_duration_ns : 10316337385
[report] load_duration_s : 10.316337
[report] load_throughput : 4751.589462
[report] load_average_latency_ns : 210455.892307
Load workloads needs: 10377304030 ns 
[report] load_thread_ID : 9
[report] load_duration_ns : 10377304030
[report] load_duration_s : 10.377304
[report] load_throughput : 4723.673881
[report] load_average_latency_ns : 211699.627287
Load workloads needs: 10552667571 ns 
[report] load_thread_ID : 23
[report] load_duration_ns : 10552667571
[report] load_duration_s : 10.552668
[report] load_throughput : 4645.176177
[report] load_average_latency_ns : 215277.087884
Load workloads needs: 10600047453 ns 
[report] load_thread_ID : 11
[report] load_duration_ns : 10600047453
[report] load_duration_s : 10.600047
[report] load_throughput : 4624.413260
[report] load_average_latency_ns : 216243.649462
Load workloads needs: 10680015707 ns 
[report] load_thread_ID : 14
[report] load_duration_ns : 10680015707
[report] load_duration_s : 10.680016
[report] load_throughput : 4589.787257
[report] load_average_latency_ns : 217875.022073
Load workloads needs: 10693689095 ns 
[report] load_thread_ID : 15
[report] load_duration_ns : 10693689095
[report] load_duration_s : 10.693689
[report] load_throughput : 4583.918568
[report] load_average_latency_ns : 218153.962647
Load workloads needs: 10694681397 ns 
[report] load_thread_ID : 13
[report] load_duration_ns : 10694681397
[report] load_duration_s : 10.694681
[report] load_throughput : 4583.493251
[report] load_average_latency_ns : 218174.205859
Load workloads needs: 10696499546 ns 
[report] load_thread_ID : 1
[report] load_duration_ns : 10696499546
[report] load_duration_s : 10.696500
[report] load_throughput : 4582.714166
[report] load_average_latency_ns : 218211.296558
Load workloads needs: 10778444607 ns 
[report] load_thread_ID : 17
[report] load_duration_ns : 10778444607
[report] load_duration_s : 10.778445
[report] load_throughput : 4547.873259
[report] load_average_latency_ns : 219882.996532
Load workloads needs: 10839552462 ns 
[report] load_thread_ID : 4
[report] load_duration_ns : 10839552462
[report] load_duration_s : 10.839552
[report] load_throughput : 4522.234675
[report] load_average_latency_ns : 221129.612232
Load workloads needs: 10879085594 ns 
[report] load_thread_ID : 3
[report] load_duration_ns : 10879085594
[report] load_duration_s : 10.879086
[report] load_throughput : 4505.801483
[report] load_average_latency_ns : 221936.098125
Load workloads needs: 10895564007 ns 
[report] load_thread_ID : 21
[report] load_duration_ns : 10895564007
[report] load_duration_s : 10.895564
[report] load_throughput : 4498.986924
[report] load_average_latency_ns : 222272.261919
Load workloads needs: 10902492090 ns 
[report] load_thread_ID : 8
[report] load_duration_ns : 10902492090
[report] load_duration_s : 10.902492
[report] load_throughput : 4496.128004
[report] load_average_latency_ns : 222413.596565
Load workloads needs: 10936513681 ns 
[report] load_thread_ID : 36
[report] load_duration_ns : 10936513681
[report] load_duration_s : 10.936514
[report] load_throughput : 4482.141332
[report] load_average_latency_ns : 223107.645627
Load workloads needs: 11000624391 ns 
[report] load_thread_ID : 37
[report] load_duration_ns : 11000624391
[report] load_duration_s : 11.000624
[report] load_throughput : 4456.019791
[report] load_average_latency_ns : 224415.520329
Load workloads needs: 11039544853 ns 
[report] load_thread_ID : 26
[report] load_duration_ns : 11039544853
[report] load_duration_s : 11.039545
[report] load_throughput : 4440.309873
[report] load_average_latency_ns : 225209.507599
Load workloads needs: 11051347075 ns 
[report] load_thread_ID : 34
[report] load_duration_ns : 11051347075
[report] load_duration_s : 11.051347
[report] load_throughput : 4435.567869
[report] load_average_latency_ns : 225450.275913
Load workloads needs: 11053593287 ns 
[report] load_thread_ID : 33
[report] load_duration_ns : 11053593287
[report] load_duration_s : 11.053593
[report] load_throughput : 4434.666513
[report] load_average_latency_ns : 225496.099206
Load workloads needs: 11058588143 ns 
[report] load_thread_ID : 30
[report] load_duration_ns : 11058588143
[report] load_duration_s : 11.058588
[report] load_throughput : 4432.663498
[report] load_average_latency_ns : 225597.995532
Load workloads needs: 11091409388 ns 
[report] load_thread_ID : 25
[report] load_duration_ns : 11091409388
[report] load_duration_s : 11.091409
[report] load_throughput : 4419.546541
[report] load_average_latency_ns : 226267.557233
Load workloads needs: 11135507708 ns 
[report] load_thread_ID : 24
[report] load_duration_ns : 11135507708
[report] load_duration_s : 11.135508
[report] load_throughput : 4402.044459
[report] load_average_latency_ns : 227167.174116
Load workloads needs: 11146565169 ns 
[report] load_thread_ID : 6
[report] load_duration_ns : 11146565169
[report] load_duration_s : 11.146565
[report] load_throughput : 4397.677604
[report] load_average_latency_ns : 227392.749118
Load workloads needs: 11157488427 ns 
[report] load_thread_ID : 28
[report] load_duration_ns : 11157488427
[report] load_duration_s : 11.157488
[report] load_throughput : 4393.372247
[report] load_average_latency_ns : 227615.586344
Load workloads needs: 11165952897 ns 
[report] load_thread_ID : 18
[report] load_duration_ns : 11165952897
[report] load_duration_s : 11.165953
[report] load_throughput : 4390.041804
[report] load_average_latency_ns : 227788.263673
Load workloads needs: 11172576788 ns 
[report] load_thread_ID : 31
[report] load_duration_ns : 11172576788
[report] load_duration_s : 11.172577
[report] load_throughput : 4387.439078
[report] load_average_latency_ns : 227923.392725
Load workloads needs: 11193457613 ns 
[report] load_thread_ID : 32
[report] load_duration_ns : 11193457613
[report] load_duration_s : 11.193458
[report] load_throughput : 4379.254534
[report] load_average_latency_ns : 228349.366837
Load workloads needs: 11203296484 ns 
[report] load_thread_ID : 27
[report] load_duration_ns : 11203296484
[report] load_duration_s : 11.203296
[report] load_throughput : 4375.408619
[report] load_average_latency_ns : 228550.082295
Load workloads needs: 11263219544 ns 
[report] load_thread_ID : 29
[report] load_duration_ns : 11263219544
[report] load_duration_s : 11.263220
[report] load_throughput : 4352.130384
[report] load_average_latency_ns : 229772.527877
Load workloads needs: 11290928493 ns 
[report] load_thread_ID : 35
[report] load_duration_ns : 11290928493
[report] load_duration_s : 11.290928
[report] load_throughput : 4341.449867
[report] load_average_latency_ns : 230337.797446
Load workloads needs: 11514863594 ns 
[report] load_thread_ID : 12
[report] load_duration_ns : 11514863594
[report] load_duration_s : 11.514864
[report] load_throughput : 4257.019599
[report] load_average_latency_ns : 234906.130154
Load workloads needs: 11947152163 ns 
[report] load_thread_ID : 0
[report] load_duration_ns : 11947152163
[report] load_duration_s : 11.947152
[report] load_throughput : 4102.986162
[report] load_average_latency_ns : 243724.926314
All clients run done needs: 11946680956 ns 
[report] load_overall_duration_ns : 11946680956
[report] load_overall_duration_s : 11.946681
[report] load_overall_throughput : 155920.795647
[report] load_overall_average_latency_ns : 6413.512680
