numactl --membind=2 /home/gxr/mongodb-run/test_mongodb/build//run_client --num_threads=36 --core_binding=0,1,2,3,4,5,6,7,8,9,10,11,24,25,26,27,28,29,30,31,32,33,34,35,12,13,14,15,16,17,18,19,20,21,22,23,36,37,38,39,40,41,42,43,44,45,46,47 --str_key_size=16 --str_key_size=256 --load_file=/home/gxr/mongodb-run/workloads/ycsb/workloada-load-10000000-10000000.log.formated --run_file=/home/gxr/mongodb-run/workloads/ycsb/workloada-run-10000000-10000000.log.formated --URI_set=mongodb://localhost:27017,mongodb://localhost:27018,mongodb://localhost:27019,mongodb://localhost:27020,mongodb://localhost:27021,mongodb://localhost:27022,mongodb://localhost:27023,mongodb://localhost:27024,mongodb://localhost:27025,mongodb://localhost:27026,mongodb://localhost:27027,mongodb://localhost:27028,mongodb://localhost:27029,mongodb://localhost:27030,mongodb://localhost:27031,mongodb://localhost:27032,mongodb://localhost:27033,mongodb://localhost:27034,mongodb://localhost:27035,mongodb://localhost:27036,mongodb://localhost:27037,mongodb://localhost:27038,mongodb://localhost:27039,mongodb://localhost:27040,mongodb://localhost:27041,mongodb://localhost:27042,mongodb://localhost:27043,mongodb://localhost:27044,mongodb://localhost:27045,mongodb://localhost:27046,mongodb://localhost:27047,mongodb://localhost:27048,mongodb://localhost:27049,mongodb://localhost:27050,mongodb://localhost:27051,mongodb://localhost:27052,mongodb://localhost:27053,mongodb://localhost:27054,mongodb://localhost:27055,mongodb://localhost:27056,mongodb://localhost:27057,mongodb://localhost:27058,mongodb://localhost:27059,mongodb://localhost:27060,mongodb://localhost:27061,mongodb://localhost:27062,mongodb://localhost:27063,mongodb://localhost:27064 --first_mode=true
mongodb://localhost:27017 mongodb://localhost:27018 mongodb://localhost:27019 mongodb://localhost:27020 mongodb://localhost:27021 mongodb://localhost:27022 mongodb://localhost:27023 mongodb://localhost:27024 mongodb://localhost:27025 mongodb://localhost:27026 mongodb://localhost:27027 mongodb://localhost:27028 mongodb://localhost:27029 mongodb://localhost:27030 mongodb://localhost:27031 mongodb://localhost:27032 mongodb://localhost:27033 mongodb://localhost:27034 mongodb://localhost:27035 mongodb://localhost:27036 mongodb://localhost:27037 mongodb://localhost:27038 mongodb://localhost:27039 mongodb://localhost:27040 mongodb://localhost:27041 mongodb://localhost:27042 mongodb://localhost:27043 mongodb://localhost:27044 mongodb://localhost:27045 mongodb://localhost:27046 mongodb://localhost:27047 mongodb://localhost:27048 mongodb://localhost:27049 mongodb://localhost:27050 mongodb://localhost:27051 mongodb://localhost:27052 mongodb://localhost:27053 mongodb://localhost:27054 mongodb://localhost:27055 mongodb://localhost:27056 mongodb://localhost:27057 mongodb://localhost:27058 mongodb://localhost:27059 mongodb://localhost:27060 mongodb://localhost:27061 mongodb://localhost:27062 mongodb://localhost:27063 mongodb://localhost:27064 reading workload files ...
load_filename : /home/gxr/mongodb-run/workloads/ycsb/workloada-load-10000000-10000000.log.formated
read load file needs: 1144058614 s 
run_filename : /home/gxr/mongodb-run/workloads/ycsb/workloada-run-10000000-10000000.log.formated
read run file needs: 1177295544 s 
num_of_load_ops is 1862736
num_of_run_ops is 1934501
0 1 2 3 4 5 6 7 8 9 10 11 24 25 26 27 28 29 30 31 32 33 34 35 12 13 14 15 16 17 18 19 20 21 22 23 36 37 38 39 40 41 42 43 44 45 46 47 URI: URI: mongodb://localhost:27017
URI: mongodb://localhost:27017
URI: mongodb://localhost:27017
URI: mongodb://localhost:27017
URI: mongodb://localhost:27017mongodb://localhost:27017
URI: URI: mongodb://localhost:27017
mongodb://localhost:27017
URI: 
mongodb://localhost:27017
URI: mongodb://localhost:27017
URI: mongodb://localhost:27017
URI: mongodb://localhost:27017
URI: URI: URI: mongodb://localhost:27017
mongodb://localhost:27017
mongodb://localhost:27017
URI: mongodb://localhost:27017
URI: mongodb://localhost:27017
URI: mongodb://localhost:27017
URI: mongodb://localhost:27017
URI: mongodb://localhost:27017
URI: mongodb://localhost:27017
URI: mongodb://localhost:27017
URI: mongodb://localhost:27017
URI: URI: mongodb://localhost:27017
mongodb://localhost:27017
URI: mongodb://localhost:27017
URI: mongodb://localhost:27017
URI: mongodb://localhost:27017
URI: mongodb://localhost:27017URI: URI: mongodb://localhost:27017
URI: mongodb://localhost:27017mongodb://localhost:27017URI: mongodb://localhost:27017

URI: mongodb://localhost:27017


URI: mongodb://localhost:27017
URI: mongodb://localhost:27017
Load workloads needs: 7720622075 ns 
[report] load_thread_ID : 32
[report] load_duration_ns : 7720622075
[report] load_duration_s : 7.720622
[report] load_throughput : 6701.791578
[report] load_average_latency_ns : 149213.831607
Load workloads needs: 7826776849 ns 
[report] load_thread_ID : 30
[report] load_duration_ns : 7826776849
[report] load_duration_s : 7.826777
[report] load_throughput : 6610.895008
[report] load_average_latency_ns : 151265.448746
Load workloads needs: 7884084352 ns 
[report] load_thread_ID : 31
[report] load_duration_ns : 7884084352
[report] load_duration_s : 7.884084
[report] load_throughput : 6562.842011
[report] load_average_latency_ns : 152373.011325
Load workloads needs: 7909158701 ns 
[report] load_thread_ID : 24
[report] load_duration_ns : 7909158701
[report] load_duration_s : 7.909159
[report] load_throughput : 6542.035880
[report] load_average_latency_ns : 152857.614723
Load workloads needs: 8033298682 ns 
[report] load_thread_ID : 25
[report] load_duration_ns : 8033298682
[report] load_duration_s : 8.033299
[report] load_throughput : 6440.940646
[report] load_average_latency_ns : 155256.825828
Load workloads needs: 8086082930 ns 
[report] load_thread_ID : 34
[report] load_duration_ns : 8086082930
[report] load_duration_s : 8.086083
[report] load_throughput : 6398.895540
[report] load_average_latency_ns : 156276.969000
Load workloads needs: 8094773268 ns 
[report] load_thread_ID : 26
[report] load_duration_ns : 8094773268
[report] load_duration_s : 8.094773
[report] load_throughput : 6392.025853
[report] load_average_latency_ns : 156444.924201
Load workloads needs: 8121274839 ns 
[report] load_thread_ID : 27
[report] load_duration_ns : 8121274839
[report] load_duration_s : 8.121275
[report] load_throughput : 6371.167215
[report] load_average_latency_ns : 156957.111032
Load workloads needs: 8135345442 ns 
[report] load_thread_ID : 33
[report] load_duration_ns : 8135345442
[report] load_duration_s : 8.135345
[report] load_throughput : 6360.147872
[report] load_average_latency_ns : 157229.048780
Load workloads needs: 8153000576 ns 
[report] load_thread_ID : 28
[report] load_duration_ns : 8153000576
[report] load_duration_s : 8.153001
[report] load_throughput : 6346.375119
[report] load_average_latency_ns : 157570.263538
Load workloads needs: 8165884351 ns 
[report] load_thread_ID : 29
[report] load_duration_ns : 8165884351
[report] load_duration_s : 8.165884
[report] load_throughput : 6336.362086
[report] load_average_latency_ns : 157819.263867
Load workloads needs: 8296180332 ns 
[report] load_thread_ID : 35
[report] load_duration_ns : 8296180332
[report] load_duration_s : 8.296180
[report] load_throughput : 6236.846106
[report] load_average_latency_ns : 160337.449886
Load workloads needs: 8341315708 ns 
[report] load_thread_ID : 22
[report] load_duration_ns : 8341315708
[report] load_duration_s : 8.341316
[report] load_throughput : 6203.098146
[report] load_average_latency_ns : 161209.765916
Load workloads needs: 8373770817 ns 
[report] load_thread_ID : 23
[report] load_duration_ns : 8373770817
[report] load_duration_s : 8.373771
[report] load_throughput : 6179.056142
[report] load_average_latency_ns : 161837.014746
Load workloads needs: 8451889629 ns 
[report] load_thread_ID : 15
[report] load_duration_ns : 8451889629
[report] load_duration_s : 8.451890
[report] load_throughput : 6121.944591
[report] load_average_latency_ns : 163346.790402
Load workloads needs: 8454171788 ns 
[report] load_thread_ID : 9
[report] load_duration_ns : 8454171788
[report] load_duration_s : 8.454172
[report] load_throughput : 6120.292005
[report] load_average_latency_ns : 163390.896912
Load workloads needs: 8459096624 ns 
[report] load_thread_ID : 19
[report] load_duration_ns : 8459096624
[report] load_duration_s : 8.459097
[report] load_throughput : 6116.728807
[report] load_average_latency_ns : 163486.077539
Load workloads needs: 8490584703 ns 
[report] load_thread_ID : 3
[report] load_duration_ns : 8490584703
[report] load_duration_s : 8.490585
[report] load_throughput : 6094.044381
[report] load_average_latency_ns : 164094.636910
Load workloads needs: 8491316575 ns 
[report] load_thread_ID : 21
[report] load_duration_ns : 8491316575
[report] load_duration_s : 8.491317
[report] load_throughput : 6093.519131
[report] load_average_latency_ns : 164108.781551
Load workloads needs: 8497235267 ns 
[report] load_thread_ID : 5
[report] load_duration_ns : 8497235267
[report] load_duration_s : 8.497235
[report] load_throughput : 6089.274732
[report] load_average_latency_ns : 164223.170094
Load workloads needs: 8546994087 ns 
[report] load_thread_ID : 14
[report] load_duration_ns : 8546994087
[report] load_duration_s : 8.546994
[report] load_throughput : 6053.824242
[report] load_average_latency_ns : 165184.841850
Load workloads needs: 8552355732 ns 
[report] load_thread_ID : 4
[report] load_duration_ns : 8552355732
[report] load_duration_s : 8.552356
[report] load_throughput : 6050.028977
[report] load_average_latency_ns : 165288.464536
Load workloads needs: 8558235636 ns 
[report] load_thread_ID : 17
[report] load_duration_ns : 8558235636
[report] load_duration_s : 8.558236
[report] load_throughput : 6045.872327
[report] load_average_latency_ns : 165402.103436
Load workloads needs: 8572700706 ns 
[report] load_thread_ID : 16
[report] load_duration_ns : 8572700706
[report] load_duration_s : 8.572701
[report] load_throughput : 6035.670878
[report] load_average_latency_ns : 165681.664914
Load workloads needs: 8590592562 ns 
[report] load_thread_ID : 13
[report] load_duration_ns : 8590592562
[report] load_duration_s : 8.590593
[report] load_throughput : 6023.100226
[report] load_average_latency_ns : 166027.454718
Load workloads needs: 8599604872 ns 
[report] load_thread_ID : 2
[report] load_duration_ns : 8599604872
[report] load_duration_s : 8.599605
[report] load_throughput : 6016.788070
[report] load_average_latency_ns : 166201.632562
Load workloads needs: 8606566787 ns 
[report] load_thread_ID : 1
[report] load_duration_ns : 8606566787
[report] load_duration_s : 8.606567
[report] load_throughput : 6011.921046
[report] load_average_latency_ns : 166336.183120
Load workloads needs: 8610945084 ns 
[report] load_thread_ID : 10
[report] load_duration_ns : 8610945084
[report] load_duration_s : 8.610945
[report] load_throughput : 6008.864241
[report] load_average_latency_ns : 166420.800974
Load workloads needs: 8671306860 ns 
[report] load_thread_ID : 7
[report] load_duration_ns : 8671306860
[report] load_duration_s : 8.671307
[report] load_throughput : 5967.035977
[report] load_average_latency_ns : 167587.392447
Load workloads needs: 8673707454 ns 
[report] load_thread_ID : 6
[report] load_duration_ns : 8673707454
[report] load_duration_s : 8.673707
[report] load_throughput : 5965.384500
[report] load_average_latency_ns : 167633.787909
Load workloads needs: 8698854157 ns 
[report] load_thread_ID : 18
[report] load_duration_ns : 8698854157
[report] load_duration_s : 8.698854
[report] load_throughput : 5948.139728
[report] load_average_latency_ns : 168119.789668
Load workloads needs: 8722168758 ns 
[report] load_thread_ID : 11
[report] load_duration_ns : 8722168758
[report] load_duration_s : 8.722169
[report] load_throughput : 5932.240184
[report] load_average_latency_ns : 168570.383016
Load workloads needs: 8732495437 ns 
[report] load_thread_ID : 12
[report] load_duration_ns : 8732495437
[report] load_duration_s : 8.732495
[report] load_throughput : 5925.224968
[report] load_average_latency_ns : 168769.963221
Load workloads needs: 8803499116 ns 
[report] load_thread_ID : 20
[report] load_duration_ns : 8803499116
[report] load_duration_s : 8.803499
[report] load_throughput : 5877.435701
[report] load_average_latency_ns : 170142.227127
Load workloads needs: 8921229419 ns 
[report] load_thread_ID : 8
[report] load_duration_ns : 8921229419
[report] load_duration_s : 8.921229
[report] load_throughput : 5799.873265
[report] load_average_latency_ns : 172417.560570
Load workloads needs: 8977639784 ns 
[report] load_thread_ID : 0
[report] load_duration_ns : 8977639784
[report] load_duration_s : 8.977640
[report] load_throughput : 5763.430172
[report] load_average_latency_ns : 173507.784469
All clients run done needs: 8977669773 ns 
[report] load_overall_duration_ns : 8977669773
[report] load_overall_duration_s : 8.977670
[report] load_overall_throughput : 207485.466396
[report] load_overall_average_latency_ns : 4819.614681
