numactl --membind=2 /home/gxr/mongodb-run/test_mongodb/build//run_client --num_threads=14 --core_binding=0,1,2,3,4,5,6,7,8,9,10,11,24,25,26,27,28,29,30,31,32,33,34,35,12,13,14,15,16,17,18,19,20,21,22,23,36,37,38,39,40,41,42,43,44,45,46,47 --str_key_size=16 --str_key_size=256 --load_file=/home/gxr/mongodb-run/workloads/ycsb/workloada-load-10000000-10000000.log.formated --run_file=/home/gxr/mongodb-run/workloads/ycsb/workloada-run-10000000-10000000.log.formated --URI_set=mongodb://localhost:27017,mongodb://localhost:27018,mongodb://localhost:27019,mongodb://localhost:27020,mongodb://localhost:27021,mongodb://localhost:27022,mongodb://localhost:27023,mongodb://localhost:27024,mongodb://localhost:27025,mongodb://localhost:27026,mongodb://localhost:27027,mongodb://localhost:27028,mongodb://localhost:27029,mongodb://localhost:27030,mongodb://localhost:27031,mongodb://localhost:27032,mongodb://localhost:27033,mongodb://localhost:27034,mongodb://localhost:27035,mongodb://localhost:27036,mongodb://localhost:27037,mongodb://localhost:27038,mongodb://localhost:27039,mongodb://localhost:27040,mongodb://localhost:27041,mongodb://localhost:27042,mongodb://localhost:27043,mongodb://localhost:27044,mongodb://localhost:27045,mongodb://localhost:27046,mongodb://localhost:27047,mongodb://localhost:27048,mongodb://localhost:27049,mongodb://localhost:27050,mongodb://localhost:27051,mongodb://localhost:27052,mongodb://localhost:27053,mongodb://localhost:27054,mongodb://localhost:27055,mongodb://localhost:27056,mongodb://localhost:27057,mongodb://localhost:27058,mongodb://localhost:27059,mongodb://localhost:27060,mongodb://localhost:27061,mongodb://localhost:27062,mongodb://localhost:27063,mongodb://localhost:27064 --first_mode=false
mongodb://localhost:27017 mongodb://localhost:27018 mongodb://localhost:27019 mongodb://localhost:27020 mongodb://localhost:27021 mongodb://localhost:27022 mongodb://localhost:27023 mongodb://localhost:27024 mongodb://localhost:27025 mongodb://localhost:27026 mongodb://localhost:27027 mongodb://localhost:27028 mongodb://localhost:27029 mongodb://localhost:27030 mongodb://localhost:27031 mongodb://localhost:27032 mongodb://localhost:27033 mongodb://localhost:27034 mongodb://localhost:27035 mongodb://localhost:27036 mongodb://localhost:27037 mongodb://localhost:27038 mongodb://localhost:27039 mongodb://localhost:27040 mongodb://localhost:27041 mongodb://localhost:27042 mongodb://localhost:27043 mongodb://localhost:27044 mongodb://localhost:27045 mongodb://localhost:27046 mongodb://localhost:27047 mongodb://localhost:27048 mongodb://localhost:27049 mongodb://localhost:27050 mongodb://localhost:27051 mongodb://localhost:27052 mongodb://localhost:27053 mongodb://localhost:27054 mongodb://localhost:27055 mongodb://localhost:27056 mongodb://localhost:27057 mongodb://localhost:27058 mongodb://localhost:27059 mongodb://localhost:27060 mongodb://localhost:27061 mongodb://localhost:27062 mongodb://localhost:27063 mongodb://localhost:27064 reading workload files ...
load_filename : /home/gxr/mongodb-run/workloads/ycsb/workloada-load-10000000-10000000.log.formated
read load file needs: 1160740444 s 
run_filename : /home/gxr/mongodb-run/workloads/ycsb/workloada-run-10000000-10000000.log.formated
read run file needs: 1132909723 s 
num_of_load_ops is 1862736
num_of_run_ops is 1934501
0 1 2 3 4 5 6 7 8 9 10 11 24 25 26 27 28 29 30 31 32 33 34 35 12 13 14 15 16 17 18 19 20 21 22 23 36 37 38 39 40 41 42 43 44 45 46 47 URI: URI: mongodb://localhost:27021mongodb://localhost:27020

URI: URI: mongodb://localhost:27017URI: mongodb://localhost:27019mongodb://localhost:27018


URI: mongodb://localhost:27027
URI: mongodb://localhost:27024
URI: URI: mongodb://localhost:27026
mongodb://localhost:27025
URI: mongodb://localhost:27029
URI: mongodb://localhost:27028
URI: mongodb://localhost:27023
URI: mongodb://localhost:27030
URI: mongodb://localhost:27022
Load workloads needs: 13842497823 ns 
[report] load_thread_ID : 0
[report] load_duration_ns : 13842497823
[report] load_duration_s : 13.842498
[report] load_throughput : 9611.849083
[report] load_average_latency_ns : 104038.254389
Load workloads needs: 14364649856 ns 
[report] load_thread_ID : 12
[report] load_duration_ns : 14364649856
[report] load_duration_s : 14.364650
[report] load_throughput : 9262.460369
[report] load_average_latency_ns : 107962.675165
Load workloads needs: 14376540169 ns 
[report] load_thread_ID : 13
[report] load_duration_ns : 14376540169
[report] load_duration_s : 14.376540
[report] load_throughput : 9254.799725
[report] load_average_latency_ns : 108052.041074
Load workloads needs: 14598903333 ns 
[report] load_thread_ID : 1
[report] load_duration_ns : 14598903333
[report] load_duration_s : 14.598903
[report] load_throughput : 9113.835263
[report] load_average_latency_ns : 109723.291142
Load workloads needs: 14796564135 ns 
[report] load_thread_ID : 11
[report] load_duration_ns : 14796564135
[report] load_duration_s : 14.796564
[report] load_throughput : 8992.087540
[report] load_average_latency_ns : 111208.881753
Load workloads needs: 14843206433 ns 
[report] load_thread_ID : 10
[report] load_duration_ns : 14843206433
[report] load_duration_s : 14.843206
[report] load_throughput : 8963.831407
[report] load_average_latency_ns : 111559.438663
Load workloads needs: 14852817156 ns 
[report] load_thread_ID : 8
[report] load_duration_ns : 14852817156
[report] load_duration_s : 14.852817
[report] load_throughput : 8958.031234
[report] load_average_latency_ns : 111631.671497
Load workloads needs: 14935692799 ns 
[report] load_thread_ID : 5
[report] load_duration_ns : 14935692799
[report] load_duration_s : 14.935693
[report] load_throughput : 8908.324628
[report] load_average_latency_ns : 112254.553100
Load workloads needs: 14996182162 ns 
[report] load_thread_ID : 9
[report] load_duration_ns : 14996182162
[report] load_duration_s : 14.996182
[report] load_throughput : 8872.391557
[report] load_average_latency_ns : 112709.182590
Load workloads needs: 15001927877 ns 
[report] load_thread_ID : 2
[report] load_duration_ns : 15001927877
[report] load_duration_s : 15.001928
[report] load_throughput : 8868.993445
[report] load_average_latency_ns : 112752.366571
Load workloads needs: 15006404188 ns 
[report] load_thread_ID : 7
[report] load_duration_ns : 15006404188
[report] load_duration_s : 15.006404
[report] load_throughput : 8866.347883
[report] load_average_latency_ns : 112786.009891
Load workloads needs: 15015612315 ns 
[report] load_thread_ID : 4
[report] load_duration_ns : 15015612315
[report] load_duration_s : 15.015612
[report] load_throughput : 8860.910711
[report] load_average_latency_ns : 112855.216870
Load workloads needs: 15127803759 ns 
[report] load_thread_ID : 6
[report] load_duration_ns : 15127803759
[report] load_duration_s : 15.127804
[report] load_throughput : 8795.196059
[report] load_average_latency_ns : 113698.431884
Load workloads needs: 15242450181 ns 
[report] load_thread_ID : 3
[report] load_duration_ns : 15242450181
[report] load_duration_s : 15.242450
[report] load_throughput : 8729.042800
[report] load_average_latency_ns : 114560.098165
All clients run done needs: 15243058864 ns 
[report] load_overall_duration_ns : 15243058864
[report] load_overall_duration_s : 15.243059
[report] load_overall_throughput : 122202.244092
[report] load_overall_average_latency_ns : 8183.155779
