numactl --membind=2 /home/gxr/mongodb-run/test_mongodb/build//run_client --num_threads=44 --core_binding=0,1,2,3,4,5,6,7,8,9,10,11,24,25,26,27,28,29,30,31,32,33,34,35,12,13,14,15,16,17,18,19,20,21,22,23,36,37,38,39,40,41,42,43,44,45,46,47 --str_key_size=16 --str_key_size=256 --load_file=/home/gxr/mongodb-run/workloads/ycsb/workloada-load-10000000-10000000.log.formated --run_file=/home/gxr/mongodb-run/workloads/ycsb/workloada-run-10000000-10000000.log.formated --URI_set=mongodb://localhost:27017,mongodb://localhost:27018,mongodb://localhost:27019,mongodb://localhost:27020,mongodb://localhost:27021,mongodb://localhost:27022,mongodb://localhost:27023,mongodb://localhost:27024,mongodb://localhost:27025,mongodb://localhost:27026,mongodb://localhost:27027,mongodb://localhost:27028,mongodb://localhost:27029,mongodb://localhost:27030,mongodb://localhost:27031,mongodb://localhost:27032,mongodb://localhost:27033,mongodb://localhost:27034,mongodb://localhost:27035,mongodb://localhost:27036,mongodb://localhost:27037,mongodb://localhost:27038,mongodb://localhost:27039,mongodb://localhost:27040,mongodb://localhost:27041,mongodb://localhost:27042,mongodb://localhost:27043,mongodb://localhost:27044,mongodb://localhost:27045,mongodb://localhost:27046,mongodb://localhost:27047,mongodb://localhost:27048,mongodb://localhost:27049,mongodb://localhost:27050,mongodb://localhost:27051,mongodb://localhost:27052,mongodb://localhost:27053,mongodb://localhost:27054,mongodb://localhost:27055,mongodb://localhost:27056,mongodb://localhost:27057,mongodb://localhost:27058,mongodb://localhost:27059,mongodb://localhost:27060,mongodb://localhost:27061,mongodb://localhost:27062,mongodb://localhost:27063,mongodb://localhost:27064 --first_mode=true
mongodb://localhost:27017 mongodb://localhost:27018 mongodb://localhost:27019 mongodb://localhost:27020 mongodb://localhost:27021 mongodb://localhost:27022 mongodb://localhost:27023 mongodb://localhost:27024 mongodb://localhost:27025 mongodb://localhost:27026 mongodb://localhost:27027 mongodb://localhost:27028 mongodb://localhost:27029 mongodb://localhost:27030 mongodb://localhost:27031 mongodb://localhost:27032 mongodb://localhost:27033 mongodb://localhost:27034 mongodb://localhost:27035 mongodb://localhost:27036 mongodb://localhost:27037 mongodb://localhost:27038 mongodb://localhost:27039 mongodb://localhost:27040 mongodb://localhost:27041 mongodb://localhost:27042 mongodb://localhost:27043 mongodb://localhost:27044 mongodb://localhost:27045 mongodb://localhost:27046 mongodb://localhost:27047 mongodb://localhost:27048 mongodb://localhost:27049 mongodb://localhost:27050 mongodb://localhost:27051 mongodb://localhost:27052 mongodb://localhost:27053 mongodb://localhost:27054 mongodb://localhost:27055 mongodb://localhost:27056 mongodb://localhost:27057 mongodb://localhost:27058 mongodb://localhost:27059 mongodb://localhost:27060 mongodb://localhost:27061 mongodb://localhost:27062 mongodb://localhost:27063 mongodb://localhost:27064 reading workload files ...
load_filename : /home/gxr/mongodb-run/workloads/ycsb/workloada-load-10000000-10000000.log.formated
read load file needs: 1084263488 s 
run_filename : /home/gxr/mongodb-run/workloads/ycsb/workloada-run-10000000-10000000.log.formated
read run file needs: 1127506331 s 
num_of_load_ops is 1862736
num_of_run_ops is 1934501
0 1 2 3 4 5 6 7 8 9 10 11 24 25 26 27 28 29 30 31 32 33 34 35 12 13 14 15 16 17 18 19 20 21 22 23 36 37 38 39 40 41 42 43 44 45 46 47 URI: URI: URI: mongodb://localhost:27017
URI: mongodb://localhost:27017
URI: mongodb://localhost:27017
URI: mongodb://localhost:27017
URI: mongodb://localhost:27017mongodb://localhost:27017
mongodb://localhost:27017

URI: mongodb://localhost:27017
URI: mongodb://localhost:27017
URI: URI: mongodb://localhost:27017
mongodb://localhost:27017
URI: mongodb://localhost:27017
URI: mongodb://localhost:27017
URI: mongodb://localhost:27017
URI: mongodb://localhost:27017
URI: mongodb://localhost:27017
URI: mongodb://localhost:27017
URI: mongodb://localhost:27017
URI: mongodb://localhost:27017
URI: mongodb://localhost:27017
URI: mongodb://localhost:27017
URI: mongodb://localhost:27017
URI: mongodb://localhost:27017
URI: mongodb://localhost:27017
URI: mongodb://localhost:27017
URI: mongodb://localhost:27017
URI: URI: URI: mongodb://localhost:27017
mongodb://localhost:27017
mongodb://localhost:27017
URI: mongodb://localhost:27017
URI: mongodb://localhost:27017
URI: mongodb://localhost:27017URI: 
mongodb://localhost:27017URI: mongodb://localhost:27017

URI: mongodb://localhost:27017
URI: mongodb://localhost:27017
URI: mongodb://localhost:27017
URI: mongodb://localhost:27017
URI: mongodb://localhost:27017
URI: mongodb://localhost:27017
URI: mongodb://localhost:27017
URI: mongodb://localhost:27017
URI: mongodb://localhost:27017
URI: mongodb://localhost:27017
Load workloads needs: 7103917145 ns 
[report] load_thread_ID : 13
[report] load_duration_ns : 7103917145
[report] load_duration_s : 7.103917
[report] load_throughput : 5959.247432
[report] load_average_latency_ns : 167806.423796
Load workloads needs: 7166602454 ns 
[report] load_thread_ID : 8
[report] load_duration_ns : 7166602454
[report] load_duration_s : 7.166602
[report] load_throughput : 5907.122695
[report] load_average_latency_ns : 169287.155809
Load workloads needs: 7209883331 ns 
[report] load_thread_ID : 19
[report] load_duration_ns : 7209883331
[report] load_duration_s : 7.209883
[report] load_throughput : 5871.662280
[report] load_average_latency_ns : 170309.522630
Load workloads needs: 7354447002 ns 
[report] load_thread_ID : 16
[report] load_duration_ns : 7354447002
[report] load_duration_s : 7.354447
[report] load_throughput : 5756.245165
[report] load_average_latency_ns : 173724.358719
Load workloads needs: 7355640643 ns 
[report] load_thread_ID : 4
[report] load_duration_ns : 7355640643
[report] load_duration_s : 7.355641
[report] load_throughput : 5755.311067
[report] load_average_latency_ns : 173752.554519
Load workloads needs: 7365204488 ns 
[report] load_thread_ID : 23
[report] load_duration_ns : 7365204488
[report] load_duration_s : 7.365204
[report] load_throughput : 5747.837697
[report] load_average_latency_ns : 173978.468560
Load workloads needs: 7414038790 ns 
[report] load_thread_ID : 22
[report] load_duration_ns : 7414038790
[report] load_duration_s : 7.414039
[report] load_throughput : 5709.978218
[report] load_average_latency_ns : 175132.016582
Load workloads needs: 7425300636 ns 
[report] load_thread_ID : 15
[report] load_duration_ns : 7425300636
[report] load_duration_s : 7.425301
[report] load_throughput : 5701.317977
[report] load_average_latency_ns : 175398.040251
Load workloads needs: 7425742291 ns 
[report] load_thread_ID : 20
[report] load_duration_ns : 7425742291
[report] load_duration_s : 7.425742
[report] load_throughput : 5700.978884
[report] load_average_latency_ns : 175408.472882
Load workloads needs: 7439987905 ns 
[report] load_thread_ID : 14
[report] load_duration_ns : 7439987905
[report] load_duration_s : 7.439988
[report] load_throughput : 5690.063014
[report] load_average_latency_ns : 175744.978150
Load workloads needs: 7490165228 ns 
[report] load_thread_ID : 2
[report] load_duration_ns : 7490165228
[report] load_duration_s : 7.490165
[report] load_throughput : 5651.944745
[report] load_average_latency_ns : 176930.250579
Load workloads needs: 7492440909 ns 
[report] load_thread_ID : 3
[report] load_duration_ns : 7492440909
[report] load_duration_s : 7.492441
[report] load_throughput : 5650.228078
[report] load_average_latency_ns : 176984.005976
Load workloads needs: 7505730961 ns 
[report] load_thread_ID : 10
[report] load_duration_ns : 7505730961
[report] load_duration_s : 7.505731
[report] load_throughput : 5640.223480
[report] load_average_latency_ns : 177297.939269
Load workloads needs: 7571266826 ns 
[report] load_thread_ID : 5
[report] load_duration_ns : 7571266826
[report] load_duration_s : 7.571267
[report] load_throughput : 5591.402466
[report] load_average_latency_ns : 178846.006189
Load workloads needs: 7594353915 ns 
[report] load_thread_ID : 21
[report] load_duration_ns : 7594353915
[report] load_duration_s : 7.594354
[report] load_throughput : 5574.404416
[report] load_average_latency_ns : 179391.361908
Load workloads needs: 7621235208 ns 
[report] load_thread_ID : 7
[report] load_duration_ns : 7621235208
[report] load_duration_s : 7.621235
[report] load_throughput : 5554.742616
[report] load_average_latency_ns : 180026.343081
Load workloads needs: 7641106815 ns 
[report] load_thread_ID : 17
[report] load_duration_ns : 7641106815
[report] load_duration_s : 7.641107
[report] load_throughput : 5540.296848
[report] load_average_latency_ns : 180495.743728
Load workloads needs: 7671916795 ns 
[report] load_thread_ID : 1
[report] load_duration_ns : 7671916795
[report] load_duration_s : 7.671917
[report] load_throughput : 5518.047332
[report] load_average_latency_ns : 181223.527070
Load workloads needs: 7721247694 ns 
[report] load_thread_ID : 11
[report] load_duration_ns : 7721247694
[report] load_duration_s : 7.721248
[report] load_throughput : 5482.792636
[report] load_average_latency_ns : 182388.805546
Load workloads needs: 7721855544 ns 
[report] load_thread_ID : 18
[report] load_duration_ns : 7721855544
[report] load_duration_s : 7.721856
[report] load_throughput : 5482.361041
[report] load_average_latency_ns : 182403.163982
Load workloads needs: 7729554029 ns 
[report] load_thread_ID : 12
[report] load_duration_ns : 7729554029
[report] load_duration_s : 7.729554
[report] load_throughput : 5476.900717
[report] load_average_latency_ns : 182585.015094
Load workloads needs: 7829924980 ns 
[report] load_thread_ID : 42
[report] load_duration_ns : 7829924980
[report] load_duration_s : 7.829925
[report] load_throughput : 5406.692926
[report] load_average_latency_ns : 184955.945103
Load workloads needs: 7834936233 ns 
[report] load_thread_ID : 0
[report] load_duration_ns : 7834936233
[report] load_duration_s : 7.834936
[report] load_throughput : 5403.234786
[report] load_average_latency_ns : 185074.319294
Load workloads needs: 7851512140 ns 
[report] load_thread_ID : 6
[report] load_duration_ns : 7851512140
[report] load_duration_s : 7.851512
[report] load_throughput : 5391.827618
[report] load_average_latency_ns : 185465.869986
Load workloads needs: 7843891260 ns 
[report] load_thread_ID : 9
[report] load_duration_ns : 7843891260
[report] load_duration_s : 7.843891
[report] load_throughput : 5397.066150
[report] load_average_latency_ns : 185285.852034
Load workloads needs: 7971903839 ns 
[report] load_thread_ID : 35
[report] load_duration_ns : 7971903839
[report] load_duration_s : 7.971904
[report] load_throughput : 5310.400232
[report] load_average_latency_ns : 188309.723603
Load workloads needs: 7986233054 ns 
[report] load_thread_ID : 31
[report] load_duration_ns : 7986233054
[report] load_duration_s : 7.986233
[report] load_throughput : 5300.872102
[report] load_average_latency_ns : 188648.203666
Load workloads needs: 7991651102 ns 
[report] load_thread_ID : 32
[report] load_duration_ns : 7991651102
[report] load_duration_s : 7.991651
[report] load_throughput : 5297.278305
[report] load_average_latency_ns : 188776.187036
Load workloads needs: 8000253059 ns 
[report] load_thread_ID : 34
[report] load_duration_ns : 8000253059
[report] load_duration_s : 8.000253
[report] load_throughput : 5291.582615
[report] load_average_latency_ns : 188979.379671
Load workloads needs: 8012441548 ns 
[report] load_thread_ID : 41
[report] load_duration_ns : 8012441548
[report] load_duration_s : 8.012442
[report] load_throughput : 5283.533084
[report] load_average_latency_ns : 189267.292200
Load workloads needs: 8018608002 ns 
[report] load_thread_ID : 39
[report] load_duration_ns : 8018608002
[report] load_duration_s : 8.018608
[report] load_throughput : 5279.469952
[report] load_average_latency_ns : 189412.954174
Load workloads needs: 8019986431 ns 
[report] load_thread_ID : 25
[report] load_duration_ns : 8019986431
[report] load_duration_s : 8.019986
[report] load_throughput : 5278.562547
[report] load_average_latency_ns : 189445.514976
Load workloads needs: 8029073436 ns 
[report] load_thread_ID : 33
[report] load_duration_ns : 8029073436
[report] load_duration_s : 8.029073
[report] load_throughput : 5272.588467
[report] load_average_latency_ns : 189660.165257
Load workloads needs: 8030918219 ns 
[report] load_thread_ID : 38
[report] load_duration_ns : 8030918219
[report] load_duration_s : 8.030918
[report] load_throughput : 5271.377300
[report] load_average_latency_ns : 189703.742122
Load workloads needs: 8031767254 ns 
[report] load_thread_ID : 30
[report] load_duration_ns : 8031767254
[report] load_duration_s : 8.031767
[report] load_throughput : 5270.820065
[report] load_average_latency_ns : 189723.797751
Load workloads needs: 8047470687 ns 
[report] load_thread_ID : 43
[report] load_duration_ns : 8047470687
[report] load_duration_s : 8.047471
[report] load_throughput : 5260.534850
[report] load_average_latency_ns : 190094.739146
Load workloads needs: 8052055692 ns 
[report] load_thread_ID : 26
[report] load_duration_ns : 8052055692
[report] load_duration_s : 8.052056
[report] load_throughput : 5257.539394
[report] load_average_latency_ns : 190203.044645
Load workloads needs: 8056225080 ns 
[report] load_thread_ID : 29
[report] load_duration_ns : 8056225080
[report] load_duration_s : 8.056225
[report] load_throughput : 5254.818427
[report] load_average_latency_ns : 190301.532574
Load workloads needs: 8058864949 ns 
[report] load_thread_ID : 40
[report] load_duration_ns : 8058864949
[report] load_duration_s : 8.058865
[report] load_throughput : 5253.097088
[report] load_average_latency_ns : 190363.890703
Load workloads needs: 8072742981 ns 
[report] load_thread_ID : 28
[report] load_duration_ns : 8072742981
[report] load_duration_s : 8.072743
[report] load_throughput : 5244.066372
[report] load_average_latency_ns : 190691.713068
Load workloads needs: 8081216686 ns 
[report] load_thread_ID : 27
[report] load_duration_ns : 8081216686
[report] load_duration_s : 8.081217
[report] load_throughput : 5238.567612
[report] load_average_latency_ns : 190891.876175
Load workloads needs: 8082820064 ns 
[report] load_thread_ID : 37
[report] load_duration_ns : 8082820064
[report] load_duration_s : 8.082820
[report] load_throughput : 5237.528445
[report] load_average_latency_ns : 190929.750650
Load workloads needs: 8174041775 ns 
[report] load_thread_ID : 36
[report] load_duration_ns : 8174041775
[report] load_duration_s : 8.174042
[report] load_throughput : 5179.078009
[report] load_average_latency_ns : 193084.560283
Load workloads needs: 8240969761 ns 
[report] load_thread_ID : 24
[report] load_duration_ns : 8240969761
[report] load_duration_s : 8.240970
[report] load_throughput : 5137.016787
[report] load_average_latency_ns : 194665.511433
All clients run done needs: 8240693877 ns 
[report] load_overall_duration_ns : 8240693877
[report] load_overall_duration_s : 8.240694
[report] load_overall_throughput : 226041.159616
[report] load_overall_average_latency_ns : 4423.973057
