numactl --membind=2 /home/gxr/mongodb-run/test_mongodb/build//run_client --num_threads=38 --core_binding=0,1,2,3,4,5,6,7,8,9,10,11,24,25,26,27,28,29,30,31,32,33,34,35,12,13,14,15,16,17,18,19,20,21,22,23,36,37,38,39,40,41,42,43,44,45,46,47 --str_key_size=16 --str_key_size=256 --load_file=/home/gxr/mongodb-run/workloads/ycsb/workloada-load-10000000-10000000.log.formated --run_file=/home/gxr/mongodb-run/workloads/ycsb/workloada-run-10000000-10000000.log.formated --URI_set=mongodb://localhost:27017,mongodb://localhost:27018,mongodb://localhost:27019,mongodb://localhost:27020,mongodb://localhost:27021,mongodb://localhost:27022,mongodb://localhost:27023,mongodb://localhost:27024,mongodb://localhost:27025,mongodb://localhost:27026,mongodb://localhost:27027,mongodb://localhost:27028,mongodb://localhost:27029,mongodb://localhost:27030,mongodb://localhost:27031,mongodb://localhost:27032,mongodb://localhost:27033,mongodb://localhost:27034,mongodb://localhost:27035,mongodb://localhost:27036,mongodb://localhost:27037,mongodb://localhost:27038,mongodb://localhost:27039,mongodb://localhost:27040,mongodb://localhost:27041,mongodb://localhost:27042,mongodb://localhost:27043,mongodb://localhost:27044,mongodb://localhost:27045,mongodb://localhost:27046,mongodb://localhost:27047,mongodb://localhost:27048,mongodb://localhost:27049,mongodb://localhost:27050,mongodb://localhost:27051,mongodb://localhost:27052,mongodb://localhost:27053,mongodb://localhost:27054,mongodb://localhost:27055,mongodb://localhost:27056,mongodb://localhost:27057,mongodb://localhost:27058,mongodb://localhost:27059,mongodb://localhost:27060,mongodb://localhost:27061,mongodb://localhost:27062,mongodb://localhost:27063,mongodb://localhost:27064 --first_mode=true
mongodb://localhost:27017 mongodb://localhost:27018 mongodb://localhost:27019 mongodb://localhost:27020 mongodb://localhost:27021 mongodb://localhost:27022 mongodb://localhost:27023 mongodb://localhost:27024 mongodb://localhost:27025 mongodb://localhost:27026 mongodb://localhost:27027 mongodb://localhost:27028 mongodb://localhost:27029 mongodb://localhost:27030 mongodb://localhost:27031 mongodb://localhost:27032 mongodb://localhost:27033 mongodb://localhost:27034 mongodb://localhost:27035 mongodb://localhost:27036 mongodb://localhost:27037 mongodb://localhost:27038 mongodb://localhost:27039 mongodb://localhost:27040 mongodb://localhost:27041 mongodb://localhost:27042 mongodb://localhost:27043 mongodb://localhost:27044 mongodb://localhost:27045 mongodb://localhost:27046 mongodb://localhost:27047 mongodb://localhost:27048 mongodb://localhost:27049 mongodb://localhost:27050 mongodb://localhost:27051 mongodb://localhost:27052 mongodb://localhost:27053 mongodb://localhost:27054 mongodb://localhost:27055 mongodb://localhost:27056 mongodb://localhost:27057 mongodb://localhost:27058 mongodb://localhost:27059 mongodb://localhost:27060 mongodb://localhost:27061 mongodb://localhost:27062 mongodb://localhost:27063 mongodb://localhost:27064 reading workload files ...
load_filename : /home/gxr/mongodb-run/workloads/ycsb/workloada-load-10000000-10000000.log.formated
read load file needs: 1384310199 s 
run_filename : /home/gxr/mongodb-run/workloads/ycsb/workloada-run-10000000-10000000.log.formated
read run file needs: 1317498835 s 
num_of_load_ops is 1862736
num_of_run_ops is 1934501
0 1 2 3 4 5 6 7 8 9 10 11 24 25 26 27 28 29 30 31 32 33 34 35 12 13 14 15 16 17 18 19 20 21 22 23 36 37 38 39 40 41 42 43 44 45 46 47 URI: URI: URI: URI: URI: URI: URI: URI: mongodb://localhost:27017
mongodb://localhost:27017
mongodb://localhost:27017
mongodb://localhost:27017
mongodb://localhost:27017
mongodb://localhost:27017
mongodb://localhost:27017
URI: mongodb://localhost:27017
URI: mongodb://localhost:27017
URI: mongodb://localhost:27017
mongodb://localhost:27017
URI: mongodb://localhost:27017
URI: mongodb://localhost:27017
URI: mongodb://localhost:27017
URI: mongodb://localhost:27017
URI: mongodb://localhost:27017
URI: mongodb://localhost:27017
URI: mongodb://localhost:27017
URI: mongodb://localhost:27017
URI: mongodb://localhost:27017
URI: mongodb://localhost:27017
URI: URI: mongodb://localhost:27017
mongodb://localhost:27017
URI: mongodb://localhost:27017
URI: mongodb://localhost:27017
URI: mongodb://localhost:27017
URI: mongodb://localhost:27017
URI: mongodb://localhost:27017
URI: mongodb://localhost:27017
URI: mongodb://localhost:27017
URI: mongodb://localhost:27017
URI: mongodb://localhost:27017
URI: mongodb://localhost:27017
URI: mongodb://localhost:27017
URI: mongodb://localhost:27017
URI: mongodb://localhost:27017
URI: mongodb://localhost:27017
URI: mongodb://localhost:27017
Load workloads needs: 8136498033 ns 
[report] load_thread_ID : 22
[report] load_duration_ns : 8136498033
[report] load_duration_s : 8.136498
[report] load_throughput : 6024.582050
[report] load_average_latency_ns : 165986.618107
Load workloads needs: 8164681949 ns 
[report] load_thread_ID : 12
[report] load_duration_ns : 8164681949
[report] load_duration_s : 8.164682
[report] load_throughput : 6003.785611
[report] load_average_latency_ns : 166561.577123
Load workloads needs: 8204258546 ns 
[report] load_thread_ID : 17
[report] load_duration_ns : 8204258546
[report] load_duration_s : 8.204259
[report] load_throughput : 5974.823895
[report] load_average_latency_ns : 167368.949713
Load workloads needs: 8213590182 ns 
[report] load_thread_ID : 21
[report] load_duration_ns : 8213590182
[report] load_duration_s : 8.213590
[report] load_throughput : 5968.035769
[report] load_average_latency_ns : 167559.317448
Load workloads needs: 8253808483 ns 
[report] load_thread_ID : 13
[report] load_duration_ns : 8253808483
[report] load_duration_s : 8.253808
[report] load_throughput : 5938.955344
[report] load_average_latency_ns : 168379.780962
Load workloads needs: 8282819588 ns 
[report] load_thread_ID : 14
[report] load_duration_ns : 8282819588
[report] load_duration_s : 8.282820
[report] load_throughput : 5918.153774
[report] load_average_latency_ns : 168971.614843
Load workloads needs: 8303233993 ns 
[report] load_thread_ID : 16
[report] load_duration_ns : 8303233993
[report] load_duration_s : 8.303234
[report] load_throughput : 5903.603348
[report] load_average_latency_ns : 169388.073869
Load workloads needs: 8309081516 ns 
[report] load_thread_ID : 7
[report] load_duration_ns : 8309081516
[report] load_duration_s : 8.309082
[report] load_throughput : 5899.448682
[report] load_average_latency_ns : 169507.364818
Load workloads needs: 8327808417 ns 
[report] load_thread_ID : 23
[report] load_duration_ns : 8327808417
[report] load_duration_s : 8.327808
[report] load_throughput : 5886.182480
[report] load_average_latency_ns : 169889.398335
Load workloads needs: 8339352814 ns 
[report] load_thread_ID : 4
[report] load_duration_ns : 8339352814
[report] load_duration_s : 8.339353
[report] load_throughput : 5878.034075
[report] load_average_latency_ns : 170124.906954
Load workloads needs: 8373923322 ns 
[report] load_thread_ID : 2
[report] load_duration_ns : 8373923322
[report] load_duration_s : 8.373923
[report] load_throughput : 5853.767477
[report] load_average_latency_ns : 170830.154063
Load workloads needs: 8383245302 ns 
[report] load_thread_ID : 10
[report] load_duration_ns : 8383245302
[report] load_duration_s : 8.383245
[report] load_throughput : 5847.258220
[report] load_average_latency_ns : 171020.324813
Load workloads needs: 8411012437 ns 
[report] load_thread_ID : 18
[report] load_duration_ns : 8411012437
[report] load_duration_s : 8.411012
[report] load_throughput : 5827.954764
[report] load_average_latency_ns : 171586.781391
Load workloads needs: 8430882008 ns 
[report] load_thread_ID : 11
[report] load_duration_ns : 8430882008
[report] load_duration_s : 8.430882
[report] load_throughput : 5814.219669
[report] load_average_latency_ns : 171992.125666
Load workloads needs: 8433914758 ns 
[report] load_thread_ID : 34
[report] load_duration_ns : 8433914758
[report] load_duration_s : 8.433915
[report] load_throughput : 5812.128935
[report] load_average_latency_ns : 172053.994533
Load workloads needs: 8437753400 ns 
[report] load_thread_ID : 0
[report] load_duration_ns : 8437753400
[report] load_duration_s : 8.437753
[report] load_throughput : 5809.484785
[report] load_average_latency_ns : 172132.303801
Load workloads needs: 8461485433 ns 
[report] load_thread_ID : 1
[report] load_duration_ns : 8461485433
[report] load_duration_s : 8.461485
[report] load_throughput : 5793.190851
[report] load_average_latency_ns : 172616.443277
Load workloads needs: 8488069035 ns 
[report] load_thread_ID : 15
[report] load_duration_ns : 8488069035
[report] load_duration_s : 8.488069
[report] load_throughput : 5775.047281
[report] load_average_latency_ns : 173158.755483
Load workloads needs: 8524454094 ns 
[report] load_thread_ID : 5
[report] load_duration_ns : 8524454094
[report] load_duration_s : 8.524454
[report] load_throughput : 5750.397557
[report] load_average_latency_ns : 173901.019890
Load workloads needs: 8525179617 ns 
[report] load_thread_ID : 24
[report] load_duration_ns : 8525179617
[report] load_duration_s : 8.525180
[report] load_throughput : 5749.908178
[report] load_average_latency_ns : 173915.820743
Load workloads needs: 8531918231 ns 
[report] load_thread_ID : 19
[report] load_duration_ns : 8531918231
[report] load_duration_s : 8.531918
[report] load_throughput : 5745.366830
[report] load_average_latency_ns : 174053.290173
Load workloads needs: 8535885835 ns 
[report] load_thread_ID : 20
[report] load_duration_ns : 8535885835
[report] load_duration_s : 8.535886
[report] load_throughput : 5742.696300
[report] load_average_latency_ns : 174134.230298
Load workloads needs: 8552579050 ns 
[report] load_thread_ID : 33
[report] load_duration_ns : 8552579050
[report] load_duration_s : 8.552579
[report] load_throughput : 5731.487510
[report] load_average_latency_ns : 174474.776107
Load workloads needs: 8554878092 ns 
[report] load_thread_ID : 6
[report] load_duration_ns : 8554878092
[report] load_duration_s : 8.554878
[report] load_throughput : 5729.947227
[report] load_average_latency_ns : 174521.677146
Load workloads needs: 8558394838 ns 
[report] load_thread_ID : 29
[report] load_duration_ns : 8558394838
[report] load_duration_s : 8.558395
[report] load_throughput : 5727.592724
[report] load_average_latency_ns : 174593.419654
Load workloads needs: 8559998791 ns 
[report] load_thread_ID : 8
[report] load_duration_ns : 8559998791
[report] load_duration_s : 8.559999
[report] load_throughput : 5726.519500
[report] load_average_latency_ns : 174626.140701
Load workloads needs: 8568586005 ns 
[report] load_thread_ID : 30
[report] load_duration_ns : 8568586005
[report] load_duration_s : 8.568586
[report] load_throughput : 5720.780532
[report] load_average_latency_ns : 174801.322038
Load workloads needs: 8570307656 ns 
[report] load_thread_ID : 9
[report] load_duration_ns : 8570307656
[report] load_duration_s : 8.570308
[report] load_throughput : 5719.631309
[report] load_average_latency_ns : 174836.444154
Load workloads needs: 8577441529 ns 
[report] load_thread_ID : 25
[report] load_duration_ns : 8577441529
[report] load_duration_s : 8.577442
[report] load_throughput : 5714.874282
[report] load_average_latency_ns : 174981.976968
Load workloads needs: 8591337477 ns 
[report] load_thread_ID : 37
[report] load_duration_ns : 8591337477
[report] load_duration_s : 8.591337
[report] load_throughput : 5705.630832
[report] load_average_latency_ns : 175265.457822
Load workloads needs: 8604988054 ns 
[report] load_thread_ID : 3
[report] load_duration_ns : 8604988054
[report] load_duration_s : 8.604988
[report] load_throughput : 5696.579669
[report] load_average_latency_ns : 175543.933046
Load workloads needs: 8604655462 ns 
[report] load_thread_ID : 36
[report] load_duration_ns : 8604655462
[report] load_duration_s : 8.604655
[report] load_throughput : 5696.799856
[report] load_average_latency_ns : 175537.148085
Load workloads needs: 8624639650 ns 
[report] load_thread_ID : 26
[report] load_duration_ns : 8624639650
[report] load_duration_s : 8.624640
[report] load_throughput : 5683.599778
[report] load_average_latency_ns : 175944.830576
Load workloads needs: 8631180829 ns 
[report] load_thread_ID : 31
[report] load_duration_ns : 8631180829
[report] load_duration_s : 8.631181
[report] load_throughput : 5679.292436
[report] load_average_latency_ns : 176078.272282
Load workloads needs: 8646549703 ns 
[report] load_thread_ID : 32
[report] load_duration_ns : 8646549703
[report] load_duration_s : 8.646550
[report] load_throughput : 5669.197736
[report] load_average_latency_ns : 176391.801200
Load workloads needs: 8680288828 ns 
[report] load_thread_ID : 27
[report] load_duration_ns : 8680288828
[report] load_duration_s : 8.680289
[report] load_throughput : 5647.162320
[report] load_average_latency_ns : 177080.087884
Load workloads needs: 8693837982 ns 
[report] load_thread_ID : 35
[report] load_duration_ns : 8693837982
[report] load_duration_s : 8.693838
[report] load_throughput : 5638.361343
[report] load_average_latency_ns : 177356.494053
Load workloads needs: 8712681032 ns 
[report] load_thread_ID : 28
[report] load_duration_ns : 8712681032
[report] load_duration_s : 8.712681
[report] load_throughput : 5626.167172
[report] load_average_latency_ns : 177740.897040
All clients run done needs: 8712473423 ns 
[report] load_overall_duration_ns : 8712473423
[report] load_overall_duration_s : 8.712473
[report] load_overall_throughput : 213801.053910
[report] load_overall_average_latency_ns : 4677.245419
