numactl --membind=2 /home/gxr/mongodb-run/test_mongodb/build//run_client --num_threads=14 --core_binding=0,1,2,3,4,5,6,7,8,9,10,11,24,25,26,27,28,29,30,31,32,33,34,35,12,13,14,15,16,17,18,19,20,21,22,23,36,37,38,39,40,41,42,43,44,45,46,47 --str_key_size=16 --str_key_size=256 --load_file=/home/gxr/mongodb-run/workloads/ycsb/workloada-load-10000000-10000000.log.formated --run_file=/home/gxr/mongodb-run/workloads/ycsb/workloada-run-10000000-10000000.log.formated --URI_set=mongodb://localhost:27017,mongodb://localhost:27018,mongodb://localhost:27019,mongodb://localhost:27020,mongodb://localhost:27021,mongodb://localhost:27022,mongodb://localhost:27023,mongodb://localhost:27024,mongodb://localhost:27025,mongodb://localhost:27026,mongodb://localhost:27027,mongodb://localhost:27028,mongodb://localhost:27029,mongodb://localhost:27030,mongodb://localhost:27031,mongodb://localhost:27032,mongodb://localhost:27033,mongodb://localhost:27034,mongodb://localhost:27035,mongodb://localhost:27036,mongodb://localhost:27037,mongodb://localhost:27038,mongodb://localhost:27039,mongodb://localhost:27040,mongodb://localhost:27041,mongodb://localhost:27042,mongodb://localhost:27043,mongodb://localhost:27044,mongodb://localhost:27045,mongodb://localhost:27046,mongodb://localhost:27047,mongodb://localhost:27048,mongodb://localhost:27049,mongodb://localhost:27050,mongodb://localhost:27051,mongodb://localhost:27052,mongodb://localhost:27053,mongodb://localhost:27054,mongodb://localhost:27055,mongodb://localhost:27056,mongodb://localhost:27057,mongodb://localhost:27058,mongodb://localhost:27059,mongodb://localhost:27060,mongodb://localhost:27061,mongodb://localhost:27062,mongodb://localhost:27063,mongodb://localhost:27064 --first_mode=true
mongodb://localhost:27017 mongodb://localhost:27018 mongodb://localhost:27019 mongodb://localhost:27020 mongodb://localhost:27021 mongodb://localhost:27022 mongodb://localhost:27023 mongodb://localhost:27024 mongodb://localhost:27025 mongodb://localhost:27026 mongodb://localhost:27027 mongodb://localhost:27028 mongodb://localhost:27029 mongodb://localhost:27030 mongodb://localhost:27031 mongodb://localhost:27032 mongodb://localhost:27033 mongodb://localhost:27034 mongodb://localhost:27035 mongodb://localhost:27036 mongodb://localhost:27037 mongodb://localhost:27038 mongodb://localhost:27039 mongodb://localhost:27040 mongodb://localhost:27041 mongodb://localhost:27042 mongodb://localhost:27043 mongodb://localhost:27044 mongodb://localhost:27045 mongodb://localhost:27046 mongodb://localhost:27047 mongodb://localhost:27048 mongodb://localhost:27049 mongodb://localhost:27050 mongodb://localhost:27051 mongodb://localhost:27052 mongodb://localhost:27053 mongodb://localhost:27054 mongodb://localhost:27055 mongodb://localhost:27056 mongodb://localhost:27057 mongodb://localhost:27058 mongodb://localhost:27059 mongodb://localhost:27060 mongodb://localhost:27061 mongodb://localhost:27062 mongodb://localhost:27063 mongodb://localhost:27064 reading workload files ...
load_filename : /home/gxr/mongodb-run/workloads/ycsb/workloada-load-10000000-10000000.log.formated
read load file needs: 1149611673 s 
run_filename : /home/gxr/mongodb-run/workloads/ycsb/workloada-run-10000000-10000000.log.formated
read run file needs: 1129594963 s 
num_of_load_ops is 1862736
num_of_run_ops is 1934501
0 1 2 3 4 5 6 7 8 9 10 11 24 25 26 27 28 29 30 31 32 33 34 35 12 13 14 15 16 17 18 19 20 21 22 23 36 37 38 39 40 41 42 43 44 45 46 47 URI: URI: URI: mongodb://localhost:27017mongodb://localhost:27017
URI: mongodb://localhost:27017URI: mongodb://localhost:27017
URI: mongodb://localhost:27017
mongodb://localhost:27017
URI: 

URI: mongodb://localhost:27017
URI: mongodb://localhost:27017
URI: mongodb://localhost:27017
mongodb://localhost:27017
URI: mongodb://localhost:27017URI: URI: mongodb://localhost:27017mongodb://localhost:27017


URI: mongodb://localhost:27017
Load workloads needs: 12601756366 ns 
[report] load_thread_ID : 0
[report] load_duration_ns : 12601756366
[report] load_duration_s : 12.601756
[report] load_throughput : 10558.210787
[report] load_average_latency_ns : 94713.017211
Load workloads needs: 12832540356 ns 
[report] load_thread_ID : 1
[report] load_duration_ns : 12832540356
[report] load_duration_s : 12.832540
[report] load_throughput : 10368.328975
[report] load_average_latency_ns : 96447.557015
Load workloads needs: 12838280380 ns 
[report] load_thread_ID : 13
[report] load_duration_ns : 12838280380
[report] load_duration_s : 12.838280
[report] load_throughput : 10363.693272
[report] load_average_latency_ns : 96490.698223
Load workloads needs: 12930413063 ns 
[report] load_thread_ID : 8
[report] load_duration_ns : 12930413063
[report] load_duration_s : 12.930413
[report] load_throughput : 10289.849160
[report] load_average_latency_ns : 97183.154428
Load workloads needs: 12961321888 ns 
[report] load_thread_ID : 7
[report] load_duration_ns : 12961321888
[report] load_duration_s : 12.961322
[report] load_throughput : 10265.310988
[report] load_average_latency_ns : 97415.460782
Load workloads needs: 12989254472 ns 
[report] load_thread_ID : 11
[report] load_duration_ns : 12989254472
[report] load_duration_s : 12.989254
[report] load_throughput : 10243.236075
[report] load_average_latency_ns : 97625.398130
Load workloads needs: 13008819088 ns 
[report] load_thread_ID : 10
[report] load_duration_ns : 13008819088
[report] load_duration_s : 13.008819
[report] load_throughput : 10227.830758
[report] load_average_latency_ns : 97772.443015
Load workloads needs: 13015363924 ns 
[report] load_thread_ID : 12
[report] load_duration_ns : 13015363924
[report] load_duration_s : 13.015364
[report] load_throughput : 10222.687646
[report] load_average_latency_ns : 97821.633076
Load workloads needs: 13088338982 ns 
[report] load_thread_ID : 9
[report] load_duration_ns : 13088338982
[report] load_duration_s : 13.088339
[report] load_throughput : 10165.690252
[report] load_average_latency_ns : 98370.103283
Load workloads needs: 13182117108 ns 
[report] load_thread_ID : 2
[report] load_duration_ns : 13182117108
[report] load_duration_s : 13.182117
[report] load_throughput : 10093.371111
[report] load_average_latency_ns : 99074.926405
Load workloads needs: 13223130192 ns 
[report] load_thread_ID : 6
[report] load_duration_ns : 13223130192
[report] load_duration_s : 13.223130
[report] load_throughput : 10062.065341
[report] load_average_latency_ns : 99383.174939
Load workloads needs: 13244012491 ns 
[report] load_thread_ID : 4
[report] load_duration_ns : 13244012491
[report] load_duration_s : 13.244012
[report] load_throughput : 10046.200129
[report] load_average_latency_ns : 99540.123343
Load workloads needs: 13392845292 ns 
[report] load_thread_ID : 3
[report] load_duration_ns : 13392845292
[report] load_duration_s : 13.392845
[report] load_throughput : 9934.558124
[report] load_average_latency_ns : 100658.729609
Load workloads needs: 13788106524 ns 
[report] load_thread_ID : 5
[report] load_duration_ns : 13788106524
[report] load_duration_s : 13.788107
[report] load_throughput : 9649.765888
[report] load_average_latency_ns : 103629.457084
All clients run done needs: 13788744796 ns 
[report] load_overall_duration_ns : 13788744796
[report] load_overall_duration_s : 13.788745
[report] load_overall_throughput : 135091.049081
[report] load_overall_average_latency_ns : 7402.414940
