numactl --membind=0 /home/gxr/mongodb-run/test_mongodb/build//run_client --num_threads=12 --core_binding=0,1,2,3,4,5,6,7,8,9,10,11,24,25,26,27,28,29,30,31,32,33,34,35 --str_key_size=16 --str_key_size=256 --load_file=/home/gxr/mongodb-run/workloads/ycsb/workloada-load-10000000-10000000.log.formated --run_file=/home/gxr/mongodb-run/workloads/ycsb/workloada-run-10000000-10000000.log.formated --URI_set=mongodb://localhost:27017,mongodb://localhost:27018,mongodb://localhost:27019,mongodb://localhost:27020,mongodb://localhost:27021,mongodb://localhost:27022,mongodb://localhost:27023,mongodb://localhost:27024,mongodb://localhost:27025,mongodb://localhost:27026,mongodb://localhost:27027,mongodb://localhost:27028,mongodb://localhost:27029,mongodb://localhost:27030,mongodb://localhost:27031,mongodb://localhost:27032,mongodb://localhost:27033,mongodb://localhost:27034,mongodb://localhost:27035,mongodb://localhost:27036,mongodb://localhost:27037,mongodb://localhost:27038,mongodb://localhost:27039,mongodb://localhost:27040,mongodb://localhost:27041,mongodb://localhost:27042,mongodb://localhost:27043,mongodb://localhost:27044,mongodb://localhost:27045,mongodb://localhost:27046 --first_mode=false
mongodb://localhost:27017 mongodb://localhost:27018 mongodb://localhost:27019 mongodb://localhost:27020 mongodb://localhost:27021 mongodb://localhost:27022 mongodb://localhost:27023 mongodb://localhost:27024 mongodb://localhost:27025 mongodb://localhost:27026 mongodb://localhost:27027 mongodb://localhost:27028 mongodb://localhost:27029 mongodb://localhost:27030 mongodb://localhost:27031 mongodb://localhost:27032 mongodb://localhost:27033 mongodb://localhost:27034 mongodb://localhost:27035 mongodb://localhost:27036 mongodb://localhost:27037 mongodb://localhost:27038 mongodb://localhost:27039 mongodb://localhost:27040 mongodb://localhost:27041 mongodb://localhost:27042 mongodb://localhost:27043 mongodb://localhost:27044 mongodb://localhost:27045 mongodb://localhost:27046 reading workload files ...
load_filename : /home/gxr/mongodb-run/workloads/ycsb/workloada-load-10000000-10000000.log.formated
read load file needs: 965794509 s 
run_filename : /home/gxr/mongodb-run/workloads/ycsb/workloada-run-10000000-10000000.log.formated
read run file needs: 1025219775 s 
num_of_load_ops is 1862736
num_of_run_ops is 1934501
0 1 2 3 4 5 6 7 8 9 10 11 24 25 26 27 28 29 30 31 32 33 34 35 URI: URI: URI: URI: URI: URI: mongodb://localhost:27019
mongodb://localhost:27022
URI: mongodb://localhost:27017mongodb://localhost:27021
mongodb://localhost:27018
mongodb://localhost:27023

mongodb://localhost:27020
URI: mongodb://localhost:27026
URI: mongodb://localhost:27024
URI: mongodb://localhost:27025URI: mongodb://localhost:27027

URI: mongodb://localhost:27028
Load workloads needs: 11439783781 ns 
[report] load_thread_ID : 9
[report] load_duration_ns : 11439783781
[report] load_duration_s : 11.439784
[report] load_throughput : 13569.137579
[report] load_average_latency_ns : 73696.651255
Load workloads needs: 11569824990 ns 
[report] load_thread_ID : 6
[report] load_duration_ns : 11569824990
[report] load_duration_s : 11.569825
[report] load_throughput : 13416.624723
[report] load_average_latency_ns : 74534.394504
Load workloads needs: 11764533326 ns 
[report] load_thread_ID : 7
[report] load_duration_ns : 11764533326
[report] load_duration_s : 11.764533
[report] load_throughput : 13194.573529
[report] load_average_latency_ns : 75788.732226
Load workloads needs: 11790725799 ns 
[report] load_thread_ID : 11
[report] load_duration_ns : 11790725799
[report] load_duration_s : 11.790726
[report] load_throughput : 13165.262482
[report] load_average_latency_ns : 75957.467718
Load workloads needs: 11818164943 ns 
[report] load_thread_ID : 10
[report] load_duration_ns : 11818164943
[report] load_duration_s : 11.818165
[report] load_throughput : 13134.695678
[report] load_average_latency_ns : 76134.234436
Load workloads needs: 11841197072 ns 
[report] load_thread_ID : 5
[report] load_duration_ns : 11841197072
[report] load_duration_s : 11.841197
[report] load_throughput : 13109.147585
[report] load_average_latency_ns : 76282.610560
Load workloads needs: 11853152025 ns 
[report] load_thread_ID : 2
[report] load_duration_ns : 11853152025
[report] load_duration_s : 11.853152
[report] load_throughput : 13095.925849
[report] load_average_latency_ns : 76359.626002
Load workloads needs: 11953814119 ns 
[report] load_thread_ID : 8
[report] load_duration_ns : 11953814119
[report] load_duration_s : 11.953814
[report] load_throughput : 12985.646126
[report] load_average_latency_ns : 77008.104975
Load workloads needs: 11978565328 ns 
[report] load_thread_ID : 0
[report] load_duration_ns : 11978565328
[report] load_duration_s : 11.978565
[report] load_throughput : 12958.813994
[report] load_average_latency_ns : 77167.555647
Load workloads needs: 12129371225 ns 
[report] load_thread_ID : 4
[report] load_duration_ns : 12129371225
[report] load_duration_s : 12.129371
[report] load_throughput : 12797.695538
[report] load_average_latency_ns : 78139.067855
Load workloads needs: 12165961133 ns 
[report] load_thread_ID : 1
[report] load_duration_ns : 12165961133
[report] load_duration_s : 12.165961
[report] load_throughput : 12759.205648
[report] load_average_latency_ns : 78374.785045
Load workloads needs: 12199891298 ns 
[report] load_thread_ID : 3
[report] load_duration_ns : 12199891298
[report] load_duration_s : 12.199891
[report] load_throughput : 12723.719926
[report] load_average_latency_ns : 78593.367807
All clients run done needs: 12200254066 ns 
[report] load_overall_duration_ns : 12200254066
[report] load_overall_duration_s : 12.200254
[report] load_overall_throughput : 152680.099113
[report] load_overall_average_latency_ns : 6549.642067
