numactl --membind=0 /home/gxr/mongodb-run/test_mongodb/build//run_client --num_threads=14 --core_binding=0,1,2,3,4,5,6,7,8,9,10,11,24,25,26,27,28,29,30,31,32,33,34,35 --str_key_size=16 --str_key_size=256 --load_file=/home/gxr/mongodb-run/workloads/ycsb/workloada-load-10000000-10000000.log.formated --run_file=/home/gxr/mongodb-run/workloads/ycsb/workloada-run-10000000-10000000.log.formated --URI_set=mongodb://localhost:27017,mongodb://localhost:27018,mongodb://localhost:27019,mongodb://localhost:27020,mongodb://localhost:27021,mongodb://localhost:27022,mongodb://localhost:27023,mongodb://localhost:27024,mongodb://localhost:27025,mongodb://localhost:27026,mongodb://localhost:27027,mongodb://localhost:27028,mongodb://localhost:27029,mongodb://localhost:27030,mongodb://localhost:27031,mongodb://localhost:27032,mongodb://localhost:27033,mongodb://localhost:27034,mongodb://localhost:27035,mongodb://localhost:27036,mongodb://localhost:27037,mongodb://localhost:27038,mongodb://localhost:27039,mongodb://localhost:27040,mongodb://localhost:27041,mongodb://localhost:27042,mongodb://localhost:27043,mongodb://localhost:27044,mongodb://localhost:27045,mongodb://localhost:27046 --first_mode=true
mongodb://localhost:27017 mongodb://localhost:27018 mongodb://localhost:27019 mongodb://localhost:27020 mongodb://localhost:27021 mongodb://localhost:27022 mongodb://localhost:27023 mongodb://localhost:27024 mongodb://localhost:27025 mongodb://localhost:27026 mongodb://localhost:27027 mongodb://localhost:27028 mongodb://localhost:27029 mongodb://localhost:27030 mongodb://localhost:27031 mongodb://localhost:27032 mongodb://localhost:27033 mongodb://localhost:27034 mongodb://localhost:27035 mongodb://localhost:27036 mongodb://localhost:27037 mongodb://localhost:27038 mongodb://localhost:27039 mongodb://localhost:27040 mongodb://localhost:27041 mongodb://localhost:27042 mongodb://localhost:27043 mongodb://localhost:27044 mongodb://localhost:27045 mongodb://localhost:27046 reading workload files ...
load_filename : /home/gxr/mongodb-run/workloads/ycsb/workloada-load-10000000-10000000.log.formated
read load file needs: 1053692101 s 
run_filename : /home/gxr/mongodb-run/workloads/ycsb/workloada-run-10000000-10000000.log.formated
read run file needs: 1035687606 s 
num_of_load_ops is 1862736
num_of_run_ops is 1934501
0 1 2 3 4 5 6 7 8 9 10 11 24 25 26 27 28 29 30 31 32 33 34 35 URI: URI: URI: mongodb://localhost:27017
mongodb://localhost:27017mongodb://localhost:27017
URI: mongodb://localhost:27017URI: mongodb://localhost:27017
URI: mongodb://localhost:27017

URI: mongodb://localhost:27017

URI: mongodb://localhost:27017
URI: mongodb://localhost:27017
URI: mongodb://localhost:27017
URI: mongodb://localhost:27017
URI: URI: mongodb://localhost:27017
mongodb://localhost:27017
URI: mongodb://localhost:27017
Load workloads needs: 12554839320 ns 
[report] load_thread_ID : 0
[report] load_duration_ns : 12554839320
[report] load_duration_s : 12.554839
[report] load_throughput : 10597.666494
[report] load_average_latency_ns : 94360.395334
Load workloads needs: 12827863503 ns 
[report] load_thread_ID : 13
[report] load_duration_ns : 12827863503
[report] load_duration_s : 12.827864
[report] load_throughput : 10372.109118
[report] load_average_latency_ns : 96412.406450
Load workloads needs: 12909123240 ns 
[report] load_thread_ID : 12
[report] load_duration_ns : 12909123240
[report] load_duration_s : 12.909123
[report] load_throughput : 10306.819257
[report] load_average_latency_ns : 97023.143132
Load workloads needs: 12912639800 ns 
[report] load_thread_ID : 11
[report] load_duration_ns : 12912639800
[report] load_duration_s : 12.912640
[report] load_throughput : 10304.012352
[report] load_average_latency_ns : 97049.573099
Load workloads needs: 12928195382 ns 
[report] load_thread_ID : 8
[report] load_duration_ns : 12928195382
[report] load_duration_s : 12.928195
[report] load_throughput : 10291.614264
[report] load_average_latency_ns : 97166.486652
Load workloads needs: 12943592996 ns 
[report] load_thread_ID : 1
[report] load_duration_ns : 12943592996
[report] load_duration_s : 12.943593
[report] load_throughput : 10279.371427
[report] load_average_latency_ns : 97282.212939
Load workloads needs: 13008031563 ns 
[report] load_thread_ID : 7
[report] load_duration_ns : 13008031563
[report] load_duration_s : 13.008032
[report] load_throughput : 10228.449966
[report] load_average_latency_ns : 97766.524088
Load workloads needs: 13013317760 ns 
[report] load_thread_ID : 9
[report] load_duration_ns : 13013317760
[report] load_duration_s : 13.013318
[report] load_throughput : 10224.295023
[report] load_average_latency_ns : 97806.254397
Load workloads needs: 13039826869 ns 
[report] load_thread_ID : 6
[report] load_duration_ns : 13039826869
[report] load_duration_s : 13.039827
[report] load_throughput : 10203.509704
[report] load_average_latency_ns : 98005.493108
Load workloads needs: 13044362384 ns 
[report] load_thread_ID : 10
[report] load_duration_ns : 13044362384
[report] load_duration_s : 13.044362
[report] load_throughput : 10199.961952
[report] load_average_latency_ns : 98039.581397
Load workloads needs: 13160029532 ns 
[report] load_thread_ID : 3
[report] load_duration_ns : 13160029532
[report] load_duration_s : 13.160030
[report] load_throughput : 10110.311658
[report] load_average_latency_ns : 98908.919310
Load workloads needs: 13202582087 ns 
[report] load_thread_ID : 5
[report] load_duration_ns : 13202582087
[report] load_duration_s : 13.202582
[report] load_throughput : 10077.725639
[report] load_average_latency_ns : 99228.738290
Load workloads needs: 13204827197 ns 
[report] load_thread_ID : 4
[report] load_duration_ns : 13204827197
[report] load_duration_s : 13.204827
[report] load_throughput : 10076.012205
[report] load_average_latency_ns : 99245.612219
Load workloads needs: 13252143570 ns 
[report] load_thread_ID : 2
[report] load_duration_ns : 13252143570
[report] load_duration_s : 13.252144
[report] load_throughput : 10040.036112
[report] load_average_latency_ns : 99601.235382
All clients run done needs: 13252431135 ns 
[report] load_overall_duration_ns : 13252431135
[report] load_overall_duration_s : 13.252431
[report] load_overall_throughput : 140558.059199
[report] load_overall_average_latency_ns : 7114.497779
