numactl --membind=4 /mnt/nvme0/home/gxr/mongdb-run/test_mongodb/build//run_client --num_threads=25 --core_binding=0,1,2,3,4,5,6,7,8,9,10,11,12,13,14,15,128,129,130,131,132,133,134,135,136,137,138,139,140,141,142,143 --str_key_size=16 --str_key_size=256 --load_file=/mnt/nvme0/home/gxr/mongdb-run/workloads/ycsb/workloada-load-1000000-1000000.log.formated --run_file=/mnt/nvme0/home/gxr/mongdb-run/workloads/ycsb/workloada-run-1000000-1000000.log.formated --URI_set=mongodb://localhost:27017,mongodb://localhost:27018,mongodb://localhost:27019,mongodb://localhost:27020,mongodb://localhost:27021,mongodb://localhost:27022,mongodb://localhost:27023,mongodb://localhost:27024,mongodb://localhost:27025,mongodb://localhost:27026,mongodb://localhost:27027,mongodb://localhost:27028,mongodb://localhost:27029,mongodb://localhost:27030,mongodb://localhost:27031,mongodb://localhost:27032,mongodb://localhost:27033,mongodb://localhost:27034,mongodb://localhost:27035,mongodb://localhost:27036,mongodb://localhost:27037,mongodb://localhost:27038,mongodb://localhost:27039,mongodb://localhost:27040,mongodb://localhost:27041,mongodb://localhost:27042,mongodb://localhost:27043,mongodb://localhost:27044,mongodb://localhost:27045,mongodb://localhost:27046 --first_mode=true
mongodb://localhost:27017 mongodb://localhost:27018 mongodb://localhost:27019 mongodb://localhost:27020 mongodb://localhost:27021 mongodb://localhost:27022 mongodb://localhost:27023 mongodb://localhost:27024 mongodb://localhost:27025 mongodb://localhost:27026 mongodb://localhost:27027 mongodb://localhost:27028 mongodb://localhost:27029 mongodb://localhost:27030 mongodb://localhost:27031 mongodb://localhost:27032 mongodb://localhost:27033 mongodb://localhost:27034 mongodb://localhost:27035 mongodb://localhost:27036 mongodb://localhost:27037 mongodb://localhost:27038 mongodb://localhost:27039 mongodb://localhost:27040 mongodb://localhost:27041 mongodb://localhost:27042 mongodb://localhost:27043 mongodb://localhost:27044 mongodb://localhost:27045 mongodb://localhost:27046 reading workload files ...
load_filename : /mnt/nvme0/home/gxr/mongdb-run/workloads/ycsb/workloada-load-1000000-1000000.log.formated
read load file needs: 568053282 s 
run_filename : /mnt/nvme0/home/gxr/mongdb-run/workloads/ycsb/workloada-run-1000000-1000000.log.formated
read run file needs: 561461434 s 
num_of_load_ops is 1000000
num_of_run_ops is 1000000
0 1 2 3 4 5 6 7 8 9 10 11 12 13 14 15 128 129 130 131 132 133 134 135 136 137 138 139 140 141 142 143 URI: URI: mongodb://localhost:27017
mongodb://localhost:27017
URI: mongodb://localhost:27017
URI: mongodb://localhost:27017
URI: mongodb://localhost:27017
URI: mongodb://localhost:27017
URI: mongodb://localhost:27017
URI: mongodb://localhost:27017
URI: mongodb://localhost:27017
URI: mongodb://localhost:27017
URI: mongodb://localhost:27017
URI: mongodb://localhost:27017
URI: mongodb://localhost:27017
URI: mongodb://localhost:27017
URI: mongodb://localhost:27017
URI: mongodb://localhost:27017
URI: mongodb://localhost:27017
URI: mongodb://localhost:27017
URI: mongodb://localhost:27017
URI: mongodb://localhost:27017
URI: mongodb://localhost:27017
URI: mongodb://localhost:27017
URI: URI: mongodb://localhost:27017
mongodb://localhost:27017
URI: mongodb://localhost:27017
Load workloads needs: 7499382159 ns 
[report] load_thread_ID : 24
[report] load_duration_ns : 7499382159
[report] load_duration_s : 7.499382
[report] load_throughput : 5333.772723
[report] load_average_latency_ns : 187484.553975
Load workloads needs: 7640740555 ns 
[report] load_thread_ID : 8
[report] load_duration_ns : 7640740555
[report] load_duration_s : 7.640741
[report] load_throughput : 5235.094650
[report] load_average_latency_ns : 191018.513875
Load workloads needs: 7817860124 ns 
[report] load_thread_ID : 10
[report] load_duration_ns : 7817860124
[report] load_duration_s : 7.817860
[report] load_throughput : 5116.489598
[report] load_average_latency_ns : 195446.503100
Load workloads needs: 7839673191 ns 
[report] load_thread_ID : 12
[report] load_duration_ns : 7839673191
[report] load_duration_s : 7.839673
[report] load_throughput : 5102.253503
[report] load_average_latency_ns : 195991.829775
Load workloads needs: 7901120103 ns 
[report] load_thread_ID : 13
[report] load_duration_ns : 7901120103
[report] load_duration_s : 7.901120
[report] load_throughput : 5062.573341
[report] load_average_latency_ns : 197528.002575
Load workloads needs: 7902091798 ns 
[report] load_thread_ID : 9
[report] load_duration_ns : 7902091798
[report] load_duration_s : 7.902092
[report] load_throughput : 5061.950813
[report] load_average_latency_ns : 197552.294950
Load workloads needs: 8062232076 ns 
[report] load_thread_ID : 14
[report] load_duration_ns : 8062232076
[report] load_duration_s : 8.062232
[report] load_throughput : 4961.405182
[report] load_average_latency_ns : 201555.801900
Load workloads needs: 8130450557 ns 
[report] load_thread_ID : 15
[report] load_duration_ns : 8130450557
[report] load_duration_s : 8.130451
[report] load_throughput : 4919.776551
[report] load_average_latency_ns : 203261.263925
Load workloads needs: 8199874980 ns 
[report] load_thread_ID : 11
[report] load_duration_ns : 8199874980
[report] load_duration_s : 8.199875
[report] load_throughput : 4878.123154
[report] load_average_latency_ns : 204996.874500
Load workloads needs: 8500489070 ns 
[report] load_thread_ID : 22
[report] load_duration_ns : 8500489070
[report] load_duration_s : 8.500489
[report] load_throughput : 4705.611603
[report] load_average_latency_ns : 212512.226750
Load workloads needs: 8509036310 ns 
[report] load_thread_ID : 23
[report] load_duration_ns : 8509036310
[report] load_duration_s : 8.509036
[report] load_throughput : 4700.884864
[report] load_average_latency_ns : 212725.907750
Load workloads needs: 8510183504 ns 
[report] load_thread_ID : 19
[report] load_duration_ns : 8510183504
[report] load_duration_s : 8.510184
[report] load_throughput : 4700.251173
[report] load_average_latency_ns : 212754.587600
Load workloads needs: 8533796913 ns 
[report] load_thread_ID : 16
[report] load_duration_ns : 8533796913
[report] load_duration_s : 8.533797
[report] load_throughput : 4687.245362
[report] load_average_latency_ns : 213344.922825
Load workloads needs: 8535644384 ns 
[report] load_thread_ID : 7
[report] load_duration_ns : 8535644384
[report] load_duration_s : 8.535644
[report] load_throughput : 4686.230846
[report] load_average_latency_ns : 213391.109600
Load workloads needs: 8539835694 ns 
[report] load_thread_ID : 6
[report] load_duration_ns : 8539835694
[report] load_duration_s : 8.539836
[report] load_throughput : 4683.930866
[report] load_average_latency_ns : 213495.892350
Load workloads needs: 8541672626 ns 
[report] load_thread_ID : 18
[report] load_duration_ns : 8541672626
[report] load_duration_s : 8.541673
[report] load_throughput : 4682.923562
[report] load_average_latency_ns : 213541.815650
Load workloads needs: 8576085844 ns 
[report] load_thread_ID : 2
[report] load_duration_ns : 8576085844
[report] load_duration_s : 8.576086
[report] load_throughput : 4664.132417
[report] load_average_latency_ns : 214402.146100
Load workloads needs: 8585361031 ns 
[report] load_thread_ID : 3
[report] load_duration_ns : 8585361031
[report] load_duration_s : 8.585361
[report] load_throughput : 4659.093526
[report] load_average_latency_ns : 214634.025775
Load workloads needs: 8613877607 ns 
[report] load_thread_ID : 0
[report] load_duration_ns : 8613877607
[report] load_duration_s : 8.613878
[report] load_throughput : 4643.669416
[report] load_average_latency_ns : 215346.940175
Load workloads needs: 8647783658 ns 
[report] load_thread_ID : 21
[report] load_duration_ns : 8647783658
[report] load_duration_s : 8.647784
[report] load_throughput : 4625.462614
[report] load_average_latency_ns : 216194.591450
Load workloads needs: 8657226004 ns 
[report] load_thread_ID : 20
[report] load_duration_ns : 8657226004
[report] load_duration_s : 8.657226
[report] load_throughput : 4620.417670
[report] load_average_latency_ns : 216430.650100
Load workloads needs: 8676139385 ns 
[report] load_thread_ID : 17
[report] load_duration_ns : 8676139385
[report] load_duration_s : 8.676139
[report] load_throughput : 4610.345480
[report] load_average_latency_ns : 216903.484625
Load workloads needs: 8690319688 ns 
[report] load_thread_ID : 4
[report] load_duration_ns : 8690319688
[report] load_duration_s : 8.690320
[report] load_throughput : 4602.822616
[report] load_average_latency_ns : 217257.992200
Load workloads needs: 8694653688 ns 
[report] load_thread_ID : 5
[report] load_duration_ns : 8694653688
[report] load_duration_s : 8.694654
[report] load_throughput : 4600.528260
[report] load_average_latency_ns : 217366.342200
Load workloads needs: 8722095159 ns 
[report] load_thread_ID : 1
[report] load_duration_ns : 8722095159
[report] load_duration_s : 8.722095
[report] load_throughput : 4586.054070
[report] load_average_latency_ns : 218052.378975
All clients run done needs: 8721323313 ns 
[report] load_overall_duration_ns : 8721323313
[report] load_overall_duration_s : 8.721323
[report] load_overall_throughput : 114661.498503
[report] load_overall_average_latency_ns : 8721.323313
