numactl --membind=4 /mnt/nvme0/home/gxr/mongdb-run/test_mongodb/build//run_client --num_threads=10 --core_binding=0,1,2,3,4,5,6,7,8,9,10,11,12,13,14,15,128,129,130,131,132,133,134,135,136,137,138,139,140,141,142,143 --str_key_size=16 --str_key_size=256 --load_file=/mnt/nvme0/home/gxr/mongdb-run/workloads/ycsb/workloada-load-1000000-1000000.log.formated --run_file=/mnt/nvme0/home/gxr/mongdb-run/workloads/ycsb/workloada-run-1000000-1000000.log.formated --URI_set=mongodb://localhost:27017,mongodb://localhost:27018,mongodb://localhost:27019,mongodb://localhost:27020,mongodb://localhost:27021,mongodb://localhost:27022,mongodb://localhost:27023,mongodb://localhost:27024,mongodb://localhost:27025,mongodb://localhost:27026,mongodb://localhost:27027,mongodb://localhost:27028,mongodb://localhost:27029,mongodb://localhost:27030,mongodb://localhost:27031,mongodb://localhost:27032,mongodb://localhost:27033,mongodb://localhost:27034,mongodb://localhost:27035,mongodb://localhost:27036,mongodb://localhost:27037,mongodb://localhost:27038,mongodb://localhost:27039,mongodb://localhost:27040,mongodb://localhost:27041,mongodb://localhost:27042,mongodb://localhost:27043,mongodb://localhost:27044,mongodb://localhost:27045,mongodb://localhost:27046 --first_mode=true
mongodb://localhost:27017 mongodb://localhost:27018 mongodb://localhost:27019 mongodb://localhost:27020 mongodb://localhost:27021 mongodb://localhost:27022 mongodb://localhost:27023 mongodb://localhost:27024 mongodb://localhost:27025 mongodb://localhost:27026 mongodb://localhost:27027 mongodb://localhost:27028 mongodb://localhost:27029 mongodb://localhost:27030 mongodb://localhost:27031 mongodb://localhost:27032 mongodb://localhost:27033 mongodb://localhost:27034 mongodb://localhost:27035 mongodb://localhost:27036 mongodb://localhost:27037 mongodb://localhost:27038 mongodb://localhost:27039 mongodb://localhost:27040 mongodb://localhost:27041 mongodb://localhost:27042 mongodb://localhost:27043 mongodb://localhost:27044 mongodb://localhost:27045 mongodb://localhost:27046 reading workload files ...
load_filename : /mnt/nvme0/home/gxr/mongdb-run/workloads/ycsb/workloada-load-1000000-1000000.log.formated
read load file needs: 562597977 s 
run_filename : /mnt/nvme0/home/gxr/mongdb-run/workloads/ycsb/workloada-run-1000000-1000000.log.formated
read run file needs: 560726766 s 
num_of_load_ops is 1000000
num_of_run_ops is 1000000
0 1 2 3 4 5 6 7 8 9 10 11 12 13 14 15 128 129 130 131 132 133 134 135 136 137 138 139 140 141 142 143 URI: mongodb://localhost:27017
URI: mongodb://localhost:27017
URI: mongodb://localhost:27017URI: mongodb://localhost:27017

URI: mongodb://localhost:27017
URI: mongodb://localhost:27017
URI: mongodb://localhost:27017
URI: mongodb://localhost:27017
URI: mongodb://localhost:27017
URI: mongodb://localhost:27017
Load workloads needs: 14409310067 ns 
[report] load_thread_ID : 8
[report] load_duration_ns : 14409310067
[report] load_duration_s : 14.409310
[report] load_throughput : 6939.957537
[report] load_average_latency_ns : 144093.100670
Load workloads needs: 14473165407 ns 
[report] load_thread_ID : 9
[report] load_duration_ns : 14473165407
[report] load_duration_s : 14.473165
[report] load_throughput : 6909.338572
[report] load_average_latency_ns : 144731.654070
Load workloads needs: 15022169670 ns 
[report] load_thread_ID : 4
[report] load_duration_ns : 15022169670
[report] load_duration_s : 15.022170
[report] load_throughput : 6656.828021
[report] load_average_latency_ns : 150221.696700
Load workloads needs: 15112104906 ns 
[report] load_thread_ID : 5
[report] load_duration_ns : 15112104906
[report] load_duration_s : 15.112105
[report] load_throughput : 6617.211872
[report] load_average_latency_ns : 151121.049060
Load workloads needs: 15521193669 ns 
[report] load_thread_ID : 1
[report] load_duration_ns : 15521193669
[report] load_duration_s : 15.521194
[report] load_throughput : 6442.803442
[report] load_average_latency_ns : 155211.936690
Load workloads needs: 15524732772 ns 
[report] load_thread_ID : 0
[report] load_duration_ns : 15524732772
[report] load_duration_s : 15.524733
[report] load_throughput : 6441.334706
[report] load_average_latency_ns : 155247.327720
Load workloads needs: 15562427154 ns 
[report] load_thread_ID : 7
[report] load_duration_ns : 15562427154
[report] load_duration_s : 15.562427
[report] load_throughput : 6425.732889
[report] load_average_latency_ns : 155624.271540
Load workloads needs: 16156182047 ns 
[report] load_thread_ID : 2
[report] load_duration_ns : 16156182047
[report] load_duration_s : 16.156182
[report] load_throughput : 6189.581159
[report] load_average_latency_ns : 161561.820470
Load workloads needs: 17324347193 ns 
[report] load_thread_ID : 3
[report] load_duration_ns : 17324347193
[report] load_duration_s : 17.324347
[report] load_throughput : 5772.223270
[report] load_average_latency_ns : 173243.471930
Load workloads needs: 17543642080 ns 
[report] load_thread_ID : 6
[report] load_duration_ns : 17543642080
[report] load_duration_s : 17.543642
[report] load_throughput : 5700.070689
[report] load_average_latency_ns : 175436.420800
All clients run done needs: 17544179437 ns 
[report] load_overall_duration_ns : 17544179437
[report] load_overall_duration_s : 17.544179
[report] load_overall_throughput : 56998.961028
[report] load_overall_average_latency_ns : 17544.179437
