numactl --membind=2 /mnt/nvme0/home/gxr/mongdb-run/test_mongodb/build//run_client --num_threads=12 --core_binding=0,1,2,3,4,5,6,7,8,9,10,11,12,13,14,15,128,129,130,131,132,133,134,135,136,137,138,139,140,141,142,143 --str_key_size=16 --str_key_size=1024 --load_file=/mnt/nvme0/home/gxr/mongdb-run/workloads/ycsb/workloada-load-10000000-10000000.log.formated --run_file=/mnt/nvme0/home/gxr/mongdb-run/workloads/ycsb/workloada-run-10000000-10000000.log.formated --URI_set=mongodb://localhost:27017,mongodb://localhost:27018,mongodb://localhost:27019,mongodb://localhost:27020,mongodb://localhost:27021,mongodb://localhost:27022,mongodb://localhost:27023,mongodb://localhost:27024,mongodb://localhost:27025,mongodb://localhost:27026,mongodb://localhost:27027,mongodb://localhost:27028,mongodb://localhost:27029,mongodb://localhost:27030,mongodb://localhost:27031,mongodb://localhost:27032,mongodb://localhost:27033,mongodb://localhost:27034,mongodb://localhost:27035,mongodb://localhost:27036,mongodb://localhost:27037,mongodb://localhost:27038,mongodb://localhost:27039,mongodb://localhost:27040,mongodb://localhost:27041,mongodb://localhost:27042,mongodb://localhost:27043,mongodb://localhost:27044,mongodb://localhost:27045,mongodb://localhost:27046 --first_mode=true
mongodb://localhost:27017 mongodb://localhost:27018 mongodb://localhost:27019 mongodb://localhost:27020 mongodb://localhost:27021 mongodb://localhost:27022 mongodb://localhost:27023 mongodb://localhost:27024 mongodb://localhost:27025 mongodb://localhost:27026 mongodb://localhost:27027 mongodb://localhost:27028 mongodb://localhost:27029 mongodb://localhost:27030 mongodb://localhost:27031 mongodb://localhost:27032 mongodb://localhost:27033 mongodb://localhost:27034 mongodb://localhost:27035 mongodb://localhost:27036 mongodb://localhost:27037 mongodb://localhost:27038 mongodb://localhost:27039 mongodb://localhost:27040 mongodb://localhost:27041 mongodb://localhost:27042 mongodb://localhost:27043 mongodb://localhost:27044 mongodb://localhost:27045 mongodb://localhost:27046 reading workload files ...
load_filename : /mnt/nvme0/home/gxr/mongdb-run/workloads/ycsb/workloada-load-10000000-10000000.log.formated
read load file needs: 5861467260 s 
run_filename : /mnt/nvme0/home/gxr/mongdb-run/workloads/ycsb/workloada-run-10000000-10000000.log.formated
read run file needs: 5955414629 s 
num_of_load_ops is 10000000
num_of_run_ops is 10000000
0 1 2 3 4 5 6 7 8 9 10 11 12 13 14 15 128 129 130 131 132 133 134 135 136 137 138 139 140 141 142 143 URI: mongodb://localhost:27017URI: mongodb://localhost:27017
URI: mongodb://localhost:27017
URI: mongodb://localhost:27017
URI: mongodb://localhost:27017
URI: mongodb://localhost:27017
URI: mongodb://localhost:27017
URI: mongodb://localhost:27017

URI: mongodb://localhost:27017
URI: mongodb://localhost:27017
URI: mongodb://localhost:27017
URI: mongodb://localhost:27017
Load workloads needs: 115467475396 ns 
[report] load_thread_ID : 9
[report] load_duration_ns : 115467475396
[report] load_duration_s : 115.467475
[report] load_throughput : 7217.036634
[report] load_average_latency_ns : 138561.025900
Load workloads needs: 116684085465 ns 
[report] load_thread_ID : 10
[report] load_duration_ns : 116684085465
[report] load_duration_s : 116.684085
[report] load_throughput : 7141.787988
[report] load_average_latency_ns : 140020.958566
Load workloads needs: 119842368022 ns 
[report] load_thread_ID : 8
[report] load_duration_ns : 119842368022
[report] load_duration_s : 119.842368
[report] load_throughput : 6953.575883
[report] load_average_latency_ns : 143810.899151
Load workloads needs: 124279515854 ns 
[report] load_thread_ID : 11
[report] load_duration_ns : 124279515854
[report] load_duration_s : 124.279516
[report] load_throughput : 6705.312571
[report] load_average_latency_ns : 149135.478679
Load workloads needs: 140796492012 ns 
[report] load_thread_ID : 3
[report] load_duration_ns : 140796492012
[report] load_duration_s : 140.796492
[report] load_throughput : 5918.705701
[report] load_average_latency_ns : 168955.857997
Load workloads needs: 141140148891 ns 
[report] load_thread_ID : 2
[report] load_duration_ns : 141140148891
[report] load_duration_s : 141.140149
[report] load_throughput : 5904.294466
[report] load_average_latency_ns : 169368.246416
Load workloads needs: 141275612182 ns 
[report] load_thread_ID : 1
[report] load_duration_ns : 141275612182
[report] load_duration_s : 141.275612
[report] load_throughput : 5898.633084
[report] load_average_latency_ns : 169530.802431
Load workloads needs: 141399591227 ns 
[report] load_thread_ID : 4
[report] load_duration_ns : 141399591227
[report] load_duration_s : 141.399591
[report] load_throughput : 5893.461168
[report] load_average_latency_ns : 169679.577344
Load workloads needs: 141581424159 ns 
[report] load_thread_ID : 5
[report] load_duration_ns : 141581424159
[report] load_duration_s : 141.581424
[report] load_throughput : 5885.892199
[report] load_average_latency_ns : 169897.776950
Load workloads needs: 141669652353 ns 
[report] load_thread_ID : 0
[report] load_duration_ns : 141669652353
[report] load_duration_s : 141.669652
[report] load_throughput : 5882.226618
[report] load_average_latency_ns : 170003.650825
Load workloads needs: 142794732256 ns 
[report] load_thread_ID : 6
[report] load_duration_ns : 142794732256
[report] load_duration_s : 142.794732
[report] load_throughput : 5835.880546
[report] load_average_latency_ns : 171353.747249
Load workloads needs: 143343573797 ns 
[report] load_thread_ID : 7
[report] load_duration_ns : 143343573797
[report] load_duration_s : 143.343574
[report] load_throughput : 5813.535814
[report] load_average_latency_ns : 172012.357361
All clients run done needs: 143344545083 ns 
[report] load_overall_duration_ns : 143344545083
[report] load_overall_duration_s : 143.344545
[report] load_overall_throughput : 69761.984973
[report] load_overall_average_latency_ns : 14334.454508
