numactl --membind=0 /mnt/nvme0/home/gxr/mongdb-run/test_mongodb/build//run_client --num_threads=70 --core_binding=0,1,2,3,4,5,6,7,8,9,10,11,12,13,14,15,128,129,130,131,132,133,134,135,136,137,138,139,140,141,142,143,16,17 18 19 20 21 22 23 24 25 26 27 28 29 30 31 144 145 146 147 148 149 150 151 152 153 154 155 156 157 158 159,32,33,34,35,36,37,38,39,40,41,42,43,44,45,46,47,160,161,162,163,164,165,166,167,168,169,170,171,172,173,174,175,48,49,50,51,52,53,54,55,56,57,58,59,60,61,62,63,176,177,178,179,180,181,182,183,184,185,186,187,188,189,190,191 --str_key_size=16 --str_key_size=256 --load_file=/mnt/nvme0/home/gxr/mongdb-run/workloads/ycsb/workloada-load-10000000-10000000.log.formated --run_file=/mnt/nvme0/home/gxr/mongdb-run/workloads/ycsb/workloada-run-10000000-10000000.log.formated --URI_set=mongodb://localhost:27017,mongodb://localhost:27018,mongodb://localhost:27019,mongodb://localhost:27020,mongodb://localhost:27021,mongodb://localhost:27022,mongodb://localhost:27023,mongodb://localhost:27024,mongodb://localhost:27025,mongodb://localhost:27026,mongodb://localhost:27027,mongodb://localhost:27028,mongodb://localhost:27029,mongodb://localhost:27030,mongodb://localhost:27031,mongodb://localhost:27032,mongodb://localhost:27033,mongodb://localhost:27034,mongodb://localhost:27035,mongodb://localhost:27036,mongodb://localhost:27037,mongodb://localhost:27038,mongodb://localhost:27039,mongodb://localhost:27040,mongodb://localhost:27041,mongodb://localhost:27042,mongodb://localhost:27043,mongodb://localhost:27044,mongodb://localhost:27045,mongodb://localhost:27046,mongodb://localhost:27047,mongodb://localhost:27048,mongodb://localhost:27049,mongodb://localhost:27050,mongodb://localhost:27051,mongodb://localhost:27052,mongodb://localhost:27053,mongodb://localhost:27054,mongodb://localhost:27055,mongodb://localhost:27056,mongodb://localhost:27057,mongodb://localhost:27058,mongodb://localhost:27059,mongodb://localhost:27060,mongodb://localhost:27061,mongodb://localhost:27062,mongodb://localhost:27063,mongodb://localhost:27064,mongodb://localhost:27065,mongodb://localhost:27066,mongodb://localhost:27067,mongodb://localhost:27068,mongodb://localhost:27069,mongodb://localhost:27070,mongodb://localhost:27071,mongodb://localhost:27072,mongodb://localhost:27073,mongodb://localhost:27074,mongodb://localhost:27075,mongodb://localhost:27076,mongodb://localhost:27077,mongodb://localhost:27078,mongodb://localhost:27079,mongodb://localhost:27080,mongodb://localhost:27081,mongodb://localhost:27082,mongodb://localhost:27083,mongodb://localhost:27084,mongodb://localhost:27085,mongodb://localhost:27086,mongodb://localhost:27087,mongodb://localhost:27088,mongodb://localhost:27089,mongodb://localhost:27090,mongodb://localhost:27091,mongodb://localhost:27092,mongodb://localhost:27093,mongodb://localhost:27094,mongodb://localhost:27095,mongodb://localhost:27096,mongodb://localhost:27097,mongodb://localhost:27098,mongodb://localhost:27099,mongodb://localhost:27100,mongodb://localhost:27101,mongodb://localhost:27102,mongodb://localhost:27103,mongodb://localhost:27104,mongodb://localhost:27105,mongodb://localhost:27106,mongodb://localhost:27107,mongodb://localhost:27108,mongodb://localhost:27109,mongodb://localhost:27110,mongodb://localhost:27111,mongodb://localhost:27112,mongodb://localhost:27113,mongodb://localhost:27114,mongodb://localhost:27115,mongodb://localhost:27116,mongodb://localhost:27117,mongodb://localhost:27118,mongodb://localhost:27119,mongodb://localhost:27120,mongodb://localhost:27121,mongodb://localhost:27122,mongodb://localhost:27123,mongodb://localhost:27124,mongodb://localhost:27125,mongodb://localhost:27126,mongodb://localhost:27127,mongodb://localhost:27128,mongodb://localhost:27129,mongodb://localhost:27130,mongodb://localhost:27131,mongodb://localhost:27132,mongodb://localhost:27133,mongodb://localhost:27134,mongodb://localhost:27135,mongodb://localhost:27136,mongodb://localhost:27137,mongodb://localhost:27138,mongodb://localhost:27139,mongodb://localhost:27140,mongodb://localhost:27141,mongodb://localhost:27142,mongodb://localhost:27143,mongodb://localhost:27144 --first_mode=true
mongodb://localhost:27017 mongodb://localhost:27018 mongodb://localhost:27019 mongodb://localhost:27020 mongodb://localhost:27021 mongodb://localhost:27022 mongodb://localhost:27023 mongodb://localhost:27024 mongodb://localhost:27025 mongodb://localhost:27026 mongodb://localhost:27027 mongodb://localhost:27028 mongodb://localhost:27029 mongodb://localhost:27030 mongodb://localhost:27031 mongodb://localhost:27032 mongodb://localhost:27033 mongodb://localhost:27034 mongodb://localhost:27035 mongodb://localhost:27036 mongodb://localhost:27037 mongodb://localhost:27038 mongodb://localhost:27039 mongodb://localhost:27040 mongodb://localhost:27041 mongodb://localhost:27042 mongodb://localhost:27043 mongodb://localhost:27044 mongodb://localhost:27045 mongodb://localhost:27046 mongodb://localhost:27047 mongodb://localhost:27048 mongodb://localhost:27049 mongodb://localhost:27050 mongodb://localhost:27051 mongodb://localhost:27052 mongodb://localhost:27053 mongodb://localhost:27054 mongodb://localhost:27055 mongodb://localhost:27056 mongodb://localhost:27057 mongodb://localhost:27058 mongodb://localhost:27059 mongodb://localhost:27060 mongodb://localhost:27061 mongodb://localhost:27062 mongodb://localhost:27063 mongodb://localhost:27064 mongodb://localhost:27065 mongodb://localhost:27066 mongodb://localhost:27067 mongodb://localhost:27068 mongodb://localhost:27069 mongodb://localhost:27070 mongodb://localhost:27071 mongodb://localhost:27072 mongodb://localhost:27073 mongodb://localhost:27074 mongodb://localhost:27075 mongodb://localhost:27076 mongodb://localhost:27077 mongodb://localhost:27078 mongodb://localhost:27079 mongodb://localhost:27080 mongodb://localhost:27081 mongodb://localhost:27082 mongodb://localhost:27083 mongodb://localhost:27084 mongodb://localhost:27085 mongodb://localhost:27086 mongodb://localhost:27087 mongodb://localhost:27088 mongodb://localhost:27089 mongodb://localhost:27090 mongodb://localhost:27091 mongodb://localhost:27092 mongodb://localhost:27093 mongodb://localhost:27094 mongodb://localhost:27095 mongodb://localhost:27096 mongodb://localhost:27097 mongodb://localhost:27098 mongodb://localhost:27099 mongodb://localhost:27100 mongodb://localhost:27101 mongodb://localhost:27102 mongodb://localhost:27103 mongodb://localhost:27104 mongodb://localhost:27105 mongodb://localhost:27106 mongodb://localhost:27107 mongodb://localhost:27108 mongodb://localhost:27109 mongodb://localhost:27110 mongodb://localhost:27111 mongodb://localhost:27112 mongodb://localhost:27113 mongodb://localhost:27114 mongodb://localhost:27115 mongodb://localhost:27116 mongodb://localhost:27117 mongodb://localhost:27118 mongodb://localhost:27119 mongodb://localhost:27120 mongodb://localhost:27121 mongodb://localhost:27122 mongodb://localhost:27123 mongodb://localhost:27124 mongodb://localhost:27125 mongodb://localhost:27126 mongodb://localhost:27127 mongodb://localhost:27128 mongodb://localhost:27129 mongodb://localhost:27130 mongodb://localhost:27131 mongodb://localhost:27132 mongodb://localhost:27133 mongodb://localhost:27134 mongodb://localhost:27135 mongodb://localhost:27136 mongodb://localhost:27137 mongodb://localhost:27138 mongodb://localhost:27139 mongodb://localhost:27140 mongodb://localhost:27141 mongodb://localhost:27142 mongodb://localhost:27143 mongodb://localhost:27144 reading workload files ...
load_filename : /mnt/nvme0/home/gxr/mongdb-run/workloads/ycsb/workloada-load-10000000-10000000.log.formated
read load file needs: 5138419187 s 
run_filename : /mnt/nvme0/home/gxr/mongdb-run/workloads/ycsb/workloada-run-10000000-10000000.log.formated
read run file needs: 5224120741 s 
num_of_load_ops is 10000000
num_of_run_ops is 10000000
0 1 2 3 4 5 6 7 8 9 10 11 12 13 14 15 128 129 130 131 132 133 134 135 136 137 138 139 140 141 142 143 16 17 URI: URI: mongodb://localhost:27017
mongodb://localhost:27017
URI: mongodb://localhost:27017
URI: mongodb://localhost:27017
URI: mongodb://localhost:27017
URI: mongodb://localhost:27017
URI: URI: mongodb://localhost:27017
URI: mongodb://localhost:27017
URI: URI: URI: mongodb://localhost:27017URI: URI: URI: mongodb://localhost:27017mongodb://localhost:27017

URI: URI: URI: 
mongodb://localhost:27017
mongodb://localhost:27017mongodb://localhost:27017
mongodb://localhost:27017
mongodb://localhost:27017
mongodb://localhost:27017URI: mongodb://localhost:27017

URI: mongodb://localhost:27017
URI: mongodb://localhost:27017
URI: 
URI: mongodb://localhost:27017
mongodb://localhost:27017
URI: URI: mongodb://localhost:27017mongodb://localhost:27017
mongodb://localhost:27017

URI: mongodb://localhost:27017
URI: mongodb://localhost:27017
URI: mongodb://localhost:27017
URI: mongodb://localhost:27017
URI: mongodb://localhost:27017
URI: mongodb://localhost:27017
URI: mongodb://localhost:27017
URI: mongodb://localhost:27017
URI: mongodb://localhost:27017
URI: mongodb://localhost:27017
URI: mongodb://localhost:27017
sched_setaffinity
URI: mongodb://localhost:27017
URI: mongodb://localhost:27017
sched_setaffinity
URI: mongodb://localhost:27017
sched_setaffinity
URI: mongodb://localhost:27017
sched_setaffinity
URI: mongodb://localhost:27017
URI: mongodb://localhost:27017
URI: mongodb://localhost:27017
URI: mongodb://localhost:27017
sched_setaffinity
sched_setaffinity
URI: mongodb://localhost:27017
URI: mongodb://localhost:27017
URI: mongodb://localhost:27017
URI: mongodb://localhost:27017
sched_setaffinity
URI: mongodb://localhost:27017
sched_setaffinity
URI: mongodb://localhost:27017
URI: mongodb://localhost:27017
URI: mongodb://localhost:27017
sched_setaffinity
URI: mongodb://localhost:27017
URI: mongodb://localhost:27017
URI: mongodb://localhost:27017
sched_setaffinity
URI: mongodb://localhost:27017
sched_setaffinity
URI: mongodb://localhost:27017
sched_setaffinity
URI: mongodb://localhost:27017
URI: mongodb://localhost:27017
URI: mongodb://localhost:27017
sched_setaffinity
URI: mongodb://localhost:27017
sched_setaffinity
URI: mongodb://localhost:27017
sched_setaffinity
URI: mongodb://localhost:27017
URI: mongodb://localhost:27017
URI: mongodb://localhost:27017
sched_setaffinity
URI: mongodb://localhost:27017
URI: mongodb://localhost:27017
sched_setaffinity
URI: mongodb://localhost:27017
sched_setaffinity
URI: mongodb://localhost:27017
URI: mongodb://localhost:27017
Load workloads needs: 27937843411 ns 
[report] load_thread_ID : 33
[report] load_duration_ns : 27937843411
[report] load_duration_s : 27.937843
[report] load_throughput : 5113.386810
[report] load_average_latency_ns : 195565.099442
Load workloads needs: 28113669727 ns 
[report] load_thread_ID : 66
[report] load_duration_ns : 28113669727
[report] load_duration_s : 28.113670
[report] load_throughput : 5081.407066
[report] load_average_latency_ns : 196795.884885
Load workloads needs: 28554852361 ns 
[report] load_thread_ID : 32
[report] load_duration_ns : 28554852361
[report] load_duration_s : 28.554852
[report] load_throughput : 5002.897518
[report] load_average_latency_ns : 199884.166411
Load workloads needs: 28998103359 ns 
[report] load_thread_ID : 40
[report] load_duration_ns : 28998103359
[report] load_duration_s : 28.998103
[report] load_throughput : 4926.425643
[report] load_average_latency_ns : 202986.926500
Load workloads needs: 29270758296 ns 
[report] load_thread_ID : 57
[report] load_duration_ns : 29270758296
[report] load_duration_s : 29.270758
[report] load_throughput : 4880.536355
[report] load_average_latency_ns : 204895.512968
Load workloads needs: 29303555122 ns 
[report] load_thread_ID : 56
[report] load_duration_ns : 29303555122
[report] load_duration_s : 29.303555
[report] load_throughput : 4875.074011
[report] load_average_latency_ns : 205125.090979
Load workloads needs: 29323538885 ns 
[report] load_thread_ID : 48
[report] load_duration_ns : 29323538885
[report] load_duration_s : 29.323539
[report] load_throughput : 4871.751686
[report] load_average_latency_ns : 205264.977460
Load workloads needs: 29871466513 ns 
[report] load_thread_ID : 62
[report] load_duration_ns : 29871466513
[report] load_duration_s : 29.871467
[report] load_throughput : 4782.389908
[report] load_average_latency_ns : 209100.474691
Load workloads needs: 30026979466 ns 
[report] load_thread_ID : 49
[report] load_duration_ns : 30026979466
[report] load_duration_s : 30.026979
[report] load_throughput : 4757.621397
[report] load_average_latency_ns : 210189.066451
Load workloads needs: 30132588774 ns 
[report] load_thread_ID : 46
[report] load_duration_ns : 30132588774
[report] load_duration_s : 30.132589
[report] load_throughput : 4740.946789
[report] load_average_latency_ns : 210928.332346
Load workloads needs: 30157995521 ns 
[report] load_thread_ID : 63
[report] load_duration_ns : 30157995521
[report] load_duration_s : 30.157996
[report] load_throughput : 4736.952756
[report] load_average_latency_ns : 211106.179753
Load workloads needs: 30274232878 ns 
[report] load_thread_ID : 69
[report] load_duration_ns : 30274232878
[report] load_duration_s : 30.274233
[report] load_throughput : 4718.765314
[report] load_average_latency_ns : 211919.842066
Load workloads needs: 30327073376 ns 
[report] load_thread_ID : 65
[report] load_duration_ns : 30327073376
[report] load_duration_s : 30.327073
[report] load_throughput : 4710.543554
[report] load_average_latency_ns : 212289.725922
Load workloads needs: 30411377384 ns 
[report] load_thread_ID : 54
[report] load_duration_ns : 30411377384
[report] load_duration_s : 30.411377
[report] load_throughput : 4697.485359
[report] load_average_latency_ns : 212879.854568
Load workloads needs: 30773301286 ns 
[report] load_thread_ID : 64
[report] load_duration_ns : 30773301286
[report] load_duration_s : 30.773301
[report] load_throughput : 4642.238370
[report] load_average_latency_ns : 215413.324415
Load workloads needs: 30914187462 ns 
[report] load_thread_ID : 55
[report] load_duration_ns : 30914187462
[report] load_duration_s : 30.914187
[report] load_throughput : 4621.082154
[report] load_average_latency_ns : 216399.528634
Load workloads needs: 30918266030 ns 
[report] load_thread_ID : 41
[report] load_duration_ns : 30918266030
[report] load_duration_s : 30.918266
[report] load_throughput : 4620.472567
[report] load_average_latency_ns : 216428.078638
Load workloads needs: 30998294670 ns 
[report] load_thread_ID : 68
[report] load_duration_ns : 30998294670
[report] load_duration_s : 30.998295
[report] load_throughput : 4608.543842
[report] load_average_latency_ns : 216988.279678
Load workloads needs: 31360854330 ns 
[report] load_thread_ID : 47
[report] load_duration_ns : 31360854330
[report] load_duration_s : 31.360854
[report] load_throughput : 4555.264933
[report] load_average_latency_ns : 219526.199836
Load workloads needs: 31388112632 ns 
[report] load_thread_ID : 39
[report] load_duration_ns : 31388112632
[report] load_duration_s : 31.388113
[report] load_throughput : 4551.309015
[report] load_average_latency_ns : 219717.008141
Load workloads needs: 31533441785 ns 
[report] load_thread_ID : 38
[report] load_duration_ns : 31533441785
[report] load_duration_s : 31.533442
[report] load_throughput : 4530.333256
[report] load_average_latency_ns : 220734.313229
Load workloads needs: 37487068713 ns 
[report] load_thread_ID : 16
[report] load_duration_ns : 37487068713
[report] load_duration_s : 37.487069
[report] load_throughput : 3810.834106
[report] load_average_latency_ns : 262409.743401
Load workloads needs: 37510701295 ns 
[report] load_thread_ID : 27
[report] load_duration_ns : 37510701295
[report] load_duration_s : 37.510701
[report] load_throughput : 3808.433196
[report] load_average_latency_ns : 262575.171640
Load workloads needs: 37870202954 ns 
[report] load_thread_ID : 22
[report] load_duration_ns : 37870202954
[report] load_duration_s : 37.870203
[report] load_throughput : 3772.279757
[report] load_average_latency_ns : 265091.685770
Load workloads needs: 37969611159 ns 
[report] load_thread_ID : 6
[report] load_duration_ns : 37969611159
[report] load_duration_s : 37.969611
[report] load_throughput : 3762.403555
[report] load_average_latency_ns : 265787.543901
Load workloads needs: 38099951624 ns 
[report] load_thread_ID : 18
[report] load_duration_ns : 38099951624
[report] load_duration_s : 38.099952
[report] load_throughput : 3749.532320
[report] load_average_latency_ns : 266699.928068
Load workloads needs: 38112071220 ns 
[report] load_thread_ID : 11
[report] load_duration_ns : 38112071220
[report] load_duration_s : 38.112071
[report] load_throughput : 3748.339973
[report] load_average_latency_ns : 266784.765325
Load workloads needs: 38113056567 ns 
[report] load_thread_ID : 26
[report] load_duration_ns : 38113056567
[report] load_duration_s : 38.113057
[report] load_throughput : 3748.243066
[report] load_average_latency_ns : 266791.662761
Load workloads needs: 38125768911 ns 
[report] load_thread_ID : 19
[report] load_duration_ns : 38125768911
[report] load_duration_s : 38.125769
[report] load_throughput : 3746.993283
[report] load_average_latency_ns : 266880.649258
Load workloads needs: 38162130336 ns 
[report] load_thread_ID : 3
[report] load_duration_ns : 38162130336
[report] load_duration_s : 38.162130
[report] load_throughput : 3743.423094
[report] load_average_latency_ns : 267135.179487
Load workloads needs: 38174100011 ns 
[report] load_thread_ID : 25
[report] load_duration_ns : 38174100011
[report] load_duration_s : 38.174100
[report] load_throughput : 3742.249325
[report] load_average_latency_ns : 267218.967296
Load workloads needs: 38192433639 ns 
[report] load_thread_ID : 21
[report] load_duration_ns : 38192433639
[report] load_duration_s : 38.192434
[report] load_throughput : 3740.452922
[report] load_average_latency_ns : 267347.302820
Load workloads needs: 38206315649 ns 
[report] load_thread_ID : 31
[report] load_duration_ns : 38206315649
[report] load_duration_s : 38.206316
[report] load_throughput : 3739.093853
[report] load_average_latency_ns : 267444.476987
Load workloads needs: 38225480144 ns 
[report] load_thread_ID : 30
[report] load_duration_ns : 38225480144
[report] load_duration_s : 38.225480
[report] load_throughput : 3737.219244
[report] load_average_latency_ns : 267578.628587
Load workloads needs: 38231508247 ns 
[report] load_thread_ID : 5
[report] load_duration_ns : 38231508247
[report] load_duration_s : 38.231508
[report] load_throughput : 3736.629983
[report] load_average_latency_ns : 267620.825350
Load workloads needs: 38233373402 ns 
[report] load_thread_ID : 4
[report] load_duration_ns : 38233373402
[report] load_duration_s : 38.233373
[report] load_throughput : 3736.447697
[report] load_average_latency_ns : 267633.881448
Load workloads needs: 38247290552 ns 
[report] load_thread_ID : 24
[report] load_duration_ns : 38247290552
[report] load_duration_s : 38.247291
[report] load_throughput : 3735.088105
[report] load_average_latency_ns : 267731.301595
Load workloads needs: 38250358043 ns 
[report] load_thread_ID : 20
[report] load_duration_ns : 38250358043
[report] load_duration_s : 38.250358
[report] load_throughput : 3734.788570
[report] load_average_latency_ns : 267752.774054
Load workloads needs: 38288092105 ns 
[report] load_thread_ID : 28
[report] load_duration_ns : 38288092105
[report] load_duration_s : 38.288092
[report] load_throughput : 3731.107824
[report] load_average_latency_ns : 268016.912752
Load workloads needs: 38299797071 ns 
[report] load_thread_ID : 12
[report] load_duration_ns : 38299797071
[report] load_duration_s : 38.299797
[report] load_throughput : 3729.967544
[report] load_average_latency_ns : 268098.847596
Load workloads needs: 38311185398 ns 
[report] load_thread_ID : 14
[report] load_duration_ns : 38311185398
[report] load_duration_s : 38.311185
[report] load_throughput : 3728.858779
[report] load_average_latency_ns : 268178.565965
Load workloads needs: 38311041098 ns 
[report] load_thread_ID : 2
[report] load_duration_ns : 38311041098
[report] load_duration_s : 38.311041
[report] load_throughput : 3728.872824
[report] load_average_latency_ns : 268177.555864
Load workloads needs: 38336851905 ns 
[report] load_thread_ID : 10
[report] load_duration_ns : 38336851905
[report] load_duration_s : 38.336852
[report] load_throughput : 3726.362309
[report] load_average_latency_ns : 268358.231693
Load workloads needs: 38338263631 ns 
[report] load_thread_ID : 1
[report] load_duration_ns : 38338263631
[report] load_duration_s : 38.338264
[report] load_throughput : 3726.225094
[report] load_average_latency_ns : 268368.113785
Load workloads needs: 38345892879 ns 
[report] load_thread_ID : 9
[report] load_duration_ns : 38345892879
[report] load_duration_s : 38.345893
[report] load_throughput : 3725.483729
[report] load_average_latency_ns : 268421.518575
Load workloads needs: 38379395222 ns 
[report] load_thread_ID : 15
[report] load_duration_ns : 38379395222
[report] load_duration_s : 38.379395
[report] load_throughput : 3722.231660
[report] load_average_latency_ns : 268656.035210
Load workloads needs: 38395448897 ns 
[report] load_thread_ID : 23
[report] load_duration_ns : 38395448897
[report] load_duration_s : 38.395449
[report] load_throughput : 3720.675343
[report] load_average_latency_ns : 268768.411047
Load workloads needs: 38399238325 ns 
[report] load_thread_ID : 8
[report] load_duration_ns : 38399238325
[report] load_duration_s : 38.399238
[report] load_throughput : 3720.308168
[report] load_average_latency_ns : 268794.937070
Load workloads needs: 38470373121 ns 
[report] load_thread_ID : 17
[report] load_duration_ns : 38470373121
[report] load_duration_s : 38.470373
[report] load_throughput : 3713.429021
[report] load_average_latency_ns : 269292.881140
Load workloads needs: 38505836680 ns 
[report] load_thread_ID : 7
[report] load_duration_ns : 38505836680
[report] load_duration_s : 38.505837
[report] load_throughput : 3710.008984
[report] load_average_latency_ns : 269541.126301
Load workloads needs: 38814217626 ns 
[report] load_thread_ID : 29
[report] load_duration_ns : 38814217626
[report] load_duration_s : 38.814218
[report] load_throughput : 3680.532772
[report] load_average_latency_ns : 271699.795082
Load workloads needs: 38921933226 ns 
[report] load_thread_ID : 13
[report] load_duration_ns : 38921933226
[report] load_duration_s : 38.921933
[report] load_throughput : 3670.346978
[report] load_average_latency_ns : 272453.805036
Load workloads needs: 49851754007 ns 
[report] load_thread_ID : 52
[report] load_duration_ns : 49851754007
[report] load_duration_s : 49.851754
[report] load_throughput : 2865.636382
[report] load_average_latency_ns : 348962.627012
Load workloads needs: 49907815586 ns 
[report] load_thread_ID : 60
[report] load_duration_ns : 49907815586
[report] load_duration_s : 49.907816
[report] load_throughput : 2862.417405
[report] load_average_latency_ns : 349355.058457
Load workloads needs: 50927535231 ns 
[report] load_thread_ID : 36
[report] load_duration_ns : 50927535231
[report] load_duration_s : 50.927535
[report] load_throughput : 2805.103356
[report] load_average_latency_ns : 356493.103110
Load workloads needs: 51086704573 ns 
[report] load_thread_ID : 58
[report] load_duration_ns : 51086704573
[report] load_duration_s : 51.086705
[report] load_throughput : 2796.363578
[report] load_average_latency_ns : 357607.289618
Load workloads needs: 51099626607 ns 
[report] load_thread_ID : 42
[report] load_duration_ns : 51099626607
[report] load_duration_s : 51.099627
[report] load_throughput : 2795.656436
[report] load_average_latency_ns : 357697.743947
Load workloads needs: 51339420819 ns 
[report] load_thread_ID : 44
[report] load_duration_ns : 51339420819
[report] load_duration_s : 51.339421
[report] load_throughput : 2782.598590
[report] load_average_latency_ns : 359376.305109
Load workloads needs: 51819355512 ns 
[report] load_thread_ID : 34
[report] load_duration_ns : 51819355512
[report] load_duration_s : 51.819356
[report] load_throughput : 2756.827031
[report] load_average_latency_ns : 362735.851320
Load workloads needs: 51945466980 ns 
[report] load_thread_ID : 50
[report] load_duration_ns : 51945466980
[report] load_duration_s : 51.945467
[report] load_throughput : 2750.134098
[report] load_average_latency_ns : 363618.632479
Load workloads needs: 71235349788 ns 
[report] load_thread_ID : 45
[report] load_duration_ns : 71235349788
[report] load_duration_s : 71.235350
[report] load_throughput : 2005.422875
[report] load_average_latency_ns : 498647.947164
Load workloads needs: 73021575633 ns 
[report] load_thread_ID : 0
[report] load_duration_ns : 73021575633
[report] load_duration_s : 73.021576
[report] load_throughput : 1956.366988
[report] load_average_latency_ns : 511151.540583
Load workloads needs: 76032234770 ns 
[report] load_thread_ID : 35
[report] load_duration_ns : 76032234770
[report] load_duration_s : 76.032235
[report] load_throughput : 1878.900448
[report] load_average_latency_ns : 532226.175616
Load workloads needs: 76651218374 ns 
[report] load_thread_ID : 43
[report] load_duration_ns : 76651218374
[report] load_duration_s : 76.651218
[report] load_throughput : 1863.727714
[report] load_average_latency_ns : 536559.065177
Load workloads needs: 76831395201 ns 
[report] load_thread_ID : 53
[report] load_duration_ns : 76831395201
[report] load_duration_s : 76.831395
[report] load_throughput : 1859.357098
[report] load_average_latency_ns : 537820.304227
Load workloads needs: 76991001075 ns 
[report] load_thread_ID : 37
[report] load_duration_ns : 76991001075
[report] load_duration_s : 76.991001
[report] load_throughput : 1855.502565
[report] load_average_latency_ns : 538937.546463
Load workloads needs: 77146675980 ns 
[report] load_thread_ID : 51
[report] load_duration_ns : 77146675980
[report] load_duration_s : 77.146676
[report] load_throughput : 1851.758332
[report] load_average_latency_ns : 540027.271887
Load workloads needs: 77254697799 ns 
[report] load_thread_ID : 67
[report] load_duration_ns : 77254697799
[report] load_duration_s : 77.254698
[report] load_throughput : 1849.169100
[report] load_average_latency_ns : 540783.425376
Load workloads needs: 77422459418 ns 
[report] load_thread_ID : 61
[report] load_duration_ns : 77422459418
[report] load_duration_s : 77.422459
[report] load_throughput : 1845.162257
[report] load_average_latency_ns : 541957.757884
Load workloads needs: 77481366992 ns 
[report] load_thread_ID : 59
[report] load_duration_ns : 77481366992
[report] load_duration_s : 77.481367
[report] load_throughput : 1843.759417
[report] load_average_latency_ns : 542370.111314
All clients run done needs: 77481354693 ns 
[report] load_overall_duration_ns : 77481354693
[report] load_overall_duration_s : 77.481355
[report] load_overall_throughput : 129063.308710
[report] load_overall_average_latency_ns : 7748.135469
