numactl --membind=0 /mnt/nvme0/home/gxr/mongdb-run/test_mongodb/build//run_client --num_threads=22 --core_binding=0,1,2,3,4,5,6,7,8,9,10,11,12,13,14,15,128,129,130,131,132,133,134,135,136,137,138,139,140,141,142,143,16,17 18 19 20 21 22 23 24 25 26 27 28 29 30 31 144 145 146 147 148 149 150 151 152 153 154 155 156 157 158 159,32,33,34,35,36,37,38,39,40,41,42,43,44,45,46,47,160,161,162,163,164,165,166,167,168,169,170,171,172,173,174,175,48,49,50,51,52,53,54,55,56,57,58,59,60,61,62,63,176,177,178,179,180,181,182,183,184,185,186,187,188,189,190,191 --str_key_size=16 --str_key_size=256 --load_file=/mnt/nvme0/home/gxr/mongdb-run/workloads/ycsb/workloada-load-10000000-10000000.log.formated --run_file=/mnt/nvme0/home/gxr/mongdb-run/workloads/ycsb/workloada-run-10000000-10000000.log.formated --URI_set=mongodb://localhost:27017,mongodb://localhost:27018,mongodb://localhost:27019,mongodb://localhost:27020,mongodb://localhost:27021,mongodb://localhost:27022,mongodb://localhost:27023,mongodb://localhost:27024,mongodb://localhost:27025,mongodb://localhost:27026,mongodb://localhost:27027,mongodb://localhost:27028,mongodb://localhost:27029,mongodb://localhost:27030,mongodb://localhost:27031,mongodb://localhost:27032,mongodb://localhost:27033,mongodb://localhost:27034,mongodb://localhost:27035,mongodb://localhost:27036,mongodb://localhost:27037,mongodb://localhost:27038,mongodb://localhost:27039,mongodb://localhost:27040,mongodb://localhost:27041,mongodb://localhost:27042,mongodb://localhost:27043,mongodb://localhost:27044,mongodb://localhost:27045,mongodb://localhost:27046,mongodb://localhost:27047,mongodb://localhost:27048,mongodb://localhost:27049,mongodb://localhost:27050,mongodb://localhost:27051,mongodb://localhost:27052,mongodb://localhost:27053,mongodb://localhost:27054,mongodb://localhost:27055,mongodb://localhost:27056,mongodb://localhost:27057,mongodb://localhost:27058,mongodb://localhost:27059,mongodb://localhost:27060,mongodb://localhost:27061,mongodb://localhost:27062,mongodb://localhost:27063,mongodb://localhost:27064,mongodb://localhost:27065,mongodb://localhost:27066,mongodb://localhost:27067,mongodb://localhost:27068,mongodb://localhost:27069,mongodb://localhost:27070,mongodb://localhost:27071,mongodb://localhost:27072,mongodb://localhost:27073,mongodb://localhost:27074,mongodb://localhost:27075,mongodb://localhost:27076,mongodb://localhost:27077,mongodb://localhost:27078,mongodb://localhost:27079,mongodb://localhost:27080,mongodb://localhost:27081,mongodb://localhost:27082,mongodb://localhost:27083,mongodb://localhost:27084,mongodb://localhost:27085,mongodb://localhost:27086,mongodb://localhost:27087,mongodb://localhost:27088,mongodb://localhost:27089,mongodb://localhost:27090,mongodb://localhost:27091,mongodb://localhost:27092,mongodb://localhost:27093,mongodb://localhost:27094,mongodb://localhost:27095,mongodb://localhost:27096,mongodb://localhost:27097,mongodb://localhost:27098,mongodb://localhost:27099,mongodb://localhost:27100,mongodb://localhost:27101,mongodb://localhost:27102,mongodb://localhost:27103,mongodb://localhost:27104,mongodb://localhost:27105,mongodb://localhost:27106,mongodb://localhost:27107,mongodb://localhost:27108,mongodb://localhost:27109,mongodb://localhost:27110,mongodb://localhost:27111,mongodb://localhost:27112,mongodb://localhost:27113,mongodb://localhost:27114,mongodb://localhost:27115,mongodb://localhost:27116,mongodb://localhost:27117,mongodb://localhost:27118,mongodb://localhost:27119,mongodb://localhost:27120,mongodb://localhost:27121,mongodb://localhost:27122,mongodb://localhost:27123,mongodb://localhost:27124,mongodb://localhost:27125,mongodb://localhost:27126,mongodb://localhost:27127,mongodb://localhost:27128,mongodb://localhost:27129,mongodb://localhost:27130,mongodb://localhost:27131,mongodb://localhost:27132,mongodb://localhost:27133,mongodb://localhost:27134,mongodb://localhost:27135,mongodb://localhost:27136,mongodb://localhost:27137,mongodb://localhost:27138,mongodb://localhost:27139,mongodb://localhost:27140,mongodb://localhost:27141,mongodb://localhost:27142,mongodb://localhost:27143,mongodb://localhost:27144 --first_mode=true
mongodb://localhost:27017 mongodb://localhost:27018 mongodb://localhost:27019 mongodb://localhost:27020 mongodb://localhost:27021 mongodb://localhost:27022 mongodb://localhost:27023 mongodb://localhost:27024 mongodb://localhost:27025 mongodb://localhost:27026 mongodb://localhost:27027 mongodb://localhost:27028 mongodb://localhost:27029 mongodb://localhost:27030 mongodb://localhost:27031 mongodb://localhost:27032 mongodb://localhost:27033 mongodb://localhost:27034 mongodb://localhost:27035 mongodb://localhost:27036 mongodb://localhost:27037 mongodb://localhost:27038 mongodb://localhost:27039 mongodb://localhost:27040 mongodb://localhost:27041 mongodb://localhost:27042 mongodb://localhost:27043 mongodb://localhost:27044 mongodb://localhost:27045 mongodb://localhost:27046 mongodb://localhost:27047 mongodb://localhost:27048 mongodb://localhost:27049 mongodb://localhost:27050 mongodb://localhost:27051 mongodb://localhost:27052 mongodb://localhost:27053 mongodb://localhost:27054 mongodb://localhost:27055 mongodb://localhost:27056 mongodb://localhost:27057 mongodb://localhost:27058 mongodb://localhost:27059 mongodb://localhost:27060 mongodb://localhost:27061 mongodb://localhost:27062 mongodb://localhost:27063 mongodb://localhost:27064 mongodb://localhost:27065 mongodb://localhost:27066 mongodb://localhost:27067 mongodb://localhost:27068 mongodb://localhost:27069 mongodb://localhost:27070 mongodb://localhost:27071 mongodb://localhost:27072 mongodb://localhost:27073 mongodb://localhost:27074 mongodb://localhost:27075 mongodb://localhost:27076 mongodb://localhost:27077 mongodb://localhost:27078 mongodb://localhost:27079 mongodb://localhost:27080 mongodb://localhost:27081 mongodb://localhost:27082 mongodb://localhost:27083 mongodb://localhost:27084 mongodb://localhost:27085 mongodb://localhost:27086 mongodb://localhost:27087 mongodb://localhost:27088 mongodb://localhost:27089 mongodb://localhost:27090 mongodb://localhost:27091 mongodb://localhost:27092 mongodb://localhost:27093 mongodb://localhost:27094 mongodb://localhost:27095 mongodb://localhost:27096 mongodb://localhost:27097 mongodb://localhost:27098 mongodb://localhost:27099 mongodb://localhost:27100 mongodb://localhost:27101 mongodb://localhost:27102 mongodb://localhost:27103 mongodb://localhost:27104 mongodb://localhost:27105 mongodb://localhost:27106 mongodb://localhost:27107 mongodb://localhost:27108 mongodb://localhost:27109 mongodb://localhost:27110 mongodb://localhost:27111 mongodb://localhost:27112 mongodb://localhost:27113 mongodb://localhost:27114 mongodb://localhost:27115 mongodb://localhost:27116 mongodb://localhost:27117 mongodb://localhost:27118 mongodb://localhost:27119 mongodb://localhost:27120 mongodb://localhost:27121 mongodb://localhost:27122 mongodb://localhost:27123 mongodb://localhost:27124 mongodb://localhost:27125 mongodb://localhost:27126 mongodb://localhost:27127 mongodb://localhost:27128 mongodb://localhost:27129 mongodb://localhost:27130 mongodb://localhost:27131 mongodb://localhost:27132 mongodb://localhost:27133 mongodb://localhost:27134 mongodb://localhost:27135 mongodb://localhost:27136 mongodb://localhost:27137 mongodb://localhost:27138 mongodb://localhost:27139 mongodb://localhost:27140 mongodb://localhost:27141 mongodb://localhost:27142 mongodb://localhost:27143 mongodb://localhost:27144 reading workload files ...
load_filename : /mnt/nvme0/home/gxr/mongdb-run/workloads/ycsb/workloada-load-10000000-10000000.log.formated
read load file needs: 5955650468 s 
run_filename : /mnt/nvme0/home/gxr/mongdb-run/workloads/ycsb/workloada-run-10000000-10000000.log.formated
read run file needs: 6029815063 s 
num_of_load_ops is 10000000
num_of_run_ops is 10000000
0 1 2 3 4 5 6 7 8 9 10 11 12 13 14 15 128 129 130 131 132 133 134 135 136 137 138 139 140 141 142 143 16 17 URI: mongodb://localhost:27017
URI: mongodb://localhost:27017
URI: URI: mongodb://localhost:27017
URI: mongodb://localhost:27017
mongodb://localhost:27017
URI: mongodb://localhost:27017
URI: mongodb://localhost:27017
URI: mongodb://localhost:27017
URI: mongodb://localhost:27017
URI: mongodb://localhost:27017
URI: URI: mongodb://localhost:27017
URI: URI: mongodb://localhost:27017
mongodb://localhost:27017URI: mongodb://localhost:27017URI: URI: URI: 
mongodb://localhost:27017
URI: 
mongodb://localhost:27017
mongodb://localhost:27017mongodb://localhost:27017

mongodb://localhost:27017
URI: mongodb://localhost:27017
URI: mongodb://localhost:27017
URI: mongodb://localhost:27017
Load workloads needs: 75629946314 ns 
[report] load_thread_ID : 6
[report] load_duration_ns : 75629946314
[report] load_duration_s : 75.629946
[report] load_throughput : 6010.119300
[report] load_average_latency_ns : 166386.048277
Load workloads needs: 78165111674 ns 
[report] load_thread_ID : 14
[report] load_duration_ns : 78165111674
[report] load_duration_s : 78.165112
[report] load_throughput : 5815.190310
[report] load_average_latency_ns : 171963.417646
Load workloads needs: 78397520570 ns 
[report] load_thread_ID : 13
[report] load_duration_ns : 78397520570
[report] load_duration_s : 78.397521
[report] load_throughput : 5797.951220
[report] load_average_latency_ns : 172474.717729
Load workloads needs: 78512531597 ns 
[report] load_thread_ID : 12
[report] load_duration_ns : 78512531597
[report] load_duration_s : 78.512532
[report] load_throughput : 5789.457947
[report] load_average_latency_ns : 172727.742241
Load workloads needs: 78706977230 ns 
[report] load_thread_ID : 15
[report] load_duration_ns : 78706977230
[report] load_duration_s : 78.706977
[report] load_throughput : 5775.155088
[report] load_average_latency_ns : 173155.523062
Load workloads needs: 79215887645 ns 
[report] load_thread_ID : 9
[report] load_duration_ns : 79215887645
[report] load_duration_s : 79.215888
[report] load_throughput : 5738.053483
[report] load_average_latency_ns : 174275.127094
Load workloads needs: 79282120375 ns 
[report] load_thread_ID : 11
[report] load_duration_ns : 79282120375
[report] load_duration_s : 79.282120
[report] load_throughput : 5733.259881
[report] load_average_latency_ns : 174420.839246
Load workloads needs: 79455543207 ns 
[report] load_thread_ID : 8
[report] load_duration_ns : 79455543207
[report] load_duration_s : 79.455543
[report] load_throughput : 5720.746239
[report] load_average_latency_ns : 174802.369858
Load workloads needs: 79865188683 ns 
[report] load_thread_ID : 10
[report] load_duration_ns : 79865188683
[report] load_duration_s : 79.865189
[report] load_throughput : 5691.403320
[report] load_average_latency_ns : 175703.590806
Load workloads needs: 80594827704 ns 
[report] load_thread_ID : 7
[report] load_duration_ns : 80594827704
[report] load_duration_s : 80.594828
[report] load_throughput : 5639.878054
[report] load_average_latency_ns : 177308.798258
Load workloads needs: 90364819859 ns 
[report] load_thread_ID : 16
[report] load_duration_ns : 90364819859
[report] load_duration_s : 90.364820
[report] load_throughput : 5030.110177
[report] load_average_latency_ns : 198802.802493
Load workloads needs: 90545951535 ns 
[report] load_thread_ID : 19
[report] load_duration_ns : 90545951535
[report] load_duration_s : 90.545952
[report] load_throughput : 5020.047747
[report] load_average_latency_ns : 199201.292578
Load workloads needs: 90658317170 ns 
[report] load_thread_ID : 18
[report] load_duration_ns : 90658317170
[report] load_duration_s : 90.658317
[report] load_throughput : 5013.825694
[report] load_average_latency_ns : 199448.497222
Load workloads needs: 91361867126 ns 
[report] load_thread_ID : 5
[report] load_duration_ns : 91361867126
[report] load_duration_s : 91.361867
[report] load_throughput : 4975.215747
[report] load_average_latency_ns : 200996.308674
Load workloads needs: 91378080622 ns 
[report] load_thread_ID : 4
[report] load_duration_ns : 91378080622
[report] load_duration_s : 91.378081
[report] load_throughput : 4974.332979
[report] load_average_latency_ns : 201031.978400
Load workloads needs: 91669138872 ns 
[report] load_thread_ID : 20
[report] load_duration_ns : 91669138872
[report] load_duration_s : 91.669139
[report] load_throughput : 4958.538998
[report] load_average_latency_ns : 201672.307191
Load workloads needs: 91831045212 ns 
[report] load_thread_ID : 21
[report] load_duration_ns : 91831045212
[report] load_duration_s : 91.831045
[report] load_throughput : 4949.796650
[report] load_average_latency_ns : 202028.501495
Load workloads needs: 91889587328 ns 
[report] load_thread_ID : 0
[report] load_duration_ns : 91889587328
[report] load_duration_s : 91.889587
[report] load_throughput : 4946.643175
[report] load_average_latency_ns : 202157.294279
Load workloads needs: 91942631041 ns 
[report] load_thread_ID : 2
[report] load_duration_ns : 91942631041
[report] load_duration_s : 91.942631
[report] load_throughput : 4943.789348
[report] load_average_latency_ns : 202273.990564
Load workloads needs: 92148054806 ns 
[report] load_thread_ID : 17
[report] load_duration_ns : 92148054806
[report] load_duration_s : 92.148055
[report] load_throughput : 4932.768260
[report] load_average_latency_ns : 202725.923299
Load workloads needs: 92162976316 ns 
[report] load_thread_ID : 3
[report] load_duration_ns : 92162976316
[report] load_duration_s : 92.162976
[report] load_throughput : 4931.969628
[report] load_average_latency_ns : 202758.750654
Load workloads needs: 92967153536 ns 
[report] load_thread_ID : 1
[report] load_duration_ns : 92967153536
[report] load_duration_s : 92.967154
[report] load_throughput : 4889.307489
[report] load_average_latency_ns : 204527.942307
All clients run done needs: 92968142704 ns 
[report] load_overall_duration_ns : 92968142704
[report] load_overall_duration_s : 92.968143
[report] load_overall_throughput : 107563.727844
[report] load_overall_average_latency_ns : 9296.814270
