numactl --membind=0 /mnt/nvme0/home/gxr/mongdb-run/test_mongodb/build//run_client --num_threads=72 --core_binding=0,1,2,3,4,5,6,7,8,9,10,11,12,13,14,15,128,129,130,131,132,133,134,135,136,137,138,139,140,141,142,143,16,17 18 19 20 21 22 23 24 25 26 27 28 29 30 31 144 145 146 147 148 149 150 151 152 153 154 155 156 157 158 159,32,33,34,35,36,37,38,39,40,41,42,43,44,45,46,47,160,161,162,163,164,165,166,167,168,169,170,171,172,173,174,175,48,49,50,51,52,53,54,55,56,57,58,59,60,61,62,63,176,177,178,179,180,181,182,183,184,185,186,187,188,189,190,191 --str_key_size=16 --str_key_size=256 --load_file=/mnt/nvme0/home/gxr/mongdb-run/workloads/ycsb/workloada-load-10000000-10000000.log.formated --run_file=/mnt/nvme0/home/gxr/mongdb-run/workloads/ycsb/workloada-run-10000000-10000000.log.formated --URI_set=mongodb://localhost:27017,mongodb://localhost:27018,mongodb://localhost:27019,mongodb://localhost:27020,mongodb://localhost:27021,mongodb://localhost:27022,mongodb://localhost:27023,mongodb://localhost:27024,mongodb://localhost:27025,mongodb://localhost:27026,mongodb://localhost:27027,mongodb://localhost:27028,mongodb://localhost:27029,mongodb://localhost:27030,mongodb://localhost:27031,mongodb://localhost:27032,mongodb://localhost:27033,mongodb://localhost:27034,mongodb://localhost:27035,mongodb://localhost:27036,mongodb://localhost:27037,mongodb://localhost:27038,mongodb://localhost:27039,mongodb://localhost:27040,mongodb://localhost:27041,mongodb://localhost:27042,mongodb://localhost:27043,mongodb://localhost:27044,mongodb://localhost:27045,mongodb://localhost:27046,mongodb://localhost:27047,mongodb://localhost:27048,mongodb://localhost:27049,mongodb://localhost:27050,mongodb://localhost:27051,mongodb://localhost:27052,mongodb://localhost:27053,mongodb://localhost:27054,mongodb://localhost:27055,mongodb://localhost:27056,mongodb://localhost:27057,mongodb://localhost:27058,mongodb://localhost:27059,mongodb://localhost:27060,mongodb://localhost:27061,mongodb://localhost:27062,mongodb://localhost:27063,mongodb://localhost:27064,mongodb://localhost:27065,mongodb://localhost:27066,mongodb://localhost:27067,mongodb://localhost:27068,mongodb://localhost:27069,mongodb://localhost:27070,mongodb://localhost:27071,mongodb://localhost:27072,mongodb://localhost:27073,mongodb://localhost:27074,mongodb://localhost:27075,mongodb://localhost:27076,mongodb://localhost:27077,mongodb://localhost:27078,mongodb://localhost:27079,mongodb://localhost:27080,mongodb://localhost:27081,mongodb://localhost:27082,mongodb://localhost:27083,mongodb://localhost:27084,mongodb://localhost:27085,mongodb://localhost:27086,mongodb://localhost:27087,mongodb://localhost:27088,mongodb://localhost:27089,mongodb://localhost:27090,mongodb://localhost:27091,mongodb://localhost:27092,mongodb://localhost:27093,mongodb://localhost:27094,mongodb://localhost:27095,mongodb://localhost:27096,mongodb://localhost:27097,mongodb://localhost:27098,mongodb://localhost:27099,mongodb://localhost:27100,mongodb://localhost:27101,mongodb://localhost:27102,mongodb://localhost:27103,mongodb://localhost:27104,mongodb://localhost:27105,mongodb://localhost:27106,mongodb://localhost:27107,mongodb://localhost:27108,mongodb://localhost:27109,mongodb://localhost:27110,mongodb://localhost:27111,mongodb://localhost:27112,mongodb://localhost:27113,mongodb://localhost:27114,mongodb://localhost:27115,mongodb://localhost:27116,mongodb://localhost:27117,mongodb://localhost:27118,mongodb://localhost:27119,mongodb://localhost:27120,mongodb://localhost:27121,mongodb://localhost:27122,mongodb://localhost:27123,mongodb://localhost:27124,mongodb://localhost:27125,mongodb://localhost:27126,mongodb://localhost:27127,mongodb://localhost:27128,mongodb://localhost:27129,mongodb://localhost:27130,mongodb://localhost:27131,mongodb://localhost:27132,mongodb://localhost:27133,mongodb://localhost:27134,mongodb://localhost:27135,mongodb://localhost:27136,mongodb://localhost:27137,mongodb://localhost:27138,mongodb://localhost:27139,mongodb://localhost:27140,mongodb://localhost:27141,mongodb://localhost:27142,mongodb://localhost:27143,mongodb://localhost:27144 --first_mode=false
mongodb://localhost:27017 mongodb://localhost:27018 mongodb://localhost:27019 mongodb://localhost:27020 mongodb://localhost:27021 mongodb://localhost:27022 mongodb://localhost:27023 mongodb://localhost:27024 mongodb://localhost:27025 mongodb://localhost:27026 mongodb://localhost:27027 mongodb://localhost:27028 mongodb://localhost:27029 mongodb://localhost:27030 mongodb://localhost:27031 mongodb://localhost:27032 mongodb://localhost:27033 mongodb://localhost:27034 mongodb://localhost:27035 mongodb://localhost:27036 mongodb://localhost:27037 mongodb://localhost:27038 mongodb://localhost:27039 mongodb://localhost:27040 mongodb://localhost:27041 mongodb://localhost:27042 mongodb://localhost:27043 mongodb://localhost:27044 mongodb://localhost:27045 mongodb://localhost:27046 mongodb://localhost:27047 mongodb://localhost:27048 mongodb://localhost:27049 mongodb://localhost:27050 mongodb://localhost:27051 mongodb://localhost:27052 mongodb://localhost:27053 mongodb://localhost:27054 mongodb://localhost:27055 mongodb://localhost:27056 mongodb://localhost:27057 mongodb://localhost:27058 mongodb://localhost:27059 mongodb://localhost:27060 mongodb://localhost:27061 mongodb://localhost:27062 mongodb://localhost:27063 mongodb://localhost:27064 mongodb://localhost:27065 mongodb://localhost:27066 mongodb://localhost:27067 mongodb://localhost:27068 mongodb://localhost:27069 mongodb://localhost:27070 mongodb://localhost:27071 mongodb://localhost:27072 mongodb://localhost:27073 mongodb://localhost:27074 mongodb://localhost:27075 mongodb://localhost:27076 mongodb://localhost:27077 mongodb://localhost:27078 mongodb://localhost:27079 mongodb://localhost:27080 mongodb://localhost:27081 mongodb://localhost:27082 mongodb://localhost:27083 mongodb://localhost:27084 mongodb://localhost:27085 mongodb://localhost:27086 mongodb://localhost:27087 mongodb://localhost:27088 mongodb://localhost:27089 mongodb://localhost:27090 mongodb://localhost:27091 mongodb://localhost:27092 mongodb://localhost:27093 mongodb://localhost:27094 mongodb://localhost:27095 mongodb://localhost:27096 mongodb://localhost:27097 mongodb://localhost:27098 mongodb://localhost:27099 mongodb://localhost:27100 mongodb://localhost:27101 mongodb://localhost:27102 mongodb://localhost:27103 mongodb://localhost:27104 mongodb://localhost:27105 mongodb://localhost:27106 mongodb://localhost:27107 mongodb://localhost:27108 mongodb://localhost:27109 mongodb://localhost:27110 mongodb://localhost:27111 mongodb://localhost:27112 mongodb://localhost:27113 mongodb://localhost:27114 mongodb://localhost:27115 mongodb://localhost:27116 mongodb://localhost:27117 mongodb://localhost:27118 mongodb://localhost:27119 mongodb://localhost:27120 mongodb://localhost:27121 mongodb://localhost:27122 mongodb://localhost:27123 mongodb://localhost:27124 mongodb://localhost:27125 mongodb://localhost:27126 mongodb://localhost:27127 mongodb://localhost:27128 mongodb://localhost:27129 mongodb://localhost:27130 mongodb://localhost:27131 mongodb://localhost:27132 mongodb://localhost:27133 mongodb://localhost:27134 mongodb://localhost:27135 mongodb://localhost:27136 mongodb://localhost:27137 mongodb://localhost:27138 mongodb://localhost:27139 mongodb://localhost:27140 mongodb://localhost:27141 mongodb://localhost:27142 mongodb://localhost:27143 mongodb://localhost:27144 reading workload files ...
load_filename : /mnt/nvme0/home/gxr/mongdb-run/workloads/ycsb/workloada-load-10000000-10000000.log.formated
read load file needs: 5012596084 s 
run_filename : /mnt/nvme0/home/gxr/mongdb-run/workloads/ycsb/workloada-run-10000000-10000000.log.formated
read run file needs: 5114394002 s 
num_of_load_ops is 10000000
num_of_run_ops is 10000000
0 1 2 3 4 5 6 7 8 9 10 11 12 13 14 15 128 129 130 131 132 133 134 135 136 137 138 139 140 141 142 143 16 17 URI: URI: mongodb://localhost:27028
mongodb://localhost:27019
URI: mongodb://localhost:27020
URI: mongodb://localhost:27027
URI: mongodb://localhost:27024
URI: mongodb://localhost:27025
URI: mongodb://localhost:27026
URI: URI: mongodb://localhost:27029URI: URI: URI: URI: 
mongodb://localhost:27017
URI: URI: mongodb://localhost:27036URI: mongodb://localhost:27032

mongodb://localhost:27031URI: 
mongodb://localhost:27030mongodb://localhost:27021
mongodb://localhost:27037URI: 
URI: 
mongodb://localhost:27034
mongodb://localhost:27035mongodb://localhost:27033
URI: mongodb://localhost:27022
mongodb://localhost:27038

URI: mongodb://localhost:27040
URI: mongodb://localhost:27039
URI: mongodb://localhost:27041
URI: mongodb://localhost:27043
URI: mongodb://localhost:27042
URI: URI: mongodb://localhost:27023
mongodb://localhost:27018
URI: mongodb://localhost:27044
URI: mongodb://localhost:27045
URI: mongodb://localhost:27046
URI: mongodb://localhost:27047
URI: mongodb://localhost:27048
URI: mongodb://localhost:27050
URI: mongodb://localhost:27049
URI: mongodb://localhost:27052
URI: mongodb://localhost:27051
sched_setaffinity
URI: mongodb://localhost:27055
sched_setaffinity
URI: mongodb://localhost:27056
sched_setaffinity
URI: mongodb://localhost:27053
URI: mongodb://localhost:27054
URI: mongodb://localhost:27057
sched_setaffinity
URI: mongodb://localhost:27058
URI: mongodb://localhost:27059
URI: mongodb://localhost:27060
URI: mongodb://localhost:27061
URI: mongodb://localhost:27062
sched_setaffinity
URI: mongodb://localhost:27063
sched_setaffinity
URI: mongodb://localhost:27064
sched_setaffinity
URI: mongodb://localhost:27065
sched_setaffinity
URI: mongodb://localhost:27066
URI: mongodb://localhost:27067
URI: mongodb://localhost:27068
URI: mongodb://localhost:27070
sched_setaffinity
URI: mongodb://localhost:27069
sched_setaffinity
URI: mongodb://localhost:27072
URI: mongodb://localhost:27071
sched_setaffinity
sched_setaffinity
URI: mongodb://localhost:27073
URI: mongodb://localhost:27074
URI: mongodb://localhost:27077
sched_setaffinity
URI: mongodb://localhost:27075
URI: mongodb://localhost:27076
URI: mongodb://localhost:27079
sched_setaffinity
URI: mongodb://localhost:27078
URI: mongodb://localhost:27080
sched_setaffinity
URI: mongodb://localhost:27081
sched_setaffinity
URI: mongodb://localhost:27083
URI: mongodb://localhost:27084
URI: mongodb://localhost:27082
sched_setaffinity
URI: mongodb://localhost:27085
sched_setaffinity
sched_setaffinity
sched_setaffinity
URI: mongodb://localhost:27086
URI: mongodb://localhost:27087
URI: mongodb://localhost:27088
Load workloads needs: 18938836864 ns 
[report] load_thread_ID : 38
[report] load_duration_ns : 18938836864
[report] load_duration_s : 18.938837
[report] load_throughput : 7333.502105
[report] load_average_latency_ns : 136360.498128
Load workloads needs: 19006519560 ns 
[report] load_thread_ID : 63
[report] load_duration_ns : 19006519560
[report] load_duration_s : 19.006520
[report] load_throughput : 7307.387318
[report] load_average_latency_ns : 136847.816658
Load workloads needs: 19100442724 ns 
[report] load_thread_ID : 32
[report] load_duration_ns : 19100442724
[report] load_duration_s : 19.100443
[report] load_throughput : 7271.454490
[report] load_average_latency_ns : 137524.067767
Load workloads needs: 19534140469 ns 
[report] load_thread_ID : 33
[report] load_duration_ns : 19534140469
[report] load_duration_s : 19.534140
[report] load_throughput : 7110.013375
[report] load_average_latency_ns : 140646.711516
Load workloads needs: 20077152340 ns 
[report] load_thread_ID : 46
[report] load_duration_ns : 20077152340
[report] load_duration_s : 20.077152
[report] load_throughput : 6917.714108
[report] load_average_latency_ns : 144556.422009
Load workloads needs: 20100014395 ns 
[report] load_thread_ID : 69
[report] load_duration_ns : 20100014395
[report] load_duration_s : 20.100014
[report] load_throughput : 6909.845798
[report] load_average_latency_ns : 144721.029859
Load workloads needs: 20234895190 ns 
[report] load_thread_ID : 64
[report] load_duration_ns : 20234895190
[report] load_duration_s : 20.234895
[report] load_throughput : 6863.786479
[report] load_average_latency_ns : 145692.177798
Load workloads needs: 20320281744 ns 
[report] load_thread_ID : 41
[report] load_duration_ns : 20320281744
[report] load_duration_s : 20.320282
[report] load_throughput : 6834.944601
[report] load_average_latency_ns : 146306.964921
Load workloads needs: 20313528241 ns 
[report] load_thread_ID : 65
[report] load_duration_ns : 20313528241
[report] load_duration_s : 20.313528
[report] load_throughput : 6837.216970
[report] load_average_latency_ns : 146258.339389
Load workloads needs: 20454030802 ns 
[report] load_thread_ID : 66
[report] load_duration_ns : 20454030802
[report] load_duration_s : 20.454031
[report] load_throughput : 6790.250848
[report] load_average_latency_ns : 147269.964302
Load workloads needs: 20838400075 ns 
[report] load_thread_ID : 49
[report] load_duration_ns : 20838400075
[report] load_duration_s : 20.838400
[report] load_throughput : 6665.003047
[report] load_average_latency_ns : 150037.440780
Load workloads needs: 20871458915 ns 
[report] load_thread_ID : 55
[report] load_duration_ns : 20871458915
[report] load_duration_s : 20.871459
[report] load_throughput : 6654.446178
[report] load_average_latency_ns : 150275.465951
Load workloads needs: 20927500150 ns 
[report] load_thread_ID : 39
[report] load_duration_ns : 20927500150
[report] load_duration_s : 20.927500
[report] load_throughput : 6636.626401
[report] load_average_latency_ns : 150678.965425
Load workloads needs: 20949056358 ns 
[report] load_thread_ID : 54
[report] load_duration_ns : 20949056358
[report] load_duration_s : 20.949056
[report] load_throughput : 6629.797430
[report] load_average_latency_ns : 150834.171116
Load workloads needs: 20981693760 ns 
[report] load_thread_ID : 40
[report] load_duration_ns : 20981693760
[report] load_duration_s : 20.981694
[report] load_throughput : 6619.484661
[report] load_average_latency_ns : 151069.161915
Load workloads needs: 21069858767 ns 
[report] load_thread_ID : 18
[report] load_duration_ns : 21069858767
[report] load_duration_s : 21.069859
[report] load_throughput : 6591.785998
[report] load_average_latency_ns : 151703.954028
Load workloads needs: 21154238613 ns 
[report] load_thread_ID : 47
[report] load_duration_ns : 21154238613
[report] load_duration_s : 21.154239
[report] load_throughput : 6565.492738
[report] load_average_latency_ns : 152311.492807
Load workloads needs: 21287381502 ns 
[report] load_thread_ID : 56
[report] load_duration_ns : 21287381502
[report] load_duration_s : 21.287382
[report] load_throughput : 6524.428568
[report] load_average_latency_ns : 153270.127743
Load workloads needs: 21313107881 ns 
[report] load_thread_ID : 16
[report] load_duration_ns : 21313107881
[report] load_duration_s : 21.313108
[report] load_throughput : 6516.553136
[report] load_average_latency_ns : 153455.358857
Load workloads needs: 21367421809 ns 
[report] load_thread_ID : 62
[report] load_duration_ns : 21367421809
[report] load_duration_s : 21.367422
[report] load_throughput : 6499.988686
[report] load_average_latency_ns : 153846.421642
Load workloads needs: 21478183602 ns 
[report] load_thread_ID : 23
[report] load_duration_ns : 21478183602
[report] load_duration_s : 21.478184
[report] load_throughput : 6466.468607
[report] load_average_latency_ns : 154643.911655
Load workloads needs: 21478785450 ns 
[report] load_thread_ID : 17
[report] load_duration_ns : 21478785450
[report] load_duration_s : 21.478785
[report] load_throughput : 6466.287413
[report] load_average_latency_ns : 154648.244989
Load workloads needs: 21481912363 ns 
[report] load_thread_ID : 6
[report] load_duration_ns : 21481912363
[report] load_duration_s : 21.481912
[report] load_throughput : 6465.346178
[report] load_average_latency_ns : 154670.758906
Load workloads needs: 21653413199 ns 
[report] load_thread_ID : 3
[report] load_duration_ns : 21653413199
[report] load_duration_s : 21.653413
[report] load_throughput : 6414.138904
[report] load_average_latency_ns : 155905.572828
Load workloads needs: 21661981059 ns 
[report] load_thread_ID : 57
[report] load_duration_ns : 21661981059
[report] load_duration_s : 21.661981
[report] load_throughput : 6411.601950
[report] load_average_latency_ns : 155967.261815
Load workloads needs: 21738664494 ns 
[report] load_thread_ID : 19
[report] load_duration_ns : 21738664494
[report] load_duration_s : 21.738664
[report] load_throughput : 6388.984937
[report] load_average_latency_ns : 156519.386081
Load workloads needs: 21781875000 ns 
[report] load_thread_ID : 1
[report] load_duration_ns : 21781875000
[report] load_duration_s : 21.781875
[report] load_throughput : 6376.310579
[report] load_average_latency_ns : 156830.503715
Load workloads needs: 21807901176 ns 
[report] load_thread_ID : 70
[report] load_duration_ns : 21807901176
[report] load_duration_s : 21.807901
[report] load_throughput : 6368.700907
[report] load_average_latency_ns : 157017.893382
Load workloads needs: 21869989957 ns 
[report] load_thread_ID : 71
[report] load_duration_ns : 21869989957
[report] load_duration_s : 21.869990
[report] load_throughput : 6350.620200
[report] load_average_latency_ns : 157464.935466
Load workloads needs: 21937926823 ns 
[report] load_thread_ID : 7
[report] load_duration_ns : 21937926823
[report] load_duration_s : 21.937927
[report] load_throughput : 6330.953746
[report] load_average_latency_ns : 157954.084032
Load workloads needs: 21943176850 ns 
[report] load_thread_ID : 4
[report] load_duration_ns : 21943176850
[report] load_duration_s : 21.943177
[report] load_throughput : 6329.439030
[report] load_average_latency_ns : 157991.884468
Load workloads needs: 21964442299 ns 
[report] load_thread_ID : 68
[report] load_duration_ns : 21964442299
[report] load_duration_s : 21.964442
[report] load_throughput : 6323.311018
[report] load_average_latency_ns : 158144.996681
Load workloads needs: 22105624958 ns 
[report] load_thread_ID : 13
[report] load_duration_ns : 22105624958
[report] load_duration_s : 22.105625
[report] load_throughput : 6282.925738
[report] load_average_latency_ns : 159161.518331
Load workloads needs: 22141724272 ns 
[report] load_thread_ID : 48
[report] load_duration_ns : 22141724272
[report] load_duration_s : 22.141724
[report] load_throughput : 6272.682213
[report] load_average_latency_ns : 159421.435056
Load workloads needs: 22227177615 ns 
[report] load_thread_ID : 9
[report] load_duration_ns : 22227177615
[report] load_duration_s : 22.227178
[report] load_throughput : 6248.566615
[report] load_average_latency_ns : 160036.703063
Load workloads needs: 22302366504 ns 
[report] load_thread_ID : 24
[report] load_duration_ns : 22302366504
[report] load_duration_s : 22.302367
[report] load_throughput : 6227.500565
[report] load_average_latency_ns : 160578.066528
Load workloads needs: 22348931691 ns 
[report] load_thread_ID : 2
[report] load_duration_ns : 22348931691
[report] load_duration_s : 22.348932
[report] load_throughput : 6214.525236
[report] load_average_latency_ns : 160913.338021
Load workloads needs: 22395191090 ns 
[report] load_thread_ID : 15
[report] load_duration_ns : 22395191090
[report] load_duration_s : 22.395191
[report] load_throughput : 6201.688543
[report] load_average_latency_ns : 161246.407825
Load workloads needs: 22444703710 ns 
[report] load_thread_ID : 8
[report] load_duration_ns : 22444703710
[report] load_duration_s : 22.444704
[report] load_throughput : 6188.007728
[report] load_average_latency_ns : 161602.900971
Load workloads needs: 22589766031 ns 
[report] load_thread_ID : 29
[report] load_duration_ns : 22589766031
[report] load_duration_s : 22.589766
[report] load_throughput : 6148.270850
[report] load_average_latency_ns : 162647.356366
Load workloads needs: 22645996405 ns 
[report] load_thread_ID : 12
[report] load_duration_ns : 22645996405
[report] load_duration_s : 22.645996
[report] load_throughput : 6133.004595
[report] load_average_latency_ns : 163052.217650
Load workloads needs: 22649028828 ns 
[report] load_thread_ID : 22
[report] load_duration_ns : 22649028828
[report] load_duration_s : 22.649029
[report] load_throughput : 6132.183462
[report] load_average_latency_ns : 163074.051236
Load workloads needs: 22659932051 ns 
[report] load_thread_ID : 11
[report] load_duration_ns : 22659932051
[report] load_duration_s : 22.659932
[report] load_throughput : 6129.232854
[report] load_average_latency_ns : 163152.554944
Load workloads needs: 22710707749 ns 
[report] load_thread_ID : 28
[report] load_duration_ns : 22710707749
[report] load_duration_s : 22.710708
[report] load_throughput : 6115.529359
[report] load_average_latency_ns : 163518.142309
Load workloads needs: 22782202316 ns 
[report] load_thread_ID : 21
[report] load_duration_ns : 22782202316
[report] load_duration_s : 22.782202
[report] load_throughput : 6096.337750
[report] load_average_latency_ns : 164032.906486
Load workloads needs: 22822962848 ns 
[report] load_thread_ID : 20
[report] load_duration_ns : 22822962848
[report] load_duration_s : 22.822963
[report] load_throughput : 6085.450032
[report] load_average_latency_ns : 164326.384194
Load workloads needs: 22956927225 ns 
[report] load_thread_ID : 25
[report] load_duration_ns : 22956927225
[report] load_duration_s : 22.956927
[report] load_throughput : 6049.938593
[report] load_average_latency_ns : 165290.933882
Load workloads needs: 23052646474 ns 
[report] load_thread_ID : 14
[report] load_duration_ns : 23052646474
[report] load_duration_s : 23.052646
[report] load_throughput : 6024.818025
[report] load_average_latency_ns : 165980.116886
Load workloads needs: 23134893896 ns 
[report] load_thread_ID : 10
[report] load_duration_ns : 23134893896
[report] load_duration_s : 23.134894
[report] load_throughput : 6003.399048
[report] load_average_latency_ns : 166572.302114
Load workloads needs: 23198579012 ns 
[report] load_thread_ID : 31
[report] load_duration_ns : 23198579012
[report] load_duration_s : 23.198579
[report] load_throughput : 5986.918420
[report] load_average_latency_ns : 167030.837884
Load workloads needs: 23233044699 ns 
[report] load_thread_ID : 5
[report] load_duration_ns : 23233044699
[report] load_duration_s : 23.233045
[report] load_throughput : 5978.036964
[report] load_average_latency_ns : 167278.992418
Load workloads needs: 23322463803 ns 
[report] load_thread_ID : 30
[report] load_duration_ns : 23322463803
[report] load_duration_s : 23.322464
[report] load_throughput : 5955.116971
[report] load_average_latency_ns : 167922.814088
Load workloads needs: 23405135894 ns 
[report] load_thread_ID : 27
[report] load_duration_ns : 23405135894
[report] load_duration_s : 23.405136
[report] load_throughput : 5934.082187
[report] load_average_latency_ns : 168518.056952
Load workloads needs: 23572744059 ns 
[report] load_thread_ID : 26
[report] load_duration_ns : 23572744059
[report] load_duration_s : 23.572744
[report] load_throughput : 5891.889364
[report] load_average_latency_ns : 169724.843464
Load workloads needs: 45003915337 ns 
[report] load_thread_ID : 34
[report] load_duration_ns : 45003915337
[report] load_duration_s : 45.003915
[report] load_throughput : 3086.131483
[report] load_average_latency_ns : 324030.264220
Load workloads needs: 46483652373 ns 
[report] load_thread_ID : 50
[report] load_duration_ns : 46483652373
[report] load_duration_s : 46.483652
[report] load_throughput : 2987.889138
[report] load_average_latency_ns : 334684.439066
Load workloads needs: 47197261510 ns 
[report] load_thread_ID : 52
[report] load_duration_ns : 47197261510
[report] load_duration_s : 47.197262
[report] load_throughput : 2942.713106
[report] load_average_latency_ns : 339822.457736
Load workloads needs: 47561785665 ns 
[report] load_thread_ID : 36
[report] load_duration_ns : 47561785665
[report] load_duration_s : 47.561786
[report] load_throughput : 2920.159495
[report] load_average_latency_ns : 342447.048449
Load workloads needs: 48229403203 ns 
[report] load_thread_ID : 60
[report] load_duration_ns : 48229403203
[report] load_duration_s : 48.229403
[report] load_throughput : 2879.737064
[report] load_average_latency_ns : 347253.925487
Load workloads needs: 48541563044 ns 
[report] load_thread_ID : 42
[report] load_duration_ns : 48541563044
[report] load_duration_s : 48.541563
[report] load_throughput : 2861.218125
[report] load_average_latency_ns : 349501.490726
Load workloads needs: 48934334861 ns 
[report] load_thread_ID : 58
[report] load_duration_ns : 48934334861
[report] load_duration_s : 48.934335
[report] load_throughput : 2838.252536
[report] load_average_latency_ns : 352329.465908
Load workloads needs: 49424088500 ns 
[report] load_thread_ID : 44
[report] load_duration_ns : 49424088500
[report] load_duration_s : 49.424089
[report] load_throughput : 2810.127697
[report] load_average_latency_ns : 355855.714677
Load workloads needs: 66785260927 ns 
[report] load_thread_ID : 37
[report] load_duration_ns : 66785260927
[report] load_duration_s : 66.785261
[report] load_throughput : 2079.620534
[report] load_average_latency_ns : 480856.956159
Load workloads needs: 69998607528 ns 
[report] load_thread_ID : 53
[report] load_duration_ns : 69998607528
[report] load_duration_s : 69.998608
[report] load_throughput : 1984.153755
[report] load_average_latency_ns : 503993.199758
Load workloads needs: 70664155392 ns 
[report] load_thread_ID : 51
[report] load_duration_ns : 70664155392
[report] load_duration_s : 70.664155
[report] load_throughput : 1965.466073
[report] load_average_latency_ns : 508785.175048
Load workloads needs: 71666869511 ns 
[report] load_thread_ID : 43
[report] load_duration_ns : 71666869511
[report] load_duration_s : 71.666870
[report] load_throughput : 1937.966608
[report] load_average_latency_ns : 516004.762910
Load workloads needs: 71700250409 ns 
[report] load_thread_ID : 45
[report] load_duration_ns : 71700250409
[report] load_duration_s : 71.700250
[report] load_throughput : 1937.064365
[report] load_average_latency_ns : 516245.106913
Load workloads needs: 71748869981 ns 
[report] load_thread_ID : 35
[report] load_duration_ns : 71748869981
[report] load_duration_s : 71.748870
[report] load_throughput : 1935.751741
[report] load_average_latency_ns : 516595.170072
Load workloads needs: 71778499977 ns 
[report] load_thread_ID : 0
[report] load_duration_ns : 71778499977
[report] load_duration_s : 71.778500
[report] load_throughput : 1934.952668
[report] load_average_latency_ns : 516808.507409
Load workloads needs: 71822618220 ns 
[report] load_thread_ID : 61
[report] load_duration_ns : 71822618220
[report] load_duration_s : 71.822618
[report] load_throughput : 1933.764091
[report] load_average_latency_ns : 517126.160791
Load workloads needs: 72188764624 ns 
[report] load_thread_ID : 59
[report] load_duration_ns : 72188764624
[report] load_duration_s : 72.188765
[report] load_throughput : 1923.955905
[report] load_average_latency_ns : 519762.431772
Load workloads needs: 72281908887 ns 
[report] load_thread_ID : 67
[report] load_duration_ns : 72281908887
[report] load_duration_s : 72.281909
[report] load_throughput : 1921.476648
[report] load_average_latency_ns : 520433.074758
All clients run done needs: 72282745565 ns 
[report] load_overall_duration_ns : 72282745565
[report] load_overall_duration_s : 72.282746
[report] load_overall_throughput : 138345.602700
[report] load_overall_average_latency_ns : 7228.274556
