numactl --membind=0 /mnt/nvme0/home/gxr/mongdb-run/test_mongodb/build//run_client --num_threads=58 --core_binding=0,1,2,3,4,5,6,7,8,9,10,11,12,13,14,15,128,129,130,131,132,133,134,135,136,137,138,139,140,141,142,143,16,17 18 19 20 21 22 23 24 25 26 27 28 29 30 31 144 145 146 147 148 149 150 151 152 153 154 155 156 157 158 159,32,33,34,35,36,37,38,39,40,41,42,43,44,45,46,47,160,161,162,163,164,165,166,167,168,169,170,171,172,173,174,175,48,49,50,51,52,53,54,55,56,57,58,59,60,61,62,63,176,177,178,179,180,181,182,183,184,185,186,187,188,189,190,191 --str_key_size=16 --str_key_size=256 --load_file=/mnt/nvme0/home/gxr/mongdb-run/workloads/ycsb/workloada-load-10000000-10000000.log.formated --run_file=/mnt/nvme0/home/gxr/mongdb-run/workloads/ycsb/workloada-run-10000000-10000000.log.formated --URI_set=mongodb://localhost:27017,mongodb://localhost:27018,mongodb://localhost:27019,mongodb://localhost:27020,mongodb://localhost:27021,mongodb://localhost:27022,mongodb://localhost:27023,mongodb://localhost:27024,mongodb://localhost:27025,mongodb://localhost:27026,mongodb://localhost:27027,mongodb://localhost:27028,mongodb://localhost:27029,mongodb://localhost:27030,mongodb://localhost:27031,mongodb://localhost:27032,mongodb://localhost:27033,mongodb://localhost:27034,mongodb://localhost:27035,mongodb://localhost:27036,mongodb://localhost:27037,mongodb://localhost:27038,mongodb://localhost:27039,mongodb://localhost:27040,mongodb://localhost:27041,mongodb://localhost:27042,mongodb://localhost:27043,mongodb://localhost:27044,mongodb://localhost:27045,mongodb://localhost:27046,mongodb://localhost:27047,mongodb://localhost:27048,mongodb://localhost:27049,mongodb://localhost:27050,mongodb://localhost:27051,mongodb://localhost:27052,mongodb://localhost:27053,mongodb://localhost:27054,mongodb://localhost:27055,mongodb://localhost:27056,mongodb://localhost:27057,mongodb://localhost:27058,mongodb://localhost:27059,mongodb://localhost:27060,mongodb://localhost:27061,mongodb://localhost:27062,mongodb://localhost:27063,mongodb://localhost:27064,mongodb://localhost:27065,mongodb://localhost:27066,mongodb://localhost:27067,mongodb://localhost:27068,mongodb://localhost:27069,mongodb://localhost:27070,mongodb://localhost:27071,mongodb://localhost:27072,mongodb://localhost:27073,mongodb://localhost:27074,mongodb://localhost:27075,mongodb://localhost:27076,mongodb://localhost:27077,mongodb://localhost:27078,mongodb://localhost:27079,mongodb://localhost:27080,mongodb://localhost:27081,mongodb://localhost:27082,mongodb://localhost:27083,mongodb://localhost:27084,mongodb://localhost:27085,mongodb://localhost:27086,mongodb://localhost:27087,mongodb://localhost:27088,mongodb://localhost:27089,mongodb://localhost:27090,mongodb://localhost:27091,mongodb://localhost:27092,mongodb://localhost:27093,mongodb://localhost:27094,mongodb://localhost:27095,mongodb://localhost:27096,mongodb://localhost:27097,mongodb://localhost:27098,mongodb://localhost:27099,mongodb://localhost:27100,mongodb://localhost:27101,mongodb://localhost:27102,mongodb://localhost:27103,mongodb://localhost:27104,mongodb://localhost:27105,mongodb://localhost:27106,mongodb://localhost:27107,mongodb://localhost:27108,mongodb://localhost:27109,mongodb://localhost:27110,mongodb://localhost:27111,mongodb://localhost:27112,mongodb://localhost:27113,mongodb://localhost:27114,mongodb://localhost:27115,mongodb://localhost:27116,mongodb://localhost:27117,mongodb://localhost:27118,mongodb://localhost:27119,mongodb://localhost:27120,mongodb://localhost:27121,mongodb://localhost:27122,mongodb://localhost:27123,mongodb://localhost:27124,mongodb://localhost:27125,mongodb://localhost:27126,mongodb://localhost:27127,mongodb://localhost:27128,mongodb://localhost:27129,mongodb://localhost:27130,mongodb://localhost:27131,mongodb://localhost:27132,mongodb://localhost:27133,mongodb://localhost:27134,mongodb://localhost:27135,mongodb://localhost:27136,mongodb://localhost:27137,mongodb://localhost:27138,mongodb://localhost:27139,mongodb://localhost:27140,mongodb://localhost:27141,mongodb://localhost:27142,mongodb://localhost:27143,mongodb://localhost:27144 --first_mode=true
mongodb://localhost:27017 mongodb://localhost:27018 mongodb://localhost:27019 mongodb://localhost:27020 mongodb://localhost:27021 mongodb://localhost:27022 mongodb://localhost:27023 mongodb://localhost:27024 mongodb://localhost:27025 mongodb://localhost:27026 mongodb://localhost:27027 mongodb://localhost:27028 mongodb://localhost:27029 mongodb://localhost:27030 mongodb://localhost:27031 mongodb://localhost:27032 mongodb://localhost:27033 mongodb://localhost:27034 mongodb://localhost:27035 mongodb://localhost:27036 mongodb://localhost:27037 mongodb://localhost:27038 mongodb://localhost:27039 mongodb://localhost:27040 mongodb://localhost:27041 mongodb://localhost:27042 mongodb://localhost:27043 mongodb://localhost:27044 mongodb://localhost:27045 mongodb://localhost:27046 mongodb://localhost:27047 mongodb://localhost:27048 mongodb://localhost:27049 mongodb://localhost:27050 mongodb://localhost:27051 mongodb://localhost:27052 mongodb://localhost:27053 mongodb://localhost:27054 mongodb://localhost:27055 mongodb://localhost:27056 mongodb://localhost:27057 mongodb://localhost:27058 mongodb://localhost:27059 mongodb://localhost:27060 mongodb://localhost:27061 mongodb://localhost:27062 mongodb://localhost:27063 mongodb://localhost:27064 mongodb://localhost:27065 mongodb://localhost:27066 mongodb://localhost:27067 mongodb://localhost:27068 mongodb://localhost:27069 mongodb://localhost:27070 mongodb://localhost:27071 mongodb://localhost:27072 mongodb://localhost:27073 mongodb://localhost:27074 mongodb://localhost:27075 mongodb://localhost:27076 mongodb://localhost:27077 mongodb://localhost:27078 mongodb://localhost:27079 mongodb://localhost:27080 mongodb://localhost:27081 mongodb://localhost:27082 mongodb://localhost:27083 mongodb://localhost:27084 mongodb://localhost:27085 mongodb://localhost:27086 mongodb://localhost:27087 mongodb://localhost:27088 mongodb://localhost:27089 mongodb://localhost:27090 mongodb://localhost:27091 mongodb://localhost:27092 mongodb://localhost:27093 mongodb://localhost:27094 mongodb://localhost:27095 mongodb://localhost:27096 mongodb://localhost:27097 mongodb://localhost:27098 mongodb://localhost:27099 mongodb://localhost:27100 mongodb://localhost:27101 mongodb://localhost:27102 mongodb://localhost:27103 mongodb://localhost:27104 mongodb://localhost:27105 mongodb://localhost:27106 mongodb://localhost:27107 mongodb://localhost:27108 mongodb://localhost:27109 mongodb://localhost:27110 mongodb://localhost:27111 mongodb://localhost:27112 mongodb://localhost:27113 mongodb://localhost:27114 mongodb://localhost:27115 mongodb://localhost:27116 mongodb://localhost:27117 mongodb://localhost:27118 mongodb://localhost:27119 mongodb://localhost:27120 mongodb://localhost:27121 mongodb://localhost:27122 mongodb://localhost:27123 mongodb://localhost:27124 mongodb://localhost:27125 mongodb://localhost:27126 mongodb://localhost:27127 mongodb://localhost:27128 mongodb://localhost:27129 mongodb://localhost:27130 mongodb://localhost:27131 mongodb://localhost:27132 mongodb://localhost:27133 mongodb://localhost:27134 mongodb://localhost:27135 mongodb://localhost:27136 mongodb://localhost:27137 mongodb://localhost:27138 mongodb://localhost:27139 mongodb://localhost:27140 mongodb://localhost:27141 mongodb://localhost:27142 mongodb://localhost:27143 mongodb://localhost:27144 reading workload files ...
load_filename : /mnt/nvme0/home/gxr/mongdb-run/workloads/ycsb/workloada-load-10000000-10000000.log.formated
read load file needs: 4910569029 s 
run_filename : /mnt/nvme0/home/gxr/mongdb-run/workloads/ycsb/workloada-run-10000000-10000000.log.formated
read run file needs: 5051356401 s 
num_of_load_ops is 10000000
num_of_run_ops is 10000000
0 1 2 3 4 5 6 7 8 9 10 11 12 13 14 15 128 129 130 131 132 133 134 135 136 137 138 139 140 141 142 143 16 17 URI: URI: mongodb://localhost:27017URI: URI: URI: URI: mongodb://localhost:27017mongodb://localhost:27017
URI: URI: mongodb://localhost:27017
mongodb://localhost:27017
URI: URI: mongodb://localhost:27017URI: URI: mongodb://localhost:27017

URI: mongodb://localhost:27017
URI: URI: mongodb://localhost:27017
URI: URI: 
mongodb://localhost:27017
mongodb://localhost:27017URI: mongodb://localhost:27017URI: 
mongodb://localhost:27017
URI: URI: mongodb://localhost:27017
mongodb://localhost:27017
URI: mongodb://localhost:27017
mongodb://localhost:27017
mongodb://localhost:27017
URI: mongodb://localhost:27017
URI: mongodb://localhost:27017
URI: mongodb://localhost:27017

URI: URI: mongodb://localhost:27017
URI: mongodb://localhost:27017mongodb://localhost:27017
URI: URI: mongodb://localhost:27017

mongodb://localhost:27017mongodb://localhost:27017URI: 

URI: mongodb://localhost:27017
URI: URI: mongodb://localhost:27017

mongodb://localhost:27017mongodb://localhost:27017mongodb://localhost:27017

mongodb://localhost:27017
mongodb://localhost:27017

URI: mongodb://localhost:27017
URI: mongodb://localhost:27017
URI: mongodb://localhost:27017
URI: mongodb://localhost:27017
sched_setaffinity
URI: mongodb://localhost:27017
sched_setaffinity
URI: mongodb://localhost:27017
sched_setaffinity
sched_setaffinity
URI: mongodb://localhost:27017
URI: mongodb://localhost:27017
URI: mongodb://localhost:27017
URI: mongodb://localhost:27017
URI: mongodb://localhost:27017
sched_setaffinity
URI: mongodb://localhost:27017
sched_setaffinity
URI: mongodb://localhost:27017
URI: mongodb://localhost:27017
sched_setaffinity
sched_setaffinity
URI: mongodb://localhost:27017
URI: mongodb://localhost:27017
URI: mongodb://localhost:27017
URI: mongodb://localhost:27017
URI: mongodb://localhost:27017
URI: mongodb://localhost:27017
sched_setaffinity
URI: mongodb://localhost:27017
sched_setaffinity
sched_setaffinity
sched_setaffinity
URI: mongodb://localhost:27017
URI: mongodb://localhost:27017
URI: mongodb://localhost:27017
Load workloads needs: 30273810509 ns 
[report] load_thread_ID : 32
[report] load_duration_ns : 30273810509
[report] load_duration_s : 30.273811
[report] load_throughput : 5695.120538
[report] load_average_latency_ns : 175588.908661
Load workloads needs: 31053618251 ns 
[report] load_thread_ID : 33
[report] load_duration_ns : 31053618251
[report] load_duration_s : 31.053618
[report] load_throughput : 5552.106637
[report] load_average_latency_ns : 180111.814370
Load workloads needs: 31590202152 ns 
[report] load_thread_ID : 48
[report] load_duration_ns : 31590202152
[report] load_duration_s : 31.590202
[report] load_throughput : 5457.799832
[report] load_average_latency_ns : 183224.015312
Load workloads needs: 31820415472 ns 
[report] load_thread_ID : 55
[report] load_duration_ns : 31820415472
[report] load_duration_s : 31.820415
[report] load_throughput : 5418.313917
[report] load_average_latency_ns : 184559.258710
Load workloads needs: 31876811669 ns 
[report] load_thread_ID : 47
[report] load_duration_ns : 31876811669
[report] load_duration_s : 31.876812
[report] load_throughput : 5408.727880
[report] load_average_latency_ns : 184886.358157
Load workloads needs: 32807206784 ns 
[report] load_thread_ID : 41
[report] load_duration_ns : 32807206784
[report] load_duration_s : 32.807207
[report] load_throughput : 5255.339204
[report] load_average_latency_ns : 190282.674648
Load workloads needs: 33610665358 ns 
[report] load_thread_ID : 57
[report] load_duration_ns : 33610665358
[report] load_duration_s : 33.610665
[report] load_throughput : 5129.711006
[report] load_average_latency_ns : 194942.755813
Load workloads needs: 33823134960 ns 
[report] load_thread_ID : 39
[report] load_duration_ns : 33823134960
[report] load_duration_s : 33.823135
[report] load_throughput : 5097.487273
[report] load_average_latency_ns : 196175.085173
Load workloads needs: 33896999786 ns 
[report] load_thread_ID : 38
[report] load_duration_ns : 33896999786
[report] load_duration_s : 33.897000
[report] load_throughput : 5086.379358
[report] load_average_latency_ns : 196603.503135
Load workloads needs: 33938851474 ns 
[report] load_thread_ID : 56
[report] load_duration_ns : 33938851474
[report] load_duration_s : 33.938851
[report] load_throughput : 5080.107090
[report] load_average_latency_ns : 196846.244042
Load workloads needs: 34117432855 ns 
[report] load_thread_ID : 49
[report] load_duration_ns : 34117432855
[report] load_duration_s : 34.117433
[report] load_throughput : 5053.516211
[report] load_average_latency_ns : 197882.020816
Load workloads needs: 34225208801 ns 
[report] load_thread_ID : 54
[report] load_duration_ns : 34225208801
[report] load_duration_s : 34.225209
[report] load_throughput : 5037.602575
[report] load_average_latency_ns : 198507.124179
Load workloads needs: 34502705525 ns 
[report] load_thread_ID : 40
[report] load_duration_ns : 34502705525
[report] load_duration_s : 34.502706
[report] load_throughput : 4997.086384
[report] load_average_latency_ns : 200116.612581
Load workloads needs: 34586554511 ns 
[report] load_thread_ID : 46
[report] load_duration_ns : 34586554511
[report] load_duration_s : 34.586555
[report] load_throughput : 4984.971832
[report] load_average_latency_ns : 200602.938937
Load workloads needs: 41643232899 ns 
[report] load_thread_ID : 16
[report] load_duration_ns : 41643232899
[report] load_duration_s : 41.643233
[report] load_throughput : 4140.240514
[report] load_average_latency_ns : 241531.861861
Load workloads needs: 42393002810 ns 
[report] load_thread_ID : 18
[report] load_duration_ns : 42393002810
[report] load_duration_s : 42.393003
[report] load_throughput : 4067.015511
[report] load_average_latency_ns : 245880.547349
Load workloads needs: 42547080632 ns 
[report] load_thread_ID : 23
[report] load_duration_ns : 42547080632
[report] load_duration_s : 42.547081
[report] load_throughput : 4052.287429
[report] load_average_latency_ns : 246774.202827
Load workloads needs: 42579174359 ns 
[report] load_thread_ID : 2
[report] load_duration_ns : 42579174359
[report] load_duration_s : 42.579174
[report] load_throughput : 4049.233049
[report] load_average_latency_ns : 246960.347300
Load workloads needs: 42593322398 ns 
[report] load_thread_ID : 20
[report] load_duration_ns : 42593322398
[report] load_duration_s : 42.593322
[report] load_throughput : 4047.888033
[report] load_average_latency_ns : 247042.406303
Load workloads needs: 42713055799 ns 
[report] load_thread_ID : 21
[report] load_duration_ns : 42713055799
[report] load_duration_s : 42.713056
[report] load_throughput : 4036.540977
[report] load_average_latency_ns : 247736.863224
Load workloads needs: 42770310103 ns 
[report] load_thread_ID : 27
[report] load_duration_ns : 42770310103
[report] load_duration_s : 42.770310
[report] load_throughput : 4031.137478
[report] load_average_latency_ns : 248068.939715
Load workloads needs: 42778314020 ns 
[report] load_thread_ID : 31
[report] load_duration_ns : 42778314020
[report] load_duration_s : 42.778314
[report] load_throughput : 4030.383243
[report] load_average_latency_ns : 248115.362647
Load workloads needs: 42780462984 ns 
[report] load_thread_ID : 26
[report] load_duration_ns : 42780462984
[report] load_duration_s : 42.780463
[report] load_throughput : 4030.180788
[report] load_average_latency_ns : 248127.826695
Load workloads needs: 42856585283 ns 
[report] load_thread_ID : 42
[report] load_duration_ns : 42856585283
[report] load_duration_s : 42.856585
[report] load_throughput : 4023.022340
[report] load_average_latency_ns : 248569.338060
Load workloads needs: 42873183664 ns 
[report] load_thread_ID : 7
[report] load_duration_ns : 42873183664
[report] load_duration_s : 42.873184
[report] load_throughput : 4021.464824
[report] load_average_latency_ns : 248665.609113
Load workloads needs: 42882529998 ns 
[report] load_thread_ID : 5
[report] load_duration_ns : 42882529998
[report] load_duration_s : 42.882530
[report] load_throughput : 4020.588338
[report] load_average_latency_ns : 248719.818100
Load workloads needs: 42883148426 ns 
[report] load_thread_ID : 36
[report] load_duration_ns : 42883148426
[report] load_duration_s : 42.883148
[report] load_throughput : 4020.530356
[report] load_average_latency_ns : 248723.404998
Load workloads needs: 42890038076 ns 
[report] load_thread_ID : 15
[report] load_duration_ns : 42890038076
[report] load_duration_s : 42.890038
[report] load_throughput : 4019.884517
[report] load_average_latency_ns : 248763.365152
Load workloads needs: 42893248046 ns 
[report] load_thread_ID : 4
[report] load_duration_ns : 42893248046
[report] load_duration_s : 42.893248
[report] load_throughput : 4019.583684
[report] load_average_latency_ns : 248781.983064
Load workloads needs: 42912740850 ns 
[report] load_thread_ID : 29
[report] load_duration_ns : 42912740850
[report] load_duration_s : 42.912741
[report] load_throughput : 4017.757817
[report] load_average_latency_ns : 248895.041847
Load workloads needs: 42926358720 ns 
[report] load_thread_ID : 17
[report] load_duration_ns : 42926358720
[report] load_duration_s : 42.926359
[report] load_throughput : 4016.483232
[report] load_average_latency_ns : 248974.025857
Load workloads needs: 42951003238 ns 
[report] load_thread_ID : 25
[report] load_duration_ns : 42951003238
[report] load_duration_s : 42.951003
[report] load_throughput : 4014.178645
[report] load_average_latency_ns : 249116.964718
Load workloads needs: 42985964137 ns 
[report] load_thread_ID : 28
[report] load_duration_ns : 42985964137
[report] load_duration_s : 42.985964
[report] load_throughput : 4010.913875
[report] load_average_latency_ns : 249319.738865
Load workloads needs: 43003377636 ns 
[report] load_thread_ID : 11
[report] load_duration_ns : 43003377636
[report] load_duration_s : 43.003378
[report] load_throughput : 4009.289723
[report] load_average_latency_ns : 249420.737624
Load workloads needs: 43013975695 ns 
[report] load_thread_ID : 9
[report] load_duration_ns : 43013975695
[report] load_duration_s : 43.013976
[report] load_throughput : 4008.301888
[report] load_average_latency_ns : 249482.206649
Load workloads needs: 43020294586 ns 
[report] load_thread_ID : 22
[report] load_duration_ns : 43020294586
[report] load_duration_s : 43.020295
[report] load_throughput : 4007.713142
[report] load_average_latency_ns : 249518.856386
Load workloads needs: 43025345352 ns 
[report] load_thread_ID : 10
[report] load_duration_ns : 43025345352
[report] load_duration_s : 43.025345
[report] load_throughput : 4007.242675
[report] load_average_latency_ns : 249548.150963
Load workloads needs: 43028046245 ns 
[report] load_thread_ID : 13
[report] load_duration_ns : 43028046245
[report] load_duration_s : 43.028046
[report] load_throughput : 4006.991138
[report] load_average_latency_ns : 249563.816215
Load workloads needs: 43043236990 ns 
[report] load_thread_ID : 1
[report] load_duration_ns : 43043236990
[report] load_duration_s : 43.043237
[report] load_throughput : 4005.576998
[report] load_average_latency_ns : 249651.922941
Load workloads needs: 43074702429 ns 
[report] load_thread_ID : 6
[report] load_duration_ns : 43074702429
[report] load_duration_s : 43.074702
[report] load_throughput : 4002.650983
[report] load_average_latency_ns : 249834.423327
Load workloads needs: 43103102966 ns 
[report] load_thread_ID : 30
[report] load_duration_ns : 43103102966
[report] load_duration_s : 43.103103
[report] load_throughput : 4000.013645
[report] load_average_latency_ns : 249999.147199
Load workloads needs: 43137645546 ns 
[report] load_thread_ID : 24
[report] load_duration_ns : 43137645546
[report] load_duration_s : 43.137646
[report] load_throughput : 3996.810624
[report] load_average_latency_ns : 250199.495084
Load workloads needs: 43150973217 ns 
[report] load_thread_ID : 19
[report] load_duration_ns : 43150973217
[report] load_duration_s : 43.150973
[report] load_throughput : 3995.576163
[report] load_average_latency_ns : 250276.795932
Load workloads needs: 43168837645 ns 
[report] load_thread_ID : 14
[report] load_duration_ns : 43168837645
[report] load_duration_s : 43.168838
[report] load_throughput : 3993.922686
[report] load_average_latency_ns : 250380.410091
Load workloads needs: 43182890055 ns 
[report] load_thread_ID : 12
[report] load_duration_ns : 43182890055
[report] load_duration_s : 43.182890
[report] load_throughput : 3992.622999
[report] load_average_latency_ns : 250461.914444
Load workloads needs: 43233211538 ns 
[report] load_thread_ID : 50
[report] load_duration_ns : 43233211538
[report] load_duration_s : 43.233212
[report] load_throughput : 3987.975768
[report] load_average_latency_ns : 250753.780388
Load workloads needs: 43289481444 ns 
[report] load_thread_ID : 3
[report] load_duration_ns : 43289481444
[report] load_duration_s : 43.289481
[report] load_throughput : 3982.791991
[report] load_average_latency_ns : 251080.147344
Load workloads needs: 43291004250 ns 
[report] load_thread_ID : 8
[report] load_duration_ns : 43291004250
[report] load_duration_s : 43.291004
[report] load_throughput : 3982.651892
[report] load_average_latency_ns : 251088.979659
Load workloads needs: 44298363113 ns 
[report] load_thread_ID : 52
[report] load_duration_ns : 44298363113
[report] load_duration_s : 44.298363
[report] load_throughput : 3892.085122
[report] load_average_latency_ns : 256931.687941
Load workloads needs: 44349656134 ns 
[report] load_thread_ID : 34
[report] load_duration_ns : 44349656134
[report] load_duration_s : 44.349656
[report] load_throughput : 3887.583694
[report] load_average_latency_ns : 257229.188831
Load workloads needs: 45189065424 ns 
[report] load_thread_ID : 44
[report] load_duration_ns : 45189065424
[report] load_duration_s : 45.189065
[report] load_throughput : 3815.369899
[report] load_average_latency_ns : 262097.785109
Load workloads needs: 64263907853 ns 
[report] load_thread_ID : 37
[report] load_duration_ns : 64263907853
[report] load_duration_s : 64.263908
[report] load_throughput : 2682.890066
[report] load_average_latency_ns : 372732.380116
Load workloads needs: 64698165931 ns 
[report] load_thread_ID : 53
[report] load_duration_ns : 64698165931
[report] load_duration_s : 64.698166
[report] load_throughput : 2664.882343
[report] load_average_latency_ns : 375251.088555
Load workloads needs: 66287206505 ns 
[report] load_thread_ID : 45
[report] load_duration_ns : 66287206505
[report] load_duration_s : 66.287207
[report] load_throughput : 2600.999636
[report] load_average_latency_ns : 384467.566280
Load workloads needs: 67188152759 ns 
[report] load_thread_ID : 43
[report] load_duration_ns : 67188152759
[report] load_duration_s : 67.188153
[report] load_throughput : 2566.122046
[report] load_average_latency_ns : 389693.078590
Load workloads needs: 67796023232 ns 
[report] load_thread_ID : 0
[report] load_duration_ns : 67796023232
[report] load_duration_s : 67.796023
[report] load_throughput : 2543.113767
[report] load_average_latency_ns : 393218.743552
Load workloads needs: 67943082386 ns 
[report] load_thread_ID : 35
[report] load_duration_ns : 67943082386
[report] load_duration_s : 67.943082
[report] load_throughput : 2537.609333
[report] load_average_latency_ns : 394071.690569
Load workloads needs: 68137501841 ns 
[report] load_thread_ID : 51
[report] load_duration_ns : 68137501841
[report] load_duration_s : 68.137502
[report] load_throughput : 2530.368671
[report] load_average_latency_ns : 395199.328595
All clients run done needs: 68137480191 ns 
[report] load_overall_duration_ns : 68137480191
[report] load_overall_duration_s : 68.137480
[report] load_overall_throughput : 146762.104674
[report] load_overall_average_latency_ns : 6813.748019
