numactl --membind=0 /mnt/nvme0/home/gxr/mongdb-run/test_mongodb/build//run_client --num_threads=38 --core_binding=0,1,2,3,4,5,6,7,8,9,10,11,12,13,14,15,128,129,130,131,132,133,134,135,136,137,138,139,140,141,142,143,16,17 18 19 20 21 22 23 24 25 26 27 28 29 30 31 144 145 146 147 148 149 150 151 152 153 154 155 156 157 158 159,32,33,34,35,36,37,38,39,40,41,42,43,44,45,46,47,160,161,162,163,164,165,166,167,168,169,170,171,172,173,174,175,48,49,50,51,52,53,54,55,56,57,58,59,60,61,62,63,176,177,178,179,180,181,182,183,184,185,186,187,188,189,190,191 --str_key_size=16 --str_key_size=256 --load_file=/mnt/nvme0/home/gxr/mongdb-run/workloads/ycsb/workloada-load-10000000-10000000.log.formated --run_file=/mnt/nvme0/home/gxr/mongdb-run/workloads/ycsb/workloada-run-10000000-10000000.log.formated --URI_set=mongodb://localhost:27017,mongodb://localhost:27018,mongodb://localhost:27019,mongodb://localhost:27020,mongodb://localhost:27021,mongodb://localhost:27022,mongodb://localhost:27023,mongodb://localhost:27024,mongodb://localhost:27025,mongodb://localhost:27026,mongodb://localhost:27027,mongodb://localhost:27028,mongodb://localhost:27029,mongodb://localhost:27030,mongodb://localhost:27031,mongodb://localhost:27032,mongodb://localhost:27033,mongodb://localhost:27034,mongodb://localhost:27035,mongodb://localhost:27036,mongodb://localhost:27037,mongodb://localhost:27038,mongodb://localhost:27039,mongodb://localhost:27040,mongodb://localhost:27041,mongodb://localhost:27042,mongodb://localhost:27043,mongodb://localhost:27044,mongodb://localhost:27045,mongodb://localhost:27046,mongodb://localhost:27047,mongodb://localhost:27048,mongodb://localhost:27049,mongodb://localhost:27050,mongodb://localhost:27051,mongodb://localhost:27052,mongodb://localhost:27053,mongodb://localhost:27054,mongodb://localhost:27055,mongodb://localhost:27056,mongodb://localhost:27057,mongodb://localhost:27058,mongodb://localhost:27059,mongodb://localhost:27060,mongodb://localhost:27061,mongodb://localhost:27062,mongodb://localhost:27063,mongodb://localhost:27064,mongodb://localhost:27065,mongodb://localhost:27066,mongodb://localhost:27067,mongodb://localhost:27068,mongodb://localhost:27069,mongodb://localhost:27070,mongodb://localhost:27071,mongodb://localhost:27072,mongodb://localhost:27073,mongodb://localhost:27074,mongodb://localhost:27075,mongodb://localhost:27076,mongodb://localhost:27077,mongodb://localhost:27078,mongodb://localhost:27079,mongodb://localhost:27080,mongodb://localhost:27081,mongodb://localhost:27082,mongodb://localhost:27083,mongodb://localhost:27084,mongodb://localhost:27085,mongodb://localhost:27086,mongodb://localhost:27087,mongodb://localhost:27088,mongodb://localhost:27089,mongodb://localhost:27090,mongodb://localhost:27091,mongodb://localhost:27092,mongodb://localhost:27093,mongodb://localhost:27094,mongodb://localhost:27095,mongodb://localhost:27096,mongodb://localhost:27097,mongodb://localhost:27098,mongodb://localhost:27099,mongodb://localhost:27100,mongodb://localhost:27101,mongodb://localhost:27102,mongodb://localhost:27103,mongodb://localhost:27104,mongodb://localhost:27105,mongodb://localhost:27106,mongodb://localhost:27107,mongodb://localhost:27108,mongodb://localhost:27109,mongodb://localhost:27110,mongodb://localhost:27111,mongodb://localhost:27112,mongodb://localhost:27113,mongodb://localhost:27114,mongodb://localhost:27115,mongodb://localhost:27116,mongodb://localhost:27117,mongodb://localhost:27118,mongodb://localhost:27119,mongodb://localhost:27120,mongodb://localhost:27121,mongodb://localhost:27122,mongodb://localhost:27123,mongodb://localhost:27124,mongodb://localhost:27125,mongodb://localhost:27126,mongodb://localhost:27127,mongodb://localhost:27128,mongodb://localhost:27129,mongodb://localhost:27130,mongodb://localhost:27131,mongodb://localhost:27132,mongodb://localhost:27133,mongodb://localhost:27134,mongodb://localhost:27135,mongodb://localhost:27136,mongodb://localhost:27137,mongodb://localhost:27138,mongodb://localhost:27139,mongodb://localhost:27140,mongodb://localhost:27141,mongodb://localhost:27142,mongodb://localhost:27143,mongodb://localhost:27144 --first_mode=false
mongodb://localhost:27017 mongodb://localhost:27018 mongodb://localhost:27019 mongodb://localhost:27020 mongodb://localhost:27021 mongodb://localhost:27022 mongodb://localhost:27023 mongodb://localhost:27024 mongodb://localhost:27025 mongodb://localhost:27026 mongodb://localhost:27027 mongodb://localhost:27028 mongodb://localhost:27029 mongodb://localhost:27030 mongodb://localhost:27031 mongodb://localhost:27032 mongodb://localhost:27033 mongodb://localhost:27034 mongodb://localhost:27035 mongodb://localhost:27036 mongodb://localhost:27037 mongodb://localhost:27038 mongodb://localhost:27039 mongodb://localhost:27040 mongodb://localhost:27041 mongodb://localhost:27042 mongodb://localhost:27043 mongodb://localhost:27044 mongodb://localhost:27045 mongodb://localhost:27046 mongodb://localhost:27047 mongodb://localhost:27048 mongodb://localhost:27049 mongodb://localhost:27050 mongodb://localhost:27051 mongodb://localhost:27052 mongodb://localhost:27053 mongodb://localhost:27054 mongodb://localhost:27055 mongodb://localhost:27056 mongodb://localhost:27057 mongodb://localhost:27058 mongodb://localhost:27059 mongodb://localhost:27060 mongodb://localhost:27061 mongodb://localhost:27062 mongodb://localhost:27063 mongodb://localhost:27064 mongodb://localhost:27065 mongodb://localhost:27066 mongodb://localhost:27067 mongodb://localhost:27068 mongodb://localhost:27069 mongodb://localhost:27070 mongodb://localhost:27071 mongodb://localhost:27072 mongodb://localhost:27073 mongodb://localhost:27074 mongodb://localhost:27075 mongodb://localhost:27076 mongodb://localhost:27077 mongodb://localhost:27078 mongodb://localhost:27079 mongodb://localhost:27080 mongodb://localhost:27081 mongodb://localhost:27082 mongodb://localhost:27083 mongodb://localhost:27084 mongodb://localhost:27085 mongodb://localhost:27086 mongodb://localhost:27087 mongodb://localhost:27088 mongodb://localhost:27089 mongodb://localhost:27090 mongodb://localhost:27091 mongodb://localhost:27092 mongodb://localhost:27093 mongodb://localhost:27094 mongodb://localhost:27095 mongodb://localhost:27096 mongodb://localhost:27097 mongodb://localhost:27098 mongodb://localhost:27099 mongodb://localhost:27100 mongodb://localhost:27101 mongodb://localhost:27102 mongodb://localhost:27103 mongodb://localhost:27104 mongodb://localhost:27105 mongodb://localhost:27106 mongodb://localhost:27107 mongodb://localhost:27108 mongodb://localhost:27109 mongodb://localhost:27110 mongodb://localhost:27111 mongodb://localhost:27112 mongodb://localhost:27113 mongodb://localhost:27114 mongodb://localhost:27115 mongodb://localhost:27116 mongodb://localhost:27117 mongodb://localhost:27118 mongodb://localhost:27119 mongodb://localhost:27120 mongodb://localhost:27121 mongodb://localhost:27122 mongodb://localhost:27123 mongodb://localhost:27124 mongodb://localhost:27125 mongodb://localhost:27126 mongodb://localhost:27127 mongodb://localhost:27128 mongodb://localhost:27129 mongodb://localhost:27130 mongodb://localhost:27131 mongodb://localhost:27132 mongodb://localhost:27133 mongodb://localhost:27134 mongodb://localhost:27135 mongodb://localhost:27136 mongodb://localhost:27137 mongodb://localhost:27138 mongodb://localhost:27139 mongodb://localhost:27140 mongodb://localhost:27141 mongodb://localhost:27142 mongodb://localhost:27143 mongodb://localhost:27144 reading workload files ...
load_filename : /mnt/nvme0/home/gxr/mongdb-run/workloads/ycsb/workloada-load-10000000-10000000.log.formated
read load file needs: 5898474443 s 
run_filename : /mnt/nvme0/home/gxr/mongdb-run/workloads/ycsb/workloada-run-10000000-10000000.log.formated
read run file needs: 6034494680 s 
num_of_load_ops is 10000000
num_of_run_ops is 10000000
0 1 2 3 4 5 6 7 8 9 10 11 12 13 14 15 128 129 130 131 132 133 134 135 136 137 138 139 140 141 142 143 16 17 URI: URI: mongodb://localhost:27021
URI: mongodb://localhost:27029
URI: mongodb://localhost:27028
URI: URI: URI: mongodb://localhost:27017
URI: mongodb://localhost:27025
URI: mongodb://localhost:27020
URI: mongodb://localhost:27024
mongodb://localhost:27019
URI: URI: URI: mongodb://localhost:27026mongodb://localhost:27030
URI: mongodb://localhost:27022
mongodb://localhost:27027
mongodb://localhost:27031URI: mongodb://localhost:27033
URI: 
URI: mongodb://localhost:27023

mongodb://localhost:27018
mongodb://localhost:27032
URI: mongodb://localhost:27034
URI: mongodb://localhost:27035
URI: mongodb://localhost:27036
URI: mongodb://localhost:27037
URI: mongodb://localhost:27039
URI: mongodb://localhost:27038
URI: mongodb://localhost:27040
URI: mongodb://localhost:27041
URI: mongodb://localhost:27042
URI: mongodb://localhost:27044
URI: mongodb://localhost:27045
URI: mongodb://localhost:27046
URI: mongodb://localhost:27047
URI: mongodb://localhost:27048
URI: mongodb://localhost:27049
URI: mongodb://localhost:27050
URI: mongodb://localhost:27051
URI: mongodb://localhost:27052
URI: mongodb://localhost:27053
URI: mongodb://localhost:27054
URI: mongodb://localhost:27043
Load workloads needs: 31663227621 ns 
[report] load_thread_ID : 33
[report] load_duration_ns : 31663227621
[report] load_duration_s : 31.663228
[report] load_throughput : 8311.123653
[report] load_average_latency_ns : 120320.674050
Load workloads needs: 31696488505 ns 
[report] load_thread_ID : 32
[report] load_duration_ns : 31696488505
[report] load_duration_s : 31.696489
[report] load_throughput : 8302.402329
[report] load_average_latency_ns : 120447.065839
Load workloads needs: 31771503992 ns 
[report] load_thread_ID : 34
[report] load_duration_ns : 31771503992
[report] load_duration_s : 31.771504
[report] load_throughput : 8282.799582
[report] load_average_latency_ns : 120732.125659
Load workloads needs: 31922147382 ns 
[report] load_thread_ID : 36
[report] load_duration_ns : 31922147382
[report] load_duration_s : 31.922147
[report] load_throughput : 8243.712331
[report] load_average_latency_ns : 121304.572487
Load workloads needs: 45398846587 ns 
[report] load_thread_ID : 1
[report] load_duration_ns : 45398846587
[report] load_duration_s : 45.398847
[report] load_throughput : 5796.556956
[report] load_average_latency_ns : 172516.203586
Load workloads needs: 45635582691 ns 
[report] load_thread_ID : 3
[report] load_duration_ns : 45635582691
[report] load_duration_s : 45.635583
[report] load_throughput : 5766.487124
[report] load_average_latency_ns : 173415.803840
Load workloads needs: 45985156923 ns 
[report] load_thread_ID : 17
[report] load_duration_ns : 45985156923
[report] load_duration_s : 45.985157
[report] load_throughput : 5722.650908
[report] load_average_latency_ns : 174744.190438
Load workloads needs: 47720374611 ns 
[report] load_thread_ID : 16
[report] load_duration_ns : 47720374611
[report] load_duration_s : 47.720375
[report] load_throughput : 5514.562745
[report] load_average_latency_ns : 181338.040071
Load workloads needs: 47974290756 ns 
[report] load_thread_ID : 2
[report] load_duration_ns : 47974290756
[report] load_duration_s : 47.974291
[report] load_throughput : 5485.375518
[report] load_average_latency_ns : 182302.924703
Load workloads needs: 48334163939 ns 
[report] load_thread_ID : 18
[report] load_duration_ns : 48334163939
[report] load_duration_s : 48.334164
[report] load_throughput : 5444.534022
[report] load_average_latency_ns : 183670.447448
Load workloads needs: 48366761686 ns 
[report] load_thread_ID : 5
[report] load_duration_ns : 48366761686
[report] load_duration_s : 48.366762
[report] load_throughput : 5440.864570
[report] load_average_latency_ns : 183794.319307
Load workloads needs: 48680252441 ns 
[report] load_thread_ID : 19
[report] load_duration_ns : 48680252441
[report] load_duration_s : 48.680252
[report] load_throughput : 5405.826527
[report] load_average_latency_ns : 184985.588227
Load workloads needs: 48772271838 ns 
[report] load_thread_ID : 23
[report] load_duration_ns : 48772271838
[report] load_duration_s : 48.772272
[report] load_throughput : 5395.627271
[report] load_average_latency_ns : 185335.263124
Load workloads needs: 49528406610 ns 
[report] load_thread_ID : 21
[report] load_duration_ns : 49528406610
[report] load_duration_s : 49.528407
[report] load_throughput : 5313.253908
[report] load_average_latency_ns : 188208.585027
Load workloads needs: 49678195802 ns 
[report] load_thread_ID : 10
[report] load_duration_ns : 49678195802
[report] load_duration_s : 49.678196
[report] load_throughput : 5297.233439
[report] load_average_latency_ns : 188777.785892
Load workloads needs: 49771836865 ns 
[report] load_thread_ID : 7
[report] load_duration_ns : 49771836865
[report] load_duration_s : 49.771837
[report] load_throughput : 5287.267189
[report] load_average_latency_ns : 189133.623141
Load workloads needs: 49784975418 ns 
[report] load_thread_ID : 22
[report] load_duration_ns : 49784975418
[report] load_duration_s : 49.784975
[report] load_throughput : 5285.871848
[report] load_average_latency_ns : 189183.549812
Load workloads needs: 49813039427 ns 
[report] load_thread_ID : 6
[report] load_duration_ns : 49813039427
[report] load_duration_s : 49.813039
[report] load_throughput : 5282.893857
[report] load_average_latency_ns : 189290.193409
Load workloads needs: 49940821052 ns 
[report] load_thread_ID : 11
[report] load_duration_ns : 49940821052
[report] load_duration_s : 49.940821
[report] load_throughput : 5269.376723
[report] load_average_latency_ns : 189775.765235
Load workloads needs: 50034239786 ns 
[report] load_thread_ID : 26
[report] load_duration_ns : 50034239786
[report] load_duration_s : 50.034240
[report] load_throughput : 5259.538291
[report] load_average_latency_ns : 190130.757631
Load workloads needs: 50063230343 ns 
[report] load_thread_ID : 9
[report] load_duration_ns : 50063230343
[report] load_duration_s : 50.063230
[report] load_throughput : 5256.492603
[report] load_average_latency_ns : 190240.922123
Load workloads needs: 50274210890 ns 
[report] load_thread_ID : 20
[report] load_duration_ns : 50274210890
[report] load_duration_s : 50.274211
[report] load_throughput : 5234.433228
[report] load_average_latency_ns : 191042.650927
Load workloads needs: 50644838553 ns 
[report] load_thread_ID : 27
[report] load_duration_ns : 50644838553
[report] load_duration_s : 50.644839
[report] load_throughput : 5196.126743
[report] load_average_latency_ns : 192451.040835
Load workloads needs: 50924058796 ns 
[report] load_thread_ID : 30
[report] load_duration_ns : 50924058796
[report] load_duration_s : 50.924059
[report] load_throughput : 5167.636010
[report] load_average_latency_ns : 193512.081366
Load workloads needs: 51166203424 ns 
[report] load_thread_ID : 25
[report] load_duration_ns : 51166203424
[report] load_duration_s : 51.166203
[report] load_throughput : 5143.180115
[report] load_average_latency_ns : 194432.234081
Load workloads needs: 51225824074 ns 
[report] load_thread_ID : 14
[report] load_duration_ns : 51225824074
[report] load_duration_s : 51.225824
[report] load_throughput : 5137.194077
[report] load_average_latency_ns : 194658.793321
Load workloads needs: 51322746588 ns 
[report] load_thread_ID : 31
[report] load_duration_ns : 51322746588
[report] load_duration_s : 51.322747
[report] load_throughput : 5127.492535
[report] load_average_latency_ns : 195027.100127
Load workloads needs: 51358742514 ns 
[report] load_thread_ID : 15
[report] load_duration_ns : 51358742514
[report] load_duration_s : 51.358743
[report] load_throughput : 5123.898817
[report] load_average_latency_ns : 195163.885110
Load workloads needs: 51363671880 ns 
[report] load_thread_ID : 8
[report] load_duration_ns : 51363671880
[report] load_duration_s : 51.363672
[report] load_throughput : 5123.407077
[report] load_average_latency_ns : 195182.616765
Load workloads needs: 51503563071 ns 
[report] load_thread_ID : 29
[report] load_duration_ns : 51503563071
[report] load_duration_s : 51.503563
[report] load_throughput : 5109.491156
[report] load_average_latency_ns : 195714.205098
Load workloads needs: 51600407135 ns 
[report] load_thread_ID : 24
[report] load_duration_ns : 51600407135
[report] load_duration_s : 51.600407
[report] load_throughput : 5099.901621
[report] load_average_latency_ns : 196082.213793
Load workloads needs: 51913211312 ns 
[report] load_thread_ID : 28
[report] load_duration_ns : 51913211312
[report] load_duration_s : 51.913211
[report] load_throughput : 5069.172054
[report] load_average_latency_ns : 197270.873707
Load workloads needs: 51944213914 ns 
[report] load_thread_ID : 12
[report] load_duration_ns : 51944213914
[report] load_duration_s : 51.944214
[report] load_throughput : 5066.146548
[report] load_average_latency_ns : 197388.683995
Load workloads needs: 51964668695 ns 
[report] load_thread_ID : 13
[report] load_duration_ns : 51964668695
[report] load_duration_s : 51.964669
[report] load_throughput : 5064.152368
[report] load_average_latency_ns : 197466.412427
Load workloads needs: 52690317803 ns 
[report] load_thread_ID : 4
[report] load_duration_ns : 52690317803
[report] load_duration_s : 52.690318
[report] load_throughput : 4994.409048
[report] load_average_latency_ns : 200223.888413
Load workloads needs: 53798601779 ns 
[report] load_thread_ID : 35
[report] load_duration_ns : 53798601779
[report] load_duration_s : 53.798602
[report] load_throughput : 4891.521179
[report] load_average_latency_ns : 204435.381840
Load workloads needs: 53885885859 ns 
[report] load_thread_ID : 37
[report] load_duration_ns : 53885885859
[report] load_duration_s : 53.885886
[report] load_throughput : 4883.597918
[report] load_average_latency_ns : 204767.062472
Load workloads needs: 55044218262 ns 
[report] load_thread_ID : 0
[report] load_duration_ns : 55044218262
[report] load_duration_s : 55.044218
[report] load_throughput : 4780.829092
[report] load_average_latency_ns : 209168.740569
All clients run done needs: 55042818756 ns 
[report] load_overall_duration_ns : 55042818756
[report] load_overall_duration_s : 55.042819
[report] load_overall_throughput : 181676.742325
[report] load_overall_average_latency_ns : 5504.281876
