numactl --membind=0 /mnt/nvme0/home/gxr/mongdb-run/test_mongodb/build//run_client --num_threads=78 --core_binding=0,1,2,3,4,5,6,7,8,9,10,11,12,13,14,15,128,129,130,131,132,133,134,135,136,137,138,139,140,141,142,143,16,17 18 19 20 21 22 23 24 25 26 27 28 29 30 31 144 145 146 147 148 149 150 151 152 153 154 155 156 157 158 159,32,33,34,35,36,37,38,39,40,41,42,43,44,45,46,47,160,161,162,163,164,165,166,167,168,169,170,171,172,173,174,175,48,49,50,51,52,53,54,55,56,57,58,59,60,61,62,63,176,177,178,179,180,181,182,183,184,185,186,187,188,189,190,191 --str_key_size=16 --str_key_size=256 --load_file=/mnt/nvme0/home/gxr/mongdb-run/workloads/ycsb/workloada-load-10000000-10000000.log.formated --run_file=/mnt/nvme0/home/gxr/mongdb-run/workloads/ycsb/workloada-run-10000000-10000000.log.formated --URI_set=mongodb://localhost:27017,mongodb://localhost:27018,mongodb://localhost:27019,mongodb://localhost:27020,mongodb://localhost:27021,mongodb://localhost:27022,mongodb://localhost:27023,mongodb://localhost:27024,mongodb://localhost:27025,mongodb://localhost:27026,mongodb://localhost:27027,mongodb://localhost:27028,mongodb://localhost:27029,mongodb://localhost:27030,mongodb://localhost:27031,mongodb://localhost:27032,mongodb://localhost:27033,mongodb://localhost:27034,mongodb://localhost:27035,mongodb://localhost:27036,mongodb://localhost:27037,mongodb://localhost:27038,mongodb://localhost:27039,mongodb://localhost:27040,mongodb://localhost:27041,mongodb://localhost:27042,mongodb://localhost:27043,mongodb://localhost:27044,mongodb://localhost:27045,mongodb://localhost:27046,mongodb://localhost:27047,mongodb://localhost:27048,mongodb://localhost:27049,mongodb://localhost:27050,mongodb://localhost:27051,mongodb://localhost:27052,mongodb://localhost:27053,mongodb://localhost:27054,mongodb://localhost:27055,mongodb://localhost:27056,mongodb://localhost:27057,mongodb://localhost:27058,mongodb://localhost:27059,mongodb://localhost:27060,mongodb://localhost:27061,mongodb://localhost:27062,mongodb://localhost:27063,mongodb://localhost:27064,mongodb://localhost:27065,mongodb://localhost:27066,mongodb://localhost:27067,mongodb://localhost:27068,mongodb://localhost:27069,mongodb://localhost:27070,mongodb://localhost:27071,mongodb://localhost:27072,mongodb://localhost:27073,mongodb://localhost:27074,mongodb://localhost:27075,mongodb://localhost:27076,mongodb://localhost:27077,mongodb://localhost:27078,mongodb://localhost:27079,mongodb://localhost:27080,mongodb://localhost:27081,mongodb://localhost:27082,mongodb://localhost:27083,mongodb://localhost:27084,mongodb://localhost:27085,mongodb://localhost:27086,mongodb://localhost:27087,mongodb://localhost:27088,mongodb://localhost:27089,mongodb://localhost:27090,mongodb://localhost:27091,mongodb://localhost:27092,mongodb://localhost:27093,mongodb://localhost:27094,mongodb://localhost:27095,mongodb://localhost:27096,mongodb://localhost:27097,mongodb://localhost:27098,mongodb://localhost:27099,mongodb://localhost:27100,mongodb://localhost:27101,mongodb://localhost:27102,mongodb://localhost:27103,mongodb://localhost:27104,mongodb://localhost:27105,mongodb://localhost:27106,mongodb://localhost:27107,mongodb://localhost:27108,mongodb://localhost:27109,mongodb://localhost:27110,mongodb://localhost:27111,mongodb://localhost:27112,mongodb://localhost:27113,mongodb://localhost:27114,mongodb://localhost:27115,mongodb://localhost:27116,mongodb://localhost:27117,mongodb://localhost:27118,mongodb://localhost:27119,mongodb://localhost:27120,mongodb://localhost:27121,mongodb://localhost:27122,mongodb://localhost:27123,mongodb://localhost:27124,mongodb://localhost:27125,mongodb://localhost:27126,mongodb://localhost:27127,mongodb://localhost:27128,mongodb://localhost:27129,mongodb://localhost:27130,mongodb://localhost:27131,mongodb://localhost:27132,mongodb://localhost:27133,mongodb://localhost:27134,mongodb://localhost:27135,mongodb://localhost:27136,mongodb://localhost:27137,mongodb://localhost:27138,mongodb://localhost:27139,mongodb://localhost:27140,mongodb://localhost:27141,mongodb://localhost:27142,mongodb://localhost:27143,mongodb://localhost:27144 --first_mode=true
mongodb://localhost:27017 mongodb://localhost:27018 mongodb://localhost:27019 mongodb://localhost:27020 mongodb://localhost:27021 mongodb://localhost:27022 mongodb://localhost:27023 mongodb://localhost:27024 mongodb://localhost:27025 mongodb://localhost:27026 mongodb://localhost:27027 mongodb://localhost:27028 mongodb://localhost:27029 mongodb://localhost:27030 mongodb://localhost:27031 mongodb://localhost:27032 mongodb://localhost:27033 mongodb://localhost:27034 mongodb://localhost:27035 mongodb://localhost:27036 mongodb://localhost:27037 mongodb://localhost:27038 mongodb://localhost:27039 mongodb://localhost:27040 mongodb://localhost:27041 mongodb://localhost:27042 mongodb://localhost:27043 mongodb://localhost:27044 mongodb://localhost:27045 mongodb://localhost:27046 mongodb://localhost:27047 mongodb://localhost:27048 mongodb://localhost:27049 mongodb://localhost:27050 mongodb://localhost:27051 mongodb://localhost:27052 mongodb://localhost:27053 mongodb://localhost:27054 mongodb://localhost:27055 mongodb://localhost:27056 mongodb://localhost:27057 mongodb://localhost:27058 mongodb://localhost:27059 mongodb://localhost:27060 mongodb://localhost:27061 mongodb://localhost:27062 mongodb://localhost:27063 mongodb://localhost:27064 mongodb://localhost:27065 mongodb://localhost:27066 mongodb://localhost:27067 mongodb://localhost:27068 mongodb://localhost:27069 mongodb://localhost:27070 mongodb://localhost:27071 mongodb://localhost:27072 mongodb://localhost:27073 mongodb://localhost:27074 mongodb://localhost:27075 mongodb://localhost:27076 mongodb://localhost:27077 mongodb://localhost:27078 mongodb://localhost:27079 mongodb://localhost:27080 mongodb://localhost:27081 mongodb://localhost:27082 mongodb://localhost:27083 mongodb://localhost:27084 mongodb://localhost:27085 mongodb://localhost:27086 mongodb://localhost:27087 mongodb://localhost:27088 mongodb://localhost:27089 mongodb://localhost:27090 mongodb://localhost:27091 mongodb://localhost:27092 mongodb://localhost:27093 mongodb://localhost:27094 mongodb://localhost:27095 mongodb://localhost:27096 mongodb://localhost:27097 mongodb://localhost:27098 mongodb://localhost:27099 mongodb://localhost:27100 mongodb://localhost:27101 mongodb://localhost:27102 mongodb://localhost:27103 mongodb://localhost:27104 mongodb://localhost:27105 mongodb://localhost:27106 mongodb://localhost:27107 mongodb://localhost:27108 mongodb://localhost:27109 mongodb://localhost:27110 mongodb://localhost:27111 mongodb://localhost:27112 mongodb://localhost:27113 mongodb://localhost:27114 mongodb://localhost:27115 mongodb://localhost:27116 mongodb://localhost:27117 mongodb://localhost:27118 mongodb://localhost:27119 mongodb://localhost:27120 mongodb://localhost:27121 mongodb://localhost:27122 mongodb://localhost:27123 mongodb://localhost:27124 mongodb://localhost:27125 mongodb://localhost:27126 mongodb://localhost:27127 mongodb://localhost:27128 mongodb://localhost:27129 mongodb://localhost:27130 mongodb://localhost:27131 mongodb://localhost:27132 mongodb://localhost:27133 mongodb://localhost:27134 mongodb://localhost:27135 mongodb://localhost:27136 mongodb://localhost:27137 mongodb://localhost:27138 mongodb://localhost:27139 mongodb://localhost:27140 mongodb://localhost:27141 mongodb://localhost:27142 mongodb://localhost:27143 mongodb://localhost:27144 reading workload files ...
load_filename : /mnt/nvme0/home/gxr/mongdb-run/workloads/ycsb/workloada-load-10000000-10000000.log.formated
read load file needs: 5080574081 s 
run_filename : /mnt/nvme0/home/gxr/mongdb-run/workloads/ycsb/workloada-run-10000000-10000000.log.formated
read run file needs: 5190623631 s 
num_of_load_ops is 10000000
num_of_run_ops is 10000000
0 1 2 3 4 5 6 7 8 9 10 11 12 13 14 15 128 129 130 131 132 133 134 135 136 137 138 139 140 141 142 143 16 17 URI: URI: mongodb://localhost:27017mongodb://localhost:27017
URI: URI: URI: mongodb://localhost:27017URI: URI: mongodb://localhost:27017
mongodb://localhost:27017URI: URI: URI: mongodb://localhost:27017
URI: 
mongodb://localhost:27017
URI: URI: mongodb://localhost:27017
URI: mongodb://localhost:27017
URI: mongodb://localhost:27017
URI: URI: mongodb://localhost:27017
mongodb://localhost:27017
mongodb://localhost:27017

URI: URI: 
URI: mongodb://localhost:27017mongodb://localhost:27017URI: mongodb://localhost:27017
mongodb://localhost:27017URI: 
mongodb://localhost:27017
mongodb://localhost:27017
URI: URI: mongodb://localhost:27017
URI: URI: mongodb://localhost:27017
mongodb://localhost:27017URI: mongodb://localhost:27017
URI: mongodb://localhost:27017


mongodb://localhost:27017
URI: mongodb://localhost:27017
mongodb://localhost:27017
URI: mongodb://localhost:27017

mongodb://localhost:27017
mongodb://localhost:27017
URI: mongodb://localhost:27017
URI: mongodb://localhost:27017
sched_setaffinity
URI: mongodb://localhost:27017
sched_setaffinity
URI: mongodb://localhost:27017
sched_setaffinity
URI: mongodb://localhost:27017
sched_setaffinity
URI: mongodb://localhost:27017
URI: mongodb://localhost:27017
URI: mongodb://localhost:27017
URI: mongodb://localhost:27017
sched_setaffinity
URI: mongodb://localhost:27017
sched_setaffinity
sched_setaffinity
URI: mongodb://localhost:27017
URI: mongodb://localhost:27017
sched_setaffinity
URI: mongodb://localhost:27017
URI: URI: mongodb://localhost:27017
mongodb://localhost:27017
URI: mongodb://localhost:27017
URI: mongodb://localhost:27017
URI: mongodb://localhost:27017
URI: mongodb://localhost:27017
URI: mongodb://localhost:27017
URI: mongodb://localhost:27017
URI: mongodb://localhost:27017
URI: mongodb://localhost:27017
sched_setaffinity
sched_setaffinity
sched_setaffinity
URI: mongodb://localhost:27017
sched_setaffinity
URI: mongodb://localhost:27017
URI: mongodb://localhost:27017
URI: URI: mongodb://localhost:27017
mongodb://localhost:27017
URI: mongodb://localhost:27017
URI: mongodb://localhost:27017
URI: mongodb://localhost:27017
URI: mongodb://localhost:27017
sched_setaffinity
URI: mongodb://localhost:27017
sched_setaffinity
URI: mongodb://localhost:27017
sched_setaffinity
URI: mongodb://localhost:27017
sched_setaffinity
URI: mongodb://localhost:27017
sched_setaffinity
URI: mongodb://localhost:27017
URI: mongodb://localhost:27017
URI: mongodb://localhost:27017
sched_setaffinity
URI: mongodb://localhost:27017
sched_setaffinity
sched_setaffinity
URI: mongodb://localhost:27017
URI: mongodb://localhost:27017
sched_setaffinity
sched_setaffinity
URI: URI: mongodb://localhost:27017
mongodb://localhost:27017
URI: mongodb://localhost:27017
sched_setaffinity
URI: mongodb://localhost:27017
sched_setaffinity
URI: mongodb://localhost:27017
URI: mongodb://localhost:27017
Load workloads needs: 30468887365 ns 
[report] load_thread_ID : 66
[report] load_duration_ns : 30468887365
[report] load_duration_s : 30.468887
[report] load_throughput : 4207.734876
[report] load_average_latency_ns : 237657.559105
Load workloads needs: 30626719320 ns 
[report] load_thread_ID : 33
[report] load_duration_ns : 30626719320
[report] load_duration_s : 30.626719
[report] load_throughput : 4186.050705
[report] load_average_latency_ns : 238888.649585
Load workloads needs: 30975592740 ns 
[report] load_thread_ID : 76
[report] load_duration_ns : 30975592740
[report] load_duration_s : 30.975593
[report] load_throughput : 4138.903848
[report] load_average_latency_ns : 241609.864982
Load workloads needs: 31164115231 ns 
[report] load_thread_ID : 40
[report] load_duration_ns : 31164115231
[report] load_duration_s : 31.164115
[report] load_throughput : 4113.866190
[report] load_average_latency_ns : 243080.341882
Load workloads needs: 31348502465 ns 
[report] load_thread_ID : 32
[report] load_duration_ns : 31348502465
[report] load_duration_s : 31.348502
[report] load_throughput : 4089.669041
[report] load_average_latency_ns : 244518.563746
Load workloads needs: 31536239208 ns 
[report] load_thread_ID : 74
[report] load_duration_ns : 31536239208
[report] load_duration_s : 31.536239
[report] load_throughput : 4065.323045
[report] load_average_latency_ns : 245982.911805
Load workloads needs: 31876554981 ns 
[report] load_thread_ID : 63
[report] load_duration_ns : 31876554981
[report] load_duration_s : 31.876555
[report] load_throughput : 4021.921443
[report] load_average_latency_ns : 248637.377489
Load workloads needs: 31913554851 ns 
[report] load_thread_ID : 57
[report] load_duration_ns : 31913554851
[report] load_duration_s : 31.913555
[report] load_throughput : 4017.258516
[report] load_average_latency_ns : 248925.976764
Load workloads needs: 31992548788 ns 
[report] load_thread_ID : 41
[report] load_duration_ns : 31992548788
[report] load_duration_s : 31.992549
[report] load_throughput : 4007.339360
[report] load_average_latency_ns : 249542.130089
Load workloads needs: 32002032122 ns 
[report] load_thread_ID : 49
[report] load_duration_ns : 32002032122
[report] load_duration_s : 32.002032
[report] load_throughput : 4006.151844
[report] load_average_latency_ns : 249616.100168
Load workloads needs: 32000209998 ns 
[report] load_thread_ID : 72
[report] load_duration_ns : 32000209998
[report] load_duration_s : 32.000210
[report] load_throughput : 4006.379958
[report] load_average_latency_ns : 249601.887586
Load workloads needs: 32004732345 ns 
[report] load_thread_ID : 64
[report] load_duration_ns : 32004732345
[report] load_duration_s : 32.004732
[report] load_throughput : 4005.813847
[report] load_average_latency_ns : 249637.161928
Load workloads needs: 32014509479 ns 
[report] load_thread_ID : 46
[report] load_duration_ns : 32014509479
[report] load_duration_s : 32.014509
[report] load_throughput : 4004.590484
[report] load_average_latency_ns : 249713.423650
Load workloads needs: 32084460101 ns 
[report] load_thread_ID : 70
[report] load_duration_ns : 32084460101
[report] load_duration_s : 32.084460
[report] load_throughput : 3995.859665
[report] load_average_latency_ns : 250259.039047
Load workloads needs: 32214937339 ns 
[report] load_thread_ID : 38
[report] load_duration_ns : 32214937339
[report] load_duration_s : 32.214937
[report] load_throughput : 3979.675597
[report] load_average_latency_ns : 251276.762521
Load workloads needs: 32221259301 ns 
[report] load_thread_ID : 65
[report] load_duration_ns : 32221259301
[report] load_duration_s : 32.221259
[report] load_throughput : 3978.894766
[report] load_average_latency_ns : 251326.073874
Load workloads needs: 32439686153 ns 
[report] load_thread_ID : 54
[report] load_duration_ns : 32439686153
[report] load_duration_s : 32.439686
[report] load_throughput : 3952.103587
[report] load_average_latency_ns : 253029.805023
Load workloads needs: 32466898269 ns 
[report] load_thread_ID : 68
[report] load_duration_ns : 32466898269
[report] load_duration_s : 32.466898
[report] load_throughput : 3948.791133
[report] load_average_latency_ns : 253242.059740
Load workloads needs: 32516182247 ns 
[report] load_thread_ID : 71
[report] load_duration_ns : 32516182247
[report] load_duration_s : 32.516182
[report] load_throughput : 3942.806047
[report] load_average_latency_ns : 253626.475153
Load workloads needs: 32590354327 ns 
[report] load_thread_ID : 73
[report] load_duration_ns : 32590354327
[report] load_duration_s : 32.590354
[report] load_throughput : 3933.832652
[report] load_average_latency_ns : 254205.017956
Load workloads needs: 32669870062 ns 
[report] load_thread_ID : 77
[report] load_duration_ns : 32669870062
[report] load_duration_s : 32.669870
[report] load_throughput : 3924.258032
[report] load_average_latency_ns : 254825.241309
Load workloads needs: 32748806319 ns 
[report] load_thread_ID : 39
[report] load_duration_ns : 32748806319
[report] load_duration_s : 32.748806
[report] load_throughput : 3914.799176
[report] load_average_latency_ns : 255440.944729
Load workloads needs: 32748719699 ns 
[report] load_thread_ID : 55
[report] load_duration_ns : 32748719699
[report] load_duration_s : 32.748720
[report] load_throughput : 3914.809531
[report] load_average_latency_ns : 255440.269092
Load workloads needs: 32761587515 ns 
[report] load_thread_ID : 56
[report] load_duration_ns : 32761587515
[report] load_duration_s : 32.761588
[report] load_throughput : 3913.271905
[report] load_average_latency_ns : 255540.638158
Load workloads needs: 32805303287 ns 
[report] load_thread_ID : 48
[report] load_duration_ns : 32805303287
[report] load_duration_s : 32.805303
[report] load_throughput : 3908.057148
[report] load_average_latency_ns : 255881.621520
Load workloads needs: 32881637181 ns 
[report] load_thread_ID : 69
[report] load_duration_ns : 32881637181
[report] load_duration_s : 32.881637
[report] load_throughput : 3898.984691
[report] load_average_latency_ns : 256477.026489
Load workloads needs: 32972071267 ns 
[report] load_thread_ID : 47
[report] load_duration_ns : 32972071267
[report] load_duration_s : 32.972071
[report] load_throughput : 3888.290759
[report] load_average_latency_ns : 257182.413065
Load workloads needs: 33305005130 ns 
[report] load_thread_ID : 62
[report] load_duration_ns : 33305005130
[report] load_duration_s : 33.305005
[report] load_throughput : 3849.421416
[report] load_average_latency_ns : 259779.299793
Load workloads needs: 38350577154 ns 
[report] load_thread_ID : 21
[report] load_duration_ns : 38350577154
[report] load_duration_s : 38.350577
[report] load_throughput : 3342.974461
[report] load_average_latency_ns : 299134.800936
Load workloads needs: 38389342170 ns 
[report] load_thread_ID : 20
[report] load_duration_ns : 38389342170
[report] load_duration_s : 38.389342
[report] load_throughput : 3339.598773
[report] load_average_latency_ns : 299437.168363
Load workloads needs: 38500819149 ns 
[report] load_thread_ID : 28
[report] load_duration_ns : 38500819149
[report] load_duration_s : 38.500819
[report] load_throughput : 3329.929150
[report] load_average_latency_ns : 300306.689669
Load workloads needs: 38617208155 ns 
[report] load_thread_ID : 25
[report] load_duration_ns : 38617208155
[report] load_duration_s : 38.617208
[report] load_throughput : 3319.893025
[report] load_average_latency_ns : 301214.524824
Load workloads needs: 38671104950 ns 
[report] load_thread_ID : 5
[report] load_duration_ns : 38671104950
[report] load_duration_s : 38.671105
[report] load_throughput : 3315.266015
[report] load_average_latency_ns : 301634.920245
Load workloads needs: 38742942106 ns 
[report] load_thread_ID : 17
[report] load_duration_ns : 38742942106
[report] load_duration_s : 38.742942
[report] load_throughput : 3309.118849
[report] load_average_latency_ns : 302195.250622
Load workloads needs: 38794129098 ns 
[report] load_thread_ID : 12
[report] load_duration_ns : 38794129098
[report] load_duration_s : 38.794129
[report] load_throughput : 3304.752626
[report] load_average_latency_ns : 302594.509559
Load workloads needs: 38805170679 ns 
[report] load_thread_ID : 4
[report] load_duration_ns : 38805170679
[report] load_duration_s : 38.805171
[report] load_throughput : 3303.812295
[report] load_average_latency_ns : 302680.633977
Load workloads needs: 38834103790 ns 
[report] load_thread_ID : 24
[report] load_duration_ns : 38834103790
[report] load_duration_s : 38.834104
[report] load_throughput : 3301.350810
[report] load_average_latency_ns : 302906.312468
Load workloads needs: 38857213368 ns 
[report] load_thread_ID : 30
[report] load_duration_ns : 38857213368
[report] load_duration_s : 38.857213
[report] load_throughput : 3299.387395
[report] load_average_latency_ns : 303086.567357
Load workloads needs: 38923271090 ns 
[report] load_thread_ID : 18
[report] load_duration_ns : 38923271090
[report] load_duration_s : 38.923271
[report] load_throughput : 3293.787917
[report] load_average_latency_ns : 303601.818104
Load workloads needs: 38945551320 ns 
[report] load_thread_ID : 27
[report] load_duration_ns : 38945551320
[report] load_duration_s : 38.945551
[report] load_throughput : 3291.903585
[report] load_average_latency_ns : 303775.604072
Load workloads needs: 38951377134 ns 
[report] load_thread_ID : 2
[report] load_duration_ns : 38951377134
[report] load_duration_s : 38.951377
[report] load_throughput : 3291.411227
[report] load_average_latency_ns : 303821.045466
Load workloads needs: 38995875314 ns 
[report] load_thread_ID : 26
[report] load_duration_ns : 38995875314
[report] load_duration_s : 38.995875
[report] load_throughput : 3287.655399
[report] load_average_latency_ns : 304168.131617
Load workloads needs: 39016122140 ns 
[report] load_thread_ID : 3
[report] load_duration_ns : 39016122140
[report] load_duration_s : 39.016122
[report] load_throughput : 3285.949320
[report] load_average_latency_ns : 304326.057018
Load workloads needs: 39017515076 ns 
[report] load_thread_ID : 9
[report] load_duration_ns : 39017515076
[report] load_duration_s : 39.017515
[report] load_throughput : 3285.832010
[report] load_average_latency_ns : 304336.921930
Load workloads needs: 39032313886 ns 
[report] load_thread_ID : 19
[report] load_duration_ns : 39032313886
[report] load_duration_s : 39.032314
[report] load_throughput : 3284.586212
[report] load_average_latency_ns : 304452.352763
Load workloads needs: 39040073465 ns 
[report] load_thread_ID : 8
[report] load_duration_ns : 39040073465
[report] load_duration_s : 39.040073
[report] load_throughput : 3283.933370
[report] load_average_latency_ns : 304512.877540
Load workloads needs: 39041446041 ns 
[report] load_thread_ID : 15
[report] load_duration_ns : 39041446041
[report] load_duration_s : 39.041446
[report] load_throughput : 3283.817917
[report] load_average_latency_ns : 304523.583643
Load workloads needs: 39049719188 ns 
[report] load_thread_ID : 13
[report] load_duration_ns : 39049719188
[report] load_duration_s : 39.049719
[report] load_throughput : 3283.122201
[report] load_average_latency_ns : 304588.114255
Load workloads needs: 39079778658 ns 
[report] load_thread_ID : 7
[report] load_duration_ns : 39079778658
[report] load_duration_s : 39.079779
[report] load_throughput : 3280.596882
[report] load_average_latency_ns : 304822.578355
Load workloads needs: 39079836778 ns 
[report] load_thread_ID : 11
[report] load_duration_ns : 39079836778
[report] load_duration_s : 39.079837
[report] load_throughput : 3280.592003
[report] load_average_latency_ns : 304823.031691
Load workloads needs: 39106645286 ns 
[report] load_thread_ID : 29
[report] load_duration_ns : 39106645286
[report] load_duration_s : 39.106645
[report] load_throughput : 3278.343081
[report] load_average_latency_ns : 305032.138263
Load workloads needs: 39132505275 ns 
[report] load_thread_ID : 14
[report] load_duration_ns : 39132505275
[report] load_duration_s : 39.132505
[report] load_throughput : 3276.176649
[report] load_average_latency_ns : 305233.846379
Load workloads needs: 39142301080 ns 
[report] load_thread_ID : 16
[report] load_duration_ns : 39142301080
[report] load_duration_s : 39.142301
[report] load_throughput : 3275.356749
[report] load_average_latency_ns : 305310.253734
Load workloads needs: 39266650694 ns 
[report] load_thread_ID : 10
[report] load_duration_ns : 39266650694
[report] load_duration_s : 39.266651
[report] load_throughput : 3264.984350
[report] load_average_latency_ns : 306280.181693
Load workloads needs: 39300218913 ns 
[report] load_thread_ID : 23
[report] load_duration_ns : 39300218913
[report] load_duration_s : 39.300219
[report] load_throughput : 3262.195569
[report] load_average_latency_ns : 306542.014063
Load workloads needs: 39369738456 ns 
[report] load_thread_ID : 1
[report] load_duration_ns : 39369738456
[report] load_duration_s : 39.369738
[report] load_throughput : 3256.435146
[report] load_average_latency_ns : 307084.267041
Load workloads needs: 39386396681 ns 
[report] load_thread_ID : 31
[report] load_duration_ns : 39386396681
[report] load_duration_s : 39.386397
[report] load_throughput : 3255.057858
[report] load_average_latency_ns : 307214.201326
Load workloads needs: 39670095316 ns 
[report] load_thread_ID : 6
[report] load_duration_ns : 39670095316
[report] load_duration_s : 39.670095
[report] load_throughput : 3231.779480
[report] load_average_latency_ns : 309427.052892
Load workloads needs: 39700971392 ns 
[report] load_thread_ID : 22
[report] load_duration_ns : 39700971392
[report] load_duration_s : 39.700971
[report] load_throughput : 3229.266073
[report] load_average_latency_ns : 309667.886525
Load workloads needs: 47620800438 ns 
[report] load_thread_ID : 60
[report] load_duration_ns : 47620800438
[report] load_duration_s : 47.620800
[report] load_throughput : 2692.205902
[report] load_average_latency_ns : 371442.614859
Load workloads needs: 47921372748 ns 
[report] load_thread_ID : 44
[report] load_duration_ns : 47921372748
[report] load_duration_s : 47.921373
[report] load_throughput : 2675.319855
[report] load_average_latency_ns : 373787.081221
Load workloads needs: 49165020812 ns 
[report] load_thread_ID : 36
[report] load_duration_ns : 49165020812
[report] load_duration_s : 49.165021
[report] load_throughput : 2607.646613
[report] load_average_latency_ns : 383487.545821
Load workloads needs: 49242496603 ns 
[report] load_thread_ID : 58
[report] load_duration_ns : 49242496603
[report] load_duration_s : 49.242497
[report] load_throughput : 2603.543866
[report] load_average_latency_ns : 384091.857595
Load workloads needs: 49721069541 ns 
[report] load_thread_ID : 42
[report] load_duration_ns : 49721069541
[report] load_duration_s : 49.721070
[report] load_throughput : 2578.484357
[report] load_average_latency_ns : 387824.730245
Load workloads needs: 50588591750 ns 
[report] load_thread_ID : 52
[report] load_duration_ns : 50588591750
[report] load_duration_s : 50.588592
[report] load_throughput : 2534.267027
[report] load_average_latency_ns : 394591.410241
Load workloads needs: 50678353698 ns 
[report] load_thread_ID : 50
[report] load_duration_ns : 50678353698
[report] load_duration_s : 50.678354
[report] load_throughput : 2529.778311
[report] load_average_latency_ns : 395291.554136
Load workloads needs: 50852940028 ns 
[report] load_thread_ID : 34
[report] load_duration_ns : 50852940028
[report] load_duration_s : 50.852940
[report] load_throughput : 2521.093174
[report] load_average_latency_ns : 396653.328872
Load workloads needs: 76405478913 ns 
[report] load_thread_ID : 75
[report] load_duration_ns : 76405478913
[report] load_duration_s : 76.405479
[report] load_throughput : 1677.955584
[report] load_average_latency_ns : 595963.331485
Load workloads needs: 76696021798 ns 
[report] load_thread_ID : 61
[report] load_duration_ns : 76696021798
[report] load_duration_s : 76.696022
[report] load_throughput : 1671.599087
[report] load_average_latency_ns : 598229.568254
Load workloads needs: 76789184936 ns 
[report] load_thread_ID : 51
[report] load_duration_ns : 76789184936
[report] load_duration_s : 76.789185
[report] load_throughput : 1669.571048
[report] load_average_latency_ns : 598956.241457
Load workloads needs: 76816103204 ns 
[report] load_thread_ID : 67
[report] load_duration_ns : 76816103204
[report] load_duration_s : 76.816103
[report] load_throughput : 1668.985989
[report] load_average_latency_ns : 599166.204157
Load workloads needs: 77024377251 ns 
[report] load_thread_ID : 59
[report] load_duration_ns : 77024377251
[report] load_duration_s : 77.024377
[report] load_throughput : 1664.473048
[report] load_average_latency_ns : 600790.743349
Load workloads needs: 77056031535 ns 
[report] load_thread_ID : 45
[report] load_duration_ns : 77056031535
[report] load_duration_s : 77.056032
[report] load_throughput : 1663.789290
[report] load_average_latency_ns : 601037.647011
Load workloads needs: 77175410253 ns 
[report] load_thread_ID : 37
[report] load_duration_ns : 77175410253
[report] load_duration_s : 77.175410
[report] load_throughput : 1661.215659
[report] load_average_latency_ns : 601968.801942
Load workloads needs: 77220568061 ns 
[report] load_thread_ID : 35
[report] load_duration_ns : 77220568061
[report] load_duration_s : 77.220568
[report] load_throughput : 1660.244197
[report] load_average_latency_ns : 602321.033197
Load workloads needs: 77368204853 ns 
[report] load_thread_ID : 43
[report] load_duration_ns : 77368204853
[report] load_duration_s : 77.368205
[report] load_throughput : 1657.076059
[report] load_average_latency_ns : 603472.601326
Load workloads needs: 77602011810 ns 
[report] load_thread_ID : 53
[report] load_duration_ns : 77602011810
[report] load_duration_s : 77.602012
[report] load_throughput : 1652.083458
[report] load_average_latency_ns : 605296.297414
Load workloads needs: 77803115497 ns 
[report] load_thread_ID : 0
[report] load_duration_ns : 77803115497
[report] load_duration_s : 77.803115
[report] load_throughput : 1647.813191
[report] load_average_latency_ns : 606864.907742
All clients run done needs: 77797872541 ns 
[report] load_overall_duration_ns : 77797872541
[report] load_overall_duration_s : 77.797873
[report] load_overall_throughput : 128538.219278
[report] load_overall_average_latency_ns : 7779.787254
