numactl --membind=0 /mnt/nvme0/home/gxr/mongdb-run/test_mongodb/build//run_client --num_threads=72 --core_binding=0,1,2,3,4,5,6,7,8,9,10,11,12,13,14,15,128,129,130,131,132,133,134,135,136,137,138,139,140,141,142,143,16,17 18 19 20 21 22 23 24 25 26 27 28 29 30 31 144 145 146 147 148 149 150 151 152 153 154 155 156 157 158 159,32,33,34,35,36,37,38,39,40,41,42,43,44,45,46,47,160,161,162,163,164,165,166,167,168,169,170,171,172,173,174,175,48,49,50,51,52,53,54,55,56,57,58,59,60,61,62,63,176,177,178,179,180,181,182,183,184,185,186,187,188,189,190,191 --str_key_size=16 --str_key_size=256 --load_file=/mnt/nvme0/home/gxr/mongdb-run/workloads/ycsb/workloada-load-10000000-10000000.log.formated --run_file=/mnt/nvme0/home/gxr/mongdb-run/workloads/ycsb/workloada-run-10000000-10000000.log.formated --URI_set=mongodb://localhost:27017,mongodb://localhost:27018,mongodb://localhost:27019,mongodb://localhost:27020,mongodb://localhost:27021,mongodb://localhost:27022,mongodb://localhost:27023,mongodb://localhost:27024,mongodb://localhost:27025,mongodb://localhost:27026,mongodb://localhost:27027,mongodb://localhost:27028,mongodb://localhost:27029,mongodb://localhost:27030,mongodb://localhost:27031,mongodb://localhost:27032,mongodb://localhost:27033,mongodb://localhost:27034,mongodb://localhost:27035,mongodb://localhost:27036,mongodb://localhost:27037,mongodb://localhost:27038,mongodb://localhost:27039,mongodb://localhost:27040,mongodb://localhost:27041,mongodb://localhost:27042,mongodb://localhost:27043,mongodb://localhost:27044,mongodb://localhost:27045,mongodb://localhost:27046,mongodb://localhost:27047,mongodb://localhost:27048,mongodb://localhost:27049,mongodb://localhost:27050,mongodb://localhost:27051,mongodb://localhost:27052,mongodb://localhost:27053,mongodb://localhost:27054,mongodb://localhost:27055,mongodb://localhost:27056,mongodb://localhost:27057,mongodb://localhost:27058,mongodb://localhost:27059,mongodb://localhost:27060,mongodb://localhost:27061,mongodb://localhost:27062,mongodb://localhost:27063,mongodb://localhost:27064,mongodb://localhost:27065,mongodb://localhost:27066,mongodb://localhost:27067,mongodb://localhost:27068,mongodb://localhost:27069,mongodb://localhost:27070,mongodb://localhost:27071,mongodb://localhost:27072,mongodb://localhost:27073,mongodb://localhost:27074,mongodb://localhost:27075,mongodb://localhost:27076,mongodb://localhost:27077,mongodb://localhost:27078,mongodb://localhost:27079,mongodb://localhost:27080,mongodb://localhost:27081,mongodb://localhost:27082,mongodb://localhost:27083,mongodb://localhost:27084,mongodb://localhost:27085,mongodb://localhost:27086,mongodb://localhost:27087,mongodb://localhost:27088,mongodb://localhost:27089,mongodb://localhost:27090,mongodb://localhost:27091,mongodb://localhost:27092,mongodb://localhost:27093,mongodb://localhost:27094,mongodb://localhost:27095,mongodb://localhost:27096,mongodb://localhost:27097,mongodb://localhost:27098,mongodb://localhost:27099,mongodb://localhost:27100,mongodb://localhost:27101,mongodb://localhost:27102,mongodb://localhost:27103,mongodb://localhost:27104,mongodb://localhost:27105,mongodb://localhost:27106,mongodb://localhost:27107,mongodb://localhost:27108,mongodb://localhost:27109,mongodb://localhost:27110,mongodb://localhost:27111,mongodb://localhost:27112,mongodb://localhost:27113,mongodb://localhost:27114,mongodb://localhost:27115,mongodb://localhost:27116,mongodb://localhost:27117,mongodb://localhost:27118,mongodb://localhost:27119,mongodb://localhost:27120,mongodb://localhost:27121,mongodb://localhost:27122,mongodb://localhost:27123,mongodb://localhost:27124,mongodb://localhost:27125,mongodb://localhost:27126,mongodb://localhost:27127,mongodb://localhost:27128,mongodb://localhost:27129,mongodb://localhost:27130,mongodb://localhost:27131,mongodb://localhost:27132,mongodb://localhost:27133,mongodb://localhost:27134,mongodb://localhost:27135,mongodb://localhost:27136,mongodb://localhost:27137,mongodb://localhost:27138,mongodb://localhost:27139,mongodb://localhost:27140,mongodb://localhost:27141,mongodb://localhost:27142,mongodb://localhost:27143,mongodb://localhost:27144 --first_mode=true
mongodb://localhost:27017 mongodb://localhost:27018 mongodb://localhost:27019 mongodb://localhost:27020 mongodb://localhost:27021 mongodb://localhost:27022 mongodb://localhost:27023 mongodb://localhost:27024 mongodb://localhost:27025 mongodb://localhost:27026 mongodb://localhost:27027 mongodb://localhost:27028 mongodb://localhost:27029 mongodb://localhost:27030 mongodb://localhost:27031 mongodb://localhost:27032 mongodb://localhost:27033 mongodb://localhost:27034 mongodb://localhost:27035 mongodb://localhost:27036 mongodb://localhost:27037 mongodb://localhost:27038 mongodb://localhost:27039 mongodb://localhost:27040 mongodb://localhost:27041 mongodb://localhost:27042 mongodb://localhost:27043 mongodb://localhost:27044 mongodb://localhost:27045 mongodb://localhost:27046 mongodb://localhost:27047 mongodb://localhost:27048 mongodb://localhost:27049 mongodb://localhost:27050 mongodb://localhost:27051 mongodb://localhost:27052 mongodb://localhost:27053 mongodb://localhost:27054 mongodb://localhost:27055 mongodb://localhost:27056 mongodb://localhost:27057 mongodb://localhost:27058 mongodb://localhost:27059 mongodb://localhost:27060 mongodb://localhost:27061 mongodb://localhost:27062 mongodb://localhost:27063 mongodb://localhost:27064 mongodb://localhost:27065 mongodb://localhost:27066 mongodb://localhost:27067 mongodb://localhost:27068 mongodb://localhost:27069 mongodb://localhost:27070 mongodb://localhost:27071 mongodb://localhost:27072 mongodb://localhost:27073 mongodb://localhost:27074 mongodb://localhost:27075 mongodb://localhost:27076 mongodb://localhost:27077 mongodb://localhost:27078 mongodb://localhost:27079 mongodb://localhost:27080 mongodb://localhost:27081 mongodb://localhost:27082 mongodb://localhost:27083 mongodb://localhost:27084 mongodb://localhost:27085 mongodb://localhost:27086 mongodb://localhost:27087 mongodb://localhost:27088 mongodb://localhost:27089 mongodb://localhost:27090 mongodb://localhost:27091 mongodb://localhost:27092 mongodb://localhost:27093 mongodb://localhost:27094 mongodb://localhost:27095 mongodb://localhost:27096 mongodb://localhost:27097 mongodb://localhost:27098 mongodb://localhost:27099 mongodb://localhost:27100 mongodb://localhost:27101 mongodb://localhost:27102 mongodb://localhost:27103 mongodb://localhost:27104 mongodb://localhost:27105 mongodb://localhost:27106 mongodb://localhost:27107 mongodb://localhost:27108 mongodb://localhost:27109 mongodb://localhost:27110 mongodb://localhost:27111 mongodb://localhost:27112 mongodb://localhost:27113 mongodb://localhost:27114 mongodb://localhost:27115 mongodb://localhost:27116 mongodb://localhost:27117 mongodb://localhost:27118 mongodb://localhost:27119 mongodb://localhost:27120 mongodb://localhost:27121 mongodb://localhost:27122 mongodb://localhost:27123 mongodb://localhost:27124 mongodb://localhost:27125 mongodb://localhost:27126 mongodb://localhost:27127 mongodb://localhost:27128 mongodb://localhost:27129 mongodb://localhost:27130 mongodb://localhost:27131 mongodb://localhost:27132 mongodb://localhost:27133 mongodb://localhost:27134 mongodb://localhost:27135 mongodb://localhost:27136 mongodb://localhost:27137 mongodb://localhost:27138 mongodb://localhost:27139 mongodb://localhost:27140 mongodb://localhost:27141 mongodb://localhost:27142 mongodb://localhost:27143 mongodb://localhost:27144 reading workload files ...
load_filename : /mnt/nvme0/home/gxr/mongdb-run/workloads/ycsb/workloada-load-10000000-10000000.log.formated
read load file needs: 4968770512 s 
run_filename : /mnt/nvme0/home/gxr/mongdb-run/workloads/ycsb/workloada-run-10000000-10000000.log.formated
read run file needs: 5157500177 s 
num_of_load_ops is 10000000
num_of_run_ops is 10000000
0 1 2 3 4 5 6 7 8 9 10 11 12 13 14 15 128 129 130 131 132 133 134 135 136 137 138 139 140 141 142 143 16 17 URI: URI: mongodb://localhost:27017
mongodb://localhost:27017
URI: URI: URI: mongodb://localhost:27017URI: mongodb://localhost:27017mongodb://localhost:27017
URI: mongodb://localhost:27017

URI: mongodb://localhost:27017
URI: URI: mongodb://localhost:27017mongodb://localhost:27017

mongodb://localhost:27017URI: URI: URI: 
mongodb://localhost:27017

mongodb://localhost:27017URI: mongodb://localhost:27017
mongodb://localhost:27017URI: 
URI: mongodb://localhost:27017

mongodb://localhost:27017
URI: mongodb://localhost:27017
URI: mongodb://localhost:27017
URI: mongodb://localhost:27017
URI: mongodb://localhost:27017
URI: mongodb://localhost:27017
URI: mongodb://localhost:27017
URI: mongodb://localhost:27017
URI: mongodb://localhost:27017
URI: mongodb://localhost:27017
URI: mongodb://localhost:27017
URI: mongodb://localhost:27017
URI: mongodb://localhost:27017
URI: mongodb://localhost:27017URI: mongodb://localhost:27017

URI: mongodb://localhost:27017
URI: mongodb://localhost:27017
URI: mongodb://localhost:27017
URI: mongodb://localhost:27017
URI: mongodb://localhost:27017
URI: mongodb://localhost:27017
URI: mongodb://localhost:27017
URI: mongodb://localhost:27017
sched_setaffinity
URI: mongodb://localhost:27017
sched_setaffinity
sched_setaffinity
sched_setaffinity
URI: mongodb://localhost:27017URI: 
mongodb://localhost:27017URI: mongodb://localhost:27017

URI: mongodb://localhost:27017
URI: mongodb://localhost:27017
URI: mongodb://localhost:27017
URI: mongodb://localhost:27017
sched_setaffinity
URI: mongodb://localhost:27017
sched_setaffinity
sched_setaffinity
sched_setaffinity
URI: mongodb://localhost:27017
URI: mongodb://localhost:27017
URI: mongodb://localhost:27017
URI: mongodb://localhost:27017
URI: mongodb://localhost:27017
URI: mongodb://localhost:27017
URI: mongodb://localhost:27017
sched_setaffinity
sched_setaffinity
URI: mongodb://localhost:27017
URI: mongodb://localhost:27017
sched_setaffinity
URI: mongodb://localhost:27017
sched_setaffinity
URI: mongodb://localhost:27017
URI: mongodb://localhost:27017
URI: mongodb://localhost:27017
URI: mongodb://localhost:27017
URI: mongodb://localhost:27017
sched_setaffinity
sched_setaffinity
URI: mongodb://localhost:27017
URI: mongodb://localhost:27017
sched_setaffinity
URI: mongodb://localhost:27017
sched_setaffinity
URI: mongodb://localhost:27017
URI: mongodb://localhost:27017URI: sched_setaffinity

mongodb://localhost:27017
URI: mongodb://localhost:27017
sched_setaffinity
URI: mongodb://localhost:27017
sched_setaffinity
URI: mongodb://localhost:27017
sched_setaffinity
URI: mongodb://localhost:27017
Load workloads needs: 29836422373 ns 
[report] load_thread_ID : 66
[report] load_duration_ns : 29836422373
[report] load_duration_s : 29.836422
[report] load_throughput : 4654.981695
[report] load_average_latency_ns : 214823.615957
Load workloads needs: 29932019221 ns 
[report] load_thread_ID : 69
[report] load_duration_ns : 29932019221
[report] load_duration_s : 29.932019
[report] load_throughput : 4640.114620
[report] load_average_latency_ns : 215511.917667
Load workloads needs: 30183399078 ns 
[report] load_thread_ID : 33
[report] load_duration_ns : 30183399078
[report] load_duration_s : 30.183399
[report] load_throughput : 4601.469823
[report] load_average_latency_ns : 217321.864222
Load workloads needs: 30341178721 ns 
[report] load_thread_ID : 48
[report] load_duration_ns : 30341178721
[report] load_duration_s : 30.341179
[report] load_throughput : 4577.541343
[report] load_average_latency_ns : 218457.884922
Load workloads needs: 30366534353 ns 
[report] load_thread_ID : 49
[report] load_duration_ns : 30366534353
[report] load_duration_s : 30.366534
[report] load_throughput : 4573.719160
[report] load_average_latency_ns : 218640.446640
Load workloads needs: 30772262032 ns 
[report] load_thread_ID : 41
[report] load_duration_ns : 30772262032
[report] load_duration_s : 30.772262
[report] load_throughput : 4513.415356
[report] load_average_latency_ns : 221561.704625
Load workloads needs: 30842550779 ns 
[report] load_thread_ID : 40
[report] load_duration_ns : 30842550779
[report] load_duration_s : 30.842551
[report] load_throughput : 4503.129491
[report] load_average_latency_ns : 222067.786843
Load workloads needs: 30951051936 ns 
[report] load_thread_ID : 32
[report] load_duration_ns : 30951051936
[report] load_duration_s : 30.951052
[report] load_throughput : 4487.343444
[report] load_average_latency_ns : 222849.000173
Load workloads needs: 30947077205 ns 
[report] load_thread_ID : 54
[report] load_duration_ns : 30947077205
[report] load_duration_s : 30.947077
[report] load_throughput : 4487.919783
[report] load_average_latency_ns : 222820.381926
Load workloads needs: 31164623691 ns 
[report] load_thread_ID : 46
[report] load_duration_ns : 31164623691
[report] load_duration_s : 31.164624
[report] load_throughput : 4456.591595
[report] load_average_latency_ns : 224386.726650
Load workloads needs: 31185717282 ns 
[report] load_thread_ID : 64
[report] load_duration_ns : 31185717282
[report] load_duration_s : 31.185717
[report] load_throughput : 4453.577218
[report] load_average_latency_ns : 224538.601477
Load workloads needs: 31289833820 ns 
[report] load_thread_ID : 68
[report] load_duration_ns : 31289833820
[report] load_duration_s : 31.289834
[report] load_throughput : 4438.757994
[report] load_average_latency_ns : 225288.245349
Load workloads needs: 31336796171 ns 
[report] load_thread_ID : 71
[report] load_duration_ns : 31336796171
[report] load_duration_s : 31.336796
[report] load_throughput : 4432.105926
[report] load_average_latency_ns : 225626.376440
Load workloads needs: 31378322265 ns 
[report] load_thread_ID : 62
[report] load_duration_ns : 31378322265
[report] load_duration_s : 31.378322
[report] load_throughput : 4426.240474
[report] load_average_latency_ns : 225925.366230
Load workloads needs: 31411948107 ns 
[report] load_thread_ID : 39
[report] load_duration_ns : 31411948107
[report] load_duration_s : 31.411948
[report] load_throughput : 4421.502274
[report] load_average_latency_ns : 226167.473842
Load workloads needs: 31453931049 ns 
[report] load_thread_ID : 55
[report] load_duration_ns : 31453931049
[report] load_duration_s : 31.453931
[report] load_throughput : 4415.600701
[report] load_average_latency_ns : 226469.752959
Load workloads needs: 31893522659 ns 
[report] load_thread_ID : 57
[report] load_duration_ns : 31893522659
[report] load_duration_s : 31.893523
[report] load_throughput : 4354.740036
[report] load_average_latency_ns : 229634.832808
Load workloads needs: 31906568909 ns 
[report] load_thread_ID : 70
[report] load_duration_ns : 31906568909
[report] load_duration_s : 31.906569
[report] load_throughput : 4352.959430
[report] load_average_latency_ns : 229728.766409
Load workloads needs: 31913853162 ns 
[report] load_thread_ID : 63
[report] load_duration_ns : 31913853162
[report] load_duration_s : 31.913853
[report] load_throughput : 4351.965878
[report] load_average_latency_ns : 229781.213366
Load workloads needs: 32058880615 ns 
[report] load_thread_ID : 65
[report] load_duration_ns : 32058880615
[report] load_duration_s : 32.058881
[report] load_throughput : 4332.278524
[report] load_average_latency_ns : 230825.417711
Load workloads needs: 32098578073 ns 
[report] load_thread_ID : 56
[report] load_duration_ns : 32098578073
[report] load_duration_s : 32.098578
[report] load_throughput : 4326.920641
[report] load_average_latency_ns : 231111.241238
Load workloads needs: 32172791521 ns 
[report] load_thread_ID : 47
[report] load_duration_ns : 32172791521
[report] load_duration_s : 32.172792
[report] load_throughput : 4316.939670
[report] load_average_latency_ns : 231645.581483
Load workloads needs: 33030054120 ns 
[report] load_thread_ID : 38
[report] load_duration_ns : 33030054120
[report] load_duration_s : 33.030054
[report] load_throughput : 4204.897742
[report] load_average_latency_ns : 237817.911699
Load workloads needs: 38557065561 ns 
[report] load_thread_ID : 24
[report] load_duration_ns : 38557065561
[report] load_duration_s : 38.557066
[report] load_throughput : 3602.141345
[report] load_average_latency_ns : 277612.648760
Load workloads needs: 38564701653 ns 
[report] load_thread_ID : 29
[report] load_duration_ns : 38564701653
[report] load_duration_s : 38.564702
[report] load_throughput : 3601.428095
[report] load_average_latency_ns : 277667.628974
Load workloads needs: 38601669966 ns 
[report] load_thread_ID : 10
[report] load_duration_ns : 38601669966
[report] load_duration_s : 38.601670
[report] load_throughput : 3597.979054
[report] load_average_latency_ns : 277933.802532
Load workloads needs: 38652129589 ns 
[report] load_thread_ID : 8
[report] load_duration_ns : 38652129589
[report] load_duration_s : 38.652130
[report] load_throughput : 3593.281961
[report] load_average_latency_ns : 278297.114142
Load workloads needs: 38672705351 ns 
[report] load_thread_ID : 25
[report] load_duration_ns : 38672705351
[report] load_duration_s : 38.672705
[report] load_throughput : 3591.370160
[report] load_average_latency_ns : 278445.260577
Load workloads needs: 38682300988 ns 
[report] load_thread_ID : 2
[report] load_duration_ns : 38682300988
[report] load_duration_s : 38.682301
[report] load_throughput : 3590.479275
[report] load_average_latency_ns : 278514.349605
Load workloads needs: 38722277856 ns 
[report] load_thread_ID : 22
[report] load_duration_ns : 38722277856
[report] load_duration_s : 38.722278
[report] load_throughput : 3586.772465
[report] load_average_latency_ns : 278802.184897
Load workloads needs: 38723828192 ns 
[report] load_thread_ID : 18
[report] load_duration_ns : 38723828192
[report] load_duration_s : 38.723828
[report] load_throughput : 3586.628866
[report] load_average_latency_ns : 278813.347388
Load workloads needs: 38734747757 ns 
[report] load_thread_ID : 19
[report] load_duration_ns : 38734747757
[report] load_duration_s : 38.734748
[report] load_throughput : 3585.617773
[report] load_average_latency_ns : 278891.968759
Load workloads needs: 38737433281 ns 
[report] load_thread_ID : 4
[report] load_duration_ns : 38737433281
[report] load_duration_s : 38.737433
[report] load_throughput : 3585.369196
[report] load_average_latency_ns : 278911.304656
Load workloads needs: 38764960447 ns 
[report] load_thread_ID : 30
[report] load_duration_ns : 38764960447
[report] load_duration_s : 38.764960
[report] load_throughput : 3582.823209
[report] load_average_latency_ns : 279109.501519
Load workloads needs: 38825723015 ns 
[report] load_thread_ID : 3
[report] load_duration_ns : 38825723015
[report] load_duration_s : 38.825723
[report] load_throughput : 3577.216062
[report] load_average_latency_ns : 279546.994809
Load workloads needs: 38826009364 ns 
[report] load_thread_ID : 15
[report] load_duration_ns : 38826009364
[report] load_duration_s : 38.826009
[report] load_throughput : 3577.189680
[report] load_average_latency_ns : 279549.056535
Load workloads needs: 38826190575 ns 
[report] load_thread_ID : 9
[report] load_duration_ns : 38826190575
[report] load_duration_s : 38.826191
[report] load_throughput : 3577.172984
[report] load_average_latency_ns : 279550.361262
Load workloads needs: 38837990486 ns 
[report] load_thread_ID : 20
[report] load_duration_ns : 38837990486
[report] load_duration_s : 38.837990
[report] load_throughput : 3576.086153
[report] load_average_latency_ns : 279635.321165
Load workloads needs: 38867792617 ns 
[report] load_thread_ID : 21
[report] load_duration_ns : 38867792617
[report] load_duration_s : 38.867793
[report] load_throughput : 3573.344166
[report] load_average_latency_ns : 279849.897882
Load workloads needs: 38882889822 ns 
[report] load_thread_ID : 31
[report] load_duration_ns : 38882889822
[report] load_duration_s : 38.882890
[report] load_throughput : 3571.956730
[report] load_average_latency_ns : 279958.598453
Load workloads needs: 38888890738 ns 
[report] load_thread_ID : 13
[report] load_duration_ns : 38888890738
[report] load_duration_s : 38.888891
[report] load_throughput : 3571.405544
[report] load_average_latency_ns : 280001.805325
Load workloads needs: 38902945935 ns 
[report] load_thread_ID : 14
[report] load_duration_ns : 38902945935
[report] load_duration_s : 38.902946
[report] load_throughput : 3570.115236
[report] load_average_latency_ns : 280103.003391
Load workloads needs: 38907673524 ns 
[report] load_thread_ID : 1
[report] load_duration_ns : 38907673524
[report] load_duration_s : 38.907674
[report] load_throughput : 3569.681439
[report] load_average_latency_ns : 280137.042250
Load workloads needs: 38957510019 ns 
[report] load_thread_ID : 17
[report] load_duration_ns : 38957510019
[report] load_duration_s : 38.957510
[report] load_throughput : 3565.114914
[report] load_average_latency_ns : 280495.867310
Load workloads needs: 38991759339 ns 
[report] load_thread_ID : 5
[report] load_duration_ns : 38991759339
[report] load_duration_s : 38.991759
[report] load_throughput : 3561.983413
[report] load_average_latency_ns : 280742.463993
Load workloads needs: 39052661457 ns 
[report] load_thread_ID : 16
[report] load_duration_ns : 39052661457
[report] load_duration_s : 39.052661
[report] load_throughput : 3556.428546
[report] load_average_latency_ns : 281180.962049
Load workloads needs: 39075112365 ns 
[report] load_thread_ID : 26
[report] load_duration_ns : 39075112365
[report] load_duration_s : 39.075112
[report] load_throughput : 3554.385172
[report] load_average_latency_ns : 281342.609621
Load workloads needs: 39146184949 ns 
[report] load_thread_ID : 6
[report] load_duration_ns : 39146184949
[report] load_duration_s : 39.146185
[report] load_throughput : 3547.931942
[report] load_average_latency_ns : 281854.335501
Load workloads needs: 39161472344 ns 
[report] load_thread_ID : 28
[report] load_duration_ns : 39161472344
[report] load_duration_s : 39.161472
[report] load_throughput : 3546.546942
[report] load_average_latency_ns : 281964.405449
Load workloads needs: 39197029281 ns 
[report] load_thread_ID : 12
[report] load_duration_ns : 39197029281
[report] load_duration_s : 39.197029
[report] load_throughput : 3543.329751
[report] load_average_latency_ns : 282220.417034
Load workloads needs: 39198131399 ns 
[report] load_thread_ID : 23
[report] load_duration_ns : 39198131399
[report] load_duration_s : 39.198131
[report] load_throughput : 3543.230125
[report] load_average_latency_ns : 282228.352334
Load workloads needs: 39248318881 ns 
[report] load_thread_ID : 27
[report] load_duration_ns : 39248318881
[report] load_duration_s : 39.248319
[report] load_throughput : 3538.699337
[report] load_average_latency_ns : 282589.704517
Load workloads needs: 39265947110 ns 
[report] load_thread_ID : 7
[report] load_duration_ns : 39265947110
[report] load_duration_s : 39.265947
[report] load_throughput : 3537.110658
[report] load_average_latency_ns : 282716.628578
Load workloads needs: 39323814925 ns 
[report] load_thread_ID : 11
[report] load_duration_ns : 39323814925
[report] load_duration_s : 39.323815
[report] load_throughput : 3531.905545
[report] load_average_latency_ns : 283133.279513
Load workloads needs: 50757728824 ns 
[report] load_thread_ID : 34
[report] load_duration_ns : 50757728824
[report] load_duration_s : 50.757729
[report] load_throughput : 2736.292644
[report] load_average_latency_ns : 365457.986464
Load workloads needs: 51598431738 ns 
[report] load_thread_ID : 60
[report] load_duration_ns : 51598431738
[report] load_duration_s : 51.598432
[report] load_throughput : 2691.709715
[report] load_average_latency_ns : 371511.086185
Load workloads needs: 51835188955 ns 
[report] load_thread_ID : 42
[report] load_duration_ns : 51835188955
[report] load_duration_s : 51.835189
[report] load_throughput : 2679.415332
[report] load_average_latency_ns : 373215.749057
Load workloads needs: 52351581106 ns 
[report] load_thread_ID : 58
[report] load_duration_ns : 52351581106
[report] load_duration_s : 52.351581
[report] load_throughput : 2652.985776
[report] load_average_latency_ns : 376933.796339
Load workloads needs: 52480985044 ns 
[report] load_thread_ID : 36
[report] load_duration_ns : 52480985044
[report] load_duration_s : 52.480985
[report] load_throughput : 2646.444229
[report] load_average_latency_ns : 377865.510656
Load workloads needs: 52498462703 ns 
[report] load_thread_ID : 44
[report] load_duration_ns : 52498462703
[report] load_duration_s : 52.498463
[report] load_throughput : 2645.563181
[report] load_average_latency_ns : 377991.350606
Load workloads needs: 52814272954 ns 
[report] load_thread_ID : 52
[report] load_duration_ns : 52814272954
[report] load_duration_s : 52.814273
[report] load_throughput : 2629.743670
[report] load_average_latency_ns : 380265.198966
Load workloads needs: 54221546092 ns 
[report] load_thread_ID : 50
[report] load_duration_ns : 54221546092
[report] load_duration_s : 54.221546
[report] load_throughput : 2561.490957
[report] load_average_latency_ns : 390397.630407
Load workloads needs: 75463629232 ns 
[report] load_thread_ID : 51
[report] load_duration_ns : 75463629232
[report] load_duration_s : 75.463629
[report] load_throughput : 1840.462769
[report] load_average_latency_ns : 543341.607857
Load workloads needs: 76440586928 ns 
[report] load_thread_ID : 43
[report] load_duration_ns : 76440586928
[report] load_duration_s : 76.440587
[report] load_throughput : 1816.940523
[report] load_average_latency_ns : 550375.748286
Load workloads needs: 77539260406 ns 
[report] load_thread_ID : 35
[report] load_duration_ns : 77539260406
[report] load_duration_s : 77.539260
[report] load_throughput : 1791.195831
[report] load_average_latency_ns : 558286.247955
Load workloads needs: 77605937389 ns 
[report] load_thread_ID : 53
[report] load_duration_ns : 77605937389
[report] load_duration_s : 77.605937
[report] load_throughput : 1789.656883
[report] load_average_latency_ns : 558766.325305
Load workloads needs: 77905821832 ns 
[report] load_thread_ID : 45
[report] load_duration_ns : 77905821832
[report] load_duration_s : 77.905822
[report] load_throughput : 1782.767921
[report] load_average_latency_ns : 560925.507114
Load workloads needs: 78002469583 ns 
[report] load_thread_ID : 61
[report] load_duration_ns : 78002469583
[report] load_duration_s : 78.002470
[report] load_throughput : 1780.559010
[report] load_average_latency_ns : 561621.375374
Load workloads needs: 78064250578 ns 
[report] load_thread_ID : 0
[report] load_duration_ns : 78064250578
[report] load_duration_s : 78.064251
[report] load_throughput : 1779.149854
[report] load_average_latency_ns : 562066.201385
Load workloads needs: 78105801929 ns 
[report] load_thread_ID : 59
[report] load_duration_ns : 78105801929
[report] load_duration_s : 78.105802
[report] load_throughput : 1778.203367
[report] load_average_latency_ns : 562365.373027
Load workloads needs: 78225333297 ns 
[report] load_thread_ID : 67
[report] load_duration_ns : 78225333297
[report] load_duration_s : 78.225333
[report] load_throughput : 1775.486203
[report] load_average_latency_ns : 563226.004385
Load workloads needs: 78248229293 ns 
[report] load_thread_ID : 37
[report] load_duration_ns : 78248229293
[report] load_duration_s : 78.248229
[report] load_throughput : 1774.966683
[report] load_average_latency_ns : 563390.856611
All clients run done needs: 78243123656 ns 
[report] load_overall_duration_ns : 78243123656
[report] load_overall_duration_s : 78.243124
[report] load_overall_throughput : 127806.758380
[report] load_overall_average_latency_ns : 7824.312366
