numactl --membind=0 /mnt/nvme0/home/gxr/mongdb-run/test_mongodb/build//run_client --num_threads=18 --core_binding=0,1,2,3,4,5,6,7,8,9,10,11,12,13,14,15,128,129,130,131,132,133,134,135,136,137,138,139,140,141,142,143,16,17 18 19 20 21 22 23 24 25 26 27 28 29 30 31 144 145 146 147 148 149 150 151 152 153 154 155 156 157 158 159,32,33,34,35,36,37,38,39,40,41,42,43,44,45,46,47,160,161,162,163,164,165,166,167,168,169,170,171,172,173,174,175,48,49,50,51,52,53,54,55,56,57,58,59,60,61,62,63,176,177,178,179,180,181,182,183,184,185,186,187,188,189,190,191 --str_key_size=16 --str_key_size=256 --load_file=/mnt/nvme0/home/gxr/mongdb-run/workloads/ycsb/workloada-load-10000000-10000000.log.formated --run_file=/mnt/nvme0/home/gxr/mongdb-run/workloads/ycsb/workloada-run-10000000-10000000.log.formated --URI_set=mongodb://localhost:27017,mongodb://localhost:27018,mongodb://localhost:27019,mongodb://localhost:27020,mongodb://localhost:27021,mongodb://localhost:27022,mongodb://localhost:27023,mongodb://localhost:27024,mongodb://localhost:27025,mongodb://localhost:27026,mongodb://localhost:27027,mongodb://localhost:27028,mongodb://localhost:27029,mongodb://localhost:27030,mongodb://localhost:27031,mongodb://localhost:27032,mongodb://localhost:27033,mongodb://localhost:27034,mongodb://localhost:27035,mongodb://localhost:27036,mongodb://localhost:27037,mongodb://localhost:27038,mongodb://localhost:27039,mongodb://localhost:27040,mongodb://localhost:27041,mongodb://localhost:27042,mongodb://localhost:27043,mongodb://localhost:27044,mongodb://localhost:27045,mongodb://localhost:27046,mongodb://localhost:27047,mongodb://localhost:27048,mongodb://localhost:27049,mongodb://localhost:27050,mongodb://localhost:27051,mongodb://localhost:27052,mongodb://localhost:27053,mongodb://localhost:27054,mongodb://localhost:27055,mongodb://localhost:27056,mongodb://localhost:27057,mongodb://localhost:27058,mongodb://localhost:27059,mongodb://localhost:27060,mongodb://localhost:27061,mongodb://localhost:27062,mongodb://localhost:27063,mongodb://localhost:27064,mongodb://localhost:27065,mongodb://localhost:27066,mongodb://localhost:27067,mongodb://localhost:27068,mongodb://localhost:27069,mongodb://localhost:27070,mongodb://localhost:27071,mongodb://localhost:27072,mongodb://localhost:27073,mongodb://localhost:27074,mongodb://localhost:27075,mongodb://localhost:27076,mongodb://localhost:27077,mongodb://localhost:27078,mongodb://localhost:27079,mongodb://localhost:27080,mongodb://localhost:27081,mongodb://localhost:27082,mongodb://localhost:27083,mongodb://localhost:27084,mongodb://localhost:27085,mongodb://localhost:27086,mongodb://localhost:27087,mongodb://localhost:27088,mongodb://localhost:27089,mongodb://localhost:27090,mongodb://localhost:27091,mongodb://localhost:27092,mongodb://localhost:27093,mongodb://localhost:27094,mongodb://localhost:27095,mongodb://localhost:27096,mongodb://localhost:27097,mongodb://localhost:27098,mongodb://localhost:27099,mongodb://localhost:27100,mongodb://localhost:27101,mongodb://localhost:27102,mongodb://localhost:27103,mongodb://localhost:27104,mongodb://localhost:27105,mongodb://localhost:27106,mongodb://localhost:27107,mongodb://localhost:27108,mongodb://localhost:27109,mongodb://localhost:27110,mongodb://localhost:27111,mongodb://localhost:27112,mongodb://localhost:27113,mongodb://localhost:27114,mongodb://localhost:27115,mongodb://localhost:27116,mongodb://localhost:27117,mongodb://localhost:27118,mongodb://localhost:27119,mongodb://localhost:27120,mongodb://localhost:27121,mongodb://localhost:27122,mongodb://localhost:27123,mongodb://localhost:27124,mongodb://localhost:27125,mongodb://localhost:27126,mongodb://localhost:27127,mongodb://localhost:27128,mongodb://localhost:27129,mongodb://localhost:27130,mongodb://localhost:27131,mongodb://localhost:27132,mongodb://localhost:27133,mongodb://localhost:27134,mongodb://localhost:27135,mongodb://localhost:27136,mongodb://localhost:27137,mongodb://localhost:27138,mongodb://localhost:27139,mongodb://localhost:27140,mongodb://localhost:27141,mongodb://localhost:27142,mongodb://localhost:27143,mongodb://localhost:27144 --first_mode=true
mongodb://localhost:27017 mongodb://localhost:27018 mongodb://localhost:27019 mongodb://localhost:27020 mongodb://localhost:27021 mongodb://localhost:27022 mongodb://localhost:27023 mongodb://localhost:27024 mongodb://localhost:27025 mongodb://localhost:27026 mongodb://localhost:27027 mongodb://localhost:27028 mongodb://localhost:27029 mongodb://localhost:27030 mongodb://localhost:27031 mongodb://localhost:27032 mongodb://localhost:27033 mongodb://localhost:27034 mongodb://localhost:27035 mongodb://localhost:27036 mongodb://localhost:27037 mongodb://localhost:27038 mongodb://localhost:27039 mongodb://localhost:27040 mongodb://localhost:27041 mongodb://localhost:27042 mongodb://localhost:27043 mongodb://localhost:27044 mongodb://localhost:27045 mongodb://localhost:27046 mongodb://localhost:27047 mongodb://localhost:27048 mongodb://localhost:27049 mongodb://localhost:27050 mongodb://localhost:27051 mongodb://localhost:27052 mongodb://localhost:27053 mongodb://localhost:27054 mongodb://localhost:27055 mongodb://localhost:27056 mongodb://localhost:27057 mongodb://localhost:27058 mongodb://localhost:27059 mongodb://localhost:27060 mongodb://localhost:27061 mongodb://localhost:27062 mongodb://localhost:27063 mongodb://localhost:27064 mongodb://localhost:27065 mongodb://localhost:27066 mongodb://localhost:27067 mongodb://localhost:27068 mongodb://localhost:27069 mongodb://localhost:27070 mongodb://localhost:27071 mongodb://localhost:27072 mongodb://localhost:27073 mongodb://localhost:27074 mongodb://localhost:27075 mongodb://localhost:27076 mongodb://localhost:27077 mongodb://localhost:27078 mongodb://localhost:27079 mongodb://localhost:27080 mongodb://localhost:27081 mongodb://localhost:27082 mongodb://localhost:27083 mongodb://localhost:27084 mongodb://localhost:27085 mongodb://localhost:27086 mongodb://localhost:27087 mongodb://localhost:27088 mongodb://localhost:27089 mongodb://localhost:27090 mongodb://localhost:27091 mongodb://localhost:27092 mongodb://localhost:27093 mongodb://localhost:27094 mongodb://localhost:27095 mongodb://localhost:27096 mongodb://localhost:27097 mongodb://localhost:27098 mongodb://localhost:27099 mongodb://localhost:27100 mongodb://localhost:27101 mongodb://localhost:27102 mongodb://localhost:27103 mongodb://localhost:27104 mongodb://localhost:27105 mongodb://localhost:27106 mongodb://localhost:27107 mongodb://localhost:27108 mongodb://localhost:27109 mongodb://localhost:27110 mongodb://localhost:27111 mongodb://localhost:27112 mongodb://localhost:27113 mongodb://localhost:27114 mongodb://localhost:27115 mongodb://localhost:27116 mongodb://localhost:27117 mongodb://localhost:27118 mongodb://localhost:27119 mongodb://localhost:27120 mongodb://localhost:27121 mongodb://localhost:27122 mongodb://localhost:27123 mongodb://localhost:27124 mongodb://localhost:27125 mongodb://localhost:27126 mongodb://localhost:27127 mongodb://localhost:27128 mongodb://localhost:27129 mongodb://localhost:27130 mongodb://localhost:27131 mongodb://localhost:27132 mongodb://localhost:27133 mongodb://localhost:27134 mongodb://localhost:27135 mongodb://localhost:27136 mongodb://localhost:27137 mongodb://localhost:27138 mongodb://localhost:27139 mongodb://localhost:27140 mongodb://localhost:27141 mongodb://localhost:27142 mongodb://localhost:27143 mongodb://localhost:27144 reading workload files ...
load_filename : /mnt/nvme0/home/gxr/mongdb-run/workloads/ycsb/workloada-load-10000000-10000000.log.formated
read load file needs: 6041615168 s 
run_filename : /mnt/nvme0/home/gxr/mongdb-run/workloads/ycsb/workloada-run-10000000-10000000.log.formated
read run file needs: 6114820117 s 
num_of_load_ops is 10000000
num_of_run_ops is 10000000
0 1 2 3 4 5 6 7 8 9 10 11 12 13 14 15 128 129 130 131 132 133 134 135 136 137 138 139 140 141 142 143 16 17 URI: URI: mongodb://localhost:27017
URI: mongodb://localhost:27017
URI: URI: mongodb://localhost:27017
URI: mongodb://localhost:27017
URI: mongodb://localhost:27017
URI: URI: mongodb://localhost:27017
mongodb://localhost:27017
URI: mongodb://localhost:27017
URI: mongodb://localhost:27017
URI: mongodb://localhost:27017
mongodb://localhost:27017
URI: mongodb://localhost:27017
URI: mongodb://localhost:27017
URI: mongodb://localhost:27017
URI: mongodb://localhost:27017
URI: mongodb://localhost:27017
URI: mongodb://localhost:27017
mongodb://localhost:27017
Load workloads needs: 92954345118 ns 
[report] load_thread_ID : 17
[report] load_duration_ns : 92954345118
[report] load_duration_s : 92.954345
[report] load_throughput : 5976.643688
[report] load_average_latency_ns : 167317.988530
Load workloads needs: 93481471095 ns 
[report] load_thread_ID : 15
[report] load_duration_ns : 93481471095
[report] load_duration_s : 93.481471
[report] load_throughput : 5942.942419
[report] load_average_latency_ns : 168266.816238
Load workloads needs: 93739426436 ns 
[report] load_thread_ID : 10
[report] load_duration_ns : 93739426436
[report] load_duration_s : 93.739426
[report] load_throughput : 5926.588428
[report] load_average_latency_ns : 168731.136316
Load workloads needs: 93783244590 ns 
[report] load_thread_ID : 14
[report] load_duration_ns : 93783244590
[report] load_duration_s : 93.783245
[report] load_throughput : 5923.819361
[report] load_average_latency_ns : 168810.009072
Load workloads needs: 93928792839 ns 
[report] load_thread_ID : 12
[report] load_duration_ns : 93928792839
[report] load_duration_s : 93.928793
[report] load_throughput : 5914.640050
[report] load_average_latency_ns : 169071.996182
Load workloads needs: 93953050924 ns 
[report] load_thread_ID : 11
[report] load_duration_ns : 93953050924
[report] load_duration_s : 93.953051
[report] load_throughput : 5913.112928
[report] load_average_latency_ns : 169115.660779
Load workloads needs: 93966665932 ns 
[report] load_thread_ID : 16
[report] load_duration_ns : 93966665932
[report] load_duration_s : 93.966666
[report] load_throughput : 5912.256165
[report] load_average_latency_ns : 169140.167818
Load workloads needs: 93978959244 ns 
[report] load_thread_ID : 9
[report] load_duration_ns : 93978959244
[report] load_duration_s : 93.978959
[report] load_throughput : 5911.482788
[report] load_average_latency_ns : 169162.295801
Load workloads needs: 94128076191 ns 
[report] load_thread_ID : 8
[report] load_duration_ns : 94128076191
[report] load_duration_s : 94.128076
[report] load_throughput : 5902.117864
[report] load_average_latency_ns : 169430.706575
Load workloads needs: 94711533933 ns 
[report] load_thread_ID : 13
[report] load_duration_ns : 94711533933
[report] load_duration_s : 94.711534
[report] load_throughput : 5865.758656
[report] load_average_latency_ns : 170480.931560
Load workloads needs: 103862594766 ns 
[report] load_thread_ID : 0
[report] load_duration_ns : 103862594766
[report] load_duration_s : 103.862595
[report] load_throughput : 5348.942045
[report] load_average_latency_ns : 186952.857532
Load workloads needs: 103928342502 ns 
[report] load_thread_ID : 1
[report] load_duration_ns : 103928342502
[report] load_duration_s : 103.928343
[report] load_throughput : 5345.558167
[report] load_average_latency_ns : 187071.203575
Load workloads needs: 105059106641 ns 
[report] load_thread_ID : 3
[report] load_duration_ns : 105059106641
[report] load_duration_s : 105.059107
[report] load_throughput : 5288.023264
[report] load_average_latency_ns : 189106.581060
Load workloads needs: 105271697781 ns 
[report] load_thread_ID : 5
[report] load_duration_ns : 105271697781
[report] load_duration_s : 105.271698
[report] load_throughput : 5277.344355
[report] load_average_latency_ns : 189489.245495
Load workloads needs: 106022400439 ns 
[report] load_thread_ID : 6
[report] load_duration_ns : 106022400439
[report] load_duration_s : 106.022400
[report] load_throughput : 5239.977568
[report] load_average_latency_ns : 190840.511631
Load workloads needs: 106113685735 ns 
[report] load_thread_ID : 4
[report] load_duration_ns : 106113685735
[report] load_duration_s : 106.113686
[report] load_throughput : 5235.469828
[report] load_average_latency_ns : 191004.825328
Load workloads needs: 106201189173 ns 
[report] load_thread_ID : 2
[report] load_duration_ns : 106201189173
[report] load_duration_s : 106.201189
[report] load_throughput : 5231.156113
[report] load_average_latency_ns : 191162.331674
Load workloads needs: 106571371983 ns 
[report] load_thread_ID : 7
[report] load_duration_ns : 106571371983
[report] load_duration_s : 106.571372
[report] load_throughput : 5212.985342
[report] load_average_latency_ns : 191828.661398
All clients run done needs: 106572164190 ns 
[report] load_overall_duration_ns : 106572164190
[report] load_overall_duration_s : 106.572164
[report] load_overall_throughput : 93833.132469
[report] load_overall_average_latency_ns : 10657.216419
