numactl --membind=0 /mnt/nvme0/home/gxr/mongdb-run/test_mongodb/build//run_client --num_threads=68 --core_binding=0,1,2,3,4,5,6,7,8,9,10,11,12,13,14,15,128,129,130,131,132,133,134,135,136,137,138,139,140,141,142,143,16,17 18 19 20 21 22 23 24 25 26 27 28 29 30 31 144 145 146 147 148 149 150 151 152 153 154 155 156 157 158 159,32,33,34,35,36,37,38,39,40,41,42,43,44,45,46,47,160,161,162,163,164,165,166,167,168,169,170,171,172,173,174,175,48,49,50,51,52,53,54,55,56,57,58,59,60,61,62,63,176,177,178,179,180,181,182,183,184,185,186,187,188,189,190,191 --str_key_size=16 --str_key_size=256 --load_file=/mnt/nvme0/home/gxr/mongdb-run/workloads/ycsb/workloada-load-10000000-10000000.log.formated --run_file=/mnt/nvme0/home/gxr/mongdb-run/workloads/ycsb/workloada-run-10000000-10000000.log.formated --URI_set=mongodb://localhost:27017,mongodb://localhost:27018,mongodb://localhost:27019,mongodb://localhost:27020,mongodb://localhost:27021,mongodb://localhost:27022,mongodb://localhost:27023,mongodb://localhost:27024,mongodb://localhost:27025,mongodb://localhost:27026,mongodb://localhost:27027,mongodb://localhost:27028,mongodb://localhost:27029,mongodb://localhost:27030,mongodb://localhost:27031,mongodb://localhost:27032,mongodb://localhost:27033,mongodb://localhost:27034,mongodb://localhost:27035,mongodb://localhost:27036,mongodb://localhost:27037,mongodb://localhost:27038,mongodb://localhost:27039,mongodb://localhost:27040,mongodb://localhost:27041,mongodb://localhost:27042,mongodb://localhost:27043,mongodb://localhost:27044,mongodb://localhost:27045,mongodb://localhost:27046,mongodb://localhost:27047,mongodb://localhost:27048,mongodb://localhost:27049,mongodb://localhost:27050,mongodb://localhost:27051,mongodb://localhost:27052,mongodb://localhost:27053,mongodb://localhost:27054,mongodb://localhost:27055,mongodb://localhost:27056,mongodb://localhost:27057,mongodb://localhost:27058,mongodb://localhost:27059,mongodb://localhost:27060,mongodb://localhost:27061,mongodb://localhost:27062,mongodb://localhost:27063,mongodb://localhost:27064,mongodb://localhost:27065,mongodb://localhost:27066,mongodb://localhost:27067,mongodb://localhost:27068,mongodb://localhost:27069,mongodb://localhost:27070,mongodb://localhost:27071,mongodb://localhost:27072,mongodb://localhost:27073,mongodb://localhost:27074,mongodb://localhost:27075,mongodb://localhost:27076,mongodb://localhost:27077,mongodb://localhost:27078,mongodb://localhost:27079,mongodb://localhost:27080,mongodb://localhost:27081,mongodb://localhost:27082,mongodb://localhost:27083,mongodb://localhost:27084,mongodb://localhost:27085,mongodb://localhost:27086,mongodb://localhost:27087,mongodb://localhost:27088,mongodb://localhost:27089,mongodb://localhost:27090,mongodb://localhost:27091,mongodb://localhost:27092,mongodb://localhost:27093,mongodb://localhost:27094,mongodb://localhost:27095,mongodb://localhost:27096,mongodb://localhost:27097,mongodb://localhost:27098,mongodb://localhost:27099,mongodb://localhost:27100,mongodb://localhost:27101,mongodb://localhost:27102,mongodb://localhost:27103,mongodb://localhost:27104,mongodb://localhost:27105,mongodb://localhost:27106,mongodb://localhost:27107,mongodb://localhost:27108,mongodb://localhost:27109,mongodb://localhost:27110,mongodb://localhost:27111,mongodb://localhost:27112,mongodb://localhost:27113,mongodb://localhost:27114,mongodb://localhost:27115,mongodb://localhost:27116,mongodb://localhost:27117,mongodb://localhost:27118,mongodb://localhost:27119,mongodb://localhost:27120,mongodb://localhost:27121,mongodb://localhost:27122,mongodb://localhost:27123,mongodb://localhost:27124,mongodb://localhost:27125,mongodb://localhost:27126,mongodb://localhost:27127,mongodb://localhost:27128,mongodb://localhost:27129,mongodb://localhost:27130,mongodb://localhost:27131,mongodb://localhost:27132,mongodb://localhost:27133,mongodb://localhost:27134,mongodb://localhost:27135,mongodb://localhost:27136,mongodb://localhost:27137,mongodb://localhost:27138,mongodb://localhost:27139,mongodb://localhost:27140,mongodb://localhost:27141,mongodb://localhost:27142,mongodb://localhost:27143,mongodb://localhost:27144 --first_mode=true
mongodb://localhost:27017 mongodb://localhost:27018 mongodb://localhost:27019 mongodb://localhost:27020 mongodb://localhost:27021 mongodb://localhost:27022 mongodb://localhost:27023 mongodb://localhost:27024 mongodb://localhost:27025 mongodb://localhost:27026 mongodb://localhost:27027 mongodb://localhost:27028 mongodb://localhost:27029 mongodb://localhost:27030 mongodb://localhost:27031 mongodb://localhost:27032 mongodb://localhost:27033 mongodb://localhost:27034 mongodb://localhost:27035 mongodb://localhost:27036 mongodb://localhost:27037 mongodb://localhost:27038 mongodb://localhost:27039 mongodb://localhost:27040 mongodb://localhost:27041 mongodb://localhost:27042 mongodb://localhost:27043 mongodb://localhost:27044 mongodb://localhost:27045 mongodb://localhost:27046 mongodb://localhost:27047 mongodb://localhost:27048 mongodb://localhost:27049 mongodb://localhost:27050 mongodb://localhost:27051 mongodb://localhost:27052 mongodb://localhost:27053 mongodb://localhost:27054 mongodb://localhost:27055 mongodb://localhost:27056 mongodb://localhost:27057 mongodb://localhost:27058 mongodb://localhost:27059 mongodb://localhost:27060 mongodb://localhost:27061 mongodb://localhost:27062 mongodb://localhost:27063 mongodb://localhost:27064 mongodb://localhost:27065 mongodb://localhost:27066 mongodb://localhost:27067 mongodb://localhost:27068 mongodb://localhost:27069 mongodb://localhost:27070 mongodb://localhost:27071 mongodb://localhost:27072 mongodb://localhost:27073 mongodb://localhost:27074 mongodb://localhost:27075 mongodb://localhost:27076 mongodb://localhost:27077 mongodb://localhost:27078 mongodb://localhost:27079 mongodb://localhost:27080 mongodb://localhost:27081 mongodb://localhost:27082 mongodb://localhost:27083 mongodb://localhost:27084 mongodb://localhost:27085 mongodb://localhost:27086 mongodb://localhost:27087 mongodb://localhost:27088 mongodb://localhost:27089 mongodb://localhost:27090 mongodb://localhost:27091 mongodb://localhost:27092 mongodb://localhost:27093 mongodb://localhost:27094 mongodb://localhost:27095 mongodb://localhost:27096 mongodb://localhost:27097 mongodb://localhost:27098 mongodb://localhost:27099 mongodb://localhost:27100 mongodb://localhost:27101 mongodb://localhost:27102 mongodb://localhost:27103 mongodb://localhost:27104 mongodb://localhost:27105 mongodb://localhost:27106 mongodb://localhost:27107 mongodb://localhost:27108 mongodb://localhost:27109 mongodb://localhost:27110 mongodb://localhost:27111 mongodb://localhost:27112 mongodb://localhost:27113 mongodb://localhost:27114 mongodb://localhost:27115 mongodb://localhost:27116 mongodb://localhost:27117 mongodb://localhost:27118 mongodb://localhost:27119 mongodb://localhost:27120 mongodb://localhost:27121 mongodb://localhost:27122 mongodb://localhost:27123 mongodb://localhost:27124 mongodb://localhost:27125 mongodb://localhost:27126 mongodb://localhost:27127 mongodb://localhost:27128 mongodb://localhost:27129 mongodb://localhost:27130 mongodb://localhost:27131 mongodb://localhost:27132 mongodb://localhost:27133 mongodb://localhost:27134 mongodb://localhost:27135 mongodb://localhost:27136 mongodb://localhost:27137 mongodb://localhost:27138 mongodb://localhost:27139 mongodb://localhost:27140 mongodb://localhost:27141 mongodb://localhost:27142 mongodb://localhost:27143 mongodb://localhost:27144 reading workload files ...
load_filename : /mnt/nvme0/home/gxr/mongdb-run/workloads/ycsb/workloada-load-10000000-10000000.log.formated
read load file needs: 5031840757 s 
run_filename : /mnt/nvme0/home/gxr/mongdb-run/workloads/ycsb/workloada-run-10000000-10000000.log.formated
read run file needs: 5180023592 s 
num_of_load_ops is 10000000
num_of_run_ops is 10000000
0 1 2 3 4 5 6 7 8 9 10 11 12 13 14 15 128 129 130 131 132 133 134 135 136 137 138 139 140 141 142 143 16 17 URI: URI: mongodb://localhost:27017
URI: mongodb://localhost:27017
mongodb://localhost:27017
URI: URI: URI: URI: URI: mongodb://localhost:27017URI: URI: mongodb://localhost:27017mongodb://localhost:27017

URI: mongodb://localhost:27017

URI: URI: mongodb://localhost:27017URI: mongodb://localhost:27017
URI: mongodb://localhost:27017
URI: URI: URI: mongodb://localhost:27017
URI: mongodb://localhost:27017mongodb://localhost:27017
URI: mongodb://localhost:27017
mongodb://localhost:27017
mongodb://localhost:27017
URI: mongodb://localhost:27017
mongodb://localhost:27017
mongodb://localhost:27017
mongodb://localhost:27017
URI: mongodb://localhost:27017
mongodb://localhost:27017
URI: mongodb://localhost:27017
URI: mongodb://localhost:27017
URI: mongodb://localhost:27017


URI: mongodb://localhost:27017
URI: mongodb://localhost:27017
URI: mongodb://localhost:27017
URI: mongodb://localhost:27017URI: mongodb://localhost:27017
URI: 
mongodb://localhost:27017
URI: mongodb://localhost:27017
URI: mongodb://localhost:27017
URI: URI: URI: mongodb://localhost:27017
mongodb://localhost:27017
mongodb://localhost:27017sched_setaffinity
URI: mongodb://localhost:27017

URI: sched_setaffinity
mongodb://localhost:27017
URI: mongodb://localhost:27017
URI: mongodb://localhost:27017
sched_setaffinity
URI: mongodb://localhost:27017
sched_setaffinity
URI: mongodb://localhost:27017
URI: mongodb://localhost:27017
sched_setaffinity
URI: mongodb://localhost:27017
URI: mongodb://localhost:27017
sched_setaffinity
URI: mongodb://localhost:27017
URI: mongodb://localhost:27017
URI: mongodb://localhost:27017
sched_setaffinity
sched_setaffinity
URI: mongodb://localhost:27017
URI: mongodb://localhost:27017
URI: mongodb://localhost:27017
URI: mongodb://localhost:27017
sched_setaffinity
sched_setaffinity
URI: mongodb://localhost:27017
URI: mongodb://localhost:27017
URI: mongodb://localhost:27017
URI: mongodb://localhost:27017
sched_setaffinity
URI: mongodb://localhost:27017
sched_setaffinity
URI: mongodb://localhost:27017
URI: mongodb://localhost:27017
URI: mongodb://localhost:27017
URI: mongodb://localhost:27017
sched_setaffinity
URI: mongodb://localhost:27017
URI: mongodb://localhost:27017
sched_setaffinity
sched_setaffinity
URI: mongodb://localhost:27017
sched_setaffinity
URI: mongodb://localhost:27017
URI: mongodb://localhost:27017
URI: mongodb://localhost:27017
URI: mongodb://localhost:27017
Load workloads needs: 28724877103 ns 
[report] load_thread_ID : 66
[report] load_duration_ns : 28724877103
[report] load_duration_s : 28.724877
[report] load_throughput : 5119.534523
[report] load_average_latency_ns : 195330.258150
Load workloads needs: 29747970417 ns 
[report] load_thread_ID : 40
[report] load_duration_ns : 29747970417
[report] load_duration_s : 29.747970
[report] load_throughput : 4943.463300
[report] load_average_latency_ns : 202287.331645
Load workloads needs: 30100320586 ns 
[report] load_thread_ID : 64
[report] load_duration_ns : 30100320586
[report] load_duration_s : 30.100321
[report] load_throughput : 4885.595806
[report] load_average_latency_ns : 204683.326211
Load workloads needs: 30424505946 ns 
[report] load_thread_ID : 46
[report] load_duration_ns : 30424505946
[report] load_duration_s : 30.424506
[report] load_throughput : 4833.537815
[report] load_average_latency_ns : 206887.799004
Load workloads needs: 30726461149 ns 
[report] load_thread_ID : 41
[report] load_duration_ns : 30726461149
[report] load_duration_s : 30.726461
[report] load_throughput : 4786.037653
[report] load_average_latency_ns : 208941.105883
Load workloads needs: 30863093887 ns 
[report] load_thread_ID : 39
[report] load_duration_ns : 30863093887
[report] load_duration_s : 30.863094
[report] load_throughput : 4764.849582
[report] load_average_latency_ns : 209870.213705
Load workloads needs: 30880323368 ns 
[report] load_thread_ID : 57
[report] load_duration_ns : 30880323368
[report] load_duration_s : 30.880323
[report] load_throughput : 4762.191064
[report] load_average_latency_ns : 209987.374832
Load workloads needs: 30895565564 ns 
[report] load_thread_ID : 33
[report] load_duration_ns : 30895565564
[report] load_duration_s : 30.895566
[report] load_throughput : 4759.841657
[report] load_average_latency_ns : 210091.022345
Load workloads needs: 30918550467 ns 
[report] load_thread_ID : 62
[report] load_duration_ns : 30918550467
[report] load_duration_s : 30.918550
[report] load_throughput : 4756.303183
[report] load_average_latency_ns : 210247.320561
Load workloads needs: 30977021660 ns 
[report] load_thread_ID : 54
[report] load_duration_ns : 30977021660
[report] load_duration_s : 30.977022
[report] load_throughput : 4747.325344
[report] load_average_latency_ns : 210644.926900
Load workloads needs: 30998271579 ns 
[report] load_thread_ID : 55
[report] load_duration_ns : 30998271579
[report] load_duration_s : 30.998272
[report] load_throughput : 4744.070960
[report] load_average_latency_ns : 210789.427158
Load workloads needs: 31161123942 ns 
[report] load_thread_ID : 38
[report] load_duration_ns : 31161123942
[report] load_duration_s : 31.161124
[report] load_throughput : 4719.277786
[report] load_average_latency_ns : 211896.829428
Load workloads needs: 31324861752 ns 
[report] load_thread_ID : 32
[report] load_duration_ns : 31324861752
[report] load_duration_s : 31.324862
[report] load_throughput : 4694.609705
[report] load_average_latency_ns : 213010.252771
Load workloads needs: 31438561425 ns 
[report] load_thread_ID : 47
[report] load_duration_ns : 31438561425
[report] load_duration_s : 31.438561
[report] load_throughput : 4677.631333
[report] load_average_latency_ns : 213783.414877
Load workloads needs: 31813285570 ns 
[report] load_thread_ID : 56
[report] load_duration_ns : 31813285570
[report] load_duration_s : 31.813286
[report] load_throughput : 4622.534182
[report] load_average_latency_ns : 216331.553333
Load workloads needs: 32052807452 ns 
[report] load_thread_ID : 65
[report] load_duration_ns : 32052807452
[report] load_duration_s : 32.052807
[report] load_throughput : 4587.991246
[report] load_average_latency_ns : 217960.311251
Load workloads needs: 32176116708 ns 
[report] load_thread_ID : 48
[report] load_duration_ns : 32176116708
[report] load_duration_s : 32.176117
[report] load_throughput : 4570.408584
[report] load_average_latency_ns : 218798.818888
Load workloads needs: 32418744472 ns 
[report] load_thread_ID : 49
[report] load_duration_ns : 32418744472
[report] load_duration_s : 32.418744
[report] load_throughput : 4536.202817
[report] load_average_latency_ns : 220448.696922
Load workloads needs: 32617540132 ns 
[report] load_thread_ID : 63
[report] load_duration_ns : 32617540132
[report] load_duration_s : 32.617540
[report] load_throughput : 4508.555808
[report] load_average_latency_ns : 221800.514980
Load workloads needs: 38317676851 ns 
[report] load_thread_ID : 18
[report] load_duration_ns : 38317676851
[report] load_duration_s : 38.317677
[report] load_throughput : 3837.863151
[report] load_average_latency_ns : 260561.661732
Load workloads needs: 38455847225 ns 
[report] load_thread_ID : 21
[report] load_duration_ns : 38455847225
[report] load_duration_s : 38.455847
[report] load_throughput : 3824.073856
[report] load_average_latency_ns : 261501.225537
Load workloads needs: 38482059099 ns 
[report] load_thread_ID : 27
[report] load_duration_ns : 38482059099
[report] load_duration_s : 38.482059
[report] load_throughput : 3821.469106
[report] load_average_latency_ns : 261679.467278
Load workloads needs: 38493703416 ns 
[report] load_thread_ID : 11
[report] load_duration_ns : 38493703416
[report] load_duration_s : 38.493703
[report] load_throughput : 3820.313115
[report] load_average_latency_ns : 261758.649077
Load workloads needs: 38716124998 ns 
[report] load_thread_ID : 5
[report] load_duration_ns : 38716124998
[report] load_duration_s : 38.716125
[report] load_throughput : 3798.365668
[report] load_average_latency_ns : 263271.124305
Load workloads needs: 38803525717 ns 
[report] load_thread_ID : 22
[report] load_duration_ns : 38803525717
[report] load_duration_s : 38.803526
[report] load_throughput : 3789.810263
[report] load_average_latency_ns : 263865.452522
Load workloads needs: 38829295623 ns 
[report] load_thread_ID : 2
[report] load_duration_ns : 38829295623
[report] load_duration_s : 38.829296
[report] load_throughput : 3787.295073
[report] load_average_latency_ns : 264040.688864
Load workloads needs: 38840820860 ns 
[report] load_thread_ID : 17
[report] load_duration_ns : 38840820860
[report] load_duration_s : 38.840821
[report] load_throughput : 3786.171269
[report] load_average_latency_ns : 264119.060915
Load workloads needs: 38901080267 ns 
[report] load_thread_ID : 6
[report] load_duration_ns : 38901080267
[report] load_duration_s : 38.901080
[report] load_throughput : 3780.306331
[report] load_average_latency_ns : 264528.827177
Load workloads needs: 38903338620 ns 
[report] load_thread_ID : 26
[report] load_duration_ns : 38903338620
[report] load_duration_s : 38.903339
[report] load_throughput : 3780.086882
[report] load_average_latency_ns : 264544.184063
Load workloads needs: 38914230629 ns 
[report] load_thread_ID : 29
[report] load_duration_ns : 38914230629
[report] load_duration_s : 38.914231
[report] load_throughput : 3779.028844
[report] load_average_latency_ns : 264618.250139
Load workloads needs: 38939875165 ns 
[report] load_thread_ID : 30
[report] load_duration_ns : 38939875165
[report] load_duration_s : 38.939875
[report] load_throughput : 3776.540099
[report] load_average_latency_ns : 264792.633961
Load workloads needs: 39108132152 ns 
[report] load_thread_ID : 24
[report] load_duration_ns : 39108132152
[report] load_duration_s : 39.108132
[report] load_throughput : 3760.292090
[report] load_average_latency_ns : 265936.787880
Load workloads needs: 39140580780 ns 
[report] load_thread_ID : 31
[report] load_duration_ns : 39140580780
[report] load_duration_s : 39.140581
[report] load_throughput : 3757.174704
[report] load_average_latency_ns : 266157.439786
Load workloads needs: 39153006654 ns 
[report] load_thread_ID : 1
[report] load_duration_ns : 39153006654
[report] load_duration_s : 39.153007
[report] load_throughput : 3755.982300
[report] load_average_latency_ns : 266241.936202
Load workloads needs: 39193450608 ns 
[report] load_thread_ID : 7
[report] load_duration_ns : 39193450608
[report] load_duration_s : 39.193451
[report] load_throughput : 3752.106480
[report] load_average_latency_ns : 266516.956629
Load workloads needs: 39230714090 ns 
[report] load_thread_ID : 13
[report] load_duration_ns : 39230714090
[report] load_duration_s : 39.230714
[report] load_throughput : 3748.542524
[report] load_average_latency_ns : 266770.349726
Load workloads needs: 39247236403 ns 
[report] load_thread_ID : 28
[report] load_duration_ns : 39247236403
[report] load_duration_s : 39.247236
[report] load_throughput : 3746.964461
[report] load_average_latency_ns : 266882.702084
Load workloads needs: 39271514703 ns 
[report] load_thread_ID : 14
[report] load_duration_ns : 39271514703
[report] load_duration_s : 39.271515
[report] load_throughput : 3744.648026
[report] load_average_latency_ns : 267047.795448
Load workloads needs: 39290384809 ns 
[report] load_thread_ID : 8
[report] load_duration_ns : 39290384809
[report] load_duration_s : 39.290385
[report] load_throughput : 3742.849573
[report] load_average_latency_ns : 267176.112887
Load workloads needs: 39310199002 ns 
[report] load_thread_ID : 16
[report] load_duration_ns : 39310199002
[report] load_duration_s : 39.310199
[report] load_throughput : 3740.963000
[report] load_average_latency_ns : 267310.850154
Load workloads needs: 39330898683 ns 
[report] load_thread_ID : 15
[report] load_duration_ns : 39330898683
[report] load_duration_s : 39.330899
[report] load_throughput : 3738.994148
[report] load_average_latency_ns : 267451.608773
Load workloads needs: 39364766666 ns 
[report] load_thread_ID : 20
[report] load_duration_ns : 39364766666
[report] load_duration_s : 39.364767
[report] load_throughput : 3735.777256
[report] load_average_latency_ns : 267681.912348
Load workloads needs: 39426057370 ns 
[report] load_thread_ID : 23
[report] load_duration_ns : 39426057370
[report] load_duration_s : 39.426057
[report] load_throughput : 3729.969716
[report] load_average_latency_ns : 268098.691469
Load workloads needs: 39445310285 ns 
[report] load_thread_ID : 12
[report] load_duration_ns : 39445310285
[report] load_duration_s : 39.445310
[report] load_throughput : 3728.149150
[report] load_average_latency_ns : 268229.612024
Load workloads needs: 39532510114 ns 
[report] load_thread_ID : 10
[report] load_duration_ns : 39532510114
[report] load_duration_s : 39.532510
[report] load_throughput : 3719.925691
[report] load_average_latency_ns : 268822.574182
Load workloads needs: 39597401768 ns 
[report] load_thread_ID : 19
[report] load_duration_ns : 39597401768
[report] load_duration_s : 39.597402
[report] load_throughput : 3713.829530
[report] load_average_latency_ns : 269263.839900
Load workloads needs: 39608627046 ns 
[report] load_thread_ID : 3
[report] load_duration_ns : 39608627046
[report] load_duration_s : 39.608627
[report] load_throughput : 3712.777013
[report] load_average_latency_ns : 269340.172218
Load workloads needs: 39668382975 ns 
[report] load_thread_ID : 4
[report] load_duration_ns : 39668382975
[report] load_duration_s : 39.668383
[report] load_throughput : 3707.184134
[report] load_average_latency_ns : 269746.514810
Load workloads needs: 39678435285 ns 
[report] load_thread_ID : 25
[report] load_duration_ns : 39678435285
[report] load_duration_s : 39.678435
[report] load_throughput : 3706.244940
[report] load_average_latency_ns : 269814.870901
Load workloads needs: 39762319805 ns 
[report] load_thread_ID : 9
[report] load_duration_ns : 39762319805
[report] load_duration_s : 39.762320
[report] load_throughput : 3698.426066
[report] load_average_latency_ns : 270385.288832
Load workloads needs: 54996288632 ns 
[report] load_thread_ID : 36
[report] load_duration_ns : 54996288632
[report] load_duration_s : 54.996289
[report] load_throughput : 2673.962256
[report] load_average_latency_ns : 373976.856968
Load workloads needs: 55013521703 ns 
[report] load_thread_ID : 52
[report] load_duration_ns : 55013521703
[report] load_duration_s : 55.013522
[report] load_throughput : 2673.124633
[report] load_average_latency_ns : 374094.042507
Load workloads needs: 55353816446 ns 
[report] load_thread_ID : 34
[report] load_duration_ns : 55353816446
[report] load_duration_s : 55.353816
[report] load_throughput : 2656.691254
[report] load_average_latency_ns : 376408.059718
Load workloads needs: 55829813670 ns 
[report] load_thread_ID : 50
[report] load_duration_ns : 55829813670
[report] load_duration_s : 55.829814
[report] load_throughput : 2634.040673
[report] load_average_latency_ns : 379644.858967
Load workloads needs: 55936442315 ns 
[report] load_thread_ID : 44
[report] load_duration_ns : 55936442315
[report] load_duration_s : 55.936442
[report] load_throughput : 2629.019543
[report] load_average_latency_ns : 380369.937814
Load workloads needs: 55985516063 ns 
[report] load_thread_ID : 58
[report] load_duration_ns : 55985516063
[report] load_duration_s : 55.985516
[report] load_throughput : 2626.715092
[report] load_average_latency_ns : 380703.641169
Load workloads needs: 56384568718 ns 
[report] load_thread_ID : 60
[report] load_duration_ns : 56384568718
[report] load_duration_s : 56.384569
[report] load_throughput : 2608.124942
[report] load_average_latency_ns : 383417.214419
Load workloads needs: 56782980065 ns 
[report] load_thread_ID : 42
[report] load_duration_ns : 56782980065
[report] load_duration_s : 56.782980
[report] load_throughput : 2589.825328
[report] load_average_latency_ns : 386126.426750
Load workloads needs: 77790209793 ns 
[report] load_thread_ID : 59
[report] load_duration_ns : 77790209793
[report] load_duration_s : 77.790210
[report] load_throughput : 1890.443545
[report] load_average_latency_ns : 528976.388860
Load workloads needs: 80458894315 ns 
[report] load_thread_ID : 35
[report] load_duration_ns : 80458894315
[report] load_duration_s : 80.458894
[report] load_throughput : 1827.740752
[report] load_average_latency_ns : 547123.545234
Load workloads needs: 80577044445 ns 
[report] load_thread_ID : 61
[report] load_duration_ns : 80577044445
[report] load_duration_s : 80.577044
[report] load_throughput : 1825.060736
[report] load_average_latency_ns : 547926.970617
Load workloads needs: 80904583166 ns 
[report] load_thread_ID : 51
[report] load_duration_ns : 80904583166
[report] load_duration_s : 80.904583
[report] load_throughput : 1817.672056
[report] load_average_latency_ns : 550154.246393
Load workloads needs: 81018472029 ns 
[report] load_thread_ID : 45
[report] load_duration_ns : 81018472029
[report] load_duration_s : 81.018472
[report] load_throughput : 1815.116927
[report] load_average_latency_ns : 550928.694998
Load workloads needs: 81100241104 ns 
[report] load_thread_ID : 37
[report] load_duration_ns : 81100241104
[report] load_duration_s : 81.100241
[report] load_throughput : 1813.286841
[report] load_average_latency_ns : 551484.727822
Load workloads needs: 81106124637 ns 
[report] load_thread_ID : 67
[report] load_duration_ns : 81106124637
[report] load_duration_s : 81.106125
[report] load_throughput : 1813.155303
[report] load_average_latency_ns : 551524.736070
Load workloads needs: 81334089633 ns 
[report] load_thread_ID : 53
[report] load_duration_ns : 81334089633
[report] load_duration_s : 81.334090
[report] load_throughput : 1808.073351
[report] load_average_latency_ns : 553074.906724
Load workloads needs: 81377275599 ns 
[report] load_thread_ID : 43
[report] load_duration_ns : 81377275599
[report] load_duration_s : 81.377276
[report] load_throughput : 1807.113828
[report] load_average_latency_ns : 553368.572937
Load workloads needs: 81416651356 ns 
[report] load_thread_ID : 0
[report] load_duration_ns : 81416651356
[report] load_duration_s : 81.416651
[report] load_throughput : 1806.239848
[report] load_average_latency_ns : 553636.329584
All clients run done needs: 81412571298 ns 
[report] load_overall_duration_ns : 81412571298
[report] load_overall_duration_s : 81.412571
[report] load_overall_throughput : 122831.152985
[report] load_overall_average_latency_ns : 8141.257130
