numactl --membind=0 /mnt/nvme0/home/gxr/mongdb-run/test_mongodb/build//run_client --num_threads=46 --core_binding=0,1,2,3,4,5,6,7,8,9,10,11,12,13,14,15,128,129,130,131,132,133,134,135,136,137,138,139,140,141,142,143,16,17 18 19 20 21 22 23 24 25 26 27 28 29 30 31 144 145 146 147 148 149 150 151 152 153 154 155 156 157 158 159,32,33,34,35,36,37,38,39,40,41,42,43,44,45,46,47,160,161,162,163,164,165,166,167,168,169,170,171,172,173,174,175,48,49,50,51,52,53,54,55,56,57,58,59,60,61,62,63,176,177,178,179,180,181,182,183,184,185,186,187,188,189,190,191 --str_key_size=16 --str_key_size=256 --load_file=/mnt/nvme0/home/gxr/mongdb-run/workloads/ycsb/workloada-load-10000000-10000000.log.formated --run_file=/mnt/nvme0/home/gxr/mongdb-run/workloads/ycsb/workloada-run-10000000-10000000.log.formated --URI_set=mongodb://localhost:27017,mongodb://localhost:27018,mongodb://localhost:27019,mongodb://localhost:27020,mongodb://localhost:27021,mongodb://localhost:27022,mongodb://localhost:27023,mongodb://localhost:27024,mongodb://localhost:27025,mongodb://localhost:27026,mongodb://localhost:27027,mongodb://localhost:27028,mongodb://localhost:27029,mongodb://localhost:27030,mongodb://localhost:27031,mongodb://localhost:27032,mongodb://localhost:27033,mongodb://localhost:27034,mongodb://localhost:27035,mongodb://localhost:27036,mongodb://localhost:27037,mongodb://localhost:27038,mongodb://localhost:27039,mongodb://localhost:27040,mongodb://localhost:27041,mongodb://localhost:27042,mongodb://localhost:27043,mongodb://localhost:27044,mongodb://localhost:27045,mongodb://localhost:27046,mongodb://localhost:27047,mongodb://localhost:27048,mongodb://localhost:27049,mongodb://localhost:27050,mongodb://localhost:27051,mongodb://localhost:27052,mongodb://localhost:27053,mongodb://localhost:27054,mongodb://localhost:27055,mongodb://localhost:27056,mongodb://localhost:27057,mongodb://localhost:27058,mongodb://localhost:27059,mongodb://localhost:27060,mongodb://localhost:27061,mongodb://localhost:27062,mongodb://localhost:27063,mongodb://localhost:27064,mongodb://localhost:27065,mongodb://localhost:27066,mongodb://localhost:27067,mongodb://localhost:27068,mongodb://localhost:27069,mongodb://localhost:27070,mongodb://localhost:27071,mongodb://localhost:27072,mongodb://localhost:27073,mongodb://localhost:27074,mongodb://localhost:27075,mongodb://localhost:27076,mongodb://localhost:27077,mongodb://localhost:27078,mongodb://localhost:27079,mongodb://localhost:27080,mongodb://localhost:27081,mongodb://localhost:27082,mongodb://localhost:27083,mongodb://localhost:27084,mongodb://localhost:27085,mongodb://localhost:27086,mongodb://localhost:27087,mongodb://localhost:27088,mongodb://localhost:27089,mongodb://localhost:27090,mongodb://localhost:27091,mongodb://localhost:27092,mongodb://localhost:27093,mongodb://localhost:27094,mongodb://localhost:27095,mongodb://localhost:27096,mongodb://localhost:27097,mongodb://localhost:27098,mongodb://localhost:27099,mongodb://localhost:27100,mongodb://localhost:27101,mongodb://localhost:27102,mongodb://localhost:27103,mongodb://localhost:27104,mongodb://localhost:27105,mongodb://localhost:27106,mongodb://localhost:27107,mongodb://localhost:27108,mongodb://localhost:27109,mongodb://localhost:27110,mongodb://localhost:27111,mongodb://localhost:27112,mongodb://localhost:27113,mongodb://localhost:27114,mongodb://localhost:27115,mongodb://localhost:27116,mongodb://localhost:27117,mongodb://localhost:27118,mongodb://localhost:27119,mongodb://localhost:27120,mongodb://localhost:27121,mongodb://localhost:27122,mongodb://localhost:27123,mongodb://localhost:27124,mongodb://localhost:27125,mongodb://localhost:27126,mongodb://localhost:27127,mongodb://localhost:27128,mongodb://localhost:27129,mongodb://localhost:27130,mongodb://localhost:27131,mongodb://localhost:27132,mongodb://localhost:27133,mongodb://localhost:27134,mongodb://localhost:27135,mongodb://localhost:27136,mongodb://localhost:27137,mongodb://localhost:27138,mongodb://localhost:27139,mongodb://localhost:27140,mongodb://localhost:27141,mongodb://localhost:27142,mongodb://localhost:27143,mongodb://localhost:27144 --first_mode=true
mongodb://localhost:27017 mongodb://localhost:27018 mongodb://localhost:27019 mongodb://localhost:27020 mongodb://localhost:27021 mongodb://localhost:27022 mongodb://localhost:27023 mongodb://localhost:27024 mongodb://localhost:27025 mongodb://localhost:27026 mongodb://localhost:27027 mongodb://localhost:27028 mongodb://localhost:27029 mongodb://localhost:27030 mongodb://localhost:27031 mongodb://localhost:27032 mongodb://localhost:27033 mongodb://localhost:27034 mongodb://localhost:27035 mongodb://localhost:27036 mongodb://localhost:27037 mongodb://localhost:27038 mongodb://localhost:27039 mongodb://localhost:27040 mongodb://localhost:27041 mongodb://localhost:27042 mongodb://localhost:27043 mongodb://localhost:27044 mongodb://localhost:27045 mongodb://localhost:27046 mongodb://localhost:27047 mongodb://localhost:27048 mongodb://localhost:27049 mongodb://localhost:27050 mongodb://localhost:27051 mongodb://localhost:27052 mongodb://localhost:27053 mongodb://localhost:27054 mongodb://localhost:27055 mongodb://localhost:27056 mongodb://localhost:27057 mongodb://localhost:27058 mongodb://localhost:27059 mongodb://localhost:27060 mongodb://localhost:27061 mongodb://localhost:27062 mongodb://localhost:27063 mongodb://localhost:27064 mongodb://localhost:27065 mongodb://localhost:27066 mongodb://localhost:27067 mongodb://localhost:27068 mongodb://localhost:27069 mongodb://localhost:27070 mongodb://localhost:27071 mongodb://localhost:27072 mongodb://localhost:27073 mongodb://localhost:27074 mongodb://localhost:27075 mongodb://localhost:27076 mongodb://localhost:27077 mongodb://localhost:27078 mongodb://localhost:27079 mongodb://localhost:27080 mongodb://localhost:27081 mongodb://localhost:27082 mongodb://localhost:27083 mongodb://localhost:27084 mongodb://localhost:27085 mongodb://localhost:27086 mongodb://localhost:27087 mongodb://localhost:27088 mongodb://localhost:27089 mongodb://localhost:27090 mongodb://localhost:27091 mongodb://localhost:27092 mongodb://localhost:27093 mongodb://localhost:27094 mongodb://localhost:27095 mongodb://localhost:27096 mongodb://localhost:27097 mongodb://localhost:27098 mongodb://localhost:27099 mongodb://localhost:27100 mongodb://localhost:27101 mongodb://localhost:27102 mongodb://localhost:27103 mongodb://localhost:27104 mongodb://localhost:27105 mongodb://localhost:27106 mongodb://localhost:27107 mongodb://localhost:27108 mongodb://localhost:27109 mongodb://localhost:27110 mongodb://localhost:27111 mongodb://localhost:27112 mongodb://localhost:27113 mongodb://localhost:27114 mongodb://localhost:27115 mongodb://localhost:27116 mongodb://localhost:27117 mongodb://localhost:27118 mongodb://localhost:27119 mongodb://localhost:27120 mongodb://localhost:27121 mongodb://localhost:27122 mongodb://localhost:27123 mongodb://localhost:27124 mongodb://localhost:27125 mongodb://localhost:27126 mongodb://localhost:27127 mongodb://localhost:27128 mongodb://localhost:27129 mongodb://localhost:27130 mongodb://localhost:27131 mongodb://localhost:27132 mongodb://localhost:27133 mongodb://localhost:27134 mongodb://localhost:27135 mongodb://localhost:27136 mongodb://localhost:27137 mongodb://localhost:27138 mongodb://localhost:27139 mongodb://localhost:27140 mongodb://localhost:27141 mongodb://localhost:27142 mongodb://localhost:27143 mongodb://localhost:27144 reading workload files ...
load_filename : /mnt/nvme0/home/gxr/mongdb-run/workloads/ycsb/workloada-load-10000000-10000000.log.formated
read load file needs: 6047039146 s 
run_filename : /mnt/nvme0/home/gxr/mongdb-run/workloads/ycsb/workloada-run-10000000-10000000.log.formated
read run file needs: 6169362517 s 
num_of_load_ops is 10000000
num_of_run_ops is 10000000
0 1 2 3 4 5 6 7 8 9 10 11 12 13 14 15 128 129 130 131 132 133 134 135 136 137 138 139 140 141 142 143 16 17 URI: mongodb://localhost:27017
URI: mongodb://localhost:27017
URI: mongodb://localhost:27017
URI: mongodb://localhost:27017
URI: mongodb://localhost:27017
URI: mongodb://localhost:27017
URI: mongodb://localhost:27017
URI: mongodb://localhost:27017
URI: mongodb://localhost:27017
URI: URI: URI: mongodb://localhost:27017
mongodb://localhost:27017URI: URI: mongodb://localhost:27017
URI: mongodb://localhost:27017mongodb://localhost:27017
URI: mongodb://localhost:27017

URI: mongodb://localhost:27017
URI: mongodb://localhost:27017
mongodb://localhost:27017
URI: mongodb://localhost:27017
URI: URI: mongodb://localhost:27017
URI: mongodb://localhost:27017
URI: mongodb://localhost:27017

URI: mongodb://localhost:27017
mongodb://localhost:27017
URI: mongodb://localhost:27017
URI: mongodb://localhost:27017
URI: mongodb://localhost:27017
URI: mongodb://localhost:27017
URI: mongodb://localhost:27017
URI: mongodb://localhost:27017
URI: mongodb://localhost:27017
URI: mongodb://localhost:27017
URI: mongodb://localhost:27017
URI: mongodb://localhost:27017
URI: mongodb://localhost:27017
URI: mongodb://localhost:27017
URI: mongodb://localhost:27017
sched_setaffinity
URI: mongodb://localhost:27017
URI: mongodb://localhost:27017
sched_setaffinity
sched_setaffinity
sched_setaffinity
URI: mongodb://localhost:27017
URI: mongodb://localhost:27017
URI: mongodb://localhost:27017
URI: mongodb://localhost:27017
URI: mongodb://localhost:27017
URI: mongodb://localhost:27017
URI: mongodb://localhost:27017
Load workloads needs: 36180382840 ns 
[report] load_thread_ID : 32
[report] load_duration_ns : 36180382840
[report] load_duration_s : 36.180383
[report] load_throughput : 6008.532330
[report] load_average_latency_ns : 166429.994066
Load workloads needs: 39467363903 ns 
[report] load_thread_ID : 41
[report] load_duration_ns : 39467363903
[report] load_duration_s : 39.467364
[report] load_throughput : 5508.120596
[report] load_average_latency_ns : 181550.128124
Load workloads needs: 39473759006 ns 
[report] load_thread_ID : 33
[report] load_duration_ns : 39473759006
[report] load_duration_s : 39.473759
[report] load_throughput : 5507.228231
[report] load_average_latency_ns : 181579.545639
Load workloads needs: 40138965547 ns 
[report] load_thread_ID : 42
[report] load_duration_ns : 40138965547
[report] load_duration_s : 40.138966
[report] load_throughput : 5415.959207
[report] load_average_latency_ns : 184639.500012
Load workloads needs: 40296752047 ns 
[report] load_thread_ID : 40
[report] load_duration_ns : 40296752047
[report] load_duration_s : 40.296752
[report] load_throughput : 5394.752405
[report] load_average_latency_ns : 185365.318928
Load workloads needs: 40628361296 ns 
[report] load_thread_ID : 39
[report] load_duration_ns : 40628361296
[report] load_duration_s : 40.628361
[report] load_throughput : 5350.720360
[report] load_average_latency_ns : 186890.723609
Load workloads needs: 40706894687 ns 
[report] load_thread_ID : 38
[report] load_duration_ns : 40706894687
[report] load_duration_s : 40.706895
[report] load_throughput : 5340.397534
[report] load_average_latency_ns : 187251.977713
Load workloads needs: 40856388720 ns 
[report] load_thread_ID : 34
[report] load_duration_ns : 40856388720
[report] load_duration_s : 40.856389
[report] load_throughput : 5320.856953
[report] load_average_latency_ns : 187939.651228
Load workloads needs: 40992404528 ns 
[report] load_thread_ID : 44
[report] load_duration_ns : 40992404528
[report] load_duration_s : 40.992405
[report] load_throughput : 5303.201959
[report] load_average_latency_ns : 188565.324820
Load workloads needs: 41393806401 ns 
[report] load_thread_ID : 36
[report] load_duration_ns : 41393806401
[report] load_duration_s : 41.393806
[report] load_throughput : 5251.776024
[report] load_average_latency_ns : 190411.776021
Load workloads needs: 51888485321 ns 
[report] load_thread_ID : 25
[report] load_duration_ns : 51888485321
[report] load_duration_s : 51.888485
[report] load_throughput : 4189.580765
[report] load_average_latency_ns : 238687.366639
Load workloads needs: 52404504457 ns 
[report] load_thread_ID : 24
[report] load_duration_ns : 52404504457
[report] load_duration_s : 52.404504
[report] load_throughput : 4148.326604
[report] load_average_latency_ns : 241061.057988
Load workloads needs: 52534680600 ns 
[report] load_thread_ID : 27
[report] load_duration_ns : 52534680600
[report] load_duration_s : 52.534681
[report] load_throughput : 4138.047429
[report] load_average_latency_ns : 241659.869084
Load workloads needs: 52556064633 ns 
[report] load_thread_ID : 26
[report] load_duration_ns : 52556064633
[report] load_duration_s : 52.556065
[report] load_throughput : 4136.363739
[report] load_average_latency_ns : 241758.235773
Load workloads needs: 52568768020 ns 
[report] load_thread_ID : 9
[report] load_duration_ns : 52568768020
[report] load_duration_s : 52.568768
[report] load_throughput : 4135.364175
[report] load_average_latency_ns : 241816.671435
Load workloads needs: 52681694299 ns 
[report] load_thread_ID : 31
[report] load_duration_ns : 52681694299
[report] load_duration_s : 52.681694
[report] load_throughput : 4126.499781
[report] load_average_latency_ns : 242336.133046
Load workloads needs: 52692787839 ns 
[report] load_thread_ID : 15
[report] load_duration_ns : 52692787839
[report] load_duration_s : 52.692788
[report] load_throughput : 4125.631019
[report] load_average_latency_ns : 242387.163401
Load workloads needs: 52708034008 ns 
[report] load_thread_ID : 29
[report] load_duration_ns : 52708034008
[report] load_duration_s : 52.708034
[report] load_throughput : 4124.437652
[report] load_average_latency_ns : 242457.295877
Load workloads needs: 52769095755 ns 
[report] load_thread_ID : 16
[report] load_duration_ns : 52769095755
[report] load_duration_s : 52.769096
[report] load_throughput : 4119.665059
[report] load_average_latency_ns : 242738.180306
Load workloads needs: 52813760756 ns 
[report] load_thread_ID : 18
[report] load_duration_ns : 52813760756
[report] load_duration_s : 52.813761
[report] load_throughput : 4116.181027
[report] load_average_latency_ns : 242943.639599
Load workloads needs: 52835483609 ns 
[report] load_thread_ID : 8
[report] load_duration_ns : 52835483609
[report] load_duration_s : 52.835484
[report] load_throughput : 4114.488695
[report] load_average_latency_ns : 243043.564862
Load workloads needs: 52884625047 ns 
[report] load_thread_ID : 30
[report] load_duration_ns : 52884625047
[report] load_duration_s : 52.884625
[report] load_throughput : 4110.665431
[report] load_average_latency_ns : 243269.615794
Load workloads needs: 52910304179 ns 
[report] load_thread_ID : 28
[report] load_duration_ns : 52910304179
[report] load_duration_s : 52.910304
[report] load_throughput : 4108.670388
[report] load_average_latency_ns : 243387.739966
Load workloads needs: 52914563879 ns 
[report] load_thread_ID : 13
[report] load_duration_ns : 52914563879
[report] load_duration_s : 52.914564
[report] load_throughput : 4108.339634
[report] load_average_latency_ns : 243407.334614
Load workloads needs: 52919172966 ns 
[report] load_thread_ID : 10
[report] load_duration_ns : 52919172966
[report] load_duration_s : 52.919173
[report] load_throughput : 4107.981811
[report] load_average_latency_ns : 243428.536444
Load workloads needs: 52955743229 ns 
[report] load_thread_ID : 12
[report] load_duration_ns : 52955743229
[report] load_duration_s : 52.955743
[report] load_throughput : 4105.144914
[report] load_average_latency_ns : 243596.759889
Load workloads needs: 52969104994 ns 
[report] load_thread_ID : 23
[report] load_duration_ns : 52969104994
[report] load_duration_s : 52.969105
[report] load_throughput : 4104.109368
[report] load_average_latency_ns : 243658.224094
Load workloads needs: 52975181067 ns 
[report] load_thread_ID : 11
[report] load_duration_ns : 52975181067
[report] load_duration_s : 52.975181
[report] load_throughput : 4103.638640
[report] load_average_latency_ns : 243686.174069
Load workloads needs: 53098524929 ns 
[report] load_thread_ID : 14
[report] load_duration_ns : 53098524929
[report] load_duration_s : 53.098525
[report] load_throughput : 4094.106198
[report] load_average_latency_ns : 244253.556628
Load workloads needs: 53114458195 ns 
[report] load_thread_ID : 2
[report] load_duration_ns : 53114458195
[report] load_duration_s : 53.114458
[report] load_throughput : 4092.878048
[report] load_average_latency_ns : 244326.849755
Load workloads needs: 53177782986 ns 
[report] load_thread_ID : 17
[report] load_duration_ns : 53177782986
[report] load_duration_s : 53.177783
[report] load_throughput : 4088.004196
[report] load_average_latency_ns : 244618.144201
Load workloads needs: 53181214248 ns 
[report] load_thread_ID : 21
[report] load_duration_ns : 53181214248
[report] load_duration_s : 53.181214
[report] load_throughput : 4087.740438
[report] load_average_latency_ns : 244633.928028
Load workloads needs: 53369439926 ns 
[report] load_thread_ID : 1
[report] load_duration_ns : 53369439926
[report] load_duration_s : 53.369440
[report] load_throughput : 4073.323616
[report] load_average_latency_ns : 245499.767359
Load workloads needs: 53453263413 ns 
[report] load_thread_ID : 7
[report] load_duration_ns : 53453263413
[report] load_duration_s : 53.453263
[report] load_throughput : 4066.935976
[report] load_average_latency_ns : 245885.355939
Load workloads needs: 53501104895 ns 
[report] load_thread_ID : 22
[report] load_duration_ns : 53501104895
[report] load_duration_s : 53.501105
[report] load_throughput : 4063.299261
[report] load_average_latency_ns : 246105.427065
Load workloads needs: 53643084538 ns 
[report] load_thread_ID : 5
[report] load_duration_ns : 53643084538
[report] load_duration_s : 53.643085
[report] load_throughput : 4052.544738
[report] load_average_latency_ns : 246758.534337
Load workloads needs: 53927323760 ns 
[report] load_thread_ID : 6
[report] load_duration_ns : 53927323760
[report] load_duration_s : 53.927324
[report] load_throughput : 4031.184655
[report] load_average_latency_ns : 248066.036588
Load workloads needs: 54099481532 ns 
[report] load_thread_ID : 19
[report] load_duration_ns : 54099481532
[report] load_duration_s : 54.099482
[report] load_throughput : 4018.356440
[report] load_average_latency_ns : 248857.963448
Load workloads needs: 54319107096 ns 
[report] load_thread_ID : 20
[report] load_duration_ns : 54319107096
[report] load_duration_s : 54.319107
[report] load_throughput : 4002.109232
[report] load_average_latency_ns : 249868.242457
Load workloads needs: 54353063846 ns 
[report] load_thread_ID : 3
[report] load_duration_ns : 54353063846
[report] load_duration_s : 54.353064
[report] load_throughput : 3999.608939
[report] load_average_latency_ns : 250024.443726
Load workloads needs: 54647630721 ns 
[report] load_thread_ID : 4
[report] load_duration_ns : 54647630721
[report] load_duration_s : 54.647631
[report] load_throughput : 3978.049865
[report] load_average_latency_ns : 251379.453248
Load workloads needs: 68354654664 ns 
[report] load_thread_ID : 37
[report] load_duration_ns : 68354654664
[report] load_duration_s : 68.354655
[report] load_throughput : 3180.339379
[report] load_average_latency_ns : 314431.851659
Load workloads needs: 68574159108 ns 
[report] load_thread_ID : 45
[report] load_duration_ns : 68574159108
[report] load_duration_s : 68.574159
[report] load_throughput : 3170.159180
[report] load_average_latency_ns : 315441.573515
Load workloads needs: 69072270268 ns 
[report] load_thread_ID : 35
[report] load_duration_ns : 69072270268
[report] load_duration_s : 69.072270
[report] load_throughput : 3147.297738
[report] load_average_latency_ns : 317732.888059
Load workloads needs: 69404046692 ns 
[report] load_thread_ID : 43
[report] load_duration_ns : 69404046692
[report] load_duration_s : 69.404047
[report] load_throughput : 3132.252518
[report] load_average_latency_ns : 319259.061746
Load workloads needs: 69715263542 ns 
[report] load_thread_ID : 0
[report] load_duration_ns : 69715263542
[report] load_duration_s : 69.715264
[report] load_throughput : 3118.269787
[report] load_average_latency_ns : 320690.661260
All clients run done needs: 69711989920 ns 
[report] load_overall_duration_ns : 69711989920
[report] load_overall_duration_s : 69.711990
[report] load_overall_throughput : 143447.346884
[report] load_overall_average_latency_ns : 6971.198992
