numactl --membind=2 /home/gxr/mongodb-run/test_mongodb/build//run_client --num_threads=8 --core_binding=0,1,2,3,4,5,6,7,8,9,10,11,12,13,14,15,16,17,18,19,20,21,22,23 --str_key_size=16 --str_key_size=256 --load_file=/home/gxr/mongodb-run/workloads/ycsb/workloada-load-50000000-50000000.log.formated --run_file=/home/gxr/mongodb-run/workloads/ycsb/workloada-run-50000000-50000000.log.formated --URI_set=mongodb://localhost:27017,mongodb://localhost:27018,mongodb://localhost:27019,mongodb://localhost:27020,mongodb://localhost:27021,mongodb://localhost:27022,mongodb://localhost:27023,mongodb://localhost:27024,mongodb://localhost:27025,mongodb://localhost:27026,mongodb://localhost:27027,mongodb://localhost:27028,mongodb://localhost:27029,mongodb://localhost:27030,mongodb://localhost:27031,mongodb://localhost:27032,mongodb://localhost:27033,mongodb://localhost:27034,mongodb://localhost:27035,mongodb://localhost:27036,mongodb://localhost:27037,mongodb://localhost:27038,mongodb://localhost:27039,mongodb://localhost:27040,mongodb://localhost:27041,mongodb://localhost:27042,mongodb://localhost:27043,mongodb://localhost:27044,mongodb://localhost:27045,mongodb://localhost:27046,mongodb://localhost:27047,mongodb://localhost:27048,mongodb://localhost:27049,mongodb://localhost:27050,mongodb://localhost:27051,mongodb://localhost:27052,mongodb://localhost:27053,mongodb://localhost:27054,mongodb://localhost:27055,mongodb://localhost:27056,mongodb://localhost:27057,mongodb://localhost:27058,mongodb://localhost:27059,mongodb://localhost:27060,mongodb://localhost:27061,mongodb://localhost:27062,mongodb://localhost:27063,mongodb://localhost:27064 --first_mode=true
mongodb://localhost:27017 mongodb://localhost:27018 mongodb://localhost:27019 mongodb://localhost:27020 mongodb://localhost:27021 mongodb://localhost:27022 mongodb://localhost:27023 mongodb://localhost:27024 mongodb://localhost:27025 mongodb://localhost:27026 mongodb://localhost:27027 mongodb://localhost:27028 mongodb://localhost:27029 mongodb://localhost:27030 mongodb://localhost:27031 mongodb://localhost:27032 mongodb://localhost:27033 mongodb://localhost:27034 mongodb://localhost:27035 mongodb://localhost:27036 mongodb://localhost:27037 mongodb://localhost:27038 mongodb://localhost:27039 mongodb://localhost:27040 mongodb://localhost:27041 mongodb://localhost:27042 mongodb://localhost:27043 mongodb://localhost:27044 mongodb://localhost:27045 mongodb://localhost:27046 mongodb://localhost:27047 mongodb://localhost:27048 mongodb://localhost:27049 mongodb://localhost:27050 mongodb://localhost:27051 mongodb://localhost:27052 mongodb://localhost:27053 mongodb://localhost:27054 mongodb://localhost:27055 mongodb://localhost:27056 mongodb://localhost:27057 mongodb://localhost:27058 mongodb://localhost:27059 mongodb://localhost:27060 mongodb://localhost:27061 mongodb://localhost:27062 mongodb://localhost:27063 mongodb://localhost:27064 reading workload files ...
load_filename : /home/gxr/mongodb-run/workloads/ycsb/workloada-load-50000000-50000000.log.formated
read load file needs: 1391406117 s 
run_filename : /home/gxr/mongodb-run/workloads/ycsb/workloada-run-50000000-50000000.log.formated
read run file needs: 1312943185 s 
num_of_load_ops is 1774963
num_of_run_ops is 1924255
0 1 2 3 4 5 6 7 8 9 10 11 12 13 14 15 16 17 18 19 20 21 22 23 URI: URI: URI: URI: mongodb://localhost:27017mongodb://localhost:27017
mongodb://localhost:27017URI: mongodb://localhost:27017

URI: URI: mongodb://localhost:27017
mongodb://localhost:27017
URI: mongodb://localhost:27017

mongodb://localhost:27017
Load workloads needs: 16881767370 ns 
[report] load_thread_ID : 3
[report] load_duration_ns : 16881767370
[report] load_duration_s : 16.881767
[report] load_throughput : 13142.581291
[report] load_average_latency_ns : 76088.553522
Load workloads needs: 16953650701 ns 
[report] load_thread_ID : 0
[report] load_duration_ns : 16953650701
[report] load_duration_s : 16.953651
[report] load_throughput : 13086.856861
[report] load_average_latency_ns : 76412.542034
Load workloads needs: 17130853617 ns 
[report] load_thread_ID : 2
[report] load_duration_ns : 17130853617
[report] load_duration_s : 17.130854
[report] load_throughput : 12951.485370
[report] load_average_latency_ns : 77211.221062
Load workloads needs: 17205770315 ns 
[report] load_thread_ID : 1
[report] load_duration_ns : 17205770315
[report] load_duration_s : 17.205770
[report] load_throughput : 12895.092515
[report] load_average_latency_ns : 77548.881395
Load workloads needs: 17226611170 ns 
[report] load_thread_ID : 4
[report] load_duration_ns : 17226611170
[report] load_duration_s : 17.226611
[report] load_throughput : 12879.491956
[report] load_average_latency_ns : 77642.814125
Load workloads needs: 18514149300 ns 
[report] load_thread_ID : 7
[report] load_duration_ns : 18514149300
[report] load_duration_s : 18.514149
[report] load_throughput : 11983.807433
[report] load_average_latency_ns : 83445.933655
Load workloads needs: 18933353788 ns 
[report] load_thread_ID : 5
[report] load_duration_ns : 18933353788
[report] load_duration_s : 18.933354
[report] load_throughput : 11718.473255
[report] load_average_latency_ns : 85335.348573
Load workloads needs: 19430210854 ns 
[report] load_thread_ID : 6
[report] load_duration_ns : 19430210854
[report] load_duration_s : 19.430211
[report] load_throughput : 11418.815867
[report] load_average_latency_ns : 87574.754829
All clients run done needs: 19431541305 ns 
[report] load_overall_duration_ns : 19431541305
[report] load_overall_duration_s : 19.431541
[report] load_overall_throughput : 91344.426679
[report] load_overall_average_latency_ns : 10947.575417
