numactl --membind=2 /home/gxr/mongodb-run/test_mongodb/build//run_client --num_threads=12 --core_binding=0,1,2,3,4,5,6,7,8,9,10,11,12,13,14,15,16,17,18,19,20,21,22,23 --str_key_size=16 --str_key_size=256 --load_file=/home/gxr/mongodb-run/workloads/ycsb/workloada-load-50000000-50000000.log.formated --run_file=/home/gxr/mongodb-run/workloads/ycsb/workloada-run-50000000-50000000.log.formated --URI_set=mongodb://localhost:27017,mongodb://localhost:27018,mongodb://localhost:27019,mongodb://localhost:27020,mongodb://localhost:27021,mongodb://localhost:27022,mongodb://localhost:27023,mongodb://localhost:27024,mongodb://localhost:27025,mongodb://localhost:27026,mongodb://localhost:27027,mongodb://localhost:27028,mongodb://localhost:27029,mongodb://localhost:27030,mongodb://localhost:27031,mongodb://localhost:27032,mongodb://localhost:27033,mongodb://localhost:27034,mongodb://localhost:27035,mongodb://localhost:27036,mongodb://localhost:27037,mongodb://localhost:27038,mongodb://localhost:27039,mongodb://localhost:27040,mongodb://localhost:27041,mongodb://localhost:27042,mongodb://localhost:27043,mongodb://localhost:27044,mongodb://localhost:27045,mongodb://localhost:27046,mongodb://localhost:27047,mongodb://localhost:27048,mongodb://localhost:27049,mongodb://localhost:27050,mongodb://localhost:27051,mongodb://localhost:27052,mongodb://localhost:27053,mongodb://localhost:27054,mongodb://localhost:27055,mongodb://localhost:27056,mongodb://localhost:27057,mongodb://localhost:27058,mongodb://localhost:27059,mongodb://localhost:27060,mongodb://localhost:27061,mongodb://localhost:27062,mongodb://localhost:27063,mongodb://localhost:27064 --first_mode=true
mongodb://localhost:27017 mongodb://localhost:27018 mongodb://localhost:27019 mongodb://localhost:27020 mongodb://localhost:27021 mongodb://localhost:27022 mongodb://localhost:27023 mongodb://localhost:27024 mongodb://localhost:27025 mongodb://localhost:27026 mongodb://localhost:27027 mongodb://localhost:27028 mongodb://localhost:27029 mongodb://localhost:27030 mongodb://localhost:27031 mongodb://localhost:27032 mongodb://localhost:27033 mongodb://localhost:27034 mongodb://localhost:27035 mongodb://localhost:27036 mongodb://localhost:27037 mongodb://localhost:27038 mongodb://localhost:27039 mongodb://localhost:27040 mongodb://localhost:27041 mongodb://localhost:27042 mongodb://localhost:27043 mongodb://localhost:27044 mongodb://localhost:27045 mongodb://localhost:27046 mongodb://localhost:27047 mongodb://localhost:27048 mongodb://localhost:27049 mongodb://localhost:27050 mongodb://localhost:27051 mongodb://localhost:27052 mongodb://localhost:27053 mongodb://localhost:27054 mongodb://localhost:27055 mongodb://localhost:27056 mongodb://localhost:27057 mongodb://localhost:27058 mongodb://localhost:27059 mongodb://localhost:27060 mongodb://localhost:27061 mongodb://localhost:27062 mongodb://localhost:27063 mongodb://localhost:27064 reading workload files ...
load_filename : /home/gxr/mongodb-run/workloads/ycsb/workloada-load-50000000-50000000.log.formated
read load file needs: 1240270444 s 
run_filename : /home/gxr/mongodb-run/workloads/ycsb/workloada-run-50000000-50000000.log.formated
read run file needs: 1317258999 s 
num_of_load_ops is 1774963
num_of_run_ops is 1924255
0 1 2 3 4 5 6 7 8 9 10 11 12 13 14 15 16 17 18 19 20 21 22 23 URI: URI: URI: URI: URI: URI: mongodb://localhost:27017mongodb://localhost:27017URI: mongodb://localhost:27017URI: mongodb://localhost:27017
URI: mongodb://localhost:27017mongodb://localhost:27017
URI: 
mongodb://localhost:27017mongodb://localhost:27017
mongodb://localhost:27017URI: mongodb://localhost:27017



URI: mongodb://localhost:27017

mongodb://localhost:27017

Load workloads needs: 11888488409 ns 
[report] load_thread_ID : 1
[report] load_duration_ns : 11888488409
[report] load_duration_s : 11.888488
[report] load_throughput : 12441.699475
[report] load_average_latency_ns : 80374.871776
Load workloads needs: 11899648298 ns 
[report] load_thread_ID : 3
[report] load_duration_ns : 11899648298
[report] load_duration_s : 11.899648
[report] load_throughput : 12430.031233
[report] load_average_latency_ns : 80450.320783
Load workloads needs: 11920742968 ns 
[report] load_thread_ID : 5
[report] load_duration_ns : 11920742968
[report] load_duration_s : 11.920743
[report] load_throughput : 12408.035338
[report] load_average_latency_ns : 80592.936172
Load workloads needs: 11955818189 ns 
[report] load_thread_ID : 8
[report] load_duration_ns : 11955818189
[report] load_duration_s : 11.955818
[report] load_throughput : 12371.633431
[report] load_average_latency_ns : 80830.070305
Load workloads needs: 11989722565 ns 
[report] load_thread_ID : 2
[report] load_duration_ns : 11989722565
[report] load_duration_s : 11.989723
[report] load_throughput : 12336.649092
[report] load_average_latency_ns : 81059.288670
Load workloads needs: 12033450764 ns 
[report] load_thread_ID : 9
[report] load_duration_ns : 12033450764
[report] load_duration_s : 12.033451
[report] load_throughput : 12291.819105
[report] load_average_latency_ns : 81354.923259
Load workloads needs: 12055434792 ns 
[report] load_thread_ID : 7
[report] load_duration_ns : 12055434792
[report] load_duration_s : 12.055435
[report] load_throughput : 12269.404012
[report] load_average_latency_ns : 81503.551358
Load workloads needs: 12060119398 ns 
[report] load_thread_ID : 6
[report] load_duration_ns : 12060119398
[report] load_duration_s : 12.060119
[report] load_throughput : 12264.638112
[report] load_average_latency_ns : 81535.222719
Load workloads needs: 12094984259 ns 
[report] load_thread_ID : 10
[report] load_duration_ns : 12094984259
[report] load_duration_s : 12.094984
[report] load_throughput : 12229.284208
[report] load_average_latency_ns : 81770.934664
Load workloads needs: 12291013735 ns 
[report] load_thread_ID : 11
[report] load_duration_ns : 12291013735
[report] load_duration_s : 12.291014
[report] load_throughput : 12034.239257
[report] load_average_latency_ns : 83096.237214
Load workloads needs: 12325638437 ns 
[report] load_thread_ID : 4
[report] load_duration_ns : 12325638437
[report] load_duration_s : 12.325638
[report] load_throughput : 12000.433142
[report] load_average_latency_ns : 83330.325509
Load workloads needs: 12465762780 ns 
[report] load_thread_ID : 0
[report] load_duration_ns : 12465762780
[report] load_duration_s : 12.465763
[report] load_throughput : 11865.539447
[report] load_average_latency_ns : 84277.668494
All clients run done needs: 12466677259 ns 
[report] load_overall_duration_ns : 12466677259
[report] load_overall_duration_s : 12.466677
[report] load_overall_throughput : 142376.590259
[report] load_overall_average_latency_ns : 7023.626554
