numactl --membind=2 /home/gxr/mongodb-run/test_mongodb/build//run_client --num_threads=16 --core_binding=0,1,2,3,4,5,6,7,8,9,10,11,12,13,14,15,16,17,18,19,20,21,22,23 --str_key_size=16 --str_key_size=256 --load_file=/home/gxr/mongodb-run/workloads/ycsb/workloada-load-50000000-50000000.log.formated --run_file=/home/gxr/mongodb-run/workloads/ycsb/workloada-run-50000000-50000000.log.formated --URI_set=mongodb://localhost:27017,mongodb://localhost:27018,mongodb://localhost:27019,mongodb://localhost:27020,mongodb://localhost:27021,mongodb://localhost:27022,mongodb://localhost:27023,mongodb://localhost:27024,mongodb://localhost:27025,mongodb://localhost:27026,mongodb://localhost:27027,mongodb://localhost:27028,mongodb://localhost:27029,mongodb://localhost:27030,mongodb://localhost:27031,mongodb://localhost:27032,mongodb://localhost:27033,mongodb://localhost:27034,mongodb://localhost:27035,mongodb://localhost:27036,mongodb://localhost:27037,mongodb://localhost:27038,mongodb://localhost:27039,mongodb://localhost:27040,mongodb://localhost:27041,mongodb://localhost:27042,mongodb://localhost:27043,mongodb://localhost:27044,mongodb://localhost:27045,mongodb://localhost:27046,mongodb://localhost:27047,mongodb://localhost:27048,mongodb://localhost:27049,mongodb://localhost:27050,mongodb://localhost:27051,mongodb://localhost:27052,mongodb://localhost:27053,mongodb://localhost:27054,mongodb://localhost:27055,mongodb://localhost:27056,mongodb://localhost:27057,mongodb://localhost:27058,mongodb://localhost:27059,mongodb://localhost:27060,mongodb://localhost:27061,mongodb://localhost:27062,mongodb://localhost:27063,mongodb://localhost:27064 --first_mode=true
mongodb://localhost:27017 mongodb://localhost:27018 mongodb://localhost:27019 mongodb://localhost:27020 mongodb://localhost:27021 mongodb://localhost:27022 mongodb://localhost:27023 mongodb://localhost:27024 mongodb://localhost:27025 mongodb://localhost:27026 mongodb://localhost:27027 mongodb://localhost:27028 mongodb://localhost:27029 mongodb://localhost:27030 mongodb://localhost:27031 mongodb://localhost:27032 mongodb://localhost:27033 mongodb://localhost:27034 mongodb://localhost:27035 mongodb://localhost:27036 mongodb://localhost:27037 mongodb://localhost:27038 mongodb://localhost:27039 mongodb://localhost:27040 mongodb://localhost:27041 mongodb://localhost:27042 mongodb://localhost:27043 mongodb://localhost:27044 mongodb://localhost:27045 mongodb://localhost:27046 mongodb://localhost:27047 mongodb://localhost:27048 mongodb://localhost:27049 mongodb://localhost:27050 mongodb://localhost:27051 mongodb://localhost:27052 mongodb://localhost:27053 mongodb://localhost:27054 mongodb://localhost:27055 mongodb://localhost:27056 mongodb://localhost:27057 mongodb://localhost:27058 mongodb://localhost:27059 mongodb://localhost:27060 mongodb://localhost:27061 mongodb://localhost:27062 mongodb://localhost:27063 mongodb://localhost:27064 reading workload files ...
load_filename : /home/gxr/mongodb-run/workloads/ycsb/workloada-load-50000000-50000000.log.formated
read load file needs: 1299155659 s 
run_filename : /home/gxr/mongodb-run/workloads/ycsb/workloada-run-50000000-50000000.log.formated
read run file needs: 1321659503 s 
num_of_load_ops is 1774963
num_of_run_ops is 1924255
0 1 2 3 4 5 6 7 8 9 10 11 12 13 14 15 16 17 18 19 20 21 22 23 URI: URI: URI: mongodb://localhost:27017mongodb://localhost:27017
mongodb://localhost:27017
URI: mongodb://localhost:27017
URI: URI: mongodb://localhost:27017mongodb://localhost:27017
URI: mongodb://localhost:27017
URI: mongodb://localhost:27017
URI: mongodb://localhost:27017

URI: mongodb://localhost:27017

URI: mongodb://localhost:27017
URI: mongodb://localhost:27017
URI: mongodb://localhost:27017
URI: mongodb://localhost:27017
URI: mongodb://localhost:27017
URI: mongodb://localhost:27017
Load workloads needs: 9473429956 ns 
[report] load_thread_ID : 7
[report] load_duration_ns : 9473429956
[report] load_duration_s : 9.473430
[report] load_throughput : 11710.119831
[report] load_average_latency_ns : 85396.222617
Load workloads needs: 9517126663 ns 
[report] load_thread_ID : 6
[report] load_duration_ns : 9517126663
[report] load_duration_s : 9.517127
[report] load_throughput : 11656.354268
[report] load_average_latency_ns : 85790.117303
Load workloads needs: 9618610685 ns 
[report] load_thread_ID : 10
[report] load_duration_ns : 9618610685
[report] load_duration_s : 9.618611
[report] load_throughput : 11533.370425
[report] load_average_latency_ns : 86704.923469
Load workloads needs: 9663700148 ns 
[report] load_thread_ID : 9
[report] load_duration_ns : 9663700148
[report] load_duration_s : 9.663700
[report] load_throughput : 11479.557344
[report] load_average_latency_ns : 87111.372858
Load workloads needs: 9763716108 ns 
[report] load_thread_ID : 3
[report] load_duration_ns : 9763716108
[report] load_duration_s : 9.763716
[report] load_throughput : 11361.964929
[report] load_average_latency_ns : 88012.945491
Load workloads needs: 9831726244 ns 
[report] load_thread_ID : 2
[report] load_duration_ns : 9831726244
[report] load_duration_s : 9.831726
[report] load_throughput : 11283.369497
[report] load_average_latency_ns : 88626.008419
Load workloads needs: 9844305424 ns 
[report] load_thread_ID : 11
[report] load_duration_ns : 9844305424
[report] load_duration_s : 9.844305
[report] load_throughput : 11268.951462
[report] load_average_latency_ns : 88739.400766
Load workloads needs: 9877676605 ns 
[report] load_thread_ID : 0
[report] load_duration_ns : 9877676605
[report] load_duration_s : 9.877677
[report] load_throughput : 11230.879936
[report] load_average_latency_ns : 89040.218191
Load workloads needs: 10261410696 ns 
[report] load_thread_ID : 8
[report] load_duration_ns : 10261410696
[report] load_duration_s : 10.261411
[report] load_throughput : 10810.891727
[report] load_average_latency_ns : 92499.307667
Load workloads needs: 10284263367 ns 
[report] load_thread_ID : 5
[report] load_duration_ns : 10284263367
[report] load_duration_s : 10.284263
[report] load_throughput : 10786.868835
[report] load_average_latency_ns : 92705.308217
Load workloads needs: 10559649127 ns 
[report] load_thread_ID : 4
[report] load_duration_ns : 10559649127
[report] load_duration_s : 10.559649
[report] load_throughput : 10505.557397
[report] load_average_latency_ns : 95187.714671
Load workloads needs: 10599174029 ns 
[report] load_thread_ID : 13
[report] load_duration_ns : 10599174029
[report] load_duration_s : 10.599174
[report] load_throughput : 10466.381597
[report] load_average_latency_ns : 95544.003507
Load workloads needs: 10617557678 ns 
[report] load_thread_ID : 12
[report] load_duration_ns : 10617557678
[report] load_duration_s : 10.617558
[report] load_throughput : 10448.259700
[report] load_average_latency_ns : 95709.719007
Load workloads needs: 10625296478 ns 
[report] load_thread_ID : 1
[report] load_duration_ns : 10625296478
[report] load_duration_s : 10.625296
[report] load_throughput : 10440.649843
[report] load_average_latency_ns : 95779.478776
Load workloads needs: 10764619186 ns 
[report] load_thread_ID : 14
[report] load_duration_ns : 10764619186
[report] load_duration_s : 10.764619
[report] load_throughput : 10305.520157
[report] load_average_latency_ns : 97035.373741
Load workloads needs: 11034086447 ns 
[report] load_thread_ID : 15
[report] load_duration_ns : 11034086447
[report] load_duration_s : 11.034086
[report] load_throughput : 10053.845466
[report] load_average_latency_ns : 99464.429143
All clients run done needs: 11034837481 ns 
[report] load_overall_duration_ns : 11034837481
[report] load_overall_duration_s : 11.034837
[report] load_overall_throughput : 160850.851048
[report] load_overall_average_latency_ns : 6216.939441
