numactl --membind=2 /home/gxr/mongodb-run/test_mongodb/build//run_client --num_threads=24 --core_binding=0,1,2,3,4,5,6,7,8,9,10,11,12,13,14,15,16,17,18,19,20,21,22,23 --str_key_size=16 --str_key_size=256 --load_file=/home/gxr/mongodb-run/workloads/ycsb/workloada-load-50000000-50000000.log.formated --run_file=/home/gxr/mongodb-run/workloads/ycsb/workloada-run-50000000-50000000.log.formated --URI_set=mongodb://localhost:27017,mongodb://localhost:27018,mongodb://localhost:27019,mongodb://localhost:27020,mongodb://localhost:27021,mongodb://localhost:27022,mongodb://localhost:27023,mongodb://localhost:27024,mongodb://localhost:27025,mongodb://localhost:27026,mongodb://localhost:27027,mongodb://localhost:27028,mongodb://localhost:27029,mongodb://localhost:27030,mongodb://localhost:27031,mongodb://localhost:27032,mongodb://localhost:27033,mongodb://localhost:27034,mongodb://localhost:27035,mongodb://localhost:27036,mongodb://localhost:27037,mongodb://localhost:27038,mongodb://localhost:27039,mongodb://localhost:27040,mongodb://localhost:27041,mongodb://localhost:27042,mongodb://localhost:27043,mongodb://localhost:27044,mongodb://localhost:27045,mongodb://localhost:27046,mongodb://localhost:27047,mongodb://localhost:27048,mongodb://localhost:27049,mongodb://localhost:27050,mongodb://localhost:27051,mongodb://localhost:27052,mongodb://localhost:27053,mongodb://localhost:27054,mongodb://localhost:27055,mongodb://localhost:27056,mongodb://localhost:27057,mongodb://localhost:27058,mongodb://localhost:27059,mongodb://localhost:27060,mongodb://localhost:27061,mongodb://localhost:27062,mongodb://localhost:27063,mongodb://localhost:27064 --first_mode=true
mongodb://localhost:27017 mongodb://localhost:27018 mongodb://localhost:27019 mongodb://localhost:27020 mongodb://localhost:27021 mongodb://localhost:27022 mongodb://localhost:27023 mongodb://localhost:27024 mongodb://localhost:27025 mongodb://localhost:27026 mongodb://localhost:27027 mongodb://localhost:27028 mongodb://localhost:27029 mongodb://localhost:27030 mongodb://localhost:27031 mongodb://localhost:27032 mongodb://localhost:27033 mongodb://localhost:27034 mongodb://localhost:27035 mongodb://localhost:27036 mongodb://localhost:27037 mongodb://localhost:27038 mongodb://localhost:27039 mongodb://localhost:27040 mongodb://localhost:27041 mongodb://localhost:27042 mongodb://localhost:27043 mongodb://localhost:27044 mongodb://localhost:27045 mongodb://localhost:27046 mongodb://localhost:27047 mongodb://localhost:27048 mongodb://localhost:27049 mongodb://localhost:27050 mongodb://localhost:27051 mongodb://localhost:27052 mongodb://localhost:27053 mongodb://localhost:27054 mongodb://localhost:27055 mongodb://localhost:27056 mongodb://localhost:27057 mongodb://localhost:27058 mongodb://localhost:27059 mongodb://localhost:27060 mongodb://localhost:27061 mongodb://localhost:27062 mongodb://localhost:27063 mongodb://localhost:27064 reading workload files ...
load_filename : /home/gxr/mongodb-run/workloads/ycsb/workloada-load-50000000-50000000.log.formated
read load file needs: 1254552494 s 
run_filename : /home/gxr/mongodb-run/workloads/ycsb/workloada-run-50000000-50000000.log.formated
read run file needs: 1315805487 s 
num_of_load_ops is 1774963
num_of_run_ops is 1924255
0 1 2 3 4 5 6 7 8 9 10 11 12 13 14 15 16 17 18 19 20 21 22 23 URI: URI: URI: URI: URI: mongodb://localhost:27017mongodb://localhost:27017mongodb://localhost:27017URI: URI: mongodb://localhost:27017mongodb://localhost:27017

mongodb://localhost:27017



URI: mongodb://localhost:27017mongodb://localhost:27017

URI: mongodb://localhost:27017
URI: mongodb://localhost:27017
URI: mongodb://localhost:27017
URI: mongodb://localhost:27017
URI: mongodb://localhost:27017
URI: mongodb://localhost:27017
URI: URI: mongodb://localhost:27017
mongodb://localhost:27017
URI: mongodb://localhost:27017
URI: mongodb://localhost:27017
URI: mongodb://localhost:27017
URI: mongodb://localhost:27017
URI: mongodb://localhost:27017
URI: mongodb://localhost:27017
URI: mongodb://localhost:27017
URI: mongodb://localhost:27017
Load workloads needs: 7564972470 ns 
[report] load_thread_ID : 10
[report] load_duration_ns : 7564972470
[report] load_duration_s : 7.564972
[report] load_throughput : 9776.109602
[report] load_average_latency_ns : 102290.178890
Load workloads needs: 7696374123 ns 
[report] load_thread_ID : 6
[report] load_duration_ns : 7696374123
[report] load_duration_s : 7.696374
[report] load_throughput : 9609.200231
[report] load_average_latency_ns : 104066.933352
Load workloads needs: 7942255841 ns 
[report] load_thread_ID : 2
[report] load_duration_ns : 7942255841
[report] load_duration_s : 7.942256
[report] load_throughput : 9311.712123
[report] load_average_latency_ns : 107391.636121
Load workloads needs: 8237542464 ns 
[report] load_thread_ID : 17
[report] load_duration_ns : 8237542464
[report] load_duration_s : 8.237542
[report] load_throughput : 8977.920335
[report] load_average_latency_ns : 111384.369950
Load workloads needs: 8256860333 ns 
[report] load_thread_ID : 19
[report] load_duration_ns : 8256860333
[report] load_duration_s : 8.256860
[report] load_throughput : 8956.915464
[report] load_average_latency_ns : 111645.577546
Load workloads needs: 8303261496 ns 
[report] load_thread_ID : 1
[report] load_duration_ns : 8303261496
[report] load_duration_s : 8.303261
[report] load_throughput : 8906.861483
[report] load_average_latency_ns : 112272.993347
Load workloads needs: 8354385712 ns 
[report] load_thread_ID : 9
[report] load_duration_ns : 8354385712
[report] load_duration_s : 8.354386
[report] load_throughput : 8852.356421
[report] load_average_latency_ns : 112964.272162
Load workloads needs: 8373466183 ns 
[report] load_thread_ID : 16
[report] load_duration_ns : 8373466183
[report] load_duration_s : 8.373466
[report] load_throughput : 8832.184711
[report] load_average_latency_ns : 113222.269769
Load workloads needs: 8396210270 ns 
[report] load_thread_ID : 5
[report] load_duration_ns : 8396210270
[report] load_duration_s : 8.396210
[report] load_throughput : 8808.259634
[report] load_average_latency_ns : 113529.805154
Load workloads needs: 8424979000 ns 
[report] load_thread_ID : 0
[report] load_duration_ns : 8424979000
[report] load_duration_s : 8.424979
[report] load_throughput : 8778.182118
[report] load_average_latency_ns : 113918.803072
Load workloads needs: 8432487730 ns 
[report] load_thread_ID : 3
[report] load_duration_ns : 8432487730
[report] load_duration_s : 8.432488
[report] load_throughput : 8770.365563
[report] load_average_latency_ns : 114020.332765
Load workloads needs: 8464475905 ns 
[report] load_thread_ID : 4
[report] load_duration_ns : 8464475905
[report] load_duration_s : 8.464476
[report] load_throughput : 8737.221398
[report] load_average_latency_ns : 114452.862580
Load workloads needs: 8538964252 ns 
[report] load_thread_ID : 18
[report] load_duration_ns : 8538964252
[report] load_duration_s : 8.538964
[report] load_throughput : 8661.003585
[report] load_average_latency_ns : 115460.060739
Load workloads needs: 8549729810 ns 
[report] load_thread_ID : 11
[report] load_duration_ns : 8549729810
[report] load_duration_s : 8.549730
[report] load_throughput : 8650.097915
[report] load_average_latency_ns : 115605.627806
Load workloads needs: 8558536321 ns 
[report] load_thread_ID : 8
[report] load_duration_ns : 8558536321
[report] load_duration_s : 8.558536
[report] load_throughput : 8641.197189
[report] load_average_latency_ns : 115724.705514
Load workloads needs: 8607969806 ns 
[report] load_thread_ID : 15
[report] load_duration_ns : 8607969806
[report] load_duration_s : 8.607970
[report] load_throughput : 8591.572887
[report] load_average_latency_ns : 116393.123019
Load workloads needs: 8623997863 ns 
[report] load_thread_ID : 7
[report] load_duration_ns : 8623997863
[report] load_duration_s : 8.623998
[report] load_throughput : 8575.605093
[report] load_average_latency_ns : 116609.847247
Load workloads needs: 8697924630 ns 
[report] load_thread_ID : 20
[report] load_duration_ns : 8697924630
[report] load_duration_s : 8.697925
[report] load_throughput : 8502.717964
[report] load_average_latency_ns : 117609.451971
Load workloads needs: 8839948738 ns 
[report] load_thread_ID : 12
[report] load_duration_ns : 8839948738
[report] load_duration_s : 8.839949
[report] load_throughput : 8366.111862
[report] load_average_latency_ns : 119529.838526
Load workloads needs: 8942611657 ns 
[report] load_thread_ID : 13
[report] load_duration_ns : 8942611657
[report] load_duration_s : 8.942612
[report] load_throughput : 8270.067273
[report] load_average_latency_ns : 120918.000663
Load workloads needs: 9015698502 ns 
[report] load_thread_ID : 22
[report] load_duration_ns : 9015698502
[report] load_duration_s : 9.015699
[report] load_throughput : 8203.024977
[report] load_average_latency_ns : 121906.248337
Load workloads needs: 9047439043 ns 
[report] load_thread_ID : 21
[report] load_duration_ns : 9047439043
[report] load_duration_s : 9.047439
[report] load_throughput : 8174.246839
[report] load_average_latency_ns : 122335.429756
Load workloads needs: 9298115024 ns 
[report] load_thread_ID : 23
[report] load_duration_ns : 9298115024
[report] load_duration_s : 9.298115
[report] load_throughput : 7953.870199
[report] load_average_latency_ns : 125724.958408
Load workloads needs: 9347223339 ns 
[report] load_thread_ID : 14
[report] load_duration_ns : 9347223339
[report] load_duration_s : 9.347223
[report] load_throughput : 7912.082264
[report] load_average_latency_ns : 126388.979109
All clients run done needs: 9347219441 ns 
[report] load_overall_duration_ns : 9347219441
[report] load_overall_duration_s : 9.347219
[report] load_overall_throughput : 189892.086219
[report] load_overall_average_latency_ns : 5266.148895
