numactl --membind=4 /mnt/nvme0/home/gxr/mongdb-run/test_mongodb/build//run_client --num_threads=5 --core_binding=0,1,2,3,4,5,6,7,8,9,10,11,12,13,14,15,128,129,130,131,132,133,134,135,136,137,138,139,140,141,142,143 --str_key_size=16 --str_key_size=256 --load_file=/mnt/nvme0/home/gxr/mongdb-run/workloads/ycsb/workloada-load-1000000-1000000.log.formated --run_file=/mnt/nvme0/home/gxr/mongdb-run/workloads/ycsb/workloada-run-1000000-1000000.log.formated --URI_set=mongodb://localhost:27017,mongodb://localhost:27018,mongodb://localhost:27019,mongodb://localhost:27020,mongodb://localhost:27021,mongodb://localhost:27022,mongodb://localhost:27023,mongodb://localhost:27024,mongodb://localhost:27025,mongodb://localhost:27026,mongodb://localhost:27027,mongodb://localhost:27028,mongodb://localhost:27029,mongodb://localhost:27030,mongodb://localhost:27031,mongodb://localhost:27032,mongodb://localhost:27033,mongodb://localhost:27034,mongodb://localhost:27035,mongodb://localhost:27036,mongodb://localhost:27037,mongodb://localhost:27038,mongodb://localhost:27039,mongodb://localhost:27040,mongodb://localhost:27041,mongodb://localhost:27042,mongodb://localhost:27043,mongodb://localhost:27044,mongodb://localhost:27045,mongodb://localhost:27046 --first_mode=true
mongodb://localhost:27017 mongodb://localhost:27018 mongodb://localhost:27019 mongodb://localhost:27020 mongodb://localhost:27021 mongodb://localhost:27022 mongodb://localhost:27023 mongodb://localhost:27024 mongodb://localhost:27025 mongodb://localhost:27026 mongodb://localhost:27027 mongodb://localhost:27028 mongodb://localhost:27029 mongodb://localhost:27030 mongodb://localhost:27031 mongodb://localhost:27032 mongodb://localhost:27033 mongodb://localhost:27034 mongodb://localhost:27035 mongodb://localhost:27036 mongodb://localhost:27037 mongodb://localhost:27038 mongodb://localhost:27039 mongodb://localhost:27040 mongodb://localhost:27041 mongodb://localhost:27042 mongodb://localhost:27043 mongodb://localhost:27044 mongodb://localhost:27045 mongodb://localhost:27046 reading workload files ...
load_filename : /mnt/nvme0/home/gxr/mongdb-run/workloads/ycsb/workloada-load-1000000-1000000.log.formated
read load file needs: 481843614 s 
run_filename : /mnt/nvme0/home/gxr/mongdb-run/workloads/ycsb/workloada-run-1000000-1000000.log.formated
read run file needs: 496523915 s 
num_of_load_ops is 1000000
num_of_run_ops is 1000000
0 1 2 3 4 5 6 7 8 9 10 11 12 13 14 15 128 129 130 131 132 133 134 135 136 137 138 139 140 141 142 143 URI: URI: mongodb://localhost:27017mongodb://localhost:27017

URI: URI: mongodb://localhost:27017
mongodb://localhost:27017
URI: mongodb://localhost:27017
Load workloads needs: 26096026202 ns 
[report] load_thread_ID : 3
[report] load_duration_ns : 26096026202
[report] load_duration_s : 26.096026
[report] load_throughput : 7664.002115
[report] load_average_latency_ns : 130480.131010
Load workloads needs: 26481280202 ns 
[report] load_thread_ID : 2
[report] load_duration_ns : 26481280202
[report] load_duration_s : 26.481280
[report] load_throughput : 7552.504957
[report] load_average_latency_ns : 132406.401010
Load workloads needs: 27896786884 ns 
[report] load_thread_ID : 0
[report] load_duration_ns : 27896786884
[report] load_duration_s : 27.896787
[report] load_throughput : 7169.284435
[report] load_average_latency_ns : 139483.934420
Load workloads needs: 27987310859 ns 
[report] load_thread_ID : 4
[report] load_duration_ns : 27987310859
[report] load_duration_s : 27.987311
[report] load_throughput : 7146.095636
[report] load_average_latency_ns : 139936.554295
Load workloads needs: 28415486470 ns 
[report] load_thread_ID : 1
[report] load_duration_ns : 28415486470
[report] load_duration_s : 28.415486
[report] load_throughput : 7038.415486
[report] load_average_latency_ns : 142077.432350
All clients run done needs: 28416402846 ns 
[report] load_overall_duration_ns : 28416402846
[report] load_overall_duration_s : 28.416403
[report] load_overall_throughput : 35190.942549
[report] load_overall_average_latency_ns : 28416.402846
