numactl --membind=2 /home/gxr/mongodb-run/test_mongodb/build//run_client --num_threads=4 --core_binding=0,12,2,13,4,14,6,15,8,16,10,17,1,18,3,19,5,20,7,21,9,22,11,23 --str_key_size=16 --str_key_size=256 --load_file=/home/gxr/mongodb-run/workloads/ycsb/workloada-load-50000000-50000000.log.formated --run_file=/home/gxr/mongodb-run/workloads/ycsb/workloada-run-50000000-50000000.log.formated --URI_set=mongodb://localhost:27017,mongodb://localhost:27018,mongodb://localhost:27019,mongodb://localhost:27020,mongodb://localhost:27021,mongodb://localhost:27022,mongodb://localhost:27023,mongodb://localhost:27024,mongodb://localhost:27025,mongodb://localhost:27026,mongodb://localhost:27027,mongodb://localhost:27028,mongodb://localhost:27029,mongodb://localhost:27030,mongodb://localhost:27031,mongodb://localhost:27032,mongodb://localhost:27033,mongodb://localhost:27034,mongodb://localhost:27035,mongodb://localhost:27036,mongodb://localhost:27037,mongodb://localhost:27038,mongodb://localhost:27039,mongodb://localhost:27040,mongodb://localhost:27041,mongodb://localhost:27042,mongodb://localhost:27043,mongodb://localhost:27044,mongodb://localhost:27045,mongodb://localhost:27046,mongodb://localhost:27047,mongodb://localhost:27048,mongodb://localhost:27049,mongodb://localhost:27050,mongodb://localhost:27051,mongodb://localhost:27052,mongodb://localhost:27053,mongodb://localhost:27054,mongodb://localhost:27055,mongodb://localhost:27056,mongodb://localhost:27057,mongodb://localhost:27058,mongodb://localhost:27059,mongodb://localhost:27060,mongodb://localhost:27061,mongodb://localhost:27062,mongodb://localhost:27063,mongodb://localhost:27064 --first_mode=true
mongodb://localhost:27017 mongodb://localhost:27018 mongodb://localhost:27019 mongodb://localhost:27020 mongodb://localhost:27021 mongodb://localhost:27022 mongodb://localhost:27023 mongodb://localhost:27024 mongodb://localhost:27025 mongodb://localhost:27026 mongodb://localhost:27027 mongodb://localhost:27028 mongodb://localhost:27029 mongodb://localhost:27030 mongodb://localhost:27031 mongodb://localhost:27032 mongodb://localhost:27033 mongodb://localhost:27034 mongodb://localhost:27035 mongodb://localhost:27036 mongodb://localhost:27037 mongodb://localhost:27038 mongodb://localhost:27039 mongodb://localhost:27040 mongodb://localhost:27041 mongodb://localhost:27042 mongodb://localhost:27043 mongodb://localhost:27044 mongodb://localhost:27045 mongodb://localhost:27046 mongodb://localhost:27047 mongodb://localhost:27048 mongodb://localhost:27049 mongodb://localhost:27050 mongodb://localhost:27051 mongodb://localhost:27052 mongodb://localhost:27053 mongodb://localhost:27054 mongodb://localhost:27055 mongodb://localhost:27056 mongodb://localhost:27057 mongodb://localhost:27058 mongodb://localhost:27059 mongodb://localhost:27060 mongodb://localhost:27061 mongodb://localhost:27062 mongodb://localhost:27063 mongodb://localhost:27064 reading workload files ...
load_filename : /home/gxr/mongodb-run/workloads/ycsb/workloada-load-50000000-50000000.log.formated
the number of load operations is: 1774963
read load file needs: 1271766999 s 
run_filename : /home/gxr/mongodb-run/workloads/ycsb/workloada-run-50000000-50000000.log.formated
read run file needs: 1313268142 s 
num_of_load_ops is 1774963
num_of_run_ops is 1924255
0 12 2 13 4 14 6 15 8 16 10 17 1 18 3 19 5 20 7 21 9 22 11 23 URI: URI: URI: mongodb://localhost:27017
URI: mongodb://localhost:27017mongodb://localhost:27017
mongodb://localhost:27017

Load workloads needs: 29015998395 ns 
[report] load_thread_ID : 0
[report] load_duration_ns : 29015998395
[report] load_duration_s : 29.015998
[report] load_throughput : 15292.942671
[report] load_average_latency_ns : 65389.638967
Load workloads needs: 35202037652 ns 
[report] load_thread_ID : 3
[report] load_duration_ns : 35202037652
[report] load_duration_s : 35.202038
[report] load_throughput : 12605.520294
[report] load_average_latency_ns : 79330.323279
Load workloads needs: 35268358086 ns 
[report] load_thread_ID : 2
[report] load_duration_ns : 35268358086
[report] load_duration_s : 35.268358
[report] load_throughput : 12581.816225
[report] load_average_latency_ns : 79479.781147
Load workloads needs: 40441979714 ns 
[report] load_thread_ID : 1
[report] load_duration_ns : 40441979714
[report] load_duration_s : 40.441980
[report] load_throughput : 10972.262069
[report] load_average_latency_ns : 91138.909528
All clients run done needs: 40443233387 ns 
[report] load_overall_duration_ns : 40443233387
[report] load_overall_duration_s : 40.443233
[report] load_overall_throughput : 43887.761965
[report] load_overall_average_latency_ns : 22785.395181
