numactl --membind=2 /home/gxr/mongodb-run/test_mongodb/build//run_client --num_threads=20 --core_binding=0,12,2,13,4,14,6,15,8,16,10,17,1,18,3,19,5,20,7,21,9,22,11,23 --str_key_size=16 --str_key_size=256 --load_file=/home/gxr/mongodb-run/workloads/ycsb/workloada-load-50000000-50000000.log.formated --run_file=/home/gxr/mongodb-run/workloads/ycsb/workloada-run-50000000-50000000.log.formated --URI_set=mongodb://localhost:27017,mongodb://localhost:27018,mongodb://localhost:27019,mongodb://localhost:27020,mongodb://localhost:27021,mongodb://localhost:27022,mongodb://localhost:27023,mongodb://localhost:27024,mongodb://localhost:27025,mongodb://localhost:27026,mongodb://localhost:27027,mongodb://localhost:27028,mongodb://localhost:27029,mongodb://localhost:27030,mongodb://localhost:27031,mongodb://localhost:27032,mongodb://localhost:27033,mongodb://localhost:27034,mongodb://localhost:27035,mongodb://localhost:27036,mongodb://localhost:27037,mongodb://localhost:27038,mongodb://localhost:27039,mongodb://localhost:27040,mongodb://localhost:27041,mongodb://localhost:27042,mongodb://localhost:27043,mongodb://localhost:27044,mongodb://localhost:27045,mongodb://localhost:27046,mongodb://localhost:27047,mongodb://localhost:27048,mongodb://localhost:27049,mongodb://localhost:27050,mongodb://localhost:27051,mongodb://localhost:27052,mongodb://localhost:27053,mongodb://localhost:27054,mongodb://localhost:27055,mongodb://localhost:27056,mongodb://localhost:27057,mongodb://localhost:27058,mongodb://localhost:27059,mongodb://localhost:27060,mongodb://localhost:27061,mongodb://localhost:27062,mongodb://localhost:27063,mongodb://localhost:27064 --first_mode=false
mongodb://localhost:27017 mongodb://localhost:27018 mongodb://localhost:27019 mongodb://localhost:27020 mongodb://localhost:27021 mongodb://localhost:27022 mongodb://localhost:27023 mongodb://localhost:27024 mongodb://localhost:27025 mongodb://localhost:27026 mongodb://localhost:27027 mongodb://localhost:27028 mongodb://localhost:27029 mongodb://localhost:27030 mongodb://localhost:27031 mongodb://localhost:27032 mongodb://localhost:27033 mongodb://localhost:27034 mongodb://localhost:27035 mongodb://localhost:27036 mongodb://localhost:27037 mongodb://localhost:27038 mongodb://localhost:27039 mongodb://localhost:27040 mongodb://localhost:27041 mongodb://localhost:27042 mongodb://localhost:27043 mongodb://localhost:27044 mongodb://localhost:27045 mongodb://localhost:27046 mongodb://localhost:27047 mongodb://localhost:27048 mongodb://localhost:27049 mongodb://localhost:27050 mongodb://localhost:27051 mongodb://localhost:27052 mongodb://localhost:27053 mongodb://localhost:27054 mongodb://localhost:27055 mongodb://localhost:27056 mongodb://localhost:27057 mongodb://localhost:27058 mongodb://localhost:27059 mongodb://localhost:27060 mongodb://localhost:27061 mongodb://localhost:27062 mongodb://localhost:27063 mongodb://localhost:27064 reading workload files ...
load_filename : /home/gxr/mongodb-run/workloads/ycsb/workloada-load-50000000-50000000.log.formated
the number of load operations is: 1774963
read load file needs: 1408581398 s 
run_filename : /home/gxr/mongodb-run/workloads/ycsb/workloada-run-50000000-50000000.log.formated
read run file needs: 1309578502 s 
num_of_load_ops is 1774963
num_of_run_ops is 1924255
0 12 2 13 4 14 6 15 8 16 10 17 1 18 3 19 5 20 7 21 9 22 11 23 URI: URI: URI: URI: URI: mongodb://localhost:27019mongodb://localhost:27017URI: mongodb://localhost:27022mongodb://localhost:27024URI: 
mongodb://localhost:27021

URI: mongodb://localhost:27020mongodb://localhost:27026



mongodb://localhost:27018
URI: mongodb://localhost:27023URI: mongodb://localhost:27025

URI: mongodb://localhost:27027
URI: mongodb://localhost:27029
URI: mongodb://localhost:27030
URI: URI: mongodb://localhost:27028
mongodb://localhost:27031
URI: mongodb://localhost:27032
URI: mongodb://localhost:27034
URI: mongodb://localhost:27033
URI: mongodb://localhost:27035
URI: mongodb://localhost:27036
Load workloads needs: 12259298566 ns 
[report] load_thread_ID : 16
[report] load_duration_ns : 12259298566
[report] load_duration_s : 12.259299
[report] load_throughput : 7239.239629
[report] load_average_latency_ns : 138136.054514
Load workloads needs: 12277364510 ns 
[report] load_thread_ID : 14
[report] load_duration_ns : 12277364510
[report] load_duration_s : 12.277365
[report] load_throughput : 7228.587204
[report] load_average_latency_ns : 138339.619034
Load workloads needs: 12494142000 ns 
[report] load_thread_ID : 3
[report] load_duration_ns : 12494142000
[report] load_duration_s : 12.494142
[report] load_throughput : 7103.168829
[report] load_average_latency_ns : 140782.237346
Load workloads needs: 12586641787 ns 
[report] load_thread_ID : 4
[report] load_duration_ns : 12586641787
[report] load_duration_s : 12.586642
[report] load_throughput : 7050.967327
[report] load_average_latency_ns : 141824.511955
Load workloads needs: 12607133338 ns 
[report] load_thread_ID : 0
[report] load_duration_ns : 12607133338
[report] load_duration_s : 12.607133
[report] load_throughput : 7039.506732
[report] load_average_latency_ns : 142055.407874
Load workloads needs: 12639648902 ns 
[report] load_thread_ID : 12
[report] load_duration_ns : 12639648902
[report] load_duration_s : 12.639649
[report] load_throughput : 7021.397563
[report] load_average_latency_ns : 142421.788683
Load workloads needs: 12654891682 ns 
[report] load_thread_ID : 17
[report] load_duration_ns : 12654891682
[report] load_duration_s : 12.654892
[report] load_throughput : 7012.940310
[report] load_average_latency_ns : 142593.542187
Load workloads needs: 12958336407 ns 
[report] load_thread_ID : 15
[report] load_duration_ns : 12958336407
[report] load_duration_s : 12.958336
[report] load_throughput : 6848.718633
[report] load_average_latency_ns : 146012.714732
Load workloads needs: 12962131501 ns 
[report] load_thread_ID : 10
[report] load_duration_ns : 12962131501
[report] load_duration_s : 12.962132
[report] load_throughput : 6846.713443
[report] load_average_latency_ns : 146055.477318
Load workloads needs: 13058822751 ns 
[report] load_thread_ID : 5
[report] load_duration_ns : 13058822751
[report] load_duration_s : 13.058823
[report] load_throughput : 6796.018423
[report] load_average_latency_ns : 147144.980743
Load workloads needs: 13074542002 ns 
[report] load_thread_ID : 8
[report] load_duration_ns : 13074542002
[report] load_duration_s : 13.074542
[report] load_throughput : 6787.847711
[report] load_average_latency_ns : 147322.103056
Load workloads needs: 13192574121 ns 
[report] load_thread_ID : 7
[report] load_duration_ns : 13192574121
[report] load_duration_s : 13.192574
[report] load_throughput : 6727.117785
[report] load_average_latency_ns : 148652.072396
Load workloads needs: 13229498313 ns 
[report] load_thread_ID : 13
[report] load_duration_ns : 13229498313
[report] load_duration_s : 13.229498
[report] load_throughput : 6708.342063
[report] load_average_latency_ns : 149068.129006
Load workloads needs: 13258407179 ns 
[report] load_thread_ID : 2
[report] load_duration_ns : 13258407179
[report] load_duration_s : 13.258407
[report] load_throughput : 6693.715075
[report] load_average_latency_ns : 149393.870048
Load workloads needs: 13264923792 ns 
[report] load_thread_ID : 11
[report] load_duration_ns : 13264923792
[report] load_duration_s : 13.264924
[report] load_throughput : 6690.426677
[report] load_average_latency_ns : 149467.298328
Load workloads needs: 13275578694 ns 
[report] load_thread_ID : 9
[report] load_duration_ns : 13275578694
[report] load_duration_s : 13.275579
[report] load_throughput : 6685.056979
[report] load_average_latency_ns : 149587.356267
Load workloads needs: 13432729200 ns 
[report] load_thread_ID : 18
[report] load_duration_ns : 13432729200
[report] load_duration_s : 13.432729
[report] load_throughput : 6606.847996
[report] load_average_latency_ns : 151358.106098
Load workloads needs: 13456920196 ns 
[report] load_thread_ID : 6
[report] load_duration_ns : 13456920196
[report] load_duration_s : 13.456920
[report] load_throughput : 6594.971116
[report] load_average_latency_ns : 151630.686844
Load workloads needs: 13524772207 ns 
[report] load_thread_ID : 1
[report] load_duration_ns : 13524772207
[report] load_duration_s : 13.524772
[report] load_throughput : 6561.885009
[report] load_average_latency_ns : 152395.233774
Load workloads needs: 13939387048 ns 
[report] load_thread_ID : 19
[report] load_duration_ns : 13939387048
[report] load_duration_s : 13.939387
[report] load_throughput : 6366.707495
[report] load_average_latency_ns : 157067.055573
All clients run done needs: 13942293721 ns 
[report] load_overall_duration_ns : 13942293721
[report] load_overall_duration_s : 13.942294
[report] load_overall_throughput : 127307.818607
[report] load_overall_average_latency_ns : 7854.977101
