numactl --membind=2 /home/gxr/mongodb-run/test_mongodb/build//run_client --num_threads=4 --core_binding=0,12,2,13,4,14,6,15,8,16,10,17,1,18,3,19,5,20,7,21,9,22,11,23 --str_key_size=16 --str_key_size=256 --load_file=/home/gxr/mongodb-run/workloads/ycsb/workloada-load-50000000-50000000.log.formated --run_file=/home/gxr/mongodb-run/workloads/ycsb/workloada-run-50000000-50000000.log.formated --URI_set=mongodb://localhost:27017,mongodb://localhost:27018,mongodb://localhost:27019,mongodb://localhost:27020,mongodb://localhost:27021,mongodb://localhost:27022,mongodb://localhost:27023,mongodb://localhost:27024,mongodb://localhost:27025,mongodb://localhost:27026,mongodb://localhost:27027,mongodb://localhost:27028,mongodb://localhost:27029,mongodb://localhost:27030,mongodb://localhost:27031,mongodb://localhost:27032,mongodb://localhost:27033,mongodb://localhost:27034,mongodb://localhost:27035,mongodb://localhost:27036,mongodb://localhost:27037,mongodb://localhost:27038,mongodb://localhost:27039,mongodb://localhost:27040,mongodb://localhost:27041,mongodb://localhost:27042,mongodb://localhost:27043,mongodb://localhost:27044,mongodb://localhost:27045,mongodb://localhost:27046,mongodb://localhost:27047,mongodb://localhost:27048,mongodb://localhost:27049,mongodb://localhost:27050,mongodb://localhost:27051,mongodb://localhost:27052,mongodb://localhost:27053,mongodb://localhost:27054,mongodb://localhost:27055,mongodb://localhost:27056,mongodb://localhost:27057,mongodb://localhost:27058,mongodb://localhost:27059,mongodb://localhost:27060,mongodb://localhost:27061,mongodb://localhost:27062,mongodb://localhost:27063,mongodb://localhost:27064 --first_mode=false
mongodb://localhost:27017 mongodb://localhost:27018 mongodb://localhost:27019 mongodb://localhost:27020 mongodb://localhost:27021 mongodb://localhost:27022 mongodb://localhost:27023 mongodb://localhost:27024 mongodb://localhost:27025 mongodb://localhost:27026 mongodb://localhost:27027 mongodb://localhost:27028 mongodb://localhost:27029 mongodb://localhost:27030 mongodb://localhost:27031 mongodb://localhost:27032 mongodb://localhost:27033 mongodb://localhost:27034 mongodb://localhost:27035 mongodb://localhost:27036 mongodb://localhost:27037 mongodb://localhost:27038 mongodb://localhost:27039 mongodb://localhost:27040 mongodb://localhost:27041 mongodb://localhost:27042 mongodb://localhost:27043 mongodb://localhost:27044 mongodb://localhost:27045 mongodb://localhost:27046 mongodb://localhost:27047 mongodb://localhost:27048 mongodb://localhost:27049 mongodb://localhost:27050 mongodb://localhost:27051 mongodb://localhost:27052 mongodb://localhost:27053 mongodb://localhost:27054 mongodb://localhost:27055 mongodb://localhost:27056 mongodb://localhost:27057 mongodb://localhost:27058 mongodb://localhost:27059 mongodb://localhost:27060 mongodb://localhost:27061 mongodb://localhost:27062 mongodb://localhost:27063 mongodb://localhost:27064 reading workload files ...
load_filename : /home/gxr/mongodb-run/workloads/ycsb/workloada-load-50000000-50000000.log.formated
the number of load operations is: 1774963
read load file needs: 1272296195 s 
run_filename : /home/gxr/mongodb-run/workloads/ycsb/workloada-run-50000000-50000000.log.formated
read run file needs: 1315101742 s 
num_of_load_ops is 1774963
num_of_run_ops is 1924255
0 12 2 13 4 14 6 15 8 16 10 17 1 18 3 19 5 20 7 21 9 22 11 23 URI: URI: mongodb://localhost:27019
URI: URI: mongodb://localhost:27017mongodb://localhost:27020

mongodb://localhost:27018
Load workloads needs: 22255927097 ns 
[report] load_thread_ID : 2
[report] load_duration_ns : 22255927097
[report] load_duration_s : 22.255927
[report] load_throughput : 19938.059559
[report] load_average_latency_ns : 50155.332170
Load workloads needs: 27318915885 ns 
[report] load_thread_ID : 0
[report] load_duration_ns : 27318915885
[report] load_duration_s : 27.318916
[report] load_throughput : 16242.957878
[report] load_average_latency_ns : 61565.141491
Load workloads needs: 28479067001 ns 
[report] load_thread_ID : 1
[report] load_duration_ns : 28479067001
[report] load_duration_s : 28.479067
[report] load_throughput : 15581.268866
[report] load_average_latency_ns : 64179.625459
Load workloads needs: 30336276810 ns 
[report] load_thread_ID : 3
[report] load_duration_ns : 30336276810
[report] load_duration_s : 30.336277
[report] load_throughput : 14627.371802
[report] load_average_latency_ns : 68364.981318
All clients run done needs: 30337695643 ns 
[report] load_overall_duration_ns : 30337695643
[report] load_overall_duration_s : 30.337696
[report] load_overall_throughput : 58506.849725
[report] load_overall_average_latency_ns : 17092.015801
