numactl --membind=2 /home/gxr/mongodb-run/test_mongodb/build//run_client --num_threads=20 --core_binding=0,12,2,13,4,14,6,15,8,16,10,17,1,18,3,19,5,20,7,21,9,22,11,23 --str_key_size=16 --str_key_size=256 --load_file=/home/gxr/mongodb-run/workloads/ycsb/workloada-load-50000000-50000000.log.formated --run_file=/home/gxr/mongodb-run/workloads/ycsb/workloada-run-50000000-50000000.log.formated --URI_set=mongodb://localhost:27017,mongodb://localhost:27018,mongodb://localhost:27019,mongodb://localhost:27020,mongodb://localhost:27021,mongodb://localhost:27022,mongodb://localhost:27023,mongodb://localhost:27024,mongodb://localhost:27025,mongodb://localhost:27026,mongodb://localhost:27027,mongodb://localhost:27028,mongodb://localhost:27029,mongodb://localhost:27030,mongodb://localhost:27031,mongodb://localhost:27032,mongodb://localhost:27033,mongodb://localhost:27034,mongodb://localhost:27035,mongodb://localhost:27036,mongodb://localhost:27037,mongodb://localhost:27038,mongodb://localhost:27039,mongodb://localhost:27040,mongodb://localhost:27041,mongodb://localhost:27042,mongodb://localhost:27043,mongodb://localhost:27044,mongodb://localhost:27045,mongodb://localhost:27046,mongodb://localhost:27047,mongodb://localhost:27048,mongodb://localhost:27049,mongodb://localhost:27050,mongodb://localhost:27051,mongodb://localhost:27052,mongodb://localhost:27053,mongodb://localhost:27054,mongodb://localhost:27055,mongodb://localhost:27056,mongodb://localhost:27057,mongodb://localhost:27058,mongodb://localhost:27059,mongodb://localhost:27060,mongodb://localhost:27061,mongodb://localhost:27062,mongodb://localhost:27063,mongodb://localhost:27064 --first_mode=true
mongodb://localhost:27017 mongodb://localhost:27018 mongodb://localhost:27019 mongodb://localhost:27020 mongodb://localhost:27021 mongodb://localhost:27022 mongodb://localhost:27023 mongodb://localhost:27024 mongodb://localhost:27025 mongodb://localhost:27026 mongodb://localhost:27027 mongodb://localhost:27028 mongodb://localhost:27029 mongodb://localhost:27030 mongodb://localhost:27031 mongodb://localhost:27032 mongodb://localhost:27033 mongodb://localhost:27034 mongodb://localhost:27035 mongodb://localhost:27036 mongodb://localhost:27037 mongodb://localhost:27038 mongodb://localhost:27039 mongodb://localhost:27040 mongodb://localhost:27041 mongodb://localhost:27042 mongodb://localhost:27043 mongodb://localhost:27044 mongodb://localhost:27045 mongodb://localhost:27046 mongodb://localhost:27047 mongodb://localhost:27048 mongodb://localhost:27049 mongodb://localhost:27050 mongodb://localhost:27051 mongodb://localhost:27052 mongodb://localhost:27053 mongodb://localhost:27054 mongodb://localhost:27055 mongodb://localhost:27056 mongodb://localhost:27057 mongodb://localhost:27058 mongodb://localhost:27059 mongodb://localhost:27060 mongodb://localhost:27061 mongodb://localhost:27062 mongodb://localhost:27063 mongodb://localhost:27064 reading workload files ...
load_filename : /home/gxr/mongodb-run/workloads/ycsb/workloada-load-50000000-50000000.log.formated
the number of load operations is: 1774963
read load file needs: 1282658074 s 
run_filename : /home/gxr/mongodb-run/workloads/ycsb/workloada-run-50000000-50000000.log.formated
read run file needs: 1310914458 s 
num_of_load_ops is 1774963
num_of_run_ops is 1924255
0 12 2 13 4 14 6 15 8 16 10 17 1 18 3 19 5 20 7 21 9 22 11 23 URI: URI: URI: mongodb://localhost:27017URI: URI: mongodb://localhost:27017
URI: mongodb://localhost:27017
URI: mongodb://localhost:27017
mongodb://localhost:27017
URI: mongodb://localhost:27017

mongodb://localhost:27017
URI: mongodb://localhost:27017
URI: mongodb://localhost:27017
URI: mongodb://localhost:27017
URI: mongodb://localhost:27017
mongodb://localhost:27017
URI: mongodb://localhost:27017
URI: mongodb://localhost:27017
URI: mongodb://localhost:27017
URI: mongodb://localhost:27017
URI: mongodb://localhost:27017
URI: mongodb://localhost:27017
URI: mongodb://localhost:27017
URI: mongodb://localhost:27017
Load workloads needs: 8708746781 ns 
[report] load_thread_ID : 17
[report] load_duration_ns : 8708746781
[report] load_duration_s : 8.708747
[report] load_throughput : 10190.674070
[report] load_average_latency_ns : 98128.935649
Load workloads needs: 8763606911 ns 
[report] load_thread_ID : 5
[report] load_duration_ns : 8763606911
[report] load_duration_s : 8.763607
[report] load_throughput : 10126.880507
[report] load_average_latency_ns : 98747.091889
Load workloads needs: 8947793509 ns 
[report] load_thread_ID : 10
[report] load_duration_ns : 8947793509
[report] load_duration_s : 8.947794
[report] load_throughput : 9918.422895
[report] load_average_latency_ns : 100822.480608
Load workloads needs: 9159762506 ns 
[report] load_thread_ID : 19
[report] load_duration_ns : 9159762506
[report] load_duration_s : 9.159763
[report] load_throughput : 9688.897495
[report] load_average_latency_ns : 103210.917497
Load workloads needs: 9260420892 ns 
[report] load_thread_ID : 13
[report] load_duration_ns : 9260420892
[report] load_duration_s : 9.260421
[report] load_throughput : 9583.581679
[report] load_average_latency_ns : 104345.122053
Load workloads needs: 9308074776 ns 
[report] load_thread_ID : 11
[report] load_duration_ns : 9308074776
[report] load_duration_s : 9.308075
[report] load_throughput : 9534.517302
[report] load_average_latency_ns : 104882.079326
Load workloads needs: 9323273528 ns 
[report] load_thread_ID : 15
[report] load_duration_ns : 9323273528
[report] load_duration_s : 9.323274
[report] load_throughput : 9518.974181
[report] load_average_latency_ns : 105053.336729
Load workloads needs: 9355098523 ns 
[report] load_thread_ID : 3
[report] load_duration_ns : 9355098523
[report] load_duration_s : 9.355099
[report] load_throughput : 9486.591700
[report] load_average_latency_ns : 105411.936303
Load workloads needs: 9380918707 ns 
[report] load_thread_ID : 7
[report] load_duration_ns : 9380918707
[report] load_duration_s : 9.380919
[report] load_throughput : 9460.480660
[report] load_average_latency_ns : 105702.874510
Load workloads needs: 9415453908 ns 
[report] load_thread_ID : 1
[report] load_duration_ns : 9415453908
[report] load_duration_s : 9.415454
[report] load_throughput : 9425.780304
[report] load_average_latency_ns : 106092.012305
Load workloads needs: 9512996254 ns 
[report] load_thread_ID : 4
[report] load_duration_ns : 9512996254
[report] load_duration_s : 9.512996
[report] load_throughput : 9329.132235
[report] load_average_latency_ns : 107191.105760
Load workloads needs: 9581451325 ns 
[report] load_thread_ID : 0
[report] load_duration_ns : 9581451325
[report] load_duration_s : 9.581451
[report] load_throughput : 9262.479868
[report] load_average_latency_ns : 107962.447886
Load workloads needs: 9626179135 ns 
[report] load_thread_ID : 14
[report] load_duration_ns : 9626179135
[report] load_duration_s : 9.626179
[report] load_throughput : 9219.441977
[report] load_average_latency_ns : 108466.434568
Load workloads needs: 9663128682 ns 
[report] load_thread_ID : 12
[report] load_duration_ns : 9663128682
[report] load_duration_s : 9.663129
[report] load_throughput : 9184.188985
[report] load_average_latency_ns : 108882.776874
Load workloads needs: 9753931532 ns 
[report] load_thread_ID : 2
[report] load_duration_ns : 9753931532
[report] load_duration_s : 9.753932
[report] load_throughput : 9098.690073
[report] load_average_latency_ns : 109905.930635
Load workloads needs: 9758130350 ns 
[report] load_thread_ID : 8
[report] load_duration_ns : 9758130350
[report] load_duration_s : 9.758130
[report] load_throughput : 9094.775005
[report] load_average_latency_ns : 109953.242327
Load workloads needs: 9790533594 ns 
[report] load_thread_ID : 6
[report] load_duration_ns : 9790533594
[report] load_duration_s : 9.790534
[report] load_throughput : 9064.674478
[report] load_average_latency_ns : 110318.357529
Load workloads needs: 9828486618 ns 
[report] load_thread_ID : 18
[report] load_duration_ns : 9828486618
[report] load_duration_s : 9.828487
[report] load_throughput : 9029.670940
[report] load_average_latency_ns : 110746.006873
Load workloads needs: 9952282160 ns 
[report] load_thread_ID : 16
[report] load_duration_ns : 9952282160
[report] load_duration_s : 9.952282
[report] load_throughput : 8917.351676
[report] load_average_latency_ns : 112140.917654
Load workloads needs: 11092348396 ns 
[report] load_thread_ID : 9
[report] load_duration_ns : 11092348396
[report] load_duration_s : 11.092348
[report] load_throughput : 8000.830557
[report] load_average_latency_ns : 124987.023888
All clients run done needs: 11096094022 ns 
[report] load_overall_duration_ns : 11096094022
[report] load_overall_duration_s : 11.096094
[report] load_overall_throughput : 159962.865895
[report] load_overall_average_latency_ns : 6251.450888
