numactl --membind=2 /mnt/nvme0/home/gxr/mongdb-run/test_mongodb/build//run_client --num_threads=12 --core_binding=0,1,2,3,4,5,6,7,8,9,10,11,12,13,14,15,128,129,130,131,132,133,134,135,136,137,138,139,140,141,142,143 --str_key_size=16 --str_key_size=1024 --load_file=/home/gxr/mongodb-run/workloads/ycsb/workloada-load-10000000-10000000.log.formated --run_file=/home/gxr/mongodb-run/workloads/ycsb/workloada-run-10000000-10000000.log.formated --URI_set=mongodb://localhost:27017,mongodb://localhost:27018,mongodb://localhost:27019,mongodb://localhost:27020,mongodb://localhost:27021,mongodb://localhost:27022,mongodb://localhost:27023,mongodb://localhost:27024,mongodb://localhost:27025,mongodb://localhost:27026,mongodb://localhost:27027,mongodb://localhost:27028,mongodb://localhost:27029,mongodb://localhost:27030,mongodb://localhost:27031,mongodb://localhost:27032,mongodb://localhost:27033,mongodb://localhost:27034,mongodb://localhost:27035,mongodb://localhost:27036,mongodb://localhost:27037,mongodb://localhost:27038,mongodb://localhost:27039,mongodb://localhost:27040,mongodb://localhost:27041,mongodb://localhost:27042,mongodb://localhost:27043,mongodb://localhost:27044,mongodb://localhost:27045,mongodb://localhost:27046 --first_mode=true
mongodb://localhost:27017 mongodb://localhost:27018 mongodb://localhost:27019 mongodb://localhost:27020 mongodb://localhost:27021 mongodb://localhost:27022 mongodb://localhost:27023 mongodb://localhost:27024 mongodb://localhost:27025 mongodb://localhost:27026 mongodb://localhost:27027 mongodb://localhost:27028 mongodb://localhost:27029 mongodb://localhost:27030 mongodb://localhost:27031 mongodb://localhost:27032 mongodb://localhost:27033 mongodb://localhost:27034 mongodb://localhost:27035 mongodb://localhost:27036 mongodb://localhost:27037 mongodb://localhost:27038 mongodb://localhost:27039 mongodb://localhost:27040 mongodb://localhost:27041 mongodb://localhost:27042 mongodb://localhost:27043 mongodb://localhost:27044 mongodb://localhost:27045 mongodb://localhost:27046 reading workload files ...
load_filename : /home/gxr/mongodb-run/workloads/ycsb/workloada-load-10000000-10000000.log.formated
read load file needs: 11720 s 
run_filename : /home/gxr/mongodb-run/workloads/ycsb/workloada-run-10000000-10000000.log.formated
read run file needs: 1520 s 
num_of_load_ops is 0
num_of_run_ops is 0
0 1 2 3 4 5 6 7 8 9 10 11 12 13 14 15 128 129 130 131 132 133 134 135 136 137 138 139 140 141 142 143 URI: mongodb://localhost:27017
URI: mongodb://localhost:27017
URI: mongodb://localhost:27017
URI: mongodb://localhost:27017
URI: mongodb://localhost:27017
URI: mongodb://localhost:27017
URI: mongodb://localhost:27017
URI: mongodb://localhost:27017
URI: mongodb://localhost:27017
URI: mongodb://localhost:27017
URI: mongodb://localhost:27017
Load workloads needs: Load workloads needs: Load workloads needs: Load workloads needs: 4050Load workloads needs: 40 ns 
40 ns 
40Load workloads needs:  ns Load workloads needs:  ns Load workloads needs: 
70 ns [report] 

[report]  ns 7050 ns load_thread_ID : 3
[report] load_thread_ID : 5
load_thread_ID : [report] load_4Load workloads needs: 
[report] 50load_ ns Load workloads needs: duration_ns
[report] 70load_ ns [report] 
[report] duration_nsload_[report] load_thread_ID :  :  :  ns thread_IDthread_ID : [report] 40load_
0Load workloads needs: 70 ns 
1
[report] 40load_
duration_nsthread_ID[report] load_duration_s : 0.000000 : 6

[report] 
load_[report] thread_IDload_ : [report] 
load_duration_s : 
0.000000
 : load_9
[report] thread_IDload_duration_ns : 11[report] 
load_[report] load_thread_ID : 10
[report] load_duration_ns : 70
[report] load_[report] [report] load_throughput : 0.000000
thread_ID : 7
 : 40
[report] [report] load_duration_sload_ : duration_ns : 50

[report] load_duration_nsload_duration_s : 0.000000
[report] load_throughput : 0.000000
[report] load_average_latency_ns : inf
[report] load_duration_ns : 50
8
[report] load_duration_ns : 70
duration_ns : 50
[report] load_duration_s : 0.000000
[report] [report] load_load_average_latency_ns : [report] [report] load_duration_sload_throughput : 0.000000
[report]  : load_70throughput : 0.000000
inf : 
0.000000
[report] duration_ns : 
0.000000average_latency_ns[report] load_throughput[report] load_duration_s : 0.000000
[report]  : load_throughput : 70
 : inf
[report]  : load_0.000000
40load_
[report] [report] 0.000000load_throughputaverage_latency_ns :  : inf
duration_s
[report] load_duration_s[report] 0.000000load_duration_s
 : [report] load_average_latency_ns[report]  : infload_
load_ : average_latency_ns : inf
0.000000
[report] duration_s : 0.000000

[report] load_throughput : 0.000000
 : load_[report] throughput : 0.000000
0.000000load_[report] 0.000000
[report] load_throughput
load_average_latency_ns : average_latency_ns0.000000
 : [report] load_average_latency_ns : [report] inf
load_ : inf
[report] load_throughput : 0.000000
inf
average_latency_ns : inf
[report] load_average_latency_ns : inf
URI: mongodb://localhost:27017
Load workloads needs: 40 ns 
[report] load_thread_ID : 2
[report] load_duration_ns : 40
[report] load_duration_s : 0.000000
[report] load_throughput : 0.000000
[report] load_average_latency_ns : inf
All clients run done needs: 1652372 ns 
[report] load_overall_duration_ns : 1652372
[report] load_overall_duration_s : 0.001652
[report] load_overall_throughput : 0.000000
[report] load_overall_average_latency_ns : inf
