numactl --membind=4 /mnt/nvme0/home/gxr/mongdb-run/test_mongodb/build//run_client --num_threads=20 --core_binding=0,1,2,3,4,5,6,7,8,9,10,11,12,13,14,15,128,129,130,131,132,133,134,135,136,137,138,139,140,141,142,143 --str_key_size=16 --str_key_size=256 --load_file=/mnt/nvme0/home/gxr/mongdb-run/workloads/ycsb/workloada-load-1000000-1000000.log.formated --run_file=/mnt/nvme0/home/gxr/mongdb-run/workloads/ycsb/workloada-run-1000000-1000000.log.formated --URI_set=mongodb://localhost:27017,mongodb://localhost:27018,mongodb://localhost:27019,mongodb://localhost:27020,mongodb://localhost:27021,mongodb://localhost:27022,mongodb://localhost:27023,mongodb://localhost:27024,mongodb://localhost:27025,mongodb://localhost:27026,mongodb://localhost:27027,mongodb://localhost:27028,mongodb://localhost:27029,mongodb://localhost:27030,mongodb://localhost:27031,mongodb://localhost:27032,mongodb://localhost:27033,mongodb://localhost:27034,mongodb://localhost:27035,mongodb://localhost:27036,mongodb://localhost:27037,mongodb://localhost:27038,mongodb://localhost:27039,mongodb://localhost:27040,mongodb://localhost:27041,mongodb://localhost:27042,mongodb://localhost:27043,mongodb://localhost:27044,mongodb://localhost:27045,mongodb://localhost:27046 --first_mode=false
mongodb://localhost:27017 mongodb://localhost:27018 mongodb://localhost:27019 mongodb://localhost:27020 mongodb://localhost:27021 mongodb://localhost:27022 mongodb://localhost:27023 mongodb://localhost:27024 mongodb://localhost:27025 mongodb://localhost:27026 mongodb://localhost:27027 mongodb://localhost:27028 mongodb://localhost:27029 mongodb://localhost:27030 mongodb://localhost:27031 mongodb://localhost:27032 mongodb://localhost:27033 mongodb://localhost:27034 mongodb://localhost:27035 mongodb://localhost:27036 mongodb://localhost:27037 mongodb://localhost:27038 mongodb://localhost:27039 mongodb://localhost:27040 mongodb://localhost:27041 mongodb://localhost:27042 mongodb://localhost:27043 mongodb://localhost:27044 mongodb://localhost:27045 mongodb://localhost:27046 reading workload files ...
load_filename : /mnt/nvme0/home/gxr/mongdb-run/workloads/ycsb/workloada-load-1000000-1000000.log.formated
read load file needs: 575176790 s 
run_filename : /mnt/nvme0/home/gxr/mongdb-run/workloads/ycsb/workloada-run-1000000-1000000.log.formated
read run file needs: 561491146 s 
num_of_load_ops is 1000000
num_of_run_ops is 1000000
0 1 2 3 4 5 6 7 8 9 10 11 12 13 14 15 128 129 130 131 132 133 134 135 136 137 138 139 140 141 142 143 URI: URI: mongodb://localhost:27029
mongodb://localhost:27027URI: URI: mongodb://localhost:27034
mongodb://localhost:27019URI: URI: 
URI: mongodb://localhost:27022

URI: mongodb://localhost:27017
URI: URI: mongodb://localhost:27020
mongodb://localhost:27033
mongodb://localhost:27024URI: URI: mongodb://localhost:27035

mongodb://localhost:27030URI: mongodb://localhost:27028
mongodb://localhost:27026

URI: mongodb://localhost:27025
URI: mongodb://localhost:27023
URI: mongodb://localhost:27036
URI: mongodb://localhost:27018
URI: mongodb://localhost:27032
URI: mongodb://localhost:27021
URI: mongodb://localhost:27031
Load workloads needs: 6831734961 ns 
[report] load_thread_ID : 12
[report] load_duration_ns : 6831734961
[report] load_duration_s : 6.831735
[report] load_throughput : 7318.785094
[report] load_average_latency_ns : 136634.699220
Load workloads needs: 7179116290 ns 
[report] load_thread_ID : 10
[report] load_duration_ns : 7179116290
[report] load_duration_s : 7.179116
[report] load_throughput : 6964.645505
[report] load_average_latency_ns : 143582.325800
Load workloads needs: 7564358351 ns 
[report] load_thread_ID : 2
[report] load_duration_ns : 7564358351
[report] load_duration_s : 7.564358
[report] load_throughput : 6609.945970
[report] load_average_latency_ns : 151287.167020
Load workloads needs: 7575384800 ns 
[report] load_thread_ID : 17
[report] load_duration_ns : 7575384800
[report] load_duration_s : 7.575385
[report] load_throughput : 6600.324778
[report] load_average_latency_ns : 151507.696000
Load workloads needs: 7631040062 ns 
[report] load_thread_ID : 16
[report] load_duration_ns : 7631040062
[report] load_duration_s : 7.631040
[report] load_throughput : 6552.186805
[report] load_average_latency_ns : 152620.801240
Load workloads needs: 7705987428 ns 
[report] load_thread_ID : 19
[report] load_duration_ns : 7705987428
[report] load_duration_s : 7.705987
[report] load_throughput : 6488.461144
[report] load_average_latency_ns : 154119.748560
Load workloads needs: 7787098279 ns 
[report] load_thread_ID : 18
[report] load_duration_ns : 7787098279
[report] load_duration_s : 7.787098
[report] load_throughput : 6420.876970
[report] load_average_latency_ns : 155741.965580
Load workloads needs: 7797197773 ns 
[report] load_thread_ID : 15
[report] load_duration_ns : 7797197773
[report] load_duration_s : 7.797198
[report] load_throughput : 6412.560186
[report] load_average_latency_ns : 155943.955460
Load workloads needs: 7895986917 ns 
[report] load_thread_ID : 0
[report] load_duration_ns : 7895986917
[report] load_duration_s : 7.895987
[report] load_throughput : 6332.330654
[report] load_average_latency_ns : 157919.738340
Load workloads needs: 7918436573 ns 
[report] load_thread_ID : 8
[report] load_duration_ns : 7918436573
[report] load_duration_s : 7.918437
[report] load_throughput : 6314.377786
[report] load_average_latency_ns : 158368.731460
Load workloads needs: 7954150746 ns 
[report] load_thread_ID : 14
[report] load_duration_ns : 7954150746
[report] load_duration_s : 7.954151
[report] load_throughput : 6286.026201
[report] load_average_latency_ns : 159083.014920
Load workloads needs: 8227486515 ns 
[report] load_thread_ID : 11
[report] load_duration_ns : 8227486515
[report] load_duration_s : 8.227487
[report] load_throughput : 6077.190149
[report] load_average_latency_ns : 164549.730300
Load workloads needs: 8416991727 ns 
[report] load_thread_ID : 13
[report] load_duration_ns : 8416991727
[report] load_duration_s : 8.416992
[report] load_throughput : 5940.364636
[report] load_average_latency_ns : 168339.834540
Load workloads needs: 8421387853 ns 
[report] load_thread_ID : 5
[report] load_duration_ns : 8421387853
[report] load_duration_s : 8.421388
[report] load_throughput : 5937.263652
[report] load_average_latency_ns : 168427.757060
Load workloads needs: 8512137961 ns 
[report] load_thread_ID : 3
[report] load_duration_ns : 8512137961
[report] load_duration_s : 8.512138
[report] load_throughput : 5873.964946
[report] load_average_latency_ns : 170242.759220
Load workloads needs: 8522540403 ns 
[report] load_thread_ID : 7
[report] load_duration_ns : 8522540403
[report] load_duration_s : 8.522540
[report] load_throughput : 5866.795302
[report] load_average_latency_ns : 170450.808060
Load workloads needs: 8628047190 ns 
[report] load_thread_ID : 9
[report] load_duration_ns : 8628047190
[report] load_duration_s : 8.628047
[report] load_throughput : 5795.054072
[report] load_average_latency_ns : 172560.943800
Load workloads needs: 8788745811 ns 
[report] load_thread_ID : 1
[report] load_duration_ns : 8788745811
[report] load_duration_s : 8.788746
[report] load_throughput : 5689.093879
[report] load_average_latency_ns : 175774.916220
Load workloads needs: 9216601286 ns 
[report] load_thread_ID : 6
[report] load_duration_ns : 9216601286
[report] load_duration_s : 9.216601
[report] load_throughput : 5424.993276
[report] load_average_latency_ns : 184332.025720
Load workloads needs: 9239288971 ns 
[report] load_thread_ID : 4
[report] load_duration_ns : 9239288971
[report] load_duration_s : 9.239289
[report] load_throughput : 5411.671846
[report] load_average_latency_ns : 184785.779420
All clients run done needs: 9240218615 ns 
[report] load_overall_duration_ns : 9240218615
[report] load_overall_duration_s : 9.240219
[report] load_overall_throughput : 108222.547719
[report] load_overall_average_latency_ns : 9240.218615
