numactl --membind=4 /mnt/nvme0/home/gxr/mongdb-run/test_mongodb/build//run_client --num_threads=104 --core_binding=0,1,2,3,4,5,6,7,8,9,10,11,12,13,14,15,128,129,130,131,132,133,134,135,136,137,138,139,140,141,142,143,16,17,18,19,20,21,22,23,24,25,26,27,28,29,30,31,144,145,146,147,148,149,150,151,152,153,154,155,156,157,158,159,32,33,34,35,36,37,38,39,40,41,42,43,44,45,46,47,160,161,162,163,164,165,166,167,168,169,170,171,172,173,174,175,48,49,50,51,52,53,54,55,56,57,58,59,60,61,62,63,176,177,178,179,180,181,182,183,184,185,186,187,188,189,190,191 --str_key_size=16 --str_value_size=1024 --load_file=/mnt/nvme0/home/gxr/mongdb-run/workloads/ycsb/workloada-load-10000000-10000000.log.formated --run_file=/mnt/nvme0/home/gxr/mongdb-run/workloads/ycsb/workloada-run-10000000-10000000.log.formated --URI_set=mongodb://localhost:27017,mongodb://localhost:27018,mongodb://localhost:27019,mongodb://localhost:27020,mongodb://localhost:27021,mongodb://localhost:27022,mongodb://localhost:27023,mongodb://localhost:27024,mongodb://localhost:27025,mongodb://localhost:27026,mongodb://localhost:27027,mongodb://localhost:27028,mongodb://localhost:27029,mongodb://localhost:27030,mongodb://localhost:27031,mongodb://localhost:27032,mongodb://localhost:27033,mongodb://localhost:27034,mongodb://localhost:27035,mongodb://localhost:27036,mongodb://localhost:27037,mongodb://localhost:27038,mongodb://localhost:27039,mongodb://localhost:27040,mongodb://localhost:27041,mongodb://localhost:27042,mongodb://localhost:27043,mongodb://localhost:27044,mongodb://localhost:27045,mongodb://localhost:27046,mongodb://localhost:27047,mongodb://localhost:27048,mongodb://localhost:27049,mongodb://localhost:27050,mongodb://localhost:27051,mongodb://localhost:27052,mongodb://localhost:27053,mongodb://localhost:27054,mongodb://localhost:27055,mongodb://localhost:27056,mongodb://localhost:27057,mongodb://localhost:27058,mongodb://localhost:27059,mongodb://localhost:27060,mongodb://localhost:27061,mongodb://localhost:27062,mongodb://localhost:27063,mongodb://localhost:27064,mongodb://localhost:27065,mongodb://localhost:27066,mongodb://localhost:27067,mongodb://localhost:27068,mongodb://localhost:27069,mongodb://localhost:27070,mongodb://localhost:27071,mongodb://localhost:27072,mongodb://localhost:27073,mongodb://localhost:27074,mongodb://localhost:27075,mongodb://localhost:27076,mongodb://localhost:27077,mongodb://localhost:27078,mongodb://localhost:27079,mongodb://localhost:27080,mongodb://localhost:27081,mongodb://localhost:27082,mongodb://localhost:27083,mongodb://localhost:27084,mongodb://localhost:27085,mongodb://localhost:27086,mongodb://localhost:27087,mongodb://localhost:27088,mongodb://localhost:27089,mongodb://localhost:27090,mongodb://localhost:27091,mongodb://localhost:27092,mongodb://localhost:27093,mongodb://localhost:27094,mongodb://localhost:27095,mongodb://localhost:27096,mongodb://localhost:27097,mongodb://localhost:27098,mongodb://localhost:27099,mongodb://localhost:27100,mongodb://localhost:27101,mongodb://localhost:27102,mongodb://localhost:27103,mongodb://localhost:27104,mongodb://localhost:27105,mongodb://localhost:27106,mongodb://localhost:27107,mongodb://localhost:27108,mongodb://localhost:27109,mongodb://localhost:27110,mongodb://localhost:27111,mongodb://localhost:27112,mongodb://localhost:27113,mongodb://localhost:27114,mongodb://localhost:27115,mongodb://localhost:27116,mongodb://localhost:27117,mongodb://localhost:27118,mongodb://localhost:27119,mongodb://localhost:27120,mongodb://localhost:27121,mongodb://localhost:27122,mongodb://localhost:27123,mongodb://localhost:27124,mongodb://localhost:27125,mongodb://localhost:27126,mongodb://localhost:27127,mongodb://localhost:27128,mongodb://localhost:27129,mongodb://localhost:27130,mongodb://localhost:27131,mongodb://localhost:27132,mongodb://localhost:27133,mongodb://localhost:27134,mongodb://localhost:27135,mongodb://localhost:27136,mongodb://localhost:27137,mongodb://localhost:27138,mongodb://localhost:27139,mongodb://localhost:27140,mongodb://localhost:27141,mongodb://localhost:27142,mongodb://localhost:27143,mongodb://localhost:27144 --first_mode=true
mongodb://localhost:27017 mongodb://localhost:27018 mongodb://localhost:27019 mongodb://localhost:27020 mongodb://localhost:27021 mongodb://localhost:27022 mongodb://localhost:27023 mongodb://localhost:27024 mongodb://localhost:27025 mongodb://localhost:27026 mongodb://localhost:27027 mongodb://localhost:27028 mongodb://localhost:27029 mongodb://localhost:27030 mongodb://localhost:27031 mongodb://localhost:27032 mongodb://localhost:27033 mongodb://localhost:27034 mongodb://localhost:27035 mongodb://localhost:27036 mongodb://localhost:27037 mongodb://localhost:27038 mongodb://localhost:27039 mongodb://localhost:27040 mongodb://localhost:27041 mongodb://localhost:27042 mongodb://localhost:27043 mongodb://localhost:27044 mongodb://localhost:27045 mongodb://localhost:27046 mongodb://localhost:27047 mongodb://localhost:27048 mongodb://localhost:27049 mongodb://localhost:27050 mongodb://localhost:27051 mongodb://localhost:27052 mongodb://localhost:27053 mongodb://localhost:27054 mongodb://localhost:27055 mongodb://localhost:27056 mongodb://localhost:27057 mongodb://localhost:27058 mongodb://localhost:27059 mongodb://localhost:27060 mongodb://localhost:27061 mongodb://localhost:27062 mongodb://localhost:27063 mongodb://localhost:27064 mongodb://localhost:27065 mongodb://localhost:27066 mongodb://localhost:27067 mongodb://localhost:27068 mongodb://localhost:27069 mongodb://localhost:27070 mongodb://localhost:27071 mongodb://localhost:27072 mongodb://localhost:27073 mongodb://localhost:27074 mongodb://localhost:27075 mongodb://localhost:27076 mongodb://localhost:27077 mongodb://localhost:27078 mongodb://localhost:27079 mongodb://localhost:27080 mongodb://localhost:27081 mongodb://localhost:27082 mongodb://localhost:27083 mongodb://localhost:27084 mongodb://localhost:27085 mongodb://localhost:27086 mongodb://localhost:27087 mongodb://localhost:27088 mongodb://localhost:27089 mongodb://localhost:27090 mongodb://localhost:27091 mongodb://localhost:27092 mongodb://localhost:27093 mongodb://localhost:27094 mongodb://localhost:27095 mongodb://localhost:27096 mongodb://localhost:27097 mongodb://localhost:27098 mongodb://localhost:27099 mongodb://localhost:27100 mongodb://localhost:27101 mongodb://localhost:27102 mongodb://localhost:27103 mongodb://localhost:27104 mongodb://localhost:27105 mongodb://localhost:27106 mongodb://localhost:27107 mongodb://localhost:27108 mongodb://localhost:27109 mongodb://localhost:27110 mongodb://localhost:27111 mongodb://localhost:27112 mongodb://localhost:27113 mongodb://localhost:27114 mongodb://localhost:27115 mongodb://localhost:27116 mongodb://localhost:27117 mongodb://localhost:27118 mongodb://localhost:27119 mongodb://localhost:27120 mongodb://localhost:27121 mongodb://localhost:27122 mongodb://localhost:27123 mongodb://localhost:27124 mongodb://localhost:27125 mongodb://localhost:27126 mongodb://localhost:27127 mongodb://localhost:27128 mongodb://localhost:27129 mongodb://localhost:27130 mongodb://localhost:27131 mongodb://localhost:27132 mongodb://localhost:27133 mongodb://localhost:27134 mongodb://localhost:27135 mongodb://localhost:27136 mongodb://localhost:27137 mongodb://localhost:27138 mongodb://localhost:27139 mongodb://localhost:27140 mongodb://localhost:27141 mongodb://localhost:27142 mongodb://localhost:27143 mongodb://localhost:27144 reading workload files ...
load_filename : /mnt/nvme0/home/gxr/mongdb-run/workloads/ycsb/workloada-load-10000000-10000000.log.formated
read load file needs: 15666714151 s 
run_filename : /mnt/nvme0/home/gxr/mongdb-run/workloads/ycsb/workloada-run-10000000-10000000.log.formated
read run file needs: 15896275687 s 
num_of_load_ops is 10000000
num_of_run_ops is 10000000
0 1 2 3 4 5 6 7 8 9 10 11 12 13 14 15 128 129 130 131 132 133 134 135 136 137 138 139 140 141 142 143 16 17 18 19 20 21 22 23 24 25 26 27 28 29 30 31 144 145 146 147 148 149 150 151 152 153 154 155 156 157 158 159 32 33 34 35 36 37 38 39 40 41 42 43 44 45 46 47 160 161 162 163 164 165 166 167 168 169 170 171 172 173 174 175 48 49 50 51 52 53 54 55 56 57 58 59 60 61 62 63 176 177 178 179 180 181 182 183 184 185 186 187 188 189 190 191 URI: URI: mongodb://localhost:27017
URI: mongodb://localhost:27017
URI: mongodb://localhost:27017
URI: mongodb://localhost:27017
URI: URI: URI: mongodb://localhost:27017mongodb://localhost:27017URI: mongodb://localhost:27017mongodb://localhost:27017
URI: 
mongodb://localhost:27017mongodb://localhost:27017
URI: URI: mongodb://localhost:27017

URI: mongodb://localhost:27017


mongodb://localhost:27017
URI: mongodb://localhost:27017
URI: mongodb://localhost:27017
URI: mongodb://localhost:27017
URI: mongodb://localhost:27017
URI: mongodb://localhost:27017
URI: mongodb://localhost:27017
URI: mongodb://localhost:27017
URI: mongodb://localhost:27017
URI: mongodb://localhost:27017
URI: mongodb://localhost:27017
URI: mongodb://localhost:27017
URI: mongodb://localhost:27017
URI: mongodb://localhost:27017
URI: mongodb://localhost:27017
URI: mongodb://localhost:27017
URI: mongodb://localhost:27017
URI: mongodb://localhost:27017
URI: mongodb://localhost:27017
URI: mongodb://localhost:27017
URI: mongodb://localhost:27017
URI: mongodb://localhost:27017
URI: mongodb://localhost:27017
URI: mongodb://localhost:27017
URI: mongodb://localhost:27017
URI: mongodb://localhost:27017
URI: mongodb://localhost:27017
URI: mongodb://localhost:27017
URI: mongodb://localhost:27017
URI: mongodb://localhost:27017
URI: mongodb://localhost:27017
URI: mongodb://localhost:27017
URI: mongodb://localhost:27017
URI: mongodb://localhost:27017
URI: mongodb://localhost:27017
URI: mongodb://localhost:27017
URI: mongodb://localhost:27017
URI: mongodb://localhost:27017
URI: mongodb://localhost:27017
URI: mongodb://localhost:27017
URI: mongodb://localhost:27017
URI: mongodb://localhost:27017
URI: mongodb://localhost:27017
URI: mongodb://localhost:27017
URI: mongodb://localhost:27017
URI: mongodb://localhost:27017
URI: mongodb://localhost:27017
URI: mongodb://localhost:27017
URI: mongodb://localhost:27017
URI: mongodb://localhost:27017
URI: mongodb://localhost:27017
URI: mongodb://localhost:27017
URI: mongodb://localhost:27017
URI: mongodb://localhost:27017
URI: mongodb://localhost:27017
URI: mongodb://localhost:27017
URI: URI: URI: mongodb://localhost:27017
mongodb://localhost:27017
mongodb://localhost:27017
URI: mongodb://localhost:27017
URI: mongodb://localhost:27017
URI: mongodb://localhost:27017
URI: mongodb://localhost:27017
URI: mongodb://localhost:27017
URI: mongodb://localhost:27017
URI: mongodb://localhost:27017
URI: mongodb://localhost:27017
URI: mongodb://localhost:27017
URI: mongodb://localhost:27017
URI: mongodb://localhost:27017
URI: mongodb://localhost:27017
URI: mongodb://localhost:27017URI: mongodb://localhost:27017

URI: mongodb://localhost:27017
URI: mongodb://localhost:27017
URI: mongodb://localhost:27017
URI: mongodb://localhost:27017
URI: mongodb://localhost:27017
URI: mongodb://localhost:27017
URI: mongodb://localhost:27017
URI: mongodb://localhost:27017
URI: mongodb://localhost:27017
URI: mongodb://localhost:27017
URI: mongodb://localhost:27017
URI: mongodb://localhost:27017
URI: mongodb://localhost:27017
URI: mongodb://localhost:27017
URI: mongodb://localhost:27017
URI: mongodb://localhost:27017
URI: mongodb://localhost:27017
URI: mongodb://localhost:27017
URI: mongodb://localhost:27017
Load workloads needs: 34015317023 ns 
[report] load_thread_ID : 103
[report] load_duration_ns : 34015317023
[report] load_duration_s : 34.015317
[report] load_throughput : 2826.755956
[report] load_average_latency_ns : 353762.410148
Load workloads needs: 36043630401 ns 
[report] load_thread_ID : 101
[report] load_duration_ns : 36043630401
[report] load_duration_s : 36.043630
[report] load_throughput : 2667.683553
[report] load_average_latency_ns : 374857.054912
Load workloads needs: 38003362820 ns 
[report] load_thread_ID : 98
[report] load_duration_ns : 38003362820
[report] load_duration_s : 38.003363
[report] load_throughput : 2530.118202
[report] load_average_latency_ns : 395238.451426
Load workloads needs: 38087324989 ns 
[report] load_thread_ID : 97
[report] load_duration_ns : 38087324989
[report] load_duration_s : 38.087325
[report] load_throughput : 2524.540645
[report] load_average_latency_ns : 396111.665668
Load workloads needs: 39769433246 ns 
[report] load_thread_ID : 96
[report] load_duration_ns : 39769433246
[report] load_duration_s : 39.769433
[report] load_throughput : 2417.761385
[report] load_average_latency_ns : 413605.745489
Load workloads needs: 39897411685 ns 
[report] load_thread_ID : 99
[report] load_duration_ns : 39897411685
[report] load_duration_s : 39.897412
[report] load_throughput : 2410.005961
[report] load_average_latency_ns : 414936.732967
Load workloads needs: 40030525694 ns 
[report] load_thread_ID : 102
[report] load_duration_ns : 40030525694
[report] load_duration_s : 40.030526
[report] load_throughput : 2401.991938
[report] load_average_latency_ns : 416321.130844
Load workloads needs: 43671654713 ns 
[report] load_thread_ID : 86
[report] load_duration_ns : 43671654713
[report] load_duration_s : 43.671655
[report] load_throughput : 2201.725596
[report] load_average_latency_ns : 454189.205880
Load workloads needs: 43701033454 ns 
[report] load_thread_ID : 66
[report] load_duration_ns : 43701033454
[report] load_duration_s : 43.701033
[report] load_throughput : 2200.245450
[report] load_average_latency_ns : 454494.747475
Load workloads needs: 43791464229 ns 
[report] load_thread_ID : 77
[report] load_duration_ns : 43791464229
[report] load_duration_s : 43.791464
[report] load_throughput : 2195.701872
[report] load_average_latency_ns : 455435.235812
Load workloads needs: 43827893105 ns 
[report] load_thread_ID : 8
[report] load_duration_ns : 43827893105
[report] load_duration_s : 43.827893
[report] load_throughput : 2193.876848
[report] load_average_latency_ns : 455814.099456
Load workloads needs: 43909721738 ns 
[report] load_thread_ID : 15
[report] load_duration_ns : 43909721738
[report] load_duration_s : 43.909722
[report] load_throughput : 2189.788416
[report] load_average_latency_ns : 456665.124728
Load workloads needs: 43986792869 ns 
[report] load_thread_ID : 48
[report] load_duration_ns : 43986792869
[report] load_duration_s : 43.986793
[report] load_throughput : 2185.951594
[report] load_average_latency_ns : 457466.671544
Load workloads needs: 44099738858 ns 
[report] load_thread_ID : 85
[report] load_duration_ns : 44099738858
[report] load_duration_s : 44.099739
[report] load_throughput : 2180.353047
[report] load_average_latency_ns : 458641.320167
Load workloads needs: 44111618924 ns 
[report] load_thread_ID : 57
[report] load_duration_ns : 44111618924
[report] load_duration_s : 44.111619
[report] load_throughput : 2179.765838
[report] load_average_latency_ns : 458764.873940
Load workloads needs: 44159964625 ns 
[report] load_thread_ID : 100
[report] load_duration_ns : 44159964625
[report] load_duration_s : 44.159965
[report] load_throughput : 2177.379462
[report] load_average_latency_ns : 459267.673656
Load workloads needs: 44224387224 ns 
[report] load_thread_ID : 37
[report] load_duration_ns : 44224387224
[report] load_duration_s : 44.224387
[report] load_throughput : 2174.207627
[report] load_average_latency_ns : 459937.674581
Load workloads needs: 44381180923 ns 
[report] load_thread_ID : 32
[report] load_duration_ns : 44381180923
[report] load_duration_s : 44.381181
[report] load_throughput : 2166.526397
[report] load_average_latency_ns : 461568.343401
Load workloads needs: 44875206193 ns 
[report] load_thread_ID : 16
[report] load_duration_ns : 44875206193
[report] load_duration_s : 44.875206
[report] load_throughput : 2142.675392
[report] load_average_latency_ns : 466706.251422
Load workloads needs: 44880152622 ns 
[report] load_thread_ID : 22
[report] load_duration_ns : 44880152622
[report] load_duration_s : 44.880153
[report] load_throughput : 2142.439238
[report] load_average_latency_ns : 466757.694737
Load workloads needs: 44928962983 ns 
[report] load_thread_ID : 2
[report] load_duration_ns : 44928962983
[report] load_duration_s : 44.928963
[report] load_throughput : 2140.111714
[report] load_average_latency_ns : 467265.326958
Load workloads needs: 44969363239 ns 
[report] load_thread_ID : 74
[report] load_duration_ns : 44969363239
[report] load_duration_s : 44.969363
[report] load_throughput : 2138.189049
[report] load_average_latency_ns : 467685.493318
Load workloads needs: 45013832458 ns 
[report] load_thread_ID : 65
[report] load_duration_ns : 45013832458
[report] load_duration_s : 45.013832
[report] load_throughput : 2136.076729
[report] load_average_latency_ns : 468147.977265
Load workloads needs: 45018296419 ns 
[report] load_thread_ID : 49
[report] load_duration_ns : 45018296419
[report] load_duration_s : 45.018296
[report] load_throughput : 2135.864918
[report] load_average_latency_ns : 468194.402868
Load workloads needs: 45084768693 ns 
[report] load_thread_ID : 83
[report] load_duration_ns : 45084768693
[report] load_duration_s : 45.084769
[report] load_throughput : 2132.715833
[report] load_average_latency_ns : 468885.720602
Load workloads needs: 45116616928 ns 
[report] load_thread_ID : 93
[report] load_duration_ns : 45116616928
[report] load_duration_s : 45.116617
[report] load_throughput : 2131.210329
[report] load_average_latency_ns : 469216.945160
Load workloads needs: 45395980115 ns 
[report] load_thread_ID : 56
[report] load_duration_ns : 45395980115
[report] load_duration_s : 45.395980
[report] load_throughput : 2118.095033
[report] load_average_latency_ns : 472122.347873
Load workloads needs: 45425746985 ns 
[report] load_thread_ID : 38
[report] load_duration_ns : 45425746985
[report] load_duration_s : 45.425747
[report] load_throughput : 2116.707074
[report] load_average_latency_ns : 472431.926045
Load workloads needs: 45868838908 ns 
[report] load_thread_ID : 9
[report] load_duration_ns : 45868838908
[report] load_duration_s : 45.868839
[report] load_throughput : 2096.259733
[report] load_average_latency_ns : 477040.122596
Load workloads needs: 46009723588 ns 
[report] load_thread_ID : 68
[report] load_duration_ns : 46009723588
[report] load_duration_s : 46.009724
[report] load_throughput : 2089.840853
[report] load_average_latency_ns : 478505.336162
Load workloads needs: 46023917189 ns 
[report] load_thread_ID : 95
[report] load_duration_ns : 46023917189
[report] load_duration_s : 46.023917
[report] load_throughput : 2089.196354
[report] load_average_latency_ns : 478652.950912
Load workloads needs: 46049700736 ns 
[report] load_thread_ID : 87
[report] load_duration_ns : 46049700736
[report] load_duration_s : 46.049701
[report] load_throughput : 2088.026599
[report] load_average_latency_ns : 478921.102160
Load workloads needs: 46066934032 ns 
[report] load_thread_ID : 50
[report] load_duration_ns : 46066934032
[report] load_duration_s : 46.066934
[report] load_throughput : 2087.245484
[report] load_average_latency_ns : 479100.330016
Load workloads needs: 46090238474 ns 
[report] load_thread_ID : 7
[report] load_duration_ns : 46090238474
[report] load_duration_s : 46.090238
[report] load_throughput : 2086.190117
[report] load_average_latency_ns : 479342.698345
Load workloads needs: 46102100740 ns 
[report] load_thread_ID : 59
[report] load_duration_ns : 46102100740
[report] load_duration_s : 46.102101
[report] load_throughput : 2085.653332
[report] load_average_latency_ns : 479466.066997
Load workloads needs: 46124614774 ns 
[report] load_thread_ID : 18
[report] load_duration_ns : 46124614774
[report] load_duration_s : 46.124615
[report] load_throughput : 2084.635297
[report] load_average_latency_ns : 479700.215011
Load workloads needs: 46126560239 ns 
[report] load_thread_ID : 76
[report] load_duration_ns : 46126560239
[report] load_duration_s : 46.126560
[report] load_throughput : 2084.547374
[report] load_average_latency_ns : 479720.448026
Load workloads needs: 46434939657 ns 
[report] load_thread_ID : 53
[report] load_duration_ns : 46434939657
[report] load_duration_s : 46.434940
[report] load_throughput : 2070.703671
[report] load_average_latency_ns : 482927.622196
Load workloads needs: 46467381601 ns 
[report] load_thread_ID : 24
[report] load_duration_ns : 46467381601
[report] load_duration_s : 46.467382
[report] load_throughput : 2069.257976
[report] load_average_latency_ns : 483265.021383
Load workloads needs: 46471634802 ns 
[report] load_thread_ID : 41
[report] load_duration_ns : 46471634802
[report] load_duration_s : 46.471635
[report] load_throughput : 2069.068592
[report] load_average_latency_ns : 483309.255062
Load workloads needs: 46480752093 ns 
[report] load_thread_ID : 80
[report] load_duration_ns : 46480752093
[report] load_duration_s : 46.480752
[report] load_throughput : 2068.662740
[report] load_average_latency_ns : 483404.075723
Load workloads needs: 46490041244 ns 
[report] load_thread_ID : 71
[report] load_duration_ns : 46490041244
[report] load_duration_s : 46.490041
[report] load_throughput : 2068.249402
[report] load_average_latency_ns : 483500.683744
Load workloads needs: 46515810951 ns 
[report] load_thread_ID : 90
[report] load_duration_ns : 46515810951
[report] load_duration_s : 46.515811
[report] load_throughput : 2067.103594
[report] load_average_latency_ns : 483768.691055
Load workloads needs: 46547115688 ns 
[report] load_thread_ID : 52
[report] load_duration_ns : 46547115688
[report] load_duration_s : 46.547116
[report] load_throughput : 2065.713387
[report] load_average_latency_ns : 484094.263185
Load workloads needs: 46547285837 ns 
[report] load_thread_ID : 91
[report] load_duration_ns : 46547285837
[report] load_duration_s : 46.547286
[report] load_throughput : 2065.705836
[report] load_average_latency_ns : 484096.032750
Load workloads needs: 46589468911 ns 
[report] load_thread_ID : 12
[report] load_duration_ns : 46589468911
[report] load_duration_s : 46.589469
[report] load_throughput : 2063.835503
[report] load_average_latency_ns : 484534.740580
Load workloads needs: 46616913455 ns 
[report] load_thread_ID : 3
[report] load_duration_ns : 46616913455
[report] load_duration_s : 46.616913
[report] load_throughput : 2062.620471
[report] load_average_latency_ns : 484820.166349
Load workloads needs: 46634873038 ns 
[report] load_thread_ID : 11
[report] load_duration_ns : 46634873038
[report] load_duration_s : 46.634873
[report] load_throughput : 2061.826134
[report] load_average_latency_ns : 485006.947656
Load workloads needs: 46638005811 ns 
[report] load_thread_ID : 70
[report] load_duration_ns : 46638005811
[report] load_duration_s : 46.638006
[report] load_throughput : 2061.687637
[report] load_average_latency_ns : 485039.528782
Load workloads needs: 46741941747 ns 
[report] load_thread_ID : 79
[report] load_duration_ns : 46741941747
[report] load_duration_s : 46.741942
[report] load_throughput : 2057.103244
[report] load_average_latency_ns : 486120.472029
Load workloads needs: 46751529559 ns 
[report] load_thread_ID : 6
[report] load_duration_ns : 46751529559
[report] load_duration_s : 46.751530
[report] load_throughput : 2056.681373
[report] load_average_latency_ns : 486220.186151
Load workloads needs: 46800942487 ns 
[report] load_thread_ID : 27
[report] load_duration_ns : 46800942487
[report] load_duration_s : 46.800942
[report] load_throughput : 2054.509907
[report] load_average_latency_ns : 486734.085125
Load workloads needs: 46871264853 ns 
[report] load_thread_ID : 62
[report] load_duration_ns : 46871264853
[report] load_duration_s : 46.871265
[report] load_throughput : 2051.427464
[report] load_average_latency_ns : 487465.444167
Load workloads needs: 46930740232 ns 
[report] load_thread_ID : 34
[report] load_duration_ns : 46930740232
[report] load_duration_s : 46.930740
[report] load_throughput : 2048.827688
[report] load_average_latency_ns : 488083.993552
Load workloads needs: 46984059302 ns 
[report] load_thread_ID : 28
[report] load_duration_ns : 46984059302
[report] load_duration_s : 46.984059
[report] load_throughput : 2046.502610
[report] load_average_latency_ns : 488638.516760
Load workloads needs: 47042387662 ns 
[report] load_thread_ID : 26
[report] load_duration_ns : 47042387662
[report] load_duration_s : 47.042388
[report] load_throughput : 2043.965130
[report] load_average_latency_ns : 489245.137042
Load workloads needs: 47041106314 ns 
[report] load_thread_ID : 45
[report] load_duration_ns : 47041106314
[report] load_duration_s : 47.041106
[report] load_throughput : 2044.020805
[report] load_average_latency_ns : 489231.810906
Load workloads needs: 47241430663 ns 
[report] load_thread_ID : 60
[report] load_duration_ns : 47241430663
[report] load_duration_s : 47.241431
[report] load_throughput : 2035.353262
[report] load_average_latency_ns : 491315.202469
Load workloads needs: 47254168507 ns 
[report] load_thread_ID : 44
[report] load_duration_ns : 47254168507
[report] load_duration_s : 47.254169
[report] load_throughput : 2034.804612
[report] load_average_latency_ns : 491447.677212
Load workloads needs: 49034450203 ns 
[report] load_thread_ID : 0
[report] load_duration_ns : 49034450203
[report] load_duration_s : 49.034450
[report] load_throughput : 1960.927462
[report] load_average_latency_ns : 509962.769784
Load workloads needs: 49067426625 ns 
[report] load_thread_ID : 23
[report] load_duration_ns : 49067426625
[report] load_duration_s : 49.067427
[report] load_throughput : 1959.609595
[report] load_average_latency_ns : 510305.727590
Load workloads needs: 49077924444 ns 
[report] load_thread_ID : 14
[report] load_duration_ns : 49077924444
[report] load_duration_s : 49.077924
[report] load_throughput : 1959.190432
[report] load_average_latency_ns : 510414.905869
Load workloads needs: 49084211021 ns 
[report] load_thread_ID : 10
[report] load_duration_ns : 49084211021
[report] load_duration_s : 49.084211
[report] load_throughput : 1958.939504
[report] load_average_latency_ns : 510480.286845
Load workloads needs: 49136437743 ns 
[report] load_thread_ID : 51
[report] load_duration_ns : 49136437743
[report] load_duration_s : 49.136438
[report] load_throughput : 1956.857363
[report] load_average_latency_ns : 511023.449534
Load workloads needs: 49187769148 ns 
[report] load_thread_ID : 17
[report] load_duration_ns : 49187769148
[report] load_duration_s : 49.187769
[report] load_throughput : 1954.815225
[report] load_average_latency_ns : 511557.300843
Load workloads needs: 49219646392 ns 
[report] load_thread_ID : 84
[report] load_duration_ns : 49219646392
[report] load_duration_s : 49.219646
[report] load_throughput : 1953.549183
[report] load_average_latency_ns : 511888.827098
Load workloads needs: 49234940261 ns 
[report] load_thread_ID : 72
[report] load_duration_ns : 49234940261
[report] load_duration_s : 49.234940
[report] load_throughput : 1952.942351
[report] load_average_latency_ns : 512047.884736
Load workloads needs: 49287293884 ns 
[report] load_thread_ID : 5
[report] load_duration_ns : 49287293884
[report] load_duration_s : 49.287294
[report] load_throughput : 1950.867910
[report] load_average_latency_ns : 512592.367206
Load workloads needs: 49287756543 ns 
[report] load_thread_ID : 4
[report] load_duration_ns : 49287756543
[report] load_duration_s : 49.287757
[report] load_throughput : 1950.849597
[report] load_average_latency_ns : 512597.178902
Load workloads needs: 49288310420 ns 
[report] load_thread_ID : 89
[report] load_duration_ns : 49288310420
[report] load_duration_s : 49.288310
[report] load_throughput : 1950.827675
[report] load_average_latency_ns : 512602.939274
Load workloads needs: 49324794275 ns 
[report] load_thread_ID : 78
[report] load_duration_ns : 49324794275
[report] load_duration_s : 49.324794
[report] load_throughput : 1949.384714
[report] load_average_latency_ns : 512982.374705
Load workloads needs: 49398230365 ns 
[report] load_thread_ID : 75
[report] load_duration_ns : 49398230365
[report] load_duration_s : 49.398230
[report] load_throughput : 1946.486732
[report] load_average_latency_ns : 513746.116762
Load workloads needs: 49412210977 ns 
[report] load_thread_ID : 20
[report] load_duration_ns : 49412210977
[report] load_duration_s : 49.412211
[report] load_throughput : 1945.935996
[report] load_average_latency_ns : 513891.516406
Load workloads needs: 49418377814 ns 
[report] load_thread_ID : 19
[report] load_duration_ns : 49418377814
[report] load_duration_s : 49.418378
[report] load_throughput : 1945.693166
[report] load_average_latency_ns : 513955.652075
Load workloads needs: 49446985125 ns 
[report] load_thread_ID : 67
[report] load_duration_ns : 49446985125
[report] load_duration_s : 49.446985
[report] load_throughput : 1944.567495
[report] load_average_latency_ns : 514253.170728
Load workloads needs: 49448681221 ns 
[report] load_thread_ID : 94
[report] load_duration_ns : 49448681221
[report] load_duration_s : 49.448681
[report] load_throughput : 1944.500796
[report] load_average_latency_ns : 514270.810282
Load workloads needs: 49450005468 ns 
[report] load_thread_ID : 92
[report] load_duration_ns : 49450005468
[report] load_duration_s : 49.450005
[report] load_throughput : 1944.448723
[report] load_average_latency_ns : 514284.582572
Load workloads needs: 49456011176 ns 
[report] load_thread_ID : 69
[report] load_duration_ns : 49456011176
[report] load_duration_s : 49.456011
[report] load_throughput : 1944.212599
[report] load_average_latency_ns : 514347.042484
Load workloads needs: 49521824891 ns 
[report] load_thread_ID : 61
[report] load_duration_ns : 49521824891
[report] load_duration_s : 49.521825
[report] load_throughput : 1941.628771
[report] load_average_latency_ns : 515031.511144
Load workloads needs: 49525563844 ns 
[report] load_thread_ID : 58
[report] load_duration_ns : 49525563844
[report] load_duration_s : 49.525564
[report] load_throughput : 1941.482187
[report] load_average_latency_ns : 515070.396597
Load workloads needs: 49605232789 ns 
[report] load_thread_ID : 55
[report] load_duration_ns : 49605232789
[report] load_duration_s : 49.605233
[report] load_throughput : 1938.364051
[report] load_average_latency_ns : 515898.960916
Load workloads needs: 49654974678 ns 
[report] load_thread_ID : 33
[report] load_duration_ns : 49654974678
[report] load_duration_s : 49.654975
[report] load_throughput : 1936.422295
[report] load_average_latency_ns : 516416.281114
Load workloads needs: 49690700113 ns 
[report] load_thread_ID : 63
[report] load_duration_ns : 49690700113
[report] load_duration_s : 49.690700
[report] load_throughput : 1935.030092
[report] load_average_latency_ns : 516787.828908
Load workloads needs: 49700917743 ns 
[report] load_thread_ID : 35
[report] load_duration_ns : 49700917743
[report] load_duration_s : 49.700918
[report] load_throughput : 1934.632284
[report] load_average_latency_ns : 516894.093195
Load workloads needs: 49714699685 ns 
[report] load_thread_ID : 25
[report] load_duration_ns : 49714699685
[report] load_duration_s : 49.714700
[report] load_throughput : 1934.095964
[report] load_average_latency_ns : 517037.426653
Load workloads needs: 49727759408 ns 
[report] load_thread_ID : 39
[report] load_duration_ns : 49727759408
[report] load_duration_s : 49.727759
[report] load_throughput : 1933.588023
[report] load_average_latency_ns : 517173.248968
Load workloads needs: 49746052200 ns 
[report] load_thread_ID : 40
[report] load_duration_ns : 49746052200
[report] load_duration_s : 49.746052
[report] load_throughput : 1932.876997
[report] load_average_latency_ns : 517363.495679
Load workloads needs: 49751237729 ns 
[report] load_thread_ID : 29
[report] load_duration_ns : 49751237729
[report] load_duration_s : 49.751238
[report] load_throughput : 1932.675535
[report] load_average_latency_ns : 517417.425655
Load workloads needs: 49765912819 ns 
[report] load_thread_ID : 81
[report] load_duration_ns : 49765912819
[report] load_duration_s : 49.765913
[report] load_throughput : 1932.105623
[report] load_average_latency_ns : 517570.047934
Load workloads needs: 49790871458 ns 
[report] load_thread_ID : 31
[report] load_duration_ns : 49790871458
[report] load_duration_s : 49.790871
[report] load_throughput : 1931.137118
[report] load_average_latency_ns : 517829.620064
Load workloads needs: 49803494492 ns 
[report] load_thread_ID : 46
[report] load_duration_ns : 49803494492
[report] load_duration_s : 49.803494
[report] load_throughput : 1930.647658
[report] load_average_latency_ns : 517960.900773
Load workloads needs: 49812517734 ns 
[report] load_thread_ID : 43
[report] load_duration_ns : 49812517734
[report] load_duration_s : 49.812518
[report] load_throughput : 1930.297933
[report] load_average_latency_ns : 518054.743315
Load workloads needs: 53857937920 ns 
[report] load_thread_ID : 47
[report] load_duration_ns : 53857937920
[report] load_duration_s : 53.857938
[report] load_throughput : 1785.307862
[report] load_average_latency_ns : 560127.483490
Load workloads needs: 53968551423 ns 
[report] load_thread_ID : 1
[report] load_duration_ns : 53968551423
[report] load_duration_s : 53.968551
[report] load_throughput : 1781.648710
[report] load_average_latency_ns : 561277.874044
Load workloads needs: 54344776004 ns 
[report] load_thread_ID : 64
[report] load_duration_ns : 54344776004
[report] load_duration_s : 54.344776
[report] load_throughput : 1769.314497
[report] load_average_latency_ns : 565190.644119
Load workloads needs: 54471104404 ns 
[report] load_thread_ID : 73
[report] load_duration_ns : 54471104404
[report] load_duration_s : 54.471104
[report] load_throughput : 1765.211134
[report] load_average_latency_ns : 566504.471041
Load workloads needs: 54473530368 ns 
[report] load_thread_ID : 54
[report] load_duration_ns : 54473530368
[report] load_duration_s : 54.473530
[report] load_throughput : 1765.132521
[report] load_average_latency_ns : 566529.701289
Load workloads needs: 54474200327 ns 
[report] load_thread_ID : 82
[report] load_duration_ns : 54474200327
[report] load_duration_s : 54.474200
[report] load_throughput : 1765.110813
[report] load_average_latency_ns : 566536.668923
Load workloads needs: 54481429173 ns 
[report] load_thread_ID : 13
[report] load_duration_ns : 54481429173
[report] load_duration_s : 54.481429
[report] load_throughput : 1764.876610
[report] load_average_latency_ns : 566611.849583
Load workloads needs: 54479914535 ns 
[report] load_thread_ID : 88
[report] load_duration_ns : 54479914535
[report] load_duration_s : 54.479915
[report] load_throughput : 1764.925676
[report] load_average_latency_ns : 566596.097210
Load workloads needs: 54510628503 ns 
[report] load_thread_ID : 21
[report] load_duration_ns : 54510628503
[report] load_duration_s : 54.510629
[report] load_throughput : 1763.931230
[report] load_average_latency_ns : 566915.525288
Load workloads needs: 54652142170 ns 
[report] load_thread_ID : 36
[report] load_duration_ns : 54652142170
[report] load_duration_s : 54.652142
[report] load_throughput : 1759.363790
[report] load_average_latency_ns : 568387.280376
Load workloads needs: 54751758435 ns 
[report] load_thread_ID : 30
[report] load_duration_ns : 54751758435
[report] load_duration_s : 54.751758
[report] load_throughput : 1756.162774
[report] load_average_latency_ns : 569423.298649
Load workloads needs: 54776229503 ns 
[report] load_thread_ID : 42
[report] load_duration_ns : 54776229503
[report] load_duration_s : 54.776230
[report] load_throughput : 1755.378216
[report] load_average_latency_ns : 569677.799996
All clients run done needs: 54773938778 ns 
[report] load_overall_duration_ns : 54773938778
[report] load_overall_duration_s : 54.773939
[report] load_overall_throughput : 182568.575916
[report] load_overall_average_latency_ns : 5477.393878
