numactl --membind=4 /mnt/nvme0/home/gxr/mongdb-run/test_mongodb/build//run_client --num_threads=32 --core_binding=0,1,2,3,4,5,6,7,8,9,10,11,12,13,14,15,128,129,130,131,132,133,134,135,136,137,138,139,140,141,142,143,16,17,18,19,20,21,22,23,24,25,26,27,28,29,30,31,144,145,146,147,148,149,150,151,152,153,154,155,156,157,158,159,32,33,34,35,36,37,38,39,40,41,42,43,44,45,46,47,160,161,162,163,164,165,166,167,168,169,170,171,172,173,174,175,48,49,50,51,52,53,54,55,56,57,58,59,60,61,62,63,176,177,178,179,180,181,182,183,184,185,186,187,188,189,190,191 --str_key_size=16 --str_value_size=1024 --load_file=/mnt/nvme0/home/gxr/mongdb-run/workloads/ycsb/workloada-load-10000000-10000000.log.formated --run_file=/mnt/nvme0/home/gxr/mongdb-run/workloads/ycsb/workloada-run-10000000-10000000.log.formated --URI_set=mongodb://localhost:27017,mongodb://localhost:27018,mongodb://localhost:27019,mongodb://localhost:27020,mongodb://localhost:27021,mongodb://localhost:27022,mongodb://localhost:27023,mongodb://localhost:27024,mongodb://localhost:27025,mongodb://localhost:27026,mongodb://localhost:27027,mongodb://localhost:27028,mongodb://localhost:27029,mongodb://localhost:27030,mongodb://localhost:27031,mongodb://localhost:27032,mongodb://localhost:27033,mongodb://localhost:27034,mongodb://localhost:27035,mongodb://localhost:27036,mongodb://localhost:27037,mongodb://localhost:27038,mongodb://localhost:27039,mongodb://localhost:27040,mongodb://localhost:27041,mongodb://localhost:27042,mongodb://localhost:27043,mongodb://localhost:27044,mongodb://localhost:27045,mongodb://localhost:27046,mongodb://localhost:27047,mongodb://localhost:27048,mongodb://localhost:27049,mongodb://localhost:27050,mongodb://localhost:27051,mongodb://localhost:27052,mongodb://localhost:27053,mongodb://localhost:27054,mongodb://localhost:27055,mongodb://localhost:27056,mongodb://localhost:27057,mongodb://localhost:27058,mongodb://localhost:27059,mongodb://localhost:27060,mongodb://localhost:27061,mongodb://localhost:27062,mongodb://localhost:27063,mongodb://localhost:27064,mongodb://localhost:27065,mongodb://localhost:27066,mongodb://localhost:27067,mongodb://localhost:27068,mongodb://localhost:27069,mongodb://localhost:27070,mongodb://localhost:27071,mongodb://localhost:27072,mongodb://localhost:27073,mongodb://localhost:27074,mongodb://localhost:27075,mongodb://localhost:27076,mongodb://localhost:27077,mongodb://localhost:27078,mongodb://localhost:27079,mongodb://localhost:27080,mongodb://localhost:27081,mongodb://localhost:27082,mongodb://localhost:27083,mongodb://localhost:27084,mongodb://localhost:27085,mongodb://localhost:27086,mongodb://localhost:27087,mongodb://localhost:27088,mongodb://localhost:27089,mongodb://localhost:27090,mongodb://localhost:27091,mongodb://localhost:27092,mongodb://localhost:27093,mongodb://localhost:27094,mongodb://localhost:27095,mongodb://localhost:27096,mongodb://localhost:27097,mongodb://localhost:27098,mongodb://localhost:27099,mongodb://localhost:27100,mongodb://localhost:27101,mongodb://localhost:27102,mongodb://localhost:27103,mongodb://localhost:27104,mongodb://localhost:27105,mongodb://localhost:27106,mongodb://localhost:27107,mongodb://localhost:27108,mongodb://localhost:27109,mongodb://localhost:27110,mongodb://localhost:27111,mongodb://localhost:27112,mongodb://localhost:27113,mongodb://localhost:27114,mongodb://localhost:27115,mongodb://localhost:27116,mongodb://localhost:27117,mongodb://localhost:27118,mongodb://localhost:27119,mongodb://localhost:27120,mongodb://localhost:27121,mongodb://localhost:27122,mongodb://localhost:27123,mongodb://localhost:27124,mongodb://localhost:27125,mongodb://localhost:27126,mongodb://localhost:27127,mongodb://localhost:27128,mongodb://localhost:27129,mongodb://localhost:27130,mongodb://localhost:27131,mongodb://localhost:27132,mongodb://localhost:27133,mongodb://localhost:27134,mongodb://localhost:27135,mongodb://localhost:27136,mongodb://localhost:27137,mongodb://localhost:27138,mongodb://localhost:27139,mongodb://localhost:27140,mongodb://localhost:27141,mongodb://localhost:27142,mongodb://localhost:27143,mongodb://localhost:27144 --first_mode=true
mongodb://localhost:27017 mongodb://localhost:27018 mongodb://localhost:27019 mongodb://localhost:27020 mongodb://localhost:27021 mongodb://localhost:27022 mongodb://localhost:27023 mongodb://localhost:27024 mongodb://localhost:27025 mongodb://localhost:27026 mongodb://localhost:27027 mongodb://localhost:27028 mongodb://localhost:27029 mongodb://localhost:27030 mongodb://localhost:27031 mongodb://localhost:27032 mongodb://localhost:27033 mongodb://localhost:27034 mongodb://localhost:27035 mongodb://localhost:27036 mongodb://localhost:27037 mongodb://localhost:27038 mongodb://localhost:27039 mongodb://localhost:27040 mongodb://localhost:27041 mongodb://localhost:27042 mongodb://localhost:27043 mongodb://localhost:27044 mongodb://localhost:27045 mongodb://localhost:27046 mongodb://localhost:27047 mongodb://localhost:27048 mongodb://localhost:27049 mongodb://localhost:27050 mongodb://localhost:27051 mongodb://localhost:27052 mongodb://localhost:27053 mongodb://localhost:27054 mongodb://localhost:27055 mongodb://localhost:27056 mongodb://localhost:27057 mongodb://localhost:27058 mongodb://localhost:27059 mongodb://localhost:27060 mongodb://localhost:27061 mongodb://localhost:27062 mongodb://localhost:27063 mongodb://localhost:27064 mongodb://localhost:27065 mongodb://localhost:27066 mongodb://localhost:27067 mongodb://localhost:27068 mongodb://localhost:27069 mongodb://localhost:27070 mongodb://localhost:27071 mongodb://localhost:27072 mongodb://localhost:27073 mongodb://localhost:27074 mongodb://localhost:27075 mongodb://localhost:27076 mongodb://localhost:27077 mongodb://localhost:27078 mongodb://localhost:27079 mongodb://localhost:27080 mongodb://localhost:27081 mongodb://localhost:27082 mongodb://localhost:27083 mongodb://localhost:27084 mongodb://localhost:27085 mongodb://localhost:27086 mongodb://localhost:27087 mongodb://localhost:27088 mongodb://localhost:27089 mongodb://localhost:27090 mongodb://localhost:27091 mongodb://localhost:27092 mongodb://localhost:27093 mongodb://localhost:27094 mongodb://localhost:27095 mongodb://localhost:27096 mongodb://localhost:27097 mongodb://localhost:27098 mongodb://localhost:27099 mongodb://localhost:27100 mongodb://localhost:27101 mongodb://localhost:27102 mongodb://localhost:27103 mongodb://localhost:27104 mongodb://localhost:27105 mongodb://localhost:27106 mongodb://localhost:27107 mongodb://localhost:27108 mongodb://localhost:27109 mongodb://localhost:27110 mongodb://localhost:27111 mongodb://localhost:27112 mongodb://localhost:27113 mongodb://localhost:27114 mongodb://localhost:27115 mongodb://localhost:27116 mongodb://localhost:27117 mongodb://localhost:27118 mongodb://localhost:27119 mongodb://localhost:27120 mongodb://localhost:27121 mongodb://localhost:27122 mongodb://localhost:27123 mongodb://localhost:27124 mongodb://localhost:27125 mongodb://localhost:27126 mongodb://localhost:27127 mongodb://localhost:27128 mongodb://localhost:27129 mongodb://localhost:27130 mongodb://localhost:27131 mongodb://localhost:27132 mongodb://localhost:27133 mongodb://localhost:27134 mongodb://localhost:27135 mongodb://localhost:27136 mongodb://localhost:27137 mongodb://localhost:27138 mongodb://localhost:27139 mongodb://localhost:27140 mongodb://localhost:27141 mongodb://localhost:27142 mongodb://localhost:27143 mongodb://localhost:27144 reading workload files ...
load_filename : /mnt/nvme0/home/gxr/mongdb-run/workloads/ycsb/workloada-load-10000000-10000000.log.formated
read load file needs: 8329921472 s 
run_filename : /mnt/nvme0/home/gxr/mongdb-run/workloads/ycsb/workloada-run-10000000-10000000.log.formated
read run file needs: 8581375249 s 
num_of_load_ops is 10000000
num_of_run_ops is 10000000
0 1 2 3 4 5 6 7 8 9 10 11 12 13 14 15 128 129 130 131 132 133 134 135 136 137 138 139 140 141 142 143 16 17 18 19 20 21 22 23 24 25 26 27 28 29 30 31 144 145 146 147 148 149 150 151 152 153 154 155 156 157 158 159 32 33 34 35 36 37 38 39 40 41 42 43 44 45 46 47 160 161 162 163 164 165 166 167 168 169 170 171 172 173 174 175 48 49 50 51 52 53 54 55 56 57 58 59 60 61 62 63 176 177 178 179 180 181 182 183 184 185 186 187 188 189 190 191 URI: URI: mongodb://localhost:27017URI: 
mongodb://localhost:27017
URI: mongodb://localhost:27017
URI: mongodb://localhost:27017
URI: mongodb://localhost:27017
URI: mongodb://localhost:27017
URI: mongodb://localhost:27017
URI: mongodb://localhost:27017
URI: mongodb://localhost:27017URI: mongodb://localhost:27017
URI: mongodb://localhost:27017
URI: mongodb://localhost:27017
URI: mongodb://localhost:27017
URI: mongodb://localhost:27017
URI: mongodb://localhost:27017
URI: mongodb://localhost:27017
URI: mongodb://localhost:27017
URI: mongodb://localhost:27017
URI: mongodb://localhost:27017
URI: mongodb://localhost:27017
mongodb://localhost:27017
URI: mongodb://localhost:27017
URI: mongodb://localhost:27017
URI: mongodb://localhost:27017

URI: URI: mongodb://localhost:27017
URI: mongodb://localhost:27017
URI: mongodb://localhost:27017
mongodb://localhost:27017URI: 
mongodb://localhost:27017
URI: mongodb://localhost:27017
URI: mongodb://localhost:27017
URI: mongodb://localhost:27017
Load workloads needs: 79643922709 ns 
[report] load_thread_ID : 1
[report] load_duration_ns : 79643922709
[report] load_duration_s : 79.643923
[report] load_throughput : 3923.714320
[report] load_average_latency_ns : 254860.552669
Load workloads needs: 79772960172 ns 
[report] load_thread_ID : 20
[report] load_duration_ns : 79772960172
[report] load_duration_s : 79.772960
[report] load_throughput : 3917.367480
[report] load_average_latency_ns : 255273.472550
Load workloads needs: 80096626985 ns 
[report] load_thread_ID : 23
[report] load_duration_ns : 80096626985
[report] load_duration_s : 80.096627
[report] load_throughput : 3901.537577
[report] load_average_latency_ns : 256309.206352
Load workloads needs: 80604925198 ns 
[report] load_thread_ID : 17
[report] load_duration_ns : 80604925198
[report] load_duration_s : 80.604925
[report] load_throughput : 3876.934309
[report] load_average_latency_ns : 257935.760634
Load workloads needs: 80866591540 ns 
[report] load_thread_ID : 16
[report] load_duration_ns : 80866591540
[report] load_duration_s : 80.866592
[report] load_throughput : 3864.389410
[report] load_average_latency_ns : 258773.092928
Load workloads needs: 81020249749 ns 
[report] load_thread_ID : 4
[report] load_duration_ns : 81020249749
[report] load_duration_s : 81.020250
[report] load_throughput : 3857.060438
[report] load_average_latency_ns : 259264.799197
Load workloads needs: 81287305340 ns 
[report] load_thread_ID : 19
[report] load_duration_ns : 81287305340
[report] load_duration_s : 81.287305
[report] load_throughput : 3844.388723
[report] load_average_latency_ns : 260119.377088
Load workloads needs: 81465250665 ns 
[report] load_thread_ID : 22
[report] load_duration_ns : 81465250665
[report] load_duration_s : 81.465251
[report] load_throughput : 3835.991388
[report] load_average_latency_ns : 260688.802128
Load workloads needs: 81479084252 ns 
[report] load_thread_ID : 5
[report] load_duration_ns : 81479084252
[report] load_duration_s : 81.479084
[report] load_throughput : 3835.340111
[report] load_average_latency_ns : 260733.069606
Load workloads needs: 81489756271 ns 
[report] load_thread_ID : 25
[report] load_duration_ns : 81489756271
[report] load_duration_s : 81.489756
[report] load_throughput : 3834.837829
[report] load_average_latency_ns : 260767.220067
Load workloads needs: 81492531740 ns 
[report] load_thread_ID : 0
[report] load_duration_ns : 81492531740
[report] load_duration_s : 81.492532
[report] load_throughput : 3834.707222
[report] load_average_latency_ns : 260776.101568
Load workloads needs: 81625177869 ns 
[report] load_thread_ID : 7
[report] load_duration_ns : 81625177869
[report] load_duration_s : 81.625178
[report] load_throughput : 3828.475578
[report] load_average_latency_ns : 261200.569181
Load workloads needs: 81668042454 ns 
[report] load_thread_ID : 24
[report] load_duration_ns : 81668042454
[report] load_duration_s : 81.668042
[report] load_throughput : 3826.466150
[report] load_average_latency_ns : 261337.735853
Load workloads needs: 81730037245 ns 
[report] load_thread_ID : 9
[report] load_duration_ns : 81730037245
[report] load_duration_s : 81.730037
[report] load_throughput : 3823.563656
[report] load_average_latency_ns : 261536.119184
Load workloads needs: 81796006341 ns 
[report] load_thread_ID : 10
[report] load_duration_ns : 81796006341
[report] load_duration_s : 81.796006
[report] load_throughput : 3820.479923
[report] load_average_latency_ns : 261747.220291
Load workloads needs: 82196905027 ns 
[report] load_thread_ID : 29
[report] load_duration_ns : 82196905027
[report] load_duration_s : 82.196905
[report] load_throughput : 3801.846309
[report] load_average_latency_ns : 263030.096086
Load workloads needs: 82206258521 ns 
[report] load_thread_ID : 8
[report] load_duration_ns : 82206258521
[report] load_duration_s : 82.206259
[report] load_throughput : 3801.413732
[report] load_average_latency_ns : 263060.027267
Load workloads needs: 82250338302 ns 
[report] load_thread_ID : 6
[report] load_duration_ns : 82250338302
[report] load_duration_s : 82.250338
[report] load_throughput : 3799.376470
[report] load_average_latency_ns : 263201.082566
Load workloads needs: 82497332780 ns 
[report] load_thread_ID : 13
[report] load_duration_ns : 82497332780
[report] load_duration_s : 82.497333
[report] load_throughput : 3788.001254
[report] load_average_latency_ns : 263991.464896
Load workloads needs: 82955539136 ns 
[report] load_thread_ID : 31
[report] load_duration_ns : 82955539136
[report] load_duration_s : 82.955539
[report] load_throughput : 3767.078163
[report] load_average_latency_ns : 265457.725235
Load workloads needs: 83098796354 ns 
[report] load_thread_ID : 18
[report] load_duration_ns : 83098796354
[report] load_duration_s : 83.098796
[report] load_throughput : 3760.583952
[report] load_average_latency_ns : 265916.148333
Load workloads needs: 83206224950 ns 
[report] load_thread_ID : 2
[report] load_duration_ns : 83206224950
[report] load_duration_s : 83.206225
[report] load_throughput : 3755.728615
[report] load_average_latency_ns : 266259.919840
Load workloads needs: 88464919051 ns 
[report] load_thread_ID : 26
[report] load_duration_ns : 88464919051
[report] load_duration_s : 88.464919
[report] load_throughput : 3532.473701
[report] load_average_latency_ns : 283087.740963
Load workloads needs: 88692254136 ns 
[report] load_thread_ID : 15
[report] load_duration_ns : 88692254136
[report] load_duration_s : 88.692254
[report] load_throughput : 3523.419300
[report] load_average_latency_ns : 283815.213235
Load workloads needs: 88960831631 ns 
[report] load_thread_ID : 27
[report] load_duration_ns : 88960831631
[report] load_duration_s : 88.960832
[report] load_throughput : 3512.781909
[report] load_average_latency_ns : 284674.661219
Load workloads needs: 88983293235 ns 
[report] load_thread_ID : 14
[report] load_duration_ns : 88983293235
[report] load_duration_s : 88.983293
[report] load_throughput : 3511.895196
[report] load_average_latency_ns : 284746.538352
Load workloads needs: 88997256332 ns 
[report] load_thread_ID : 11
[report] load_duration_ns : 88997256332
[report] load_duration_s : 88.997256
[report] load_throughput : 3511.344202
[report] load_average_latency_ns : 284791.220262
Load workloads needs: 89090320613 ns 
[report] load_thread_ID : 30
[report] load_duration_ns : 89090320613
[report] load_duration_s : 89.090321
[report] load_throughput : 3507.676231
[report] load_average_latency_ns : 285089.025962
Load workloads needs: 89234187399 ns 
[report] load_thread_ID : 28
[report] load_duration_ns : 89234187399
[report] load_duration_s : 89.234187
[report] load_throughput : 3502.021020
[report] load_average_latency_ns : 285549.399677
Load workloads needs: 89380749314 ns 
[report] load_thread_ID : 12
[report] load_duration_ns : 89380749314
[report] load_duration_s : 89.380749
[report] load_throughput : 3496.278588
[report] load_average_latency_ns : 286018.397805
Load workloads needs: 89776907289 ns 
[report] load_thread_ID : 21
[report] load_duration_ns : 89776907289
[report] load_duration_s : 89.776907
[report] load_throughput : 3480.850582
[report] load_average_latency_ns : 287286.103325
Load workloads needs: 89860803217 ns 
[report] load_thread_ID : 3
[report] load_duration_ns : 89860803217
[report] load_duration_s : 89.860803
[report] load_throughput : 3477.600787
[report] load_average_latency_ns : 287554.570294
All clients run done needs: 89863423877 ns 
[report] load_overall_duration_ns : 89863423877
[report] load_overall_duration_s : 89.863424
[report] load_overall_throughput : 111279.979869
[report] load_overall_average_latency_ns : 8986.342388
