numactl --membind=4 /mnt/nvme0/home/gxr/mongdb-run/test_mongodb/build//run_client --num_threads=80 --core_binding=0,1,2,3,4,5,6,7,8,9,10,11,12,13,14,15,128,129,130,131,132,133,134,135,136,137,138,139,140,141,142,143,16,17,18,19,20,21,22,23,24,25,26,27,28,29,30,31,144,145,146,147,148,149,150,151,152,153,154,155,156,157,158,159,32,33,34,35,36,37,38,39,40,41,42,43,44,45,46,47,160,161,162,163,164,165,166,167,168,169,170,171,172,173,174,175,48,49,50,51,52,53,54,55,56,57,58,59,60,61,62,63,176,177,178,179,180,181,182,183,184,185,186,187,188,189,190,191 --str_key_size=16 --str_value_size=1024 --load_file=/mnt/nvme0/home/gxr/mongdb-run/workloads/ycsb/workloada-load-10000000-10000000.log.formated --run_file=/mnt/nvme0/home/gxr/mongdb-run/workloads/ycsb/workloada-run-10000000-10000000.log.formated --URI_set=mongodb://localhost:27017,mongodb://localhost:27018,mongodb://localhost:27019,mongodb://localhost:27020,mongodb://localhost:27021,mongodb://localhost:27022,mongodb://localhost:27023,mongodb://localhost:27024,mongodb://localhost:27025,mongodb://localhost:27026,mongodb://localhost:27027,mongodb://localhost:27028,mongodb://localhost:27029,mongodb://localhost:27030,mongodb://localhost:27031,mongodb://localhost:27032,mongodb://localhost:27033,mongodb://localhost:27034,mongodb://localhost:27035,mongodb://localhost:27036,mongodb://localhost:27037,mongodb://localhost:27038,mongodb://localhost:27039,mongodb://localhost:27040,mongodb://localhost:27041,mongodb://localhost:27042,mongodb://localhost:27043,mongodb://localhost:27044,mongodb://localhost:27045,mongodb://localhost:27046,mongodb://localhost:27047,mongodb://localhost:27048,mongodb://localhost:27049,mongodb://localhost:27050,mongodb://localhost:27051,mongodb://localhost:27052,mongodb://localhost:27053,mongodb://localhost:27054,mongodb://localhost:27055,mongodb://localhost:27056,mongodb://localhost:27057,mongodb://localhost:27058,mongodb://localhost:27059,mongodb://localhost:27060,mongodb://localhost:27061,mongodb://localhost:27062,mongodb://localhost:27063,mongodb://localhost:27064,mongodb://localhost:27065,mongodb://localhost:27066,mongodb://localhost:27067,mongodb://localhost:27068,mongodb://localhost:27069,mongodb://localhost:27070,mongodb://localhost:27071,mongodb://localhost:27072,mongodb://localhost:27073,mongodb://localhost:27074,mongodb://localhost:27075,mongodb://localhost:27076,mongodb://localhost:27077,mongodb://localhost:27078,mongodb://localhost:27079,mongodb://localhost:27080,mongodb://localhost:27081,mongodb://localhost:27082,mongodb://localhost:27083,mongodb://localhost:27084,mongodb://localhost:27085,mongodb://localhost:27086,mongodb://localhost:27087,mongodb://localhost:27088,mongodb://localhost:27089,mongodb://localhost:27090,mongodb://localhost:27091,mongodb://localhost:27092,mongodb://localhost:27093,mongodb://localhost:27094,mongodb://localhost:27095,mongodb://localhost:27096,mongodb://localhost:27097,mongodb://localhost:27098,mongodb://localhost:27099,mongodb://localhost:27100,mongodb://localhost:27101,mongodb://localhost:27102,mongodb://localhost:27103,mongodb://localhost:27104,mongodb://localhost:27105,mongodb://localhost:27106,mongodb://localhost:27107,mongodb://localhost:27108,mongodb://localhost:27109,mongodb://localhost:27110,mongodb://localhost:27111,mongodb://localhost:27112,mongodb://localhost:27113,mongodb://localhost:27114,mongodb://localhost:27115,mongodb://localhost:27116,mongodb://localhost:27117,mongodb://localhost:27118,mongodb://localhost:27119,mongodb://localhost:27120,mongodb://localhost:27121,mongodb://localhost:27122,mongodb://localhost:27123,mongodb://localhost:27124,mongodb://localhost:27125,mongodb://localhost:27126,mongodb://localhost:27127,mongodb://localhost:27128,mongodb://localhost:27129,mongodb://localhost:27130,mongodb://localhost:27131,mongodb://localhost:27132,mongodb://localhost:27133,mongodb://localhost:27134,mongodb://localhost:27135,mongodb://localhost:27136,mongodb://localhost:27137,mongodb://localhost:27138,mongodb://localhost:27139,mongodb://localhost:27140,mongodb://localhost:27141,mongodb://localhost:27142,mongodb://localhost:27143,mongodb://localhost:27144 --first_mode=true
mongodb://localhost:27017 mongodb://localhost:27018 mongodb://localhost:27019 mongodb://localhost:27020 mongodb://localhost:27021 mongodb://localhost:27022 mongodb://localhost:27023 mongodb://localhost:27024 mongodb://localhost:27025 mongodb://localhost:27026 mongodb://localhost:27027 mongodb://localhost:27028 mongodb://localhost:27029 mongodb://localhost:27030 mongodb://localhost:27031 mongodb://localhost:27032 mongodb://localhost:27033 mongodb://localhost:27034 mongodb://localhost:27035 mongodb://localhost:27036 mongodb://localhost:27037 mongodb://localhost:27038 mongodb://localhost:27039 mongodb://localhost:27040 mongodb://localhost:27041 mongodb://localhost:27042 mongodb://localhost:27043 mongodb://localhost:27044 mongodb://localhost:27045 mongodb://localhost:27046 mongodb://localhost:27047 mongodb://localhost:27048 mongodb://localhost:27049 mongodb://localhost:27050 mongodb://localhost:27051 mongodb://localhost:27052 mongodb://localhost:27053 mongodb://localhost:27054 mongodb://localhost:27055 mongodb://localhost:27056 mongodb://localhost:27057 mongodb://localhost:27058 mongodb://localhost:27059 mongodb://localhost:27060 mongodb://localhost:27061 mongodb://localhost:27062 mongodb://localhost:27063 mongodb://localhost:27064 mongodb://localhost:27065 mongodb://localhost:27066 mongodb://localhost:27067 mongodb://localhost:27068 mongodb://localhost:27069 mongodb://localhost:27070 mongodb://localhost:27071 mongodb://localhost:27072 mongodb://localhost:27073 mongodb://localhost:27074 mongodb://localhost:27075 mongodb://localhost:27076 mongodb://localhost:27077 mongodb://localhost:27078 mongodb://localhost:27079 mongodb://localhost:27080 mongodb://localhost:27081 mongodb://localhost:27082 mongodb://localhost:27083 mongodb://localhost:27084 mongodb://localhost:27085 mongodb://localhost:27086 mongodb://localhost:27087 mongodb://localhost:27088 mongodb://localhost:27089 mongodb://localhost:27090 mongodb://localhost:27091 mongodb://localhost:27092 mongodb://localhost:27093 mongodb://localhost:27094 mongodb://localhost:27095 mongodb://localhost:27096 mongodb://localhost:27097 mongodb://localhost:27098 mongodb://localhost:27099 mongodb://localhost:27100 mongodb://localhost:27101 mongodb://localhost:27102 mongodb://localhost:27103 mongodb://localhost:27104 mongodb://localhost:27105 mongodb://localhost:27106 mongodb://localhost:27107 mongodb://localhost:27108 mongodb://localhost:27109 mongodb://localhost:27110 mongodb://localhost:27111 mongodb://localhost:27112 mongodb://localhost:27113 mongodb://localhost:27114 mongodb://localhost:27115 mongodb://localhost:27116 mongodb://localhost:27117 mongodb://localhost:27118 mongodb://localhost:27119 mongodb://localhost:27120 mongodb://localhost:27121 mongodb://localhost:27122 mongodb://localhost:27123 mongodb://localhost:27124 mongodb://localhost:27125 mongodb://localhost:27126 mongodb://localhost:27127 mongodb://localhost:27128 mongodb://localhost:27129 mongodb://localhost:27130 mongodb://localhost:27131 mongodb://localhost:27132 mongodb://localhost:27133 mongodb://localhost:27134 mongodb://localhost:27135 mongodb://localhost:27136 mongodb://localhost:27137 mongodb://localhost:27138 mongodb://localhost:27139 mongodb://localhost:27140 mongodb://localhost:27141 mongodb://localhost:27142 mongodb://localhost:27143 mongodb://localhost:27144 reading workload files ...
load_filename : /mnt/nvme0/home/gxr/mongdb-run/workloads/ycsb/workloada-load-10000000-10000000.log.formated
read load file needs: 12333042387 s 
run_filename : /mnt/nvme0/home/gxr/mongdb-run/workloads/ycsb/workloada-run-10000000-10000000.log.formated
read run file needs: 12656763563 s 
num_of_load_ops is 10000000
num_of_run_ops is 10000000
0 1 2 3 4 5 6 7 8 9 10 11 12 13 14 15 128 129 130 131 132 133 134 135 136 137 138 139 140 141 142 143 16 17 18 19 20 21 22 23 24 25 26 27 28 29 30 31 144 145 146 147 148 149 150 151 152 153 154 155 156 157 158 159 32 33 34 35 36 37 38 39 40 41 42 43 44 45 46 47 160 161 162 163 164 165 166 167 168 169 170 171 172 173 174 175 48 49 50 51 52 53 54 55 56 57 58 59 60 61 62 63 176 177 178 179 180 181 182 183 184 185 186 187 188 189 190 191 URI: URI: mongodb://localhost:27017
URI: mongodb://localhost:27017
URI: mongodb://localhost:27017
mongodb://localhost:27017
URI: mongodb://localhost:27017
URI: mongodb://localhost:27017
URI: mongodb://localhost:27017
URI: URI: URI: mongodb://localhost:27017
URI: mongodb://localhost:27017
mongodb://localhost:27017
mongodb://localhost:27017
URI: mongodb://localhost:27017
URI: mongodb://localhost:27017
URI: mongodb://localhost:27017
URI: mongodb://localhost:27017
URI: mongodb://localhost:27017
URI: mongodb://localhost:27017
URI: mongodb://localhost:27017
URI: mongodb://localhost:27017
URI: mongodb://localhost:27017
URI: mongodb://localhost:27017
URI: mongodb://localhost:27017
URI: mongodb://localhost:27017
URI: mongodb://localhost:27017
URI: mongodb://localhost:27017
URI: mongodb://localhost:27017
URI: mongodb://localhost:27017
URI: mongodb://localhost:27017
URI: mongodb://localhost:27017
URI: mongodb://localhost:27017
URI: mongodb://localhost:27017
URI: mongodb://localhost:27017
URI: mongodb://localhost:27017
URI: mongodb://localhost:27017
URI: mongodb://localhost:27017
URI: mongodb://localhost:27017
URI: mongodb://localhost:27017
URI: mongodb://localhost:27017
URI: mongodb://localhost:27017
URI: URI: mongodb://localhost:27017
mongodb://localhost:27017
URI: mongodb://localhost:27017
URI: mongodb://localhost:27017
URI: mongodb://localhost:27017
URI: mongodb://localhost:27017
URI: mongodb://localhost:27017
URI: mongodb://localhost:27017
URI: mongodb://localhost:27017
URI: mongodb://localhost:27017
URI: mongodb://localhost:27017
URI: mongodb://localhost:27017
URI: mongodb://localhost:27017
URI: mongodb://localhost:27017
URI: mongodb://localhost:27017
URI: mongodb://localhost:27017
URI: mongodb://localhost:27017
URI: mongodb://localhost:27017
URI: mongodb://localhost:27017
URI: mongodb://localhost:27017
URI: mongodb://localhost:27017
URI: mongodb://localhost:27017
URI: mongodb://localhost:27017
URI: mongodb://localhost:27017
URI: mongodb://localhost:27017
URI: mongodb://localhost:27017
URI: mongodb://localhost:27017
URI: mongodb://localhost:27017
URI: mongodb://localhost:27017
URI: mongodb://localhost:27017
URI: mongodb://localhost:27017
URI: mongodb://localhost:27017
URI: mongodb://localhost:27017
URI: URI: mongodb://localhost:27017
mongodb://localhost:27017
URI: mongodb://localhost:27017
URI: mongodb://localhost:27017
URI: mongodb://localhost:27017
URI: mongodb://localhost:27017
URI: mongodb://localhost:27017
URI: mongodb://localhost:27017
Load workloads needs: 42586512133 ns 
[report] load_thread_ID : 72
[report] load_duration_ns : 42586512133
[report] load_duration_s : 42.586512
[report] load_throughput : 2935.201634
[report] load_average_latency_ns : 340692.097064
Load workloads needs: 42782231443 ns 
[report] load_thread_ID : 69
[report] load_duration_ns : 42782231443
[report] load_duration_s : 42.782231
[report] load_throughput : 2921.773731
[report] load_average_latency_ns : 342257.851544
Load workloads needs: 42869596790 ns 
[report] load_thread_ID : 68
[report] load_duration_ns : 42869596790
[report] load_duration_s : 42.869597
[report] load_throughput : 2915.819354
[report] load_average_latency_ns : 342956.774320
Load workloads needs: 43098040678 ns 
[report] load_thread_ID : 71
[report] load_duration_ns : 43098040678
[report] load_duration_s : 43.098041
[report] load_throughput : 2900.363869
[report] load_average_latency_ns : 344784.325424
Load workloads needs: 44453634165 ns 
[report] load_thread_ID : 64
[report] load_duration_ns : 44453634165
[report] load_duration_s : 44.453634
[report] load_throughput : 2811.918583
[report] load_average_latency_ns : 355629.073320
Load workloads needs: 44463296302 ns 
[report] load_thread_ID : 75
[report] load_duration_ns : 44463296302
[report] load_duration_s : 44.463296
[report] load_throughput : 2811.307537
[report] load_average_latency_ns : 355706.370416
Load workloads needs: 44482069547 ns 
[report] load_thread_ID : 73
[report] load_duration_ns : 44482069547
[report] load_duration_s : 44.482070
[report] load_throughput : 2810.121050
[report] load_average_latency_ns : 355856.556376
Load workloads needs: 44485240236 ns 
[report] load_thread_ID : 70
[report] load_duration_ns : 44485240236
[report] load_duration_s : 44.485240
[report] load_throughput : 2809.920759
[report] load_average_latency_ns : 355881.921888
Load workloads needs: 44588445998 ns 
[report] load_thread_ID : 74
[report] load_duration_ns : 44588445998
[report] load_duration_s : 44.588446
[report] load_throughput : 2803.416831
[report] load_average_latency_ns : 356707.567984
Load workloads needs: 44693154334 ns 
[report] load_thread_ID : 77
[report] load_duration_ns : 44693154334
[report] load_duration_s : 44.693154
[report] load_throughput : 2796.848910
[report] load_average_latency_ns : 357545.234672
Load workloads needs: 44938299014 ns 
[report] load_thread_ID : 79
[report] load_duration_ns : 44938299014
[report] load_duration_s : 44.938299
[report] load_throughput : 2781.591710
[report] load_average_latency_ns : 359506.392112
Load workloads needs: 44987336544 ns 
[report] load_thread_ID : 65
[report] load_duration_ns : 44987336544
[report] load_duration_s : 44.987337
[report] load_throughput : 2778.559693
[report] load_average_latency_ns : 359898.692352
Load workloads needs: 45006808415 ns 
[report] load_thread_ID : 78
[report] load_duration_ns : 45006808415
[report] load_duration_s : 45.006808
[report] load_throughput : 2777.357569
[report] load_average_latency_ns : 360054.467320
Load workloads needs: 45091142753 ns 
[report] load_thread_ID : 76
[report] load_duration_ns : 45091142753
[report] load_duration_s : 45.091143
[report] load_throughput : 2772.163054
[report] load_average_latency_ns : 360729.142024
Load workloads needs: 45135017401 ns 
[report] load_thread_ID : 66
[report] load_duration_ns : 45135017401
[report] load_duration_s : 45.135017
[report] load_throughput : 2769.468302
[report] load_average_latency_ns : 361080.139208
Load workloads needs: 45155114091 ns 
[report] load_thread_ID : 67
[report] load_duration_ns : 45155114091
[report] load_duration_s : 45.155114
[report] load_throughput : 2768.235725
[report] load_average_latency_ns : 361240.912728
Load workloads needs: 49295447795 ns 
[report] load_thread_ID : 24
[report] load_duration_ns : 49295447795
[report] load_duration_s : 49.295448
[report] load_throughput : 2535.731099
[report] load_average_latency_ns : 394363.582360
Load workloads needs: 49554722946 ns 
[report] load_thread_ID : 57
[report] load_duration_ns : 49554722946
[report] load_duration_s : 49.554723
[report] load_throughput : 2522.463906
[report] load_average_latency_ns : 396437.783568
Load workloads needs: 49566872813 ns 
[report] load_thread_ID : 28
[report] load_duration_ns : 49566872813
[report] load_duration_s : 49.566873
[report] load_throughput : 2521.845598
[report] load_average_latency_ns : 396534.982504
Load workloads needs: 49580118448 ns 
[report] load_thread_ID : 15
[report] load_duration_ns : 49580118448
[report] load_duration_s : 49.580118
[report] load_throughput : 2521.171871
[report] load_average_latency_ns : 396640.947584
Load workloads needs: 49665819850 ns 
[report] load_thread_ID : 11
[report] load_duration_ns : 49665819850
[report] load_duration_s : 49.665820
[report] load_throughput : 2516.821435
[report] load_average_latency_ns : 397326.558800
Load workloads needs: 49713841514 ns 
[report] load_thread_ID : 13
[report] load_duration_ns : 49713841514
[report] load_duration_s : 49.713842
[report] load_throughput : 2514.390282
[report] load_average_latency_ns : 397710.732112
Load workloads needs: 49770706296 ns 
[report] load_thread_ID : 25
[report] load_duration_ns : 49770706296
[report] load_duration_s : 49.770706
[report] load_throughput : 2511.517503
[report] load_average_latency_ns : 398165.650368
Load workloads needs: 49833977017 ns 
[report] load_thread_ID : 58
[report] load_duration_ns : 49833977017
[report] load_duration_s : 49.833977
[report] load_throughput : 2508.328805
[report] load_average_latency_ns : 398671.816136
Load workloads needs: 49837546024 ns 
[report] load_thread_ID : 45
[report] load_duration_ns : 49837546024
[report] load_duration_s : 49.837546
[report] load_throughput : 2508.149176
[report] load_average_latency_ns : 398700.368192
Load workloads needs: 49853541639 ns 
[report] load_thread_ID : 6
[report] load_duration_ns : 49853541639
[report] load_duration_s : 49.853542
[report] load_throughput : 2507.344431
[report] load_average_latency_ns : 398828.333112
Load workloads needs: 49859593418 ns 
[report] load_thread_ID : 2
[report] load_duration_ns : 49859593418
[report] load_duration_s : 49.859593
[report] load_throughput : 2507.040099
[report] load_average_latency_ns : 398876.747344
Load workloads needs: 49922708289 ns 
[report] load_thread_ID : 5
[report] load_duration_ns : 49922708289
[report] load_duration_s : 49.922708
[report] load_throughput : 2503.870569
[report] load_average_latency_ns : 399381.666312
Load workloads needs: 49943215727 ns 
[report] load_thread_ID : 27
[report] load_duration_ns : 49943215727
[report] load_duration_s : 49.943216
[report] load_throughput : 2502.842442
[report] load_average_latency_ns : 399545.725816
Load workloads needs: 50032797477 ns 
[report] load_thread_ID : 3
[report] load_duration_ns : 50032797477
[report] load_duration_s : 50.032797
[report] load_throughput : 2498.361201
[report] load_average_latency_ns : 400262.379816
Load workloads needs: 50033052366 ns 
[report] load_thread_ID : 46
[report] load_duration_ns : 50033052366
[report] load_duration_s : 50.033052
[report] load_throughput : 2498.348473
[report] load_average_latency_ns : 400264.418928
Load workloads needs: 50136840475 ns 
[report] load_thread_ID : 36
[report] load_duration_ns : 50136840475
[report] load_duration_s : 50.136840
[report] load_throughput : 2493.176650
[report] load_average_latency_ns : 401094.723800
Load workloads needs: 50176184759 ns 
[report] load_thread_ID : 60
[report] load_duration_ns : 50176184759
[report] load_duration_s : 50.176185
[report] load_throughput : 2491.221694
[report] load_average_latency_ns : 401409.478072
Load workloads needs: 50186641173 ns 
[report] load_thread_ID : 49
[report] load_duration_ns : 50186641173
[report] load_duration_s : 50.186641
[report] load_throughput : 2490.702647
[report] load_average_latency_ns : 401493.129384
Load workloads needs: 50214672646 ns 
[report] load_thread_ID : 48
[report] load_duration_ns : 50214672646
[report] load_duration_s : 50.214673
[report] load_throughput : 2489.312255
[report] load_average_latency_ns : 401717.381168
Load workloads needs: 50220212007 ns 
[report] load_thread_ID : 61
[report] load_duration_ns : 50220212007
[report] load_duration_s : 50.220212
[report] load_throughput : 2489.037680
[report] load_average_latency_ns : 401761.696056
Load workloads needs: 50420125762 ns 
[report] load_thread_ID : 31
[report] load_duration_ns : 50420125762
[report] load_duration_s : 50.420126
[report] load_throughput : 2479.168747
[report] load_average_latency_ns : 403361.006096
Load workloads needs: 50626740515 ns 
[report] load_thread_ID : 26
[report] load_duration_ns : 50626740515
[report] load_duration_s : 50.626741
[report] load_throughput : 2469.050915
[report] load_average_latency_ns : 405013.924120
Load workloads needs: 50652287677 ns 
[report] load_thread_ID : 7
[report] load_duration_ns : 50652287677
[report] load_duration_s : 50.652288
[report] load_throughput : 2467.805616
[report] load_average_latency_ns : 405218.301416
Load workloads needs: 50766897040 ns 
[report] load_thread_ID : 18
[report] load_duration_ns : 50766897040
[report] load_duration_s : 50.766897
[report] load_throughput : 2462.234395
[report] load_average_latency_ns : 406135.176320
Load workloads needs: 50807046750 ns 
[report] load_thread_ID : 14
[report] load_duration_ns : 50807046750
[report] load_duration_s : 50.807047
[report] load_throughput : 2460.288641
[report] load_average_latency_ns : 406456.374000
Load workloads needs: 50831158916 ns 
[report] load_thread_ID : 29
[report] load_duration_ns : 50831158916
[report] load_duration_s : 50.831159
[report] load_throughput : 2459.121583
[report] load_average_latency_ns : 406649.271328
Load workloads needs: 50826969281 ns 
[report] load_thread_ID : 21
[report] load_duration_ns : 50826969281
[report] load_duration_s : 50.826969
[report] load_throughput : 2459.324287
[report] load_average_latency_ns : 406615.754248
Load workloads needs: 50889146415 ns 
[report] load_thread_ID : 30
[report] load_duration_ns : 50889146415
[report] load_duration_s : 50.889146
[report] load_throughput : 2456.319447
[report] load_average_latency_ns : 407113.171320
Load workloads needs: 50907854150 ns 
[report] load_thread_ID : 9
[report] load_duration_ns : 50907854150
[report] load_duration_s : 50.907854
[report] load_throughput : 2455.416793
[report] load_average_latency_ns : 407262.833200
Load workloads needs: 50936962370 ns 
[report] load_thread_ID : 16
[report] load_duration_ns : 50936962370
[report] load_duration_s : 50.936962
[report] load_throughput : 2454.013631
[report] load_average_latency_ns : 407495.698960
Load workloads needs: 50939708140 ns 
[report] load_thread_ID : 12
[report] load_duration_ns : 50939708140
[report] load_duration_s : 50.939708
[report] load_throughput : 2453.881354
[report] load_average_latency_ns : 407517.665120
Load workloads needs: 50961111166 ns 
[report] load_thread_ID : 1
[report] load_duration_ns : 50961111166
[report] load_duration_s : 50.961111
[report] load_throughput : 2452.850755
[report] load_average_latency_ns : 407688.889328
Load workloads needs: 50967318014 ns 
[report] load_thread_ID : 8
[report] load_duration_ns : 50967318014
[report] load_duration_s : 50.967318
[report] load_throughput : 2452.552045
[report] load_average_latency_ns : 407738.544112
Load workloads needs: 50967623953 ns 
[report] load_thread_ID : 47
[report] load_duration_ns : 50967623953
[report] load_duration_s : 50.967624
[report] load_throughput : 2452.537323
[report] load_average_latency_ns : 407740.991624
Load workloads needs: 50986836146 ns 
[report] load_thread_ID : 52
[report] load_duration_ns : 50986836146
[report] load_duration_s : 50.986836
[report] load_throughput : 2451.613190
[report] load_average_latency_ns : 407894.689168
Load workloads needs: 50996101544 ns 
[report] load_thread_ID : 10
[report] load_duration_ns : 50996101544
[report] load_duration_s : 50.996102
[report] load_throughput : 2451.167760
[report] load_average_latency_ns : 407968.812352
Load workloads needs: 50997959048 ns 
[report] load_thread_ID : 40
[report] load_duration_ns : 50997959048
[report] load_duration_s : 50.997959
[report] load_throughput : 2451.078481
[report] load_average_latency_ns : 407983.672384
Load workloads needs: 51048958820 ns 
[report] load_thread_ID : 0
[report] load_duration_ns : 51048958820
[report] load_duration_s : 51.048959
[report] load_throughput : 2448.629764
[report] load_average_latency_ns : 408391.670560
Load workloads needs: 51056909673 ns 
[report] load_thread_ID : 4
[report] load_duration_ns : 51056909673
[report] load_duration_s : 51.056910
[report] load_throughput : 2448.248451
[report] load_average_latency_ns : 408455.277384
Load workloads needs: 51057363192 ns 
[report] load_thread_ID : 20
[report] load_duration_ns : 51057363192
[report] load_duration_s : 51.057363
[report] load_throughput : 2448.226704
[report] load_average_latency_ns : 408458.905536
Load workloads needs: 51075029740 ns 
[report] load_thread_ID : 17
[report] load_duration_ns : 51075029740
[report] load_duration_s : 51.075030
[report] load_throughput : 2447.379877
[report] load_average_latency_ns : 408600.237920
Load workloads needs: 51129045392 ns 
[report] load_thread_ID : 59
[report] load_duration_ns : 51129045392
[report] load_duration_s : 51.129045
[report] load_throughput : 2444.794325
[report] load_average_latency_ns : 409032.363136
Load workloads needs: 51154630464 ns 
[report] load_thread_ID : 62
[report] load_duration_ns : 51154630464
[report] load_duration_s : 51.154630
[report] load_throughput : 2443.571557
[report] load_average_latency_ns : 409237.043712
Load workloads needs: 51183671873 ns 
[report] load_thread_ID : 22
[report] load_duration_ns : 51183671873
[report] load_duration_s : 51.183672
[report] load_throughput : 2442.185084
[report] load_average_latency_ns : 409469.374984
Load workloads needs: 51183551944 ns 
[report] load_thread_ID : 53
[report] load_duration_ns : 51183551944
[report] load_duration_s : 51.183552
[report] load_throughput : 2442.190806
[report] load_average_latency_ns : 409468.415552
Load workloads needs: 51189374393 ns 
[report] load_thread_ID : 51
[report] load_duration_ns : 51189374393
[report] load_duration_s : 51.189374
[report] load_throughput : 2441.913024
[report] load_average_latency_ns : 409514.995144
Load workloads needs: 51196687018 ns 
[report] load_thread_ID : 23
[report] load_duration_ns : 51196687018
[report] load_duration_s : 51.196687
[report] load_throughput : 2441.564236
[report] load_average_latency_ns : 409573.496144
Load workloads needs: 51197200356 ns 
[report] load_thread_ID : 50
[report] load_duration_ns : 51197200356
[report] load_duration_s : 51.197200
[report] load_throughput : 2441.539755
[report] load_average_latency_ns : 409577.602848
Load workloads needs: 51214595556 ns 
[report] load_thread_ID : 19
[report] load_duration_ns : 51214595556
[report] load_duration_s : 51.214596
[report] load_throughput : 2440.710478
[report] load_average_latency_ns : 409716.764448
Load workloads needs: 51234097868 ns 
[report] load_thread_ID : 44
[report] load_duration_ns : 51234097868
[report] load_duration_s : 51.234098
[report] load_throughput : 2439.781419
[report] load_average_latency_ns : 409872.782944
Load workloads needs: 51257625396 ns 
[report] load_thread_ID : 33
[report] load_duration_ns : 51257625396
[report] load_duration_s : 51.257625
[report] load_throughput : 2438.661546
[report] load_average_latency_ns : 410061.003168
Load workloads needs: 51259274490 ns 
[report] load_thread_ID : 34
[report] load_duration_ns : 51259274490
[report] load_duration_s : 51.259274
[report] load_throughput : 2438.583090
[report] load_average_latency_ns : 410074.195920
Load workloads needs: 51259398500 ns 
[report] load_thread_ID : 38
[report] load_duration_ns : 51259398500
[report] load_duration_s : 51.259399
[report] load_throughput : 2438.577191
[report] load_average_latency_ns : 410075.188000
Load workloads needs: 51270511122 ns 
[report] load_thread_ID : 43
[report] load_duration_ns : 51270511122
[report] load_duration_s : 51.270511
[report] load_throughput : 2438.048642
[report] load_average_latency_ns : 410164.088976
Load workloads needs: 51279386321 ns 
[report] load_thread_ID : 63
[report] load_duration_ns : 51279386321
[report] load_duration_s : 51.279386
[report] load_throughput : 2437.626676
[report] load_average_latency_ns : 410235.090568
Load workloads needs: 51292145427 ns 
[report] load_thread_ID : 54
[report] load_duration_ns : 51292145427
[report] load_duration_s : 51.292145
[report] load_throughput : 2437.020307
[report] load_average_latency_ns : 410337.163416
Load workloads needs: 51298840613 ns 
[report] load_thread_ID : 56
[report] load_duration_ns : 51298840613
[report] load_duration_s : 51.298841
[report] load_throughput : 2436.702243
[report] load_average_latency_ns : 410390.724904
Load workloads needs: 51317476478 ns 
[report] load_thread_ID : 55
[report] load_duration_ns : 51317476478
[report] load_duration_s : 51.317476
[report] load_throughput : 2435.817359
[report] load_average_latency_ns : 410539.811824
Load workloads needs: 51322890139 ns 
[report] load_thread_ID : 32
[report] load_duration_ns : 51322890139
[report] load_duration_s : 51.322890
[report] load_throughput : 2435.560423
[report] load_average_latency_ns : 410583.121112
Load workloads needs: 51355878666 ns 
[report] load_thread_ID : 39
[report] load_duration_ns : 51355878666
[report] load_duration_s : 51.355879
[report] load_throughput : 2433.995937
[report] load_average_latency_ns : 410847.029328
Load workloads needs: 51375639427 ns 
[report] load_thread_ID : 35
[report] load_duration_ns : 51375639427
[report] load_duration_s : 51.375639
[report] load_throughput : 2433.059742
[report] load_average_latency_ns : 411005.115416
Load workloads needs: 51378562997 ns 
[report] load_thread_ID : 37
[report] load_duration_ns : 51378562997
[report] load_duration_s : 51.378563
[report] load_throughput : 2432.921295
[report] load_average_latency_ns : 411028.503976
Load workloads needs: 51392995667 ns 
[report] load_thread_ID : 42
[report] load_duration_ns : 51392995667
[report] load_duration_s : 51.392996
[report] load_throughput : 2432.238058
[report] load_average_latency_ns : 411143.965336
Load workloads needs: 51418539678 ns 
[report] load_thread_ID : 41
[report] load_duration_ns : 51418539678
[report] load_duration_s : 51.418540
[report] load_throughput : 2431.029757
[report] load_average_latency_ns : 411348.317424
All clients run done needs: 51415731767 ns 
[report] load_overall_duration_ns : 51415731767
[report] load_overall_duration_s : 51.415732
[report] load_overall_throughput : 194493.001584
[report] load_overall_average_latency_ns : 5141.573177
