numactl --membind=4 /mnt/nvme0/home/gxr/mongdb-run/test_mongodb/build//run_client --num_threads=64 --core_binding=0,1,2,3,4,5,6,7,8,9,10,11,12,13,14,15,128,129,130,131,132,133,134,135,136,137,138,139,140,141,142,143,16,17,18,19,20,21,22,23,24,25,26,27,28,29,30,31,144,145,146,147,148,149,150,151,152,153,154,155,156,157,158,159,32,33,34,35,36,37,38,39,40,41,42,43,44,45,46,47,160,161,162,163,164,165,166,167,168,169,170,171,172,173,174,175,48,49,50,51,52,53,54,55,56,57,58,59,60,61,62,63,176,177,178,179,180,181,182,183,184,185,186,187,188,189,190,191 --str_key_size=16 --str_value_size=1024 --load_file=/mnt/nvme0/home/gxr/mongdb-run/workloads/ycsb/workloada-load-10000000-10000000.log.formated --run_file=/mnt/nvme0/home/gxr/mongdb-run/workloads/ycsb/workloada-run-10000000-10000000.log.formated --URI_set=mongodb://localhost:27017,mongodb://localhost:27018,mongodb://localhost:27019,mongodb://localhost:27020,mongodb://localhost:27021,mongodb://localhost:27022,mongodb://localhost:27023,mongodb://localhost:27024,mongodb://localhost:27025,mongodb://localhost:27026,mongodb://localhost:27027,mongodb://localhost:27028,mongodb://localhost:27029,mongodb://localhost:27030,mongodb://localhost:27031,mongodb://localhost:27032,mongodb://localhost:27033,mongodb://localhost:27034,mongodb://localhost:27035,mongodb://localhost:27036,mongodb://localhost:27037,mongodb://localhost:27038,mongodb://localhost:27039,mongodb://localhost:27040,mongodb://localhost:27041,mongodb://localhost:27042,mongodb://localhost:27043,mongodb://localhost:27044,mongodb://localhost:27045,mongodb://localhost:27046,mongodb://localhost:27047,mongodb://localhost:27048,mongodb://localhost:27049,mongodb://localhost:27050,mongodb://localhost:27051,mongodb://localhost:27052,mongodb://localhost:27053,mongodb://localhost:27054,mongodb://localhost:27055,mongodb://localhost:27056,mongodb://localhost:27057,mongodb://localhost:27058,mongodb://localhost:27059,mongodb://localhost:27060,mongodb://localhost:27061,mongodb://localhost:27062,mongodb://localhost:27063,mongodb://localhost:27064,mongodb://localhost:27065,mongodb://localhost:27066,mongodb://localhost:27067,mongodb://localhost:27068,mongodb://localhost:27069,mongodb://localhost:27070,mongodb://localhost:27071,mongodb://localhost:27072,mongodb://localhost:27073,mongodb://localhost:27074,mongodb://localhost:27075,mongodb://localhost:27076,mongodb://localhost:27077,mongodb://localhost:27078,mongodb://localhost:27079,mongodb://localhost:27080,mongodb://localhost:27081,mongodb://localhost:27082,mongodb://localhost:27083,mongodb://localhost:27084,mongodb://localhost:27085,mongodb://localhost:27086,mongodb://localhost:27087,mongodb://localhost:27088,mongodb://localhost:27089,mongodb://localhost:27090,mongodb://localhost:27091,mongodb://localhost:27092,mongodb://localhost:27093,mongodb://localhost:27094,mongodb://localhost:27095,mongodb://localhost:27096,mongodb://localhost:27097,mongodb://localhost:27098,mongodb://localhost:27099,mongodb://localhost:27100,mongodb://localhost:27101,mongodb://localhost:27102,mongodb://localhost:27103,mongodb://localhost:27104,mongodb://localhost:27105,mongodb://localhost:27106,mongodb://localhost:27107,mongodb://localhost:27108,mongodb://localhost:27109,mongodb://localhost:27110,mongodb://localhost:27111,mongodb://localhost:27112,mongodb://localhost:27113,mongodb://localhost:27114,mongodb://localhost:27115,mongodb://localhost:27116,mongodb://localhost:27117,mongodb://localhost:27118,mongodb://localhost:27119,mongodb://localhost:27120,mongodb://localhost:27121,mongodb://localhost:27122,mongodb://localhost:27123,mongodb://localhost:27124,mongodb://localhost:27125,mongodb://localhost:27126,mongodb://localhost:27127,mongodb://localhost:27128,mongodb://localhost:27129,mongodb://localhost:27130,mongodb://localhost:27131,mongodb://localhost:27132,mongodb://localhost:27133,mongodb://localhost:27134,mongodb://localhost:27135,mongodb://localhost:27136,mongodb://localhost:27137,mongodb://localhost:27138,mongodb://localhost:27139,mongodb://localhost:27140,mongodb://localhost:27141,mongodb://localhost:27142,mongodb://localhost:27143,mongodb://localhost:27144 --first_mode=false
mongodb://localhost:27017 mongodb://localhost:27018 mongodb://localhost:27019 mongodb://localhost:27020 mongodb://localhost:27021 mongodb://localhost:27022 mongodb://localhost:27023 mongodb://localhost:27024 mongodb://localhost:27025 mongodb://localhost:27026 mongodb://localhost:27027 mongodb://localhost:27028 mongodb://localhost:27029 mongodb://localhost:27030 mongodb://localhost:27031 mongodb://localhost:27032 mongodb://localhost:27033 mongodb://localhost:27034 mongodb://localhost:27035 mongodb://localhost:27036 mongodb://localhost:27037 mongodb://localhost:27038 mongodb://localhost:27039 mongodb://localhost:27040 mongodb://localhost:27041 mongodb://localhost:27042 mongodb://localhost:27043 mongodb://localhost:27044 mongodb://localhost:27045 mongodb://localhost:27046 mongodb://localhost:27047 mongodb://localhost:27048 mongodb://localhost:27049 mongodb://localhost:27050 mongodb://localhost:27051 mongodb://localhost:27052 mongodb://localhost:27053 mongodb://localhost:27054 mongodb://localhost:27055 mongodb://localhost:27056 mongodb://localhost:27057 mongodb://localhost:27058 mongodb://localhost:27059 mongodb://localhost:27060 mongodb://localhost:27061 mongodb://localhost:27062 mongodb://localhost:27063 mongodb://localhost:27064 mongodb://localhost:27065 mongodb://localhost:27066 mongodb://localhost:27067 mongodb://localhost:27068 mongodb://localhost:27069 mongodb://localhost:27070 mongodb://localhost:27071 mongodb://localhost:27072 mongodb://localhost:27073 mongodb://localhost:27074 mongodb://localhost:27075 mongodb://localhost:27076 mongodb://localhost:27077 mongodb://localhost:27078 mongodb://localhost:27079 mongodb://localhost:27080 mongodb://localhost:27081 mongodb://localhost:27082 mongodb://localhost:27083 mongodb://localhost:27084 mongodb://localhost:27085 mongodb://localhost:27086 mongodb://localhost:27087 mongodb://localhost:27088 mongodb://localhost:27089 mongodb://localhost:27090 mongodb://localhost:27091 mongodb://localhost:27092 mongodb://localhost:27093 mongodb://localhost:27094 mongodb://localhost:27095 mongodb://localhost:27096 mongodb://localhost:27097 mongodb://localhost:27098 mongodb://localhost:27099 mongodb://localhost:27100 mongodb://localhost:27101 mongodb://localhost:27102 mongodb://localhost:27103 mongodb://localhost:27104 mongodb://localhost:27105 mongodb://localhost:27106 mongodb://localhost:27107 mongodb://localhost:27108 mongodb://localhost:27109 mongodb://localhost:27110 mongodb://localhost:27111 mongodb://localhost:27112 mongodb://localhost:27113 mongodb://localhost:27114 mongodb://localhost:27115 mongodb://localhost:27116 mongodb://localhost:27117 mongodb://localhost:27118 mongodb://localhost:27119 mongodb://localhost:27120 mongodb://localhost:27121 mongodb://localhost:27122 mongodb://localhost:27123 mongodb://localhost:27124 mongodb://localhost:27125 mongodb://localhost:27126 mongodb://localhost:27127 mongodb://localhost:27128 mongodb://localhost:27129 mongodb://localhost:27130 mongodb://localhost:27131 mongodb://localhost:27132 mongodb://localhost:27133 mongodb://localhost:27134 mongodb://localhost:27135 mongodb://localhost:27136 mongodb://localhost:27137 mongodb://localhost:27138 mongodb://localhost:27139 mongodb://localhost:27140 mongodb://localhost:27141 mongodb://localhost:27142 mongodb://localhost:27143 mongodb://localhost:27144 reading workload files ...
load_filename : /mnt/nvme0/home/gxr/mongdb-run/workloads/ycsb/workloada-load-10000000-10000000.log.formated
read load file needs: 11889363676 s 
run_filename : /mnt/nvme0/home/gxr/mongdb-run/workloads/ycsb/workloada-run-10000000-10000000.log.formated
read run file needs: 12250154747 s 
num_of_load_ops is 10000000
num_of_run_ops is 10000000
0 1 2 3 4 5 6 7 8 9 10 11 12 13 14 15 128 129 130 131 132 133 134 135 136 137 138 139 140 141 142 143 16 17 18 19 20 21 22 23 24 25 26 27 28 29 30 31 144 145 146 147 148 149 150 151 152 153 154 155 156 157 158 159 32 33 34 35 36 37 38 39 40 41 42 43 44 45 46 47 160 161 162 163 164 165 166 167 168 169 170 171 172 173 174 175 48 49 50 51 52 53 54 55 56 57 58 59 60 61 62 63 176 177 178 179 180 181 182 183 184 185 186 187 188 189 190 191 URI: URI: URI: mongodb://localhost:27021mongodb://localhost:27040mongodb://localhost:27028

URI: URI: mongodb://localhost:27026mongodb://localhost:27035URI: URI: mongodb://localhost:27029
URI: mongodb://localhost:27031
URI: mongodb://localhost:27039
URI: mongodb://localhost:27041

URI: mongodb://localhost:27033
URI: mongodb://localhost:27043
URI: mongodb://localhost:27030
URI: mongodb://localhost:27037URI: URI: mongodb://localhost:27024

URI: mongodb://localhost:27023
URI: URI: mongodb://localhost:27017URI: URI: mongodb://localhost:27036
URI: mongodb://localhost:27038
mongodb://localhost:27027URI: 
mongodb://localhost:27042

URI: URI: mongodb://localhost:27044
mongodb://localhost:27018

URI: mongodb://localhost:27020mongodb://localhost:27019

mongodb://localhost:27025
URI: mongodb://localhost:27032

mongodb://localhost:27022
URI: mongodb://localhost:27046
URI: mongodb://localhost:27034
URI: mongodb://localhost:27047
URI: mongodb://localhost:27048
URI: mongodb://localhost:27050
URI: mongodb://localhost:27049
URI: mongodb://localhost:27051
URI: mongodb://localhost:27052
URI: mongodb://localhost:27045
URI: mongodb://localhost:27053
URI: mongodb://localhost:27054
URI: mongodb://localhost:27055
URI: mongodb://localhost:27057
URI: mongodb://localhost:27058
URI: mongodb://localhost:27056
URI: mongodb://localhost:27059
URI: mongodb://localhost:27060
URI: mongodb://localhost:27062
URI: mongodb://localhost:27063
URI: mongodb://localhost:27061
URI: mongodb://localhost:27065
URI: mongodb://localhost:27064
URI: mongodb://localhost:27066
URI: mongodb://localhost:27068
URI: mongodb://localhost:27067
URI: mongodb://localhost:27069
URI: mongodb://localhost:27071
URI: mongodb://localhost:27070
URI: mongodb://localhost:27072
URI: mongodb://localhost:27073
URI: mongodb://localhost:27075
URI: mongodb://localhost:27074
URI: mongodb://localhost:27077
URI: mongodb://localhost:27076
URI: mongodb://localhost:27078
URI: mongodb://localhost:27079
URI: mongodb://localhost:27080
Load workloads needs: 34260165139 ns 
[report] load_thread_ID : 26
[report] load_duration_ns : 34260165139
[report] load_duration_s : 34.260165
[report] load_throughput : 4560.690218
[report] load_average_latency_ns : 219265.056890
Load workloads needs: 34316963298 ns 
[report] load_thread_ID : 10
[report] load_duration_ns : 34316963298
[report] load_duration_s : 34.316963
[report] load_throughput : 4553.141799
[report] load_average_latency_ns : 219628.565107
Load workloads needs: 34323211177 ns 
[report] load_thread_ID : 9
[report] load_duration_ns : 34323211177
[report] load_duration_s : 34.323211
[report] load_throughput : 4552.312987
[report] load_average_latency_ns : 219668.551533
Load workloads needs: 34381299123 ns 
[report] load_thread_ID : 28
[report] load_duration_ns : 34381299123
[report] load_duration_s : 34.381299
[report] load_throughput : 4544.621756
[report] load_average_latency_ns : 220040.314387
Load workloads needs: 35035387446 ns 
[report] load_thread_ID : 25
[report] load_duration_ns : 35035387446
[report] load_duration_s : 35.035387
[report] load_throughput : 4459.776569
[report] load_average_latency_ns : 224226.479654
Load workloads needs: 35278890162 ns 
[report] load_thread_ID : 11
[report] load_duration_ns : 35278890162
[report] load_duration_s : 35.278890
[report] load_throughput : 4428.994203
[report] load_average_latency_ns : 225784.897037
Load workloads needs: 35625743992 ns 
[report] load_thread_ID : 27
[report] load_duration_ns : 35625743992
[report] load_duration_s : 35.625744
[report] load_throughput : 4385.873318
[report] load_average_latency_ns : 228004.761549
Load workloads needs: 36817227659 ns 
[report] load_thread_ID : 15
[report] load_duration_ns : 36817227659
[report] load_duration_s : 36.817228
[report] load_throughput : 4243.937144
[report] load_average_latency_ns : 235630.257018
Load workloads needs: 37113671567 ns 
[report] load_thread_ID : 8
[report] load_duration_ns : 37113671567
[report] load_duration_s : 37.113672
[report] load_throughput : 4210.038873
[report] load_average_latency_ns : 237527.498029
Load workloads needs: 37294344793 ns 
[report] load_thread_ID : 31
[report] load_duration_ns : 37294344793
[report] load_duration_s : 37.294345
[report] load_throughput : 4189.643252
[report] load_average_latency_ns : 238683.806675
Load workloads needs: 37413172646 ns 
[report] load_thread_ID : 14
[report] load_duration_ns : 37413172646
[report] load_duration_s : 37.413173
[report] load_throughput : 4176.336540
[report] load_average_latency_ns : 239444.304934
Load workloads needs: 37526583396 ns 
[report] load_thread_ID : 24
[report] load_duration_ns : 37526583396
[report] load_duration_s : 37.526583
[report] load_throughput : 4163.715048
[report] load_average_latency_ns : 240170.133734
Load workloads needs: 39064492202 ns 
[report] load_thread_ID : 17
[report] load_duration_ns : 39064492202
[report] load_duration_s : 39.064492
[report] load_throughput : 3999.796009
[report] load_average_latency_ns : 250012.750093
Load workloads needs: 39141820295 ns 
[report] load_thread_ID : 12
[report] load_duration_ns : 39141820295
[report] load_duration_s : 39.141820
[report] load_throughput : 3991.894062
[report] load_average_latency_ns : 250507.649888
Load workloads needs: 39177983053 ns 
[report] load_thread_ID : 29
[report] load_duration_ns : 39177983053
[report] load_duration_s : 39.177983
[report] load_throughput : 3988.209393
[report] load_average_latency_ns : 250739.091539
Load workloads needs: 39479892203 ns 
[report] load_thread_ID : 13
[report] load_duration_ns : 39479892203
[report] load_duration_s : 39.479892
[report] load_throughput : 3957.710908
[report] load_average_latency_ns : 252671.310099
Load workloads needs: 39694807284 ns 
[report] load_thread_ID : 32
[report] load_duration_ns : 39694807284
[report] load_duration_s : 39.694807
[report] load_throughput : 3936.283123
[report] load_average_latency_ns : 254046.766618
Load workloads needs: 39750450768 ns 
[report] load_thread_ID : 30
[report] load_duration_ns : 39750450768
[report] load_duration_s : 39.750451
[report] load_throughput : 3930.773035
[report] load_average_latency_ns : 254402.884915
Load workloads needs: 39911852248 ns 
[report] load_thread_ID : 34
[report] load_duration_ns : 39911852248
[report] load_duration_s : 39.911852
[report] load_throughput : 3914.877191
[report] load_average_latency_ns : 255435.854387
Load workloads needs: 39920737119 ns 
[report] load_thread_ID : 35
[report] load_duration_ns : 39920737119
[report] load_duration_s : 39.920737
[report] load_throughput : 3914.005885
[report] load_average_latency_ns : 255492.717562
Load workloads needs: 39989914388 ns 
[report] load_thread_ID : 54
[report] load_duration_ns : 39989914388
[report] load_duration_s : 39.989914
[report] load_throughput : 3907.235171
[report] load_average_latency_ns : 255935.452083
Load workloads needs: 40110355135 ns 
[report] load_thread_ID : 44
[report] load_duration_ns : 40110355135
[report] load_duration_s : 40.110355
[report] load_throughput : 3895.502782
[report] load_average_latency_ns : 256706.272864
Load workloads needs: 40210471919 ns 
[report] load_thread_ID : 53
[report] load_duration_ns : 40210471919
[report] load_duration_s : 40.210472
[report] load_throughput : 3885.803686
[report] load_average_latency_ns : 257347.020282
Load workloads needs: 40363193398 ns 
[report] load_thread_ID : 36
[report] load_duration_ns : 40363193398
[report] load_duration_s : 40.363193
[report] load_throughput : 3871.101041
[report] load_average_latency_ns : 258324.437747
Load workloads needs: 40701648766 ns 
[report] load_thread_ID : 6
[report] load_duration_ns : 40701648766
[report] load_duration_s : 40.701649
[report] load_throughput : 3838.910824
[report] load_average_latency_ns : 260490.552102
Load workloads needs: 40872005286 ns 
[report] load_thread_ID : 7
[report] load_duration_ns : 40872005286
[report] load_duration_s : 40.872005
[report] load_throughput : 3822.910056
[report] load_average_latency_ns : 261580.833830
Load workloads needs: 40955375117 ns 
[report] load_thread_ID : 18
[report] load_duration_ns : 40955375117
[report] load_duration_s : 40.955375
[report] load_throughput : 3815.128040
[report] load_average_latency_ns : 262114.400749
Load workloads needs: 41037886742 ns 
[report] load_thread_ID : 43
[report] load_duration_ns : 41037886742
[report] load_duration_s : 41.037887
[report] load_throughput : 3807.457265
[report] load_average_latency_ns : 262642.475149
Load workloads needs: 41226477081 ns 
[report] load_thread_ID : 52
[report] load_duration_ns : 41226477081
[report] load_duration_s : 41.226477
[report] load_throughput : 3790.040068
[report] load_average_latency_ns : 263849.453318
Load workloads needs: 41247655990 ns 
[report] load_thread_ID : 55
[report] load_duration_ns : 41247655990
[report] load_duration_s : 41.247656
[report] load_throughput : 3788.094044
[report] load_average_latency_ns : 263984.998336
Load workloads needs: 41346435529 ns 
[report] load_thread_ID : 45
[report] load_duration_ns : 41346435529
[report] load_duration_s : 41.346436
[report] load_throughput : 3779.044022
[report] load_average_latency_ns : 264617.187386
Load workloads needs: 41611381812 ns 
[report] load_thread_ID : 39
[report] load_duration_ns : 41611381812
[report] load_duration_s : 41.611382
[report] load_throughput : 3754.982248
[report] load_average_latency_ns : 266312.843597
Load workloads needs: 41613019837 ns 
[report] load_thread_ID : 16
[report] load_duration_ns : 41613019837
[report] load_duration_s : 41.613020
[report] load_throughput : 3754.834439
[report] load_average_latency_ns : 266323.326957
Load workloads needs: 41644153873 ns 
[report] load_thread_ID : 62
[report] load_duration_ns : 41644153873
[report] load_duration_s : 41.644154
[report] load_throughput : 3752.027247
[report] load_average_latency_ns : 266522.584787
Load workloads needs: 41819673426 ns 
[report] load_thread_ID : 5
[report] load_duration_ns : 41819673426
[report] load_duration_s : 41.819673
[report] load_throughput : 3736.279775
[report] load_average_latency_ns : 267645.909926
Load workloads needs: 41849507526 ns 
[report] load_thread_ID : 49
[report] load_duration_ns : 41849507526
[report] load_duration_s : 41.849508
[report] load_throughput : 3733.616218
[report] load_average_latency_ns : 267836.848166
Load workloads needs: 42056686682 ns 
[report] load_thread_ID : 33
[report] load_duration_ns : 42056686682
[report] load_duration_s : 42.056687
[report] load_throughput : 3715.223721
[report] load_average_latency_ns : 269162.794765
Load workloads needs: 42270391447 ns 
[report] load_thread_ID : 1
[report] load_duration_ns : 42270391447
[report] load_duration_s : 42.270391
[report] load_throughput : 3696.440810
[report] load_average_latency_ns : 270530.505261
Load workloads needs: 42502551751 ns 
[report] load_thread_ID : 41
[report] load_duration_ns : 42502551751
[report] load_duration_s : 42.502552
[report] load_throughput : 3676.249862
[report] load_average_latency_ns : 272016.331206
Load workloads needs: 42534643634 ns 
[report] load_thread_ID : 19
[report] load_duration_ns : 42534643634
[report] load_duration_s : 42.534644
[report] load_throughput : 3673.476175
[report] load_average_latency_ns : 272221.719258
Load workloads needs: 42837089382 ns 
[report] load_thread_ID : 4
[report] load_duration_ns : 42837089382
[report] load_duration_s : 42.837089
[report] load_throughput : 3647.540070
[report] load_average_latency_ns : 274157.372045
Load workloads needs: 42902625183 ns 
[report] load_thread_ID : 58
[report] load_duration_ns : 42902625183
[report] load_duration_s : 42.902625
[report] load_throughput : 3641.968279
[report] load_average_latency_ns : 274576.801171
Load workloads needs: 42907185767 ns 
[report] load_thread_ID : 61
[report] load_duration_ns : 42907185767
[report] load_duration_s : 42.907186
[report] load_throughput : 3641.581176
[report] load_average_latency_ns : 274605.988909
Load workloads needs: 43234530941 ns 
[report] load_thread_ID : 47
[report] load_duration_ns : 43234530941
[report] load_duration_s : 43.234531
[report] load_throughput : 3614.009372
[report] load_average_latency_ns : 276700.998022
Load workloads needs: 43311554443 ns 
[report] load_thread_ID : 40
[report] load_duration_ns : 43311554443
[report] load_duration_s : 43.311554
[report] load_throughput : 3607.582365
[report] load_average_latency_ns : 277193.948435
Load workloads needs: 43379200237 ns 
[report] load_thread_ID : 42
[report] load_duration_ns : 43379200237
[report] load_duration_s : 43.379200
[report] load_throughput : 3601.956678
[report] load_average_latency_ns : 277626.881517
Load workloads needs: 43389044765 ns 
[report] load_thread_ID : 50
[report] load_duration_ns : 43389044765
[report] load_duration_s : 43.389045
[report] load_throughput : 3601.139432
[report] load_average_latency_ns : 277689.886496
Load workloads needs: 43520293315 ns 
[report] load_thread_ID : 23
[report] load_duration_ns : 43520293315
[report] load_duration_s : 43.520293
[report] load_throughput : 3590.279111
[report] load_average_latency_ns : 278529.877216
Load workloads needs: 43591404397 ns 
[report] load_thread_ID : 63
[report] load_duration_ns : 43591404397
[report] load_duration_s : 43.591404
[report] load_throughput : 3584.422254
[report] load_average_latency_ns : 278984.988141
Load workloads needs: 43625847002 ns 
[report] load_thread_ID : 59
[report] load_duration_ns : 43625847002
[report] load_duration_s : 43.625847
[report] load_throughput : 3581.592353
[report] load_average_latency_ns : 279205.420813
Load workloads needs: 44419460355 ns 
[report] load_thread_ID : 0
[report] load_duration_ns : 44419460355
[report] load_duration_s : 44.419460
[report] load_throughput : 3517.602392
[report] load_average_latency_ns : 284284.546272
Load workloads needs: 44591249600 ns 
[report] load_thread_ID : 22
[report] load_duration_ns : 44591249600
[report] load_duration_s : 44.591250
[report] load_throughput : 3504.050714
[report] load_average_latency_ns : 285383.997440
Load workloads needs: 44682700125 ns 
[report] load_thread_ID : 51
[report] load_duration_ns : 44682700125
[report] load_duration_s : 44.682700
[report] load_throughput : 3496.879096
[report] load_average_latency_ns : 285969.280800
Load workloads needs: 44881280960 ns 
[report] load_thread_ID : 38
[report] load_duration_ns : 44881280960
[report] load_duration_s : 44.881281
[report] load_throughput : 3481.406873
[report] load_average_latency_ns : 287240.198144
Load workloads needs: 44917076850 ns 
[report] load_thread_ID : 37
[report] load_duration_ns : 44917076850
[report] load_duration_s : 44.917077
[report] load_throughput : 3478.632426
[report] load_average_latency_ns : 287469.291840
Load workloads needs: 45252177909 ns 
[report] load_thread_ID : 48
[report] load_duration_ns : 45252177909
[report] load_duration_s : 45.252178
[report] load_throughput : 3452.872485
[report] load_average_latency_ns : 289613.938618
Load workloads needs: 45315069618 ns 
[report] load_thread_ID : 2
[report] load_duration_ns : 45315069618
[report] load_duration_s : 45.315070
[report] load_throughput : 3448.080326
[report] load_average_latency_ns : 290016.445555
Load workloads needs: 45315760696 ns 
[report] load_thread_ID : 60
[report] load_duration_ns : 45315760696
[report] load_duration_s : 45.315761
[report] load_throughput : 3448.027741
[report] load_average_latency_ns : 290020.868454
Load workloads needs: 45501014436 ns 
[report] load_thread_ID : 56
[report] load_duration_ns : 45501014436
[report] load_duration_s : 45.501014
[report] load_throughput : 3433.989372
[report] load_average_latency_ns : 291206.492390
Load workloads needs: 45587168037 ns 
[report] load_thread_ID : 46
[report] load_duration_ns : 45587168037
[report] load_duration_s : 45.587168
[report] load_throughput : 3427.499595
[report] load_average_latency_ns : 291757.875437
Load workloads needs: 45841458066 ns 
[report] load_thread_ID : 57
[report] load_duration_ns : 45841458066
[report] load_duration_s : 45.841458
[report] load_throughput : 3408.486697
[report] load_average_latency_ns : 293385.331622
Load workloads needs: 45927108890 ns 
[report] load_thread_ID : 3
[report] load_duration_ns : 45927108890
[report] load_duration_s : 45.927109
[report] load_throughput : 3402.130110
[report] load_average_latency_ns : 293933.496896
Load workloads needs: 46074341646 ns 
[report] load_thread_ID : 21
[report] load_duration_ns : 46074341646
[report] load_duration_s : 46.074342
[report] load_throughput : 3391.258441
[report] load_average_latency_ns : 294875.786534
Load workloads needs: 46098765235 ns 
[report] load_thread_ID : 20
[report] load_duration_ns : 46098765235
[report] load_duration_s : 46.098765
[report] load_throughput : 3389.461718
[report] load_average_latency_ns : 295032.097504
All clients run done needs: 46091817149 ns 
[report] load_overall_duration_ns : 46091817149
[report] load_overall_duration_s : 46.091817
[report] load_overall_throughput : 216958.250261
[report] load_overall_average_latency_ns : 4609.181715
