numactl --membind=4 /mnt/nvme0/home/gxr/mongdb-run/test_mongodb/build//run_client --num_threads=10 --core_binding=0,1,2,3,4,5,6,7,8,9,10,11,12,13,14,15,128,129,130,131,132,133,134,135,136,137,138,139,140,141,142,143 --str_key_size=16 --str_key_size=256 --load_file=/mnt/nvme0/home/gxr/mongdb-run/workloads/ycsb/workloada-load-5000000-5000000.log.formated --run_file=/mnt/nvme0/home/gxr/mongdb-run/workloads/ycsb/workloada-run-5000000-5000000.log.formated --URI_set=mongodb://localhost:27017,mongodb://localhost:27018,mongodb://localhost:27019,mongodb://localhost:27020,mongodb://localhost:27021,mongodb://localhost:27022,mongodb://localhost:27023,mongodb://localhost:27024,mongodb://localhost:27025,mongodb://localhost:27026,mongodb://localhost:27027,mongodb://localhost:27028,mongodb://localhost:27029,mongodb://localhost:27030,mongodb://localhost:27031,mongodb://localhost:27032,mongodb://localhost:27033,mongodb://localhost:27034,mongodb://localhost:27035,mongodb://localhost:27036,mongodb://localhost:27037,mongodb://localhost:27038,mongodb://localhost:27039,mongodb://localhost:27040,mongodb://localhost:27041,mongodb://localhost:27042,mongodb://localhost:27043,mongodb://localhost:27044,mongodb://localhost:27045,mongodb://localhost:27046 --first_mode=true
mongodb://localhost:27017 mongodb://localhost:27018 mongodb://localhost:27019 mongodb://localhost:27020 mongodb://localhost:27021 mongodb://localhost:27022 mongodb://localhost:27023 mongodb://localhost:27024 mongodb://localhost:27025 mongodb://localhost:27026 mongodb://localhost:27027 mongodb://localhost:27028 mongodb://localhost:27029 mongodb://localhost:27030 mongodb://localhost:27031 mongodb://localhost:27032 mongodb://localhost:27033 mongodb://localhost:27034 mongodb://localhost:27035 mongodb://localhost:27036 mongodb://localhost:27037 mongodb://localhost:27038 mongodb://localhost:27039 mongodb://localhost:27040 mongodb://localhost:27041 mongodb://localhost:27042 mongodb://localhost:27043 mongodb://localhost:27044 mongodb://localhost:27045 mongodb://localhost:27046 reading workload files ...
load_filename : /mnt/nvme0/home/gxr/mongdb-run/workloads/ycsb/workloada-load-5000000-5000000.log.formated
read load file needs: 2445485529 s 
run_filename : /mnt/nvme0/home/gxr/mongdb-run/workloads/ycsb/workloada-run-5000000-5000000.log.formated
read run file needs: 2503525465 s 
num_of_load_ops is 5000000
num_of_run_ops is 5000000
0 1 2 3 4 5 6 7 8 9 10 11 12 13 14 15 128 129 130 131 132 133 134 135 136 137 138 139 140 141 142 143 URI: URI: mongodb://localhost:27017
URI: mongodb://localhost:27017
mongodb://localhost:27017
URI: mongodb://localhost:27017
URI: mongodb://localhost:27017
URI: mongodb://localhost:27017
URI: mongodb://localhost:27017URI: mongodb://localhost:27017
URI: mongodb://localhost:27017

URI: mongodb://localhost:27017
Load workloads needs: 75392169571 ns 
[report] load_thread_ID : 9
[report] load_duration_ns : 75392169571
[report] load_duration_s : 75.392170
[report] load_throughput : 6631.988479
[report] load_average_latency_ns : 150784.339142
Load workloads needs: 76575319372 ns 
[report] load_thread_ID : 1
[report] load_duration_ns : 76575319372
[report] load_duration_s : 76.575319
[report] load_throughput : 6529.518964
[report] load_average_latency_ns : 153150.638744
Load workloads needs: 76720631156 ns 
[report] load_thread_ID : 8
[report] load_duration_ns : 76720631156
[report] load_duration_s : 76.720631
[report] load_throughput : 6517.151807
[report] load_average_latency_ns : 153441.262312
Load workloads needs: 77568785035 ns 
[report] load_thread_ID : 6
[report] load_duration_ns : 77568785035
[report] load_duration_s : 77.568785
[report] load_throughput : 6445.891859
[report] load_average_latency_ns : 155137.570070
Load workloads needs: 78542556827 ns 
[report] load_thread_ID : 7
[report] load_duration_ns : 78542556827
[report] load_duration_s : 78.542557
[report] load_throughput : 6365.975596
[report] load_average_latency_ns : 157085.113654
Load workloads needs: 79499130755 ns 
[report] load_thread_ID : 5
[report] load_duration_ns : 79499130755
[report] load_duration_s : 79.499131
[report] load_throughput : 6289.376944
[report] load_average_latency_ns : 158998.261510
Load workloads needs: 79766187367 ns 
[report] load_thread_ID : 2
[report] load_duration_ns : 79766187367
[report] load_duration_s : 79.766187
[report] load_throughput : 6268.320156
[report] load_average_latency_ns : 159532.374734
Load workloads needs: 83200699434 ns 
[report] load_thread_ID : 4
[report] load_duration_ns : 83200699434
[report] load_duration_s : 83.200699
[report] load_throughput : 6009.564864
[report] load_average_latency_ns : 166401.398868
Load workloads needs: 83842762595 ns 
[report] load_thread_ID : 3
[report] load_duration_ns : 83842762595
[report] load_duration_s : 83.842763
[report] load_throughput : 5963.543954
[report] load_average_latency_ns : 167685.525190
Load workloads needs: 84582822080 ns 
[report] load_thread_ID : 0
[report] load_duration_ns : 84582822080
[report] load_duration_s : 84.582822
[report] load_throughput : 5911.365780
[report] load_average_latency_ns : 169165.644160
All clients run done needs: 84583270139 ns 
[report] load_overall_duration_ns : 84583270139
[report] load_overall_duration_s : 84.583270
[report] load_overall_throughput : 59113.344658
[report] load_overall_average_latency_ns : 16916.654028
