numactl --membind=2 /mnt/nvme0/home/gxr/mongdb-run/test_mongodb/build//run_client --num_threads=12 --core_binding=0,1,2,3,4,5,6,7,8,9,10,11,12,13,14,15,128,129,130,131,132,133,134,135,136,137,138,139,140,141,142,143 --str_key_size=16 --str_key_size=1024 --load_file=/home/gxr/mongodb-run/workloads/ycsb/workloada-load-10000000-10000000.log.formated --run_file=/home/gxr/mongodb-run/workloads/ycsb/workloada-run-10000000-10000000.log.formated --URI_set=mongodb://localhost:27017,mongodb://localhost:27018,mongodb://localhost:27019,mongodb://localhost:27020,mongodb://localhost:27021,mongodb://localhost:27022,mongodb://localhost:27023,mongodb://localhost:27024,mongodb://localhost:27025,mongodb://localhost:27026,mongodb://localhost:27027,mongodb://localhost:27028,mongodb://localhost:27029,mongodb://localhost:27030,mongodb://localhost:27031,mongodb://localhost:27032,mongodb://localhost:27033,mongodb://localhost:27034,mongodb://localhost:27035,mongodb://localhost:27036,mongodb://localhost:27037,mongodb://localhost:27038,mongodb://localhost:27039,mongodb://localhost:27040,mongodb://localhost:27041,mongodb://localhost:27042,mongodb://localhost:27043,mongodb://localhost:27044,mongodb://localhost:27045,mongodb://localhost:27046 --first_mode=true
mongodb://localhost:27017 mongodb://localhost:27018 mongodb://localhost:27019 mongodb://localhost:27020 mongodb://localhost:27021 mongodb://localhost:27022 mongodb://localhost:27023 mongodb://localhost:27024 mongodb://localhost:27025 mongodb://localhost:27026 mongodb://localhost:27027 mongodb://localhost:27028 mongodb://localhost:27029 mongodb://localhost:27030 mongodb://localhost:27031 mongodb://localhost:27032 mongodb://localhost:27033 mongodb://localhost:27034 mongodb://localhost:27035 mongodb://localhost:27036 mongodb://localhost:27037 mongodb://localhost:27038 mongodb://localhost:27039 mongodb://localhost:27040 mongodb://localhost:27041 mongodb://localhost:27042 mongodb://localhost:27043 mongodb://localhost:27044 mongodb://localhost:27045 mongodb://localhost:27046 reading workload files ...
load_filename : /home/gxr/mongodb-run/workloads/ycsb/workloada-load-10000000-10000000.log.formated
read load file needs: 11320 s 
run_filename : /home/gxr/mongodb-run/workloads/ycsb/workloada-run-10000000-10000000.log.formated
read run file needs: 1580 s 
num_of_load_ops is 0
num_of_run_ops is 0
0 1 2 3 4 5 6 7 8 9 10 11 12 13 14 15 128 129 130 131 132 133 134 135 136 137 138 139 140 141 142 143 URI: mongodb://localhost:27017
URI: mongodb://localhost:27017
URI: mongodb://localhost:27017
URI: URI: URI: mongodb://localhost:27017URI: mongodb://localhost:27017mongodb://localhost:27017

URI: mongodb://localhost:27017URI: URI: mongodb://localhost:27017

URI: mongodb://localhost:27017

mongodb://localhost:27017
mongodb://localhost:27017
URI: mongodb://localhost:27017
Load workloads needs: Load workloads needs: Load workloads needs: 3050 ns 70Load workloads needs:  ns 40Load workloads needs: Load workloads needs:  ns 40 ns 


[report] load_thread_IDLoad workloads needs: Load workloads needs:  ns 40 ns 

[report] load_thread_ID : 5
Load workloads needs: 
[report] [report] load_thread_ID : Load workloads needs: 3050 ns 
[report] load_thread_ID : 470Load workloads needs: 70[report]  ns load_thread_ID :  ns 9[report] 
70 ns  ns load_


load_[report] load_duration_ns : 40
 : 2
[report] load_duration_ns3[report] 
load_
duration_ns[report] thread_ID
 : 30 : thread_ID[report]  : load_40[report] thread_IDload_ : [report] [report] 110[report] load_thread_ID : 8
[report] load_thread_IDduration_nsload_load_


[report] load_load_ : [report] 1[report] 
load_duration_s[report] load_ : duration_ns0.000000duration_ns : load_50
duration_s :  : 
70[report] 
duration_sduration_ns : 0.000000 : [report] load_[report] load_duration_ns : 40load_
 :  : 0.000000

7
[report] load_duration_ns : duration_s70 : 
duration_ns50 : [report] thread_ID30
0.000000
[report] load_[report] [report] [report] load_70load_throughputload_
throughput : 
load_duration_sduration_s :  : 0.000000 : 100.000000
[report] 
load_[report] [report] 
[report] throughput[report] duration_s :  : load_load_[report] [report] load_load_throughputload_ : 0.000000
0.000000
load_
duration_s : duration_ns0.0000000.000000
throughput :  : [report] 70[report] load_throughput0.000000[report] 

 : 0.000000load_
throughput
[report] duration_s[report] load_average_latency_ns : inf : load_0.000000
average_latency_ns[report]  : duration_sload_0.000000average_latency_ns : 0.000000

 : inf

load_inf
[report] load_duration_s : 0.000000
[report] load_throughput : 0.000000
[report] load_average_latency_ns : inf
 : [report] load_[report] average_latency_nsload_average_latency_ns : 0.000000[report]  :  : 0.000000inf[report] average_latency_nsinf


load_throughput : load_inf
 : [report] load_throughput : 0.000000

0.000000
average_latency_ns[report] load_average_latency_ns : inf
[report] load_throughput : 0.000000
 : [report] load_average_latency_ns : inf
inf
[report] load_average_latency_ns : inf
Load workloads needs: 40 ns 
[report] load_thread_ID : 6
[report] load_duration_ns : 40
[report] load_duration_s : 0.000000
[report] load_throughput : 0.000000
[report] load_average_latency_ns : inf
All clients run done needs: 1820941 ns 
[report] load_overall_duration_ns : 1820941
[report] load_overall_duration_s : 0.001821
[report] load_overall_throughput : 0.000000
[report] load_overall_average_latency_ns : inf
