numactl --membind=4 /mnt/nvme0/home/gxr/mongdb-run/test_mongodb/build//run_client --num_threads=30 --core_binding=0,1,2,3,4,5,6,7,8,9,10,11,12,13,14,15,128,129,130,131,132,133,134,135,136,137,138,139,140,141,142,143 --str_key_size=16 --str_key_size=256 --load_file=/mnt/nvme0/home/gxr/mongdb-run/workloads/ycsb/workloada-load-10000000-10000000.log.formated --run_file=/mnt/nvme0/home/gxr/mongdb-run/workloads/ycsb/workloada-run-10000000-10000000.log.formated --URI_set=mongodb://localhost:27017,mongodb://localhost:27018,mongodb://localhost:27019,mongodb://localhost:27020,mongodb://localhost:27021,mongodb://localhost:27022,mongodb://localhost:27023,mongodb://localhost:27024,mongodb://localhost:27025,mongodb://localhost:27026,mongodb://localhost:27027,mongodb://localhost:27028,mongodb://localhost:27029,mongodb://localhost:27030,mongodb://localhost:27031,mongodb://localhost:27032,mongodb://localhost:27033,mongodb://localhost:27034,mongodb://localhost:27035,mongodb://localhost:27036,mongodb://localhost:27037,mongodb://localhost:27038,mongodb://localhost:27039,mongodb://localhost:27040,mongodb://localhost:27041,mongodb://localhost:27042,mongodb://localhost:27043,mongodb://localhost:27044,mongodb://localhost:27045,mongodb://localhost:27046 --first_mode=true
mongodb://localhost:27017 mongodb://localhost:27018 mongodb://localhost:27019 mongodb://localhost:27020 mongodb://localhost:27021 mongodb://localhost:27022 mongodb://localhost:27023 mongodb://localhost:27024 mongodb://localhost:27025 mongodb://localhost:27026 mongodb://localhost:27027 mongodb://localhost:27028 mongodb://localhost:27029 mongodb://localhost:27030 mongodb://localhost:27031 mongodb://localhost:27032 mongodb://localhost:27033 mongodb://localhost:27034 mongodb://localhost:27035 mongodb://localhost:27036 mongodb://localhost:27037 mongodb://localhost:27038 mongodb://localhost:27039 mongodb://localhost:27040 mongodb://localhost:27041 mongodb://localhost:27042 mongodb://localhost:27043 mongodb://localhost:27044 mongodb://localhost:27045 mongodb://localhost:27046 reading workload files ...
load_filename : /mnt/nvme0/home/gxr/mongdb-run/workloads/ycsb/workloada-load-10000000-10000000.log.formated
read load file needs: 4967001234 s 
run_filename : /mnt/nvme0/home/gxr/mongdb-run/workloads/ycsb/workloada-run-10000000-10000000.log.formated
read run file needs: 5085878484 s 
num_of_load_ops is 10000000
num_of_run_ops is 10000000
0 1 2 3 4 5 6 7 8 9 10 11 12 13 14 15 128 129 130 131 132 133 134 135 136 137 138 139 140 141 142 143 URI: URI: mongodb://localhost:27017
URI: mongodb://localhost:27017
mongodb://localhost:27017
URI: mongodb://localhost:27017
URI: mongodb://localhost:27017
URI: mongodb://localhost:27017
URI: mongodb://localhost:27017
URI: mongodb://localhost:27017
URI: mongodb://localhost:27017
URI: mongodb://localhost:27017
URI: mongodb://localhost:27017
URI: mongodb://localhost:27017
URI: mongodb://localhost:27017
URI: URI: mongodb://localhost:27017
URI: mongodb://localhost:27017
URI: mongodb://localhost:27017
mongodb://localhost:27017
URI: mongodb://localhost:27017
URI: mongodb://localhost:27017
URI: mongodb://localhost:27017
URI: mongodb://localhost:27017
URI: mongodb://localhost:27017
URI: mongodb://localhost:27017
URI: mongodb://localhost:27017
URI: mongodb://localhost:27017
URI: mongodb://localhost:27017
URI: mongodb://localhost:27017
URI: mongodb://localhost:27017
URI: mongodb://localhost:27017
URI: mongodb://localhost:27017
Load workloads needs: 63990739496 ns 
[report] load_thread_ID : 15
[report] load_duration_ns : 63990739496
[report] load_duration_s : 63.990739
[report] load_throughput : 5209.081855
[report] load_average_latency_ns : 191972.410460
Load workloads needs: 66610963509 ns 
[report] load_thread_ID : 14
[report] load_duration_ns : 66610963509
[report] load_duration_s : 66.610964
[report] load_throughput : 5004.176226
[report] load_average_latency_ns : 199833.090360
Load workloads needs: 73236870953 ns 
[report] load_thread_ID : 13
[report] load_duration_ns : 73236870953
[report] load_duration_s : 73.236871
[report] load_throughput : 4551.436942
[report] load_average_latency_ns : 219710.832570
Load workloads needs: 73266886500 ns 
[report] load_thread_ID : 12
[report] load_duration_ns : 73266886500
[report] load_duration_s : 73.266886
[report] load_throughput : 4549.572336
[report] load_average_latency_ns : 219800.879301
Load workloads needs: 73738252569 ns 
[report] load_thread_ID : 29
[report] load_duration_ns : 73738252569
[report] load_duration_s : 73.738253
[report] load_throughput : 4520.489548
[report] load_average_latency_ns : 221214.978922
Load workloads needs: 73916808095 ns 
[report] load_thread_ID : 26
[report] load_duration_ns : 73916808095
[report] load_duration_s : 73.916808
[report] load_throughput : 4509.569726
[report] load_average_latency_ns : 221750.646036
Load workloads needs: 73979867255 ns 
[report] load_thread_ID : 27
[report] load_duration_ns : 73979867255
[report] load_duration_s : 73.979867
[report] load_throughput : 4505.725846
[report] load_average_latency_ns : 221939.823705
Load workloads needs: 74014467417 ns 
[report] load_thread_ID : 24
[report] load_duration_ns : 74014467417
[report] load_duration_s : 74.014467
[report] load_throughput : 4503.619517
[report] load_average_latency_ns : 222043.624295
Load workloads needs: 74291181483 ns 
[report] load_thread_ID : 9
[report] load_duration_ns : 74291181483
[report] load_duration_s : 74.291181
[report] load_throughput : 4486.844782
[report] load_average_latency_ns : 222873.767323
Load workloads needs: 74662457162 ns 
[report] load_thread_ID : 28
[report] load_duration_ns : 74662457162
[report] load_duration_s : 74.662457
[report] load_throughput : 4464.532948
[report] load_average_latency_ns : 223987.595474
Load workloads needs: 74679079670 ns 
[report] load_thread_ID : 10
[report] load_duration_ns : 74679079670
[report] load_duration_s : 74.679080
[report] load_throughput : 4463.539206
[report] load_average_latency_ns : 224037.463047
Load workloads needs: 74898277837 ns 
[report] load_thread_ID : 25
[report] load_duration_ns : 74898277837
[report] load_duration_s : 74.898278
[report] load_throughput : 4450.476161
[report] load_average_latency_ns : 224695.058206
Load workloads needs: 74925479828 ns 
[report] load_thread_ID : 22
[report] load_duration_ns : 74925479828
[report] load_duration_s : 74.925480
[report] load_throughput : 4448.860398
[report] load_average_latency_ns : 224776.664261
Load workloads needs: 74965829801 ns 
[report] load_thread_ID : 16
[report] load_duration_ns : 74965829801
[report] load_duration_s : 74.965830
[report] load_throughput : 4446.465822
[report] load_average_latency_ns : 224897.714301
Load workloads needs: 75010639517 ns 
[report] load_thread_ID : 11
[report] load_duration_ns : 75010639517
[report] load_duration_s : 75.010640
[report] load_throughput : 4443.809600
[report] load_average_latency_ns : 225032.143583
Load workloads needs: 75022275661 ns 
[report] load_thread_ID : 17
[report] load_duration_ns : 75022275661
[report] load_duration_s : 75.022276
[report] load_throughput : 4443.120354
[report] load_average_latency_ns : 225067.052050
Load workloads needs: 75189852692 ns 
[report] load_thread_ID : 8
[report] load_duration_ns : 75189852692
[report] load_duration_s : 75.189853
[report] load_throughput : 4433.217889
[report] load_average_latency_ns : 225569.783646
Load workloads needs: 75358173131 ns 
[report] load_thread_ID : 7
[report] load_duration_ns : 75358173131
[report] load_duration_s : 75.358173
[report] load_throughput : 4423.315828
[report] load_average_latency_ns : 226074.745468
Load workloads needs: 75368125706 ns 
[report] load_thread_ID : 21
[report] load_duration_ns : 75368125706
[report] load_duration_s : 75.368126
[report] load_throughput : 4422.731717
[report] load_average_latency_ns : 226104.603223
Load workloads needs: 75450457709 ns 
[report] load_thread_ID : 6
[report] load_duration_ns : 75450457709
[report] load_duration_s : 75.450458
[report] load_throughput : 4417.905605
[report] load_average_latency_ns : 226351.599479
Load workloads needs: 75481940574 ns 
[report] load_thread_ID : 18
[report] load_duration_ns : 75481940574
[report] load_duration_s : 75.481941
[report] load_throughput : 4416.062935
[report] load_average_latency_ns : 226446.048168
Load workloads needs: 75553943512 ns 
[report] load_thread_ID : 5
[report] load_duration_ns : 75553943512
[report] load_duration_s : 75.553944
[report] load_throughput : 4411.854425
[report] load_average_latency_ns : 226662.057198
Load workloads needs: 75561273160 ns 
[report] load_thread_ID : 23
[report] load_duration_ns : 75561273160
[report] load_duration_s : 75.561273
[report] load_throughput : 4411.426463
[report] load_average_latency_ns : 226684.046164
Load workloads needs: 75645475381 ns 
[report] load_thread_ID : 2
[report] load_duration_ns : 75645475381
[report] load_duration_s : 75.645475
[report] load_throughput : 4406.516032
[report] load_average_latency_ns : 226936.653080
Load workloads needs: 75649976144 ns 
[report] load_thread_ID : 20
[report] load_duration_ns : 75649976144
[report] load_duration_s : 75.649976
[report] load_throughput : 4406.253868
[report] load_average_latency_ns : 226950.155382
Load workloads needs: 75659454771 ns 
[report] load_thread_ID : 1
[report] load_duration_ns : 75659454771
[report] load_duration_s : 75.659455
[report] load_throughput : 4405.701852
[report] load_average_latency_ns : 226978.591292
Load workloads needs: 75813850660 ns 
[report] load_thread_ID : 19
[report] load_duration_ns : 75813850660
[report] load_duration_s : 75.813851
[report] load_throughput : 4396.729583
[report] load_average_latency_ns : 227441.779422
Load workloads needs: 75916025274 ns 
[report] load_thread_ID : 0
[report] load_duration_ns : 75916025274
[report] load_duration_s : 75.916025
[report] load_throughput : 4390.812069
[report] load_average_latency_ns : 227748.303570
Load workloads needs: 75953366681 ns 
[report] load_thread_ID : 4
[report] load_duration_ns : 75953366681
[report] load_duration_s : 75.953367
[report] load_throughput : 4388.653388
[report] load_average_latency_ns : 227860.327903
Load workloads needs: 76102497318 ns 
[report] load_thread_ID : 3
[report] load_duration_ns : 76102497318
[report] load_duration_s : 76.102497
[report] load_throughput : 4380.053372
[report] load_average_latency_ns : 228307.720262
All clients run done needs: 76100988619 ns 
[report] load_overall_duration_ns : 76100988619
[report] load_overall_duration_s : 76.100989
[report] load_overall_throughput : 131404.337598
[report] load_overall_average_latency_ns : 7610.098862
