numactl --membind=4 /mnt/nvme0/home/gxr/mongdb-run/test_mongodb/build//run_client --num_threads=30 --core_binding=0,1,2,3,4,5,6,7,8,9,10,11,12,13,14,15,128,129,130,131,132,133,134,135,136,137,138,139,140,141,142,143 --str_key_size=16 --str_key_size=64 --load_file=/mnt/nvme0/home/gxr/mongdb-run/workloads/ycsb/workloada-load-10000000-10000000.log.formated --run_file=/mnt/nvme0/home/gxr/mongdb-run/workloads/ycsb/workloada-run-10000000-10000000.log.formated --URI_set=mongodb://localhost:27017,mongodb://localhost:27018,mongodb://localhost:27019,mongodb://localhost:27020,mongodb://localhost:27021,mongodb://localhost:27022,mongodb://localhost:27023,mongodb://localhost:27024,mongodb://localhost:27025,mongodb://localhost:27026,mongodb://localhost:27027,mongodb://localhost:27028,mongodb://localhost:27029,mongodb://localhost:27030,mongodb://localhost:27031,mongodb://localhost:27032,mongodb://localhost:27033,mongodb://localhost:27034,mongodb://localhost:27035,mongodb://localhost:27036,mongodb://localhost:27037,mongodb://localhost:27038,mongodb://localhost:27039,mongodb://localhost:27040,mongodb://localhost:27041,mongodb://localhost:27042,mongodb://localhost:27043,mongodb://localhost:27044,mongodb://localhost:27045,mongodb://localhost:27046 --first_mode=true
mongodb://localhost:27017 mongodb://localhost:27018 mongodb://localhost:27019 mongodb://localhost:27020 mongodb://localhost:27021 mongodb://localhost:27022 mongodb://localhost:27023 mongodb://localhost:27024 mongodb://localhost:27025 mongodb://localhost:27026 mongodb://localhost:27027 mongodb://localhost:27028 mongodb://localhost:27029 mongodb://localhost:27030 mongodb://localhost:27031 mongodb://localhost:27032 mongodb://localhost:27033 mongodb://localhost:27034 mongodb://localhost:27035 mongodb://localhost:27036 mongodb://localhost:27037 mongodb://localhost:27038 mongodb://localhost:27039 mongodb://localhost:27040 mongodb://localhost:27041 mongodb://localhost:27042 mongodb://localhost:27043 mongodb://localhost:27044 mongodb://localhost:27045 mongodb://localhost:27046 reading workload files ...
load_filename : /mnt/nvme0/home/gxr/mongdb-run/workloads/ycsb/workloada-load-10000000-10000000.log.formated
read load file needs: 5040328005 s 
run_filename : /mnt/nvme0/home/gxr/mongdb-run/workloads/ycsb/workloada-run-10000000-10000000.log.formated
read run file needs: 5046351216 s 
num_of_load_ops is 10000000
num_of_run_ops is 10000000
0 1 2 3 4 5 6 7 8 9 10 11 12 13 14 15 128 129 130 131 132 133 134 135 136 137 138 139 140 141 142 143 URI: URI: mongodb://localhost:27017
URI: mongodb://localhost:27017
URI: mongodb://localhost:27017
URI: mongodb://localhost:27017
URI: mongodb://localhost:27017
mongodb://localhost:27017
URI: mongodb://localhost:27017
URI: mongodb://localhost:27017
URI: mongodb://localhost:27017
URI: mongodb://localhost:27017
URI: mongodb://localhost:27017URI: mongodb://localhost:27017
URI: mongodb://localhost:27017
URI: mongodb://localhost:27017
URI: mongodb://localhost:27017
URI: mongodb://localhost:27017
URI: URI: URI: mongodb://localhost:27017
URI: URI: mongodb://localhost:27017
mongodb://localhost:27017URI: mongodb://localhost:27017mongodb://localhost:27017
mongodb://localhost:27017


URI: mongodb://localhost:27017

URI: mongodb://localhost:27017
URI: mongodb://localhost:27017
URI: mongodb://localhost:27017
URI: mongodb://localhost:27017
URI: mongodb://localhost:27017
URI: mongodb://localhost:27017
URI: mongodb://localhost:27017
Load workloads needs: 70293804729 ns 
[report] load_thread_ID : 15
[report] load_duration_ns : 70293804729
[report] load_duration_s : 70.293805
[report] load_throughput : 4741.996841
[report] load_average_latency_ns : 210881.625069
Load workloads needs: 71947419068 ns 
[report] load_thread_ID : 14
[report] load_duration_ns : 71947419068
[report] load_duration_s : 71.947419
[report] load_throughput : 4633.008443
[report] load_average_latency_ns : 215842.473046
Load workloads needs: 75173379869 ns 
[report] load_thread_ID : 26
[report] load_duration_ns : 75173379869
[report] load_duration_s : 75.173380
[report] load_throughput : 4434.189344
[report] load_average_latency_ns : 225520.365127
Load workloads needs: 75303774732 ns 
[report] load_thread_ID : 24
[report] load_duration_ns : 75303774732
[report] load_duration_s : 75.303775
[report] load_throughput : 4426.511170
[report] load_average_latency_ns : 225911.550108
Load workloads needs: 75529954513 ns 
[report] load_thread_ID : 25
[report] load_duration_ns : 75529954513
[report] load_duration_s : 75.529955
[report] load_throughput : 4413.255670
[report] load_average_latency_ns : 226590.090129
Load workloads needs: 75561644399 ns 
[report] load_thread_ID : 28
[report] load_duration_ns : 75561644399
[report] load_duration_s : 75.561644
[report] load_throughput : 4411.404789
[report] load_average_latency_ns : 226685.159882
Load workloads needs: 76249241510 ns 
[report] load_thread_ID : 12
[report] load_duration_ns : 76249241510
[report] load_duration_s : 76.249242
[report] load_throughput : 4371.623814
[report] load_average_latency_ns : 228747.953278
Load workloads needs: 76472600524 ns 
[report] load_thread_ID : 27
[report] load_duration_ns : 76472600524
[report] load_duration_s : 76.472601
[report] load_throughput : 4358.855299
[report] load_average_latency_ns : 229418.030990
Load workloads needs: 76643156542 ns 
[report] load_thread_ID : 9
[report] load_duration_ns : 76643156542
[report] load_duration_s : 76.643157
[report] load_throughput : 4349.155424
[report] load_average_latency_ns : 229929.699556
Load workloads needs: 76747967941 ns 
[report] load_thread_ID : 8
[report] load_duration_ns : 76747967941
[report] load_duration_s : 76.747968
[report] load_throughput : 4343.215970
[report] load_average_latency_ns : 230244.134067
Load workloads needs: 76824837059 ns 
[report] load_thread_ID : 13
[report] load_duration_ns : 76824837059
[report] load_duration_s : 76.824837
[report] load_throughput : 4338.870250
[report] load_average_latency_ns : 230474.741652
Load workloads needs: 77017238665 ns 
[report] load_thread_ID : 23
[report] load_duration_ns : 77017238665
[report] load_duration_s : 77.017239
[report] load_throughput : 4328.031046
[report] load_average_latency_ns : 231051.947047
Load workloads needs: 77031298179 ns 
[report] load_thread_ID : 10
[report] load_duration_ns : 77031298179
[report] load_duration_s : 77.031298
[report] load_throughput : 4327.241107
[report] load_average_latency_ns : 231094.125631
Load workloads needs: 77213633195 ns 
[report] load_thread_ID : 11
[report] load_duration_ns : 77213633195
[report] load_duration_s : 77.213633
[report] load_throughput : 4317.022606
[report] load_average_latency_ns : 231641.131226
Load workloads needs: 77439516615 ns 
[report] load_thread_ID : 16
[report] load_duration_ns : 77439516615
[report] load_duration_s : 77.439517
[report] load_throughput : 4304.430278
[report] load_average_latency_ns : 232318.782164
Load workloads needs: 77443715411 ns 
[report] load_thread_ID : 21
[report] load_duration_ns : 77443715411
[report] load_duration_s : 77.443715
[report] load_throughput : 4304.196903
[report] load_average_latency_ns : 232331.378564
Load workloads needs: 77446187838 ns 
[report] load_thread_ID : 17
[report] load_duration_ns : 77446187838
[report] load_duration_s : 77.446188
[report] load_throughput : 4304.059494
[report] load_average_latency_ns : 232338.795853
Load workloads needs: 77498061763 ns 
[report] load_thread_ID : 18
[report] load_duration_ns : 77498061763
[report] load_duration_s : 77.498062
[report] load_throughput : 4301.178538
[report] load_average_latency_ns : 232494.417783
Load workloads needs: 77498925201 ns 
[report] load_thread_ID : 22
[report] load_duration_ns : 77498925201
[report] load_duration_s : 77.498925
[report] load_throughput : 4301.130617
[report] load_average_latency_ns : 232497.008100
Load workloads needs: 77677182361 ns 
[report] load_thread_ID : 19
[report] load_duration_ns : 77677182361
[report] load_duration_s : 77.677182
[report] load_throughput : 4291.260186
[report] load_average_latency_ns : 233031.780115
Load workloads needs: 77795923545 ns 
[report] load_thread_ID : 20
[report] load_duration_ns : 77795923545
[report] load_duration_s : 77.795924
[report] load_throughput : 4284.710365
[report] load_average_latency_ns : 233388.004023
Load workloads needs: 77942210049 ns 
[report] load_thread_ID : 7
[report] load_duration_ns : 77942210049
[report] load_duration_s : 77.942210
[report] load_throughput : 4276.668570
[report] load_average_latency_ns : 233826.863974
Load workloads needs: 78040958293 ns 
[report] load_thread_ID : 29
[report] load_duration_ns : 78040958293
[report] load_duration_s : 78.040958
[report] load_throughput : 4271.257136
[report] load_average_latency_ns : 234123.109002
Load workloads needs: 78164486512 ns 
[report] load_thread_ID : 6
[report] load_duration_ns : 78164486512
[report] load_duration_s : 78.164487
[report] load_throughput : 4264.507002
[report] load_average_latency_ns : 234493.694030
Load workloads needs: 78380609471 ns 
[report] load_thread_ID : 5
[report] load_duration_ns : 78380609471
[report] load_duration_s : 78.380609
[report] load_throughput : 4252.748253
[report] load_average_latency_ns : 235142.063555
Load workloads needs: 78546714533 ns 
[report] load_thread_ID : 4
[report] load_duration_ns : 78546714533
[report] load_duration_s : 78.546715
[report] load_throughput : 4243.754840
[report] load_average_latency_ns : 235640.379239
Load workloads needs: 78697115192 ns 
[report] load_thread_ID : 1
[report] load_duration_ns : 78697115192
[report] load_duration_s : 78.697115
[report] load_throughput : 4235.644460
[report] load_average_latency_ns : 236091.581668
Load workloads needs: 78770500704 ns 
[report] load_thread_ID : 3
[report] load_duration_ns : 78770500704
[report] load_duration_s : 78.770501
[report] load_throughput : 4231.698377
[report] load_average_latency_ns : 236311.738424
Load workloads needs: 78838816801 ns 
[report] load_thread_ID : 2
[report] load_duration_ns : 78838816801
[report] load_duration_s : 78.838817
[report] load_throughput : 4228.031489
[report] load_average_latency_ns : 236516.686920
Load workloads needs: 79398070001 ns 
[report] load_thread_ID : 0
[report] load_duration_ns : 79398070001
[report] load_duration_s : 79.398070
[report] load_throughput : 4198.250663
[report] load_average_latency_ns : 238194.448197
All clients run done needs: 79397225032 ns 
[report] load_overall_duration_ns : 79397225032
[report] load_overall_duration_s : 79.397225
[report] load_overall_throughput : 125948.986202
[report] load_overall_average_latency_ns : 7939.722503
