numactl --membind=4 /mnt/nvme0/home/gxr/mongdb-run/test_mongodb/build//run_client --num_threads=15 --core_binding=0,1,2,3,4,5,6,7,8,9,10,11,12,13,14,15,128,129,130,131,132,133,134,135,136,137,138,139,140,141,142,143 --str_key_size=16 --str_key_size=16 --load_file=/mnt/nvme0/home/gxr/mongdb-run/workloads/ycsb/workloada-load-10000000-10000000.log.formated --run_file=/mnt/nvme0/home/gxr/mongdb-run/workloads/ycsb/workloada-run-10000000-10000000.log.formated --URI_set=mongodb://localhost:27017,mongodb://localhost:27018,mongodb://localhost:27019,mongodb://localhost:27020,mongodb://localhost:27021,mongodb://localhost:27022,mongodb://localhost:27023,mongodb://localhost:27024,mongodb://localhost:27025,mongodb://localhost:27026,mongodb://localhost:27027,mongodb://localhost:27028,mongodb://localhost:27029,mongodb://localhost:27030,mongodb://localhost:27031,mongodb://localhost:27032,mongodb://localhost:27033,mongodb://localhost:27034,mongodb://localhost:27035,mongodb://localhost:27036,mongodb://localhost:27037,mongodb://localhost:27038,mongodb://localhost:27039,mongodb://localhost:27040,mongodb://localhost:27041,mongodb://localhost:27042,mongodb://localhost:27043,mongodb://localhost:27044,mongodb://localhost:27045,mongodb://localhost:27046 --first_mode=true
mongodb://localhost:27017 mongodb://localhost:27018 mongodb://localhost:27019 mongodb://localhost:27020 mongodb://localhost:27021 mongodb://localhost:27022 mongodb://localhost:27023 mongodb://localhost:27024 mongodb://localhost:27025 mongodb://localhost:27026 mongodb://localhost:27027 mongodb://localhost:27028 mongodb://localhost:27029 mongodb://localhost:27030 mongodb://localhost:27031 mongodb://localhost:27032 mongodb://localhost:27033 mongodb://localhost:27034 mongodb://localhost:27035 mongodb://localhost:27036 mongodb://localhost:27037 mongodb://localhost:27038 mongodb://localhost:27039 mongodb://localhost:27040 mongodb://localhost:27041 mongodb://localhost:27042 mongodb://localhost:27043 mongodb://localhost:27044 mongodb://localhost:27045 mongodb://localhost:27046 reading workload files ...
load_filename : /mnt/nvme0/home/gxr/mongdb-run/workloads/ycsb/workloada-load-10000000-10000000.log.formated
read load file needs: 5053643270 s 
run_filename : /mnt/nvme0/home/gxr/mongdb-run/workloads/ycsb/workloada-run-10000000-10000000.log.formated
read run file needs: 5067688769 s 
num_of_load_ops is 10000000
num_of_run_ops is 10000000
0 1 2 3 4 5 6 7 8 9 10 11 12 13 14 15 128 129 130 131 132 133 134 135 136 137 138 139 140 141 142 143 URI: URI: mongodb://localhost:27017
mongodb://localhost:27017
URI: mongodb://localhost:27017
URI: mongodb://localhost:27017
URI: mongodb://localhost:27017
URI: mongodb://localhost:27017
URI: mongodb://localhost:27017
URI: mongodb://localhost:27017
URI: mongodb://localhost:27017
URI: mongodb://localhost:27017
URI: URI: mongodb://localhost:27017
mongodb://localhost:27017
URI: mongodb://localhost:27017
URI: mongodb://localhost:27017
URI: mongodb://localhost:27017
Load workloads needs: 110649779730 ns 
[report] load_thread_ID : 3
[report] load_duration_ns : 110649779730
[report] load_duration_s : 110.649780
[report] load_throughput : 6025.009735
[report] load_average_latency_ns : 165974.835570
Load workloads needs: 110958295830 ns 
[report] load_thread_ID : 0
[report] load_duration_ns : 110958295830
[report] load_duration_s : 110.958296
[report] load_throughput : 6008.257382
[report] load_average_latency_ns : 166437.610183
Load workloads needs: 111088349932 ns 
[report] load_thread_ID : 7
[report] load_duration_ns : 111088349932
[report] load_duration_s : 111.088350
[report] load_throughput : 6001.223354
[report] load_average_latency_ns : 166632.691531
Load workloads needs: 112163410457 ns 
[report] load_thread_ID : 8
[report] load_duration_ns : 112163410457
[report] load_duration_s : 112.163410
[report] load_throughput : 5943.703007
[report] load_average_latency_ns : 168245.283931
Load workloads needs: 112676024873 ns 
[report] load_thread_ID : 6
[report] load_duration_ns : 112676024873
[report] load_duration_s : 112.676025
[report] load_throughput : 5916.662402
[report] load_average_latency_ns : 169014.206324
Load workloads needs: 113067848002 ns 
[report] load_thread_ID : 5
[report] load_duration_ns : 113067848002
[report] load_duration_s : 113.067848
[report] load_throughput : 5896.158915
[report] load_average_latency_ns : 169601.941605
Load workloads needs: 113144722319 ns 
[report] load_thread_ID : 12
[report] load_duration_ns : 113144722319
[report] load_duration_s : 113.144722
[report] load_throughput : 5892.152867
[report] load_average_latency_ns : 169717.253196
Load workloads needs: 114248239784 ns 
[report] load_thread_ID : 13
[report] load_duration_ns : 114248239784
[report] load_duration_s : 114.248240
[report] load_throughput : 5835.240887
[report] load_average_latency_ns : 171372.531049
Load workloads needs: 114524679660 ns 
[report] load_thread_ID : 14
[report] load_duration_ns : 114524679660
[report] load_duration_s : 114.524680
[report] load_throughput : 5821.155772
[report] load_average_latency_ns : 171787.191277
Load workloads needs: 114971530046 ns 
[report] load_thread_ID : 1
[report] load_duration_ns : 114971530046
[report] load_duration_s : 114.971530
[report] load_throughput : 5798.531164
[report] load_average_latency_ns : 172457.467526
Load workloads needs: 116419219245 ns 
[report] load_thread_ID : 11
[report] load_duration_ns : 116419219245
[report] load_duration_s : 116.419219
[report] load_throughput : 5726.425622
[report] load_average_latency_ns : 174629.003497
Load workloads needs: 116854251333 ns 
[report] load_thread_ID : 4
[report] load_duration_ns : 116854251333
[report] load_duration_s : 116.854251
[report] load_throughput : 5705.106938
[report] load_average_latency_ns : 175281.552281
Load workloads needs: 116871420806 ns 
[report] load_thread_ID : 2
[report] load_duration_ns : 116871420806
[report] load_duration_s : 116.871421
[report] load_throughput : 5704.268806
[report] load_average_latency_ns : 175307.306516
Load workloads needs: 117018404720 ns 
[report] load_thread_ID : 9
[report] load_duration_ns : 117018404720
[report] load_duration_s : 117.018405
[report] load_throughput : 5697.103815
[report] load_average_latency_ns : 175527.782608
Load workloads needs: 121608217734 ns 
[report] load_thread_ID : 10
[report] load_duration_ns : 121608217734
[report] load_duration_s : 121.608218
[report] load_throughput : 5482.080179
[report] load_average_latency_ns : 182412.509014
All clients run done needs: 121608721243 ns 
[report] load_overall_duration_ns : 121608721243
[report] load_overall_duration_s : 121.608721
[report] load_overall_throughput : 82230.944440
[report] load_overall_average_latency_ns : 12160.872124
