numactl --membind=4 /mnt/nvme0/home/gxr/mongdb-run/test_mongodb/build//run_client --num_threads=5 --core_binding=0,1,2,3,4,5,6,7,8,9,10,11,12,13,14,15,128,129,130,131,132,133,134,135,136,137,138,139,140,141,142,143 --str_key_size=16 --str_key_size=64 --load_file=/mnt/nvme0/home/gxr/mongdb-run/workloads/ycsb/workloada-load-10000000-10000000.log.formated --run_file=/mnt/nvme0/home/gxr/mongdb-run/workloads/ycsb/workloada-run-10000000-10000000.log.formated --URI_set=mongodb://localhost:27017,mongodb://localhost:27018,mongodb://localhost:27019,mongodb://localhost:27020,mongodb://localhost:27021,mongodb://localhost:27022,mongodb://localhost:27023,mongodb://localhost:27024,mongodb://localhost:27025,mongodb://localhost:27026,mongodb://localhost:27027,mongodb://localhost:27028,mongodb://localhost:27029,mongodb://localhost:27030,mongodb://localhost:27031,mongodb://localhost:27032,mongodb://localhost:27033,mongodb://localhost:27034,mongodb://localhost:27035,mongodb://localhost:27036,mongodb://localhost:27037,mongodb://localhost:27038,mongodb://localhost:27039,mongodb://localhost:27040,mongodb://localhost:27041,mongodb://localhost:27042,mongodb://localhost:27043,mongodb://localhost:27044,mongodb://localhost:27045,mongodb://localhost:27046 --first_mode=true
mongodb://localhost:27017 mongodb://localhost:27018 mongodb://localhost:27019 mongodb://localhost:27020 mongodb://localhost:27021 mongodb://localhost:27022 mongodb://localhost:27023 mongodb://localhost:27024 mongodb://localhost:27025 mongodb://localhost:27026 mongodb://localhost:27027 mongodb://localhost:27028 mongodb://localhost:27029 mongodb://localhost:27030 mongodb://localhost:27031 mongodb://localhost:27032 mongodb://localhost:27033 mongodb://localhost:27034 mongodb://localhost:27035 mongodb://localhost:27036 mongodb://localhost:27037 mongodb://localhost:27038 mongodb://localhost:27039 mongodb://localhost:27040 mongodb://localhost:27041 mongodb://localhost:27042 mongodb://localhost:27043 mongodb://localhost:27044 mongodb://localhost:27045 mongodb://localhost:27046 reading workload files ...
load_filename : /mnt/nvme0/home/gxr/mongdb-run/workloads/ycsb/workloada-load-10000000-10000000.log.formated
read load file needs: 4990700791 s 
run_filename : /mnt/nvme0/home/gxr/mongdb-run/workloads/ycsb/workloada-run-10000000-10000000.log.formated
read run file needs: 5029679765 s 
num_of_load_ops is 10000000
num_of_run_ops is 10000000
0 1 2 3 4 5 6 7 8 9 10 11 12 13 14 15 128 129 130 131 132 133 134 135 136 137 138 139 140 141 142 143 URI: URI: mongodb://localhost:27017mongodb://localhost:27017
URI: mongodb://localhost:27017

URI: mongodb://localhost:27017URI: mongodb://localhost:27017

Load workloads needs: 288230531280 ns 
[report] load_thread_ID : 2
[report] load_duration_ns : 288230531280
[report] load_duration_s : 288.230531
[report] load_throughput : 6938.890169
[report] load_average_latency_ns : 144115.265640
Load workloads needs: 289911729417 ns 
[report] load_thread_ID : 0
[report] load_duration_ns : 289911729417
[report] load_duration_s : 289.911729
[report] load_throughput : 6898.651545
[report] load_average_latency_ns : 144955.864709
Load workloads needs: 290019580392 ns 
[report] load_thread_ID : 4
[report] load_duration_ns : 290019580392
[report] load_duration_s : 290.019580
[report] load_throughput : 6896.086110
[report] load_average_latency_ns : 145009.790196
Load workloads needs: 305907774303 ns 
[report] load_thread_ID : 1
[report] load_duration_ns : 305907774303
[report] load_duration_s : 305.907774
[report] load_throughput : 6537.918183
[report] load_average_latency_ns : 152953.887152
Load workloads needs: 307447077622 ns 
[report] load_thread_ID : 3
[report] load_duration_ns : 307447077622
[report] load_duration_s : 307.447078
[report] load_throughput : 6505.184617
[report] load_average_latency_ns : 153723.538811
All clients run done needs: 307448281498 ns 
[report] load_overall_duration_ns : 307448281498
[report] load_overall_duration_s : 307.448281
[report] load_overall_throughput : 32525.795725
[report] load_overall_average_latency_ns : 30744.828150
