numactl --membind=4 /mnt/nvme0/home/gxr/mongdb-run/test_mongodb/build//run_client --num_threads=20 --core_binding=0,1,2,3,4,5,6,7,8,9,10,11,12,13,14,15,128,129,130,131,132,133,134,135,136,137,138,139,140,141,142,143 --str_key_size=16 --str_key_size=16 --load_file=/mnt/nvme0/home/gxr/mongdb-run/workloads/ycsb/workloada-load-10000000-10000000.log.formated --run_file=/mnt/nvme0/home/gxr/mongdb-run/workloads/ycsb/workloada-run-10000000-10000000.log.formated --URI_set=mongodb://localhost:27017,mongodb://localhost:27018,mongodb://localhost:27019,mongodb://localhost:27020,mongodb://localhost:27021,mongodb://localhost:27022,mongodb://localhost:27023,mongodb://localhost:27024,mongodb://localhost:27025,mongodb://localhost:27026,mongodb://localhost:27027,mongodb://localhost:27028,mongodb://localhost:27029,mongodb://localhost:27030,mongodb://localhost:27031,mongodb://localhost:27032,mongodb://localhost:27033,mongodb://localhost:27034,mongodb://localhost:27035,mongodb://localhost:27036,mongodb://localhost:27037,mongodb://localhost:27038,mongodb://localhost:27039,mongodb://localhost:27040,mongodb://localhost:27041,mongodb://localhost:27042,mongodb://localhost:27043,mongodb://localhost:27044,mongodb://localhost:27045,mongodb://localhost:27046 --first_mode=true
mongodb://localhost:27017 mongodb://localhost:27018 mongodb://localhost:27019 mongodb://localhost:27020 mongodb://localhost:27021 mongodb://localhost:27022 mongodb://localhost:27023 mongodb://localhost:27024 mongodb://localhost:27025 mongodb://localhost:27026 mongodb://localhost:27027 mongodb://localhost:27028 mongodb://localhost:27029 mongodb://localhost:27030 mongodb://localhost:27031 mongodb://localhost:27032 mongodb://localhost:27033 mongodb://localhost:27034 mongodb://localhost:27035 mongodb://localhost:27036 mongodb://localhost:27037 mongodb://localhost:27038 mongodb://localhost:27039 mongodb://localhost:27040 mongodb://localhost:27041 mongodb://localhost:27042 mongodb://localhost:27043 mongodb://localhost:27044 mongodb://localhost:27045 mongodb://localhost:27046 reading workload files ...
load_filename : /mnt/nvme0/home/gxr/mongdb-run/workloads/ycsb/workloada-load-10000000-10000000.log.formated
read load file needs: 5070617589 s 
run_filename : /mnt/nvme0/home/gxr/mongdb-run/workloads/ycsb/workloada-run-10000000-10000000.log.formated
read run file needs: 5069135939 s 
num_of_load_ops is 10000000
num_of_run_ops is 10000000
0 1 2 3 4 5 6 7 8 9 10 11 12 13 14 15 128 129 130 131 132 133 134 135 136 137 138 139 140 141 142 143 URI: URI: mongodb://localhost:27017
URI: mongodb://localhost:27017
URI: mongodb://localhost:27017
mongodb://localhost:27017
URI: mongodb://localhost:27017
URI: mongodb://localhost:27017
URI: mongodb://localhost:27017
URI: mongodb://localhost:27017
URI: mongodb://localhost:27017
URI: mongodb://localhost:27017
URI: URI: mongodb://localhost:27017
URI: mongodb://localhost:27017
URI: mongodb://localhost:27017URI: mongodb://localhost:27017
URI: mongodb://localhost:27017
URI: mongodb://localhost:27017
URI: mongodb://localhost:27017
mongodb://localhost:27017
URI: mongodb://localhost:27017

URI: mongodb://localhost:27017
Load workloads needs: 91868084913 ns 
[report] load_thread_ID : 8
[report] load_duration_ns : 91868084913
[report] load_duration_s : 91.868085
[report] load_throughput : 5442.586514
[report] load_average_latency_ns : 183736.169826
Load workloads needs: 92221629954 ns 
[report] load_thread_ID : 13
[report] load_duration_ns : 92221629954
[report] load_duration_s : 92.221630
[report] load_throughput : 5421.721566
[report] load_average_latency_ns : 184443.259908
Load workloads needs: 92495350042 ns 
[report] load_thread_ID : 11
[report] load_duration_ns : 92495350042
[report] load_duration_s : 92.495350
[report] load_throughput : 5405.677148
[report] load_average_latency_ns : 184990.700084
Load workloads needs: 92566131704 ns 
[report] load_thread_ID : 10
[report] load_duration_ns : 92566131704
[report] load_duration_s : 92.566132
[report] load_throughput : 5401.543640
[report] load_average_latency_ns : 185132.263408
Load workloads needs: 92987563456 ns 
[report] load_thread_ID : 17
[report] load_duration_ns : 92987563456
[report] load_duration_s : 92.987563
[report] load_throughput : 5377.063141
[report] load_average_latency_ns : 185975.126912
Load workloads needs: 93146882333 ns 
[report] load_thread_ID : 14
[report] load_duration_ns : 93146882333
[report] load_duration_s : 93.146882
[report] load_throughput : 5367.866186
[report] load_average_latency_ns : 186293.764666
Load workloads needs: 93318988818 ns 
[report] load_thread_ID : 15
[report] load_duration_ns : 93318988818
[report] load_duration_s : 93.318989
[report] load_throughput : 5357.966330
[report] load_average_latency_ns : 186637.977636
Load workloads needs: 94604087637 ns 
[report] load_thread_ID : 9
[report] load_duration_ns : 94604087637
[report] load_duration_s : 94.604088
[report] load_throughput : 5285.183891
[report] load_average_latency_ns : 189208.175274
Load workloads needs: 95822800179 ns 
[report] load_thread_ID : 6
[report] load_duration_ns : 95822800179
[report] load_duration_s : 95.822800
[report] load_throughput : 5217.964817
[report] load_average_latency_ns : 191645.600358
Load workloads needs: 96302567852 ns 
[report] load_thread_ID : 12
[report] load_duration_ns : 96302567852
[report] load_duration_s : 96.302568
[report] load_throughput : 5191.969551
[report] load_average_latency_ns : 192605.135704
Load workloads needs: 98922058396 ns 
[report] load_thread_ID : 16
[report] load_duration_ns : 98922058396
[report] load_duration_s : 98.922058
[report] load_throughput : 5054.484390
[report] load_average_latency_ns : 197844.116792
Load workloads needs: 101971265252 ns 
[report] load_thread_ID : 19
[report] load_duration_ns : 101971265252
[report] load_duration_s : 101.971265
[report] load_throughput : 4903.342121
[report] load_average_latency_ns : 203942.530504
Load workloads needs: 102711531592 ns 
[report] load_thread_ID : 3
[report] load_duration_ns : 102711531592
[report] load_duration_s : 102.711532
[report] load_throughput : 4868.002572
[report] load_average_latency_ns : 205423.063184
Load workloads needs: 103654551811 ns 
[report] load_thread_ID : 18
[report] load_duration_ns : 103654551811
[report] load_duration_s : 103.654552
[report] load_throughput : 4823.714842
[report] load_average_latency_ns : 207309.103622
Load workloads needs: 103732969417 ns 
[report] load_thread_ID : 2
[report] load_duration_ns : 103732969417
[report] load_duration_s : 103.732969
[report] load_throughput : 4820.068324
[report] load_average_latency_ns : 207465.938834
Load workloads needs: 104231822537 ns 
[report] load_thread_ID : 7
[report] load_duration_ns : 104231822537
[report] load_duration_s : 104.231823
[report] load_throughput : 4796.999494
[report] load_average_latency_ns : 208463.645074
Load workloads needs: 104380557637 ns 
[report] load_thread_ID : 4
[report] load_duration_ns : 104380557637
[report] load_duration_s : 104.380558
[report] load_throughput : 4790.164101
[report] load_average_latency_ns : 208761.115274
Load workloads needs: 105198407797 ns 
[report] load_thread_ID : 0
[report] load_duration_ns : 105198407797
[report] load_duration_s : 105.198408
[report] load_throughput : 4752.923647
[report] load_average_latency_ns : 210396.815594
Load workloads needs: 105334613197 ns 
[report] load_thread_ID : 5
[report] load_duration_ns : 105334613197
[report] load_duration_s : 105.334613
[report] load_throughput : 4746.777767
[report] load_average_latency_ns : 210669.226394
Load workloads needs: 107460142546 ns 
[report] load_thread_ID : 1
[report] load_duration_ns : 107460142546
[report] load_duration_s : 107.460143
[report] load_throughput : 4652.887928
[report] load_average_latency_ns : 214920.285092
All clients run done needs: 107460217357 ns 
[report] load_overall_duration_ns : 107460217357
[report] load_overall_duration_s : 107.460217
[report] load_overall_throughput : 93057.693777
[report] load_overall_average_latency_ns : 10746.021736
