numactl --membind=4 /mnt/nvme0/home/gxr/mongdb-run/test_mongodb/build//run_client --num_threads=10 --core_binding=0,1,2,3,4,5,6,7,8,9,10,11,12,13,14,15,128,129,130,131,132,133,134,135,136,137,138,139,140,141,142,143 --str_key_size=16 --str_key_size=16 --load_file=/mnt/nvme0/home/gxr/mongdb-run/workloads/ycsb/workloada-load-10000000-10000000.log.formated --run_file=/mnt/nvme0/home/gxr/mongdb-run/workloads/ycsb/workloada-run-10000000-10000000.log.formated --URI_set=mongodb://localhost:27017,mongodb://localhost:27018,mongodb://localhost:27019,mongodb://localhost:27020,mongodb://localhost:27021,mongodb://localhost:27022,mongodb://localhost:27023,mongodb://localhost:27024,mongodb://localhost:27025,mongodb://localhost:27026,mongodb://localhost:27027,mongodb://localhost:27028,mongodb://localhost:27029,mongodb://localhost:27030,mongodb://localhost:27031,mongodb://localhost:27032,mongodb://localhost:27033,mongodb://localhost:27034,mongodb://localhost:27035,mongodb://localhost:27036,mongodb://localhost:27037,mongodb://localhost:27038,mongodb://localhost:27039,mongodb://localhost:27040,mongodb://localhost:27041,mongodb://localhost:27042,mongodb://localhost:27043,mongodb://localhost:27044,mongodb://localhost:27045,mongodb://localhost:27046 --first_mode=true
mongodb://localhost:27017 mongodb://localhost:27018 mongodb://localhost:27019 mongodb://localhost:27020 mongodb://localhost:27021 mongodb://localhost:27022 mongodb://localhost:27023 mongodb://localhost:27024 mongodb://localhost:27025 mongodb://localhost:27026 mongodb://localhost:27027 mongodb://localhost:27028 mongodb://localhost:27029 mongodb://localhost:27030 mongodb://localhost:27031 mongodb://localhost:27032 mongodb://localhost:27033 mongodb://localhost:27034 mongodb://localhost:27035 mongodb://localhost:27036 mongodb://localhost:27037 mongodb://localhost:27038 mongodb://localhost:27039 mongodb://localhost:27040 mongodb://localhost:27041 mongodb://localhost:27042 mongodb://localhost:27043 mongodb://localhost:27044 mongodb://localhost:27045 mongodb://localhost:27046 reading workload files ...
load_filename : /mnt/nvme0/home/gxr/mongdb-run/workloads/ycsb/workloada-load-10000000-10000000.log.formated
read load file needs: 5042261492 s 
run_filename : /mnt/nvme0/home/gxr/mongdb-run/workloads/ycsb/workloada-run-10000000-10000000.log.formated
read run file needs: 5055559038 s 
num_of_load_ops is 10000000
num_of_run_ops is 10000000
0 1 2 3 4 5 6 7 8 9 10 11 12 13 14 15 128 129 130 131 132 133 134 135 136 137 138 139 140 141 142 143 URI: URI: mongodb://localhost:27017
URI: mongodb://localhost:27017
URI: mongodb://localhost:27017
mongodb://localhost:27017
URI: mongodb://localhost:27017
URI: mongodb://localhost:27017
URI: mongodb://localhost:27017
URI: mongodb://localhost:27017
URI: mongodb://localhost:27017
URI: mongodb://localhost:27017
Load workloads needs: 159172851152 ns 
[report] load_thread_ID : 8
[report] load_duration_ns : 159172851152
[report] load_duration_s : 159.172851
[report] load_throughput : 6282.478405
[report] load_average_latency_ns : 159172.851152
Load workloads needs: 174234568249 ns 
[report] load_thread_ID : 2
[report] load_duration_ns : 174234568249
[report] load_duration_s : 174.234568
[report] load_throughput : 5739.389204
[report] load_average_latency_ns : 174234.568249
Load workloads needs: 174394692699 ns 
[report] load_thread_ID : 6
[report] load_duration_ns : 174394692699
[report] load_duration_s : 174.394693
[report] load_throughput : 5734.119454
[report] load_average_latency_ns : 174394.692699
Load workloads needs: 174629204694 ns 
[report] load_thread_ID : 3
[report] load_duration_ns : 174629204694
[report] load_duration_s : 174.629205
[report] load_throughput : 5726.419025
[report] load_average_latency_ns : 174629.204694
Load workloads needs: 174680319036 ns 
[report] load_thread_ID : 1
[report] load_duration_ns : 174680319036
[report] load_duration_s : 174.680319
[report] load_throughput : 5724.743380
[report] load_average_latency_ns : 174680.319036
Load workloads needs: 174738072193 ns 
[report] load_thread_ID : 0
[report] load_duration_ns : 174738072193
[report] load_duration_s : 174.738072
[report] load_throughput : 5722.851279
[report] load_average_latency_ns : 174738.072193
Load workloads needs: 174826026449 ns 
[report] load_thread_ID : 4
[report] load_duration_ns : 174826026449
[report] load_duration_s : 174.826026
[report] load_throughput : 5719.972136
[report] load_average_latency_ns : 174826.026449
Load workloads needs: 175307276384 ns 
[report] load_thread_ID : 9
[report] load_duration_ns : 175307276384
[report] load_duration_s : 175.307276
[report] load_throughput : 5704.269786
[report] load_average_latency_ns : 175307.276384
Load workloads needs: 175762292966 ns 
[report] load_thread_ID : 7
[report] load_duration_ns : 175762292966
[report] load_duration_s : 175.762293
[report] load_throughput : 5689.502470
[report] load_average_latency_ns : 175762.292966
Load workloads needs: 179543024455 ns 
[report] load_thread_ID : 5
[report] load_duration_ns : 179543024455
[report] load_duration_s : 179.543024
[report] load_throughput : 5569.695637
[report] load_average_latency_ns : 179543.024455
All clients run done needs: 179543713242 ns 
[report] load_overall_duration_ns : 179543713242
[report] load_overall_duration_s : 179.543713
[report] load_overall_throughput : 55696.742701
[report] load_overall_average_latency_ns : 17954.371324
