numactl --membind=4 /mnt/nvme0/home/gxr/mongdb-run/test_mongodb/build//run_client --num_threads=5 --core_binding=0,1,2,3,4,5,6,7,8,9,10,11,12,13,14,15,128,129,130,131,132,133,134,135,136,137,138,139,140,141,142,143 --str_key_size=16 --str_key_size=256 --load_file=/mnt/nvme0/home/gxr/mongdb-run/workloads/ycsb/workloada-load-1000000-1000000.log.formated --run_file=/mnt/nvme0/home/gxr/mongdb-run/workloads/ycsb/workloada-run-1000000-1000000.log.formated --URI_set=mongodb://localhost:27017,mongodb://localhost:27018,mongodb://localhost:27019,mongodb://localhost:27020,mongodb://localhost:27021,mongodb://localhost:27022,mongodb://localhost:27023,mongodb://localhost:27024,mongodb://localhost:27025,mongodb://localhost:27026,mongodb://localhost:27027,mongodb://localhost:27028,mongodb://localhost:27029,mongodb://localhost:27030,mongodb://localhost:27031,mongodb://localhost:27032,mongodb://localhost:27033,mongodb://localhost:27034,mongodb://localhost:27035,mongodb://localhost:27036,mongodb://localhost:27037,mongodb://localhost:27038,mongodb://localhost:27039,mongodb://localhost:27040,mongodb://localhost:27041,mongodb://localhost:27042,mongodb://localhost:27043,mongodb://localhost:27044,mongodb://localhost:27045,mongodb://localhost:27046 --first_mode=false
mongodb://localhost:27017 mongodb://localhost:27018 mongodb://localhost:27019 mongodb://localhost:27020 mongodb://localhost:27021 mongodb://localhost:27022 mongodb://localhost:27023 mongodb://localhost:27024 mongodb://localhost:27025 mongodb://localhost:27026 mongodb://localhost:27027 mongodb://localhost:27028 mongodb://localhost:27029 mongodb://localhost:27030 mongodb://localhost:27031 mongodb://localhost:27032 mongodb://localhost:27033 mongodb://localhost:27034 mongodb://localhost:27035 mongodb://localhost:27036 mongodb://localhost:27037 mongodb://localhost:27038 mongodb://localhost:27039 mongodb://localhost:27040 mongodb://localhost:27041 mongodb://localhost:27042 mongodb://localhost:27043 mongodb://localhost:27044 mongodb://localhost:27045 mongodb://localhost:27046 reading workload files ...
load_filename : /mnt/nvme0/home/gxr/mongdb-run/workloads/ycsb/workloada-load-1000000-1000000.log.formated
read load file needs: 591459302 s 
run_filename : /mnt/nvme0/home/gxr/mongdb-run/workloads/ycsb/workloada-run-1000000-1000000.log.formated
read run file needs: 575468484 s 
num_of_load_ops is 1000000
num_of_run_ops is 1000000
0 1 2 3 4 5 6 7 8 9 10 11 12 13 14 15 128 129 130 131 132 133 134 135 136 137 138 139 140 141 142 143 URI: mongodb://localhost:27017URI: URI: mongodb://localhost:27021
mongodb://localhost:27020
URI: mongodb://localhost:27019

URI: mongodb://localhost:27018
Load workloads needs: 24548507894 ns 
[report] load_thread_ID : 3
[report] load_duration_ns : 24548507894
[report] load_duration_s : 24.548508
[report] load_throughput : 8147.134680
[report] load_average_latency_ns : 122742.539470
Load workloads needs: 25458373700 ns 
[report] load_thread_ID : 4
[report] load_duration_ns : 25458373700
[report] load_duration_s : 25.458374
[report] load_throughput : 7855.961357
[report] load_average_latency_ns : 127291.868500
Load workloads needs: 25567061177 ns 
[report] load_thread_ID : 2
[report] load_duration_ns : 25567061177
[report] load_duration_s : 25.567061
[report] load_throughput : 7822.565082
[report] load_average_latency_ns : 127835.305885
Load workloads needs: 27176068638 ns 
[report] load_thread_ID : 1
[report] load_duration_ns : 27176068638
[report] load_duration_s : 27.176069
[report] load_throughput : 7359.416208
[report] load_average_latency_ns : 135880.343190
Load workloads needs: 29012938355 ns 
[report] load_thread_ID : 0
[report] load_duration_ns : 29012938355
[report] load_duration_s : 29.012938
[report] load_throughput : 6893.476199
[report] load_average_latency_ns : 145064.691775
All clients run done needs: 29014171537 ns 
[report] load_overall_duration_ns : 29014171537
[report] load_overall_duration_s : 29.014172
[report] load_overall_throughput : 34465.916034
[report] load_overall_average_latency_ns : 29014.171537
