numactl --membind=4 /mnt/nvme0/home/gxr/mongdb-run/test_mongodb/build//run_client --num_threads=10 --core_binding=0,1,2,3,4,5,6,7,8,9,10,11,12,13,14,15,128,129,130,131,132,133,134,135,136,137,138,139,140,141,142,143 --str_key_size=16 --str_key_size=256 --load_file=/mnt/nvme0/home/gxr/mongdb-run/workloads/ycsb/workloada-load-1000000-1000000.log.formated --run_file=/mnt/nvme0/home/gxr/mongdb-run/workloads/ycsb/workloada-run-1000000-1000000.log.formated --URI_set=mongodb://localhost:27017,mongodb://localhost:27018,mongodb://localhost:27019,mongodb://localhost:27020,mongodb://localhost:27021,mongodb://localhost:27022,mongodb://localhost:27023,mongodb://localhost:27024,mongodb://localhost:27025,mongodb://localhost:27026,mongodb://localhost:27027,mongodb://localhost:27028,mongodb://localhost:27029,mongodb://localhost:27030,mongodb://localhost:27031,mongodb://localhost:27032,mongodb://localhost:27033,mongodb://localhost:27034,mongodb://localhost:27035,mongodb://localhost:27036,mongodb://localhost:27037,mongodb://localhost:27038,mongodb://localhost:27039,mongodb://localhost:27040,mongodb://localhost:27041,mongodb://localhost:27042,mongodb://localhost:27043,mongodb://localhost:27044,mongodb://localhost:27045,mongodb://localhost:27046 --first_mode=false
mongodb://localhost:27017 mongodb://localhost:27018 mongodb://localhost:27019 mongodb://localhost:27020 mongodb://localhost:27021 mongodb://localhost:27022 mongodb://localhost:27023 mongodb://localhost:27024 mongodb://localhost:27025 mongodb://localhost:27026 mongodb://localhost:27027 mongodb://localhost:27028 mongodb://localhost:27029 mongodb://localhost:27030 mongodb://localhost:27031 mongodb://localhost:27032 mongodb://localhost:27033 mongodb://localhost:27034 mongodb://localhost:27035 mongodb://localhost:27036 mongodb://localhost:27037 mongodb://localhost:27038 mongodb://localhost:27039 mongodb://localhost:27040 mongodb://localhost:27041 mongodb://localhost:27042 mongodb://localhost:27043 mongodb://localhost:27044 mongodb://localhost:27045 mongodb://localhost:27046 reading workload files ...
load_filename : /mnt/nvme0/home/gxr/mongdb-run/workloads/ycsb/workloada-load-1000000-1000000.log.formated
read load file needs: 596342592 s 
run_filename : /mnt/nvme0/home/gxr/mongdb-run/workloads/ycsb/workloada-run-1000000-1000000.log.formated
read run file needs: 586405794 s 
num_of_load_ops is 1000000
num_of_run_ops is 1000000
0 1 2 3 4 5 6 7 8 9 10 11 12 13 14 15 128 129 130 131 132 133 134 135 136 137 138 139 140 141 142 143 URI: URI: mongodb://localhost:27020mongodb://localhost:27018
URI: mongodb://localhost:27019
URI: mongodb://localhost:27017

URI: mongodb://localhost:27023
URI: mongodb://localhost:27021
URI: mongodb://localhost:27022
URI: mongodb://localhost:27024
URI: URI: mongodb://localhost:27026mongodb://localhost:27025

Load workloads needs: 11541324477 ns 
[report] load_thread_ID : 8
[report] load_duration_ns : 11541324477
[report] load_duration_s : 11.541324
[report] load_throughput : 8664.516815
[report] load_average_latency_ns : 115413.244770
Load workloads needs: 12772910485 ns 
[report] load_thread_ID : 9
[report] load_duration_ns : 12772910485
[report] load_duration_s : 12.772910
[report] load_throughput : 7829.069194
[report] load_average_latency_ns : 127729.104850
Load workloads needs: 16052586135 ns 
[report] load_thread_ID : 5
[report] load_duration_ns : 16052586135
[report] load_duration_s : 16.052586
[report] load_throughput : 6229.525832
[report] load_average_latency_ns : 160525.861350
Load workloads needs: 16057117177 ns 
[report] load_thread_ID : 1
[report] load_duration_ns : 16057117177
[report] load_duration_s : 16.057117
[report] load_throughput : 6227.767967
[report] load_average_latency_ns : 160571.171770
Load workloads needs: 16091354738 ns 
[report] load_thread_ID : 0
[report] load_duration_ns : 16091354738
[report] load_duration_s : 16.091355
[report] load_throughput : 6214.517151
[report] load_average_latency_ns : 160913.547380
Load workloads needs: 16092872998 ns 
[report] load_thread_ID : 7
[report] load_duration_ns : 16092872998
[report] load_duration_s : 16.092873
[report] load_throughput : 6213.930851
[report] load_average_latency_ns : 160928.729980
Load workloads needs: 16094211590 ns 
[report] load_thread_ID : 2
[report] load_duration_ns : 16094211590
[report] load_duration_s : 16.094212
[report] load_throughput : 6213.414024
[report] load_average_latency_ns : 160942.115900
Load workloads needs: 16140268569 ns 
[report] load_thread_ID : 4
[report] load_duration_ns : 16140268569
[report] load_duration_s : 16.140269
[report] load_throughput : 6195.683769
[report] load_average_latency_ns : 161402.685690
Load workloads needs: 16189298179 ns 
[report] load_thread_ID : 3
[report] load_duration_ns : 16189298179
[report] load_duration_s : 16.189298
[report] load_throughput : 6176.920018
[report] load_average_latency_ns : 161892.981790
Load workloads needs: 16849315973 ns 
[report] load_thread_ID : 6
[report] load_duration_ns : 16849315973
[report] load_duration_s : 16.849316
[report] load_throughput : 5934.959031
[report] load_average_latency_ns : 168493.159730
All clients run done needs: 16849983258 ns 
[report] load_overall_duration_ns : 16849983258
[report] load_overall_duration_s : 16.849983
[report] load_overall_throughput : 59347.239976
[report] load_overall_average_latency_ns : 16849.983258
