numactl --membind=2 /home/gxr/mongodb-run/test_mongodb/build//run_client --num_threads=8 --core_binding=0,1,2,3,4,5,6,7,8,9,10,11,24,25,26,27,28,29,30,31,32,33,34,35 --str_key_size=16 --str_key_size=1024 --load_file=/home/gxr/mongodb-run/workloads/ycsb/workloada-load-10000000-10000000.log.formated --run_file=/home/gxr/mongodb-run/workloads/ycsb/workloada-run-10000000-10000000.log.formated --URI_set=mongodb://localhost:27017,mongodb://localhost:27018,mongodb://localhost:27019,mongodb://localhost:27020,mongodb://localhost:27021,mongodb://localhost:27022,mongodb://localhost:27023,mongodb://localhost:27024,mongodb://localhost:27025,mongodb://localhost:27026,mongodb://localhost:27027,mongodb://localhost:27028,mongodb://localhost:27029,mongodb://localhost:27030,mongodb://localhost:27031,mongodb://localhost:27032,mongodb://localhost:27033,mongodb://localhost:27034,mongodb://localhost:27035,mongodb://localhost:27036,mongodb://localhost:27037,mongodb://localhost:27038,mongodb://localhost:27039,mongodb://localhost:27040,mongodb://localhost:27041,mongodb://localhost:27042,mongodb://localhost:27043,mongodb://localhost:27044,mongodb://localhost:27045,mongodb://localhost:27046 --first_mode=false
mongodb://localhost:27017 mongodb://localhost:27018 mongodb://localhost:27019 mongodb://localhost:27020 mongodb://localhost:27021 mongodb://localhost:27022 mongodb://localhost:27023 mongodb://localhost:27024 mongodb://localhost:27025 mongodb://localhost:27026 mongodb://localhost:27027 mongodb://localhost:27028 mongodb://localhost:27029 mongodb://localhost:27030 mongodb://localhost:27031 mongodb://localhost:27032 mongodb://localhost:27033 mongodb://localhost:27034 mongodb://localhost:27035 mongodb://localhost:27036 mongodb://localhost:27037 mongodb://localhost:27038 mongodb://localhost:27039 mongodb://localhost:27040 mongodb://localhost:27041 mongodb://localhost:27042 mongodb://localhost:27043 mongodb://localhost:27044 mongodb://localhost:27045 mongodb://localhost:27046 reading workload files ...
load_filename : /home/gxr/mongodb-run/workloads/ycsb/workloada-load-10000000-10000000.log.formated
read load file needs: 1280335288 s 
run_filename : /home/gxr/mongodb-run/workloads/ycsb/workloada-run-10000000-10000000.log.formated
read run file needs: 1265932815 s 
num_of_load_ops is 1862736
num_of_run_ops is 1934501
0 1 2 3 4 5 6 7 8 9 10 11 24 25 26 27 28 29 30 31 32 33 34 35 URI: URI: URI: URI: mongodb://localhost:27019mongodb://localhost:27017mongodb://localhost:27022

URI: 
mongodb://localhost:27018
URI: mongodb://localhost:27023mongodb://localhost:27024
URI: mongodb://localhost:27021
URI: mongodb://localhost:27020

Load workloads needs: 12792511432 ns 
[report] load_thread_ID : 7
[report] load_duration_ns : 12792511432
[report] load_duration_s : 12.792511
[report] load_throughput : 18201.429894
[report] load_average_latency_ns : 54940.738492
Load workloads needs: 13315332962 ns 
[report] load_thread_ID : 6
[report] load_duration_ns : 13315332962
[report] load_duration_s : 13.315333
[report] load_throughput : 17486.757610
[report] load_average_latency_ns : 57186.130346
Load workloads needs: 13548946333 ns 
[report] load_thread_ID : 5
[report] load_duration_ns : 13548946333
[report] load_duration_s : 13.548946
[report] load_throughput : 17185.247788
[report] load_average_latency_ns : 58189.443198
Load workloads needs: 13789526651 ns 
[report] load_thread_ID : 2
[report] load_duration_ns : 13789526651
[report] load_duration_s : 13.789527
[report] load_throughput : 16885.423691
[report] load_average_latency_ns : 59222.677399
Load workloads needs: 13891225343 ns 
[report] load_thread_ID : 4
[report] load_duration_ns : 13891225343
[report] load_duration_s : 13.891225
[report] load_throughput : 16761.804251
[report] load_average_latency_ns : 59659.448652
Load workloads needs: 14073339667 ns 
[report] load_thread_ID : 0
[report] load_duration_ns : 14073339667
[report] load_duration_s : 14.073340
[report] load_throughput : 16544.900181
[report] load_average_latency_ns : 60441.585569
Load workloads needs: 14279436630 ns 
[report] load_thread_ID : 1
[report] load_duration_ns : 14279436630
[report] load_duration_s : 14.279437
[report] load_throughput : 16306.105488
[report] load_average_latency_ns : 61326.722112
Load workloads needs: 14473016344 ns 
[report] load_thread_ID : 3
[report] load_duration_ns : 14473016344
[report] load_duration_s : 14.473016
[report] load_throughput : 16088.007812
[report] load_average_latency_ns : 62158.100102
All clients run done needs: 14474057155 ns 
[report] load_overall_duration_ns : 14474057155
[report] load_overall_duration_s : 14.474057
[report] load_overall_throughput : 128694.807548
[report] load_overall_average_latency_ns : 7770.321267
