numactl --membind=2 /home/gxr/mongodb-run/test_mongodb/build//run_client --num_threads=8 --core_binding=0,1,2,3,4,5,6,7,8,9,10,11,24,25,26,27,28,29,30,31,32,33,34,35 --str_key_size=16 --str_key_size=1024 --load_file=/home/gxr/mongodb-run/workloads/ycsb/workloada-load-10000000-10000000.log.formated --run_file=/home/gxr/mongodb-run/workloads/ycsb/workloada-run-10000000-10000000.log.formated --URI_set=mongodb://localhost:27017,mongodb://localhost:27018,mongodb://localhost:27019,mongodb://localhost:27020,mongodb://localhost:27021,mongodb://localhost:27022,mongodb://localhost:27023,mongodb://localhost:27024,mongodb://localhost:27025,mongodb://localhost:27026,mongodb://localhost:27027,mongodb://localhost:27028,mongodb://localhost:27029,mongodb://localhost:27030,mongodb://localhost:27031,mongodb://localhost:27032,mongodb://localhost:27033,mongodb://localhost:27034,mongodb://localhost:27035,mongodb://localhost:27036,mongodb://localhost:27037,mongodb://localhost:27038,mongodb://localhost:27039,mongodb://localhost:27040,mongodb://localhost:27041,mongodb://localhost:27042,mongodb://localhost:27043,mongodb://localhost:27044,mongodb://localhost:27045,mongodb://localhost:27046 --first_mode=true
mongodb://localhost:27017 mongodb://localhost:27018 mongodb://localhost:27019 mongodb://localhost:27020 mongodb://localhost:27021 mongodb://localhost:27022 mongodb://localhost:27023 mongodb://localhost:27024 mongodb://localhost:27025 mongodb://localhost:27026 mongodb://localhost:27027 mongodb://localhost:27028 mongodb://localhost:27029 mongodb://localhost:27030 mongodb://localhost:27031 mongodb://localhost:27032 mongodb://localhost:27033 mongodb://localhost:27034 mongodb://localhost:27035 mongodb://localhost:27036 mongodb://localhost:27037 mongodb://localhost:27038 mongodb://localhost:27039 mongodb://localhost:27040 mongodb://localhost:27041 mongodb://localhost:27042 mongodb://localhost:27043 mongodb://localhost:27044 mongodb://localhost:27045 mongodb://localhost:27046 reading workload files ...
load_filename : /home/gxr/mongodb-run/workloads/ycsb/workloada-load-10000000-10000000.log.formated
read load file needs: 1239544601 s 
run_filename : /home/gxr/mongodb-run/workloads/ycsb/workloada-run-10000000-10000000.log.formated
read run file needs: 1107659571 s 
num_of_load_ops is 1862736
num_of_run_ops is 1934501
0 1 2 3 4 5 6 7 8 9 10 11 24 25 26 27 28 29 30 31 32 33 34 35 URI: URI: URI: mongodb://localhost:27017
URI: mongodb://localhost:27017
URI: mongodb://localhost:27017
URI: URI: mongodb://localhost:27017mongodb://localhost:27017
mongodb://localhost:27017

mongodb://localhost:27017
URI: mongodb://localhost:27017
Load workloads needs: 14232717467 ns 
[report] load_thread_ID : 5
[report] load_duration_ns : 14232717467
[report] load_duration_s : 14.232717
[report] load_throughput : 16359.630586
[report] load_average_latency_ns : 61126.074621
Load workloads needs: 14413521199 ns 
[report] load_thread_ID : 6
[report] load_duration_ns : 14413521199
[report] load_duration_s : 14.413521
[report] load_throughput : 16154.414788
[report] load_average_latency_ns : 61902.582863
Load workloads needs: 14587143194 ns 
[report] load_thread_ID : 4
[report] load_duration_ns : 14587143194
[report] load_duration_s : 14.587143
[report] load_throughput : 15962.138501
[report] load_average_latency_ns : 62648.247284
Load workloads needs: 15263880449 ns 
[report] load_thread_ID : 2
[report] load_duration_ns : 15263880449
[report] load_duration_s : 15.263880
[report] load_throughput : 15254.443376
[report] load_average_latency_ns : 65554.669901
Load workloads needs: 15474283985 ns 
[report] load_thread_ID : 3
[report] load_duration_ns : 15474283985
[report] load_duration_s : 15.474284
[report] load_throughput : 15047.029008
[report] load_average_latency_ns : 66458.302132
Load workloads needs: 15718963271 ns 
[report] load_thread_ID : 0
[report] load_duration_ns : 15718963271
[report] load_duration_s : 15.718963
[report] load_throughput : 14812.808961
[report] load_average_latency_ns : 67509.140409
Load workloads needs: 16419538189 ns 
[report] load_thread_ID : 1
[report] load_duration_ns : 16419538189
[report] load_duration_s : 16.419538
[report] load_throughput : 14180.788602
[report] load_average_latency_ns : 70517.940015
Load workloads needs: 16553403837 ns 
[report] load_thread_ID : 7
[report] load_duration_ns : 16553403837
[report] load_duration_s : 16.553404
[report] load_throughput : 14066.110046
[report] load_average_latency_ns : 71092.860554
All clients run done needs: 16554078260 ns 
[report] load_overall_duration_ns : 16554078260
[report] load_overall_duration_s : 16.554078
[report] load_overall_throughput : 112524.295871
[report] load_overall_average_latency_ns : 8886.969630
