numactl --membind=0 /mnt/nvme0/home/gxr/mongdb-run/test_mongodb/build//run_client --num_threads=16 --core_binding=0,1,2,3,4,5,6,7,8,9,10,11,12,13,14,15,128,129,130,131,132,133,134,135,136,137,138,139,140,141,142,143 --str_key_size=16 --str_key_size=1024 --load_file=/mnt/nvme0/home/gxr/mongdb-run/workloads/ycsb/workloada-load-10000000-10000000.log.formated --run_file=/mnt/nvme0/home/gxr/mongdb-run/workloads/ycsb/workloada-run-10000000-10000000.log.formated --URI_set=mongodb://localhost:27017,mongodb://localhost:27018,mongodb://localhost:27019,mongodb://localhost:27020,mongodb://localhost:27021,mongodb://localhost:27022,mongodb://localhost:27023,mongodb://localhost:27024,mongodb://localhost:27025,mongodb://localhost:27026,mongodb://localhost:27027,mongodb://localhost:27028,mongodb://localhost:27029,mongodb://localhost:27030,mongodb://localhost:27031,mongodb://localhost:27032,mongodb://localhost:27033,mongodb://localhost:27034,mongodb://localhost:27035,mongodb://localhost:27036,mongodb://localhost:27037,mongodb://localhost:27038,mongodb://localhost:27039,mongodb://localhost:27040,mongodb://localhost:27041,mongodb://localhost:27042,mongodb://localhost:27043,mongodb://localhost:27044,mongodb://localhost:27045,mongodb://localhost:27046 --first_mode=false
mongodb://localhost:27017 mongodb://localhost:27018 mongodb://localhost:27019 mongodb://localhost:27020 mongodb://localhost:27021 mongodb://localhost:27022 mongodb://localhost:27023 mongodb://localhost:27024 mongodb://localhost:27025 mongodb://localhost:27026 mongodb://localhost:27027 mongodb://localhost:27028 mongodb://localhost:27029 mongodb://localhost:27030 mongodb://localhost:27031 mongodb://localhost:27032 mongodb://localhost:27033 mongodb://localhost:27034 mongodb://localhost:27035 mongodb://localhost:27036 mongodb://localhost:27037 mongodb://localhost:27038 mongodb://localhost:27039 mongodb://localhost:27040 mongodb://localhost:27041 mongodb://localhost:27042 mongodb://localhost:27043 mongodb://localhost:27044 mongodb://localhost:27045 mongodb://localhost:27046 reading workload files ...
load_filename : /mnt/nvme0/home/gxr/mongdb-run/workloads/ycsb/workloada-load-10000000-10000000.log.formated
read load file needs: 5658738473 s 
run_filename : /mnt/nvme0/home/gxr/mongdb-run/workloads/ycsb/workloada-run-10000000-10000000.log.formated
read run file needs: 5798310167 s 
num_of_load_ops is 10000000
num_of_run_ops is 10000000
0 1 2 3 4 5 6 7 8 9 10 11 12 13 14 15 128 129 130 131 132 133 134 135 136 137 138 139 140 141 142 143 URI: mongodb://localhost:27019
URI: mongodb://localhost:27021
URI: mongodb://localhost:27018
URI: mongodb://localhost:27017
URI: mongodb://localhost:27020
URI: mongodb://localhost:27022
URI: mongodb://localhost:27023
URI: mongodb://localhost:27024
URI: URI: mongodb://localhost:27030URI: URI: URI: mongodb://localhost:27025
mongodb://localhost:27028
mongodb://localhost:27032

mongodb://localhost:27029
URI: mongodb://localhost:27027
URI: mongodb://localhost:27026
URI: mongodb://localhost:27031
Load workloads needs: 100451514618 ns 
[report] load_thread_ID : 4
[report] load_duration_ns : 100451514618
[report] load_duration_s : 100.451515
[report] load_throughput : 6221.907180
[report] load_average_latency_ns : 160722.423389
Load workloads needs: 100573882482 ns 
[report] load_thread_ID : 0
[report] load_duration_ns : 100573882482
[report] load_duration_s : 100.573882
[report] load_throughput : 6214.337009
[report] load_average_latency_ns : 160918.211971
Load workloads needs: 100664425234 ns 
[report] load_thread_ID : 1
[report] load_duration_ns : 100664425234
[report] load_duration_s : 100.664425
[report] load_throughput : 6208.747515
[report] load_average_latency_ns : 161063.080374
Load workloads needs: 100976279378 ns 
[report] load_thread_ID : 3
[report] load_duration_ns : 100976279378
[report] load_duration_s : 100.976279
[report] load_throughput : 6189.572480
[report] load_average_latency_ns : 161562.047005
Load workloads needs: 101116833802 ns 
[report] load_thread_ID : 2
[report] load_duration_ns : 101116833802
[report] load_duration_s : 101.116834
[report] load_throughput : 6180.968851
[report] load_average_latency_ns : 161786.934083
Load workloads needs: 101671867889 ns 
[report] load_thread_ID : 5
[report] load_duration_ns : 101671867889
[report] load_duration_s : 101.671868
[report] load_throughput : 6147.226494
[report] load_average_latency_ns : 162674.988622
Load workloads needs: 101832583307 ns 
[report] load_thread_ID : 7
[report] load_duration_ns : 101832583307
[report] load_duration_s : 101.832583
[report] load_throughput : 6137.524746
[report] load_average_latency_ns : 162932.133291
Load workloads needs: 101925537652 ns 
[report] load_thread_ID : 6
[report] load_duration_ns : 101925537652
[report] load_duration_s : 101.925538
[report] load_throughput : 6131.927429
[report] load_average_latency_ns : 163080.860243
Load workloads needs: 102872095123 ns 
[report] load_thread_ID : 8
[report] load_duration_ns : 102872095123
[report] load_duration_s : 102.872095
[report] load_throughput : 6075.505697
[report] load_average_latency_ns : 164595.352197
Load workloads needs: 103153359951 ns 
[report] load_thread_ID : 11
[report] load_duration_ns : 103153359951
[report] load_duration_s : 103.153360
[report] load_throughput : 6058.939818
[report] load_average_latency_ns : 165045.375922
Load workloads needs: 103248995628 ns 
[report] load_thread_ID : 15
[report] load_duration_ns : 103248995628
[report] load_duration_s : 103.248996
[report] load_throughput : 6053.327649
[report] load_average_latency_ns : 165198.393005
Load workloads needs: 103585550804 ns 
[report] load_thread_ID : 13
[report] load_duration_ns : 103585550804
[report] load_duration_s : 103.585551
[report] load_throughput : 6033.660053
[report] load_average_latency_ns : 165736.881286
Load workloads needs: 103645817928 ns 
[report] load_thread_ID : 10
[report] load_duration_ns : 103645817928
[report] load_duration_s : 103.645818
[report] load_throughput : 6030.151650
[report] load_average_latency_ns : 165833.308685
Load workloads needs: 103665802863 ns 
[report] load_thread_ID : 9
[report] load_duration_ns : 103665802863
[report] load_duration_s : 103.665803
[report] load_throughput : 6028.989143
[report] load_average_latency_ns : 165865.284581
Load workloads needs: 103705763013 ns 
[report] load_thread_ID : 12
[report] load_duration_ns : 103705763013
[report] load_duration_s : 103.705763
[report] load_throughput : 6026.666039
[report] load_average_latency_ns : 165929.220821
Load workloads needs: 104020129820 ns 
[report] load_thread_ID : 14
[report] load_duration_ns : 104020129820
[report] load_duration_s : 104.020130
[report] load_throughput : 6008.452413
[report] load_average_latency_ns : 166432.207712
All clients run done needs: 104022060885 ns 
[report] load_overall_duration_ns : 104022060885
[report] load_overall_duration_s : 104.022061
[report] load_overall_throughput : 96133.453951
[report] load_overall_average_latency_ns : 10402.206088
