numactl --membind=0 /mnt/nvme0/home/gxr/mongdb-run/test_mongodb/build//run_client --num_threads=8 --core_binding=0,1,2,3,4,5,6,7,8,9,10,11,12,13,14,15,128,129,130,131,132,133,134,135,136,137,138,139,140,141,142,143 --str_key_size=16 --str_key_size=256 --load_file=/mnt/nvme0/home/gxr/mongdb-run/workloads/ycsb/workloada-load-10000000-10000000.log.formated --run_file=/mnt/nvme0/home/gxr/mongdb-run/workloads/ycsb/workloada-run-10000000-10000000.log.formated --URI_set=mongodb://localhost:27017,mongodb://localhost:27018,mongodb://localhost:27019,mongodb://localhost:27020,mongodb://localhost:27021,mongodb://localhost:27022,mongodb://localhost:27023,mongodb://localhost:27024,mongodb://localhost:27025,mongodb://localhost:27026,mongodb://localhost:27027,mongodb://localhost:27028,mongodb://localhost:27029,mongodb://localhost:27030,mongodb://localhost:27031,mongodb://localhost:27032,mongodb://localhost:27033,mongodb://localhost:27034,mongodb://localhost:27035,mongodb://localhost:27036,mongodb://localhost:27037,mongodb://localhost:27038,mongodb://localhost:27039,mongodb://localhost:27040,mongodb://localhost:27041,mongodb://localhost:27042,mongodb://localhost:27043,mongodb://localhost:27044,mongodb://localhost:27045,mongodb://localhost:27046 --first_mode=false
mongodb://localhost:27017 mongodb://localhost:27018 mongodb://localhost:27019 mongodb://localhost:27020 mongodb://localhost:27021 mongodb://localhost:27022 mongodb://localhost:27023 mongodb://localhost:27024 mongodb://localhost:27025 mongodb://localhost:27026 mongodb://localhost:27027 mongodb://localhost:27028 mongodb://localhost:27029 mongodb://localhost:27030 mongodb://localhost:27031 mongodb://localhost:27032 mongodb://localhost:27033 mongodb://localhost:27034 mongodb://localhost:27035 mongodb://localhost:27036 mongodb://localhost:27037 mongodb://localhost:27038 mongodb://localhost:27039 mongodb://localhost:27040 mongodb://localhost:27041 mongodb://localhost:27042 mongodb://localhost:27043 mongodb://localhost:27044 mongodb://localhost:27045 mongodb://localhost:27046 reading workload files ...
load_filename : /mnt/nvme0/home/gxr/mongdb-run/workloads/ycsb/workloada-load-10000000-10000000.log.formated
read load file needs: 5866596211 s 
run_filename : /mnt/nvme0/home/gxr/mongdb-run/workloads/ycsb/workloada-run-10000000-10000000.log.formated
read run file needs: 5979838386 s 
num_of_load_ops is 10000000
num_of_run_ops is 10000000
0 1 2 3 4 5 6 7 8 9 10 11 12 13 14 15 128 129 130 131 132 133 134 135 136 137 138 139 140 141 142 143 URI: URI: mongodb://localhost:27019
URI: mongodb://localhost:27021
URI: mongodb://localhost:27018
URI: mongodb://localhost:27020
mongodb://localhost:27017
URI: mongodb://localhost:27022
URI: mongodb://localhost:27023
URI: mongodb://localhost:27024
Load workloads needs: 195596832348 ns 
[report] load_thread_ID : 0
[report] load_duration_ns : 195596832348
[report] load_duration_s : 195.596832
[report] load_throughput : 6390.696541
[report] load_average_latency_ns : 156477.465878
Load workloads needs: 196041233927 ns 
[report] load_thread_ID : 7
[report] load_duration_ns : 196041233927
[report] load_duration_s : 196.041234
[report] load_throughput : 6376.209611
[report] load_average_latency_ns : 156832.987142
Load workloads needs: 196061799849 ns 
[report] load_thread_ID : 1
[report] load_duration_ns : 196061799849
[report] load_duration_s : 196.061800
[report] load_throughput : 6375.540778
[report] load_average_latency_ns : 156849.439879
Load workloads needs: 196159469111 ns 
[report] load_thread_ID : 2
[report] load_duration_ns : 196159469111
[report] load_duration_s : 196.159469
[report] load_throughput : 6372.366349
[report] load_average_latency_ns : 156927.575289
Load workloads needs: 196882611469 ns 
[report] load_thread_ID : 5
[report] load_duration_ns : 196882611469
[report] load_duration_s : 196.882611
[report] load_throughput : 6348.960889
[report] load_average_latency_ns : 157506.089175
Load workloads needs: 196967428687 ns 
[report] load_thread_ID : 6
[report] load_duration_ns : 196967428687
[report] load_duration_s : 196.967429
[report] load_throughput : 6346.226929
[report] load_average_latency_ns : 157573.942950
Load workloads needs: 197369398497 ns 
[report] load_thread_ID : 3
[report] load_duration_ns : 197369398497
[report] load_duration_s : 197.369398
[report] load_throughput : 6333.301968
[report] load_average_latency_ns : 157895.518798
Load workloads needs: 197722919475 ns 
[report] load_thread_ID : 4
[report] load_duration_ns : 197722919475
[report] load_duration_s : 197.722919
[report] load_throughput : 6321.978268
[report] load_average_latency_ns : 158178.335580
All clients run done needs: 197723409794 ns 
[report] load_overall_duration_ns : 197723409794
[report] load_overall_duration_s : 197.723410
[report] load_overall_throughput : 50575.700725
[report] load_overall_average_latency_ns : 19772.340979
