numactl --membind=0 /mnt/nvme0/home/gxr/mongdb-run/test_mongodb/build//run_client --num_threads=20 --core_binding=0,1,2,3,4,5,6,7,8,9,10,11,12,13,14,15,128,129,130,131,132,133,134,135,136,137,138,139,140,141,142,143 --str_key_size=16 --str_key_size=1024 --load_file=/mnt/nvme0/home/gxr/mongdb-run/workloads/ycsb/workloada-load-10000000-10000000.log.formated --run_file=/mnt/nvme0/home/gxr/mongdb-run/workloads/ycsb/workloada-run-10000000-10000000.log.formated --URI_set=mongodb://localhost:27017,mongodb://localhost:27018,mongodb://localhost:27019,mongodb://localhost:27020,mongodb://localhost:27021,mongodb://localhost:27022,mongodb://localhost:27023,mongodb://localhost:27024,mongodb://localhost:27025,mongodb://localhost:27026,mongodb://localhost:27027,mongodb://localhost:27028,mongodb://localhost:27029,mongodb://localhost:27030,mongodb://localhost:27031,mongodb://localhost:27032,mongodb://localhost:27033,mongodb://localhost:27034,mongodb://localhost:27035,mongodb://localhost:27036,mongodb://localhost:27037,mongodb://localhost:27038,mongodb://localhost:27039,mongodb://localhost:27040,mongodb://localhost:27041,mongodb://localhost:27042,mongodb://localhost:27043,mongodb://localhost:27044,mongodb://localhost:27045,mongodb://localhost:27046 --first_mode=true
mongodb://localhost:27017 mongodb://localhost:27018 mongodb://localhost:27019 mongodb://localhost:27020 mongodb://localhost:27021 mongodb://localhost:27022 mongodb://localhost:27023 mongodb://localhost:27024 mongodb://localhost:27025 mongodb://localhost:27026 mongodb://localhost:27027 mongodb://localhost:27028 mongodb://localhost:27029 mongodb://localhost:27030 mongodb://localhost:27031 mongodb://localhost:27032 mongodb://localhost:27033 mongodb://localhost:27034 mongodb://localhost:27035 mongodb://localhost:27036 mongodb://localhost:27037 mongodb://localhost:27038 mongodb://localhost:27039 mongodb://localhost:27040 mongodb://localhost:27041 mongodb://localhost:27042 mongodb://localhost:27043 mongodb://localhost:27044 mongodb://localhost:27045 mongodb://localhost:27046 reading workload files ...
load_filename : /mnt/nvme0/home/gxr/mongdb-run/workloads/ycsb/workloada-load-10000000-10000000.log.formated
read load file needs: 5825835147 s 
run_filename : /mnt/nvme0/home/gxr/mongdb-run/workloads/ycsb/workloada-run-10000000-10000000.log.formated
read run file needs: 5963875585 s 
num_of_load_ops is 10000000
num_of_run_ops is 10000000
0 1 2 3 4 5 6 7 8 9 10 11 12 13 14 15 128 129 130 131 132 133 134 135 136 137 138 139 140 141 142 143 URI: mongodb://localhost:27017
URI: mongodb://localhost:27017
URI: mongodb://localhost:27017
URI: mongodb://localhost:27017
URI: mongodb://localhost:27017
URI: mongodb://localhost:27017
URI: mongodb://localhost:27017
URI: mongodb://localhost:27017
URI: mongodb://localhost:27017
URI: mongodb://localhost:27017
URI: mongodb://localhost:27017
URI: mongodb://localhost:27017
URI: mongodb://localhost:27017URI: URI: mongodb://localhost:27017
URI: mongodb://localhost:27017URI: URI: mongodb://localhost:27017

mongodb://localhost:27017

mongodb://localhost:27017
URI: mongodb://localhost:27017
URI: mongodb://localhost:27017
Load workloads needs: 85497281268 ns 
[report] load_thread_ID : 12
[report] load_duration_ns : 85497281268
[report] load_duration_s : 85.497281
[report] load_throughput : 5848.139176
[report] load_average_latency_ns : 170994.562536
Load workloads needs: 85550333337 ns 
[report] load_thread_ID : 13
[report] load_duration_ns : 85550333337
[report] load_duration_s : 85.550333
[report] load_throughput : 5844.512587
[report] load_average_latency_ns : 171100.666674
Load workloads needs: 85612154959 ns 
[report] load_thread_ID : 8
[report] load_duration_ns : 85612154959
[report] load_duration_s : 85.612155
[report] load_throughput : 5840.292190
[report] load_average_latency_ns : 171224.309918
Load workloads needs: 85735893564 ns 
[report] load_thread_ID : 14
[report] load_duration_ns : 85735893564
[report] load_duration_s : 85.735894
[report] load_throughput : 5831.863170
[report] load_average_latency_ns : 171471.787128
Load workloads needs: 85833400638 ns 
[report] load_thread_ID : 10
[report] load_duration_ns : 85833400638
[report] load_duration_s : 85.833401
[report] load_throughput : 5825.238151
[report] load_average_latency_ns : 171666.801276
Load workloads needs: 85965125918 ns 
[report] load_thread_ID : 15
[report] load_duration_ns : 85965125918
[report] load_duration_s : 85.965126
[report] load_throughput : 5816.312076
[report] load_average_latency_ns : 171930.251836
Load workloads needs: 86055502354 ns 
[report] load_thread_ID : 9
[report] load_duration_ns : 86055502354
[report] load_duration_s : 86.055502
[report] load_throughput : 5810.203721
[report] load_average_latency_ns : 172111.004708
Load workloads needs: 86222738046 ns 
[report] load_thread_ID : 11
[report] load_duration_ns : 86222738046
[report] load_duration_s : 86.222738
[report] load_throughput : 5798.934380
[report] load_average_latency_ns : 172445.476092
Load workloads needs: 90905300056 ns 
[report] load_thread_ID : 16
[report] load_duration_ns : 90905300056
[report] load_duration_s : 90.905300
[report] load_throughput : 5500.229356
[report] load_average_latency_ns : 181810.600112
Load workloads needs: 91537742455 ns 
[report] load_thread_ID : 18
[report] load_duration_ns : 91537742455
[report] load_duration_s : 91.537742
[report] load_throughput : 5462.227783
[report] load_average_latency_ns : 183075.484910
Load workloads needs: 91800210638 ns 
[report] load_thread_ID : 17
[report] load_duration_ns : 91800210638
[report] load_duration_s : 91.800211
[report] load_throughput : 5446.610596
[report] load_average_latency_ns : 183600.421276
Load workloads needs: 93326039701 ns 
[report] load_thread_ID : 3
[report] load_duration_ns : 93326039701
[report] load_duration_s : 93.326040
[report] load_throughput : 5357.561529
[report] load_average_latency_ns : 186652.079402
Load workloads needs: 93914860252 ns 
[report] load_thread_ID : 6
[report] load_duration_ns : 93914860252
[report] load_duration_s : 93.914860
[report] load_throughput : 5323.971080
[report] load_average_latency_ns : 187829.720504
Load workloads needs: 94429743027 ns 
[report] load_thread_ID : 5
[report] load_duration_ns : 94429743027
[report] load_duration_s : 94.429743
[report] load_throughput : 5294.941869
[report] load_average_latency_ns : 188859.486054
Load workloads needs: 96978531909 ns 
[report] load_thread_ID : 19
[report] load_duration_ns : 96978531909
[report] load_duration_s : 96.978532
[report] load_throughput : 5155.780255
[report] load_average_latency_ns : 193957.063818
Load workloads needs: 97299101943 ns 
[report] load_thread_ID : 7
[report] load_duration_ns : 97299101943
[report] load_duration_s : 97.299102
[report] load_throughput : 5138.793576
[report] load_average_latency_ns : 194598.203886
Load workloads needs: 100090966783 ns 
[report] load_thread_ID : 0
[report] load_duration_ns : 100090966783
[report] load_duration_s : 100.090967
[report] load_throughput : 4995.455795
[report] load_average_latency_ns : 200181.933566
Load workloads needs: 100279135820 ns 
[report] load_thread_ID : 2
[report] load_duration_ns : 100279135820
[report] load_duration_s : 100.279136
[report] load_throughput : 4986.082059
[report] load_average_latency_ns : 200558.271640
Load workloads needs: 100332534688 ns 
[report] load_thread_ID : 1
[report] load_duration_ns : 100332534688
[report] load_duration_s : 100.332535
[report] load_throughput : 4983.428372
[report] load_average_latency_ns : 200665.069376
Load workloads needs: 102046710213 ns 
[report] load_thread_ID : 4
[report] load_duration_ns : 102046710213
[report] load_duration_s : 102.046710
[report] load_throughput : 4899.716992
[report] load_average_latency_ns : 204093.420426
All clients run done needs: 102046556392 ns 
[report] load_overall_duration_ns : 102046556392
[report] load_overall_duration_s : 102.046556
[report] load_overall_throughput : 97994.487551
[report] load_overall_average_latency_ns : 10204.655639
