numactl --membind=0 /mnt/nvme0/home/gxr/mongdb-run/test_mongodb/build//run_client --num_threads=8 --core_binding=0,1,2,3,4,5,6,7,8,9,10,11,12,13,14,15,128,129,130,131,132,133,134,135,136,137,138,139,140,141,142,143 --str_key_size=16 --str_key_size=1024 --load_file=/mnt/nvme0/home/gxr/mongdb-run/workloads/ycsb/workloada-load-10000000-10000000.log.formated --run_file=/mnt/nvme0/home/gxr/mongdb-run/workloads/ycsb/workloada-run-10000000-10000000.log.formated --URI_set=mongodb://localhost:27017,mongodb://localhost:27018,mongodb://localhost:27019,mongodb://localhost:27020,mongodb://localhost:27021,mongodb://localhost:27022,mongodb://localhost:27023,mongodb://localhost:27024,mongodb://localhost:27025,mongodb://localhost:27026,mongodb://localhost:27027,mongodb://localhost:27028,mongodb://localhost:27029,mongodb://localhost:27030,mongodb://localhost:27031,mongodb://localhost:27032,mongodb://localhost:27033,mongodb://localhost:27034,mongodb://localhost:27035,mongodb://localhost:27036,mongodb://localhost:27037,mongodb://localhost:27038,mongodb://localhost:27039,mongodb://localhost:27040,mongodb://localhost:27041,mongodb://localhost:27042,mongodb://localhost:27043,mongodb://localhost:27044,mongodb://localhost:27045,mongodb://localhost:27046 --first_mode=true
mongodb://localhost:27017 mongodb://localhost:27018 mongodb://localhost:27019 mongodb://localhost:27020 mongodb://localhost:27021 mongodb://localhost:27022 mongodb://localhost:27023 mongodb://localhost:27024 mongodb://localhost:27025 mongodb://localhost:27026 mongodb://localhost:27027 mongodb://localhost:27028 mongodb://localhost:27029 mongodb://localhost:27030 mongodb://localhost:27031 mongodb://localhost:27032 mongodb://localhost:27033 mongodb://localhost:27034 mongodb://localhost:27035 mongodb://localhost:27036 mongodb://localhost:27037 mongodb://localhost:27038 mongodb://localhost:27039 mongodb://localhost:27040 mongodb://localhost:27041 mongodb://localhost:27042 mongodb://localhost:27043 mongodb://localhost:27044 mongodb://localhost:27045 mongodb://localhost:27046 reading workload files ...
load_filename : /mnt/nvme0/home/gxr/mongdb-run/workloads/ycsb/workloada-load-10000000-10000000.log.formated
read load file needs: 5796143322 s 
run_filename : /mnt/nvme0/home/gxr/mongdb-run/workloads/ycsb/workloada-run-10000000-10000000.log.formated
read run file needs: 5938777258 s 
num_of_load_ops is 10000000
num_of_run_ops is 10000000
0 1 2 3 4 5 6 7 8 9 10 11 12 13 14 15 128 129 130 131 132 133 134 135 136 137 138 139 140 141 142 143 URI: URI: mongodb://localhost:27017URI: mongodb://localhost:27017
URI: mongodb://localhost:27017
URI: mongodb://localhost:27017
URI: mongodb://localhost:27017
URI: mongodb://localhost:27017
mongodb://localhost:27017

URI: mongodb://localhost:27017
Load workloads needs: 185663760128 ns 
[report] load_thread_ID : 2
[report] load_duration_ns : 185663760128
[report] load_duration_s : 185.663760
[report] load_throughput : 6732.600908
[report] load_average_latency_ns : 148531.008102
Load workloads needs: 186531429524 ns 
[report] load_thread_ID : 7
[report] load_duration_ns : 186531429524
[report] load_duration_s : 186.531430
[report] load_throughput : 6701.283549
[report] load_average_latency_ns : 149225.143619
Load workloads needs: 188805422495 ns 
[report] load_thread_ID : 0
[report] load_duration_ns : 188805422495
[report] load_duration_s : 188.805422
[report] load_throughput : 6620.572563
[report] load_average_latency_ns : 151044.337996
Load workloads needs: 189296831682 ns 
[report] load_thread_ID : 3
[report] load_duration_ns : 189296831682
[report] load_duration_s : 189.296832
[report] load_throughput : 6603.385746
[report] load_average_latency_ns : 151437.465346
Load workloads needs: 190443822586 ns 
[report] load_thread_ID : 6
[report] load_duration_ns : 190443822586
[report] load_duration_s : 190.443823
[report] load_throughput : 6563.615365
[report] load_average_latency_ns : 152355.058069
Load workloads needs: 190755737477 ns 
[report] load_thread_ID : 4
[report] load_duration_ns : 190755737477
[report] load_duration_s : 190.755737
[report] load_throughput : 6552.882847
[report] load_average_latency_ns : 152604.589982
Load workloads needs: 192523713485 ns 
[report] load_thread_ID : 1
[report] load_duration_ns : 192523713485
[report] load_duration_s : 192.523713
[report] load_throughput : 6492.706677
[report] load_average_latency_ns : 154018.970788
Load workloads needs: 192727249510 ns 
[report] load_thread_ID : 5
[report] load_duration_ns : 192727249510
[report] load_duration_s : 192.727250
[report] load_throughput : 6485.849838
[report] load_average_latency_ns : 154181.799608
All clients run done needs: 192728390706 ns 
[report] load_overall_duration_ns : 192728390706
[report] load_overall_duration_s : 192.728391
[report] load_overall_throughput : 51886.491468
[report] load_overall_average_latency_ns : 19272.839071
