numactl --membind=0 /mnt/nvme0/home/gxr/mongdb-run/test_mongodb/build//run_client --num_threads=16 --core_binding=0,1,2,3,4,5,6,7,8,9,10,11,12,13,14,15,128,129,130,131,132,133,134,135,136,137,138,139,140,141,142,143 --str_key_size=16 --str_key_size=256 --load_file=/mnt/nvme0/home/gxr/mongdb-run/workloads/ycsb/workloada-load-10000000-10000000.log.formated --run_file=/mnt/nvme0/home/gxr/mongdb-run/workloads/ycsb/workloada-run-10000000-10000000.log.formated --URI_set=mongodb://localhost:27017,mongodb://localhost:27018,mongodb://localhost:27019,mongodb://localhost:27020,mongodb://localhost:27021,mongodb://localhost:27022,mongodb://localhost:27023,mongodb://localhost:27024,mongodb://localhost:27025,mongodb://localhost:27026,mongodb://localhost:27027,mongodb://localhost:27028,mongodb://localhost:27029,mongodb://localhost:27030,mongodb://localhost:27031,mongodb://localhost:27032,mongodb://localhost:27033,mongodb://localhost:27034,mongodb://localhost:27035,mongodb://localhost:27036,mongodb://localhost:27037,mongodb://localhost:27038,mongodb://localhost:27039,mongodb://localhost:27040,mongodb://localhost:27041,mongodb://localhost:27042,mongodb://localhost:27043,mongodb://localhost:27044,mongodb://localhost:27045,mongodb://localhost:27046 --first_mode=false
mongodb://localhost:27017 mongodb://localhost:27018 mongodb://localhost:27019 mongodb://localhost:27020 mongodb://localhost:27021 mongodb://localhost:27022 mongodb://localhost:27023 mongodb://localhost:27024 mongodb://localhost:27025 mongodb://localhost:27026 mongodb://localhost:27027 mongodb://localhost:27028 mongodb://localhost:27029 mongodb://localhost:27030 mongodb://localhost:27031 mongodb://localhost:27032 mongodb://localhost:27033 mongodb://localhost:27034 mongodb://localhost:27035 mongodb://localhost:27036 mongodb://localhost:27037 mongodb://localhost:27038 mongodb://localhost:27039 mongodb://localhost:27040 mongodb://localhost:27041 mongodb://localhost:27042 mongodb://localhost:27043 mongodb://localhost:27044 mongodb://localhost:27045 mongodb://localhost:27046 reading workload files ...
load_filename : /mnt/nvme0/home/gxr/mongdb-run/workloads/ycsb/workloada-load-10000000-10000000.log.formated
read load file needs: 5752028089 s 
run_filename : /mnt/nvme0/home/gxr/mongdb-run/workloads/ycsb/workloada-run-10000000-10000000.log.formated
read run file needs: 5806514269 s 
num_of_load_ops is 10000000
num_of_run_ops is 10000000
0 1 2 3 4 5 6 7 8 9 10 11 12 13 14 15 128 129 130 131 132 133 134 135 136 137 138 139 140 141 142 143 URI: mongodb://localhost:27018
URI: mongodb://localhost:27017
URI: mongodb://localhost:27020
URI: mongodb://localhost:27019
URI: mongodb://localhost:27021
URI: mongodb://localhost:27022
URI: mongodb://localhost:27023
URI: mongodb://localhost:27024
URI: mongodb://localhost:27032
URI: mongodb://localhost:27029
URI: mongodb://localhost:27031
URI: mongodb://localhost:27027
URI: mongodb://localhost:27026
URI: mongodb://localhost:27025
URI: mongodb://localhost:27030
URI: mongodb://localhost:27028
Load workloads needs: 102754837050 ns 
[report] load_thread_ID : 0
[report] load_duration_ns : 102754837050
[report] load_duration_s : 102.754837
[report] load_throughput : 6082.438724
[report] load_average_latency_ns : 164407.739280
Load workloads needs: 103172011633 ns 
[report] load_thread_ID : 8
[report] load_duration_ns : 103172011633
[report] load_duration_s : 103.172012
[report] load_throughput : 6057.844469
[report] load_average_latency_ns : 165075.218613
Load workloads needs: 103183266336 ns 
[report] load_thread_ID : 10
[report] load_duration_ns : 103183266336
[report] load_duration_s : 103.183266
[report] load_throughput : 6057.183710
[report] load_average_latency_ns : 165093.226138
Load workloads needs: 103198420731 ns 
[report] load_thread_ID : 3
[report] load_duration_ns : 103198420731
[report] load_duration_s : 103.198421
[report] load_throughput : 6056.294230
[report] load_average_latency_ns : 165117.473170
Load workloads needs: 103599738931 ns 
[report] load_thread_ID : 15
[report] load_duration_ns : 103599738931
[report] load_duration_s : 103.599739
[report] load_throughput : 6032.833735
[report] load_average_latency_ns : 165759.582290
Load workloads needs: 103633655532 ns 
[report] load_thread_ID : 1
[report] load_duration_ns : 103633655532
[report] load_duration_s : 103.633656
[report] load_throughput : 6030.859346
[report] load_average_latency_ns : 165813.848851
Load workloads needs: 103831971167 ns 
[report] load_thread_ID : 9
[report] load_duration_ns : 103831971167
[report] load_duration_s : 103.831971
[report] load_throughput : 6019.340604
[report] load_average_latency_ns : 166131.153867
Load workloads needs: 103834810771 ns 
[report] load_thread_ID : 7
[report] load_duration_ns : 103834810771
[report] load_duration_s : 103.834811
[report] load_throughput : 6019.175991
[report] load_average_latency_ns : 166135.697234
Load workloads needs: 103868959130 ns 
[report] load_thread_ID : 13
[report] load_duration_ns : 103868959130
[report] load_duration_s : 103.868959
[report] load_throughput : 6017.197103
[report] load_average_latency_ns : 166190.334608
Load workloads needs: 104009327222 ns 
[report] load_thread_ID : 6
[report] load_duration_ns : 104009327222
[report] load_duration_s : 104.009327
[report] load_throughput : 6009.076462
[report] load_average_latency_ns : 166414.923555
Load workloads needs: 104035862789 ns 
[report] load_thread_ID : 2
[report] load_duration_ns : 104035862789
[report] load_duration_s : 104.035863
[report] load_throughput : 6007.543776
[report] load_average_latency_ns : 166457.380462
Load workloads needs: 104057539828 ns 
[report] load_thread_ID : 11
[report] load_duration_ns : 104057539828
[report] load_duration_s : 104.057540
[report] load_throughput : 6006.292298
[report] load_average_latency_ns : 166492.063725
Load workloads needs: 104087419858 ns 
[report] load_thread_ID : 14
[report] load_duration_ns : 104087419858
[report] load_duration_s : 104.087420
[report] load_throughput : 6004.568091
[report] load_average_latency_ns : 166539.871773
Load workloads needs: 104120816270 ns 
[report] load_thread_ID : 5
[report] load_duration_ns : 104120816270
[report] load_duration_s : 104.120816
[report] load_throughput : 6002.642146
[report] load_average_latency_ns : 166593.306032
Load workloads needs: 104133103141 ns 
[report] load_thread_ID : 12
[report] load_duration_ns : 104133103141
[report] load_duration_s : 104.133103
[report] load_throughput : 6001.933882
[report] load_average_latency_ns : 166612.965026
Load workloads needs: 104146358410 ns 
[report] load_thread_ID : 4
[report] load_duration_ns : 104146358410
[report] load_duration_s : 104.146358
[report] load_throughput : 6001.169984
[report] load_average_latency_ns : 166634.173456
All clients run done needs: 104146647539 ns 
[report] load_overall_duration_ns : 104146647539
[report] load_overall_duration_s : 104.146648
[report] load_overall_throughput : 96018.453174
[report] load_overall_average_latency_ns : 10414.664754
