numactl --membind=0 /mnt/nvme0/home/gxr/mongdb-run/test_mongodb/build//run_client --num_threads=12 --core_binding=0,1,2,3,4,5,6,7,8,9,10,11,12,13,14,15,128,129,130,131,132,133,134,135,136,137,138,139,140,141,142,143 --str_key_size=16 --str_key_size=1024 --load_file=/mnt/nvme0/home/gxr/mongdb-run/workloads/ycsb/workloada-load-10000000-10000000.log.formated --run_file=/mnt/nvme0/home/gxr/mongdb-run/workloads/ycsb/workloada-run-10000000-10000000.log.formated --URI_set=mongodb://localhost:27017,mongodb://localhost:27018,mongodb://localhost:27019,mongodb://localhost:27020,mongodb://localhost:27021,mongodb://localhost:27022,mongodb://localhost:27023,mongodb://localhost:27024,mongodb://localhost:27025,mongodb://localhost:27026,mongodb://localhost:27027,mongodb://localhost:27028,mongodb://localhost:27029,mongodb://localhost:27030,mongodb://localhost:27031,mongodb://localhost:27032,mongodb://localhost:27033,mongodb://localhost:27034,mongodb://localhost:27035,mongodb://localhost:27036,mongodb://localhost:27037,mongodb://localhost:27038,mongodb://localhost:27039,mongodb://localhost:27040,mongodb://localhost:27041,mongodb://localhost:27042,mongodb://localhost:27043,mongodb://localhost:27044,mongodb://localhost:27045,mongodb://localhost:27046 --first_mode=false
mongodb://localhost:27017 mongodb://localhost:27018 mongodb://localhost:27019 mongodb://localhost:27020 mongodb://localhost:27021 mongodb://localhost:27022 mongodb://localhost:27023 mongodb://localhost:27024 mongodb://localhost:27025 mongodb://localhost:27026 mongodb://localhost:27027 mongodb://localhost:27028 mongodb://localhost:27029 mongodb://localhost:27030 mongodb://localhost:27031 mongodb://localhost:27032 mongodb://localhost:27033 mongodb://localhost:27034 mongodb://localhost:27035 mongodb://localhost:27036 mongodb://localhost:27037 mongodb://localhost:27038 mongodb://localhost:27039 mongodb://localhost:27040 mongodb://localhost:27041 mongodb://localhost:27042 mongodb://localhost:27043 mongodb://localhost:27044 mongodb://localhost:27045 mongodb://localhost:27046 reading workload files ...
load_filename : /mnt/nvme0/home/gxr/mongdb-run/workloads/ycsb/workloada-load-10000000-10000000.log.formated
read load file needs: 5825004916 s 
run_filename : /mnt/nvme0/home/gxr/mongdb-run/workloads/ycsb/workloada-run-10000000-10000000.log.formated
read run file needs: 5952419748 s 
num_of_load_ops is 10000000
num_of_run_ops is 10000000
0 1 2 3 4 5 6 7 8 9 10 11 12 13 14 15 128 129 130 131 132 133 134 135 136 137 138 139 140 141 142 143 URI: mongodb://localhost:27017
URI: mongodb://localhost:27018
URI: mongodb://localhost:27019
URI: mongodb://localhost:27020
URI: mongodb://localhost:27021
URI: mongodb://localhost:27022
URI: mongodb://localhost:27023
URI: mongodb://localhost:27026
URI: mongodb://localhost:27027
URI: mongodb://localhost:27025
URI: mongodb://localhost:27028
URI: mongodb://localhost:27024
Load workloads needs: 100285211498 ns 
[report] load_thread_ID : 10
[report] load_duration_ns : 100285211498
[report] load_duration_s : 100.285211
[report] load_throughput : 8309.629980
[report] load_average_latency_ns : 120342.301935
Load workloads needs: 101145373866 ns 
[report] load_thread_ID : 9
[report] load_duration_ns : 101145373866
[report] load_duration_s : 101.145374
[report] load_throughput : 8238.963070
[report] load_average_latency_ns : 121374.497189
Load workloads needs: 102539526854 ns 
[report] load_thread_ID : 8
[report] load_duration_ns : 102539526854
[report] load_duration_s : 102.539527
[report] load_throughput : 8126.944073
[report] load_average_latency_ns : 123047.481444
Load workloads needs: 103253020770 ns 
[report] load_thread_ID : 11
[report] load_duration_ns : 103253020770
[report] load_duration_s : 103.253021
[report] load_throughput : 8070.785666
[report] load_average_latency_ns : 123903.674485
Load workloads needs: 133869451765 ns 
[report] load_thread_ID : 0
[report] load_duration_ns : 133869451765
[report] load_duration_s : 133.869452
[report] load_throughput : 6224.967601
[report] load_average_latency_ns : 160643.406375
Load workloads needs: 134196769530 ns 
[report] load_thread_ID : 2
[report] load_duration_ns : 134196769530
[report] load_duration_s : 134.196770
[report] load_throughput : 6209.784356
[report] load_average_latency_ns : 161036.187850
Load workloads needs: 134297058305 ns 
[report] load_thread_ID : 7
[report] load_duration_ns : 134297058305
[report] load_duration_s : 134.297058
[report] load_throughput : 6205.147086
[report] load_average_latency_ns : 161156.534429
Load workloads needs: 134371978473 ns 
[report] load_thread_ID : 1
[report] load_duration_ns : 134371978473
[report] load_duration_s : 134.371978
[report] load_throughput : 6201.687357
[report] load_average_latency_ns : 161246.438666
Load workloads needs: 134856105530 ns 
[report] load_thread_ID : 3
[report] load_duration_ns : 134856105530
[report] load_duration_s : 134.856106
[report] load_throughput : 6179.423592
[report] load_average_latency_ns : 161827.391367
Load workloads needs: 135687521877 ns 
[report] load_thread_ID : 6
[report] load_duration_ns : 135687521877
[report] load_duration_s : 135.687522
[report] load_throughput : 6141.559581
[report] load_average_latency_ns : 162825.091382
Load workloads needs: 135825944830 ns 
[report] load_thread_ID : 5
[report] load_duration_ns : 135825944830
[report] load_duration_s : 135.825945
[report] load_throughput : 6135.300594
[report] load_average_latency_ns : 162991.198992
Load workloads needs: 136059497316 ns 
[report] load_thread_ID : 4
[report] load_duration_ns : 136059497316
[report] load_duration_s : 136.059497
[report] load_throughput : 6124.769064
[report] load_average_latency_ns : 163271.462088
All clients run done needs: 136060063305 ns 
[report] load_overall_duration_ns : 136060063305
[report] load_overall_duration_s : 136.060063
[report] load_overall_throughput : 73496.952427
[report] load_overall_average_latency_ns : 13606.006331
