numactl --membind=0 /mnt/nvme0/home/gxr/mongdb-run/test_mongodb/build//run_client --num_threads=20 --core_binding=0,1,2,3,4,5,6,7,8,9,10,11,12,13,14,15,128,129,130,131,132,133,134,135,136,137,138,139,140,141,142,143 --str_key_size=16 --str_key_size=256 --load_file=/mnt/nvme0/home/gxr/mongdb-run/workloads/ycsb/workloada-load-10000000-10000000.log.formated --run_file=/mnt/nvme0/home/gxr/mongdb-run/workloads/ycsb/workloada-run-10000000-10000000.log.formated --URI_set=mongodb://localhost:27017,mongodb://localhost:27018,mongodb://localhost:27019,mongodb://localhost:27020,mongodb://localhost:27021,mongodb://localhost:27022,mongodb://localhost:27023,mongodb://localhost:27024,mongodb://localhost:27025,mongodb://localhost:27026,mongodb://localhost:27027,mongodb://localhost:27028,mongodb://localhost:27029,mongodb://localhost:27030,mongodb://localhost:27031,mongodb://localhost:27032,mongodb://localhost:27033,mongodb://localhost:27034,mongodb://localhost:27035,mongodb://localhost:27036,mongodb://localhost:27037,mongodb://localhost:27038,mongodb://localhost:27039,mongodb://localhost:27040,mongodb://localhost:27041,mongodb://localhost:27042,mongodb://localhost:27043,mongodb://localhost:27044,mongodb://localhost:27045,mongodb://localhost:27046 --first_mode=true
mongodb://localhost:27017 mongodb://localhost:27018 mongodb://localhost:27019 mongodb://localhost:27020 mongodb://localhost:27021 mongodb://localhost:27022 mongodb://localhost:27023 mongodb://localhost:27024 mongodb://localhost:27025 mongodb://localhost:27026 mongodb://localhost:27027 mongodb://localhost:27028 mongodb://localhost:27029 mongodb://localhost:27030 mongodb://localhost:27031 mongodb://localhost:27032 mongodb://localhost:27033 mongodb://localhost:27034 mongodb://localhost:27035 mongodb://localhost:27036 mongodb://localhost:27037 mongodb://localhost:27038 mongodb://localhost:27039 mongodb://localhost:27040 mongodb://localhost:27041 mongodb://localhost:27042 mongodb://localhost:27043 mongodb://localhost:27044 mongodb://localhost:27045 mongodb://localhost:27046 reading workload files ...
load_filename : /mnt/nvme0/home/gxr/mongdb-run/workloads/ycsb/workloada-load-10000000-10000000.log.formated
read load file needs: 5954514742 s 
run_filename : /mnt/nvme0/home/gxr/mongdb-run/workloads/ycsb/workloada-run-10000000-10000000.log.formated
read run file needs: 6037665065 s 
num_of_load_ops is 10000000
num_of_run_ops is 10000000
0 1 2 3 4 5 6 7 8 9 10 11 12 13 14 15 128 129 130 131 132 133 134 135 136 137 138 139 140 141 142 143 URI: mongodb://localhost:27017
URI: mongodb://localhost:27017
URI: mongodb://localhost:27017
URI: mongodb://localhost:27017
URI: mongodb://localhost:27017
URI: mongodb://localhost:27017
URI: mongodb://localhost:27017
URI: mongodb://localhost:27017
URI: mongodb://localhost:27017
URI: URI: URI: mongodb://localhost:27017
URI: URI: mongodb://localhost:27017
mongodb://localhost:27017
URI: mongodb://localhost:27017
mongodb://localhost:27017
URI: mongodb://localhost:27017
mongodb://localhost:27017
URI: mongodb://localhost:27017
URI: mongodb://localhost:27017
URI: mongodb://localhost:27017
URI: mongodb://localhost:27017
Load workloads needs: 84596349930 ns 
[report] load_thread_ID : 11
[report] load_duration_ns : 84596349930
[report] load_duration_s : 84.596350
[report] load_throughput : 5910.420490
[report] load_average_latency_ns : 169192.699860
Load workloads needs: 85268518623 ns 
[report] load_thread_ID : 8
[report] load_duration_ns : 85268518623
[report] load_duration_s : 85.268519
[report] load_throughput : 5863.828856
[report] load_average_latency_ns : 170537.037246
Load workloads needs: 85324115524 ns 
[report] load_thread_ID : 14
[report] load_duration_ns : 85324115524
[report] load_duration_s : 85.324116
[report] load_throughput : 5860.008005
[report] load_average_latency_ns : 170648.231048
Load workloads needs: 85528463869 ns 
[report] load_thread_ID : 15
[report] load_duration_ns : 85528463869
[report] load_duration_s : 85.528464
[report] load_throughput : 5846.007018
[report] load_average_latency_ns : 171056.927738
Load workloads needs: 85534192261 ns 
[report] load_thread_ID : 12
[report] load_duration_ns : 85534192261
[report] load_duration_s : 85.534192
[report] load_throughput : 5845.615499
[report] load_average_latency_ns : 171068.384522
Load workloads needs: 85539917295 ns 
[report] load_thread_ID : 9
[report] load_duration_ns : 85539917295
[report] load_duration_s : 85.539917
[report] load_throughput : 5845.224263
[report] load_average_latency_ns : 171079.834590
Load workloads needs: 85741018568 ns 
[report] load_thread_ID : 13
[report] load_duration_ns : 85741018568
[report] load_duration_s : 85.741019
[report] load_throughput : 5831.514581
[report] load_average_latency_ns : 171482.037136
Load workloads needs: 86185759243 ns 
[report] load_thread_ID : 10
[report] load_duration_ns : 86185759243
[report] load_duration_s : 86.185759
[report] load_throughput : 5801.422467
[report] load_average_latency_ns : 172371.518486
Load workloads needs: 90560700233 ns 
[report] load_thread_ID : 16
[report] load_duration_ns : 90560700233
[report] load_duration_s : 90.560700
[report] load_throughput : 5521.158722
[report] load_average_latency_ns : 181121.400466
Load workloads needs: 91609731071 ns 
[report] load_thread_ID : 17
[report] load_duration_ns : 91609731071
[report] load_duration_s : 91.609731
[report] load_throughput : 5457.935463
[report] load_average_latency_ns : 183219.462142
Load workloads needs: 93192661406 ns 
[report] load_thread_ID : 3
[report] load_duration_ns : 93192661406
[report] load_duration_s : 93.192661
[report] load_throughput : 5365.229327
[report] load_average_latency_ns : 186385.322812
Load workloads needs: 94135518557 ns 
[report] load_thread_ID : 6
[report] load_duration_ns : 94135518557
[report] load_duration_s : 94.135519
[report] load_throughput : 5311.491429
[report] load_average_latency_ns : 188271.037114
Load workloads needs: 96236209658 ns 
[report] load_thread_ID : 19
[report] load_duration_ns : 96236209658
[report] load_duration_s : 96.236210
[report] load_throughput : 5195.549594
[report] load_average_latency_ns : 192472.419316
Load workloads needs: 96485770672 ns 
[report] load_thread_ID : 18
[report] load_duration_ns : 96485770672
[report] load_duration_s : 96.485771
[report] load_throughput : 5182.111274
[report] load_average_latency_ns : 192971.541344
Load workloads needs: 97606270280 ns 
[report] load_thread_ID : 2
[report] load_duration_ns : 97606270280
[report] load_duration_s : 97.606270
[report] load_throughput : 5122.621719
[report] load_average_latency_ns : 195212.540560
Load workloads needs: 98988590043 ns 
[report] load_thread_ID : 7
[report] load_duration_ns : 98988590043
[report] load_duration_s : 98.988590
[report] load_throughput : 5051.087199
[report] load_average_latency_ns : 197977.180086
Load workloads needs: 100860600266 ns 
[report] load_thread_ID : 4
[report] load_duration_ns : 100860600266
[report] load_duration_s : 100.860600
[report] load_throughput : 4957.337143
[report] load_average_latency_ns : 201721.200532
Load workloads needs: 101025839390 ns 
[report] load_thread_ID : 5
[report] load_duration_ns : 101025839390
[report] load_duration_s : 101.025839
[report] load_throughput : 4949.228861
[report] load_average_latency_ns : 202051.678780
Load workloads needs: 101578649959 ns 
[report] load_thread_ID : 0
[report] load_duration_ns : 101578649959
[report] load_duration_s : 101.578650
[report] load_throughput : 4922.294205
[report] load_average_latency_ns : 203157.299918
Load workloads needs: 102578945469 ns 
[report] load_thread_ID : 1
[report] load_duration_ns : 102578945469
[report] load_duration_s : 102.578945
[report] load_throughput : 4874.294600
[report] load_average_latency_ns : 205157.890938
All clients run done needs: 102579103908 ns 
[report] load_overall_duration_ns : 102579103908
[report] load_overall_duration_s : 102.579104
[report] load_overall_throughput : 97485.741433
[report] load_overall_average_latency_ns : 10257.910391
