numactl --membind=4 /mnt/nvme0/home/gxr/mongdb-run/test_mongodb/build//run_client --num_threads=30 --core_binding=0,1,2,3,4,5,6,7,8,9,10,11,12,13,14,15,128,129,130,131,132,133,134,135,136,137,138,139,140,141,142,143 --str_key_size=16 --str_key_size=256 --load_file=/mnt/nvme0/home/gxr/mongdb-run/workloads/ycsb/workloada-load-1000000-1000000.log.formated --run_file=/mnt/nvme0/home/gxr/mongdb-run/workloads/ycsb/workloada-run-1000000-1000000.log.formated --URI_set=mongodb://localhost:27017,mongodb://localhost:27018,mongodb://localhost:27019,mongodb://localhost:27020,mongodb://localhost:27021,mongodb://localhost:27022,mongodb://localhost:27023,mongodb://localhost:27024,mongodb://localhost:27025,mongodb://localhost:27026,mongodb://localhost:27027,mongodb://localhost:27028,mongodb://localhost:27029,mongodb://localhost:27030,mongodb://localhost:27031,mongodb://localhost:27032,mongodb://localhost:27033,mongodb://localhost:27034,mongodb://localhost:27035,mongodb://localhost:27036,mongodb://localhost:27037,mongodb://localhost:27038,mongodb://localhost:27039,mongodb://localhost:27040,mongodb://localhost:27041,mongodb://localhost:27042,mongodb://localhost:27043,mongodb://localhost:27044,mongodb://localhost:27045,mongodb://localhost:27046 --first_mode=false
mongodb://localhost:27017 mongodb://localhost:27018 mongodb://localhost:27019 mongodb://localhost:27020 mongodb://localhost:27021 mongodb://localhost:27022 mongodb://localhost:27023 mongodb://localhost:27024 mongodb://localhost:27025 mongodb://localhost:27026 mongodb://localhost:27027 mongodb://localhost:27028 mongodb://localhost:27029 mongodb://localhost:27030 mongodb://localhost:27031 mongodb://localhost:27032 mongodb://localhost:27033 mongodb://localhost:27034 mongodb://localhost:27035 mongodb://localhost:27036 mongodb://localhost:27037 mongodb://localhost:27038 mongodb://localhost:27039 mongodb://localhost:27040 mongodb://localhost:27041 mongodb://localhost:27042 mongodb://localhost:27043 mongodb://localhost:27044 mongodb://localhost:27045 mongodb://localhost:27046 reading workload files ...
load_filename : /mnt/nvme0/home/gxr/mongdb-run/workloads/ycsb/workloada-load-1000000-1000000.log.formated
read load file needs: 570591030 s 
run_filename : /mnt/nvme0/home/gxr/mongdb-run/workloads/ycsb/workloada-run-1000000-1000000.log.formated
read run file needs: 558324161 s 
num_of_load_ops is 1000000
num_of_run_ops is 1000000
0 1 2 3 4 5 6 7 8 9 10 11 12 13 14 15 128 129 130 131 132 133 134 135 136 137 138 139 140 141 142 143 URI: URI: mongodb://localhost:27020
URI: mongodb://localhost:27017
URI: mongodb://localhost:27018
URI: mongodb://localhost:27021URI: mongodb://localhost:27022

mongodb://localhost:27019
URI: mongodb://localhost:27024
URI: mongodb://localhost:27023
URI: URI: mongodb://localhost:27026
mongodb://localhost:27025
URI: mongodb://localhost:27027
URI: mongodb://localhost:27028
URI: mongodb://localhost:27029
URI: mongodb://localhost:27030
URI: mongodb://localhost:27031
URI: mongodb://localhost:27033
URI: mongodb://localhost:27032
URI: mongodb://localhost:27034
URI: mongodb://localhost:27035
URI: mongodb://localhost:27036
URI: mongodb://localhost:27037
URI: mongodb://localhost:27038
URI: mongodb://localhost:27039
URI: mongodb://localhost:27040
URI: mongodb://localhost:27041
URI: mongodb://localhost:27042
URI: mongodb://localhost:27043
URI: mongodb://localhost:27044
URI: mongodb://localhost:27046
URI: mongodb://localhost:27045
Load workloads needs: 5408339793 ns 
[report] load_thread_ID : 8
[report] load_duration_ns : 5408339793
[report] load_duration_s : 5.408340
[report] load_throughput : 6163.259203
[report] load_average_latency_ns : 162251.816308
Load workloads needs: 5413993725 ns 
[report] load_thread_ID : 24
[report] load_duration_ns : 5413993725
[report] load_duration_s : 5.413994
[report] load_throughput : 6156.822799
[report] load_average_latency_ns : 162421.435964
Load workloads needs: 5442687354 ns 
[report] load_thread_ID : 28
[report] load_duration_ns : 5442687354
[report] load_duration_s : 5.442687
[report] load_throughput : 6124.364277
[report] load_average_latency_ns : 163282.253443
Load workloads needs: 5487090936 ns 
[report] load_thread_ID : 11
[report] load_duration_ns : 5487090936
[report] load_duration_s : 5.487091
[report] load_throughput : 6074.803642
[report] load_average_latency_ns : 164614.374224
Load workloads needs: 5500961668 ns 
[report] load_thread_ID : 15
[report] load_duration_ns : 5500961668
[report] load_duration_s : 5.500962
[report] load_throughput : 6059.485961
[report] load_average_latency_ns : 165030.500345
Load workloads needs: 5550689193 ns 
[report] load_thread_ID : 9
[report] load_duration_ns : 5550689193
[report] load_duration_s : 5.550689
[report] load_throughput : 6005.200227
[report] load_average_latency_ns : 166522.341013
Load workloads needs: 5637285616 ns 
[report] load_thread_ID : 13
[report] load_duration_ns : 5637285616
[report] load_duration_s : 5.637286
[report] load_throughput : 5912.952132
[report] load_average_latency_ns : 169120.259683
Load workloads needs: 5672944271 ns 
[report] load_thread_ID : 12
[report] load_duration_ns : 5672944271
[report] load_duration_s : 5.672944
[report] load_throughput : 5875.784850
[report] load_average_latency_ns : 170190.030030
Load workloads needs: 5744291959 ns 
[report] load_thread_ID : 23
[report] load_duration_ns : 5744291959
[report] load_duration_s : 5.744292
[report] load_throughput : 5802.803938
[report] load_average_latency_ns : 172330.482075
Load workloads needs: 5753143596 ns 
[report] load_thread_ID : 29
[report] load_duration_ns : 5753143596
[report] load_duration_s : 5.753144
[report] load_throughput : 5793.875895
[report] load_average_latency_ns : 172596.033840
Load workloads needs: 5764332061 ns 
[report] load_thread_ID : 27
[report] load_duration_ns : 5764332061
[report] load_duration_s : 5.764332
[report] load_throughput : 5782.630086
[report] load_average_latency_ns : 172931.691147
Load workloads needs: 5786874020 ns 
[report] load_thread_ID : 26
[report] load_duration_ns : 5786874020
[report] load_duration_s : 5.786874
[report] load_throughput : 5760.104658
[report] load_average_latency_ns : 173607.956680
Load workloads needs: 5848357237 ns 
[report] load_thread_ID : 10
[report] load_duration_ns : 5848357237
[report] load_duration_s : 5.848357
[report] load_throughput : 5699.549232
[report] load_average_latency_ns : 175452.471635
Load workloads needs: 5864638958 ns 
[report] load_thread_ID : 14
[report] load_duration_ns : 5864638958
[report] load_duration_s : 5.864639
[report] load_throughput : 5683.725842
[report] load_average_latency_ns : 175940.928149
Load workloads needs: 5889811493 ns 
[report] load_thread_ID : 25
[report] load_duration_ns : 5889811493
[report] load_duration_s : 5.889811
[report] load_throughput : 5659.434099
[report] load_average_latency_ns : 176696.111751
Load workloads needs: 5909110959 ns 
[report] load_thread_ID : 7
[report] load_duration_ns : 5909110959
[report] load_duration_s : 5.909111
[report] load_throughput : 5640.950091
[report] load_average_latency_ns : 177275.101521
Load workloads needs: 5927177409 ns 
[report] load_thread_ID : 22
[report] load_duration_ns : 5927177409
[report] load_duration_s : 5.927177
[report] load_throughput : 5623.756082
[report] load_average_latency_ns : 177817.100441
Load workloads needs: 5975060984 ns 
[report] load_thread_ID : 1
[report] load_duration_ns : 5975060984
[report] load_duration_s : 5.975061
[report] load_throughput : 5578.687831
[report] load_average_latency_ns : 179253.622056
Load workloads needs: 6012569659 ns 
[report] load_thread_ID : 21
[report] load_duration_ns : 6012569659
[report] load_duration_s : 6.012570
[report] load_throughput : 5543.885874
[report] load_average_latency_ns : 180378.893559
Load workloads needs: 6016958278 ns 
[report] load_thread_ID : 16
[report] load_duration_ns : 6016958278
[report] load_duration_s : 6.016958
[report] load_throughput : 5539.842302
[report] load_average_latency_ns : 180510.553446
Load workloads needs: 6032128713 ns 
[report] load_thread_ID : 18
[report] load_duration_ns : 6032128713
[report] load_duration_s : 6.032129
[report] load_throughput : 5525.909938
[report] load_average_latency_ns : 180965.671047
Load workloads needs: 6078141657 ns 
[report] load_thread_ID : 5
[report] load_duration_ns : 6078141657
[report] load_duration_s : 6.078142
[report] load_throughput : 5484.077516
[report] load_average_latency_ns : 182346.073171
Load workloads needs: 6078523985 ns 
[report] load_thread_ID : 20
[report] load_duration_ns : 6078523985
[report] load_duration_s : 6.078524
[report] load_throughput : 5483.732578
[report] load_average_latency_ns : 182357.543125
Load workloads needs: 6123533474 ns 
[report] load_thread_ID : 3
[report] load_duration_ns : 6123533474
[report] load_duration_s : 6.123533
[report] load_throughput : 5443.425784
[report] load_average_latency_ns : 183707.841298
Load workloads needs: 6140585420 ns 
[report] load_thread_ID : 0
[report] load_duration_ns : 6140585420
[report] load_duration_s : 6.140585
[report] load_throughput : 5428.309798
[report] load_average_latency_ns : 184219.404794
Load workloads needs: 6191916207 ns 
[report] load_thread_ID : 4
[report] load_duration_ns : 6191916207
[report] load_duration_s : 6.191916
[report] load_throughput : 5383.309284
[report] load_average_latency_ns : 185759.343803
Load workloads needs: 6241663012 ns 
[report] load_thread_ID : 17
[report] load_duration_ns : 6241663012
[report] load_duration_s : 6.241663
[report] load_throughput : 5340.403661
[report] load_average_latency_ns : 187251.762878
Load workloads needs: 6259972192 ns 
[report] load_thread_ID : 6
[report] load_duration_ns : 6259972192
[report] load_duration_s : 6.259972
[report] load_throughput : 5324.784037
[report] load_average_latency_ns : 187801.043770
Load workloads needs: 6307719907 ns 
[report] load_thread_ID : 2
[report] load_duration_ns : 6307719907
[report] load_duration_s : 6.307720
[report] load_throughput : 5284.476878
[report] load_average_latency_ns : 189233.489545
Load workloads needs: 6370583238 ns 
[report] load_thread_ID : 19
[report] load_duration_ns : 6370583238
[report] load_duration_s : 6.370583
[report] load_throughput : 5232.330974
[report] load_average_latency_ns : 191119.408334
All clients run done needs: 6367800931 ns 
[report] load_overall_duration_ns : 6367800931
[report] load_overall_duration_s : 6.367801
[report] load_overall_throughput : 157040.085084
[report] load_overall_average_latency_ns : 6367.800931
