numactl --membind=4 /mnt/nvme0/home/gxr/mongdb-run/test_mongodb/build//run_client --num_threads=15 --core_binding=0,1,2,3,4,5,6,7,8,9,10,11,12,13,14,15,128,129,130,131,132,133,134,135,136,137,138,139,140,141,142,143 --str_key_size=16 --str_key_size=16 --load_file=/mnt/nvme0/home/gxr/mongdb-run/workloads/ycsb/workloada-load-100000-100000.log.formated --run_file=/mnt/nvme0/home/gxr/mongdb-run/workloads/ycsb/workloada-run-100000-100000.log.formated --URI_set=mongodb://localhost:27017,mongodb://localhost:27018,mongodb://localhost:27019,mongodb://localhost:27020,mongodb://localhost:27021,mongodb://localhost:27022,mongodb://localhost:27023,mongodb://localhost:27024,mongodb://localhost:27025,mongodb://localhost:27026,mongodb://localhost:27027,mongodb://localhost:27028,mongodb://localhost:27029,mongodb://localhost:27030,mongodb://localhost:27031,mongodb://localhost:27032,mongodb://localhost:27033,mongodb://localhost:27034,mongodb://localhost:27035,mongodb://localhost:27036,mongodb://localhost:27037,mongodb://localhost:27038,mongodb://localhost:27039,mongodb://localhost:27040,mongodb://localhost:27041,mongodb://localhost:27042,mongodb://localhost:27043,mongodb://localhost:27044,mongodb://localhost:27045,mongodb://localhost:27046 --first_mode=true
mongodb://localhost:27017 mongodb://localhost:27018 mongodb://localhost:27019 mongodb://localhost:27020 mongodb://localhost:27021 mongodb://localhost:27022 mongodb://localhost:27023 mongodb://localhost:27024 mongodb://localhost:27025 mongodb://localhost:27026 mongodb://localhost:27027 mongodb://localhost:27028 mongodb://localhost:27029 mongodb://localhost:27030 mongodb://localhost:27031 mongodb://localhost:27032 mongodb://localhost:27033 mongodb://localhost:27034 mongodb://localhost:27035 mongodb://localhost:27036 mongodb://localhost:27037 mongodb://localhost:27038 mongodb://localhost:27039 mongodb://localhost:27040 mongodb://localhost:27041 mongodb://localhost:27042 mongodb://localhost:27043 mongodb://localhost:27044 mongodb://localhost:27045 mongodb://localhost:27046 reading workload files ...
load_filename : /mnt/nvme0/home/gxr/mongdb-run/workloads/ycsb/workloada-load-100000-100000.log.formated
read load file needs: 63289702 s 
run_filename : /mnt/nvme0/home/gxr/mongdb-run/workloads/ycsb/workloada-run-100000-100000.log.formated
read run file needs: 66644319 s 
num_of_load_ops is 100000
num_of_run_ops is 100000
0 1 2 3 4 5 6 7 8 9 10 11 12 13 14 15 128 129 130 131 132 133 134 135 136 137 138 139 140 141 142 143 URI: URI: mongodb://localhost:27017
mongodb://localhost:27017
URI: mongodb://localhost:27017
URI: mongodb://localhost:27017
URI: mongodb://localhost:27017
URI: mongodb://localhost:27017
URI: mongodb://localhost:27017
URI: mongodb://localhost:27017
URI: mongodb://localhost:27017
URI: mongodb://localhost:27017
URI: mongodb://localhost:27017
URI: mongodb://localhost:27017
URI: mongodb://localhost:27017
URI: mongodb://localhost:27017
URI: mongodb://localhost:27017
Load workloads needs: 1115910347 ns 
[report] load_thread_ID : 8
[report] load_duration_ns : 1115910347
[report] load_duration_s : 1.115910
[report] load_throughput : 5973.598164
[report] load_average_latency_ns : 167403.292379
Load workloads needs: 1120082748 ns 
[report] load_thread_ID : 14
[report] load_duration_ns : 1120082748
[report] load_duration_s : 1.120083
[report] load_throughput : 5951.346016
[report] load_average_latency_ns : 168029.215122
Load workloads needs: 1167438930 ns 
[report] load_thread_ID : 2
[report] load_duration_ns : 1167438930
[report] load_duration_s : 1.167439
[report] load_throughput : 5709.934652
[report] load_average_latency_ns : 175133.352835
Load workloads needs: 1168608553 ns 
[report] load_thread_ID : 9
[report] load_duration_ns : 1168608553
[report] load_duration_s : 1.168609
[report] load_throughput : 5704.219760
[report] load_average_latency_ns : 175308.813831
Load workloads needs: 1175664273 ns 
[report] load_thread_ID : 3
[report] load_duration_ns : 1175664273
[report] load_duration_s : 1.175664
[report] load_throughput : 5669.986027
[report] load_average_latency_ns : 176367.277678
Load workloads needs: 1185377116 ns 
[report] load_thread_ID : 0
[report] load_duration_ns : 1185377116
[report] load_duration_s : 1.185377
[report] load_throughput : 5623.526817
[report] load_average_latency_ns : 177824.349835
Load workloads needs: 1187112874 ns 
[report] load_thread_ID : 1
[report] load_duration_ns : 1187112874
[report] load_duration_s : 1.187113
[report] load_throughput : 5615.304278
[report] load_average_latency_ns : 178084.739574
Load workloads needs: 1187387962 ns 
[report] load_thread_ID : 6
[report] load_duration_ns : 1187387962
[report] load_duration_s : 1.187388
[report] load_throughput : 5614.003353
[report] load_average_latency_ns : 178126.006901
Load workloads needs: 1191988801 ns 
[report] load_thread_ID : 11
[report] load_duration_ns : 1191988801
[report] load_duration_s : 1.191989
[report] load_throughput : 5592.334420
[report] load_average_latency_ns : 178816.201770
Load workloads needs: 1197667541 ns 
[report] load_thread_ID : 4
[report] load_duration_ns : 1197667541
[report] load_duration_s : 1.197668
[report] load_throughput : 5565.818369
[report] load_average_latency_ns : 179668.097960
Load workloads needs: 1224491666 ns 
[report] load_thread_ID : 13
[report] load_duration_ns : 1224491666
[report] load_duration_s : 1.224492
[report] load_throughput : 5443.891686
[report] load_average_latency_ns : 183692.119112
Load workloads needs: 1237550196 ns 
[report] load_thread_ID : 10
[report] load_duration_ns : 1237550196
[report] load_duration_s : 1.237550
[report] load_throughput : 5386.448179
[report] load_average_latency_ns : 185651.094509
Load workloads needs: 1245552120 ns 
[report] load_thread_ID : 12
[report] load_duration_ns : 1245552120
[report] load_duration_s : 1.245552
[report] load_throughput : 5351.843486
[report] load_average_latency_ns : 186851.503150
Load workloads needs: 1252466912 ns 
[report] load_thread_ID : 7
[report] load_duration_ns : 1252466912
[report] load_duration_s : 1.252467
[report] load_throughput : 5322.296291
[report] load_average_latency_ns : 187888.825683
Load workloads needs: 1284832868 ns 
[report] load_thread_ID : 5
[report] load_duration_ns : 1284832868
[report] load_duration_s : 1.284833
[report] load_throughput : 5188.223438
[report] load_average_latency_ns : 192744.204620
All clients run done needs: 1284686509 ns 
[report] load_overall_duration_ns : 1284686509
[report] load_overall_duration_s : 1.284687
[report] load_overall_throughput : 77840.001665
[report] load_overall_average_latency_ns : 12846.865090
