numactl --membind=4 /mnt/nvme0/home/gxr/mongdb-run/test_mongodb/build//run_client --num_threads=25 --core_binding=0,1,2,3,4,5,6,7,8,9,10,11,12,13,14,15,128,129,130,131,132,133,134,135,136,137,138,139,140,141,142,143 --str_key_size=16 --str_key_size=1024 --load_file=/mnt/nvme0/home/gxr/mongdb-run/workloads/ycsb/workloada-load-100000-100000.log.formated --run_file=/mnt/nvme0/home/gxr/mongdb-run/workloads/ycsb/workloada-run-100000-100000.log.formated --URI_set=mongodb://localhost:27017,mongodb://localhost:27018,mongodb://localhost:27019,mongodb://localhost:27020,mongodb://localhost:27021,mongodb://localhost:27022,mongodb://localhost:27023,mongodb://localhost:27024,mongodb://localhost:27025,mongodb://localhost:27026,mongodb://localhost:27027,mongodb://localhost:27028,mongodb://localhost:27029,mongodb://localhost:27030,mongodb://localhost:27031,mongodb://localhost:27032,mongodb://localhost:27033,mongodb://localhost:27034,mongodb://localhost:27035,mongodb://localhost:27036,mongodb://localhost:27037,mongodb://localhost:27038,mongodb://localhost:27039,mongodb://localhost:27040,mongodb://localhost:27041,mongodb://localhost:27042,mongodb://localhost:27043,mongodb://localhost:27044,mongodb://localhost:27045,mongodb://localhost:27046 --first_mode=true
mongodb://localhost:27017 mongodb://localhost:27018 mongodb://localhost:27019 mongodb://localhost:27020 mongodb://localhost:27021 mongodb://localhost:27022 mongodb://localhost:27023 mongodb://localhost:27024 mongodb://localhost:27025 mongodb://localhost:27026 mongodb://localhost:27027 mongodb://localhost:27028 mongodb://localhost:27029 mongodb://localhost:27030 mongodb://localhost:27031 mongodb://localhost:27032 mongodb://localhost:27033 mongodb://localhost:27034 mongodb://localhost:27035 mongodb://localhost:27036 mongodb://localhost:27037 mongodb://localhost:27038 mongodb://localhost:27039 mongodb://localhost:27040 mongodb://localhost:27041 mongodb://localhost:27042 mongodb://localhost:27043 mongodb://localhost:27044 mongodb://localhost:27045 mongodb://localhost:27046 reading workload files ...
load_filename : /mnt/nvme0/home/gxr/mongdb-run/workloads/ycsb/workloada-load-100000-100000.log.formated
read load file needs: 58140697 s 
run_filename : /mnt/nvme0/home/gxr/mongdb-run/workloads/ycsb/workloada-run-100000-100000.log.formated
read run file needs: 58738882 s 
num_of_load_ops is 100000
num_of_run_ops is 100000
0 1 2 3 4 5 6 7 8 9 10 11 12 13 14 15 128 129 130 131 132 133 134 135 136 137 138 139 140 141 142 143 URI: URI: mongodb://localhost:27017
mongodb://localhost:27017
URI: mongodb://localhost:27017
URI: mongodb://localhost:27017
URI: mongodb://localhost:27017
URI: mongodb://localhost:27017
URI: mongodb://localhost:27017
URI: mongodb://localhost:27017
URI: mongodb://localhost:27017
URI: mongodb://localhost:27017
URI: mongodb://localhost:27017
URI: mongodb://localhost:27017
URI: mongodb://localhost:27017
URI: mongodb://localhost:27017
URI: mongodb://localhost:27017
URI: mongodb://localhost:27017
URI: mongodb://localhost:27017
URI: mongodb://localhost:27017
URI: mongodb://localhost:27017
URI: mongodb://localhost:27017
URI: mongodb://localhost:27017
URI: mongodb://localhost:27017
URI: mongodb://localhost:27017
URI: mongodb://localhost:27017
URI: mongodb://localhost:27017
Load workloads needs: 762164263 ns 
[report] load_thread_ID : 8
[report] load_duration_ns : 762164263
[report] load_duration_s : 0.762164
[report] load_throughput : 5248.212484
[report] load_average_latency_ns : 190541.065750
Load workloads needs: 778316510 ns 
[report] load_thread_ID : 24
[report] load_duration_ns : 778316510
[report] load_duration_s : 0.778317
[report] load_throughput : 5139.297379
[report] load_average_latency_ns : 194579.127500
Load workloads needs: 790827269 ns 
[report] load_thread_ID : 9
[report] load_duration_ns : 790827269
[report] load_duration_s : 0.790827
[report] load_throughput : 5057.994529
[report] load_average_latency_ns : 197706.817250
Load workloads needs: 825042799 ns 
[report] load_thread_ID : 11
[report] load_duration_ns : 825042799
[report] load_duration_s : 0.825043
[report] load_throughput : 4848.233334
[report] load_average_latency_ns : 206260.699750
Load workloads needs: 834095921 ns 
[report] load_thread_ID : 12
[report] load_duration_ns : 834095921
[report] load_duration_s : 0.834096
[report] load_throughput : 4795.611511
[report] load_average_latency_ns : 208523.980250
Load workloads needs: 833878553 ns 
[report] load_thread_ID : 14
[report] load_duration_ns : 833878553
[report] load_duration_s : 0.833879
[report] load_throughput : 4796.861588
[report] load_average_latency_ns : 208469.638250
Load workloads needs: 836724334 ns 
[report] load_thread_ID : 15
[report] load_duration_ns : 836724334
[report] load_duration_s : 0.836724
[report] load_throughput : 4780.546994
[report] load_average_latency_ns : 209181.083500
Load workloads needs: 836964523 ns 
[report] load_thread_ID : 10
[report] load_duration_ns : 836964523
[report] load_duration_s : 0.836965
[report] load_throughput : 4779.175091
[report] load_average_latency_ns : 209241.130750
Load workloads needs: 853183299 ns 
[report] load_thread_ID : 13
[report] load_duration_ns : 853183299
[report] load_duration_s : 0.853183
[report] load_throughput : 4688.324308
[report] load_average_latency_ns : 213295.824750
Load workloads needs: 914550884 ns 
[report] load_thread_ID : 19
[report] load_duration_ns : 914550884
[report] load_duration_s : 0.914551
[report] load_throughput : 4373.731489
[report] load_average_latency_ns : 228637.721000
Load workloads needs: 915441968 ns 
[report] load_thread_ID : 20
[report] load_duration_ns : 915441968
[report] load_duration_s : 0.915442
[report] load_throughput : 4369.474134
[report] load_average_latency_ns : 228860.492000
Load workloads needs: 917963442 ns 
[report] load_thread_ID : 18
[report] load_duration_ns : 917963442
[report] load_duration_s : 0.917963
[report] load_throughput : 4357.472005
[report] load_average_latency_ns : 229490.860500
Load workloads needs: Load workloads needs: 919814911 ns 
[report] load_thread_ID919754681 ns 
[report] load_thread_ID : 22
[report]  : 21
[report] load_duration_ns : 919814911
load_[report] load_duration_s : 0.919815
[report] load_throughputduration_ns : 919754681
 : 4348.700975
[report] load_[report] load_duration_s : 0.919755
[report] load_throughput : 4348.985749average_latency_ns : 229953.727750

[report] load_average_latency_ns : 229938.670250
Load workloads needs: 923040940 ns 
[report] load_thread_ID : 23
[report] load_duration_ns : 923040940
[report] load_duration_s : 0.923041
[report] load_throughput : 4333.502260
[report] load_average_latency_ns : 230760.235000
Load workloads needs: 931979383 ns 
[report] load_thread_ID : 6
[report] load_duration_ns : 931979383
[report] load_duration_s : 0.931979
[report] load_throughput : 4291.940437
[report] load_average_latency_ns : 232994.845750
Load workloads needs: 940173340 ns 
[report] load_thread_ID : 16
[report] load_duration_ns : 940173340
[report] load_duration_s : 0.940173
[report] load_throughput : 4254.534595
[report] load_average_latency_ns : 235043.335000
Load workloads needs: 942176587 ns 
[report] load_thread_ID : 5
[report] load_duration_ns : 942176587
[report] load_duration_s : 0.942177
[report] load_throughput : 4245.488643
[report] load_average_latency_ns : 235544.146750
Load workloads needs: 942970101 ns 
[report] load_thread_ID : 17
[report] load_duration_ns : 942970101
[report] load_duration_s : 0.942970
[report] load_throughput : 4241.916044
[report] load_average_latency_ns : 235742.525250
Load workloads needs: 943606167 ns 
[report] load_thread_ID : 4
[report] load_duration_ns : 943606167
[report] load_duration_s : 0.943606
[report] load_throughput : 4239.056653
[report] load_average_latency_ns : 235901.541750
Load workloads needs: 945667824 ns 
[report] load_thread_ID : 3
[report] load_duration_ns : 945667824
[report] load_duration_s : 0.945668
[report] load_throughput : 4229.815056
[report] load_average_latency_ns : 236416.956000
Load workloads needs: 947130524 ns 
[report] load_thread_ID : 7
[report] load_duration_ns : 947130524
[report] load_duration_s : 0.947131
[report] load_throughput : 4223.282746
[report] load_average_latency_ns : 236782.631000
Load workloads needs: 948562416 ns 
[report] load_thread_ID : 2
[report] load_duration_ns : 948562416
[report] load_duration_s : 0.948562
[report] load_throughput : 4216.907536
[report] load_average_latency_ns : 237140.604000
Load workloads needs: 955560791 ns 
[report] load_thread_ID : 0
[report] load_duration_ns : 955560791
[report] load_duration_s : 0.955561
[report] load_throughput : 4186.023577
[report] load_average_latency_ns : 238890.197750
Load workloads needs: 957587128 ns 
[report] load_thread_ID : 1
[report] load_duration_ns : 957587128
[report] load_duration_s : 0.957587
[report] load_throughput : 4177.165589
[report] load_average_latency_ns : 239396.782000
All clients run done needs: 955879079 ns 
[report] load_overall_duration_ns : 955879079
[report] load_overall_duration_s : 0.955879
[report] load_overall_throughput : 104615.742929
[report] load_overall_average_latency_ns : 9558.790790
