numactl --membind=4 /mnt/nvme0/home/gxr/mongdb-run/test_mongodb/build//run_client --num_threads=20 --core_binding=0,1,2,3,4,5,6,7,8,9,10,11,12,13,14,15,128,129,130,131,132,133,134,135,136,137,138,139,140,141,142,143 --str_key_size=16 --str_key_size=16 --load_file=/mnt/nvme0/home/gxr/mongdb-run/workloads/ycsb/workloada-load-100000-100000.log.formated --run_file=/mnt/nvme0/home/gxr/mongdb-run/workloads/ycsb/workloada-run-100000-100000.log.formated --URI_set=mongodb://localhost:27017,mongodb://localhost:27018,mongodb://localhost:27019,mongodb://localhost:27020,mongodb://localhost:27021,mongodb://localhost:27022,mongodb://localhost:27023,mongodb://localhost:27024,mongodb://localhost:27025,mongodb://localhost:27026,mongodb://localhost:27027,mongodb://localhost:27028,mongodb://localhost:27029,mongodb://localhost:27030,mongodb://localhost:27031,mongodb://localhost:27032,mongodb://localhost:27033,mongodb://localhost:27034,mongodb://localhost:27035,mongodb://localhost:27036,mongodb://localhost:27037,mongodb://localhost:27038,mongodb://localhost:27039,mongodb://localhost:27040,mongodb://localhost:27041,mongodb://localhost:27042,mongodb://localhost:27043,mongodb://localhost:27044,mongodb://localhost:27045,mongodb://localhost:27046 --first_mode=true
mongodb://localhost:27017 mongodb://localhost:27018 mongodb://localhost:27019 mongodb://localhost:27020 mongodb://localhost:27021 mongodb://localhost:27022 mongodb://localhost:27023 mongodb://localhost:27024 mongodb://localhost:27025 mongodb://localhost:27026 mongodb://localhost:27027 mongodb://localhost:27028 mongodb://localhost:27029 mongodb://localhost:27030 mongodb://localhost:27031 mongodb://localhost:27032 mongodb://localhost:27033 mongodb://localhost:27034 mongodb://localhost:27035 mongodb://localhost:27036 mongodb://localhost:27037 mongodb://localhost:27038 mongodb://localhost:27039 mongodb://localhost:27040 mongodb://localhost:27041 mongodb://localhost:27042 mongodb://localhost:27043 mongodb://localhost:27044 mongodb://localhost:27045 mongodb://localhost:27046 reading workload files ...
load_filename : /mnt/nvme0/home/gxr/mongdb-run/workloads/ycsb/workloada-load-100000-100000.log.formated
read load file needs: 60163505 s 
run_filename : /mnt/nvme0/home/gxr/mongdb-run/workloads/ycsb/workloada-run-100000-100000.log.formated
read run file needs: 58393058 s 
num_of_load_ops is 100000
num_of_run_ops is 100000
0 1 2 3 4 5 6 7 8 9 10 11 12 13 14 15 128 129 130 131 132 133 134 135 136 137 138 139 140 141 142 143 URI: mongodb://localhost:27017
URI: mongodb://localhost:27017
URI: mongodb://localhost:27017
URI: mongodb://localhost:27017
URI: mongodb://localhost:27017
URI: mongodb://localhost:27017
URI: URI: mongodb://localhost:27017mongodb://localhost:27017URI: mongodb://localhost:27017


URI: mongodb://localhost:27017
URI: mongodb://localhost:27017
URI: mongodb://localhost:27017
URI: mongodb://localhost:27017
URI: mongodb://localhost:27017
URI: mongodb://localhost:27017
URI: mongodb://localhost:27017
URI: mongodb://localhost:27017
URI: mongodb://localhost:27017
URI: mongodb://localhost:27017
URI: mongodb://localhost:27017
Load workloads needs: 897136880 ns 
[report] load_thread_ID : 8
[report] load_duration_ns : 897136880
[report] load_duration_s : 0.897137
[report] load_throughput : 5573.285539
[report] load_average_latency_ns : 179427.376000
Load workloads needs: 907357672 ns 
[report] load_thread_ID : 11
[report] load_duration_ns : 907357672
[report] load_duration_s : 0.907358
[report] load_throughput : 5510.506115
[report] load_average_latency_ns : 181471.534400
Load workloads needs: 913103503 ns 
[report] load_thread_ID : 14
[report] load_duration_ns : 913103503
[report] load_duration_s : 0.913104
[report] load_throughput : 5475.830488
[report] load_average_latency_ns : 182620.700600
Load workloads needs: 955678627 ns 
[report] load_thread_ID : 3
[report] load_duration_ns : 955678627
[report] load_duration_s : 0.955679
[report] load_throughput : 5231.884295
[report] load_average_latency_ns : 191135.725400
Load workloads needs: 960831242 ns 
[report] load_thread_ID : 12
[report] load_duration_ns : 960831242
[report] load_duration_s : 0.960831
[report] load_throughput : 5203.827458
[report] load_average_latency_ns : 192166.248400
Load workloads needs: 962797379 ns 
[report] load_thread_ID : 13
[report] load_duration_ns : 962797379
[report] load_duration_s : 0.962797
[report] load_throughput : 5193.200677
[report] load_average_latency_ns : 192559.475800
Load workloads needs: 971929228 ns 
[report] load_thread_ID : 17
[report] load_duration_ns : 971929228
[report] load_duration_s : 0.971929
[report] load_throughput : 5144.407490
[report] load_average_latency_ns : 194385.845600
Load workloads needs: 975550124 ns 
[report] load_thread_ID : 10
[report] load_duration_ns : 975550124
[report] load_duration_s : 0.975550
[report] load_throughput : 5125.313274
[report] load_average_latency_ns : 195110.024800
Load workloads needs: 978101157 ns 
[report] load_thread_ID : 15
[report] load_duration_ns : 978101157
[report] load_duration_s : 0.978101
[report] load_throughput : 5111.945696
[report] load_average_latency_ns : 195620.231400
Load workloads needs: 979042401 ns 
[report] load_thread_ID : 9
[report] load_duration_ns : 979042401
[report] load_duration_s : 0.979042
[report] load_throughput : 5107.031110
[report] load_average_latency_ns : 195808.480200
Load workloads needs: 980934138 ns 
[report] load_thread_ID : 18
[report] load_duration_ns : 980934138
[report] load_duration_s : 0.980934
[report] load_throughput : 5097.182172
[report] load_average_latency_ns : 196186.827600
Load workloads needs: 1025747946 ns 
[report] load_thread_ID : 2
[report] load_duration_ns : 1025747946
[report] load_duration_s : 1.025748
[report] load_throughput : 4874.491847
[report] load_average_latency_ns : 205149.589200
Load workloads needs: 1072431483 ns 
[report] load_thread_ID : 4
[report] load_duration_ns : 1072431483
[report] load_duration_s : 1.072431
[report] load_throughput : 4662.302515
[report] load_average_latency_ns : 214486.296600
Load workloads needs: 1074773477 ns 
[report] load_thread_ID : 16
[report] load_duration_ns : 1074773477
[report] load_duration_s : 1.074773
[report] load_throughput : 4652.143086
[report] load_average_latency_ns : 214954.695400
Load workloads needs: 1077028212 ns 
[report] load_thread_ID : 6
[report] load_duration_ns : 1077028212
[report] load_duration_s : 1.077028
[report] load_throughput : 4642.403926
[report] load_average_latency_ns : 215405.642400
Load workloads needs: 1076546345 ns 
[report] load_thread_ID : 5
[report] load_duration_ns : 1076546345
[report] load_duration_s : 1.076546
[report] load_throughput : 4644.481887
[report] load_average_latency_ns : 215309.269000
Load workloads needs: 1087427442 ns 
[report] load_thread_ID : 19
[report] load_duration_ns : 1087427442
[report] load_duration_s : 1.087427
[report] load_throughput : 4598.007929
[report] load_average_latency_ns : 217485.488400
Load workloads needs: 1089790496 ns 
[report] load_thread_ID : 7
[report] load_duration_ns : 1089790496
[report] load_duration_s : 1.089790
[report] load_throughput : 4588.037809
[report] load_average_latency_ns : 217958.099200
Load workloads needs: 1131061839 ns 
[report] load_thread_ID : 0
[report] load_duration_ns : 1131061839
[report] load_duration_s : 1.131062
[report] load_throughput : 4420.624786
[report] load_average_latency_ns : 226212.367800
Load workloads needs: 1152389006 ns 
[report] load_thread_ID : 1
[report] load_duration_ns : 1152389006
[report] load_duration_s : 1.152389
[report] load_throughput : 4338.812653
[report] load_average_latency_ns : 230477.801200
All clients run done needs: 1152766183 ns 
[report] load_overall_duration_ns : 1152766183
[report] load_overall_duration_s : 1.152766
[report] load_overall_throughput : 86747.860472
[report] load_overall_average_latency_ns : 11527.661830
