numactl --membind=4 /mnt/nvme0/home/gxr/mongdb-run/test_mongodb/build//run_client --num_threads=30 --core_binding=0,1,2,3,4,5,6,7,8,9,10,11,12,13,14,15,128,129,130,131,132,133,134,135,136,137,138,139,140,141,142,143 --str_key_size=16 --str_key_size=1024 --load_file=/mnt/nvme0/home/gxr/mongdb-run/workloads/ycsb/workloada-load-100000-100000.log.formated --run_file=/mnt/nvme0/home/gxr/mongdb-run/workloads/ycsb/workloada-run-100000-100000.log.formated --URI_set=mongodb://localhost:27017,mongodb://localhost:27018,mongodb://localhost:27019,mongodb://localhost:27020,mongodb://localhost:27021,mongodb://localhost:27022,mongodb://localhost:27023,mongodb://localhost:27024,mongodb://localhost:27025,mongodb://localhost:27026,mongodb://localhost:27027,mongodb://localhost:27028,mongodb://localhost:27029,mongodb://localhost:27030,mongodb://localhost:27031,mongodb://localhost:27032,mongodb://localhost:27033,mongodb://localhost:27034,mongodb://localhost:27035,mongodb://localhost:27036,mongodb://localhost:27037,mongodb://localhost:27038,mongodb://localhost:27039,mongodb://localhost:27040,mongodb://localhost:27041,mongodb://localhost:27042,mongodb://localhost:27043,mongodb://localhost:27044,mongodb://localhost:27045,mongodb://localhost:27046 --first_mode=true
mongodb://localhost:27017 mongodb://localhost:27018 mongodb://localhost:27019 mongodb://localhost:27020 mongodb://localhost:27021 mongodb://localhost:27022 mongodb://localhost:27023 mongodb://localhost:27024 mongodb://localhost:27025 mongodb://localhost:27026 mongodb://localhost:27027 mongodb://localhost:27028 mongodb://localhost:27029 mongodb://localhost:27030 mongodb://localhost:27031 mongodb://localhost:27032 mongodb://localhost:27033 mongodb://localhost:27034 mongodb://localhost:27035 mongodb://localhost:27036 mongodb://localhost:27037 mongodb://localhost:27038 mongodb://localhost:27039 mongodb://localhost:27040 mongodb://localhost:27041 mongodb://localhost:27042 mongodb://localhost:27043 mongodb://localhost:27044 mongodb://localhost:27045 mongodb://localhost:27046 reading workload files ...
load_filename : /mnt/nvme0/home/gxr/mongdb-run/workloads/ycsb/workloada-load-100000-100000.log.formated
read load file needs: 58901940 s 
run_filename : /mnt/nvme0/home/gxr/mongdb-run/workloads/ycsb/workloada-run-100000-100000.log.formated
read run file needs: 59449296 s 
num_of_load_ops is 100000
num_of_run_ops is 100000
0 1 2 3 4 5 6 7 8 9 10 11 12 13 14 15 128 129 130 131 132 133 134 135 136 137 138 139 140 141 142 143 URI: URI: mongodb://localhost:27017URI: URI: mongodb://localhost:27017
URI: mongodb://localhost:27017
URI: mongodb://localhost:27017
mongodb://localhost:27017

mongodb://localhost:27017
URI: URI: mongodb://localhost:27017mongodb://localhost:27017

URI: mongodb://localhost:27017
URI: mongodb://localhost:27017
URI: mongodb://localhost:27017
URI: mongodb://localhost:27017
URI: mongodb://localhost:27017
URI: mongodb://localhost:27017
URI: mongodb://localhost:27017
URI: mongodb://localhost:27017
URI: mongodb://localhost:27017
URI: mongodb://localhost:27017
URI: mongodb://localhost:27017
URI: mongodb://localhost:27017
URI: mongodb://localhost:27017
URI: mongodb://localhost:27017
URI: mongodb://localhost:27017
URI: mongodb://localhost:27017
URI: mongodb://localhost:27017
URI: mongodb://localhost:27017
URI: mongodb://localhost:27017
URI: mongodb://localhost:27017
URI: mongodb://localhost:27017
URI: mongodb://localhost:27017
Load workloads needs: 773573449 ns 
[report] load_thread_ID : 29
[report] load_duration_ns : 773573449
[report] load_duration_s : 0.773573
[report] load_throughput : 4308.576004
[report] load_average_latency_ns : 232095.244224
Load workloads needs: 778399578 ns 
[report] load_thread_ID : 28
[report] load_duration_ns : 778399578
[report] load_duration_s : 0.778400
[report] load_throughput : 4281.862547
[report] load_average_latency_ns : 233543.227723
Load workloads needs: 782531543 ns 
[report] load_thread_ID : 24
[report] load_duration_ns : 782531543
[report] load_duration_s : 0.782532
[report] load_throughput : 4259.253227
[report] load_average_latency_ns : 234782.941194
Load workloads needs: 786644357 ns 
[report] load_thread_ID : 26
[report] load_duration_ns : 786644357
[report] load_duration_s : 0.786644
[report] load_throughput : 4236.984567
[report] load_average_latency_ns : 236016.908791
Load workloads needs: 797146491 ns 
[report] load_thread_ID : 25
[report] load_duration_ns : 797146491
[report] load_duration_s : 0.797146
[report] load_throughput : 4181.163735
[report] load_average_latency_ns : 239167.864086
Load workloads needs: 801745172 ns 
[report] load_thread_ID : 13
[report] load_duration_ns : 801745172
[report] load_duration_s : 0.801745
[report] load_throughput : 4157.181255
[report] load_average_latency_ns : 240547.606361
Load workloads needs: 801233306 ns 
[report] load_thread_ID : 27
[report] load_duration_ns : 801233306
[report] load_duration_s : 0.801233
[report] load_throughput : 4159.837060
[report] load_average_latency_ns : 240394.031203
Load workloads needs: 807803334 ns 
[report] load_thread_ID : 12
[report] load_duration_ns : 807803334
[report] load_duration_s : 0.807803
[report] load_throughput : 4126.004263
[report] load_average_latency_ns : 242365.236724
Load workloads needs: 809087316 ns 
[report] load_thread_ID : 15
[report] load_duration_ns : 809087316
[report] load_duration_s : 0.809087
[report] load_throughput : 4119.456496
[report] load_average_latency_ns : 242750.469847
Load workloads needs: 815887583 ns 
[report] load_thread_ID : 11
[report] load_duration_ns : 815887583
[report] load_duration_s : 0.815888
[report] load_throughput : 4085.121614
[report] load_average_latency_ns : 244790.753975
Load workloads needs: 816260141 ns 
[report] load_thread_ID : 22
[report] load_duration_ns : 816260141
[report] load_duration_s : 0.816260
[report] load_throughput : 4083.257080
[report] load_average_latency_ns : 244902.532553
Load workloads needs: 820832282 ns 
[report] load_thread_ID : 23
[report] load_duration_ns : 820832282
[report] load_duration_s : 0.820832
[report] load_throughput : 4060.512815
[report] load_average_latency_ns : 246274.312031
Load workloads needs: 825647401 ns 
[report] load_thread_ID : 8
[report] load_duration_ns : 825647401
[report] load_duration_s : 0.825647
[report] load_throughput : 4036.832183
[report] load_average_latency_ns : 247718.992199
Load workloads needs: 829127890 ns 
[report] load_thread_ID : 19
[report] load_duration_ns : 829127890
[report] load_duration_s : 0.829128
[report] load_throughput : 4019.886486
[report] load_average_latency_ns : 248763.243324
Load workloads needs: 833276353 ns 
[report] load_thread_ID : 16
[report] load_duration_ns : 833276353
[report] load_duration_s : 0.833276
[report] load_throughput : 3999.873497
[report] load_average_latency_ns : 250007.906691
Load workloads needs: 833499852 ns 
[report] load_thread_ID : 20
[report] load_duration_ns : 833499852
[report] load_duration_s : 0.833500
[report] load_throughput : 3998.800950
[report] load_average_latency_ns : 250074.963096
Load workloads needs: 832977796 ns 
[report] load_thread_ID : 17
[report] load_duration_ns : 832977796
[report] load_duration_s : 0.832978
[report] load_throughput : 4001.307137
[report] load_average_latency_ns : 249918.330633
Load workloads needs: 840164451 ns 
[report] load_thread_ID : 10
[report] load_duration_ns : 840164451
[report] load_duration_s : 0.840164
[report] load_throughput : 3967.080488
[report] load_average_latency_ns : 252074.542754
Load workloads needs: 839084967 ns 
[report] load_thread_ID : 21
[report] load_duration_ns : 839084967
[report] load_duration_s : 0.839085
[report] load_throughput : 3972.184142
[report] load_average_latency_ns : 251750.665167
Load workloads needs: 845848885 ns 
[report] load_thread_ID : 18
[report] load_duration_ns : 845848885
[report] load_duration_s : 0.845849
[report] load_throughput : 3940.420161
[report] load_average_latency_ns : 253780.043504
Load workloads needs: 850340976 ns 
[report] load_thread_ID : 7
[report] load_duration_ns : 850340976
[report] load_duration_s : 0.850341
[report] load_throughput : 3919.604128
[report] load_average_latency_ns : 255127.805581
Load workloads needs: 854361031 ns 
[report] load_thread_ID : 5
[report] load_duration_ns : 854361031
[report] load_duration_s : 0.854361
[report] load_throughput : 3901.161077
[report] load_average_latency_ns : 256333.942694
Load workloads needs: 855107906 ns 
[report] load_thread_ID : 4
[report] load_duration_ns : 855107906
[report] load_duration_s : 0.855108
[report] load_throughput : 3897.753695
[report] load_average_latency_ns : 256558.027603
Load workloads needs: 856310699 ns 
[report] load_thread_ID : 3
[report] load_duration_ns : 856310699
[report] load_duration_s : 0.856311
[report] load_throughput : 3892.278823
[report] load_average_latency_ns : 256918.901590
Load workloads needs: 858100988 ns 
[report] load_thread_ID : 1
[report] load_duration_ns : 858100988
[report] load_duration_s : 0.858101
[report] load_throughput : 3884.158213
[report] load_average_latency_ns : 257456.042004
Load workloads needs: 858617134 ns 
[report] load_thread_ID : 2
[report] load_duration_ns : 858617134
[report] load_duration_s : 0.858617
[report] load_throughput : 3881.823304
[report] load_average_latency_ns : 257610.901290
Load workloads needs: 858756173 ns 
[report] load_thread_ID : 6
[report] load_duration_ns : 858756173
[report] load_duration_s : 0.858756
[report] load_throughput : 3881.194808
[report] load_average_latency_ns : 257652.617162
Load workloads needs: 860395273 ns 
[report] load_thread_ID : 0
[report] load_duration_ns : 860395273
[report] load_duration_s : 0.860395
[report] load_throughput : 3873.800920
[report] load_average_latency_ns : 258144.396340
Load workloads needs: 863467484 ns 
[report] load_thread_ID : 14
[report] load_duration_ns : 863467484
[report] load_duration_s : 0.863467
[report] load_throughput : 3860.017964
[report] load_average_latency_ns : 259066.151815
Load workloads needs: 873789899 ns 
[report] load_thread_ID : 9
[report] load_duration_ns : 873789899
[report] load_duration_s : 0.873790
[report] load_throughput : 3814.418093
[report] load_average_latency_ns : 262163.186019
All clients run done needs: 872096880 ns 
[report] load_overall_duration_ns : 872096880
[report] load_overall_duration_s : 0.872097
[report] load_overall_throughput : 114666.159567
[report] load_overall_average_latency_ns : 8720.968800
