numactl --membind=0 /home/gxr/mongodb-run/test_mongodb/build//run_client --num_threads=8 --core_binding=0,1,2,3,4,5,6,7,8,9,10,11,24,25,26,27,28,29,30,31,32,33,34,35,12,13,14,15,16,17,18,19,20,21,22,23,36,37,38,39,40,41,42,43,44,45,46,47 --str_key_size=16 --str_key_size=256 --load_file=/home/gxr/mongodb-run/workloads/ycsb/workloada-load-10000000-10000000.log.formated --run_file=/home/gxr/mongodb-run/workloads/ycsb/workloada-run-10000000-10000000.log.formated --URI_set=mongodb://localhost:27017,mongodb://localhost:27018,mongodb://localhost:27019,mongodb://localhost:27020,mongodb://localhost:27021,mongodb://localhost:27022,mongodb://localhost:27023,mongodb://localhost:27024,mongodb://localhost:27025,mongodb://localhost:27026,mongodb://localhost:27027,mongodb://localhost:27028,mongodb://localhost:27029,mongodb://localhost:27030,mongodb://localhost:27031,mongodb://localhost:27032,mongodb://localhost:27033,mongodb://localhost:27034,mongodb://localhost:27035,mongodb://localhost:27036,mongodb://localhost:27037,mongodb://localhost:27038,mongodb://localhost:27039,mongodb://localhost:27040,mongodb://localhost:27041,mongodb://localhost:27042,mongodb://localhost:27043,mongodb://localhost:27044,mongodb://localhost:27045,mongodb://localhost:27046,mongodb://localhost:27047,mongodb://localhost:27048,mongodb://localhost:27049,mongodb://localhost:27050,mongodb://localhost:27051,mongodb://localhost:27052,mongodb://localhost:27053,mongodb://localhost:27054,mongodb://localhost:27055,mongodb://localhost:27056,mongodb://localhost:27057,mongodb://localhost:27058,mongodb://localhost:27059,mongodb://localhost:27060,mongodb://localhost:27061,mongodb://localhost:27062,mongodb://localhost:27063,mongodb://localhost:27064 --first_mode=false
mongodb://localhost:27017 mongodb://localhost:27018 mongodb://localhost:27019 mongodb://localhost:27020 mongodb://localhost:27021 mongodb://localhost:27022 mongodb://localhost:27023 mongodb://localhost:27024 mongodb://localhost:27025 mongodb://localhost:27026 mongodb://localhost:27027 mongodb://localhost:27028 mongodb://localhost:27029 mongodb://localhost:27030 mongodb://localhost:27031 mongodb://localhost:27032 mongodb://localhost:27033 mongodb://localhost:27034 mongodb://localhost:27035 mongodb://localhost:27036 mongodb://localhost:27037 mongodb://localhost:27038 mongodb://localhost:27039 mongodb://localhost:27040 mongodb://localhost:27041 mongodb://localhost:27042 mongodb://localhost:27043 mongodb://localhost:27044 mongodb://localhost:27045 mongodb://localhost:27046 mongodb://localhost:27047 mongodb://localhost:27048 mongodb://localhost:27049 mongodb://localhost:27050 mongodb://localhost:27051 mongodb://localhost:27052 mongodb://localhost:27053 mongodb://localhost:27054 mongodb://localhost:27055 mongodb://localhost:27056 mongodb://localhost:27057 mongodb://localhost:27058 mongodb://localhost:27059 mongodb://localhost:27060 mongodb://localhost:27061 mongodb://localhost:27062 mongodb://localhost:27063 mongodb://localhost:27064 reading workload files ...
load_filename : /home/gxr/mongodb-run/workloads/ycsb/workloada-load-10000000-10000000.log.formated
read load file needs: 981794667 s 
run_filename : /home/gxr/mongodb-run/workloads/ycsb/workloada-run-10000000-10000000.log.formated
read run file needs: 1006098761 s 
num_of_load_ops is 1862736
num_of_run_ops is 1934501
0 1 2 3 4 5 6 7 8 9 10 11 24 25 26 27 28 29 30 31 32 33 34 35 12 13 14 15 16 17 18 19 20 21 22 23 36 37 38 39 40 41 42 43 44 45 46 47 URI: URI: URI: mongodb://localhost:27021
URI: mongodb://localhost:27020mongodb://localhost:27017
mongodb://localhost:27018

URI: mongodb://localhost:27019
URI: mongodb://localhost:27022
URI: mongodb://localhost:27024
URI: mongodb://localhost:27023
Load workloads needs: 12409367293 ns 
[report] load_thread_ID : 4
[report] load_duration_ns : 12409367293
[report] load_duration_s : 12.409367
[report] load_throughput : 18763.406264
[report] load_average_latency_ns : 53295.227206
Load workloads needs: 13189208191 ns 
[report] load_thread_ID : 7
[report] load_duration_ns : 13189208191
[report] load_duration_s : 13.189208
[report] load_throughput : 17653.978664
[report] load_average_latency_ns : 56644.455000
Load workloads needs: 13568621999 ns 
[report] load_thread_ID : 6
[report] load_duration_ns : 13568621999
[report] load_duration_s : 13.568622
[report] load_throughput : 17160.327704
[report] load_average_latency_ns : 58273.945418
Load workloads needs: 13592491909 ns 
[report] load_thread_ID : 1
[report] load_duration_ns : 13592491909
[report] load_duration_s : 13.592492
[report] load_throughput : 17130.192283
[report] load_average_latency_ns : 58376.460901
Load workloads needs: 13649571493 ns 
[report] load_thread_ID : 5
[report] load_duration_ns : 13649571493
[report] load_duration_s : 13.649571
[report] load_throughput : 17058.557488
[report] load_average_latency_ns : 58621.603890
Load workloads needs: 13866779250 ns 
[report] load_thread_ID : 3
[report] load_duration_ns : 13866779250
[report] load_duration_s : 13.866779
[report] load_throughput : 16791.354056
[report] load_average_latency_ns : 59554.458603
Load workloads needs: 14230315653 ns 
[report] load_thread_ID : 2
[report] load_duration_ns : 14230315653
[report] load_duration_s : 14.230316
[report] load_throughput : 16362.391789
[report] load_average_latency_ns : 61115.759412
Load workloads needs: 14826128359 ns 
[report] load_thread_ID : 0
[report] load_duration_ns : 14826128359
[report] load_duration_s : 14.826128
[report] load_throughput : 15704.841774
[report] load_average_latency_ns : 63674.630689
All clients run done needs: 14826639410 ns 
[report] load_overall_duration_ns : 14826639410
[report] load_overall_duration_s : 14.826639
[report] load_overall_throughput : 125634.403622
[report] load_overall_average_latency_ns : 7959.603191
