numactl --membind=0 /home/gxr/mongodb-run/test_mongodb/build//run_client --num_threads=24 --core_binding=0,1,2,3,4,5,6,7,8,9,10,11,24,25,26,27,28,29,30,31,32,33,34,35,12,13,14,15,16,17,18,19,20,21,22,23,36,37,38,39,40,41,42,43,44,45,46,47 --str_key_size=16 --str_key_size=256 --load_file=/home/gxr/mongodb-run/workloads/ycsb/workloada-load-10000000-10000000.log.formated --run_file=/home/gxr/mongodb-run/workloads/ycsb/workloada-run-10000000-10000000.log.formated --URI_set=mongodb://localhost:27017,mongodb://localhost:27018,mongodb://localhost:27019,mongodb://localhost:27020,mongodb://localhost:27021,mongodb://localhost:27022,mongodb://localhost:27023,mongodb://localhost:27024,mongodb://localhost:27025,mongodb://localhost:27026,mongodb://localhost:27027,mongodb://localhost:27028,mongodb://localhost:27029,mongodb://localhost:27030,mongodb://localhost:27031,mongodb://localhost:27032,mongodb://localhost:27033,mongodb://localhost:27034,mongodb://localhost:27035,mongodb://localhost:27036,mongodb://localhost:27037,mongodb://localhost:27038,mongodb://localhost:27039,mongodb://localhost:27040,mongodb://localhost:27041,mongodb://localhost:27042,mongodb://localhost:27043,mongodb://localhost:27044,mongodb://localhost:27045,mongodb://localhost:27046,mongodb://localhost:27047,mongodb://localhost:27048,mongodb://localhost:27049,mongodb://localhost:27050,mongodb://localhost:27051,mongodb://localhost:27052,mongodb://localhost:27053,mongodb://localhost:27054,mongodb://localhost:27055,mongodb://localhost:27056,mongodb://localhost:27057,mongodb://localhost:27058,mongodb://localhost:27059,mongodb://localhost:27060,mongodb://localhost:27061,mongodb://localhost:27062,mongodb://localhost:27063,mongodb://localhost:27064 --first_mode=true
mongodb://localhost:27017 mongodb://localhost:27018 mongodb://localhost:27019 mongodb://localhost:27020 mongodb://localhost:27021 mongodb://localhost:27022 mongodb://localhost:27023 mongodb://localhost:27024 mongodb://localhost:27025 mongodb://localhost:27026 mongodb://localhost:27027 mongodb://localhost:27028 mongodb://localhost:27029 mongodb://localhost:27030 mongodb://localhost:27031 mongodb://localhost:27032 mongodb://localhost:27033 mongodb://localhost:27034 mongodb://localhost:27035 mongodb://localhost:27036 mongodb://localhost:27037 mongodb://localhost:27038 mongodb://localhost:27039 mongodb://localhost:27040 mongodb://localhost:27041 mongodb://localhost:27042 mongodb://localhost:27043 mongodb://localhost:27044 mongodb://localhost:27045 mongodb://localhost:27046 mongodb://localhost:27047 mongodb://localhost:27048 mongodb://localhost:27049 mongodb://localhost:27050 mongodb://localhost:27051 mongodb://localhost:27052 mongodb://localhost:27053 mongodb://localhost:27054 mongodb://localhost:27055 mongodb://localhost:27056 mongodb://localhost:27057 mongodb://localhost:27058 mongodb://localhost:27059 mongodb://localhost:27060 mongodb://localhost:27061 mongodb://localhost:27062 mongodb://localhost:27063 mongodb://localhost:27064 reading workload files ...
load_filename : /home/gxr/mongodb-run/workloads/ycsb/workloada-load-10000000-10000000.log.formated
read load file needs: 1023883092 s 
run_filename : /home/gxr/mongodb-run/workloads/ycsb/workloada-run-10000000-10000000.log.formated
read run file needs: 1009463758 s 
num_of_load_ops is 1862736
num_of_run_ops is 1934501
0 1 2 3 4 5 6 7 8 9 10 11 24 25 26 27 28 29 30 31 32 33 34 35 12 13 14 15 16 17 18 19 20 21 22 23 36 37 38 39 40 41 42 43 44 45 46 47 URI: mongodb://localhost:27017
URI: mongodb://localhost:27017
URI: mongodb://localhost:27017
URI: URI: mongodb://localhost:27017
mongodb://localhost:27017
URI: mongodb://localhost:27017
URI: mongodb://localhost:27017
URI: mongodb://localhost:27017
URI: mongodb://localhost:27017
URI: mongodb://localhost:27017
URI: mongodb://localhost:27017
URI: mongodb://localhost:27017URI: 
URI: mongodb://localhost:27017
mongodb://localhost:27017
URI: mongodb://localhost:27017URI: mongodb://localhost:27017

URI: mongodb://localhost:27017
URI: mongodb://localhost:27017
URI: mongodb://localhost:27017
URI: mongodb://localhost:27017URI: URI: mongodb://localhost:27017

mongodb://localhost:27017
URI: mongodb://localhost:27017
URI: mongodb://localhost:27017
Load workloads needs: 8686320702 ns 
[report] load_thread_ID : 15
[report] load_duration_ns : 8686320702
[report] load_duration_s : 8.686321
[report] load_throughput : 8935.198534
[report] load_average_latency_ns : 111916.931250
Load workloads needs: 8762521295 ns 
[report] load_thread_ID : 3
[report] load_duration_ns : 8762521295
[report] load_duration_s : 8.762521
[report] load_throughput : 8857.496306
[report] load_average_latency_ns : 112898.720527
Load workloads needs: 8801426542 ns 
[report] load_thread_ID : 22
[report] load_duration_ns : 8801426542
[report] load_duration_s : 8.801427
[report] load_throughput : 8818.343212
[report] load_average_latency_ns : 113399.986368
Load workloads needs: 8803210380 ns 
[report] load_thread_ID : 10
[report] load_duration_ns : 8803210380
[report] load_duration_s : 8.803210
[report] load_throughput : 8816.556307
[report] load_average_latency_ns : 113422.969825
Load workloads needs: 8816321358 ns 
[report] load_thread_ID : 6
[report] load_duration_ns : 8816321358
[report] load_duration_s : 8.816321
[report] load_throughput : 8803.444980
[report] load_average_latency_ns : 113591.895251
Load workloads needs: 8815991223 ns 
[report] load_thread_ID : 16
[report] load_duration_ns : 8815991223
[report] load_duration_s : 8.815991
[report] load_throughput : 8803.774645
[report] load_average_latency_ns : 113587.641701
Load workloads needs: 8819544684 ns 
[report] load_thread_ID : 18
[report] load_duration_ns : 8819544684
[report] load_duration_s : 8.819545
[report] load_throughput : 8800.227538
[report] load_average_latency_ns : 113633.425464
Load workloads needs: 8829608041 ns 
[report] load_thread_ID : 4
[report] load_duration_ns : 8829608041
[report] load_duration_s : 8.829608
[report] load_throughput : 8790.197667
[report] load_average_latency_ns : 113763.084508
Load workloads needs: 8831342749 ns 
[report] load_thread_ID : 7
[report] load_duration_ns : 8831342749
[report] load_duration_s : 8.831343
[report] load_throughput : 8788.471041
[report] load_average_latency_ns : 113785.434960
Load workloads needs: 8837113349 ns 
[report] load_thread_ID : 19
[report] load_duration_ns : 8837113349
[report] load_duration_s : 8.837113
[report] load_throughput : 8782.732204
[report] load_average_latency_ns : 113859.784949
Load workloads needs: 8841418646 ns 
[report] load_thread_ID : 8
[report] load_duration_ns : 8841418646
[report] load_duration_s : 8.841419
[report] load_throughput : 8778.455484
[report] load_average_latency_ns : 113915.255572
Load workloads needs: 8847243952 ns 
[report] load_thread_ID : 21
[report] load_duration_ns : 8847243952
[report] load_duration_s : 8.847244
[report] load_throughput : 8772.675471
[report] load_average_latency_ns : 113990.310408
Load workloads needs: 8847781270 ns 
[report] load_thread_ID : 20
[report] load_duration_ns : 8847781270
[report] load_duration_s : 8.847781
[report] load_throughput : 8772.142714
[report] load_average_latency_ns : 113997.233360
Load workloads needs: 8850577850 ns 
[report] load_thread_ID : 17
[report] load_duration_ns : 8850577850
[report] load_duration_s : 8.850578
[report] load_throughput : 8769.370917
[report] load_average_latency_ns : 114033.265261
Load workloads needs: 8852588371 ns 
[report] load_thread_ID : 13
[report] load_duration_ns : 8852588371
[report] load_duration_s : 8.852588
[report] load_throughput : 8767.379296
[report] load_average_latency_ns : 114059.169364
Load workloads needs: 8853869609 ns 
[report] load_thread_ID : 9
[report] load_duration_ns : 8853869609
[report] load_duration_s : 8.853870
[report] load_throughput : 8766.110574
[report] load_average_latency_ns : 114075.677185
Load workloads needs: 8859276765 ns 
[report] load_thread_ID : 1
[report] load_duration_ns : 8859276765
[report] load_duration_s : 8.859277
[report] load_throughput : 8760.760281
[report] load_average_latency_ns : 114145.344461
Load workloads needs: 8860378175 ns 
[report] load_thread_ID : 5
[report] load_duration_ns : 8860378175
[report] load_duration_s : 8.860378
[report] load_throughput : 8759.671254
[report] load_average_latency_ns : 114159.535329
Load workloads needs: 8866706875 ns 
[report] load_thread_ID : 12
[report] load_duration_ns : 8866706875
[report] load_duration_s : 8.866707
[report] load_throughput : 8753.418952
[report] load_average_latency_ns : 114241.076030
Load workloads needs: 8871884228 ns 
[report] load_thread_ID : 0
[report] load_duration_ns : 8871884228
[report] load_duration_s : 8.871884
[report] load_throughput : 8748.310731
[report] load_average_latency_ns : 114307.782462
Load workloads needs: 8871631016 ns 
[report] load_thread_ID : 14
[report] load_duration_ns : 8871631016
[report] load_duration_s : 8.871631
[report] load_throughput : 8748.560424
[report] load_average_latency_ns : 114304.520009
Load workloads needs: 8872695698 ns 
[report] load_thread_ID : 2
[report] load_duration_ns : 8872695698
[report] load_duration_s : 8.872696
[report] load_throughput : 8747.510637
[report] load_average_latency_ns : 114318.237663
Load workloads needs: 8883113669 ns 
[report] load_thread_ID : 23
[report] load_duration_ns : 8883113669
[report] load_duration_s : 8.883114
[report] load_throughput : 8737.251699
[report] load_average_latency_ns : 114452.465651
Load workloads needs: 8885350964 ns 
[report] load_thread_ID : 11
[report] load_duration_ns : 8885350964
[report] load_duration_s : 8.885351
[report] load_throughput : 8735.051695
[report] load_average_latency_ns : 114481.291571
All clients run done needs: 8885318064 ns 
[report] load_overall_duration_ns : 8885318064
[report] load_overall_duration_s : 8.885318
[report] load_overall_throughput : 209642.016930
[report] load_overall_average_latency_ns : 4770.036153
