numactl --membind=0 /home/gxr/mongodb-run/test_mongodb/build//run_client --num_threads=34 --core_binding=0,1,2,3,4,5,6,7,8,9,10,11,24,25,26,27,28,29,30,31,32,33,34,35,12,13,14,15,16,17,18,19,20,21,22,23,36,37,38,39,40,41,42,43,44,45,46,47 --str_key_size=16 --str_key_size=256 --load_file=/home/gxr/mongodb-run/workloads/ycsb/workloada-load-10000000-10000000.log.formated --run_file=/home/gxr/mongodb-run/workloads/ycsb/workloada-run-10000000-10000000.log.formated --URI_set=mongodb://localhost:27017,mongodb://localhost:27018,mongodb://localhost:27019,mongodb://localhost:27020,mongodb://localhost:27021,mongodb://localhost:27022,mongodb://localhost:27023,mongodb://localhost:27024,mongodb://localhost:27025,mongodb://localhost:27026,mongodb://localhost:27027,mongodb://localhost:27028,mongodb://localhost:27029,mongodb://localhost:27030,mongodb://localhost:27031,mongodb://localhost:27032,mongodb://localhost:27033,mongodb://localhost:27034,mongodb://localhost:27035,mongodb://localhost:27036,mongodb://localhost:27037,mongodb://localhost:27038,mongodb://localhost:27039,mongodb://localhost:27040,mongodb://localhost:27041,mongodb://localhost:27042,mongodb://localhost:27043,mongodb://localhost:27044,mongodb://localhost:27045,mongodb://localhost:27046,mongodb://localhost:27047,mongodb://localhost:27048,mongodb://localhost:27049,mongodb://localhost:27050,mongodb://localhost:27051,mongodb://localhost:27052,mongodb://localhost:27053,mongodb://localhost:27054,mongodb://localhost:27055,mongodb://localhost:27056,mongodb://localhost:27057,mongodb://localhost:27058,mongodb://localhost:27059,mongodb://localhost:27060,mongodb://localhost:27061,mongodb://localhost:27062,mongodb://localhost:27063,mongodb://localhost:27064 --first_mode=false
mongodb://localhost:27017 mongodb://localhost:27018 mongodb://localhost:27019 mongodb://localhost:27020 mongodb://localhost:27021 mongodb://localhost:27022 mongodb://localhost:27023 mongodb://localhost:27024 mongodb://localhost:27025 mongodb://localhost:27026 mongodb://localhost:27027 mongodb://localhost:27028 mongodb://localhost:27029 mongodb://localhost:27030 mongodb://localhost:27031 mongodb://localhost:27032 mongodb://localhost:27033 mongodb://localhost:27034 mongodb://localhost:27035 mongodb://localhost:27036 mongodb://localhost:27037 mongodb://localhost:27038 mongodb://localhost:27039 mongodb://localhost:27040 mongodb://localhost:27041 mongodb://localhost:27042 mongodb://localhost:27043 mongodb://localhost:27044 mongodb://localhost:27045 mongodb://localhost:27046 mongodb://localhost:27047 mongodb://localhost:27048 mongodb://localhost:27049 mongodb://localhost:27050 mongodb://localhost:27051 mongodb://localhost:27052 mongodb://localhost:27053 mongodb://localhost:27054 mongodb://localhost:27055 mongodb://localhost:27056 mongodb://localhost:27057 mongodb://localhost:27058 mongodb://localhost:27059 mongodb://localhost:27060 mongodb://localhost:27061 mongodb://localhost:27062 mongodb://localhost:27063 mongodb://localhost:27064 reading workload files ...
load_filename : /home/gxr/mongodb-run/workloads/ycsb/workloada-load-10000000-10000000.log.formated
read load file needs: 1134917448 s 
run_filename : /home/gxr/mongodb-run/workloads/ycsb/workloada-run-10000000-10000000.log.formated
read run file needs: 1042036769 s 
num_of_load_ops is 1862736
num_of_run_ops is 1934501
0 1 2 3 4 5 6 7 8 9 10 11 24 25 26 27 28 29 30 31 32 33 34 35 12 13 14 15 16 17 18 19 20 21 22 23 36 37 38 39 40 41 42 43 44 45 46 47 URI: URI: mongodb://localhost:27019
mongodb://localhost:27018
URI: mongodb://localhost:27020URI: URI: URI: 
mongodb://localhost:27022URI: mongodb://localhost:27017
mongodb://localhost:27024

mongodb://localhost:27021
URI: mongodb://localhost:27026
URI: mongodb://localhost:27023
URI: mongodb://localhost:27025
URI: mongodb://localhost:27029
URI: mongodb://localhost:27027
URI: mongodb://localhost:27030
URI: mongodb://localhost:27031
URI: mongodb://localhost:27028
URI: mongodb://localhost:27033
URI: mongodb://localhost:27032
URI: URI: mongodb://localhost:27034
mongodb://localhost:27035
URI: mongodb://localhost:27036
URI: mongodb://localhost:27037
URI: mongodb://localhost:27038
URI: mongodb://localhost:27040URI: mongodb://localhost:27039
URI: mongodb://localhost:27043

URI: mongodb://localhost:27041
URI: mongodb://localhost:27044
URI: mongodb://localhost:27042
URI: mongodb://localhost:27046
URI: mongodb://localhost:27045
URI: mongodb://localhost:27047
URI: mongodb://localhost:27049
URI: mongodb://localhost:27050
URI: mongodb://localhost:27048
Load workloads needs: 9721375159 ns 
[report] load_thread_ID : 23
[report] load_duration_ns : 9721375159
[report] load_duration_s : 9.721375
[report] load_throughput : 5635.622441
[report] load_average_latency_ns : 177442.688990
Load workloads needs: 9811121752 ns 
[report] load_thread_ID : 11
[report] load_duration_ns : 9811121752
[report] load_duration_s : 9.811122
[report] load_throughput : 5584.070954
[report] load_average_latency_ns : 179080.819041
Load workloads needs: 9814431461 ns 
[report] load_thread_ID : 3
[report] load_duration_ns : 9814431461
[report] load_duration_s : 9.814431
[report] load_throughput : 5582.187844
[report] load_average_latency_ns : 179141.230625
Load workloads needs: 9829180586 ns 
[report] load_thread_ID : 16
[report] load_duration_ns : 9829180586
[report] load_duration_s : 9.829181
[report] load_throughput : 5573.811522
[report] load_average_latency_ns : 179410.444019
Load workloads needs: 9906583131 ns 
[report] load_thread_ID : 4
[report] load_duration_ns : 9906583131
[report] load_duration_s : 9.906583
[report] load_throughput : 5530.261976
[report] load_average_latency_ns : 180823.260158
Load workloads needs: 9927502528 ns 
[report] load_thread_ID : 22
[report] load_duration_ns : 9927502528
[report] load_duration_s : 9.927503
[report] load_throughput : 5518.608517
[report] load_average_latency_ns : 181205.098529
Load workloads needs: 9948152274 ns 
[report] load_thread_ID : 14
[report] load_duration_ns : 9948152274
[report] load_duration_s : 9.948152
[report] load_throughput : 5507.153338
[report] load_average_latency_ns : 181582.015004
Load workloads needs: 9976252707 ns 
[report] load_thread_ID : 15
[report] load_duration_ns : 9976252707
[report] load_duration_s : 9.976253
[report] load_throughput : 5491.641161
[report] load_average_latency_ns : 182094.927664
Load workloads needs: 9980509256 ns 
[report] load_thread_ID : 0
[report] load_duration_ns : 9980509256
[report] load_duration_s : 9.980509
[report] load_throughput : 5489.299052
[report] load_average_latency_ns : 182172.621765
Load workloads needs: 10004958573 ns 
[report] load_thread_ID : 7
[report] load_duration_ns : 10004958573
[report] load_duration_s : 10.004959
[report] load_throughput : 5475.884743
[report] load_average_latency_ns : 182618.891195
Load workloads needs: 10111519460 ns 
[report] load_thread_ID : 21
[report] load_duration_ns : 10111519460
[report] load_duration_s : 10.111519
[report] load_throughput : 5418.176785
[report] load_average_latency_ns : 184563.929836
Load workloads needs: 10137649880 ns 
[report] load_thread_ID : 12
[report] load_duration_ns : 10137649880
[report] load_duration_s : 10.137650
[report] load_throughput : 5404.211099
[report] load_average_latency_ns : 185040.884167
Load workloads needs: 10175504229 ns 
[report] load_thread_ID : 2
[report] load_duration_ns : 10175504229
[report] load_duration_s : 10.175504
[report] load_throughput : 5384.106651
[report] load_average_latency_ns : 185731.833479
Load workloads needs: 10210896343 ns 
[report] load_thread_ID : 8
[report] load_duration_ns : 10210896343
[report] load_duration_s : 10.210896
[report] load_throughput : 5365.444733
[report] load_average_latency_ns : 186377.840014
Load workloads needs: 10231784645 ns 
[report] load_thread_ID : 20
[report] load_duration_ns : 10231784645
[report] load_duration_s : 10.231785
[report] load_throughput : 5354.491118
[report] load_average_latency_ns : 186759.110813
Load workloads needs: 10252519917 ns 
[report] load_thread_ID : 17
[report] load_duration_ns : 10252519917
[report] load_duration_s : 10.252520
[report] load_throughput : 5343.661894
[report] load_average_latency_ns : 187137.588380
Load workloads needs: 10255392425 ns 
[report] load_thread_ID : 10
[report] load_duration_ns : 10255392425
[report] load_duration_s : 10.255392
[report] load_throughput : 5342.165149
[report] load_average_latency_ns : 187190.019804
Load workloads needs: 10288775747 ns 
[report] load_thread_ID : 19
[report] load_duration_ns : 10288775747
[report] load_duration_s : 10.288776
[report] load_throughput : 5324.831773
[report] load_average_latency_ns : 187799.360183
Load workloads needs: 10300225630 ns 
[report] load_thread_ID : 18
[report] load_duration_ns : 10300225630
[report] load_duration_s : 10.300226
[report] load_throughput : 5318.912611
[report] load_average_latency_ns : 188008.353046
Load workloads needs: 10301611215 ns 
[report] load_thread_ID : 6
[report] load_duration_ns : 10301611215
[report] load_duration_s : 10.301611
[report] load_throughput : 5318.197208
[report] load_average_latency_ns : 188033.643905
Load workloads needs: 10343176923 ns 
[report] load_thread_ID : 13
[report] load_duration_ns : 10343176923
[report] load_duration_s : 10.343177
[report] load_throughput : 5296.825183
[report] load_average_latency_ns : 188792.336053
Load workloads needs: 10477133030 ns 
[report] load_thread_ID : 9
[report] load_duration_ns : 10477133030
[report] load_duration_s : 10.477133
[report] load_throughput : 5229.102259
[report] load_average_latency_ns : 191237.415216
Load workloads needs: 10509100485 ns 
[report] load_thread_ID : 1
[report] load_duration_ns : 10509100485
[report] load_duration_s : 10.509100
[report] load_throughput : 5213.195942
[report] load_average_latency_ns : 191820.912003
Load workloads needs: 10564477123 ns 
[report] load_thread_ID : 5
[report] load_duration_ns : 10564477123
[report] load_duration_s : 10.564477
[report] load_throughput : 5185.869529
[report] load_average_latency_ns : 192831.692823
Load workloads needs: 10690842590 ns 
[report] load_thread_ID : 29
[report] load_duration_ns : 10690842590
[report] load_duration_s : 10.690843
[report] load_throughput : 5124.572693
[report] load_average_latency_ns : 195138.221261
Load workloads needs: 10763273424 ns 
[report] load_thread_ID : 30
[report] load_duration_ns : 10763273424
[report] load_duration_s : 10.763273
[report] load_throughput : 5090.087173
[report] load_average_latency_ns : 196460.289563
Load workloads needs: 10776586868 ns 
[report] load_thread_ID : 28
[report] load_duration_ns : 10776586868
[report] load_duration_s : 10.776587
[report] load_throughput : 5083.798857
[report] load_average_latency_ns : 196703.297704
Load workloads needs: 10814271316 ns 
[report] load_thread_ID : 27
[report] load_duration_ns : 10814271316
[report] load_duration_s : 10.814271
[report] load_throughput : 5066.083363
[report] load_average_latency_ns : 197391.145840
Load workloads needs: 10832722015 ns 
[report] load_thread_ID : 32
[report] load_duration_ns : 10832722015
[report] load_duration_s : 10.832722
[report] load_throughput : 5057.454620
[report] load_average_latency_ns : 197727.923466
Load workloads needs: 10854601017 ns 
[report] load_thread_ID : 31
[report] load_duration_ns : 10854601017
[report] load_duration_s : 10.854601
[report] load_throughput : 5047.260596
[report] load_average_latency_ns : 198127.277352
Load workloads needs: 10876003352 ns 
[report] load_thread_ID : 33
[report] load_duration_ns : 10876003352
[report] load_duration_s : 10.876003
[report] load_throughput : 5037.328348
[report] load_average_latency_ns : 198517.930712
Load workloads needs: 10893320759 ns 
[report] load_thread_ID : 26
[report] load_duration_ns : 10893320759
[report] load_duration_s : 10.893321
[report] load_throughput : 5029.320371
[report] load_average_latency_ns : 198834.022542
Load workloads needs: 10939933789 ns 
[report] load_thread_ID : 24
[report] load_duration_ns : 10939933789
[report] load_duration_s : 10.939934
[report] load_throughput : 5007.891369
[report] load_average_latency_ns : 199684.842642
Load workloads needs: 11009980486 ns 
[report] load_thread_ID : 25
[report] load_duration_ns : 11009980486
[report] load_duration_s : 11.009980
[report] load_throughput : 4976.030618
[report] load_average_latency_ns : 200963.393677
All clients run done needs: 11010271900 ns 
[report] load_overall_duration_ns : 11010271900
[report] load_overall_duration_s : 11.010272
[report] load_overall_throughput : 169181.652998
[report] load_overall_average_latency_ns : 5910.806416
