numactl --membind=0 /home/gxr/mongodb-run/test_mongodb/build//run_client --num_threads=38 --core_binding=0,1,2,3,4,5,6,7,8,9,10,11,24,25,26,27,28,29,30,31,32,33,34,35,12,13,14,15,16,17,18,19,20,21,22,23,36,37,38,39,40,41,42,43,44,45,46,47 --str_key_size=16 --str_key_size=256 --load_file=/home/gxr/mongodb-run/workloads/ycsb/workloada-load-10000000-10000000.log.formated --run_file=/home/gxr/mongodb-run/workloads/ycsb/workloada-run-10000000-10000000.log.formated --URI_set=mongodb://localhost:27017,mongodb://localhost:27018,mongodb://localhost:27019,mongodb://localhost:27020,mongodb://localhost:27021,mongodb://localhost:27022,mongodb://localhost:27023,mongodb://localhost:27024,mongodb://localhost:27025,mongodb://localhost:27026,mongodb://localhost:27027,mongodb://localhost:27028,mongodb://localhost:27029,mongodb://localhost:27030,mongodb://localhost:27031,mongodb://localhost:27032,mongodb://localhost:27033,mongodb://localhost:27034,mongodb://localhost:27035,mongodb://localhost:27036,mongodb://localhost:27037,mongodb://localhost:27038,mongodb://localhost:27039,mongodb://localhost:27040,mongodb://localhost:27041,mongodb://localhost:27042,mongodb://localhost:27043,mongodb://localhost:27044,mongodb://localhost:27045,mongodb://localhost:27046,mongodb://localhost:27047,mongodb://localhost:27048,mongodb://localhost:27049,mongodb://localhost:27050,mongodb://localhost:27051,mongodb://localhost:27052,mongodb://localhost:27053,mongodb://localhost:27054,mongodb://localhost:27055,mongodb://localhost:27056,mongodb://localhost:27057,mongodb://localhost:27058,mongodb://localhost:27059,mongodb://localhost:27060,mongodb://localhost:27061,mongodb://localhost:27062,mongodb://localhost:27063,mongodb://localhost:27064 --first_mode=true
mongodb://localhost:27017 mongodb://localhost:27018 mongodb://localhost:27019 mongodb://localhost:27020 mongodb://localhost:27021 mongodb://localhost:27022 mongodb://localhost:27023 mongodb://localhost:27024 mongodb://localhost:27025 mongodb://localhost:27026 mongodb://localhost:27027 mongodb://localhost:27028 mongodb://localhost:27029 mongodb://localhost:27030 mongodb://localhost:27031 mongodb://localhost:27032 mongodb://localhost:27033 mongodb://localhost:27034 mongodb://localhost:27035 mongodb://localhost:27036 mongodb://localhost:27037 mongodb://localhost:27038 mongodb://localhost:27039 mongodb://localhost:27040 mongodb://localhost:27041 mongodb://localhost:27042 mongodb://localhost:27043 mongodb://localhost:27044 mongodb://localhost:27045 mongodb://localhost:27046 mongodb://localhost:27047 mongodb://localhost:27048 mongodb://localhost:27049 mongodb://localhost:27050 mongodb://localhost:27051 mongodb://localhost:27052 mongodb://localhost:27053 mongodb://localhost:27054 mongodb://localhost:27055 mongodb://localhost:27056 mongodb://localhost:27057 mongodb://localhost:27058 mongodb://localhost:27059 mongodb://localhost:27060 mongodb://localhost:27061 mongodb://localhost:27062 mongodb://localhost:27063 mongodb://localhost:27064 reading workload files ...
load_filename : /home/gxr/mongodb-run/workloads/ycsb/workloada-load-10000000-10000000.log.formated
read load file needs: 997457757 s 
run_filename : /home/gxr/mongodb-run/workloads/ycsb/workloada-run-10000000-10000000.log.formated
read run file needs: 1043409898 s 
num_of_load_ops is 1862736
num_of_run_ops is 1934501
0 1 2 3 4 5 6 7 8 9 10 11 24 25 26 27 28 29 30 31 32 33 34 35 12 13 14 15 16 17 18 19 20 21 22 23 36 37 38 39 40 41 42 43 44 45 46 47 URI: URI: mongodb://localhost:27017
URI: mongodb://localhost:27017
URI: URI: URI: mongodb://localhost:27017
mongodb://localhost:27017
mongodb://localhost:27017URI: mongodb://localhost:27017
URI: URI: mongodb://localhost:27017mongodb://localhost:27017


URI: mongodb://localhost:27017
mongodb://localhost:27017
URI: mongodb://localhost:27017
URI: mongodb://localhost:27017
URI: mongodb://localhost:27017
URI: mongodb://localhost:27017
URI: mongodb://localhost:27017URI: 
mongodb://localhost:27017
URI: mongodb://localhost:27017
URI: mongodb://localhost:27017
URI: mongodb://localhost:27017
URI: mongodb://localhost:27017
URI: mongodb://localhost:27017
URI: mongodb://localhost:27017
URI: mongodb://localhost:27017
URI: mongodb://localhost:27017
URI: mongodb://localhost:27017
URI: mongodb://localhost:27017
URI: mongodb://localhost:27017
URI: mongodb://localhost:27017
URI: mongodb://localhost:27017
URI: mongodb://localhost:27017
URI: mongodb://localhost:27017
URI: mongodb://localhost:27017
URI: mongodb://localhost:27017
URI: mongodb://localhost:27017
URI: mongodb://localhost:27017
URI: mongodb://localhost:27017
URI: mongodb://localhost:27017
URI: mongodb://localhost:27017
Load workloads needs: 7945510179 ns 
[report] load_thread_ID : 31
[report] load_duration_ns : 7945510179
[report] load_duration_s : 7.945510
[report] load_throughput : 6169.396162
[report] load_average_latency_ns : 162090.417573
Load workloads needs: 8133535541 ns 
[report] load_thread_ID : 33
[report] load_duration_ns : 8133535541
[report] load_duration_s : 8.133536
[report] load_throughput : 6026.776394
[report] load_average_latency_ns : 165926.182521
Load workloads needs: 8169398387 ns 
[report] load_thread_ID : 32
[report] load_duration_ns : 8169398387
[report] load_duration_s : 8.169398
[report] load_throughput : 6000.319446
[report] load_average_latency_ns : 166657.793651
Load workloads needs: 8193067032 ns 
[report] load_thread_ID : 24
[report] load_duration_ns : 8193067032
[report] load_duration_s : 8.193067
[report] load_throughput : 5982.985347
[report] load_average_latency_ns : 167140.639997
Load workloads needs: 8222495029 ns 
[report] load_thread_ID : 30
[report] load_duration_ns : 8222495029
[report] load_duration_s : 8.222495
[report] load_throughput : 5961.572470
[report] load_average_latency_ns : 167740.978580
Load workloads needs: 8229238542 ns 
[report] load_thread_ID : 29
[report] load_duration_ns : 8229238542
[report] load_duration_s : 8.229239
[report] load_throughput : 5956.687214
[report] load_average_latency_ns : 167878.547951
Load workloads needs: 8231373055 ns 
[report] load_thread_ID : 35
[report] load_duration_ns : 8231373055
[report] load_duration_s : 8.231373
[report] load_throughput : 5955.142559
[report] load_average_latency_ns : 167922.092556
Load workloads needs: 8285925563 ns 
[report] load_thread_ID : 36
[report] load_duration_ns : 8285925563
[report] load_duration_s : 8.285926
[report] load_throughput : 5915.935357
[report] load_average_latency_ns : 169034.977519
Load workloads needs: 8309853503 ns 
[report] load_thread_ID : 34
[report] load_duration_ns : 8309853503
[report] load_duration_s : 8.309854
[report] load_throughput : 5898.900622
[report] load_average_latency_ns : 169523.113548
Load workloads needs: 8312814829 ns 
[report] load_thread_ID : 18
[report] load_duration_ns : 8312814829
[report] load_duration_s : 8.312815
[report] load_throughput : 5896.799220
[report] load_average_latency_ns : 169583.525347
Load workloads needs: 8331879569 ns 
[report] load_thread_ID : 13
[report] load_duration_ns : 8331879569
[report] load_duration_s : 8.331880
[report] load_throughput : 5883.306353
[report] load_average_latency_ns : 169972.450866
Load workloads needs: 8338117314 ns 
[report] load_thread_ID : 14
[report] load_duration_ns : 8338117314
[report] load_duration_s : 8.338117
[report] load_throughput : 5878.905052
[report] load_average_latency_ns : 170099.702442
Load workloads needs: 8363075965 ns 
[report] load_thread_ID : 28
[report] load_duration_ns : 8363075965
[report] load_duration_s : 8.363076
[report] load_throughput : 5861.360127
[report] load_average_latency_ns : 170608.865236
Load workloads needs: 8380591774 ns 
[report] load_thread_ID : 25
[report] load_duration_ns : 8380591774
[report] load_duration_s : 8.380592
[report] load_throughput : 5849.109624
[report] load_average_latency_ns : 170966.192170
Load workloads needs: 8386269078 ns 
[report] load_thread_ID : 37
[report] load_duration_ns : 8386269078
[report] load_duration_s : 8.386269
[report] load_throughput : 5845.149916
[report] load_average_latency_ns : 171082.010608
Load workloads needs: 8396759384 ns 
[report] load_thread_ID : 15
[report] load_duration_ns : 8396759384
[report] load_duration_s : 8.396759
[report] load_throughput : 5837.847407
[report] load_average_latency_ns : 171296.015504
Load workloads needs: 8401362299 ns 
[report] load_thread_ID : 26
[report] load_duration_ns : 8401362299
[report] load_duration_s : 8.401362
[report] load_throughput : 5834.648984
[report] load_average_latency_ns : 171389.916135
Load workloads needs: 8413341159 ns 
[report] load_thread_ID : 12
[report] load_duration_ns : 8413341159
[report] load_duration_s : 8.413341
[report] load_throughput : 5826.341649
[report] load_average_latency_ns : 171634.287909
Load workloads needs: 8416343111 ns 
[report] load_thread_ID : 16
[report] load_duration_ns : 8416343111
[report] load_duration_s : 8.416343
[report] load_throughput : 5824.263502
[report] load_average_latency_ns : 171695.528489
Load workloads needs: 8423787648 ns 
[report] load_thread_ID : 8
[report] load_duration_ns : 8423787648
[report] load_duration_s : 8.423788
[report] load_throughput : 5819.116299
[report] load_average_latency_ns : 171847.398927
Load workloads needs: 8428774592 ns 
[report] load_thread_ID : 27
[report] load_duration_ns : 8428774592
[report] load_duration_s : 8.428775
[report] load_throughput : 5815.673378
[report] load_average_latency_ns : 171949.133846
Load workloads needs: 8438276052 ns 
[report] load_thread_ID : 23
[report] load_duration_ns : 8438276052
[report] load_duration_s : 8.438276
[report] load_throughput : 5809.124956
[report] load_average_latency_ns : 172142.966034
Load workloads needs: 8442367757 ns 
[report] load_thread_ID : 17
[report] load_duration_ns : 8442367757
[report] load_duration_s : 8.442368
[report] load_throughput : 5806.309487
[report] load_average_latency_ns : 172226.437851
Load workloads needs: 8483023227 ns 
[report] load_thread_ID : 19
[report] load_duration_ns : 8483023227
[report] load_duration_s : 8.483023
[report] load_throughput : 5778.482351
[report] load_average_latency_ns : 173055.819723
Load workloads needs: 8489667829 ns 
[report] load_thread_ID : 22
[report] load_duration_ns : 8489667829
[report] load_duration_s : 8.489668
[report] load_throughput : 5773.959710
[report] load_average_latency_ns : 173191.371285
Load workloads needs: 8493944629 ns 
[report] load_thread_ID : 5
[report] load_duration_ns : 8493944629
[report] load_duration_s : 8.493945
[report] load_throughput : 5771.052455
[report] load_average_latency_ns : 173278.619086
Load workloads needs: 8500831193 ns 
[report] load_thread_ID : 20
[report] load_duration_ns : 8500831193
[report] load_duration_s : 8.500831
[report] load_throughput : 5766.377297
[report] load_average_latency_ns : 173419.106734
Load workloads needs: 8512439556 ns 
[report] load_thread_ID : 1
[report] load_duration_ns : 8512439556
[report] load_duration_s : 8.512440
[report] load_throughput : 5758.513723
[report] load_average_latency_ns : 173655.920276
Load workloads needs: 8526860929 ns 
[report] load_thread_ID : 21
[report] load_duration_ns : 8526860929
[report] load_duration_s : 8.526861
[report] load_throughput : 5748.774421
[report] load_average_latency_ns : 173950.119933
Load workloads needs: 8530579335 ns 
[report] load_thread_ID : 0
[report] load_duration_ns : 8530579335
[report] load_duration_s : 8.530579
[report] load_throughput : 5746.268580
[report] load_average_latency_ns : 174025.976356
Load workloads needs: 8552404619 ns 
[report] load_thread_ID : 7
[report] load_duration_ns : 8552404619
[report] load_duration_s : 8.552405
[report] load_throughput : 5731.604406
[report] load_average_latency_ns : 174471.217671
Load workloads needs: 8552606319 ns 
[report] load_thread_ID : 9
[report] load_duration_ns : 8552606319
[report] load_duration_s : 8.552606
[report] load_throughput : 5731.469235
[report] load_average_latency_ns : 174475.332402
Load workloads needs: 8556616927 ns 
[report] load_thread_ID : 10
[report] load_duration_ns : 8556616927
[report] load_duration_s : 8.556617
[report] load_throughput : 5728.782814
[report] load_average_latency_ns : 174557.149819
Load workloads needs: 8562880310 ns 
[report] load_thread_ID : 6
[report] load_duration_ns : 8562880310
[report] load_duration_s : 8.562880
[report] load_throughput : 5724.592453
[report] load_average_latency_ns : 174684.924417
Load workloads needs: 8580207201 ns 
[report] load_thread_ID : 11
[report] load_duration_ns : 8580207201
[report] load_duration_s : 8.580207
[report] load_throughput : 5713.032197
[report] load_average_latency_ns : 175038.397377
Load workloads needs: 8585596531 ns 
[report] load_thread_ID : 3
[report] load_duration_ns : 8585596531
[report] load_duration_s : 8.585597
[report] load_throughput : 5709.446027
[report] load_average_latency_ns : 175148.341072
Load workloads needs: 8592183309 ns 
[report] load_thread_ID : 4
[report] load_duration_ns : 8592183309
[report] load_duration_s : 8.592183
[report] load_throughput : 5705.069158
[report] load_average_latency_ns : 175282.713009
Load workloads needs: 8599471722 ns 
[report] load_thread_ID : 2
[report] load_duration_ns : 8599471722
[report] load_duration_s : 8.599472
[report] load_throughput : 5700.233873
[report] load_average_latency_ns : 175431.398478
All clients run done needs: 8598840356 ns 
[report] load_overall_duration_ns : 8598840356
[report] load_overall_duration_s : 8.598840
[report] load_overall_throughput : 216626.419713
[report] load_overall_average_latency_ns : 4616.242106
