numactl --membind=0 /home/gxr/mongodb-run/test_mongodb/build//run_client --num_threads=16 --core_binding=0,1,2,3,4,5,6,7,8,9,10,11,24,25,26,27,28,29,30,31,32,33,34,35,12,13,14,15,16,17,18,19,20,21,22,23,36,37,38,39,40,41,42,43,44,45,46,47 --str_key_size=16 --str_key_size=256 --load_file=/home/gxr/mongodb-run/workloads/ycsb/workloada-load-10000000-10000000.log.formated --run_file=/home/gxr/mongodb-run/workloads/ycsb/workloada-run-10000000-10000000.log.formated --URI_set=mongodb://localhost:27017,mongodb://localhost:27018,mongodb://localhost:27019,mongodb://localhost:27020,mongodb://localhost:27021,mongodb://localhost:27022,mongodb://localhost:27023,mongodb://localhost:27024,mongodb://localhost:27025,mongodb://localhost:27026,mongodb://localhost:27027,mongodb://localhost:27028,mongodb://localhost:27029,mongodb://localhost:27030,mongodb://localhost:27031,mongodb://localhost:27032,mongodb://localhost:27033,mongodb://localhost:27034,mongodb://localhost:27035,mongodb://localhost:27036,mongodb://localhost:27037,mongodb://localhost:27038,mongodb://localhost:27039,mongodb://localhost:27040,mongodb://localhost:27041,mongodb://localhost:27042,mongodb://localhost:27043,mongodb://localhost:27044,mongodb://localhost:27045,mongodb://localhost:27046,mongodb://localhost:27047,mongodb://localhost:27048,mongodb://localhost:27049,mongodb://localhost:27050,mongodb://localhost:27051,mongodb://localhost:27052,mongodb://localhost:27053,mongodb://localhost:27054,mongodb://localhost:27055,mongodb://localhost:27056,mongodb://localhost:27057,mongodb://localhost:27058,mongodb://localhost:27059,mongodb://localhost:27060,mongodb://localhost:27061,mongodb://localhost:27062,mongodb://localhost:27063,mongodb://localhost:27064 --first_mode=false
mongodb://localhost:27017 mongodb://localhost:27018 mongodb://localhost:27019 mongodb://localhost:27020 mongodb://localhost:27021 mongodb://localhost:27022 mongodb://localhost:27023 mongodb://localhost:27024 mongodb://localhost:27025 mongodb://localhost:27026 mongodb://localhost:27027 mongodb://localhost:27028 mongodb://localhost:27029 mongodb://localhost:27030 mongodb://localhost:27031 mongodb://localhost:27032 mongodb://localhost:27033 mongodb://localhost:27034 mongodb://localhost:27035 mongodb://localhost:27036 mongodb://localhost:27037 mongodb://localhost:27038 mongodb://localhost:27039 mongodb://localhost:27040 mongodb://localhost:27041 mongodb://localhost:27042 mongodb://localhost:27043 mongodb://localhost:27044 mongodb://localhost:27045 mongodb://localhost:27046 mongodb://localhost:27047 mongodb://localhost:27048 mongodb://localhost:27049 mongodb://localhost:27050 mongodb://localhost:27051 mongodb://localhost:27052 mongodb://localhost:27053 mongodb://localhost:27054 mongodb://localhost:27055 mongodb://localhost:27056 mongodb://localhost:27057 mongodb://localhost:27058 mongodb://localhost:27059 mongodb://localhost:27060 mongodb://localhost:27061 mongodb://localhost:27062 mongodb://localhost:27063 mongodb://localhost:27064 reading workload files ...
load_filename : /home/gxr/mongodb-run/workloads/ycsb/workloada-load-10000000-10000000.log.formated
read load file needs: 976064006 s 
run_filename : /home/gxr/mongodb-run/workloads/ycsb/workloada-run-10000000-10000000.log.formated
read run file needs: 1003660241 s 
num_of_load_ops is 1862736
num_of_run_ops is 1934501
0 1 2 3 4 5 6 7 8 9 10 11 24 25 26 27 28 29 30 31 32 33 34 35 12 13 14 15 16 17 18 19 20 21 22 23 36 37 38 39 40 41 42 43 44 45 46 47 URI: URI: mongodb://localhost:27017
URI: mongodb://localhost:27023
URI: mongodb://localhost:27020
mongodb://localhost:27018
URI: mongodb://localhost:27019
URI: mongodb://localhost:27021
URI: mongodb://localhost:27024
URI: mongodb://localhost:27022
URI: mongodb://localhost:27027
URI: mongodb://localhost:27026
URI: mongodb://localhost:27025
URI: mongodb://localhost:27029
URI: mongodb://localhost:27028
URI: mongodb://localhost:27030
URI: mongodb://localhost:27031
URI: mongodb://localhost:27032
Load workloads needs: 14659557937 ns 
[report] load_thread_ID : 0
[report] load_duration_ns : 14659557937
[report] load_duration_s : 14.659558
[report] load_throughput : 7941.644659
[report] load_average_latency_ns : 125918.502134
Load workloads needs: 15116304955 ns 
[report] load_thread_ID : 3
[report] load_duration_ns : 15116304955
[report] load_duration_s : 15.116305
[report] load_throughput : 7701.683735
[report] load_average_latency_ns : 129841.737788
Load workloads needs: 15183946920 ns 
[report] load_thread_ID : 15
[report] load_duration_ns : 15183946920
[report] load_duration_s : 15.183947
[report] load_throughput : 7667.374011
[report] load_average_latency_ns : 130422.749504
Load workloads needs: 15408609685 ns 
[report] load_thread_ID : 1
[report] load_duration_ns : 15408609685
[report] load_duration_s : 15.408610
[report] load_throughput : 7555.581093
[report] load_average_latency_ns : 132352.493837
Load workloads needs: 15539161277 ns 
[report] load_thread_ID : 2
[report] load_duration_ns : 15539161277
[report] load_duration_s : 15.539161
[report] load_throughput : 7492.103205
[report] load_average_latency_ns : 133473.868778
Load workloads needs: 15596229695 ns 
[report] load_thread_ID : 14
[report] load_duration_ns : 15596229695
[report] load_duration_s : 15.596230
[report] load_throughput : 7464.688728
[report] load_average_latency_ns : 133964.058847
Load workloads needs: 15614123973 ns 
[report] load_thread_ID : 13
[report] load_duration_ns : 15614123973
[report] load_duration_s : 15.614124
[report] load_throughput : 7456.133959
[report] load_average_latency_ns : 134117.762027
Load workloads needs: 15759689346 ns 
[report] load_thread_ID : 12
[report] load_duration_ns : 15759689346
[report] load_duration_s : 15.759689
[report] load_throughput : 7387.264904
[report] load_average_latency_ns : 135368.098075
Load workloads needs: 15811056778 ns 
[report] load_thread_ID : 10
[report] load_duration_ns : 15811056778
[report] load_duration_s : 15.811057
[report] load_throughput : 7363.264938
[report] load_average_latency_ns : 135809.319435
Load workloads needs: 15907266706 ns 
[report] load_thread_ID : 4
[report] load_duration_ns : 15907266706
[report] load_duration_s : 15.907267
[report] load_throughput : 7318.730625
[report] load_average_latency_ns : 136635.716117
Load workloads needs: 15949040818 ns 
[report] load_thread_ID : 6
[report] load_duration_ns : 15949040818
[report] load_duration_s : 15.949041
[report] load_throughput : 7299.561229
[report] load_average_latency_ns : 136994.535505
Load workloads needs: 15956637033 ns 
[report] load_thread_ID : 9
[report] load_duration_ns : 15956637033
[report] load_duration_s : 15.956637
[report] load_throughput : 7296.086247
[report] load_average_latency_ns : 137059.783312
Load workloads needs: 15968549590 ns 
[report] load_thread_ID : 7
[report] load_duration_ns : 15968549590
[report] load_duration_s : 15.968550
[report] load_throughput : 7290.643358
[report] load_average_latency_ns : 137162.106407
Load workloads needs: 16012735214 ns 
[report] load_thread_ID : 8
[report] load_duration_ns : 16012735214
[report] load_duration_s : 16.012735
[report] load_throughput : 7270.525519
[report] load_average_latency_ns : 137541.639515
Load workloads needs: 16019787596 ns 
[report] load_thread_ID : 5
[report] load_duration_ns : 16019787596
[report] load_duration_s : 16.019788
[report] load_throughput : 7267.324820
[report] load_average_latency_ns : 137602.216061
Load workloads needs: 16105324883 ns 
[report] load_thread_ID : 11
[report] load_duration_ns : 16105324883
[report] load_duration_s : 16.105325
[report] load_throughput : 7228.727197
[report] load_average_latency_ns : 138336.939925
All clients run done needs: 16105609796 ns 
[report] load_overall_duration_ns : 16105609796
[report] load_overall_duration_s : 16.105610
[report] load_overall_throughput : 115657.589101
[report] load_overall_average_latency_ns : 8646.211699
