numactl --membind=0 /home/gxr/mongodb-run/test_mongodb/build//run_client --num_threads=38 --core_binding=0,1,2,3,4,5,6,7,8,9,10,11,24,25,26,27,28,29,30,31,32,33,34,35,12,13,14,15,16,17,18,19,20,21,22,23,36,37,38,39,40,41,42,43,44,45,46,47 --str_key_size=16 --str_key_size=256 --load_file=/home/gxr/mongodb-run/workloads/ycsb/workloada-load-10000000-10000000.log.formated --run_file=/home/gxr/mongodb-run/workloads/ycsb/workloada-run-10000000-10000000.log.formated --URI_set=mongodb://localhost:27017,mongodb://localhost:27018,mongodb://localhost:27019,mongodb://localhost:27020,mongodb://localhost:27021,mongodb://localhost:27022,mongodb://localhost:27023,mongodb://localhost:27024,mongodb://localhost:27025,mongodb://localhost:27026,mongodb://localhost:27027,mongodb://localhost:27028,mongodb://localhost:27029,mongodb://localhost:27030,mongodb://localhost:27031,mongodb://localhost:27032,mongodb://localhost:27033,mongodb://localhost:27034,mongodb://localhost:27035,mongodb://localhost:27036,mongodb://localhost:27037,mongodb://localhost:27038,mongodb://localhost:27039,mongodb://localhost:27040,mongodb://localhost:27041,mongodb://localhost:27042,mongodb://localhost:27043,mongodb://localhost:27044,mongodb://localhost:27045,mongodb://localhost:27046,mongodb://localhost:27047,mongodb://localhost:27048,mongodb://localhost:27049,mongodb://localhost:27050,mongodb://localhost:27051,mongodb://localhost:27052,mongodb://localhost:27053,mongodb://localhost:27054,mongodb://localhost:27055,mongodb://localhost:27056,mongodb://localhost:27057,mongodb://localhost:27058,mongodb://localhost:27059,mongodb://localhost:27060,mongodb://localhost:27061,mongodb://localhost:27062,mongodb://localhost:27063,mongodb://localhost:27064 --first_mode=false
mongodb://localhost:27017 mongodb://localhost:27018 mongodb://localhost:27019 mongodb://localhost:27020 mongodb://localhost:27021 mongodb://localhost:27022 mongodb://localhost:27023 mongodb://localhost:27024 mongodb://localhost:27025 mongodb://localhost:27026 mongodb://localhost:27027 mongodb://localhost:27028 mongodb://localhost:27029 mongodb://localhost:27030 mongodb://localhost:27031 mongodb://localhost:27032 mongodb://localhost:27033 mongodb://localhost:27034 mongodb://localhost:27035 mongodb://localhost:27036 mongodb://localhost:27037 mongodb://localhost:27038 mongodb://localhost:27039 mongodb://localhost:27040 mongodb://localhost:27041 mongodb://localhost:27042 mongodb://localhost:27043 mongodb://localhost:27044 mongodb://localhost:27045 mongodb://localhost:27046 mongodb://localhost:27047 mongodb://localhost:27048 mongodb://localhost:27049 mongodb://localhost:27050 mongodb://localhost:27051 mongodb://localhost:27052 mongodb://localhost:27053 mongodb://localhost:27054 mongodb://localhost:27055 mongodb://localhost:27056 mongodb://localhost:27057 mongodb://localhost:27058 mongodb://localhost:27059 mongodb://localhost:27060 mongodb://localhost:27061 mongodb://localhost:27062 mongodb://localhost:27063 mongodb://localhost:27064 reading workload files ...
load_filename : /home/gxr/mongodb-run/workloads/ycsb/workloada-load-10000000-10000000.log.formated
read load file needs: 1157348113 s 
run_filename : /home/gxr/mongodb-run/workloads/ycsb/workloada-run-10000000-10000000.log.formated
read run file needs: 1012647150 s 
num_of_load_ops is 1862736
num_of_run_ops is 1934501
0 1 2 3 4 5 6 7 8 9 10 11 24 25 26 27 28 29 30 31 32 33 34 35 12 13 14 15 16 17 18 19 20 21 22 23 36 37 38 39 40 41 42 43 44 45 46 47 URI: URI: mongodb://localhost:27018
mongodb://localhost:27021
URI: URI: URI: mongodb://localhost:27019URI: mongodb://localhost:27022mongodb://localhost:27017


mongodb://localhost:27020
URI: mongodb://localhost:27024
URI: mongodb://localhost:27026
URI: mongodb://localhost:27027
URI: URI: mongodb://localhost:27028
mongodb://localhost:27029
URI: mongodb://localhost:27030
URI: mongodb://localhost:27031
URI: mongodb://localhost:27032
URI: mongodb://localhost:27033
URI: mongodb://localhost:27034
URI: mongodb://localhost:27036
URI: mongodb://localhost:27035
URI: mongodb://localhost:27037
URI: mongodb://localhost:27038
URI: mongodb://localhost:27039
URI: mongodb://localhost:27040
URI: mongodb://localhost:27041
URI: mongodb://localhost:27042
URI: mongodb://localhost:27044
URI: mongodb://localhost:27046
URI: mongodb://localhost:27048
URI: mongodb://localhost:27049
URI: URI: URI: mongodb://localhost:27045URI: mongodb://localhost:27050mongodb://localhost:27047


URI: mongodb://localhost:27052
URI: mongodb://localhost:27053
URI: mongodb://localhost:27054
URI: mongodb://localhost:27051
mongodb://localhost:27043
URI: mongodb://localhost:27025
URI: mongodb://localhost:27023
Load workloads needs: 10027482283 ns 
[report] load_thread_ID : 22
[report] load_duration_ns : 10027482283
[report] load_duration_s : 10.027482
[report] load_throughput : 4888.465381
[report] load_average_latency_ns : 204563.175157
Load workloads needs: 10292765573 ns 
[report] load_thread_ID : 23
[report] load_duration_ns : 10292765573
[report] load_duration_s : 10.292766
[report] load_throughput : 4762.471238
[report] load_average_latency_ns : 209975.021379
Load workloads needs: 10368358093 ns 
[report] load_thread_ID : 21
[report] load_duration_ns : 10368358093
[report] load_duration_s : 10.368358
[report] load_throughput : 4727.749520
[report] load_average_latency_ns : 211517.127910
Load workloads needs: 10399407723 ns 
[report] load_thread_ID : 19
[report] load_duration_ns : 10399407723
[report] load_duration_s : 10.399408
[report] load_throughput : 4713.633825
[report] load_average_latency_ns : 212150.548216
Load workloads needs: 10404298596 ns 
[report] load_thread_ID : 11
[report] load_duration_ns : 10404298596
[report] load_duration_s : 10.404299
[report] load_throughput : 4711.418031
[report] load_average_latency_ns : 212250.323262
Load workloads needs: 10406643151 ns 
[report] load_thread_ID : 17
[report] load_duration_ns : 10406643151
[report] load_duration_s : 10.406643
[report] load_throughput : 4710.356576
[report] load_average_latency_ns : 212298.152777
Load workloads needs: 10421886505 ns 
[report] load_thread_ID : 12
[report] load_duration_ns : 10421886505
[report] load_duration_s : 10.421887
[report] load_throughput : 4703.467072
[report] load_average_latency_ns : 212609.121055
Load workloads needs: 10447930604 ns 
[report] load_thread_ID : 4
[report] load_duration_ns : 10447930604
[report] load_duration_s : 10.447931
[report] load_throughput : 4691.742495
[report] load_average_latency_ns : 213140.427263
Load workloads needs: 10470039553 ns 
[report] load_thread_ID : 16
[report] load_duration_ns : 10470039553
[report] load_duration_s : 10.470040
[report] load_throughput : 4681.835226
[report] load_average_latency_ns : 213591.455415
Load workloads needs: 10472392017 ns 
[report] load_thread_ID : 13
[report] load_duration_ns : 10472392017
[report] load_duration_s : 10.472392
[report] load_throughput : 4680.783523
[report] load_average_latency_ns : 213639.446276
Load workloads needs: 10485982197 ns 
[report] load_thread_ID : 3
[report] load_duration_ns : 10485982197
[report] load_duration_s : 10.485982
[report] load_throughput : 4674.717073
[report] load_average_latency_ns : 213916.689386
Load workloads needs: 10506591925 ns 
[report] load_thread_ID : 10
[report] load_duration_ns : 10506591925
[report] load_duration_s : 10.506592
[report] load_throughput : 4665.547149
[report] load_average_latency_ns : 214337.133050
Load workloads needs: 10511268708 ns 
[report] load_thread_ID : 1
[report] load_duration_ns : 10511268708
[report] load_duration_s : 10.511269
[report] load_throughput : 4663.471305
[report] load_average_latency_ns : 214432.540607
Load workloads needs: 10559508469 ns 
[report] load_thread_ID : 0
[report] load_duration_ns : 10559508469
[report] load_duration_s : 10.559508
[report] load_throughput : 4642.166834
[report] load_average_latency_ns : 215416.643934
Load workloads needs: 10572564784 ns 
[report] load_thread_ID : 7
[report] load_duration_ns : 10572564784
[report] load_duration_s : 10.572565
[report] load_throughput : 4636.434110
[report] load_average_latency_ns : 215682.996063
Load workloads needs: 10574934897 ns 
[report] load_thread_ID : 18
[report] load_duration_ns : 10574934897
[report] load_duration_s : 10.574935
[report] load_throughput : 4635.394967
[report] load_average_latency_ns : 215731.346968
Load workloads needs: 10607106239 ns 
[report] load_thread_ID : 15
[report] load_duration_ns : 10607106239
[report] load_duration_s : 10.607106
[report] load_throughput : 4621.335819
[report] load_average_latency_ns : 216387.650482
Load workloads needs: 10635516433 ns 
[report] load_thread_ID : 2
[report] load_duration_ns : 10635516433
[report] load_duration_s : 10.635516
[report] load_throughput : 4608.991045
[report] load_average_latency_ns : 216967.225627
Load workloads needs: 10640079641 ns 
[report] load_thread_ID : 20
[report] load_duration_ns : 10640079641
[report] load_duration_s : 10.640080
[report] load_throughput : 4607.014388
[report] load_average_latency_ns : 217060.316224
Load workloads needs: 10660125696 ns 
[report] load_thread_ID : 14
[report] load_duration_ns : 10660125696
[report] load_duration_s : 10.660126
[report] load_throughput : 4598.351032
[report] load_average_latency_ns : 217469.260817
Load workloads needs: 10620600849 ns 
[report] load_thread_ID : 6
[report] load_duration_ns : 10620600849
[report] load_duration_s : 10.620601
[report] load_throughput : 4615.463917
[report] load_average_latency_ns : 216662.943940
Load workloads needs: 10668501082 ns 
[report] load_thread_ID : 9
[report] load_duration_ns : 10668501082
[report] load_duration_s : 10.668501
[report] load_throughput : 4594.741063
[report] load_average_latency_ns : 217640.120810
Load workloads needs: 10676591131 ns 
[report] load_thread_ID : 5
[report] load_duration_ns : 10676591131
[report] load_duration_s : 10.676591
[report] load_throughput : 4591.259457
[report] load_average_latency_ns : 217805.159856
Load workloads needs: 10708273691 ns 
[report] load_thread_ID : 37
[report] load_duration_ns : 10708273691
[report] load_duration_s : 10.708274
[report] load_throughput : 4577.675302
[report] load_average_latency_ns : 218451.492095
Load workloads needs: 10720482772 ns 
[report] load_thread_ID : 8
[report] load_duration_ns : 10720482772
[report] load_duration_s : 10.720483
[report] load_throughput : 4572.461991
[report] load_average_latency_ns : 218700.560436
Load workloads needs: 10744681212 ns 
[report] load_thread_ID : 34
[report] load_duration_ns : 10744681212
[report] load_duration_s : 10.744681
[report] load_throughput : 4562.164203
[report] load_average_latency_ns : 219194.214733
Load workloads needs: 10781987875 ns 
[report] load_thread_ID : 27
[report] load_duration_ns : 10781987875
[report] load_duration_s : 10.781988
[report] load_throughput : 4546.378698
[report] load_average_latency_ns : 219955.280095
Load workloads needs: 10792872650 ns 
[report] load_thread_ID : 29
[report] load_duration_ns : 10792872650
[report] load_duration_s : 10.792873
[report] load_throughput : 4541.793607
[report] load_average_latency_ns : 220177.332259
Load workloads needs: 10795395943 ns 
[report] load_thread_ID : 35
[report] load_duration_ns : 10795395943
[report] load_duration_s : 10.795396
[report] load_throughput : 4540.732018
[report] load_average_latency_ns : 220228.808074
Load workloads needs: 10803140636 ns 
[report] load_thread_ID : 24
[report] load_duration_ns : 10803140636
[report] load_duration_s : 10.803141
[report] load_throughput : 4537.476800
[report] load_average_latency_ns : 220386.801771
Load workloads needs: 10845003951 ns 
[report] load_thread_ID : 36
[report] load_duration_ns : 10845003951
[report] load_duration_s : 10.845004
[report] load_throughput : 4519.961470
[report] load_average_latency_ns : 221240.823987
Load workloads needs: 10848970450 ns 
[report] load_thread_ID : 25
[report] load_duration_ns : 10848970450
[report] load_duration_s : 10.848970
[report] load_throughput : 4518.308924
[report] load_average_latency_ns : 221321.741570
Load workloads needs: 10859194228 ns 
[report] load_thread_ID : 30
[report] load_duration_ns : 10859194228
[report] load_duration_s : 10.859194
[report] load_throughput : 4514.055000
[report] load_average_latency_ns : 221530.309227
Load workloads needs: 10864126620 ns 
[report] load_thread_ID : 26
[report] load_duration_ns : 10864126620
[report] load_duration_s : 10.864127
[report] load_throughput : 4512.005586
[report] load_average_latency_ns : 221630.931272
Load workloads needs: 10883811533 ns 
[report] load_thread_ID : 31
[report] load_duration_ns : 10883811533
[report] load_duration_s : 10.883812
[report] load_throughput : 4503.844986
[report] load_average_latency_ns : 222032.508476
Load workloads needs: 10918248043 ns 
[report] load_thread_ID : 28
[report] load_duration_ns : 10918248043
[report] load_duration_s : 10.918248
[report] load_throughput : 4489.639712
[report] load_average_latency_ns : 222735.021991
Load workloads needs: 10972751511 ns 
[report] load_thread_ID : 32
[report] load_duration_ns : 10972751511
[report] load_duration_s : 10.972752
[report] load_throughput : 4467.338931
[report] load_average_latency_ns : 223846.906526
Load workloads needs: 10980822812 ns 
[report] load_thread_ID : 33
[report] load_duration_ns : 10980822812
[report] load_duration_s : 10.980823
[report] load_throughput : 4464.055275
[report] load_average_latency_ns : 224011.563108
All clients run done needs: 10980967330 ns 
[report] load_overall_duration_ns : 10980967330
[report] load_overall_duration_s : 10.980967
[report] load_overall_throughput : 169633.142875
[report] load_overall_average_latency_ns : 5895.074412
