numactl --membind=0 /home/gxr/mongodb-run/test_mongodb/build//run_client --num_threads=8 --core_binding=0,1,2,3,4,5,6,7,8,9,10,11,24,25,26,27,28,29,30,31,32,33,34,35,12,13,14,15,16,17,18,19,20,21,22,23,36,37,38,39,40,41,42,43,44,45,46,47 --str_key_size=16 --str_key_size=256 --load_file=/home/gxr/mongodb-run/workloads/ycsb/workloada-load-10000000-10000000.log.formated --run_file=/home/gxr/mongodb-run/workloads/ycsb/workloada-run-10000000-10000000.log.formated --URI_set=mongodb://localhost:27017,mongodb://localhost:27018,mongodb://localhost:27019,mongodb://localhost:27020,mongodb://localhost:27021,mongodb://localhost:27022,mongodb://localhost:27023,mongodb://localhost:27024,mongodb://localhost:27025,mongodb://localhost:27026,mongodb://localhost:27027,mongodb://localhost:27028,mongodb://localhost:27029,mongodb://localhost:27030,mongodb://localhost:27031,mongodb://localhost:27032,mongodb://localhost:27033,mongodb://localhost:27034,mongodb://localhost:27035,mongodb://localhost:27036,mongodb://localhost:27037,mongodb://localhost:27038,mongodb://localhost:27039,mongodb://localhost:27040,mongodb://localhost:27041,mongodb://localhost:27042,mongodb://localhost:27043,mongodb://localhost:27044,mongodb://localhost:27045,mongodb://localhost:27046,mongodb://localhost:27047,mongodb://localhost:27048,mongodb://localhost:27049,mongodb://localhost:27050,mongodb://localhost:27051,mongodb://localhost:27052,mongodb://localhost:27053,mongodb://localhost:27054,mongodb://localhost:27055,mongodb://localhost:27056,mongodb://localhost:27057,mongodb://localhost:27058,mongodb://localhost:27059,mongodb://localhost:27060,mongodb://localhost:27061,mongodb://localhost:27062,mongodb://localhost:27063,mongodb://localhost:27064 --first_mode=true
mongodb://localhost:27017 mongodb://localhost:27018 mongodb://localhost:27019 mongodb://localhost:27020 mongodb://localhost:27021 mongodb://localhost:27022 mongodb://localhost:27023 mongodb://localhost:27024 mongodb://localhost:27025 mongodb://localhost:27026 mongodb://localhost:27027 mongodb://localhost:27028 mongodb://localhost:27029 mongodb://localhost:27030 mongodb://localhost:27031 mongodb://localhost:27032 mongodb://localhost:27033 mongodb://localhost:27034 mongodb://localhost:27035 mongodb://localhost:27036 mongodb://localhost:27037 mongodb://localhost:27038 mongodb://localhost:27039 mongodb://localhost:27040 mongodb://localhost:27041 mongodb://localhost:27042 mongodb://localhost:27043 mongodb://localhost:27044 mongodb://localhost:27045 mongodb://localhost:27046 mongodb://localhost:27047 mongodb://localhost:27048 mongodb://localhost:27049 mongodb://localhost:27050 mongodb://localhost:27051 mongodb://localhost:27052 mongodb://localhost:27053 mongodb://localhost:27054 mongodb://localhost:27055 mongodb://localhost:27056 mongodb://localhost:27057 mongodb://localhost:27058 mongodb://localhost:27059 mongodb://localhost:27060 mongodb://localhost:27061 mongodb://localhost:27062 mongodb://localhost:27063 mongodb://localhost:27064 reading workload files ...
load_filename : /home/gxr/mongodb-run/workloads/ycsb/workloada-load-10000000-10000000.log.formated
read load file needs: 975150691 s 
run_filename : /home/gxr/mongodb-run/workloads/ycsb/workloada-run-10000000-10000000.log.formated
read run file needs: 1005838257 s 
num_of_load_ops is 1862736
num_of_run_ops is 1934501
0 1 2 3 4 5 6 7 8 9 10 11 24 25 26 27 28 29 30 31 32 33 34 35 12 13 14 15 16 17 18 19 20 21 22 23 36 37 38 39 40 41 42 43 44 45 46 47 URI: URI: mongodb://localhost:27017
URI: mongodb://localhost:27017
URI: mongodb://localhost:27017
mongodb://localhost:27017
URI: mongodb://localhost:27017
URI: mongodb://localhost:27017
URI: mongodb://localhost:27017
URI: mongodb://localhost:27017
Load workloads needs: 14657509756 ns 
[report] load_thread_ID : 7
[report] load_duration_ns : 14657509756
[report] load_duration_s : 14.657510
[report] load_throughput : 15885.508785
[report] load_average_latency_ns : 62950.454626
Load workloads needs: 14788958073 ns 
[report] load_thread_ID : 6
[report] load_duration_ns : 14788958073
[report] load_duration_s : 14.788958
[report] load_throughput : 15744.314025
[report] load_average_latency_ns : 63514.993313
Load workloads needs: 15301163643 ns 
[report] load_thread_ID : 4
[report] load_duration_ns : 15301163643
[report] load_duration_s : 15.301164
[report] load_throughput : 15217.274021
[report] load_average_latency_ns : 65714.792190
Load workloads needs: 15596445300 ns 
[report] load_thread_ID : 3
[report] load_duration_ns : 15596445300
[report] load_duration_s : 15.596445
[report] load_throughput : 14929.171072
[report] load_average_latency_ns : 66982.955395
Load workloads needs: 15632428223 ns 
[report] load_thread_ID : 5
[report] load_duration_ns : 15632428223
[report] load_duration_s : 15.632428
[report] load_throughput : 14894.806915
[report] load_average_latency_ns : 67137.493335
Load workloads needs: 15710286449 ns 
[report] load_thread_ID : 2
[report] load_duration_ns : 15710286449
[report] load_duration_s : 15.710286
[report] load_throughput : 14820.990105
[report] load_average_latency_ns : 67471.875559
Load workloads needs: 15775655258 ns 
[report] load_thread_ID : 1
[report] load_duration_ns : 15775655258
[report] load_duration_s : 15.775655
[report] load_throughput : 14759.577095
[report] load_average_latency_ns : 67752.618763
Load workloads needs: 15853368278 ns 
[report] load_thread_ID : 0
[report] load_duration_ns : 15853368278
[report] load_duration_s : 15.853368
[report] load_throughput : 14687.225826
[report] load_average_latency_ns : 68086.377363
All clients run done needs: 15853855720 ns 
[report] load_overall_duration_ns : 15853855720
[report] load_overall_duration_s : 15.853856
[report] load_overall_throughput : 117494.194024
[report] load_overall_average_latency_ns : 8511.058851
