numactl --membind=0 /home/gxr/mongodb-run/test_mongodb/build//run_client --num_threads=6 --core_binding=0,1,2,3,4,5,6,7,8,9,10,11,24,25,26,27,28,29,30,31,32,33,34,35,12,13,14,15,16,17,18,19,20,21,22,23,36,37,38,39,40,41,42,43,44,45,46,47 --str_key_size=16 --str_key_size=256 --load_file=/home/gxr/mongodb-run/workloads/ycsb/workloada-load-10000000-10000000.log.formated --run_file=/home/gxr/mongodb-run/workloads/ycsb/workloada-run-10000000-10000000.log.formated --URI_set=mongodb://localhost:27017,mongodb://localhost:27018,mongodb://localhost:27019,mongodb://localhost:27020,mongodb://localhost:27021,mongodb://localhost:27022,mongodb://localhost:27023,mongodb://localhost:27024,mongodb://localhost:27025,mongodb://localhost:27026,mongodb://localhost:27027,mongodb://localhost:27028,mongodb://localhost:27029,mongodb://localhost:27030,mongodb://localhost:27031,mongodb://localhost:27032,mongodb://localhost:27033,mongodb://localhost:27034,mongodb://localhost:27035,mongodb://localhost:27036,mongodb://localhost:27037,mongodb://localhost:27038,mongodb://localhost:27039,mongodb://localhost:27040,mongodb://localhost:27041,mongodb://localhost:27042,mongodb://localhost:27043,mongodb://localhost:27044,mongodb://localhost:27045,mongodb://localhost:27046,mongodb://localhost:27047,mongodb://localhost:27048,mongodb://localhost:27049,mongodb://localhost:27050,mongodb://localhost:27051,mongodb://localhost:27052,mongodb://localhost:27053,mongodb://localhost:27054,mongodb://localhost:27055,mongodb://localhost:27056,mongodb://localhost:27057,mongodb://localhost:27058,mongodb://localhost:27059,mongodb://localhost:27060,mongodb://localhost:27061,mongodb://localhost:27062,mongodb://localhost:27063,mongodb://localhost:27064 --first_mode=false
mongodb://localhost:27017 mongodb://localhost:27018 mongodb://localhost:27019 mongodb://localhost:27020 mongodb://localhost:27021 mongodb://localhost:27022 mongodb://localhost:27023 mongodb://localhost:27024 mongodb://localhost:27025 mongodb://localhost:27026 mongodb://localhost:27027 mongodb://localhost:27028 mongodb://localhost:27029 mongodb://localhost:27030 mongodb://localhost:27031 mongodb://localhost:27032 mongodb://localhost:27033 mongodb://localhost:27034 mongodb://localhost:27035 mongodb://localhost:27036 mongodb://localhost:27037 mongodb://localhost:27038 mongodb://localhost:27039 mongodb://localhost:27040 mongodb://localhost:27041 mongodb://localhost:27042 mongodb://localhost:27043 mongodb://localhost:27044 mongodb://localhost:27045 mongodb://localhost:27046 mongodb://localhost:27047 mongodb://localhost:27048 mongodb://localhost:27049 mongodb://localhost:27050 mongodb://localhost:27051 mongodb://localhost:27052 mongodb://localhost:27053 mongodb://localhost:27054 mongodb://localhost:27055 mongodb://localhost:27056 mongodb://localhost:27057 mongodb://localhost:27058 mongodb://localhost:27059 mongodb://localhost:27060 mongodb://localhost:27061 mongodb://localhost:27062 mongodb://localhost:27063 mongodb://localhost:27064 reading workload files ...
load_filename : /home/gxr/mongodb-run/workloads/ycsb/workloada-load-10000000-10000000.log.formated
read load file needs: 977204059 s 
run_filename : /home/gxr/mongodb-run/workloads/ycsb/workloada-run-10000000-10000000.log.formated
read run file needs: 1006702942 s 
num_of_load_ops is 1862736
num_of_run_ops is 1934501
0 1 2 3 4 5 6 7 8 9 10 11 24 25 26 27 28 29 30 31 32 33 34 35 12 13 14 15 16 17 18 19 20 21 22 23 36 37 38 39 40 41 42 43 44 45 46 47 URI: URI: URI: URI: mongodb://localhost:27017mongodb://localhost:27022URI: 
mongodb://localhost:27018
mongodb://localhost:27020

mongodb://localhost:27019
URI: mongodb://localhost:27021
Load workloads needs: 15423262678 ns 
[report] load_thread_ID : 2
[report] load_duration_ns : 15423262678
[report] load_duration_s : 15.423263
[report] load_throughput : 20129.074274
[report] load_average_latency_ns : 49679.383481
Load workloads needs: 15907806433 ns 
[report] load_thread_ID : 1
[report] load_duration_ns : 15907806433
[report] load_duration_s : 15.907806
[report] load_throughput : 19515.952832
[report] load_average_latency_ns : 51240.132041
Load workloads needs: 16016646389 ns 
[report] load_thread_ID : 5
[report] load_duration_ns : 16016646389
[report] load_duration_s : 16.016646
[report] load_throughput : 19383.333593
[report] load_average_latency_ns : 51590.712980
Load workloads needs: 16140892369 ns 
[report] load_thread_ID : 0
[report] load_duration_ns : 16140892369
[report] load_duration_s : 16.140892
[report] load_throughput : 19234.128628
[report] load_average_latency_ns : 51990.917776
Load workloads needs: 16425995628 ns 
[report] load_thread_ID : 3
[report] load_duration_ns : 16425995628
[report] load_duration_s : 16.425996
[report] load_throughput : 18900.285074
[report] load_average_latency_ns : 52909.254864
Load workloads needs: 16716599294 ns 
[report] load_thread_ID : 4
[report] load_duration_ns : 16716599294
[report] load_duration_s : 16.716599
[report] load_throughput : 18571.719914
[report] load_average_latency_ns : 53845.309139
All clients run done needs: 16717397236 ns 
[report] load_overall_duration_ns : 16717397236
[report] load_overall_duration_s : 16.717397
[report] load_overall_throughput : 111425.000776
[report] load_overall_average_latency_ns : 8974.646561
