numactl --membind=0 /home/gxr/mongodb-run/test_mongodb/build//run_client --num_threads=22 --core_binding=0,1,2,3,4,5,6,7,8,9,10,11,24,25,26,27,28,29,30,31,32,33,34,35,12,13,14,15,16,17,18,19,20,21,22,23,36,37,38,39,40,41,42,43,44,45,46,47 --str_key_size=16 --str_key_size=256 --load_file=/home/gxr/mongodb-run/workloads/ycsb/workloada-load-10000000-10000000.log.formated --run_file=/home/gxr/mongodb-run/workloads/ycsb/workloada-run-10000000-10000000.log.formated --URI_set=mongodb://localhost:27017,mongodb://localhost:27018,mongodb://localhost:27019,mongodb://localhost:27020,mongodb://localhost:27021,mongodb://localhost:27022,mongodb://localhost:27023,mongodb://localhost:27024,mongodb://localhost:27025,mongodb://localhost:27026,mongodb://localhost:27027,mongodb://localhost:27028,mongodb://localhost:27029,mongodb://localhost:27030,mongodb://localhost:27031,mongodb://localhost:27032,mongodb://localhost:27033,mongodb://localhost:27034,mongodb://localhost:27035,mongodb://localhost:27036,mongodb://localhost:27037,mongodb://localhost:27038,mongodb://localhost:27039,mongodb://localhost:27040,mongodb://localhost:27041,mongodb://localhost:27042,mongodb://localhost:27043,mongodb://localhost:27044,mongodb://localhost:27045,mongodb://localhost:27046,mongodb://localhost:27047,mongodb://localhost:27048,mongodb://localhost:27049,mongodb://localhost:27050,mongodb://localhost:27051,mongodb://localhost:27052,mongodb://localhost:27053,mongodb://localhost:27054,mongodb://localhost:27055,mongodb://localhost:27056,mongodb://localhost:27057,mongodb://localhost:27058,mongodb://localhost:27059,mongodb://localhost:27060,mongodb://localhost:27061,mongodb://localhost:27062,mongodb://localhost:27063,mongodb://localhost:27064 --first_mode=true
mongodb://localhost:27017 mongodb://localhost:27018 mongodb://localhost:27019 mongodb://localhost:27020 mongodb://localhost:27021 mongodb://localhost:27022 mongodb://localhost:27023 mongodb://localhost:27024 mongodb://localhost:27025 mongodb://localhost:27026 mongodb://localhost:27027 mongodb://localhost:27028 mongodb://localhost:27029 mongodb://localhost:27030 mongodb://localhost:27031 mongodb://localhost:27032 mongodb://localhost:27033 mongodb://localhost:27034 mongodb://localhost:27035 mongodb://localhost:27036 mongodb://localhost:27037 mongodb://localhost:27038 mongodb://localhost:27039 mongodb://localhost:27040 mongodb://localhost:27041 mongodb://localhost:27042 mongodb://localhost:27043 mongodb://localhost:27044 mongodb://localhost:27045 mongodb://localhost:27046 mongodb://localhost:27047 mongodb://localhost:27048 mongodb://localhost:27049 mongodb://localhost:27050 mongodb://localhost:27051 mongodb://localhost:27052 mongodb://localhost:27053 mongodb://localhost:27054 mongodb://localhost:27055 mongodb://localhost:27056 mongodb://localhost:27057 mongodb://localhost:27058 mongodb://localhost:27059 mongodb://localhost:27060 mongodb://localhost:27061 mongodb://localhost:27062 mongodb://localhost:27063 mongodb://localhost:27064 reading workload files ...
load_filename : /home/gxr/mongodb-run/workloads/ycsb/workloada-load-10000000-10000000.log.formated
read load file needs: 963904951 s 
run_filename : /home/gxr/mongodb-run/workloads/ycsb/workloada-run-10000000-10000000.log.formated
read run file needs: 1012075723 s 
num_of_load_ops is 1862736
num_of_run_ops is 1934501
0 1 2 3 4 5 6 7 8 9 10 11 24 25 26 27 28 29 30 31 32 33 34 35 12 13 14 15 16 17 18 19 20 21 22 23 36 37 38 39 40 41 42 43 44 45 46 47 URI: URI: URI: URI: URI: mongodb://localhost:27017mongodb://localhost:27017URI: mongodb://localhost:27017mongodb://localhost:27017

mongodb://localhost:27017

URI: mongodb://localhost:27017

mongodb://localhost:27017
URI: mongodb://localhost:27017
URI: mongodb://localhost:27017
URI: mongodb://localhost:27017
URI: mongodb://localhost:27017URI: mongodb://localhost:27017
URI: mongodb://localhost:27017

URI: mongodb://localhost:27017
URI: mongodb://localhost:27017
URI: mongodb://localhost:27017
URI: mongodb://localhost:27017
URI: mongodb://localhost:27017
URI: mongodb://localhost:27017
URI: mongodb://localhost:27017
URI: mongodb://localhost:27017
URI: mongodb://localhost:27017
Load workloads needs: 6501893846 ns 
[report] load_thread_ID : 11
[report] load_duration_ns : 6501893846
[report] load_duration_s : 6.501894
[report] load_throughput : 13022.205838
[report] load_average_latency_ns : 76791.905491
Load workloads needs: 6548893417 ns 
[report] load_thread_ID : 10
[report] load_duration_ns : 6548893417
[report] load_duration_s : 6.548893
[report] load_throughput : 12928.749120
[report] load_average_latency_ns : 77347.003236
Load workloads needs: 9963411098 ns 
[report] load_thread_ID : 14
[report] load_duration_ns : 9963411098
[report] load_duration_s : 9.963411
[report] load_throughput : 8497.993224
[report] load_average_latency_ns : 117674.840827
Load workloads needs: 9975400078 ns 
[report] load_thread_ID : 2
[report] load_duration_ns : 9975400078
[report] load_duration_s : 9.975400
[report] load_throughput : 8487.779872
[report] load_average_latency_ns : 117816.439051
Load workloads needs: 9998405392 ns 
[report] load_thread_ID : 6
[report] load_duration_ns : 9998405392
[report] load_duration_s : 9.998405
[report] load_throughput : 8468.250354
[report] load_average_latency_ns : 118088.147870
Load workloads needs: 10009939888 ns 
[report] load_thread_ID : 17
[report] load_duration_ns : 10009939888
[report] load_duration_s : 10.009940
[report] load_throughput : 8458.492353
[report] load_average_latency_ns : 118224.378320
Load workloads needs: 10010778568 ns 
[report] load_thread_ID : 16
[report] load_duration_ns : 10010778568
[report] load_duration_s : 10.010779
[report] load_throughput : 8457.783720
[report] load_average_latency_ns : 118234.283717
Load workloads needs: 10017711976 ns 
[report] load_thread_ID : 18
[report] load_duration_ns : 10017711976
[report] load_duration_s : 10.017712
[report] load_throughput : 8451.929962
[report] load_average_latency_ns : 118316.172105
Load workloads needs: 10027206324 ns 
Load workloads needs: 10027455188 ns 
[report] load_thread_ID[report] load_thread_ID : 15
 : 20
[report] load_duration_ns : 10027206324
[report] load_duration_ns : 10027455188
[report] load_duration_s : 10.027206
[report] load_duration_s : 10.027455
[report] load_throughput : 8443.717615
[report] [report] load_throughput : 8443.927178
[report] load_average_latency_ns : 118428.306984
load_average_latency_ns : 118431.246241
Load workloads needs: 10028903267 ns 
[report] load_thread_ID : 4
[report] load_duration_ns : 10028903267
[report] load_duration_s : 10.028903
[report] load_throughput : 8442.498421
[report] load_average_latency_ns : 118448.349065
Load workloads needs: 10030260970 ns 
[report] load_thread_ID : 7
[report] load_duration_ns : 10030260970
[report] load_duration_s : 10.030261
[report] load_throughput : 8441.355639
[report] load_average_latency_ns : 118464.384485
Load workloads needs: 10037300038 ns 
[report] load_thread_ID : 8
[report] load_duration_ns : 10037300038
[report] load_duration_s : 10.037300
[report] load_throughput : 8435.435792
[report] load_average_latency_ns : 118547.520793
Load workloads needs: 10037478761 ns 
[report] load_thread_ID : 19
[report] load_duration_ns : 10037478761
[report] load_duration_s : 10.037479
[report] load_throughput : 8435.285595
[report] load_average_latency_ns : 118549.631636
Load workloads needs: 10044019382 ns 
[report] load_thread_ID : 3
[report] load_duration_ns : 10044019382
[report] load_duration_s : 10.044019
[report] load_throughput : 8429.792574
[report] load_average_latency_ns : 118626.880936
Load workloads needs: 10050641417 ns 
[report] load_thread_ID : 13
[report] load_duration_ns : 10050641417
[report] load_duration_s : 10.050641
[report] load_throughput : 8424.238463
[report] load_average_latency_ns : 118705.091793
Load workloads needs: 10056598526 ns 
[report] load_thread_ID : 1
[report] load_duration_ns : 10056598526
[report] load_duration_s : 10.056599
[report] load_throughput : 8419.248296
[report] load_average_latency_ns : 118775.449409
Load workloads needs: 10060512565 ns 
[report] load_thread_ID : 5
[report] load_duration_ns : 10060512565
[report] load_duration_s : 10.060513
[report] load_throughput : 8415.972790
[report] load_average_latency_ns : 118821.676942
Load workloads needs: 10061993440 ns 
[report] load_thread_ID : 21
[report] load_duration_ns : 10061993440
[report] load_duration_s : 10.061993
[report] load_throughput : 8414.734168
[report] load_average_latency_ns : 118839.167110
Load workloads needs: 10065659666 ns 
[report] load_thread_ID : 12
[report] load_duration_ns : 10065659666
[report] load_duration_s : 10.065660
[report] load_throughput : 8411.669261
[report] load_average_latency_ns : 118882.467798
Load workloads needs: 10068482930 ns 
[report] load_thread_ID : 9
[report] load_duration_ns : 10068482930
[report] load_duration_s : 10.068483
[report] load_throughput : 8409.310577
[report] load_average_latency_ns : 118915.812517
Load workloads needs: 10109656505 ns 
[report] load_thread_ID : 0
[report] load_duration_ns : 10109656505
[report] load_duration_s : 10.109657
[report] load_throughput : 8375.061997
[report] load_average_latency_ns : 119402.101182
All clients run done needs: 10109327599 ns 
[report] load_overall_duration_ns : 10109327599
[report] load_overall_duration_s : 10.109328
[report] load_overall_throughput : 184259.139073
[report] load_overall_average_latency_ns : 5427.139218
