numactl --membind=0 /home/gxr/mongodb-run/test_mongodb/build//run_client --num_threads=48 --core_binding=0,1,2,3,4,5,6,7,8,9,10,11,24,25,26,27,28,29,30,31,32,33,34,35,12,13,14,15,16,17,18,19,20,21,22,23,36,37,38,39,40,41,42,43,44,45,46,47 --str_key_size=16 --str_key_size=256 --load_file=/home/gxr/mongodb-run/workloads/ycsb/workloada-load-10000000-10000000.log.formated --run_file=/home/gxr/mongodb-run/workloads/ycsb/workloada-run-10000000-10000000.log.formated --URI_set=mongodb://localhost:27017,mongodb://localhost:27018,mongodb://localhost:27019,mongodb://localhost:27020,mongodb://localhost:27021,mongodb://localhost:27022,mongodb://localhost:27023,mongodb://localhost:27024,mongodb://localhost:27025,mongodb://localhost:27026,mongodb://localhost:27027,mongodb://localhost:27028,mongodb://localhost:27029,mongodb://localhost:27030,mongodb://localhost:27031,mongodb://localhost:27032,mongodb://localhost:27033,mongodb://localhost:27034,mongodb://localhost:27035,mongodb://localhost:27036,mongodb://localhost:27037,mongodb://localhost:27038,mongodb://localhost:27039,mongodb://localhost:27040,mongodb://localhost:27041,mongodb://localhost:27042,mongodb://localhost:27043,mongodb://localhost:27044,mongodb://localhost:27045,mongodb://localhost:27046,mongodb://localhost:27047,mongodb://localhost:27048,mongodb://localhost:27049,mongodb://localhost:27050,mongodb://localhost:27051,mongodb://localhost:27052,mongodb://localhost:27053,mongodb://localhost:27054,mongodb://localhost:27055,mongodb://localhost:27056,mongodb://localhost:27057,mongodb://localhost:27058,mongodb://localhost:27059,mongodb://localhost:27060,mongodb://localhost:27061,mongodb://localhost:27062,mongodb://localhost:27063,mongodb://localhost:27064 --first_mode=false
mongodb://localhost:27017 mongodb://localhost:27018 mongodb://localhost:27019 mongodb://localhost:27020 mongodb://localhost:27021 mongodb://localhost:27022 mongodb://localhost:27023 mongodb://localhost:27024 mongodb://localhost:27025 mongodb://localhost:27026 mongodb://localhost:27027 mongodb://localhost:27028 mongodb://localhost:27029 mongodb://localhost:27030 mongodb://localhost:27031 mongodb://localhost:27032 mongodb://localhost:27033 mongodb://localhost:27034 mongodb://localhost:27035 mongodb://localhost:27036 mongodb://localhost:27037 mongodb://localhost:27038 mongodb://localhost:27039 mongodb://localhost:27040 mongodb://localhost:27041 mongodb://localhost:27042 mongodb://localhost:27043 mongodb://localhost:27044 mongodb://localhost:27045 mongodb://localhost:27046 mongodb://localhost:27047 mongodb://localhost:27048 mongodb://localhost:27049 mongodb://localhost:27050 mongodb://localhost:27051 mongodb://localhost:27052 mongodb://localhost:27053 mongodb://localhost:27054 mongodb://localhost:27055 mongodb://localhost:27056 mongodb://localhost:27057 mongodb://localhost:27058 mongodb://localhost:27059 mongodb://localhost:27060 mongodb://localhost:27061 mongodb://localhost:27062 mongodb://localhost:27063 mongodb://localhost:27064 reading workload files ...
load_filename : /home/gxr/mongodb-run/workloads/ycsb/workloada-load-10000000-10000000.log.formated
read load file needs: 946995564 s 
run_filename : /home/gxr/mongodb-run/workloads/ycsb/workloada-run-10000000-10000000.log.formated
read run file needs: 1439716989 s 
num_of_load_ops is 1862736
num_of_run_ops is 1934501
0 1 2 3 4 5 6 7 8 9 10 11 24 25 26 27 28 29 30 31 32 33 34 35 12 13 14 15 16 17 18 19 20 21 22 23 36 37 38 39 40 41 42 43 44 45 46 47 URI: URI: URI: URI: mongodb://localhost:27023
URI: mongodb://localhost:27019
URI: mongodb://localhost:27020
URI: mongodb://localhost:27017
mongodb://localhost:27018
mongodb://localhost:27021
mongodb://localhost:27022
URI: mongodb://localhost:27025
URI: mongodb://localhost:27024
URI: mongodb://localhost:27026
URI: mongodb://localhost:27027
URI: mongodb://localhost:27028
URI: mongodb://localhost:27029
URI: mongodb://localhost:27031
URI: mongodb://localhost:27032
URI: mongodb://localhost:27034
URI: mongodb://localhost:27035
URI: mongodb://localhost:27036
URI: mongodb://localhost:27037
URI: mongodb://localhost:27038
URI: mongodb://localhost:27039
URI: mongodb://localhost:27040
URI: mongodb://localhost:27033
URI: mongodb://localhost:27042
URI: mongodb://localhost:27041
URI: mongodb://localhost:27030
URI: mongodb://localhost:27044
URI: mongodb://localhost:27043
URI: mongodb://localhost:27045
URI: mongodb://localhost:27055
URI: URI: mongodb://localhost:27056mongodb://localhost:27051
URI: URI: mongodb://localhost:27047mongodb://localhost:27048


URI: mongodb://localhost:27054
URI: mongodb://localhost:27059
URI: mongodb://localhost:27046
URI: mongodb://localhost:27058
URI: mongodb://localhost:27052
URI: mongodb://localhost:27049
URI: mongodb://localhost:27050
URI: mongodb://localhost:27060
URI: mongodb://localhost:27061
URI: mongodb://localhost:27053
URI: mongodb://localhost:27063
URI: mongodb://localhost:27057
URI: mongodb://localhost:27064
URI: mongodb://localhost:27062
Load workloads needs: 8792757812 ns 
[report] load_thread_ID : 6
[report] load_duration_ns : 8792757812
[report] load_duration_s : 8.792758
[report] load_throughput : 4413.518583
[report] load_average_latency_ns : 226576.592161
Load workloads needs: 8841342159 ns 
[report] load_thread_ID : 9
[report] load_duration_ns : 8841342159
[report] load_duration_s : 8.841342
[report] load_throughput : 4389.265714
[report] load_average_latency_ns : 227828.540186
Load workloads needs: 8847162934 ns 
[report] load_thread_ID : 10
[report] load_duration_ns : 8847162934
[report] load_duration_s : 8.847163
[report] load_throughput : 4386.377903
[report] load_average_latency_ns : 227978.533100
Load workloads needs: 8950283842 ns 
[report] load_thread_ID : 3
[report] load_duration_ns : 8950283842
[report] load_duration_s : 8.950284
[report] load_throughput : 4335.840146
[report] load_average_latency_ns : 230635.809055
Load workloads needs: 8981546843 ns 
[report] load_thread_ID : 22
[report] load_duration_ns : 8981546843
[report] load_duration_s : 8.981547
[report] load_throughput : 4320.747938
[report] load_average_latency_ns : 231441.411163
Load workloads needs: 8988393977 ns 
[report] load_thread_ID : 12
[report] load_duration_ns : 8988393977
[report] load_duration_s : 8.988394
[report] load_throughput : 4317.456500
[report] load_average_latency_ns : 231617.851857
Load workloads needs: 9017256895 ns 
[report] load_thread_ID : 23
[report] load_duration_ns : 9017256895
[report] load_duration_s : 9.017257
[report] load_throughput : 4303.636954
[report] load_average_latency_ns : 232361.607313
Load workloads needs: 9100603285 ns 
[report] load_thread_ID : 18
[report] load_duration_ns : 9100603285
[report] load_duration_s : 9.100603
[report] load_throughput : 4264.222798
[report] load_average_latency_ns : 234509.322674
Load workloads needs: 9111871837 ns 
[report] load_thread_ID : 13
[report] load_duration_ns : 9111871837
[report] load_duration_s : 9.111872
[report] load_throughput : 4258.949280
[report] load_average_latency_ns : 234799.696885
Load workloads needs: 9115869652 ns 
[report] load_thread_ID : 16
[report] load_duration_ns : 9115869652
[report] load_duration_s : 9.115870
[report] load_throughput : 4257.081494
[report] load_average_latency_ns : 234902.714768
Load workloads needs: 9127601401 ns 
[report] load_thread_ID : 2
[report] load_duration_ns : 9127601401
[report] load_duration_s : 9.127601
[report] load_throughput : 4251.609847
[report] load_average_latency_ns : 235205.024892
Load workloads needs: 9139018173 ns 
[report] load_thread_ID : 1
[report] load_duration_ns : 9139018173
[report] load_duration_s : 9.139018
[report] load_throughput : 4246.298592
[report] load_average_latency_ns : 235499.218517
Load workloads needs: 9178410582 ns 
[report] load_thread_ID : 14
[report] load_duration_ns : 9178410582
[report] load_duration_s : 9.178411
[report] load_throughput : 4228.074093
[report] load_average_latency_ns : 236514.303657
Load workloads needs: 9190996099 ns 
[report] load_thread_ID : 17
[report] load_duration_ns : 9190996099
[report] load_duration_s : 9.190996
[report] load_throughput : 4222.284460
[report] load_average_latency_ns : 236838.614142
Load workloads needs: 9228607011 ns 
[report] load_thread_ID : 15
[report] load_duration_ns : 9228607011
[report] load_duration_s : 9.228607
[report] load_throughput : 4205.076666
[report] load_average_latency_ns : 237807.792692
Load workloads needs: 9235854905 ns 
[report] load_thread_ID : 20
[report] load_duration_ns : 9235854905
[report] load_duration_s : 9.235855
[report] load_throughput : 4201.776706
[report] load_average_latency_ns : 237994.560389
Load workloads needs: 9244609121 ns 
[report] load_thread_ID : 21
[report] load_duration_ns : 9244609121
[report] load_duration_s : 9.244609
[report] load_throughput : 4197.797818
[report] load_average_latency_ns : 238220.143814
Load workloads needs: 9285936609 ns 
[report] load_thread_ID : 11
[report] load_duration_ns : 9285936609
[report] load_duration_s : 9.285937
[report] load_throughput : 4179.115326
[report] load_average_latency_ns : 239285.093128
Load workloads needs: 9305992313 ns 
[report] load_thread_ID : 5
[report] load_duration_ns : 9305992313
[report] load_duration_s : 9.305992
[report] load_throughput : 4170.108753
[report] load_average_latency_ns : 239801.899477
Load workloads needs: 9353740836 ns 
[report] load_thread_ID : 0
[report] load_duration_ns : 9353740836
[report] load_duration_s : 9.353741
[report] load_throughput : 4148.821384
[report] load_average_latency_ns : 241032.309532
Load workloads needs: 9375787119 ns 
[report] load_thread_ID : 7
[report] load_duration_ns : 9375787119
[report] load_duration_s : 9.375787
[report] load_throughput : 4139.065820
[report] load_average_latency_ns : 241600.410209
Load workloads needs: 9449935612 ns 
[report] load_thread_ID : 8
[report] load_duration_ns : 9449935612
[report] load_duration_s : 9.449936
[report] load_throughput : 4106.588827
[report] load_average_latency_ns : 243511.109130
Load workloads needs: 9554318888 ns 
[report] load_thread_ID : 4
[report] load_duration_ns : 9554318888
[report] load_duration_s : 9.554319
[report] load_throughput : 4061.723337
[report] load_average_latency_ns : 246200.914474
Load workloads needs: 9575783117 ns 
[report] load_thread_ID : 19
[report] load_duration_ns : 9575783117
[report] load_duration_s : 9.575783
[report] load_throughput : 4052.618937
[report] load_average_latency_ns : 246754.016466
Load workloads needs: 9640987324 ns 
[report] load_thread_ID : 41
[report] load_duration_ns : 9640987324
[report] load_duration_s : 9.640987
[report] load_throughput : 4025.210147
[report] load_average_latency_ns : 248434.234133
Load workloads needs: 9641823256 ns 
[report] load_thread_ID : 28
[report] load_duration_ns : 9641823256
[report] load_duration_s : 9.641823
[report] load_throughput : 4024.861167
[report] load_average_latency_ns : 248455.774886
Load workloads needs: 9705270361 ns 
[report] load_thread_ID : 33
[report] load_duration_ns : 9705270361
[report] load_duration_s : 9.705270
[report] load_throughput : 3998.549093
[report] load_average_latency_ns : 250090.714588
Load workloads needs: 9725049459 ns 
[report] load_thread_ID : 29
[report] load_duration_ns : 9725049459
[report] load_duration_s : 9.725049
[report] load_throughput : 3990.416724
[report] load_average_latency_ns : 250600.393202
Load workloads needs: 9749749907 ns 
[report] load_thread_ID : 39
[report] load_duration_ns : 9749749907
[report] load_duration_s : 9.749750
[report] load_throughput : 3980.307225
[report] load_average_latency_ns : 251236.887855
Load workloads needs: 9757394133 ns 
[report] load_thread_ID : 31
[report] load_duration_ns : 9757394133
[report] load_duration_s : 9.757394
[report] load_throughput : 3977.188937
[report] load_average_latency_ns : 251433.868452
Load workloads needs: 9771220306 ns 
[report] load_thread_ID : 37
[report] load_duration_ns : 9771220306
[report] load_duration_s : 9.771220
[report] load_throughput : 3971.561257
[report] load_average_latency_ns : 251790.148839
Load workloads needs: 9788183380 ns 
[report] load_thread_ID : 47
[report] load_duration_ns : 9788183380
[report] load_duration_s : 9.788183
[report] load_throughput : 3964.678479
[report] load_average_latency_ns : 252227.262607
Load workloads needs: 9792321607 ns 
[report] load_thread_ID : 40
[report] load_duration_ns : 9792321607
[report] load_duration_s : 9.792322
[report] load_throughput : 3963.003010
[report] load_average_latency_ns : 252333.898704
Load workloads needs: 9802090161 ns 
[report] load_thread_ID : 27
[report] load_duration_ns : 9802090161
[report] load_duration_s : 9.802090
[report] load_throughput : 3959.053565
[report] load_average_latency_ns : 252585.620146
Load workloads needs: 9804585545 ns 
[report] load_thread_ID : 30
[report] load_duration_ns : 9804585545
[report] load_duration_s : 9.804586
[report] load_throughput : 3958.045939
[report] load_average_latency_ns : 252649.922566
Load workloads needs: 9804397535 ns 
[report] load_thread_ID : 43
[report] load_duration_ns : 9804397535
[report] load_duration_s : 9.804398
[report] load_throughput : 3958.121839
[report] load_average_latency_ns : 252645.077821
Load workloads needs: 9823464953 ns 
[report] load_thread_ID : 25
[report] load_duration_ns : 9823464953
[report] load_duration_s : 9.823465
[report] load_throughput : 3950.439095
[report] load_average_latency_ns : 253136.417476
Load workloads needs: 9831199842 ns 
[report] load_thread_ID : 38
[report] load_duration_ns : 9831199842
[report] load_duration_s : 9.831200
[report] load_throughput : 3947.331010
[report] load_average_latency_ns : 253335.734326
Load workloads needs: 9840977518 ns 
[report] load_thread_ID : 42
[report] load_duration_ns : 9840977518
[report] load_duration_s : 9.840978
[report] load_throughput : 3943.409070
[report] load_average_latency_ns : 253587.690829
Load workloads needs: 9847536756 ns 
[report] load_thread_ID : 45
[report] load_duration_ns : 9847536756
[report] load_duration_s : 9.847537
[report] load_throughput : 3940.782448
[report] load_average_latency_ns : 253756.712861
Load workloads needs: 9859490190 ns 
[report] load_thread_ID : 44
[report] load_duration_ns : 9859490190
[report] load_duration_s : 9.859490
[report] load_throughput : 3936.004728
[report] load_average_latency_ns : 254064.735486
Load workloads needs: 9868305477 ns 
[report] load_thread_ID : 26
[report] load_duration_ns : 9868305477
[report] load_duration_s : 9.868305
[report] load_throughput : 3932.488723
[report] load_average_latency_ns : 254291.892622
Load workloads needs: 9874243659 ns 
[report] load_thread_ID : 35
[report] load_duration_ns : 9874243659
[report] load_duration_s : 9.874244
[report] load_throughput : 3930.123799
[report] load_average_latency_ns : 254444.910944
Load workloads needs: 9890950095 ns 
[report] load_thread_ID : 32
[report] load_duration_ns : 9890950095
[report] load_duration_s : 9.890950
[report] load_throughput : 3923.485573
[report] load_average_latency_ns : 254875.411524
Load workloads needs: 9914751585 ns 
[report] load_thread_ID : 34
[report] load_duration_ns : 9914751585
[report] load_duration_s : 9.914752
[report] load_throughput : 3914.066799
[report] load_average_latency_ns : 255488.741335
Load workloads needs: 9961760236 ns 
[report] load_thread_ID : 46
[report] load_duration_ns : 9961760236
[report] load_duration_s : 9.961760
[report] load_throughput : 3895.596670
[report] load_average_latency_ns : 256700.085964
Load workloads needs: 9977083799 ns 
[report] load_thread_ID : 36
[report] load_duration_ns : 9977083799
[report] load_duration_s : 9.977084
[report] load_throughput : 3889.613517
[report] load_average_latency_ns : 257094.951916
Load workloads needs: 10033511435 ns 
[report] load_thread_ID : 24
[report] load_duration_ns : 10033511435
[report] load_duration_s : 10.033511
[report] load_throughput : 3867.738653
[report] load_average_latency_ns : 258549.010101
All clients run done needs: 10032287788 ns 
[report] load_overall_duration_ns : 10032287788
[report] load_overall_duration_s : 10.032288
[report] load_overall_throughput : 185674.099404
[report] load_overall_average_latency_ns : 5385.780802
