numactl --membind=0 /home/gxr/mongodb-run/test_mongodb/build//run_client --num_threads=44 --core_binding=0,1,2,3,4,5,6,7,8,9,10,11,24,25,26,27,28,29,30,31,32,33,34,35,12,13,14,15,16,17,18,19,20,21,22,23,36,37,38,39,40,41,42,43,44,45,46,47 --str_key_size=16 --str_key_size=256 --load_file=/home/gxr/mongodb-run/workloads/ycsb/workloada-load-10000000-10000000.log.formated --run_file=/home/gxr/mongodb-run/workloads/ycsb/workloada-run-10000000-10000000.log.formated --URI_set=mongodb://localhost:27017,mongodb://localhost:27018,mongodb://localhost:27019,mongodb://localhost:27020,mongodb://localhost:27021,mongodb://localhost:27022,mongodb://localhost:27023,mongodb://localhost:27024,mongodb://localhost:27025,mongodb://localhost:27026,mongodb://localhost:27027,mongodb://localhost:27028,mongodb://localhost:27029,mongodb://localhost:27030,mongodb://localhost:27031,mongodb://localhost:27032,mongodb://localhost:27033,mongodb://localhost:27034,mongodb://localhost:27035,mongodb://localhost:27036,mongodb://localhost:27037,mongodb://localhost:27038,mongodb://localhost:27039,mongodb://localhost:27040,mongodb://localhost:27041,mongodb://localhost:27042,mongodb://localhost:27043,mongodb://localhost:27044,mongodb://localhost:27045,mongodb://localhost:27046,mongodb://localhost:27047,mongodb://localhost:27048,mongodb://localhost:27049,mongodb://localhost:27050,mongodb://localhost:27051,mongodb://localhost:27052,mongodb://localhost:27053,mongodb://localhost:27054,mongodb://localhost:27055,mongodb://localhost:27056,mongodb://localhost:27057,mongodb://localhost:27058,mongodb://localhost:27059,mongodb://localhost:27060,mongodb://localhost:27061,mongodb://localhost:27062,mongodb://localhost:27063,mongodb://localhost:27064 --first_mode=true
mongodb://localhost:27017 mongodb://localhost:27018 mongodb://localhost:27019 mongodb://localhost:27020 mongodb://localhost:27021 mongodb://localhost:27022 mongodb://localhost:27023 mongodb://localhost:27024 mongodb://localhost:27025 mongodb://localhost:27026 mongodb://localhost:27027 mongodb://localhost:27028 mongodb://localhost:27029 mongodb://localhost:27030 mongodb://localhost:27031 mongodb://localhost:27032 mongodb://localhost:27033 mongodb://localhost:27034 mongodb://localhost:27035 mongodb://localhost:27036 mongodb://localhost:27037 mongodb://localhost:27038 mongodb://localhost:27039 mongodb://localhost:27040 mongodb://localhost:27041 mongodb://localhost:27042 mongodb://localhost:27043 mongodb://localhost:27044 mongodb://localhost:27045 mongodb://localhost:27046 mongodb://localhost:27047 mongodb://localhost:27048 mongodb://localhost:27049 mongodb://localhost:27050 mongodb://localhost:27051 mongodb://localhost:27052 mongodb://localhost:27053 mongodb://localhost:27054 mongodb://localhost:27055 mongodb://localhost:27056 mongodb://localhost:27057 mongodb://localhost:27058 mongodb://localhost:27059 mongodb://localhost:27060 mongodb://localhost:27061 mongodb://localhost:27062 mongodb://localhost:27063 mongodb://localhost:27064 reading workload files ...
load_filename : /home/gxr/mongodb-run/workloads/ycsb/workloada-load-10000000-10000000.log.formated
read load file needs: 1061601027 s 
run_filename : /home/gxr/mongodb-run/workloads/ycsb/workloada-run-10000000-10000000.log.formated
read run file needs: 1046475759 s 
num_of_load_ops is 1862736
num_of_run_ops is 1934501
0 1 2 3 4 5 6 7 8 9 10 11 24 25 26 27 28 29 30 31 32 33 34 35 12 13 14 15 16 17 18 19 20 21 22 23 36 37 38 39 40 41 42 43 44 45 46 47 URI: URI: URI: mongodb://localhost:27017URI: mongodb://localhost:27017
URI: mongodb://localhost:27017
URI: mongodb://localhost:27017
mongodb://localhost:27017mongodb://localhost:27017

URI: mongodb://localhost:27017

URI: mongodb://localhost:27017
URI: URI: mongodb://localhost:27017
URI: mongodb://localhost:27017mongodb://localhost:27017
URI: mongodb://localhost:27017
URI: 
mongodb://localhost:27017
URI: URI: mongodb://localhost:27017mongodb://localhost:27017URI: 

mongodb://localhost:27017
URI: mongodb://localhost:27017
URI: mongodb://localhost:27017URI: mongodb://localhost:27017

URI: mongodb://localhost:27017
URI: mongodb://localhost:27017
URI: mongodb://localhost:27017
URI: mongodb://localhost:27017
URI: mongodb://localhost:27017
URI: mongodb://localhost:27017
URI: URI: mongodb://localhost:27017
mongodb://localhost:27017
URI: URI: mongodb://localhost:27017
URI: mongodb://localhost:27017
mongodb://localhost:27017
URI: mongodb://localhost:27017
URI: mongodb://localhost:27017
URI: mongodb://localhost:27017
URI: mongodb://localhost:27017
URI: mongodb://localhost:27017
URI: mongodb://localhost:27017
URI: mongodb://localhost:27017
URI: mongodb://localhost:27017URI: mongodb://localhost:27017

URI: mongodb://localhost:27017
URI: mongodb://localhost:27017
URI: mongodb://localhost:27017
URI: mongodb://localhost:27017
URI: mongodb://localhost:27017
Load workloads needs: 7238873393 ns 
[report] load_thread_ID : 17
[report] load_duration_ns : 7238873393
[report] load_duration_s : 7.238873
[report] load_throughput : 5848.147592
[report] load_average_latency_ns : 170994.316460
Load workloads needs: 7297357910 ns 
[report] load_thread_ID : 10
[report] load_duration_ns : 7297357910
[report] load_duration_s : 7.297358
[report] load_throughput : 5801.277739
[report] load_average_latency_ns : 172375.818727
Load workloads needs: 7387313979 ns 
[report] load_thread_ID : 21
[report] load_duration_ns : 7387313979
[report] load_duration_s : 7.387314
[report] load_throughput : 5730.634994
[report] load_average_latency_ns : 174500.731776
Load workloads needs: 7390947898 ns 
[report] load_thread_ID : 19
[report] load_duration_ns : 7390947898
[report] load_duration_s : 7.390948
[report] load_throughput : 5727.817404
[report] load_average_latency_ns : 174586.571030
Load workloads needs: 7392682032 ns 
[report] load_thread_ID : 8
[report] load_duration_ns : 7392682032
[report] load_duration_s : 7.392682
[report] load_throughput : 5726.473804
[report] load_average_latency_ns : 174627.534181
Load workloads needs: 7402529110 ns 
[report] load_thread_ID : 15
[report] load_duration_ns : 7402529110
[report] load_duration_s : 7.402529
[report] load_throughput : 5718.856268
[report] load_average_latency_ns : 174860.138659
Load workloads needs: 7411189555 ns 
[report] load_thread_ID : 18
[report] load_duration_ns : 7411189555
[report] load_duration_s : 7.411190
[report] load_throughput : 5712.173422
[report] load_average_latency_ns : 175064.712879
Load workloads needs: 7412106027 ns 
[report] load_thread_ID : 3
[report] load_duration_ns : 7412106027
[report] load_duration_s : 7.412106
[report] load_throughput : 5711.467138
[report] load_average_latency_ns : 175086.361482
Load workloads needs: 7426818352 ns 
[report] load_thread_ID : 22
[report] load_duration_ns : 7426818352
[report] load_duration_s : 7.426818
[report] load_throughput : 5700.152878
[report] load_average_latency_ns : 175433.891246
Load workloads needs: 7441101878 ns 
[report] load_thread_ID : 6
[report] load_duration_ns : 7441101878
[report] load_duration_s : 7.441102
[report] load_throughput : 5689.211181
[report] load_average_latency_ns : 175771.292058
Load workloads needs: 7454764938 ns 
[report] load_thread_ID : 13
[report] load_duration_ns : 7454764938
[report] load_duration_s : 7.454765
[report] load_throughput : 5678.784020
[report] load_average_latency_ns : 176094.036425
Load workloads needs: 7463038793 ns 
[report] load_thread_ID : 23
[report] load_duration_ns : 7463038793
[report] load_duration_s : 7.463039
[report] load_throughput : 5672.488268
[report] load_average_latency_ns : 176289.478740
Load workloads needs: 7463637088 ns 
[report] load_thread_ID : 12
[report] load_duration_ns : 7463637088
[report] load_duration_s : 7.463637
[report] load_throughput : 5672.033554
[report] load_average_latency_ns : 176303.611471
Load workloads needs: 7467017492 ns 
[report] load_thread_ID : 14
[report] load_duration_ns : 7467017492
[report] load_duration_s : 7.467017
[report] load_throughput : 5669.465760
[report] load_average_latency_ns : 176383.462276
Load workloads needs: 7482710561 ns 
[report] load_thread_ID : 5
[report] load_duration_ns : 7482710561
[report] load_duration_s : 7.482711
[report] load_throughput : 5657.575508
[report] load_average_latency_ns : 176754.158856
Load workloads needs: 7509070827 ns 
[report] load_thread_ID : 1
[report] load_duration_ns : 7509070827
[report] load_duration_s : 7.509071
[report] load_throughput : 5637.714835
[report] load_average_latency_ns : 177376.832499
Load workloads needs: 7513354291 ns 
[report] load_thread_ID : 20
[report] load_duration_ns : 7513354291
[report] load_duration_s : 7.513354
[report] load_throughput : 5634.500698
[report] load_average_latency_ns : 177478.015094
Load workloads needs: 7521768824 ns 
[report] load_thread_ID : 7
[report] load_duration_ns : 7521768824
[report] load_duration_s : 7.521769
[report] load_throughput : 5628.197435
[report] load_average_latency_ns : 177676.780460
Load workloads needs: 7530587817 ns 
[report] load_thread_ID : 2
[report] load_duration_ns : 7530587817
[report] load_duration_s : 7.530588
[report] load_throughput : 5621.606311
[report] load_average_latency_ns : 177885.099849
Load workloads needs: 7538243126 ns 
[report] load_thread_ID : 0
[report] load_duration_ns : 7538243126
[report] load_duration_s : 7.538243
[report] load_throughput : 5615.897404
[report] load_average_latency_ns : 178065.931072
Load workloads needs: 7549174539 ns 
[report] load_thread_ID : 16
[report] load_duration_ns : 7549174539
[report] load_duration_s : 7.549175
[report] load_throughput : 5607.765429
[report] load_average_latency_ns : 178324.149360
Load workloads needs: 7577720074 ns 
[report] load_thread_ID : 4
[report] load_duration_ns : 7577720074
[report] load_duration_s : 7.577720
[report] load_throughput : 5586.640782
[report] load_average_latency_ns : 178998.442717
Load workloads needs: 7599644066 ns 
[report] load_thread_ID : 11
[report] load_duration_ns : 7599644066
[report] load_duration_s : 7.599644
[report] load_throughput : 5570.524045
[report] load_average_latency_ns : 179516.324137
Load workloads needs: 7614776211 ns 
[report] load_thread_ID : 9
[report] load_duration_ns : 7614776211
[report] load_duration_s : 7.614776
[report] load_throughput : 5559.454254
[report] load_average_latency_ns : 179873.770752
Load workloads needs: 7813160056 ns 
[report] load_thread_ID : 35
[report] load_duration_ns : 7813160056
[report] load_duration_s : 7.813160
[report] load_throughput : 5418.294224
[report] load_average_latency_ns : 184559.929513
Load workloads needs: 7831793975 ns 
[report] load_thread_ID : 42
[report] load_duration_ns : 7831793975
[report] load_duration_s : 7.831794
[report] load_throughput : 5405.402662
[report] load_average_latency_ns : 185000.093896
Load workloads needs: 7970244839 ns 
[report] load_thread_ID : 34
[report] load_duration_ns : 7970244839
[report] load_duration_s : 7.970245
[report] load_throughput : 5311.505588
[report] load_average_latency_ns : 188270.535244
Load workloads needs: 7975184408 ns 
[report] load_thread_ID : 25
[report] load_duration_ns : 7975184408
[report] load_duration_s : 7.975184
[report] load_throughput : 5308.215815
[report] load_average_latency_ns : 188387.216138
Load workloads needs: 8001256564 ns 
[report] load_thread_ID : 38
[report] load_duration_ns : 8001256564
[report] load_duration_s : 8.001257
[report] load_throughput : 5290.918953
[report] load_average_latency_ns : 189003.084140
Load workloads needs: 8003991357 ns 
[report] load_thread_ID : 32
[report] load_duration_ns : 8003991357
[report] load_duration_s : 8.003991
[report] load_throughput : 5289.111159
[report] load_average_latency_ns : 189067.684533
Load workloads needs: 8010862419 ns 
[report] load_thread_ID : 29
[report] load_duration_ns : 8010862419
[report] load_duration_s : 8.010862
[report] load_throughput : 5284.574592
[report] load_average_latency_ns : 189229.990528
Load workloads needs: 8024161218 ns 
[report] load_thread_ID : 41
[report] load_duration_ns : 8024161218
[report] load_duration_s : 8.024161
[report] load_throughput : 5275.816232
[report] load_average_latency_ns : 189544.130439
Load workloads needs: 8029915226 ns 
[report] load_thread_ID : 24
[report] load_duration_ns : 8029915226
[report] load_duration_s : 8.029915
[report] load_throughput : 5272.035732
[report] load_average_latency_ns : 189680.049747
Load workloads needs: 8037185423 ns 
[report] load_thread_ID : 39
[report] load_duration_ns : 8037185423
[report] load_duration_s : 8.037185
[report] load_throughput : 5267.266807
[report] load_average_latency_ns : 189851.783980
Load workloads needs: 8043061679 ns 
[report] load_thread_ID : 27
[report] load_duration_ns : 8043061679
[report] load_duration_s : 8.043062
[report] load_throughput : 5263.418545
[report] load_average_latency_ns : 189990.590991
Load workloads needs: 8055693227 ns 
[report] load_thread_ID : 37
[report] load_duration_ns : 8055693227
[report] load_duration_s : 8.055693
[report] load_throughput : 5255.165360
[report] load_average_latency_ns : 190288.969315
Load workloads needs: 8058416423 ns 
[report] load_thread_ID : 40
[report] load_duration_ns : 8058416423
[report] load_duration_s : 8.058416
[report] load_throughput : 5253.389472
[report] load_average_latency_ns : 190353.295767
Load workloads needs: 8062100665 ns 
[report] load_thread_ID : 31
[report] load_duration_ns : 8062100665
[report] load_duration_s : 8.062101
[report] load_throughput : 5250.988763
[report] load_average_latency_ns : 190440.323735
Load workloads needs: 8062835392 ns 
[report] load_thread_ID : 43
[report] load_duration_ns : 8062835392
[report] load_duration_s : 8.062835
[report] load_throughput : 5250.510266
[report] load_average_latency_ns : 190457.679218
Load workloads needs: 8071132337 ns 
[report] load_thread_ID : 30
[report] load_duration_ns : 8071132337
[report] load_duration_s : 8.071132
[report] load_throughput : 5245.112858
[report] load_average_latency_ns : 190653.666958
Load workloads needs: 8074555751 ns 
[report] load_thread_ID : 28
[report] load_duration_ns : 8074555751
[report] load_duration_s : 8.074556
[report] load_throughput : 5242.889059
[report] load_average_latency_ns : 190734.533732
Load workloads needs: 8075299771 ns 
[report] load_thread_ID : 33
[report] load_duration_ns : 8075299771
[report] load_duration_s : 8.075300
[report] load_throughput : 5242.406004
[report] load_average_latency_ns : 190752.108731
Load workloads needs: 8082293301 ns 
[report] load_thread_ID : 36
[report] load_duration_ns : 8082293301
[report] load_duration_s : 8.082293
[report] load_throughput : 5237.869800
[report] load_average_latency_ns : 190917.307625
Load workloads needs: 8116985461 ns 
[report] load_thread_ID : 26
[report] load_duration_ns : 8116985461
[report] load_duration_s : 8.116985
[report] load_throughput : 5215.483039
[report] load_average_latency_ns : 191736.794562
All clients run done needs: 8116496673 ns 
[report] load_overall_duration_ns : 8116496673
[report] load_overall_duration_s : 8.116497
[report] load_overall_throughput : 229500.001669
[report] load_overall_average_latency_ns : 4357.298443
