numactl --membind=4 /mnt/nvme0/home/gxr/mongdb-run/test_mongodb/build//run_client --num_threads=1 --core_binding=0,1,2,3,4,5,6,7,8,9,10,11,12,13,14,15,128,129,130,131,132,133,134,135,136,137,138,139,140,141,142,143 --str_key_size=16 --str_key_size=256 --load_file=/mnt/nvme0/home/gxr/mongdb-run/workloads/ycsb/workloada-load-1000000-1000000.log.formated --run_file=/mnt/nvme0/home/gxr/mongdb-run/workloads/ycsb/workloada-run-1000000-1000000.log.formated
abcdefghijklmnop
16
reading workload files ...
load_filename : /mnt/nvme0/home/gxr/mongdb-run/workloads/ycsb/workloada-load-1000000-1000000.log.formated
read load file needs: 492011778 s 
run_filename : /mnt/nvme0/home/gxr/mongdb-run/workloads/ycsb/workloada-run-1000000-1000000.log.formated
read run file needs: 504584015 s 
num_of_load_ops is 1000000
num_of_run_ops is 1000000
WARN !! core_ids.size() is not equal to number of threads
Load workloads needs: 105873234342 ns 
[report] load_thread_ID : 0
[report] load_duration_ns : 105873234342
[report] load_duration_s : 105.873234
[report] load_throughput : 9445.257871
[report] load_average_latency_ns : 105873.234342
All clients run done needs: 105875312872 ns 
[report] load_overall_duration_ns : 105875312872
[report] load_overall_duration_s : 105.875313
[report] load_overall_throughput : 9445.072443
[report] load_overall_average_latency_ns : 105875.312872
