numactl --membind=4 /mnt/nvme0/home/gxr/mongdb-run/test_mongodb/build//run_client --num_threads=15 --core_binding=0,1,2,3,4,5,6,7,8,9,10,11,12,13,14,15,128,129,130,131,132,133,134,135,136,137,138,139,140,141,142,143 --str_key_size=16 --str_key_size=256 --load_file=/mnt/nvme0/home/gxr/mongdb-run/workloads/ycsb/workloada-load-1000000-1000000.log.formated --run_file=/mnt/nvme0/home/gxr/mongdb-run/workloads/ycsb/workloada-run-1000000-1000000.log.formated
abcdefghijklmnop
16
reading workload files ...
load_filename : /mnt/nvme0/home/gxr/mongdb-run/workloads/ycsb/workloada-load-1000000-1000000.log.formated
read load file needs: 502289558 s 
run_filename : /mnt/nvme0/home/gxr/mongdb-run/workloads/ycsb/workloada-run-1000000-1000000.log.formated
read run file needs: 506896555 s 
num_of_load_ops is 1000000
num_of_run_ops is 1000000
WARN !! core_ids.size() is not equal to number of threads
Load workloads needs: 9779580975 ns 
[report] load_thread_ID : 9
[report] load_duration_ns : 9779580975
[report] load_duration_s : 9.779581
[report] load_throughput : 6816.856486
[report] load_average_latency_ns : 146695.181577
Load workloads needs: 10057853002 ns 
[report] load_thread_ID : 13
[report] load_duration_ns : 10057853002
[report] load_duration_s : 10.057853
[report] load_throughput : 6628.253563
[report] load_average_latency_ns : 150869.303723
Load workloads needs: 10096659451 ns 
[report] load_thread_ID : 10
[report] load_duration_ns : 10096659451
[report] load_duration_s : 10.096659
[report] load_throughput : 6602.777911
[report] load_average_latency_ns : 151451.406279
Load workloads needs: 10132085268 ns 
[report] load_thread_ID : 8
[report] load_duration_ns : 10132085268
[report] load_duration_s : 10.132085
[report] load_throughput : 6579.691962
[report] load_average_latency_ns : 151982.798848
Load workloads needs: 10311592128 ns 
[report] load_thread_ID : 12
[report] load_duration_ns : 10311592128
[report] load_duration_s : 10.311592
[report] load_throughput : 6465.150985
[report] load_average_latency_ns : 154675.428674
Load workloads needs: 10325444899 ns 
[report] load_thread_ID : 11
[report] load_duration_ns : 10325444899
[report] load_duration_s : 10.325445
[report] load_throughput : 6456.477242
[report] load_average_latency_ns : 154883.222317
Load workloads needs: 10407426698 ns 
[report] load_thread_ID : 14
[report] load_duration_ns : 10407426698
[report] load_duration_s : 10.407427
[report] load_throughput : 6405.618020
[report] load_average_latency_ns : 156112.961600
Load workloads needs: 10644841134 ns 
[report] load_thread_ID : 7
[report] load_duration_ns : 10644841134
[report] load_duration_s : 10.644841
[report] load_throughput : 6262.751990
[report] load_average_latency_ns : 159674.213752
Load workloads needs: 10684975907 ns 
[report] load_thread_ID : 3
[report] load_duration_ns : 10684975907
[report] load_duration_s : 10.684976
[report] load_throughput : 6239.227920
[report] load_average_latency_ns : 160276.241367
Load workloads needs: 10705132978 ns 
[report] load_thread_ID : 1
[report] load_duration_ns : 10705132978
[report] load_duration_s : 10.705133
[report] load_throughput : 6227.479858
[report] load_average_latency_ns : 160578.600456
Load workloads needs: 10784013952 ns 
[report] load_thread_ID : 6
[report] load_duration_ns : 10784013952
[report] load_duration_s : 10.784014
[report] load_throughput : 6181.928204
[report] load_average_latency_ns : 161761.826898
Load workloads needs: 10805203507 ns 
[report] load_thread_ID : 5
[report] load_duration_ns : 10805203507
[report] load_duration_s : 10.805204
[report] load_throughput : 6169.805127
[report] load_average_latency_ns : 162079.673402
Load workloads needs: 10908955279 ns 
[report] load_thread_ID : 4
[report] load_duration_ns : 10908955279
[report] load_duration_s : 10.908955
[report] load_throughput : 6111.125978
[report] load_average_latency_ns : 163635.965545
Load workloads needs: 10913610086 ns 
[report] load_thread_ID : 0
[report] load_duration_ns : 10913610086
[report] load_duration_s : 10.913610
[report] load_throughput : 6108.519498
[report] load_average_latency_ns : 163705.788348
Load workloads needs: 11031241289 ns 
[report] load_thread_ID : 2
[report] load_duration_ns : 11031241289
[report] load_duration_s : 11.031241
[report] load_throughput : 6043.381543
[report] load_average_latency_ns : 165470.274038
All clients run done needs: 11032159185 ns 
[report] load_overall_duration_ns : 11032159185
[report] load_overall_duration_s : 11.032159
[report] load_overall_throughput : 1359661.309129
[report] load_overall_average_latency_ns : 735.477279
