numactl --membind=0 /home/gxr/mongodb-run/test_mongodb/build//run_client --num_threads=14 --core_binding=0,1,2,3,4,5,6,7,8,9,10,11,24,25,26,27,28,29,30,31,32,33,34,35,12,13,14,15,16,17,18,19,20,21,22,23,36,37,38,39,40,41,42,43,44,45,46,47 --str_key_size=16 --str_key_size=256 --load_file=/home/gxr/mongodb-run/workloads/ycsb/workloada-load-10000000-10000000.log.formated --run_file=/home/gxr/mongodb-run/workloads/ycsb/workloada-run-10000000-10000000.log.formated --URI_set=mongodb://localhost:27017,mongodb://localhost:27018,mongodb://localhost:27019,mongodb://localhost:27020,mongodb://localhost:27021,mongodb://localhost:27022,mongodb://localhost:27023,mongodb://localhost:27024,mongodb://localhost:27025,mongodb://localhost:27026,mongodb://localhost:27027,mongodb://localhost:27028,mongodb://localhost:27029,mongodb://localhost:27030,mongodb://localhost:27031,mongodb://localhost:27032,mongodb://localhost:27033,mongodb://localhost:27034,mongodb://localhost:27035,mongodb://localhost:27036,mongodb://localhost:27037,mongodb://localhost:27038,mongodb://localhost:27039,mongodb://localhost:27040,mongodb://localhost:27041,mongodb://localhost:27042,mongodb://localhost:27043,mongodb://localhost:27044,mongodb://localhost:27045,mongodb://localhost:27046,mongodb://localhost:27047,mongodb://localhost:27048,mongodb://localhost:27049,mongodb://localhost:27050,mongodb://localhost:27051,mongodb://localhost:27052,mongodb://localhost:27053,mongodb://localhost:27054,mongodb://localhost:27055,mongodb://localhost:27056,mongodb://localhost:27057,mongodb://localhost:27058,mongodb://localhost:27059,mongodb://localhost:27060,mongodb://localhost:27061,mongodb://localhost:27062,mongodb://localhost:27063,mongodb://localhost:27064 --first_mode=true
mongodb://localhost:27017 mongodb://localhost:27018 mongodb://localhost:27019 mongodb://localhost:27020 mongodb://localhost:27021 mongodb://localhost:27022 mongodb://localhost:27023 mongodb://localhost:27024 mongodb://localhost:27025 mongodb://localhost:27026 mongodb://localhost:27027 mongodb://localhost:27028 mongodb://localhost:27029 mongodb://localhost:27030 mongodb://localhost:27031 mongodb://localhost:27032 mongodb://localhost:27033 mongodb://localhost:27034 mongodb://localhost:27035 mongodb://localhost:27036 mongodb://localhost:27037 mongodb://localhost:27038 mongodb://localhost:27039 mongodb://localhost:27040 mongodb://localhost:27041 mongodb://localhost:27042 mongodb://localhost:27043 mongodb://localhost:27044 mongodb://localhost:27045 mongodb://localhost:27046 mongodb://localhost:27047 mongodb://localhost:27048 mongodb://localhost:27049 mongodb://localhost:27050 mongodb://localhost:27051 mongodb://localhost:27052 mongodb://localhost:27053 mongodb://localhost:27054 mongodb://localhost:27055 mongodb://localhost:27056 mongodb://localhost:27057 mongodb://localhost:27058 mongodb://localhost:27059 mongodb://localhost:27060 mongodb://localhost:27061 mongodb://localhost:27062 mongodb://localhost:27063 mongodb://localhost:27064 reading workload files ...
load_filename : /home/gxr/mongodb-run/workloads/ycsb/workloada-load-10000000-10000000.log.formated
read load file needs: 1071743015 s 
run_filename : /home/gxr/mongodb-run/workloads/ycsb/workloada-run-10000000-10000000.log.formated
read run file needs: 1032848029 s 
num_of_load_ops is 1862736
num_of_run_ops is 1934501
0 1 2 3 4 5 6 7 8 9 10 11 24 25 26 27 28 29 30 31 32 33 34 35 12 13 14 15 16 17 18 19 20 21 22 23 36 37 38 39 40 41 42 43 44 45 46 47 URI: URI: URI: mongodb://localhost:27017
URI: URI: URI: mongodb://localhost:27017mongodb://localhost:27017

URI: mongodb://localhost:27017
mongodb://localhost:27017
URI: mongodb://localhost:27017
mongodb://localhost:27017
mongodb://localhost:27017
URI: mongodb://localhost:27017
URI: mongodb://localhost:27017
URI: mongodb://localhost:27017
URI: mongodb://localhost:27017
URI: mongodb://localhost:27017
URI: mongodb://localhost:27017
Load workloads needs: 12469118394 ns 
[report] load_thread_ID : 0
[report] load_duration_ns : 12469118394
[report] load_duration_s : 12.469118
[report] load_throughput : 10670.521828
[report] load_average_latency_ns : 93716.128987
Load workloads needs: 12804752463 ns 
[report] load_thread_ID : 1
[report] load_duration_ns : 12804752463
[report] load_duration_s : 12.804752
[report] load_throughput : 10390.829529
[report] load_average_latency_ns : 96238.707145
Load workloads needs: 12974895378 ns 
[report] load_thread_ID : 7
[report] load_duration_ns : 12974895378
[report] load_duration_s : 12.974895
[report] load_throughput : 10254.572089
[report] load_average_latency_ns : 97517.477212
Load workloads needs: 12976443356 ns 
[report] load_thread_ID : 8
[report] load_duration_ns : 12976443356
[report] load_duration_s : 12.976443
[report] load_throughput : 10253.348807
[report] load_average_latency_ns : 97529.111595
Load workloads needs: 12999902496 ns 
[report] load_thread_ID : 13
[report] load_duration_ns : 12999902496
[report] load_duration_s : 12.999902
[report] load_throughput : 10234.845995
[report] load_average_latency_ns : 97705.427171
Load workloads needs: 13001854966 ns 
[report] load_thread_ID : 12
[report] load_duration_ns : 13001854966
[report] load_duration_s : 13.001855
[report] load_throughput : 10233.309043
[report] load_average_latency_ns : 97720.101660
Load workloads needs: 13047942379 ns 
[report] load_thread_ID : 9
[report] load_duration_ns : 13047942379
[report] load_duration_s : 13.047942
[report] load_throughput : 10197.163364
[report] load_average_latency_ns : 98066.488132
Load workloads needs: 13060554523 ns 
[report] load_thread_ID : 10
[report] load_duration_ns : 13060554523
[report] load_duration_s : 13.060555
[report] load_throughput : 10187.316302
[report] load_average_latency_ns : 98161.279222
Load workloads needs: 13079918369 ns 
[report] load_thread_ID : 5
[report] load_duration_ns : 13079918369
[report] load_duration_s : 13.079918
[report] load_throughput : 10172.234738
[report] load_average_latency_ns : 98306.815147
Load workloads needs: 13098948746 ns 
[report] load_thread_ID : 11
[report] load_duration_ns : 13098948746
[report] load_duration_s : 13.098949
[report] load_throughput : 10157.456341
[report] load_average_latency_ns : 98449.844767
Load workloads needs: 13212398097 ns 
[report] load_thread_ID : 4
[report] load_duration_ns : 13212398097
[report] load_duration_s : 13.212398
[report] load_throughput : 10070.238500
[report] load_average_latency_ns : 99302.514032
Load workloads needs: 13249398008 ns 
[report] load_thread_ID : 3
[report] load_duration_ns : 13249398008
[report] load_duration_s : 13.249398
[report] load_throughput : 10042.116624
[report] load_average_latency_ns : 99580.600126
Load workloads needs: 13272742957 ns 
[report] load_thread_ID : 2
[report] load_duration_ns : 13272742957
[report] load_duration_s : 13.272743
[report] load_throughput : 10024.453908
[report] load_average_latency_ns : 99756.057459
Load workloads needs: 13279546913 ns 
[report] load_thread_ID : 6
[report] load_duration_ns : 13279546913
[report] load_duration_s : 13.279547
[report] load_throughput : 10019.317743
[report] load_average_latency_ns : 99807.195029
All clients run done needs: 13279791320 ns 
[report] load_overall_duration_ns : 13279791320
[report] load_overall_duration_s : 13.279791
[report] load_overall_throughput : 140268.469219
[report] load_overall_average_latency_ns : 7129.185950
