numactl --membind=0 /home/gxr/mongodb-run/test_mongodb/build//run_client --num_threads=30 --core_binding=0,1,2,3,4,5,6,7,8,9,10,11,24,25,26,27,28,29,30,31,32,33,34,35,12,13,14,15,16,17,18,19,20,21,22,23,36,37,38,39,40,41,42,43,44,45,46,47 --str_key_size=16 --str_key_size=256 --load_file=/home/gxr/mongodb-run/workloads/ycsb/workloada-load-10000000-10000000.log.formated --run_file=/home/gxr/mongodb-run/workloads/ycsb/workloada-run-10000000-10000000.log.formated --URI_set=mongodb://localhost:27017,mongodb://localhost:27018,mongodb://localhost:27019,mongodb://localhost:27020,mongodb://localhost:27021,mongodb://localhost:27022,mongodb://localhost:27023,mongodb://localhost:27024,mongodb://localhost:27025,mongodb://localhost:27026,mongodb://localhost:27027,mongodb://localhost:27028,mongodb://localhost:27029,mongodb://localhost:27030,mongodb://localhost:27031,mongodb://localhost:27032,mongodb://localhost:27033,mongodb://localhost:27034,mongodb://localhost:27035,mongodb://localhost:27036,mongodb://localhost:27037,mongodb://localhost:27038,mongodb://localhost:27039,mongodb://localhost:27040,mongodb://localhost:27041,mongodb://localhost:27042,mongodb://localhost:27043,mongodb://localhost:27044,mongodb://localhost:27045,mongodb://localhost:27046,mongodb://localhost:27047,mongodb://localhost:27048,mongodb://localhost:27049,mongodb://localhost:27050,mongodb://localhost:27051,mongodb://localhost:27052,mongodb://localhost:27053,mongodb://localhost:27054,mongodb://localhost:27055,mongodb://localhost:27056,mongodb://localhost:27057,mongodb://localhost:27058,mongodb://localhost:27059,mongodb://localhost:27060,mongodb://localhost:27061,mongodb://localhost:27062,mongodb://localhost:27063,mongodb://localhost:27064 --first_mode=false
mongodb://localhost:27017 mongodb://localhost:27018 mongodb://localhost:27019 mongodb://localhost:27020 mongodb://localhost:27021 mongodb://localhost:27022 mongodb://localhost:27023 mongodb://localhost:27024 mongodb://localhost:27025 mongodb://localhost:27026 mongodb://localhost:27027 mongodb://localhost:27028 mongodb://localhost:27029 mongodb://localhost:27030 mongodb://localhost:27031 mongodb://localhost:27032 mongodb://localhost:27033 mongodb://localhost:27034 mongodb://localhost:27035 mongodb://localhost:27036 mongodb://localhost:27037 mongodb://localhost:27038 mongodb://localhost:27039 mongodb://localhost:27040 mongodb://localhost:27041 mongodb://localhost:27042 mongodb://localhost:27043 mongodb://localhost:27044 mongodb://localhost:27045 mongodb://localhost:27046 mongodb://localhost:27047 mongodb://localhost:27048 mongodb://localhost:27049 mongodb://localhost:27050 mongodb://localhost:27051 mongodb://localhost:27052 mongodb://localhost:27053 mongodb://localhost:27054 mongodb://localhost:27055 mongodb://localhost:27056 mongodb://localhost:27057 mongodb://localhost:27058 mongodb://localhost:27059 mongodb://localhost:27060 mongodb://localhost:27061 mongodb://localhost:27062 mongodb://localhost:27063 mongodb://localhost:27064 reading workload files ...
load_filename : /home/gxr/mongodb-run/workloads/ycsb/workloada-load-10000000-10000000.log.formated
read load file needs: 1150202652 s 
run_filename : /home/gxr/mongodb-run/workloads/ycsb/workloada-run-10000000-10000000.log.formated
read run file needs: 996900269 s 
num_of_load_ops is 1862736
num_of_run_ops is 1934501
0 1 2 3 4 5 6 7 8 9 10 11 24 25 26 27 28 29 30 31 32 33 34 35 12 13 14 15 16 17 18 19 20 21 22 23 36 37 38 39 40 41 42 43 44 45 46 47 URI: URI: mongodb://localhost:27019
URI: mongodb://localhost:27017
mongodb://localhost:27021URI: URI: mongodb://localhost:27018
mongodb://localhost:27020

URI: mongodb://localhost:27022
URI: mongodb://localhost:27025
URI: mongodb://localhost:27024
URI: mongodb://localhost:27023
URI: mongodb://localhost:27026
URI: mongodb://localhost:27027
URI: mongodb://localhost:27029
URI: mongodb://localhost:27028
URI: mongodb://localhost:27031
URI: mongodb://localhost:27032
URI: mongodb://localhost:27030
URI: mongodb://localhost:27034
URI: mongodb://localhost:27033
URI: mongodb://localhost:27036
URI: mongodb://localhost:27035URI: URI: mongodb://localhost:27037

mongodb://localhost:27038
URI: mongodb://localhost:27039
URI: mongodb://localhost:27041
URI: mongodb://localhost:27042
URI: mongodb://localhost:27043
URI: mongodb://localhost:27040
URI: mongodb://localhost:27045
URI: mongodb://localhost:27044
URI: mongodb://localhost:27046
Load workloads needs: 9066188253 ns 
[report] load_thread_ID : 7
[report] load_duration_ns : 9066188253
[report] load_duration_s : 9.066188
[report] load_throughput : 6848.633435
[report] load_average_latency_ns : 146014.531140
Load workloads needs: 9196295067 ns 
[report] load_thread_ID : 19
[report] load_duration_ns : 9196295067
[report] load_duration_s : 9.196295
[report] load_throughput : 6751.740733
[report] load_average_latency_ns : 148109.952602
Load workloads needs: 9490467742 ns 
[report] load_thread_ID : 14
[report] load_duration_ns : 9490467742
[report] load_duration_s : 9.490468
[report] load_throughput : 6542.459412
[report] load_average_latency_ns : 152847.719347
Load workloads needs: 9597314944 ns 
[report] load_thread_ID : 16
[report] load_duration_ns : 9597314944
[report] load_duration_s : 9.597315
[report] load_throughput : 6469.622010
[report] load_average_latency_ns : 154568.535601
Load workloads needs: 9604141884 ns 
[report] load_thread_ID : 12
[report] load_duration_ns : 9604141884
[report] load_duration_s : 9.604142
[report] load_throughput : 6465.023190
[report] load_average_latency_ns : 154678.486157
Load workloads needs: 9610445268 ns 
[report] load_thread_ID : 22
[report] load_duration_ns : 9610445268
[report] load_duration_s : 9.610445
[report] load_throughput : 6460.782853
[report] load_average_latency_ns : 154780.004638
Load workloads needs: 9621510622 ns 
[report] load_thread_ID : 4
[report] load_duration_ns : 9621510622
[report] load_duration_s : 9.621511
[report] load_throughput : 6453.352539
[report] load_average_latency_ns : 154958.216521
Load workloads needs: 9638498425 ns 
[report] load_thread_ID : 23
[report] load_duration_ns : 9638498425
[report] load_duration_s : 9.638498
[report] load_throughput : 6441.978539
[report] load_average_latency_ns : 155231.811776
Load workloads needs: 9640494159 ns 
[report] load_thread_ID : 21
[report] load_duration_ns : 9640494159
[report] load_duration_s : 9.640494
[report] load_throughput : 6440.644948
[report] load_average_latency_ns : 155263.953858
Load workloads needs: 9658217616 ns 
[report] load_thread_ID : 0
[report] load_duration_ns : 9658217616
[report] load_duration_s : 9.658218
[report] load_throughput : 6428.825946
[report] load_average_latency_ns : 155549.397111
Load workloads needs: 9731031039 ns 
[report] load_thread_ID : 17
[report] load_duration_ns : 9731031039
[report] load_duration_s : 9.731031
[report] load_throughput : 6380.721606
[report] load_average_latency_ns : 156722.085954
Load workloads needs: 9736636208 ns 
[report] load_thread_ID : 20
[report] load_duration_ns : 9736636208
[report] load_duration_s : 9.736636
[report] load_throughput : 6377.048364
[report] load_average_latency_ns : 156812.359408
Load workloads needs: 9768852236 ns 
[report] load_thread_ID : 8
[report] load_duration_ns : 9768852236
[report] load_duration_s : 9.768852
[report] load_throughput : 6356.017933
[report] load_average_latency_ns : 157331.211222
Load workloads needs: 9789392409 ns 
[report] load_thread_ID : 18
[report] load_duration_ns : 9789392409
[report] load_duration_s : 9.789392
[report] load_throughput : 6342.681691
[report] load_average_latency_ns : 157662.018795
Load workloads needs: 9792462490 ns 
[report] load_thread_ID : 6
[report] load_duration_ns : 9792462490
[report] load_duration_s : 9.792462
[report] load_throughput : 6340.693167
[report] load_average_latency_ns : 157711.463658
Load workloads needs: 9808575743 ns 
[report] load_thread_ID : 1
[report] load_duration_ns : 9808575743
[report] load_duration_s : 9.808576
[report] load_throughput : 6330.276854
[report] load_average_latency_ns : 157970.973941
Load workloads needs: 9817035172 ns 
[report] load_thread_ID : 13
[report] load_duration_ns : 9817035172
[report] load_duration_s : 9.817035
[report] load_throughput : 6324.821997
[report] load_average_latency_ns : 158107.216376
Load workloads needs: 9825356653 ns 
[report] load_thread_ID : 9
[report] load_duration_ns : 9825356653
[report] load_duration_s : 9.825357
[report] load_throughput : 6319.465256
[report] load_average_latency_ns : 158241.237104
Load workloads needs: 9832383233 ns 
[report] load_thread_ID : 5
[report] load_duration_ns : 9832383233
[report] load_duration_s : 9.832383
[report] load_throughput : 6314.949136
[report] load_average_latency_ns : 158354.402941
Load workloads needs: 9842225726 ns 
[report] load_thread_ID : 2
[report] load_duration_ns : 9842225726
[report] load_duration_s : 9.842226
[report] load_throughput : 6308.634015
[report] load_average_latency_ns : 158512.920166
Load workloads needs: 9856797750 ns 
[report] load_thread_ID : 11
[report] load_duration_ns : 9856797750
[report] load_duration_s : 9.856798
[report] load_throughput : 6299.307501
[report] load_average_latency_ns : 158747.608349
Load workloads needs: 9902381503 ns 
[report] load_thread_ID : 15
[report] load_duration_ns : 9902381503
[report] load_duration_s : 9.902382
[report] load_throughput : 6270.309822
[report] load_average_latency_ns : 159481.752637
Load workloads needs: 9933317393 ns 
[report] load_thread_ID : 10
[report] load_duration_ns : 9933317393
[report] load_duration_s : 9.933317
[report] load_throughput : 6250.781843
[report] load_average_latency_ns : 159979.987325
Load workloads needs: 10005321975 ns 
[report] load_thread_ID : 3
[report] load_duration_ns : 10005321975
[report] load_duration_s : 10.005322
[report] load_throughput : 6205.797290
[report] load_average_latency_ns : 161139.649466
Load workloads needs: 10493396142 ns 
[report] load_thread_ID : 28
[report] load_duration_ns : 10493396142
[report] load_duration_s : 10.493396
[report] load_throughput : 5917.150097
[report] load_average_latency_ns : 169000.276079
Load workloads needs: 10515971498 ns 
[report] load_thread_ID : 25
[report] load_duration_ns : 10515971498
[report] load_duration_s : 10.515971
[report] load_throughput : 5904.447346
[report] load_average_latency_ns : 169363.861075
Load workloads needs: 10534891495 ns 
[report] load_thread_ID : 24
[report] load_duration_ns : 10534891495
[report] load_duration_s : 10.534891
[report] load_throughput : 5893.843333
[report] load_average_latency_ns : 169668.575075
Load workloads needs: 10598106976 ns 
[report] load_thread_ID : 26
[report] load_duration_ns : 10598106976
[report] load_duration_s : 10.598107
[report] load_throughput : 5858.687796
[report] load_average_latency_ns : 170686.685285
Load workloads needs: 10610586578 ns 
[report] load_thread_ID : 27
[report] load_duration_ns : 10610586578
[report] load_duration_s : 10.610587
[report] load_throughput : 5851.797122
[report] load_average_latency_ns : 170887.674188
Load workloads needs: 10702073716 ns 
[report] load_thread_ID : 29
[report] load_duration_ns : 10702073716
[report] load_duration_s : 10.702074
[report] load_throughput : 5801.772782
[report] load_average_latency_ns : 172361.110564
All clients run done needs: 10702770092 ns 
[report] load_overall_duration_ns : 10702770092
[report] load_overall_duration_s : 10.702770
[report] load_overall_throughput : 174042.419298
[report] load_overall_average_latency_ns : 5745.725692
