numactl --membind=0 /home/gxr/mongodb-run/test_mongodb/build//run_client --num_threads=6 --core_binding=0,1,2,3,4,5,6,7,8,9,10,11,24,25,26,27,28,29,30,31,32,33,34,35,12,13,14,15,16,17,18,19,20,21,22,23,36,37,38,39,40,41,42,43,44,45,46,47 --str_key_size=16 --str_key_size=256 --load_file=/home/gxr/mongodb-run/workloads/ycsb/workloada-load-10000000-10000000.log.formated --run_file=/home/gxr/mongodb-run/workloads/ycsb/workloada-run-10000000-10000000.log.formated --URI_set=mongodb://localhost:27017,mongodb://localhost:27018,mongodb://localhost:27019,mongodb://localhost:27020,mongodb://localhost:27021,mongodb://localhost:27022,mongodb://localhost:27023,mongodb://localhost:27024,mongodb://localhost:27025,mongodb://localhost:27026,mongodb://localhost:27027,mongodb://localhost:27028,mongodb://localhost:27029,mongodb://localhost:27030,mongodb://localhost:27031,mongodb://localhost:27032,mongodb://localhost:27033,mongodb://localhost:27034,mongodb://localhost:27035,mongodb://localhost:27036,mongodb://localhost:27037,mongodb://localhost:27038,mongodb://localhost:27039,mongodb://localhost:27040,mongodb://localhost:27041,mongodb://localhost:27042,mongodb://localhost:27043,mongodb://localhost:27044,mongodb://localhost:27045,mongodb://localhost:27046,mongodb://localhost:27047,mongodb://localhost:27048,mongodb://localhost:27049,mongodb://localhost:27050,mongodb://localhost:27051,mongodb://localhost:27052,mongodb://localhost:27053,mongodb://localhost:27054,mongodb://localhost:27055,mongodb://localhost:27056,mongodb://localhost:27057,mongodb://localhost:27058,mongodb://localhost:27059,mongodb://localhost:27060,mongodb://localhost:27061,mongodb://localhost:27062,mongodb://localhost:27063,mongodb://localhost:27064 --first_mode=true
mongodb://localhost:27017 mongodb://localhost:27018 mongodb://localhost:27019 mongodb://localhost:27020 mongodb://localhost:27021 mongodb://localhost:27022 mongodb://localhost:27023 mongodb://localhost:27024 mongodb://localhost:27025 mongodb://localhost:27026 mongodb://localhost:27027 mongodb://localhost:27028 mongodb://localhost:27029 mongodb://localhost:27030 mongodb://localhost:27031 mongodb://localhost:27032 mongodb://localhost:27033 mongodb://localhost:27034 mongodb://localhost:27035 mongodb://localhost:27036 mongodb://localhost:27037 mongodb://localhost:27038 mongodb://localhost:27039 mongodb://localhost:27040 mongodb://localhost:27041 mongodb://localhost:27042 mongodb://localhost:27043 mongodb://localhost:27044 mongodb://localhost:27045 mongodb://localhost:27046 mongodb://localhost:27047 mongodb://localhost:27048 mongodb://localhost:27049 mongodb://localhost:27050 mongodb://localhost:27051 mongodb://localhost:27052 mongodb://localhost:27053 mongodb://localhost:27054 mongodb://localhost:27055 mongodb://localhost:27056 mongodb://localhost:27057 mongodb://localhost:27058 mongodb://localhost:27059 mongodb://localhost:27060 mongodb://localhost:27061 mongodb://localhost:27062 mongodb://localhost:27063 mongodb://localhost:27064 reading workload files ...
load_filename : /home/gxr/mongodb-run/workloads/ycsb/workloada-load-10000000-10000000.log.formated
read load file needs: 951620655 s 
run_filename : /home/gxr/mongodb-run/workloads/ycsb/workloada-run-10000000-10000000.log.formated
read run file needs: 996941460 s 
num_of_load_ops is 1862736
num_of_run_ops is 1934501
0 1 2 3 4 5 6 7 8 9 10 11 24 25 26 27 28 29 30 31 32 33 34 35 12 13 14 15 16 17 18 19 20 21 22 23 36 37 38 39 40 41 42 43 44 45 46 47 URI: URI: URI: mongodb://localhost:27017
URI: mongodb://localhost:27017
mongodb://localhost:27017
mongodb://localhost:27017
URI: mongodb://localhost:27017
URI: mongodb://localhost:27017
Load workloads needs: 16774457879 ns 
[report] load_thread_ID : 1
[report] load_duration_ns : 16774457879
[report] load_duration_s : 16.774458
[report] load_throughput : 18507.662199
[report] load_average_latency_ns : 54031.675597
Load workloads needs: 17355396738 ns 
[report] load_thread_ID : 3
[report] load_duration_ns : 17355396738
[report] load_duration_s : 17.355397
[report] load_throughput : 17888.153448
[report] load_average_latency_ns : 55902.919377
Load workloads needs: 17981497316 ns 
[report] load_thread_ID : 4
[report] load_duration_ns : 17981497316
[report] load_duration_s : 17.981497
[report] load_throughput : 17265.303025
[report] load_average_latency_ns : 57919.632141
Load workloads needs: 18246396040 ns 
[report] load_thread_ID : 2
[report] load_duration_ns : 18246396040
[report] load_duration_s : 18.246396
[report] load_throughput : 17014.647677
[report] load_average_latency_ns : 58772.889041
Load workloads needs: 18518812837 ns 
[report] load_thread_ID : 5
[report] load_duration_ns : 18518812837
[report] load_duration_s : 18.518813
[report] load_throughput : 16764.357561
[report] load_average_latency_ns : 59650.362167
Load workloads needs: 19078954253 ns 
[report] load_thread_ID : 0
[report] load_duration_ns : 19078954253
[report] load_duration_s : 19.078954
[report] load_throughput : 16272.170680
[report] load_average_latency_ns : 61454.615962
All clients run done needs: 19079998066 ns 
[report] load_overall_duration_ns : 19079998066
[report] load_overall_duration_s : 19.079998
[report] load_overall_throughput : 97627.682852
[report] load_overall_average_latency_ns : 10242.996359
