numactl --membind=0 /home/gxr/mongodb-run/test_mongodb/build//run_client --num_threads=38 --core_binding=0,1,2,3,4,5,6,7,8,9,10,11,24,25,26,27,28,29,30,31,32,33,34,35,12,13,14,15,16,17,18,19,20,21,22,23,36,37,38,39,40,41,42,43,44,45,46,47 --str_key_size=16 --str_key_size=256 --load_file=/home/gxr/mongodb-run/workloads/ycsb/workloada-load-10000000-10000000.log.formated --run_file=/home/gxr/mongodb-run/workloads/ycsb/workloada-run-10000000-10000000.log.formated --URI_set=mongodb://localhost:27017,mongodb://localhost:27018,mongodb://localhost:27019,mongodb://localhost:27020,mongodb://localhost:27021,mongodb://localhost:27022,mongodb://localhost:27023,mongodb://localhost:27024,mongodb://localhost:27025,mongodb://localhost:27026,mongodb://localhost:27027,mongodb://localhost:27028,mongodb://localhost:27029,mongodb://localhost:27030,mongodb://localhost:27031,mongodb://localhost:27032,mongodb://localhost:27033,mongodb://localhost:27034,mongodb://localhost:27035,mongodb://localhost:27036,mongodb://localhost:27037,mongodb://localhost:27038,mongodb://localhost:27039,mongodb://localhost:27040,mongodb://localhost:27041,mongodb://localhost:27042,mongodb://localhost:27043,mongodb://localhost:27044,mongodb://localhost:27045,mongodb://localhost:27046,mongodb://localhost:27047,mongodb://localhost:27048,mongodb://localhost:27049,mongodb://localhost:27050,mongodb://localhost:27051,mongodb://localhost:27052,mongodb://localhost:27053,mongodb://localhost:27054,mongodb://localhost:27055,mongodb://localhost:27056,mongodb://localhost:27057,mongodb://localhost:27058,mongodb://localhost:27059,mongodb://localhost:27060,mongodb://localhost:27061,mongodb://localhost:27062,mongodb://localhost:27063,mongodb://localhost:27064 --first_mode=true
mongodb://localhost:27017 mongodb://localhost:27018 mongodb://localhost:27019 mongodb://localhost:27020 mongodb://localhost:27021 mongodb://localhost:27022 mongodb://localhost:27023 mongodb://localhost:27024 mongodb://localhost:27025 mongodb://localhost:27026 mongodb://localhost:27027 mongodb://localhost:27028 mongodb://localhost:27029 mongodb://localhost:27030 mongodb://localhost:27031 mongodb://localhost:27032 mongodb://localhost:27033 mongodb://localhost:27034 mongodb://localhost:27035 mongodb://localhost:27036 mongodb://localhost:27037 mongodb://localhost:27038 mongodb://localhost:27039 mongodb://localhost:27040 mongodb://localhost:27041 mongodb://localhost:27042 mongodb://localhost:27043 mongodb://localhost:27044 mongodb://localhost:27045 mongodb://localhost:27046 mongodb://localhost:27047 mongodb://localhost:27048 mongodb://localhost:27049 mongodb://localhost:27050 mongodb://localhost:27051 mongodb://localhost:27052 mongodb://localhost:27053 mongodb://localhost:27054 mongodb://localhost:27055 mongodb://localhost:27056 mongodb://localhost:27057 mongodb://localhost:27058 mongodb://localhost:27059 mongodb://localhost:27060 mongodb://localhost:27061 mongodb://localhost:27062 mongodb://localhost:27063 mongodb://localhost:27064 reading workload files ...
load_filename : /home/gxr/mongodb-run/workloads/ycsb/workloada-load-10000000-10000000.log.formated
read load file needs: 994207140 s 
run_filename : /home/gxr/mongodb-run/workloads/ycsb/workloada-run-10000000-10000000.log.formated
read run file needs: 1002825399 s 
num_of_load_ops is 1862736
num_of_run_ops is 1934501
0 1 2 3 4 5 6 7 8 9 10 11 24 25 26 27 28 29 30 31 32 33 34 35 12 13 14 15 16 17 18 19 20 21 22 23 36 37 38 39 40 41 42 43 44 45 46 47 URI: URI: mongodb://localhost:27017
mongodb://localhost:27017
URI: URI: mongodb://localhost:27017mongodb://localhost:27017

URI: mongodb://localhost:27017
URI: mongodb://localhost:27017
URI: mongodb://localhost:27017
URI: mongodb://localhost:27017
URI: mongodb://localhost:27017
URI: mongodb://localhost:27017
URI: mongodb://localhost:27017
URI: mongodb://localhost:27017
URI: mongodb://localhost:27017
URI: mongodb://localhost:27017
URI: mongodb://localhost:27017
URI: mongodb://localhost:27017
URI: mongodb://localhost:27017
URI: mongodb://localhost:27017
URI: mongodb://localhost:27017
URI: mongodb://localhost:27017
URI: mongodb://localhost:27017
URI: mongodb://localhost:27017
URI: mongodb://localhost:27017
URI: mongodb://localhost:27017
URI: mongodb://localhost:27017
URI: mongodb://localhost:27017
URI: mongodb://localhost:27017
URI: mongodb://localhost:27017
URI: mongodb://localhost:27017
URI: mongodb://localhost:27017
URI: mongodb://localhost:27017
URI: mongodb://localhost:27017
URI: mongodb://localhost:27017
URI: mongodb://localhost:27017
URI: mongodb://localhost:27017
URI: mongodb://localhost:27017
URI: mongodb://localhost:27017
URI: mongodb://localhost:27017
Load workloads needs: 8175190420 ns 
[report] load_thread_ID : 19
[report] load_duration_ns : 8175190420
[report] load_duration_s : 8.175190
[report] load_throughput : 5996.068285
[report] load_average_latency_ns : 166775.952590
Load workloads needs: 8193749887 ns 
[report] load_thread_ID : 13
[report] load_duration_ns : 8193749887
[report] load_duration_s : 8.193750
[report] load_throughput : 5982.486734
[report] load_average_latency_ns : 167154.570411
Load workloads needs: 8217262645 ns 
[report] load_thread_ID : 18
[report] load_duration_ns : 8217262645
[report] load_duration_s : 8.217263
[report] load_throughput : 5965.368532
[report] load_average_latency_ns : 167634.236623
Load workloads needs: 8242406351 ns 
[report] load_thread_ID : 22
[report] load_duration_ns : 8242406351
[report] load_duration_s : 8.242406
[report] load_throughput : 5947.170997
[report] load_average_latency_ns : 168147.174585
Load workloads needs: 8242757722 ns 
[report] load_thread_ID : 33
[report] load_duration_ns : 8242757722
[report] load_duration_s : 8.242758
[report] load_throughput : 5946.917482
[report] load_average_latency_ns : 168154.342643
Load workloads needs: 8251152224 ns 
[report] load_thread_ID : 16
[report] load_duration_ns : 8251152224
[report] load_duration_s : 8.251152
[report] load_throughput : 5940.867247
[report] load_average_latency_ns : 168325.592607
Load workloads needs: 8254473256 ns 
[report] load_thread_ID : 14
[report] load_duration_ns : 8254473256
[report] load_duration_s : 8.254473
[report] load_throughput : 5938.477051
[report] load_average_latency_ns : 168393.342500
Load workloads needs: 8273851112 ns 
[report] load_thread_ID : 4
[report] load_duration_ns : 8273851112
[report] load_duration_s : 8.273851
[report] load_throughput : 5924.568781
[report] load_average_latency_ns : 168788.655664
Load workloads needs: 8278167848 ns 
[report] load_thread_ID : 29
[report] load_duration_ns : 8278167848
[report] load_duration_s : 8.278168
[report] load_throughput : 5921.479354
[report] load_average_latency_ns : 168876.718171
Load workloads needs: 8292641816 ns 
[report] load_thread_ID : 11
[report] load_duration_ns : 8292641816
[report] load_duration_s : 8.292642
[report] load_throughput : 5911.144010
[report] load_average_latency_ns : 169171.990779
Load workloads needs: 8292549305 ns 
[report] load_thread_ID : 21
[report] load_duration_ns : 8292549305
[report] load_duration_s : 8.292549
[report] load_throughput : 5911.209955
[report] load_average_latency_ns : 169170.103531
Load workloads needs: 8315591257 ns 
[report] load_thread_ID : 5
[report] load_duration_ns : 8315591257
[report] load_duration_s : 8.315591
[report] load_throughput : 5894.830384
[report] load_average_latency_ns : 169640.165181
Load workloads needs: 8315923691 ns 
[report] load_thread_ID : 15
[report] load_duration_ns : 8315923691
[report] load_duration_s : 8.315924
[report] load_throughput : 5894.594734
[report] load_average_latency_ns : 169646.946919
Load workloads needs: 8316425065 ns 
[report] load_thread_ID : 32
[report] load_duration_ns : 8316425065
[report] load_duration_s : 8.316425
[report] load_throughput : 5894.239366
[report] load_average_latency_ns : 169657.175075
Load workloads needs: 8322926452 ns 
[report] load_thread_ID : 31
[report] load_duration_ns : 8322926452
[report] load_duration_s : 8.322926
[report] load_throughput : 5889.635128
[report] load_average_latency_ns : 169789.805014
Load workloads needs: 8327553263 ns 
[report] load_thread_ID : 8
[report] load_duration_ns : 8327553263
[report] load_duration_s : 8.327553
[report] load_throughput : 5886.362831
[report] load_average_latency_ns : 169884.193129
Load workloads needs: Load workloads needs: 8338750711 ns 
8339635417 ns 
[report] load_thread_ID : 7
[report] load_duration_ns[report] load_thread_ID : 23
[report]  : 8339635417
load_duration_ns[report] load_duration_s : 8.339635
[report] load_throughput : 5877.834887 : 8338750711

[report] load_average_latency_ns : 170130.672127
[report] load_duration_s : 8.338751
[report] load_throughput : 5878.458500
[report] load_average_latency_ns : 170112.623901
Load workloads needs: 8344190171 ns 
[report] load_thread_ID : 12
[report] load_duration_ns : 8344190171
[report] load_duration_s : 8.344190
[report] load_throughput : 5874.626416
[report] load_average_latency_ns : 170223.590261
Load workloads needs: 8344264045 ns 
[report] load_thread_ID : 17
[report] load_duration_ns : 8344264045
[report] load_duration_s : 8.344264
[report] load_throughput : 5874.574407
[report] load_average_latency_ns : 170225.097309
Load workloads needs: 8347571676 ns 
[report] load_thread_ID : 20
[report] load_duration_ns : 8347571676
[report] load_duration_s : 8.347572
[report] load_throughput : 5872.246673
[report] load_average_latency_ns : 170292.573818
Load workloads needs: 8358794142 ns 
[report] load_thread_ID : 30
[report] load_duration_ns : 8358794142
[report] load_duration_s : 8.358794
[report] load_throughput : 5864.362630
[report] load_average_latency_ns : 170521.514964
Load workloads needs: 8363483757 ns 
[report] load_thread_ID : 1
[report] load_duration_ns : 8363483757
[report] load_duration_s : 8.363484
[report] load_throughput : 5861.074335
[report] load_average_latency_ns : 170617.184296
Load workloads needs: 8369598174 ns 
[report] load_thread_ID : 10
[report] load_duration_ns : 8369598174
[report] load_duration_s : 8.369598
[report] load_throughput : 5856.792522
[report] load_average_latency_ns : 170741.919949
Load workloads needs: 8371377902 ns 
[report] load_thread_ID : 9
[report] load_duration_ns : 8371377902
[report] load_duration_s : 8.371378
[report] load_throughput : 5855.547387
[report] load_average_latency_ns : 170778.226851
Load workloads needs: 8381850873 ns 
[report] load_thread_ID : 27
[report] load_duration_ns : 8381850873
[report] load_duration_s : 8.381851
[report] load_throughput : 5848.230987
[report] load_average_latency_ns : 170991.878108
Load workloads needs: 8385287118 ns 
[report] load_thread_ID : 26
[report] load_duration_ns : 8385287118
[report] load_duration_s : 8.385287
[report] load_throughput : 5845.834413
[report] load_average_latency_ns : 171061.978376
Load workloads needs: 8409311839 ns 
[report] load_thread_ID : 34
[report] load_duration_ns : 8409311839
[report] load_duration_s : 8.409312
[report] load_throughput : 5829.133339
[report] load_average_latency_ns : 171552.088762
Load workloads needs: 8425838143 ns 
[report] load_thread_ID : 6
[report] load_duration_ns : 8425838143
[report] load_duration_s : 8.425838
[report] load_throughput : 5817.700170
[report] load_average_latency_ns : 171889.229544
Load workloads needs: 8438389667 ns 
[report] load_thread_ID : 3
[report] load_duration_ns : 8438389667
[report] load_duration_s : 8.438390
[report] load_throughput : 5809.046742
[report] load_average_latency_ns : 172145.283808
Load workloads needs: 8439842781 ns 
[report] load_thread_ID : 0
[report] load_duration_ns : 8439842781
[report] load_duration_s : 8.439843
[report] load_throughput : 5808.046580
[report] load_average_latency_ns : 172174.927702
Load workloads needs: 8439808085 ns 
[report] load_thread_ID : 35
[report] load_duration_ns : 8439808085
[report] load_duration_s : 8.439808
[report] load_throughput : 5808.070457
[report] load_average_latency_ns : 172174.219894
Load workloads needs: 8458749632 ns 
[report] load_thread_ID : 28
[report] load_duration_ns : 8458749632
[report] load_duration_s : 8.458750
[report] load_throughput : 5795.064535
[report] load_average_latency_ns : 172560.632245
Load workloads needs: 8522711639 ns 
[report] load_thread_ID : 37
[report] load_duration_ns : 8522711639
[report] load_duration_s : 8.522712
[report] load_throughput : 5751.573217
[report] load_average_latency_ns : 173865.473367
Load workloads needs: 8525299567 ns 
[report] load_thread_ID : 2
[report] load_duration_ns : 8525299567
[report] load_duration_s : 8.525300
[report] load_throughput : 5749.827278
[report] load_average_latency_ns : 173918.267753
Load workloads needs: 8542278943 ns 
[report] load_thread_ID : 25
[report] load_duration_ns : 8542278943
[report] load_duration_s : 8.542279
[report] load_throughput : 5738.398421
[report] load_average_latency_ns : 174264.651319
Load workloads needs: 8658785248 ns 
[report] load_thread_ID : 36
[report] load_duration_ns : 8658785248
[report] load_duration_s : 8.658785
[report] load_throughput : 5661.186713
[report] load_average_latency_ns : 176641.409413
Load workloads needs: 8663744163 ns 
[report] load_thread_ID : 24
[report] load_duration_ns : 8663744163
[report] load_duration_s : 8.663744
[report] load_throughput : 5657.946389
[report] load_average_latency_ns : 176742.572533
All clients run done needs: 8663937469 ns 
[report] load_overall_duration_ns : 8663937469
[report] load_overall_duration_s : 8.663937
[report] load_overall_throughput : 214998.781635
[report] load_overall_average_latency_ns : 4651.189148
