numactl --membind=0 /home/gxr/mongodb-run/test_mongodb/build//run_client --num_threads=30 --core_binding=0,1,2,3,4,5,6,7,8,9,10,11,24,25,26,27,28,29,30,31,32,33,34,35,12,13,14,15,16,17,18,19,20,21,22,23,36,37,38,39,40,41,42,43,44,45,46,47 --str_key_size=16 --str_key_size=256 --load_file=/home/gxr/mongodb-run/workloads/ycsb/workloada-load-10000000-10000000.log.formated --run_file=/home/gxr/mongodb-run/workloads/ycsb/workloada-run-10000000-10000000.log.formated --URI_set=mongodb://localhost:27017,mongodb://localhost:27018,mongodb://localhost:27019,mongodb://localhost:27020,mongodb://localhost:27021,mongodb://localhost:27022,mongodb://localhost:27023,mongodb://localhost:27024,mongodb://localhost:27025,mongodb://localhost:27026,mongodb://localhost:27027,mongodb://localhost:27028,mongodb://localhost:27029,mongodb://localhost:27030,mongodb://localhost:27031,mongodb://localhost:27032,mongodb://localhost:27033,mongodb://localhost:27034,mongodb://localhost:27035,mongodb://localhost:27036,mongodb://localhost:27037,mongodb://localhost:27038,mongodb://localhost:27039,mongodb://localhost:27040,mongodb://localhost:27041,mongodb://localhost:27042,mongodb://localhost:27043,mongodb://localhost:27044,mongodb://localhost:27045,mongodb://localhost:27046,mongodb://localhost:27047,mongodb://localhost:27048,mongodb://localhost:27049,mongodb://localhost:27050,mongodb://localhost:27051,mongodb://localhost:27052,mongodb://localhost:27053,mongodb://localhost:27054,mongodb://localhost:27055,mongodb://localhost:27056,mongodb://localhost:27057,mongodb://localhost:27058,mongodb://localhost:27059,mongodb://localhost:27060,mongodb://localhost:27061,mongodb://localhost:27062,mongodb://localhost:27063,mongodb://localhost:27064 --first_mode=true
mongodb://localhost:27017 mongodb://localhost:27018 mongodb://localhost:27019 mongodb://localhost:27020 mongodb://localhost:27021 mongodb://localhost:27022 mongodb://localhost:27023 mongodb://localhost:27024 mongodb://localhost:27025 mongodb://localhost:27026 mongodb://localhost:27027 mongodb://localhost:27028 mongodb://localhost:27029 mongodb://localhost:27030 mongodb://localhost:27031 mongodb://localhost:27032 mongodb://localhost:27033 mongodb://localhost:27034 mongodb://localhost:27035 mongodb://localhost:27036 mongodb://localhost:27037 mongodb://localhost:27038 mongodb://localhost:27039 mongodb://localhost:27040 mongodb://localhost:27041 mongodb://localhost:27042 mongodb://localhost:27043 mongodb://localhost:27044 mongodb://localhost:27045 mongodb://localhost:27046 mongodb://localhost:27047 mongodb://localhost:27048 mongodb://localhost:27049 mongodb://localhost:27050 mongodb://localhost:27051 mongodb://localhost:27052 mongodb://localhost:27053 mongodb://localhost:27054 mongodb://localhost:27055 mongodb://localhost:27056 mongodb://localhost:27057 mongodb://localhost:27058 mongodb://localhost:27059 mongodb://localhost:27060 mongodb://localhost:27061 mongodb://localhost:27062 mongodb://localhost:27063 mongodb://localhost:27064 reading workload files ...
load_filename : /home/gxr/mongodb-run/workloads/ycsb/workloada-load-10000000-10000000.log.formated
read load file needs: 992711762 s 
run_filename : /home/gxr/mongodb-run/workloads/ycsb/workloada-run-10000000-10000000.log.formated
read run file needs: 997588124 s 
num_of_load_ops is 1862736
num_of_run_ops is 1934501
0 1 2 3 4 5 6 7 8 9 10 11 24 25 26 27 28 29 30 31 32 33 34 35 12 13 14 15 16 17 18 19 20 21 22 23 36 37 38 39 40 41 42 43 44 45 46 47 URI: URI: mongodb://localhost:27017
URI: mongodb://localhost:27017URI: mongodb://localhost:27017URI: mongodb://localhost:27017mongodb://localhost:27017



URI: mongodb://localhost:27017
URI: mongodb://localhost:27017
URI: mongodb://localhost:27017
URI: mongodb://localhost:27017
URI: mongodb://localhost:27017
URI: mongodb://localhost:27017
URI: mongodb://localhost:27017
URI: mongodb://localhost:27017
URI: mongodb://localhost:27017
URI: mongodb://localhost:27017
URI: mongodb://localhost:27017
URI: mongodb://localhost:27017
URI: mongodb://localhost:27017
URI: mongodb://localhost:27017
URI: mongodb://localhost:27017
URI: mongodb://localhost:27017
URI: mongodb://localhost:27017
URI: mongodb://localhost:27017
URI: URI: mongodb://localhost:27017
mongodb://localhost:27017
URI: mongodb://localhost:27017
URI: mongodb://localhost:27017
URI: mongodb://localhost:27017
URI: mongodb://localhost:27017
URI: mongodb://localhost:27017
Load workloads needs: 7063675224 ns 
[report] load_thread_ID : 26
[report] load_duration_ns : 7063675224
[report] load_duration_s : 7.063675
[report] load_throughput : 8790.183301
[report] load_average_latency_ns : 113763.270426
Load workloads needs: 7222920782 ns 
[report] load_thread_ID : 24
[report] load_duration_ns : 7222920782
[report] load_duration_s : 7.222921
[report] load_throughput : 8596.383911
[report] load_average_latency_ns : 116327.982832
Load workloads needs: 7436240302 ns 
[report] load_thread_ID : 28
[report] load_duration_ns : 7436240302
[report] load_duration_s : 7.436240
[report] load_throughput : 8349.783960
[report] load_average_latency_ns : 119763.577684
Load workloads needs: 7473496235 ns 
[report] load_thread_ID : 25
[report] load_duration_ns : 7473496235
[report] load_duration_s : 7.473496
[report] load_throughput : 8308.159668
[report] load_average_latency_ns : 120363.599153
Load workloads needs: 7670536087 ns 
[report] load_thread_ID : 29
[report] load_duration_ns : 7670536087
[report] load_duration_s : 7.670536
[report] load_throughput : 8094.740615
[report] load_average_latency_ns : 123537.003543
Load workloads needs: 8015958440 ns 
[report] load_thread_ID : 27
[report] load_duration_ns : 8015958440
[report] load_duration_s : 8.015958
[report] load_throughput : 7745.923393
[report] load_average_latency_ns : 129100.166530
Load workloads needs: 8610022440 ns 
[report] load_thread_ID : 15
[report] load_duration_ns : 8610022440
[report] load_duration_s : 8.610022
[report] load_throughput : 7211.479463
[report] load_average_latency_ns : 138667.801131
Load workloads needs: 8655331648 ns 
[report] load_thread_ID : 22
[report] load_duration_ns : 8655331648
[report] load_duration_s : 8.655332
[report] load_throughput : 7173.728579
[report] load_average_latency_ns : 139397.523764
Load workloads needs: 8662806670 ns 
[report] load_thread_ID : 16
[report] load_duration_ns : 8662806670
[report] load_duration_s : 8.662807
[report] load_throughput : 7167.538462
[report] load_average_latency_ns : 139517.911936
Load workloads needs: 8692713257 ns 
[report] load_thread_ID : 13
[report] load_duration_ns : 8692713257
[report] load_duration_s : 8.692713
[report] load_throughput : 7142.879118
[report] load_average_latency_ns : 139999.569293
Load workloads needs: 8695603284 ns 
[report] load_thread_ID : 17
[report] load_duration_ns : 8695603284
[report] load_duration_s : 8.695603
[report] load_throughput : 7140.505146
[report] load_average_latency_ns : 140046.114316
Load workloads needs: 8704347952 ns 
[report] load_thread_ID : 10
[report] load_duration_ns : 8704347952
[report] load_duration_s : 8.704348
[report] load_throughput : 7133.331565
[report] load_average_latency_ns : 140186.950637
Load workloads needs: 8733169167 ns 
[report] load_thread_ID : 6
[report] load_duration_ns : 8733169167
[report] load_duration_s : 8.733169
[report] load_throughput : 7109.790136
[report] load_average_latency_ns : 140651.127651
Load workloads needs: 8802343996 ns 
[report] load_thread_ID : 21
[report] load_duration_ns : 8802343996
[report] load_duration_s : 8.802344
[report] load_throughput : 7053.916551
[report] load_average_latency_ns : 141765.215506
Load workloads needs: 8807803751 ns 
[report] load_thread_ID : 14
[report] load_duration_ns : 8807803751
[report] load_duration_s : 8.807804
[report] load_throughput : 7049.543990
[report] load_average_latency_ns : 141853.147010
Load workloads needs: 8815766198 ns 
[report] load_thread_ID : 5
[report] load_duration_ns : 8815766198
[report] load_duration_s : 8.815766
[report] load_throughput : 7043.176805
[report] load_average_latency_ns : 141981.385354
Load workloads needs: 8828200621 ns 
[report] load_thread_ID : 18
[report] load_duration_ns : 8828200621
[report] load_duration_s : 8.828201
[report] load_throughput : 7033.256568
[report] load_average_latency_ns : 142181.646632
Load workloads needs: 8839000452 ns 
[report] load_thread_ID : 0
[report] load_duration_ns : 8839000452
[report] load_duration_s : 8.839000
[report] load_throughput : 7024.663064
[report] load_average_latency_ns : 142355.582162
Load workloads needs: 8840693758 ns 
[report] load_thread_ID : 23
[report] load_duration_ns : 8840693758
[report] load_duration_s : 8.840694
[report] load_throughput : 7023.317592
[report] load_average_latency_ns : 142382.853521
Load workloads needs: 8847367674 ns 
[report] load_thread_ID : 19
[report] load_duration_ns : 8847367674
[report] load_duration_s : 8.847368
[report] load_throughput : 7018.019629
[report] load_average_latency_ns : 142490.339566
Load workloads needs: 8856048211 ns 
[report] load_thread_ID : 12
[report] load_duration_ns : 8856048211
[report] load_duration_s : 8.856048
[report] load_throughput : 7011.140694
[report] load_average_latency_ns : 142630.143032
Load workloads needs: 8860890966 ns 
[report] load_thread_ID : 20
[report] load_duration_ns : 8860890966
[report] load_duration_s : 8.860891
[report] load_throughput : 7007.308886
[report] load_average_latency_ns : 142708.137508
Load workloads needs: 8872772300 ns 
[report] load_thread_ID : 11
[report] load_duration_ns : 8872772300
[report] load_duration_s : 8.872772
[report] load_throughput : 6997.925553
[report] load_average_latency_ns : 142899.491070
Load workloads needs: 8877134014 ns 
[report] load_thread_ID : 3
[report] load_duration_ns : 8877134014
[report] load_duration_s : 8.877134
[report] load_throughput : 6994.487174
[report] load_average_latency_ns : 142969.738191
Load workloads needs: 8883917530 ns 
[report] load_thread_ID : 9
[report] load_duration_ns : 8883917530
[report] load_duration_s : 8.883918
[report] load_throughput : 6989.146375
[report] load_average_latency_ns : 143078.989387
Load workloads needs: 8899581781 ns 
[report] load_thread_ID : 4
[report] load_duration_ns : 8899581781
[report] load_duration_s : 8.899582
[report] load_throughput : 6976.844702
[report] load_average_latency_ns : 143331.268316
Load workloads needs: 8905416247 ns 
[report] load_thread_ID : 1
[report] load_duration_ns : 8905416247
[report] load_duration_s : 8.905416
[report] load_throughput : 6972.273758
[report] load_average_latency_ns : 143425.234688
Load workloads needs: 8905769383 ns 
[report] load_thread_ID : 7
[report] load_duration_ns : 8905769383
[report] load_duration_s : 8.905769
[report] load_throughput : 6971.997290
[report] load_average_latency_ns : 143430.922082
Load workloads needs: 8917109692 ns 
[report] load_thread_ID : 8
[report] load_duration_ns : 8917109692
[report] load_duration_s : 8.917110
[report] load_throughput : 6963.130672
[report] load_average_latency_ns : 143613.562223
Load workloads needs: 8918595080 ns 
[report] load_thread_ID : 2
[report] load_duration_ns : 8918595080
[report] load_duration_s : 8.918595
[report] load_throughput : 6961.970965
[report] load_average_latency_ns : 143637.484982
All clients run done needs: 8918038154 ns 
[report] load_overall_duration_ns : 8918038154
[report] load_overall_duration_s : 8.918038
[report] load_overall_throughput : 208872.844883
[report] load_overall_average_latency_ns : 4787.601761
