numactl --membind=0 /home/gxr/mongodb-run/test_mongodb/build//run_client --num_threads=6 --core_binding=0,1,2,3,4,5,6,7,8,9,10,11,24,25,26,27,28,29,30,31,32,33,34,35,12,13,14,15,16,17,18,19,20,21,22,23,36,37,38,39,40,41,42,43,44,45,46,47 --str_key_size=16 --str_key_size=256 --load_file=/home/gxr/mongodb-run/workloads/ycsb/workloada-load-10000000-10000000.log.formated --run_file=/home/gxr/mongodb-run/workloads/ycsb/workloada-run-10000000-10000000.log.formated --URI_set=mongodb://localhost:27017,mongodb://localhost:27018,mongodb://localhost:27019,mongodb://localhost:27020,mongodb://localhost:27021,mongodb://localhost:27022,mongodb://localhost:27023,mongodb://localhost:27024,mongodb://localhost:27025,mongodb://localhost:27026,mongodb://localhost:27027,mongodb://localhost:27028,mongodb://localhost:27029,mongodb://localhost:27030,mongodb://localhost:27031,mongodb://localhost:27032,mongodb://localhost:27033,mongodb://localhost:27034,mongodb://localhost:27035,mongodb://localhost:27036,mongodb://localhost:27037,mongodb://localhost:27038,mongodb://localhost:27039,mongodb://localhost:27040,mongodb://localhost:27041,mongodb://localhost:27042,mongodb://localhost:27043,mongodb://localhost:27044,mongodb://localhost:27045,mongodb://localhost:27046,mongodb://localhost:27047,mongodb://localhost:27048,mongodb://localhost:27049,mongodb://localhost:27050,mongodb://localhost:27051,mongodb://localhost:27052,mongodb://localhost:27053,mongodb://localhost:27054,mongodb://localhost:27055,mongodb://localhost:27056,mongodb://localhost:27057,mongodb://localhost:27058,mongodb://localhost:27059,mongodb://localhost:27060,mongodb://localhost:27061,mongodb://localhost:27062,mongodb://localhost:27063,mongodb://localhost:27064 --first_mode=false
mongodb://localhost:27017 mongodb://localhost:27018 mongodb://localhost:27019 mongodb://localhost:27020 mongodb://localhost:27021 mongodb://localhost:27022 mongodb://localhost:27023 mongodb://localhost:27024 mongodb://localhost:27025 mongodb://localhost:27026 mongodb://localhost:27027 mongodb://localhost:27028 mongodb://localhost:27029 mongodb://localhost:27030 mongodb://localhost:27031 mongodb://localhost:27032 mongodb://localhost:27033 mongodb://localhost:27034 mongodb://localhost:27035 mongodb://localhost:27036 mongodb://localhost:27037 mongodb://localhost:27038 mongodb://localhost:27039 mongodb://localhost:27040 mongodb://localhost:27041 mongodb://localhost:27042 mongodb://localhost:27043 mongodb://localhost:27044 mongodb://localhost:27045 mongodb://localhost:27046 mongodb://localhost:27047 mongodb://localhost:27048 mongodb://localhost:27049 mongodb://localhost:27050 mongodb://localhost:27051 mongodb://localhost:27052 mongodb://localhost:27053 mongodb://localhost:27054 mongodb://localhost:27055 mongodb://localhost:27056 mongodb://localhost:27057 mongodb://localhost:27058 mongodb://localhost:27059 mongodb://localhost:27060 mongodb://localhost:27061 mongodb://localhost:27062 mongodb://localhost:27063 mongodb://localhost:27064 reading workload files ...
load_filename : /home/gxr/mongodb-run/workloads/ycsb/workloada-load-10000000-10000000.log.formated
read load file needs: 964236182 s 
run_filename : /home/gxr/mongodb-run/workloads/ycsb/workloada-run-10000000-10000000.log.formated
read run file needs: 996546601 s 
num_of_load_ops is 1862736
num_of_run_ops is 1934501
0 1 2 3 4 5 6 7 8 9 10 11 24 25 26 27 28 29 30 31 32 33 34 35 12 13 14 15 16 17 18 19 20 21 22 23 36 37 38 39 40 41 42 43 44 45 46 47 URI: URI: mongodb://localhost:27022URI: URI: URI: mongodb://localhost:27017
mongodb://localhost:27018
URI: mongodb://localhost:27020
mongodb://localhost:27021
mongodb://localhost:27019

Load workloads needs: 14998522087 ns 
[report] load_thread_ID : 2
[report] load_duration_ns : 14998522087
[report] load_duration_s : 14.998522
[report] load_throughput : 20699.106099
[report] load_average_latency_ns : 48311.265001
Load workloads needs: 15184097190 ns 
[report] load_thread_ID : 3
[report] load_duration_ns : 15184097190
[report] load_duration_s : 15.184097
[report] load_throughput : 20446.128348
[report] load_average_latency_ns : 48909.015094
Load workloads needs: 15424621047 ns 
[report] load_thread_ID : 0
[report] load_duration_ns : 15424621047
[report] load_duration_s : 15.424621
[report] load_throughput : 20127.301608
[report] load_average_latency_ns : 49683.758880
Load workloads needs: 15745430476 ns 
[report] load_thread_ID : 4
[report] load_duration_ns : 15745430476
[report] load_duration_s : 15.745430
[report] load_throughput : 19717.212589
[report] load_average_latency_ns : 50717.107983
Load workloads needs: 16379123938 ns 
[report] load_thread_ID : 5
[report] load_duration_ns : 16379123938
[report] load_duration_s : 16.379124
[report] load_throughput : 18954.371502
[report] load_average_latency_ns : 52758.277946
Load workloads needs: 16823097045 ns 
[report] load_thread_ID : 1
[report] load_duration_ns : 16823097045
[report] load_duration_s : 16.823097
[report] load_throughput : 18454.152596
[report] load_average_latency_ns : 54188.345675
All clients run done needs: 16824201953 ns 
[report] load_overall_duration_ns : 16824201953
[report] load_overall_duration_s : 16.824202
[report] load_overall_throughput : 110717.643856
[report] load_overall_average_latency_ns : 9031.984110
