numactl --membind=0 /home/gxr/mongodb-run/test_mongodb/build//run_client --num_threads=14 --core_binding=0,1,2,3,4,5,6,7,8,9,10,11,24,25,26,27,28,29,30,31,32,33,34,35,12,13,14,15,16,17,18,19,20,21,22,23,36,37,38,39,40,41,42,43,44,45,46,47 --str_key_size=16 --str_key_size=256 --load_file=/home/gxr/mongodb-run/workloads/ycsb/workloada-load-10000000-10000000.log.formated --run_file=/home/gxr/mongodb-run/workloads/ycsb/workloada-run-10000000-10000000.log.formated --URI_set=mongodb://localhost:27017,mongodb://localhost:27018,mongodb://localhost:27019,mongodb://localhost:27020,mongodb://localhost:27021,mongodb://localhost:27022,mongodb://localhost:27023,mongodb://localhost:27024,mongodb://localhost:27025,mongodb://localhost:27026,mongodb://localhost:27027,mongodb://localhost:27028,mongodb://localhost:27029,mongodb://localhost:27030,mongodb://localhost:27031,mongodb://localhost:27032,mongodb://localhost:27033,mongodb://localhost:27034,mongodb://localhost:27035,mongodb://localhost:27036,mongodb://localhost:27037,mongodb://localhost:27038,mongodb://localhost:27039,mongodb://localhost:27040,mongodb://localhost:27041,mongodb://localhost:27042,mongodb://localhost:27043,mongodb://localhost:27044,mongodb://localhost:27045,mongodb://localhost:27046,mongodb://localhost:27047,mongodb://localhost:27048,mongodb://localhost:27049,mongodb://localhost:27050,mongodb://localhost:27051,mongodb://localhost:27052,mongodb://localhost:27053,mongodb://localhost:27054,mongodb://localhost:27055,mongodb://localhost:27056,mongodb://localhost:27057,mongodb://localhost:27058,mongodb://localhost:27059,mongodb://localhost:27060,mongodb://localhost:27061,mongodb://localhost:27062,mongodb://localhost:27063,mongodb://localhost:27064 --first_mode=false
mongodb://localhost:27017 mongodb://localhost:27018 mongodb://localhost:27019 mongodb://localhost:27020 mongodb://localhost:27021 mongodb://localhost:27022 mongodb://localhost:27023 mongodb://localhost:27024 mongodb://localhost:27025 mongodb://localhost:27026 mongodb://localhost:27027 mongodb://localhost:27028 mongodb://localhost:27029 mongodb://localhost:27030 mongodb://localhost:27031 mongodb://localhost:27032 mongodb://localhost:27033 mongodb://localhost:27034 mongodb://localhost:27035 mongodb://localhost:27036 mongodb://localhost:27037 mongodb://localhost:27038 mongodb://localhost:27039 mongodb://localhost:27040 mongodb://localhost:27041 mongodb://localhost:27042 mongodb://localhost:27043 mongodb://localhost:27044 mongodb://localhost:27045 mongodb://localhost:27046 mongodb://localhost:27047 mongodb://localhost:27048 mongodb://localhost:27049 mongodb://localhost:27050 mongodb://localhost:27051 mongodb://localhost:27052 mongodb://localhost:27053 mongodb://localhost:27054 mongodb://localhost:27055 mongodb://localhost:27056 mongodb://localhost:27057 mongodb://localhost:27058 mongodb://localhost:27059 mongodb://localhost:27060 mongodb://localhost:27061 mongodb://localhost:27062 mongodb://localhost:27063 mongodb://localhost:27064 reading workload files ...
load_filename : /home/gxr/mongodb-run/workloads/ycsb/workloada-load-10000000-10000000.log.formated
read load file needs: 991360304 s 
run_filename : /home/gxr/mongodb-run/workloads/ycsb/workloada-run-10000000-10000000.log.formated
read run file needs: 1001168036 s 
num_of_load_ops is 1862736
num_of_run_ops is 1934501
0 1 2 3 4 5 6 7 8 9 10 11 24 25 26 27 28 29 30 31 32 33 34 35 12 13 14 15 16 17 18 19 20 21 22 23 36 37 38 39 40 41 42 43 44 45 46 47 URI: URI: mongodb://localhost:27017
mongodb://localhost:27020
URI: mongodb://localhost:27021
URI: mongodb://localhost:27022
URI: mongodb://localhost:27023
URI: mongodb://localhost:27018
URI: mongodb://localhost:27019
URI: mongodb://localhost:27025
URI: mongodb://localhost:27024
URI: mongodb://localhost:27027
URI: mongodb://localhost:27026
URI: mongodb://localhost:27028
URI: mongodb://localhost:27029
URI: mongodb://localhost:27030
Load workloads needs: 13302697049 ns 
[report] load_thread_ID : 0
[report] load_duration_ns : 13302697049
[report] load_duration_s : 13.302697
[report] load_throughput : 10001.881536
[report] load_average_latency_ns : 99981.188175
Load workloads needs: 14095121031 ns 
[report] load_thread_ID : 1
[report] load_duration_ns : 14095121031
[report] load_duration_s : 14.095121
[report] load_throughput : 9439.578398
[report] load_average_latency_ns : 105936.934665
Load workloads needs: 14371066115 ns 
[report] load_thread_ID : 12
[report] load_duration_ns : 14371066115
[report] load_duration_s : 14.371066
[report] load_throughput : 9258.324952
[report] load_average_latency_ns : 108010.898859
Load workloads needs: 14428704253 ns 
[report] load_thread_ID : 13
[report] load_duration_ns : 14428704253
[report] load_duration_s : 14.428704
[report] load_throughput : 9221.340854
[report] load_average_latency_ns : 108444.098946
Load workloads needs: 14987373820 ns 
[report] load_thread_ID : 10
[report] load_duration_ns : 14987373820
[report] load_duration_s : 14.987374
[report] load_throughput : 8877.606017
[report] load_average_latency_ns : 112642.980339
Load workloads needs: 15051343860 ns 
[report] load_thread_ID : 2
[report] load_duration_ns : 15051343860
[report] load_duration_s : 15.051344
[report] load_throughput : 8839.875113
[report] load_average_latency_ns : 113123.770105
Load workloads needs: 15056270179 ns 
[report] load_thread_ID : 11
[report] load_duration_ns : 15056270179
[report] load_duration_s : 15.056270
[report] load_throughput : 8836.982760
[report] load_average_latency_ns : 113160.795621
Load workloads needs: 15058770050 ns 
[report] load_thread_ID : 8
[report] load_duration_ns : 15058770050
[report] load_duration_s : 15.058770
[report] load_throughput : 8835.515753
[report] load_average_latency_ns : 113179.584298
Load workloads needs: 15124435956 ns 
[report] load_thread_ID : 9
[report] load_duration_ns : 15124435956
[report] load_duration_s : 15.124436
[report] load_throughput : 8797.154511
[report] load_average_latency_ns : 113673.119953
Load workloads needs: 15261026025 ns 
[report] load_thread_ID : 4
[report] load_duration_ns : 15261026025
[report] load_duration_s : 15.261026
[report] load_throughput : 8718.417738
[report] load_average_latency_ns : 114699.711579
Load workloads needs: 15265100415 ns 
[report] load_thread_ID : 6
[report] load_duration_ns : 15265100415
[report] load_duration_s : 15.265100
[report] load_throughput : 8716.090716
[report] load_average_latency_ns : 114730.334117
Load workloads needs: 15289233730 ns 
[report] load_thread_ID : 7
[report] load_duration_ns : 15289233730
[report] load_duration_s : 15.289234
[report] load_throughput : 8702.332789
[report] load_average_latency_ns : 114911.716697
Load workloads needs: 15329153447 ns 
[report] load_thread_ID : 5
[report] load_duration_ns : 15329153447
[report] load_duration_s : 15.329153
[report] load_throughput : 8679.670437
[report] load_average_latency_ns : 115211.747640
Load workloads needs: 15349106286 ns 
[report] load_thread_ID : 3
[report] load_duration_ns : 15349106286
[report] load_duration_s : 15.349106
[report] load_throughput : 8668.387431
[report] load_average_latency_ns : 115361.710354
All clients run done needs: 15349412021 ns 
[report] load_overall_duration_ns : 15349412021
[report] load_overall_duration_s : 15.349412
[report] load_overall_throughput : 121355.527981
[report] load_overall_average_latency_ns : 8240.250911
