numactl --membind=0 /home/gxr/mongodb-run/test_mongodb/build//run_client --num_threads=10 --core_binding=0,1,2,3,4,5,6,7,8,9,10,11,24,25,26,27,28,29,30,31,32,33,34,35,12,13,14,15,16,17,18,19,20,21,22,23,36,37,38,39,40,41,42,43,44,45,46,47 --str_key_size=16 --str_key_size=256 --load_file=/home/gxr/mongodb-run/workloads/ycsb/workloada-load-10000000-10000000.log.formated --run_file=/home/gxr/mongodb-run/workloads/ycsb/workloada-run-10000000-10000000.log.formated --URI_set=mongodb://localhost:27017,mongodb://localhost:27018,mongodb://localhost:27019,mongodb://localhost:27020,mongodb://localhost:27021,mongodb://localhost:27022,mongodb://localhost:27023,mongodb://localhost:27024,mongodb://localhost:27025,mongodb://localhost:27026,mongodb://localhost:27027,mongodb://localhost:27028,mongodb://localhost:27029,mongodb://localhost:27030,mongodb://localhost:27031,mongodb://localhost:27032,mongodb://localhost:27033,mongodb://localhost:27034,mongodb://localhost:27035,mongodb://localhost:27036,mongodb://localhost:27037,mongodb://localhost:27038,mongodb://localhost:27039,mongodb://localhost:27040,mongodb://localhost:27041,mongodb://localhost:27042,mongodb://localhost:27043,mongodb://localhost:27044,mongodb://localhost:27045,mongodb://localhost:27046,mongodb://localhost:27047,mongodb://localhost:27048,mongodb://localhost:27049,mongodb://localhost:27050,mongodb://localhost:27051,mongodb://localhost:27052,mongodb://localhost:27053,mongodb://localhost:27054,mongodb://localhost:27055,mongodb://localhost:27056,mongodb://localhost:27057,mongodb://localhost:27058,mongodb://localhost:27059,mongodb://localhost:27060,mongodb://localhost:27061,mongodb://localhost:27062,mongodb://localhost:27063,mongodb://localhost:27064 --first_mode=true
mongodb://localhost:27017 mongodb://localhost:27018 mongodb://localhost:27019 mongodb://localhost:27020 mongodb://localhost:27021 mongodb://localhost:27022 mongodb://localhost:27023 mongodb://localhost:27024 mongodb://localhost:27025 mongodb://localhost:27026 mongodb://localhost:27027 mongodb://localhost:27028 mongodb://localhost:27029 mongodb://localhost:27030 mongodb://localhost:27031 mongodb://localhost:27032 mongodb://localhost:27033 mongodb://localhost:27034 mongodb://localhost:27035 mongodb://localhost:27036 mongodb://localhost:27037 mongodb://localhost:27038 mongodb://localhost:27039 mongodb://localhost:27040 mongodb://localhost:27041 mongodb://localhost:27042 mongodb://localhost:27043 mongodb://localhost:27044 mongodb://localhost:27045 mongodb://localhost:27046 mongodb://localhost:27047 mongodb://localhost:27048 mongodb://localhost:27049 mongodb://localhost:27050 mongodb://localhost:27051 mongodb://localhost:27052 mongodb://localhost:27053 mongodb://localhost:27054 mongodb://localhost:27055 mongodb://localhost:27056 mongodb://localhost:27057 mongodb://localhost:27058 mongodb://localhost:27059 mongodb://localhost:27060 mongodb://localhost:27061 mongodb://localhost:27062 mongodb://localhost:27063 mongodb://localhost:27064 reading workload files ...
load_filename : /home/gxr/mongodb-run/workloads/ycsb/workloada-load-10000000-10000000.log.formated
read load file needs: 981193278 s 
run_filename : /home/gxr/mongodb-run/workloads/ycsb/workloada-run-10000000-10000000.log.formated
read run file needs: 995533442 s 
num_of_load_ops is 1862736
num_of_run_ops is 1934501
0 1 2 3 4 5 6 7 8 9 10 11 24 25 26 27 28 29 30 31 32 33 34 35 12 13 14 15 16 17 18 19 20 21 22 23 36 37 38 39 40 41 42 43 44 45 46 47 URI: URI: URI: URI: URI: mongodb://localhost:27017mongodb://localhost:27017
URI: mongodb://localhost:27017mongodb://localhost:27017


mongodb://localhost:27017
URI: mongodb://localhost:27017
mongodb://localhost:27017
URI: mongodb://localhost:27017
URI: mongodb://localhost:27017
URI: mongodb://localhost:27017
Load workloads needs: 12673047578 ns 
[report] load_thread_ID : 3
[report] load_duration_ns : 12673047578
[report] load_duration_s : 12.673048
[report] load_throughput : 14698.358769
[report] load_average_latency_ns : 68034.806859
Load workloads needs: 12769929313 ns 
[report] load_thread_ID : 9
[report] load_duration_ns : 12769929313
[report] load_duration_s : 12.769929
[report] load_throughput : 14586.846601
[report] load_average_latency_ns : 68554.913020
Load workloads needs: 12889306259 ns 
[report] load_thread_ID : 8
[report] load_duration_ns : 12889306259
[report] load_duration_s : 12.889306
[report] load_throughput : 14451.747538
[report] load_average_latency_ns : 69195.783925
Load workloads needs: 12928428923 ns 
[report] load_thread_ID : 4
[report] load_duration_ns : 12928428923
[report] load_duration_s : 12.928429
[report] load_throughput : 14408.015166
[report] load_average_latency_ns : 69405.812560
Load workloads needs: 13057949887 ns 
[report] load_thread_ID : 7
[report] load_duration_ns : 13057949887
[report] load_duration_s : 13.057950
[report] load_throughput : 14265.102992
[report] load_average_latency_ns : 70101.141266
Load workloads needs: 13066601067 ns 
[report] load_thread_ID : 5
[report] load_duration_ns : 13066601067
[report] load_duration_s : 13.066601
[report] load_throughput : 14255.658304
[report] load_average_latency_ns : 70147.584819
Load workloads needs: 13256305557 ns 
[report] load_thread_ID : 0
[report] load_duration_ns : 13256305557
[report] load_duration_s : 13.256306
[report] load_throughput : 14051.652566
[report] load_average_latency_ns : 71166.006652
Load workloads needs: 13274253393 ns 
[report] load_thread_ID : 6
[report] load_duration_ns : 13274253393
[report] load_duration_s : 13.274253
[report] load_throughput : 14032.653625
[report] load_average_latency_ns : 71262.358973
Load workloads needs: 13283997122 ns 
[report] load_thread_ID : 1
[report] load_duration_ns : 13283997122
[report] load_duration_s : 13.283997
[report] load_throughput : 14022.360762
[report] load_average_latency_ns : 71314.667837
Load workloads needs: 13370344453 ns 
[report] load_thread_ID : 2
[report] load_duration_ns : 13370344453
[report] load_duration_s : 13.370344
[report] load_throughput : 13931.802629
[report] load_average_latency_ns : 71778.220424
All clients run done needs: 13370675413 ns 
[report] load_overall_duration_ns : 13370675413
[report] load_overall_duration_s : 13.370675
[report] load_overall_throughput : 139315.026539
[report] load_overall_average_latency_ns : 7177.976596
