numactl --membind=0 /home/gxr/mongodb-run/test_mongodb/build//run_client --num_threads=44 --core_binding=0,1,2,3,4,5,6,7,8,9,10,11,24,25,26,27,28,29,30,31,32,33,34,35,12,13,14,15,16,17,18,19,20,21,22,23,36,37,38,39,40,41,42,43,44,45,46,47 --str_key_size=16 --str_key_size=256 --load_file=/home/gxr/mongodb-run/workloads/ycsb/workloada-load-10000000-10000000.log.formated --run_file=/home/gxr/mongodb-run/workloads/ycsb/workloada-run-10000000-10000000.log.formated --URI_set=mongodb://localhost:27017,mongodb://localhost:27018,mongodb://localhost:27019,mongodb://localhost:27020,mongodb://localhost:27021,mongodb://localhost:27022,mongodb://localhost:27023,mongodb://localhost:27024,mongodb://localhost:27025,mongodb://localhost:27026,mongodb://localhost:27027,mongodb://localhost:27028,mongodb://localhost:27029,mongodb://localhost:27030,mongodb://localhost:27031,mongodb://localhost:27032,mongodb://localhost:27033,mongodb://localhost:27034,mongodb://localhost:27035,mongodb://localhost:27036,mongodb://localhost:27037,mongodb://localhost:27038,mongodb://localhost:27039,mongodb://localhost:27040,mongodb://localhost:27041,mongodb://localhost:27042,mongodb://localhost:27043,mongodb://localhost:27044,mongodb://localhost:27045,mongodb://localhost:27046,mongodb://localhost:27047,mongodb://localhost:27048,mongodb://localhost:27049,mongodb://localhost:27050,mongodb://localhost:27051,mongodb://localhost:27052,mongodb://localhost:27053,mongodb://localhost:27054,mongodb://localhost:27055,mongodb://localhost:27056,mongodb://localhost:27057,mongodb://localhost:27058,mongodb://localhost:27059,mongodb://localhost:27060,mongodb://localhost:27061,mongodb://localhost:27062,mongodb://localhost:27063,mongodb://localhost:27064 --first_mode=false
mongodb://localhost:27017 mongodb://localhost:27018 mongodb://localhost:27019 mongodb://localhost:27020 mongodb://localhost:27021 mongodb://localhost:27022 mongodb://localhost:27023 mongodb://localhost:27024 mongodb://localhost:27025 mongodb://localhost:27026 mongodb://localhost:27027 mongodb://localhost:27028 mongodb://localhost:27029 mongodb://localhost:27030 mongodb://localhost:27031 mongodb://localhost:27032 mongodb://localhost:27033 mongodb://localhost:27034 mongodb://localhost:27035 mongodb://localhost:27036 mongodb://localhost:27037 mongodb://localhost:27038 mongodb://localhost:27039 mongodb://localhost:27040 mongodb://localhost:27041 mongodb://localhost:27042 mongodb://localhost:27043 mongodb://localhost:27044 mongodb://localhost:27045 mongodb://localhost:27046 mongodb://localhost:27047 mongodb://localhost:27048 mongodb://localhost:27049 mongodb://localhost:27050 mongodb://localhost:27051 mongodb://localhost:27052 mongodb://localhost:27053 mongodb://localhost:27054 mongodb://localhost:27055 mongodb://localhost:27056 mongodb://localhost:27057 mongodb://localhost:27058 mongodb://localhost:27059 mongodb://localhost:27060 mongodb://localhost:27061 mongodb://localhost:27062 mongodb://localhost:27063 mongodb://localhost:27064 reading workload files ...
load_filename : /home/gxr/mongodb-run/workloads/ycsb/workloada-load-10000000-10000000.log.formated
read load file needs: 1157948239 s 
run_filename : /home/gxr/mongodb-run/workloads/ycsb/workloada-run-10000000-10000000.log.formated
read run file needs: 1029313639 s 
num_of_load_ops is 1862736
num_of_run_ops is 1934501
0 1 2 3 4 5 6 7 8 9 10 11 24 25 26 27 28 29 30 31 32 33 34 35 12 13 14 15 16 17 18 19 20 21 22 23 36 37 38 39 40 41 42 43 44 45 46 47 URI: URI: mongodb://localhost:27019
mongodb://localhost:27018URI: URI: URI: URI: mongodb://localhost:27022

URI: mongodb://localhost:27026
URI: mongodb://localhost:27023
mongodb://localhost:27024URI: mongodb://localhost:27020mongodb://localhost:27028
mongodb://localhost:27017URI: URI: 
mongodb://localhost:27025
URI: mongodb://localhost:27027
mongodb://localhost:27029URI: 

mongodb://localhost:27031
URI: URI: mongodb://localhost:27033
URI: mongodb://localhost:27032mongodb://localhost:27030

URI: mongodb://localhost:27021
URI: mongodb://localhost:27035
URI: mongodb://localhost:27034
URI: mongodb://localhost:27036
URI: mongodb://localhost:27037
URI: mongodb://localhost:27038
URI: mongodb://localhost:27039
URI: mongodb://localhost:27040

URI: mongodb://localhost:27041
URI: mongodb://localhost:27042
URI: mongodb://localhost:27043
URI: mongodb://localhost:27044
URI: mongodb://localhost:27045
URI: mongodb://localhost:27046
URI: mongodb://localhost:27051URI: URI: 
mongodb://localhost:27049
mongodb://localhost:27047
URI: mongodb://localhost:27053
URI: mongodb://localhost:27048
URI: mongodb://localhost:27052
URI: mongodb://localhost:27057
URI: mongodb://localhost:27060
URI: mongodb://localhost:27055
URI: mongodb://localhost:27058
URI: mongodb://localhost:27056
URI: mongodb://localhost:27054
URI: URI: mongodb://localhost:27050
mongodb://localhost:27059
Load workloads needs: 8082589679 ns 
[report] load_thread_ID : 42
[report] load_duration_ns : 8082589679
[report] load_duration_s : 8.082590
[report] load_throughput : 5237.677735
[report] load_average_latency_ns : 190924.308570
Load workloads needs: 8165307565 ns 
[report] load_thread_ID : 36
[report] load_duration_ns : 8165307565
[report] load_duration_s : 8.165308
[report] load_throughput : 5184.617929
[report] load_average_latency_ns : 192878.243610
Load workloads needs: 8191016655 ns 
[report] load_thread_ID : 37
[report] load_duration_ns : 8191016655
[report] load_duration_s : 8.191017
[report] load_throughput : 5168.345003
[report] load_average_latency_ns : 193485.535385
Load workloads needs: 8213244173 ns 
[report] load_thread_ID : 43
[report] load_duration_ns : 8213244173
[report] load_duration_s : 8.213244
[report] load_throughput : 5154.357901
[report] load_average_latency_ns : 194010.586597
Load workloads needs: 8268003101 ns 
[report] load_thread_ID : 30
[report] load_duration_ns : 8268003101
[report] load_duration_s : 8.268003
[report] load_throughput : 5120.220624
[report] load_average_latency_ns : 195304.084211
Load workloads needs: 8276278546 ns 
[report] load_thread_ID : 27
[report] load_duration_ns : 8276278546
[report] load_duration_s : 8.276279
[report] load_throughput : 5115.100919
[report] load_average_latency_ns : 195499.564086
Load workloads needs: 8276051078 ns 
[report] load_thread_ID : 35
[report] load_duration_ns : 8276051078
[report] load_duration_s : 8.276051
[report] load_throughput : 5115.241508
[report] load_average_latency_ns : 195494.190910
Load workloads needs: 8280052543 ns 
[report] load_thread_ID : 40
[report] load_duration_ns : 8280052543
[report] load_duration_s : 8.280053
[report] load_throughput : 5112.769488
[report] load_average_latency_ns : 195588.712217
Load workloads needs: 8570012585 ns 
[report] load_thread_ID : 28
[report] load_duration_ns : 8570012585
[report] load_duration_s : 8.570013
[report] load_throughput : 4939.782711
[report] load_average_latency_ns : 202438.054165
Load workloads needs: 8701388528 ns 
[report] load_thread_ID : 24
[report] load_duration_ns : 8701388528
[report] load_duration_s : 8.701389
[report] load_throughput : 4865.200521
[report] load_average_latency_ns : 205541.374026
Load workloads needs: 8818249775 ns 
[report] load_thread_ID : 39
[report] load_duration_ns : 8818249775
[report] load_duration_s : 8.818250
[report] load_throughput : 4800.725890
[report] load_average_latency_ns : 208301.832451
Load workloads needs: 8863567512 ns 
[report] load_thread_ID : 38
[report] load_duration_ns : 8863567512
[report] load_duration_s : 8.863568
[report] load_throughput : 4776.180691
[report] load_average_latency_ns : 209372.313318
Load workloads needs: 8885311689 ns 
[report] load_thread_ID : 25
[report] load_duration_ns : 8885311689
[report] load_duration_s : 8.885312
[report] load_throughput : 4764.492398
[report] load_average_latency_ns : 209885.947206
Load workloads needs: 8917860785 ns 
[report] load_thread_ID : 41
[report] load_duration_ns : 8917860785
[report] load_duration_s : 8.917861
[report] load_throughput : 4747.102587
[report] load_average_latency_ns : 210654.811381
Load workloads needs: 8924405449 ns 
[report] load_thread_ID : 29
[report] load_duration_ns : 8924405449
[report] load_duration_s : 8.924405
[report] load_throughput : 4743.621325
[report] load_average_latency_ns : 210809.407309
Load workloads needs: 8966229395 ns 
[report] load_thread_ID : 33
[report] load_duration_ns : 8966229395
[report] load_duration_s : 8.966229
[report] load_throughput : 4721.494191
[report] load_average_latency_ns : 211797.358979
Load workloads needs: 8971804165 ns 
[report] load_thread_ID : 26
[report] load_duration_ns : 8971804165
[report] load_duration_s : 8.971804
[report] load_throughput : 4718.560417
[report] load_average_latency_ns : 211929.044385
Load workloads needs: 9033348606 ns 
[report] load_thread_ID : 31
[report] load_duration_ns : 9033348606
[report] load_duration_s : 9.033349
[report] load_throughput : 4686.412741
[report] load_average_latency_ns : 213382.827184
Load workloads needs: 9112206067 ns 
[report] load_thread_ID : 32
[report] load_duration_ns : 9112206067
[report] load_duration_s : 9.112206
[report] load_throughput : 4645.856304
[report] load_average_latency_ns : 215245.572519
Load workloads needs: 9131572298 ns 
[report] load_thread_ID : 34
[report] load_duration_ns : 9131572298
[report] load_duration_s : 9.131572
[report] load_throughput : 4636.003376
[report] load_average_latency_ns : 215703.035338
Load workloads needs: 10013118832 ns 
[report] load_thread_ID : 10
[report] load_duration_ns : 10013118832
[report] load_duration_s : 10.013119
[report] load_throughput : 4227.853550
[report] load_average_latency_ns : 236526.641281
Load workloads needs: 10037376331 ns 
[report] load_thread_ID : 22
[report] load_duration_ns : 10037376331
[report] load_duration_s : 10.037376
[report] load_throughput : 4217.636024
[report] load_average_latency_ns : 237099.644045
Load workloads needs: 10105553812 ns 
[report] load_thread_ID : 14
[report] load_duration_ns : 10105553812
[report] load_duration_s : 10.105554
[report] load_throughput : 4189.181591
[report] load_average_latency_ns : 238710.110360
Load workloads needs: 10166643184 ns 
[report] load_thread_ID : 11
[report] load_duration_ns : 10166643184
[report] load_duration_s : 10.166643
[report] load_throughput : 4164.009618
[report] load_average_latency_ns : 240153.143667
Load workloads needs: 10176414735 ns 
[report] load_thread_ID : 6
[report] load_duration_ns : 10176414735
[report] load_duration_s : 10.176415
[report] load_throughput : 4160.011271
[report] load_average_latency_ns : 240383.964071
Load workloads needs: 10180480629 ns 
[report] load_thread_ID : 8
[report] load_duration_ns : 10180480629
[report] load_duration_s : 10.180481
[report] load_throughput : 4158.349841
[report] load_average_latency_ns : 240480.007299
Load workloads needs: 10217112721 ns 
[report] load_thread_ID : 2
[report] load_duration_ns : 10217112721
[report] load_duration_s : 10.217113
[report] load_throughput : 4143.440633
[report] load_average_latency_ns : 241345.318680
Load workloads needs: 10251671935 ns 
[report] load_thread_ID : 12
[report] load_duration_ns : 10251671935
[report] load_duration_s : 10.251672
[report] load_throughput : 4129.472760
[report] load_average_latency_ns : 242161.665210
Load workloads needs: 10261236471 ns 
[report] load_thread_ID : 23
[report] load_duration_ns : 10261236471
[report] load_duration_s : 10.261236
[report] load_throughput : 4125.623663
[report] load_average_latency_ns : 242387.595573
Load workloads needs: 10311342453 ns 
[report] load_thread_ID : 1
[report] load_duration_ns : 10311342453
[report] load_duration_s : 10.311342
[report] load_throughput : 4105.575990
[report] load_average_latency_ns : 243571.182808
Load workloads needs: 10326315484 ns 
[report] load_thread_ID : 21
[report] load_duration_ns : 10326315484
[report] load_duration_s : 10.326315
[report] load_throughput : 4099.622955
[report] load_average_latency_ns : 243924.870884
Load workloads needs: 10379911817 ns 
[report] load_thread_ID : 19
[report] load_duration_ns : 10379911817
[report] load_duration_s : 10.379912
[report] load_throughput : 4078.454687
[report] load_average_latency_ns : 245190.906057
Load workloads needs: 10389202617 ns 
[report] load_thread_ID : 16
[report] load_duration_ns : 10389202617
[report] load_duration_s : 10.389203
[report] load_throughput : 4074.807429
[report] load_average_latency_ns : 245410.370317
Load workloads needs: 10432245677 ns 
[report] load_thread_ID : 17
[report] load_duration_ns : 10432245677
[report] load_duration_s : 10.432246
[report] load_throughput : 4057.994924
[report] load_average_latency_ns : 246427.119502
Load workloads needs: 10436298820 ns 
[report] load_thread_ID : 20
[report] load_duration_ns : 10436298820
[report] load_duration_s : 10.436299
[report] load_throughput : 4056.418921
[report] load_average_latency_ns : 246522.861530
Load workloads needs: 10448659293 ns 
[report] load_thread_ID : 15
[report] load_duration_ns : 10448659293
[report] load_duration_s : 10.448659
[report] load_throughput : 4051.620290
[report] load_average_latency_ns : 246814.836609
Load workloads needs: 10449179677 ns 
[report] load_thread_ID : 7
[report] load_duration_ns : 10449179677
[report] load_duration_s : 10.449180
[report] load_throughput : 4051.418514
[report] load_average_latency_ns : 246827.128951
Load workloads needs: 10452186191 ns 
[report] load_thread_ID : 0
[report] load_duration_ns : 10452186191
[report] load_duration_s : 10.452186
[report] load_throughput : 4050.253146
[report] load_average_latency_ns : 246898.147848
Load workloads needs: 10453359310 ns 
[report] load_thread_ID : 13
[report] load_duration_ns : 10453359310
[report] load_duration_s : 10.453359
[report] load_throughput : 4049.798610
[report] load_average_latency_ns : 246925.858884
Load workloads needs: 10456891949 ns 
[report] load_thread_ID : 4
[report] load_duration_ns : 10456891949
[report] load_duration_s : 10.456892
[report] load_throughput : 4048.430471
[report] load_average_latency_ns : 247009.305735
Load workloads needs: 10468172828 ns 
[report] load_thread_ID : 3
[report] load_duration_ns : 10468172828
[report] load_duration_s : 10.468173
[report] load_throughput : 4044.067737
[report] load_average_latency_ns : 247275.778996
Load workloads needs: 10481669700 ns 
[report] load_thread_ID : 9
[report] load_duration_ns : 10481669700
[report] load_duration_s : 10.481670
[report] load_throughput : 4038.860335
[report] load_average_latency_ns : 247594.597723
Load workloads needs: 10500706791 ns 
[report] load_thread_ID : 18
[report] load_duration_ns : 10500706791
[report] load_duration_s : 10.500707
[report] load_throughput : 4031.538147
[report] load_average_latency_ns : 248044.285704
Load workloads needs: 10569073935 ns 
[report] load_thread_ID : 5
[report] load_duration_ns : 10569073935
[report] load_duration_s : 10.569074
[report] load_throughput : 4005.459727
[report] load_average_latency_ns : 249659.232177
All clients run done needs: 10568239979 ns 
[report] load_overall_duration_ns : 10568239979
[report] load_overall_duration_s : 10.568240
[report] load_overall_throughput : 176257.920307
[report] load_overall_average_latency_ns : 5673.503910
