numactl --membind=0 /home/gxr/mongodb-run/test_mongodb/build//run_client --num_threads=26 --core_binding=0,1,2,3,4,5,6,7,8,9,10,11,24,25,26,27,28,29,30,31,32,33,34,35,12,13,14,15,16,17,18,19,20,21,22,23,36,37,38,39,40,41,42,43,44,45,46,47 --str_key_size=16 --str_key_size=256 --load_file=/home/gxr/mongodb-run/workloads/ycsb/workloada-load-10000000-10000000.log.formated --run_file=/home/gxr/mongodb-run/workloads/ycsb/workloada-run-10000000-10000000.log.formated --URI_set=mongodb://localhost:27017,mongodb://localhost:27018,mongodb://localhost:27019,mongodb://localhost:27020,mongodb://localhost:27021,mongodb://localhost:27022,mongodb://localhost:27023,mongodb://localhost:27024,mongodb://localhost:27025,mongodb://localhost:27026,mongodb://localhost:27027,mongodb://localhost:27028,mongodb://localhost:27029,mongodb://localhost:27030,mongodb://localhost:27031,mongodb://localhost:27032,mongodb://localhost:27033,mongodb://localhost:27034,mongodb://localhost:27035,mongodb://localhost:27036,mongodb://localhost:27037,mongodb://localhost:27038,mongodb://localhost:27039,mongodb://localhost:27040,mongodb://localhost:27041,mongodb://localhost:27042,mongodb://localhost:27043,mongodb://localhost:27044,mongodb://localhost:27045,mongodb://localhost:27046,mongodb://localhost:27047,mongodb://localhost:27048,mongodb://localhost:27049,mongodb://localhost:27050,mongodb://localhost:27051,mongodb://localhost:27052,mongodb://localhost:27053,mongodb://localhost:27054,mongodb://localhost:27055,mongodb://localhost:27056,mongodb://localhost:27057,mongodb://localhost:27058,mongodb://localhost:27059,mongodb://localhost:27060,mongodb://localhost:27061,mongodb://localhost:27062,mongodb://localhost:27063,mongodb://localhost:27064 --first_mode=true
mongodb://localhost:27017 mongodb://localhost:27018 mongodb://localhost:27019 mongodb://localhost:27020 mongodb://localhost:27021 mongodb://localhost:27022 mongodb://localhost:27023 mongodb://localhost:27024 mongodb://localhost:27025 mongodb://localhost:27026 mongodb://localhost:27027 mongodb://localhost:27028 mongodb://localhost:27029 mongodb://localhost:27030 mongodb://localhost:27031 mongodb://localhost:27032 mongodb://localhost:27033 mongodb://localhost:27034 mongodb://localhost:27035 mongodb://localhost:27036 mongodb://localhost:27037 mongodb://localhost:27038 mongodb://localhost:27039 mongodb://localhost:27040 mongodb://localhost:27041 mongodb://localhost:27042 mongodb://localhost:27043 mongodb://localhost:27044 mongodb://localhost:27045 mongodb://localhost:27046 mongodb://localhost:27047 mongodb://localhost:27048 mongodb://localhost:27049 mongodb://localhost:27050 mongodb://localhost:27051 mongodb://localhost:27052 mongodb://localhost:27053 mongodb://localhost:27054 mongodb://localhost:27055 mongodb://localhost:27056 mongodb://localhost:27057 mongodb://localhost:27058 mongodb://localhost:27059 mongodb://localhost:27060 mongodb://localhost:27061 mongodb://localhost:27062 mongodb://localhost:27063 mongodb://localhost:27064 reading workload files ...
load_filename : /home/gxr/mongodb-run/workloads/ycsb/workloada-load-10000000-10000000.log.formated
read load file needs: 986812870 s 
run_filename : /home/gxr/mongodb-run/workloads/ycsb/workloada-run-10000000-10000000.log.formated
read run file needs: 1032591810 s 
num_of_load_ops is 1862736
num_of_run_ops is 1934501
0 1 2 3 4 5 6 7 8 9 10 11 24 25 26 27 28 29 30 31 32 33 34 35 12 13 14 15 16 17 18 19 20 21 22 23 36 37 38 39 40 41 42 43 44 45 46 47 URI: mongodb://localhost:27017URI: mongodb://localhost:27017
URI: mongodb://localhost:27017
URI: mongodb://localhost:27017
URI: URI: URI: mongodb://localhost:27017
URI: mongodb://localhost:27017URI: mongodb://localhost:27017mongodb://localhost:27017


mongodb://localhost:27017
URI: mongodb://localhost:27017

URI: mongodb://localhost:27017
URI: mongodb://localhost:27017
URI: mongodb://localhost:27017
URI: URI: mongodb://localhost:27017
mongodb://localhost:27017
URI: mongodb://localhost:27017
URI: mongodb://localhost:27017
URI: mongodb://localhost:27017
URI: mongodb://localhost:27017
URI: mongodb://localhost:27017
URI: mongodb://localhost:27017
URI: mongodb://localhost:27017
URI: mongodb://localhost:27017
URI: mongodb://localhost:27017
URI: mongodb://localhost:27017
URI: mongodb://localhost:27017
Load workloads needs: 8630282184 ns 
[report] load_thread_ID : 25
[report] load_duration_ns : 8630282184
[report] load_duration_s : 8.630282
[report] load_throughput : 8301.350810
[report] load_average_latency_ns : 120462.322683
Load workloads needs: 8694852913 ns 
[report] load_thread_ID : 24
[report] load_duration_ns : 8694852913
[report] load_duration_s : 8.694853
[report] load_throughput : 8239.702352
[report] load_average_latency_ns : 121363.607233
Load workloads needs: 9015326398 ns 
[report] load_thread_ID : 18
[report] load_duration_ns : 9015326398
[report] load_duration_s : 9.015326
[report] load_throughput : 7946.800464
[report] load_average_latency_ns : 125836.807476
Load workloads needs: 9057250069 ns 
[report] load_thread_ID : 22
[report] load_duration_ns : 9057250069
[report] load_duration_s : 9.057250
[report] load_throughput : 7910.016777
[report] load_average_latency_ns : 126421.982176
Load workloads needs: 9078936545 ns 
[report] load_thread_ID : 16
[report] load_duration_ns : 9078936545
[report] load_duration_s : 9.078937
[report] load_throughput : 7891.122451
[report] load_average_latency_ns : 126724.684128
Load workloads needs: 9088458701 ns 
[report] load_thread_ID : 10
[report] load_duration_ns : 9088458701
[report] load_duration_s : 9.088459
[report] load_throughput : 7882.854767
[report] load_average_latency_ns : 126857.595313
Load workloads needs: 9091023323 ns 
[report] load_thread_ID : 4
[report] load_duration_ns : 9091023323
[report] load_duration_s : 9.091023
[report] load_throughput : 7880.630976
[report] load_average_latency_ns : 126893.392558
Load workloads needs: 9091371068 ns 
[report] load_thread_ID : 17
[report] load_duration_ns : 9091371068
[report] load_duration_s : 9.091371
[report] load_throughput : 7880.329542
[report] load_average_latency_ns : 126898.246416
Load workloads needs: 9118150333 ns 
[report] load_thread_ID : 19
[report] load_duration_ns : 9118150333
[report] load_duration_s : 9.118150
[report] load_throughput : 7857.185655
[report] load_average_latency_ns : 127272.034016
Load workloads needs: 9154416924 ns 
[report] load_thread_ID : 15
[report] load_duration_ns : 9154416924
[report] load_duration_s : 9.154417
[report] load_throughput : 7826.058240
[report] load_average_latency_ns : 127778.246640
Load workloads needs: 9168424690 ns 
[report] load_thread_ID : 12
[report] load_duration_ns : 9168424690
[report] load_duration_s : 9.168425
[report] load_throughput : 7814.101378
[report] load_average_latency_ns : 127973.768407
Load workloads needs: 9178489374 ns 
[report] load_thread_ID : 20
[report] load_duration_ns : 9178489374
[report] load_duration_s : 9.178489
[report] load_throughput : 7805.532815
[report] load_average_latency_ns : 128114.252251
Load workloads needs: 9184941035 ns 
[report] load_thread_ID : 5
[report] load_duration_ns : 9184941035
[report] load_duration_s : 9.184941
[report] load_throughput : 7800.050074
[report] load_average_latency_ns : 128204.305166
Load workloads needs: 9185635255 ns 
[report] load_thread_ID : 13
[report] load_duration_ns : 9185635255
[report] load_duration_s : 9.185635
[report] load_throughput : 7799.460572
[report] load_average_latency_ns : 128213.995157
Load workloads needs: 9206746765 ns 
[report] load_thread_ID : 8
[report] load_duration_ns : 9206746765
[report] load_duration_s : 9.206747
[report] load_throughput : 7781.576036
[report] load_average_latency_ns : 128508.671678
Load workloads needs: 9207465668 ns 
[report] load_thread_ID : 23
[report] load_duration_ns : 9207465668
[report] load_duration_s : 9.207466
[report] load_throughput : 7780.968464
[report] load_average_latency_ns : 128518.706196
Load workloads needs: 9212863889 ns 
[report] load_thread_ID : 2
[report] load_duration_ns : 9212863889
[report] load_duration_s : 9.212864
[report] load_throughput : 7776.409254
[report] load_average_latency_ns : 128594.055093
Load workloads needs: 9215035856 ns 
[report] load_thread_ID : 21
[report] load_duration_ns : 9215035856
[report] load_duration_s : 9.215036
[report] load_throughput : 7774.576368
[report] load_average_latency_ns : 128624.371620
Load workloads needs: 9218528900 ns 
[report] load_thread_ID : 11
[report] load_duration_ns : 9218528900
[report] load_duration_s : 9.218529
[report] load_throughput : 7771.630460
[report] load_average_latency_ns : 128673.127870
Load workloads needs: 9222220409 ns 
[report] load_thread_ID : 3
[report] load_duration_ns : 9222220409
[report] load_duration_s : 9.222220
[report] load_throughput : 7768.519600
[report] load_average_latency_ns : 128724.654314
Load workloads needs: 9233375454 ns 
[report] load_thread_ID : 0
[report] load_duration_ns : 9233375454
[report] load_duration_s : 9.233375
[report] load_throughput : 7759.134279
[report] load_average_latency_ns : 128880.357523
Load workloads needs: 9240675119 ns 
[report] load_thread_ID : 9
[report] load_duration_ns : 9240675119
[report] load_duration_s : 9.240675
[report] load_throughput : 7753.004957
[report] load_average_latency_ns : 128982.246961
Load workloads needs: 9243061339 ns 
[report] load_thread_ID : 1
[report] load_duration_ns : 9243061339
[report] load_duration_s : 9.243061
[report] load_throughput : 7751.003415
[report] load_average_latency_ns : 129015.554053
Load workloads needs: 9261844594 ns 
[report] load_thread_ID : 14
[report] load_duration_ns : 9261844594
[report] load_duration_s : 9.261845
[report] load_throughput : 7735.284184
[report] load_average_latency_ns : 129277.732563
Load workloads needs: 9289657566 ns 
[report] load_thread_ID : 6
[report] load_duration_ns : 9289657566
[report] load_duration_s : 9.289658
[report] load_throughput : 7712.124962
[report] load_average_latency_ns : 129665.948746
Load workloads needs: 9306031256 ns 
[report] load_thread_ID : 7
[report] load_duration_ns : 9306031256
[report] load_duration_s : 9.306031
[report] load_throughput : 7698.555703
[report] load_average_latency_ns : 129894.494312
All clients run done needs: 9305960549 ns 
[report] load_overall_duration_ns : 9305960549
[report] load_overall_duration_s : 9.305961
[report] load_overall_throughput : 200165.903368
[report] load_overall_average_latency_ns : 4995.855853
