numactl --membind=4 /mnt/nvme0/home/gxr/mongdb-run/test_mongodb/build//run_client --num_threads=4 --core_binding=0,1,2,3,4,5,6,7,8,9,10,11,12,13,14,15,128,129,130,131,132,133,134,135,136,137,138,139,140,141,142,143 --str_key_size=16 --str_key_size=256 --load_file=/mnt/nvme0/home/gxr/mongdb-run/workloads/ycsb/workloada-load-10000000-10000000.log.formated --run_file=/mnt/nvme0/home/gxr/mongdb-run/workloads/ycsb/workloada-run-10000000-10000000.log.formated --URI_set=mongodb://localhost:27017,mongodb://localhost:27018,mongodb://localhost:27019,mongodb://localhost:27020,mongodb://localhost:27021,mongodb://localhost:27022,mongodb://localhost:27023,mongodb://localhost:27024,mongodb://localhost:27025,mongodb://localhost:27026,mongodb://localhost:27027,mongodb://localhost:27028,mongodb://localhost:27029,mongodb://localhost:27030,mongodb://localhost:27031,mongodb://localhost:27032,mongodb://localhost:27033,mongodb://localhost:27034,mongodb://localhost:27035,mongodb://localhost:27036,mongodb://localhost:27037,mongodb://localhost:27038,mongodb://localhost:27039,mongodb://localhost:27040,mongodb://localhost:27041,mongodb://localhost:27042,mongodb://localhost:27043,mongodb://localhost:27044,mongodb://localhost:27045,mongodb://localhost:27046 --first_mode=false
mongodb://localhost:27017 mongodb://localhost:27018 mongodb://localhost:27019 mongodb://localhost:27020 mongodb://localhost:27021 mongodb://localhost:27022 mongodb://localhost:27023 mongodb://localhost:27024 mongodb://localhost:27025 mongodb://localhost:27026 mongodb://localhost:27027 mongodb://localhost:27028 mongodb://localhost:27029 mongodb://localhost:27030 mongodb://localhost:27031 mongodb://localhost:27032 mongodb://localhost:27033 mongodb://localhost:27034 mongodb://localhost:27035 mongodb://localhost:27036 mongodb://localhost:27037 mongodb://localhost:27038 mongodb://localhost:27039 mongodb://localhost:27040 mongodb://localhost:27041 mongodb://localhost:27042 mongodb://localhost:27043 mongodb://localhost:27044 mongodb://localhost:27045 mongodb://localhost:27046 reading workload files ...
load_filename : /mnt/nvme0/home/gxr/mongdb-run/workloads/ycsb/workloada-load-10000000-10000000.log.formated
read load file needs: 4911792898 s 
run_filename : /mnt/nvme0/home/gxr/mongdb-run/workloads/ycsb/workloada-run-10000000-10000000.log.formated
read run file needs: 5090732364 s 
num_of_load_ops is 10000000
num_of_run_ops is 10000000
0 1 2 3 4 5 6 7 8 9 10 11 12 13 14 15 128 129 130 131 132 133 134 135 136 137 138 139 140 141 142 143 URI: URI: URI: mongodb://localhost:27020mongodb://localhost:27018
mongodb://localhost:27017

URI: mongodb://localhost:27019
Load workloads needs: 271502650860 ns 
[report] load_thread_ID : 3
[report] load_duration_ns : 271502650860
[report] load_duration_s : 271.502651
[report] load_throughput : 9208.013226
[report] load_average_latency_ns : 108601.060344
Load workloads needs: 273384886362 ns 
[report] load_thread_ID : 2
[report] load_duration_ns : 273384886362
[report] load_duration_s : 273.384886
[report] load_throughput : 9144.616710
[report] load_average_latency_ns : 109353.954545
Load workloads needs: 273731642273 ns 
[report] load_thread_ID : 0
[report] load_duration_ns : 273731642273
[report] load_duration_s : 273.731642
[report] load_throughput : 9133.032554
[report] load_average_latency_ns : 109492.656909
Load workloads needs: 275576678048 ns 
[report] load_thread_ID : 1
[report] load_duration_ns : 275576678048
[report] load_duration_s : 275.576678
[report] load_throughput : 9071.885247
[report] load_average_latency_ns : 110230.671219
All clients run done needs: 275577944053 ns 
[report] load_overall_duration_ns : 275577944053
[report] load_overall_duration_s : 275.577944
[report] load_overall_throughput : 36287.374283
[report] load_overall_average_latency_ns : 27557.794405
