numactl --membind=4 /mnt/nvme0/home/gxr/mongdb-run/test_mongodb/build//run_client --num_threads=4 --core_binding=0,1,2,3,4,5,6,7,8,9,10,11,12,13,14,15,128,129,130,131,132,133,134,135,136,137,138,139,140,141,142,143 --str_key_size=16 --str_key_size=1024 --load_file=/mnt/nvme0/home/gxr/mongdb-run/workloads/ycsb/workloada-load-10000000-10000000.log.formated --run_file=/mnt/nvme0/home/gxr/mongdb-run/workloads/ycsb/workloada-run-10000000-10000000.log.formated --URI_set=mongodb://localhost:27017,mongodb://localhost:27018,mongodb://localhost:27019,mongodb://localhost:27020,mongodb://localhost:27021,mongodb://localhost:27022,mongodb://localhost:27023,mongodb://localhost:27024,mongodb://localhost:27025,mongodb://localhost:27026,mongodb://localhost:27027,mongodb://localhost:27028,mongodb://localhost:27029,mongodb://localhost:27030,mongodb://localhost:27031,mongodb://localhost:27032,mongodb://localhost:27033,mongodb://localhost:27034,mongodb://localhost:27035,mongodb://localhost:27036,mongodb://localhost:27037,mongodb://localhost:27038,mongodb://localhost:27039,mongodb://localhost:27040,mongodb://localhost:27041,mongodb://localhost:27042,mongodb://localhost:27043,mongodb://localhost:27044,mongodb://localhost:27045,mongodb://localhost:27046 --first_mode=false
mongodb://localhost:27017 mongodb://localhost:27018 mongodb://localhost:27019 mongodb://localhost:27020 mongodb://localhost:27021 mongodb://localhost:27022 mongodb://localhost:27023 mongodb://localhost:27024 mongodb://localhost:27025 mongodb://localhost:27026 mongodb://localhost:27027 mongodb://localhost:27028 mongodb://localhost:27029 mongodb://localhost:27030 mongodb://localhost:27031 mongodb://localhost:27032 mongodb://localhost:27033 mongodb://localhost:27034 mongodb://localhost:27035 mongodb://localhost:27036 mongodb://localhost:27037 mongodb://localhost:27038 mongodb://localhost:27039 mongodb://localhost:27040 mongodb://localhost:27041 mongodb://localhost:27042 mongodb://localhost:27043 mongodb://localhost:27044 mongodb://localhost:27045 mongodb://localhost:27046 reading workload files ...
load_filename : /mnt/nvme0/home/gxr/mongdb-run/workloads/ycsb/workloada-load-10000000-10000000.log.formated
read load file needs: 4934412554 s 
run_filename : /mnt/nvme0/home/gxr/mongdb-run/workloads/ycsb/workloada-run-10000000-10000000.log.formated
read run file needs: 5059422302 s 
num_of_load_ops is 10000000
num_of_run_ops is 10000000
0 1 2 3 4 5 6 7 8 9 10 11 12 13 14 15 128 129 130 131 132 133 134 135 136 137 138 139 140 141 142 143 URI: mongodb://localhost:27018
URI: mongodb://localhost:27019
URI: mongodb://localhost:27017
URI: mongodb://localhost:27020
Load workloads needs: 272703164873 ns 
[report] load_thread_ID : 2
[report] load_duration_ns : 272703164873
[report] load_duration_s : 272.703165
[report] load_throughput : 9167.477030
[report] load_average_latency_ns : 109081.265949
Load workloads needs: 272801639028 ns 
[report] load_thread_ID : 1
[report] load_duration_ns : 272801639028
[report] load_duration_s : 272.801639
[report] load_throughput : 9164.167814
[report] load_average_latency_ns : 109120.655611
Load workloads needs: 273704187001 ns 
[report] load_thread_ID : 3
[report] load_duration_ns : 273704187001
[report] load_duration_s : 273.704187
[report] load_throughput : 9133.948689
[report] load_average_latency_ns : 109481.674800
Load workloads needs: 276939800292 ns 
[report] load_thread_ID : 0
[report] load_duration_ns : 276939800292
[report] load_duration_s : 276.939800
[report] load_throughput : 9027.232624
[report] load_average_latency_ns : 110775.920117
All clients run done needs: 276941022796 ns 
[report] load_overall_duration_ns : 276941022796
[report] load_overall_duration_s : 276.941023
[report] load_overall_throughput : 36108.771099
[report] load_overall_average_latency_ns : 27694.102280
