numactl --membind=4 /mnt/nvme0/home/gxr/mongdb-run/test_mongodb/build//run_client --num_threads=16 --core_binding=0,1,2,3,4,5,6,7,8,9,10,11,12,13,14,15,128,129,130,131,132,133,134,135,136,137,138,139,140,141,142,143 --str_key_size=16 --str_key_size=1024 --load_file=/mnt/nvme0/home/gxr/mongdb-run/workloads/ycsb/workloada-load-10000000-10000000.log.formated --run_file=/mnt/nvme0/home/gxr/mongdb-run/workloads/ycsb/workloada-run-10000000-10000000.log.formated --URI_set=mongodb://localhost:27017,mongodb://localhost:27018,mongodb://localhost:27019,mongodb://localhost:27020,mongodb://localhost:27021,mongodb://localhost:27022,mongodb://localhost:27023,mongodb://localhost:27024,mongodb://localhost:27025,mongodb://localhost:27026,mongodb://localhost:27027,mongodb://localhost:27028,mongodb://localhost:27029,mongodb://localhost:27030,mongodb://localhost:27031,mongodb://localhost:27032,mongodb://localhost:27033,mongodb://localhost:27034,mongodb://localhost:27035,mongodb://localhost:27036,mongodb://localhost:27037,mongodb://localhost:27038,mongodb://localhost:27039,mongodb://localhost:27040,mongodb://localhost:27041,mongodb://localhost:27042,mongodb://localhost:27043,mongodb://localhost:27044,mongodb://localhost:27045,mongodb://localhost:27046 --first_mode=false
mongodb://localhost:27017 mongodb://localhost:27018 mongodb://localhost:27019 mongodb://localhost:27020 mongodb://localhost:27021 mongodb://localhost:27022 mongodb://localhost:27023 mongodb://localhost:27024 mongodb://localhost:27025 mongodb://localhost:27026 mongodb://localhost:27027 mongodb://localhost:27028 mongodb://localhost:27029 mongodb://localhost:27030 mongodb://localhost:27031 mongodb://localhost:27032 mongodb://localhost:27033 mongodb://localhost:27034 mongodb://localhost:27035 mongodb://localhost:27036 mongodb://localhost:27037 mongodb://localhost:27038 mongodb://localhost:27039 mongodb://localhost:27040 mongodb://localhost:27041 mongodb://localhost:27042 mongodb://localhost:27043 mongodb://localhost:27044 mongodb://localhost:27045 mongodb://localhost:27046 reading workload files ...
load_filename : /mnt/nvme0/home/gxr/mongdb-run/workloads/ycsb/workloada-load-10000000-10000000.log.formated
read load file needs: 5015072159 s 
run_filename : /mnt/nvme0/home/gxr/mongdb-run/workloads/ycsb/workloada-run-10000000-10000000.log.formated
read run file needs: 5121246979 s 
num_of_load_ops is 10000000
num_of_run_ops is 10000000
0 1 2 3 4 5 6 7 8 9 10 11 12 13 14 15 128 129 130 131 132 133 134 135 136 137 138 139 140 141 142 143 URI: URI: mongodb://localhost:27017
mongodb://localhost:27019
URI: mongodb://localhost:27018
URI: mongodb://localhost:27022
URI: mongodb://localhost:27023
URI: URI: mongodb://localhost:27020
mongodb://localhost:27021
URI: mongodb://localhost:27024
URI: URI: URI: URI: mongodb://localhost:27031
URI: mongodb://localhost:27027
mongodb://localhost:27030
mongodb://localhost:27026
URI: mongodb://localhost:27025
URI: mongodb://localhost:27029
mongodb://localhost:27028
URI: mongodb://localhost:27032
Load workloads needs: 102848114952 ns 
[report] load_thread_ID : 13
[report] load_duration_ns : 102848114952
[report] load_duration_s : 102.848115
[report] load_throughput : 6076.922268
[report] load_average_latency_ns : 164556.983923
Load workloads needs: 104236156192 ns 
[report] load_thread_ID : 2
[report] load_duration_ns : 104236156192
[report] load_duration_s : 104.236156
[report] load_throughput : 5996.000072
[report] load_average_latency_ns : 166777.849907
Load workloads needs: 105434349170 ns 
[report] load_thread_ID : 14
[report] load_duration_ns : 105434349170
[report] load_duration_s : 105.434349
[report] load_throughput : 5927.859421
[report] load_average_latency_ns : 168694.958672
Load workloads needs: 105507729054 ns 
[report] load_thread_ID : 15
[report] load_duration_ns : 105507729054
[report] load_duration_s : 105.507729
[report] load_throughput : 5923.736636
[report] load_average_latency_ns : 168812.366486
Load workloads needs: 106698129272 ns 
[report] load_thread_ID : 8
[report] load_duration_ns : 106698129272
[report] load_duration_s : 106.698129
[report] load_throughput : 5857.647217
[report] load_average_latency_ns : 170717.006835
Load workloads needs: 106854510764 ns 
[report] load_thread_ID : 9
[report] load_duration_ns : 106854510764
[report] load_duration_s : 106.854511
[report] load_throughput : 5849.074555
[report] load_average_latency_ns : 170967.217222
Load workloads needs: 107267771817 ns 
[report] load_thread_ID : 10
[report] load_duration_ns : 107267771817
[report] load_duration_s : 107.267772
[report] load_throughput : 5826.540343
[report] load_average_latency_ns : 171628.434907
Load workloads needs: 107411095476 ns 
[report] load_thread_ID : 11
[report] load_duration_ns : 107411095476
[report] load_duration_s : 107.411095
[report] load_throughput : 5818.765717
[report] load_average_latency_ns : 171857.752762
Load workloads needs: 107771253747 ns 
[report] load_thread_ID : 6
[report] load_duration_ns : 107771253747
[report] load_duration_s : 107.771254
[report] load_throughput : 5799.320118
[report] load_average_latency_ns : 172434.005995
Load workloads needs: 107787014453 ns 
[report] load_thread_ID : 12
[report] load_duration_ns : 107787014453
[report] load_duration_s : 107.787014
[report] load_throughput : 5798.472137
[report] load_average_latency_ns : 172459.223125
Load workloads needs: 107887421372 ns 
[report] load_thread_ID : 7
[report] load_duration_ns : 107887421372
[report] load_duration_s : 107.887421
[report] load_throughput : 5793.075708
[report] load_average_latency_ns : 172619.874195
Load workloads needs: 108212688161 ns 
[report] load_thread_ID : 0
[report] load_duration_ns : 108212688161
[report] load_duration_s : 108.212688
[report] load_throughput : 5775.662823
[report] load_average_latency_ns : 173140.301058
Load workloads needs: 108335960445 ns 
[report] load_thread_ID : 5
[report] load_duration_ns : 108335960445
[report] load_duration_s : 108.335960
[report] load_throughput : 5769.090867
[report] load_average_latency_ns : 173337.536712
Load workloads needs: 108531090158 ns 
[report] load_thread_ID : 4
[report] load_duration_ns : 108531090158
[report] load_duration_s : 108.531090
[report] load_throughput : 5758.718530
[report] load_average_latency_ns : 173649.744253
Load workloads needs: 108580078271 ns 
[report] load_thread_ID : 1
[report] load_duration_ns : 108580078271
[report] load_duration_s : 108.580078
[report] load_throughput : 5756.120367
[report] load_average_latency_ns : 173728.125234
Load workloads needs: 108793993852 ns 
[report] load_thread_ID : 3
[report] load_duration_ns : 108793993852
[report] load_duration_s : 108.793994
[report] load_throughput : 5744.802428
[report] load_average_latency_ns : 174070.390163
All clients run done needs: 108794319931 ns 
[report] load_overall_duration_ns : 108794319931
[report] load_overall_duration_s : 108.794320
[report] load_overall_throughput : 91916.563349
[report] load_overall_average_latency_ns : 10879.431993
