numactl --membind=4 /mnt/nvme0/home/gxr/mongdb-run/test_mongodb/build//run_client --num_threads=40 --core_binding=0,1,2,3,4,5,6,7,8,9,10,11,12,13,14,15,128,129,130,131,132,133,134,135,136,137,138,139,140,141,142,143,16,17,18,19,20,21,22,23,24,25,26,27,28,29,30,31,144,145,146,147,148,149,150,151,152,153,154,155,156,157,158,159,32,33,34,35,36,37,38,39,40,41,42,43,44,45,46,47,160,161,162,163,164,165,166,167,168,169,170,171,172,173,174,175,48,49,50,51,52,53,54,55,56,57,58,59,60,61,62,63,176,177,178,179,180,181,182,183,184,185,186,187,188,189,190,191 --str_key_size=16 --str_key_size=256 --load_file=/mnt/nvme0/home/gxr/mongdb-run/workloads/ycsb/workloada-load-10000000-10000000.log.formated --run_file=/mnt/nvme0/home/gxr/mongdb-run/workloads/ycsb/workloada-run-10000000-10000000.log.formated --URI_set=mongodb://localhost:27017,mongodb://localhost:27018,mongodb://localhost:27019,mongodb://localhost:27020,mongodb://localhost:27021,mongodb://localhost:27022,mongodb://localhost:27023,mongodb://localhost:27024,mongodb://localhost:27025,mongodb://localhost:27026,mongodb://localhost:27027,mongodb://localhost:27028,mongodb://localhost:27029,mongodb://localhost:27030,mongodb://localhost:27031,mongodb://localhost:27032,mongodb://localhost:27033,mongodb://localhost:27034,mongodb://localhost:27035,mongodb://localhost:27036,mongodb://localhost:27037,mongodb://localhost:27038,mongodb://localhost:27039,mongodb://localhost:27040,mongodb://localhost:27041,mongodb://localhost:27042,mongodb://localhost:27043,mongodb://localhost:27044,mongodb://localhost:27045,mongodb://localhost:27046,mongodb://localhost:27047,mongodb://localhost:27048,mongodb://localhost:27049,mongodb://localhost:27050,mongodb://localhost:27051,mongodb://localhost:27052,mongodb://localhost:27053,mongodb://localhost:27054,mongodb://localhost:27055,mongodb://localhost:27056,mongodb://localhost:27057,mongodb://localhost:27058,mongodb://localhost:27059,mongodb://localhost:27060,mongodb://localhost:27061,mongodb://localhost:27062,mongodb://localhost:27063,mongodb://localhost:27064,mongodb://localhost:27065,mongodb://localhost:27066,mongodb://localhost:27067,mongodb://localhost:27068,mongodb://localhost:27069,mongodb://localhost:27070,mongodb://localhost:27071,mongodb://localhost:27072,mongodb://localhost:27073,mongodb://localhost:27074,mongodb://localhost:27075,mongodb://localhost:27076,mongodb://localhost:27077,mongodb://localhost:27078,mongodb://localhost:27079,mongodb://localhost:27080,mongodb://localhost:27081,mongodb://localhost:27082,mongodb://localhost:27083,mongodb://localhost:27084,mongodb://localhost:27085,mongodb://localhost:27086,mongodb://localhost:27087,mongodb://localhost:27088,mongodb://localhost:27089,mongodb://localhost:27090,mongodb://localhost:27091,mongodb://localhost:27092,mongodb://localhost:27093,mongodb://localhost:27094,mongodb://localhost:27095,mongodb://localhost:27096,mongodb://localhost:27097,mongodb://localhost:27098,mongodb://localhost:27099,mongodb://localhost:27100,mongodb://localhost:27101,mongodb://localhost:27102,mongodb://localhost:27103,mongodb://localhost:27104,mongodb://localhost:27105,mongodb://localhost:27106,mongodb://localhost:27107,mongodb://localhost:27108,mongodb://localhost:27109,mongodb://localhost:27110,mongodb://localhost:27111,mongodb://localhost:27112,mongodb://localhost:27113,mongodb://localhost:27114,mongodb://localhost:27115,mongodb://localhost:27116,mongodb://localhost:27117,mongodb://localhost:27118,mongodb://localhost:27119,mongodb://localhost:27120,mongodb://localhost:27121,mongodb://localhost:27122,mongodb://localhost:27123,mongodb://localhost:27124,mongodb://localhost:27125,mongodb://localhost:27126,mongodb://localhost:27127,mongodb://localhost:27128,mongodb://localhost:27129,mongodb://localhost:27130,mongodb://localhost:27131,mongodb://localhost:27132,mongodb://localhost:27133,mongodb://localhost:27134,mongodb://localhost:27135,mongodb://localhost:27136,mongodb://localhost:27137,mongodb://localhost:27138,mongodb://localhost:27139,mongodb://localhost:27140,mongodb://localhost:27141,mongodb://localhost:27142,mongodb://localhost:27143,mongodb://localhost:27144 --first_mode=false
mongodb://localhost:27017 mongodb://localhost:27018 mongodb://localhost:27019 mongodb://localhost:27020 mongodb://localhost:27021 mongodb://localhost:27022 mongodb://localhost:27023 mongodb://localhost:27024 mongodb://localhost:27025 mongodb://localhost:27026 mongodb://localhost:27027 mongodb://localhost:27028 mongodb://localhost:27029 mongodb://localhost:27030 mongodb://localhost:27031 mongodb://localhost:27032 mongodb://localhost:27033 mongodb://localhost:27034 mongodb://localhost:27035 mongodb://localhost:27036 mongodb://localhost:27037 mongodb://localhost:27038 mongodb://localhost:27039 mongodb://localhost:27040 mongodb://localhost:27041 mongodb://localhost:27042 mongodb://localhost:27043 mongodb://localhost:27044 mongodb://localhost:27045 mongodb://localhost:27046 mongodb://localhost:27047 mongodb://localhost:27048 mongodb://localhost:27049 mongodb://localhost:27050 mongodb://localhost:27051 mongodb://localhost:27052 mongodb://localhost:27053 mongodb://localhost:27054 mongodb://localhost:27055 mongodb://localhost:27056 mongodb://localhost:27057 mongodb://localhost:27058 mongodb://localhost:27059 mongodb://localhost:27060 mongodb://localhost:27061 mongodb://localhost:27062 mongodb://localhost:27063 mongodb://localhost:27064 mongodb://localhost:27065 mongodb://localhost:27066 mongodb://localhost:27067 mongodb://localhost:27068 mongodb://localhost:27069 mongodb://localhost:27070 mongodb://localhost:27071 mongodb://localhost:27072 mongodb://localhost:27073 mongodb://localhost:27074 mongodb://localhost:27075 mongodb://localhost:27076 mongodb://localhost:27077 mongodb://localhost:27078 mongodb://localhost:27079 mongodb://localhost:27080 mongodb://localhost:27081 mongodb://localhost:27082 mongodb://localhost:27083 mongodb://localhost:27084 mongodb://localhost:27085 mongodb://localhost:27086 mongodb://localhost:27087 mongodb://localhost:27088 mongodb://localhost:27089 mongodb://localhost:27090 mongodb://localhost:27091 mongodb://localhost:27092 mongodb://localhost:27093 mongodb://localhost:27094 mongodb://localhost:27095 mongodb://localhost:27096 mongodb://localhost:27097 mongodb://localhost:27098 mongodb://localhost:27099 mongodb://localhost:27100 mongodb://localhost:27101 mongodb://localhost:27102 mongodb://localhost:27103 mongodb://localhost:27104 mongodb://localhost:27105 mongodb://localhost:27106 mongodb://localhost:27107 mongodb://localhost:27108 mongodb://localhost:27109 mongodb://localhost:27110 mongodb://localhost:27111 mongodb://localhost:27112 mongodb://localhost:27113 mongodb://localhost:27114 mongodb://localhost:27115 mongodb://localhost:27116 mongodb://localhost:27117 mongodb://localhost:27118 mongodb://localhost:27119 mongodb://localhost:27120 mongodb://localhost:27121 mongodb://localhost:27122 mongodb://localhost:27123 mongodb://localhost:27124 mongodb://localhost:27125 mongodb://localhost:27126 mongodb://localhost:27127 mongodb://localhost:27128 mongodb://localhost:27129 mongodb://localhost:27130 mongodb://localhost:27131 mongodb://localhost:27132 mongodb://localhost:27133 mongodb://localhost:27134 mongodb://localhost:27135 mongodb://localhost:27136 mongodb://localhost:27137 mongodb://localhost:27138 mongodb://localhost:27139 mongodb://localhost:27140 mongodb://localhost:27141 mongodb://localhost:27142 mongodb://localhost:27143 mongodb://localhost:27144 reading workload files ...
load_filename : /mnt/nvme0/home/gxr/mongdb-run/workloads/ycsb/workloada-load-10000000-10000000.log.formated
read load file needs: 6258789796 s 
run_filename : /mnt/nvme0/home/gxr/mongdb-run/workloads/ycsb/workloada-run-10000000-10000000.log.formated
read run file needs: 6271712904 s 
num_of_load_ops is 10000000
num_of_run_ops is 10000000
0 1 2 3 4 5 6 7 8 9 10 11 12 13 14 15 128 129 130 131 132 133 134 135 136 137 138 139 140 141 142 143 16 17 18 19 20 21 22 23 24 25 26 27 28 29 30 31 144 145 146 147 148 149 150 151 152 153 154 155 156 157 158 159 32 33 34 35 36 37 38 39 40 41 42 43 44 45 46 47 160 161 162 163 164 165 166 167 168 169 170 171 172 173 174 175 48 49 50 51 52 53 54 55 56 57 58 59 60 61 62 63 176 177 178 179 180 181 182 183 184 185 186 187 188 189 190 191 URI: URI: URI: mongodb://localhost:27018
URI: mongodb://localhost:27023
URI: mongodb://localhost:27017
URI: mongodb://localhost:27021
URI: mongodb://localhost:27024
mongodb://localhost:27025
mongodb://localhost:27019
URI: mongodb://localhost:27022
URI: mongodb://localhost:27020
URI: URI: mongodb://localhost:27027
URI: mongodb://localhost:27026
mongodb://localhost:27028
URI: mongodb://localhost:27029
URI: mongodb://localhost:27030
URI: mongodb://localhost:27031
URI: mongodb://localhost:27032
URI: mongodb://localhost:27033
URI: mongodb://localhost:27034
URI: mongodb://localhost:27035
URI: mongodb://localhost:27036
URI: mongodb://localhost:27037
URI: mongodb://localhost:27038
URI: mongodb://localhost:27039
URI: mongodb://localhost:27040
URI: mongodb://localhost:27042
URI: mongodb://localhost:27041
URI: mongodb://localhost:27044
URI: mongodb://localhost:27043
URI: mongodb://localhost:27045
URI: mongodb://localhost:27046
URI: mongodb://localhost:27047
URI: mongodb://localhost:27048
URI: mongodb://localhost:27049
URI: mongodb://localhost:27050
URI: mongodb://localhost:27051
URI: mongodb://localhost:27052
URI: mongodb://localhost:27053
URI: mongodb://localhost:27055
URI: mongodb://localhost:27054
URI: mongodb://localhost:27056
Load workloads needs: 38501442315 ns 
[report] load_thread_ID : 39
[report] load_duration_ns : 38501442315
[report] load_duration_s : 38.501442
[report] load_throughput : 6493.263238
[report] load_average_latency_ns : 154005.769260
Load workloads needs: 39226034524 ns 
[report] load_thread_ID : 38
[report] load_duration_ns : 39226034524
[report] load_duration_s : 39.226035
[report] load_throughput : 6373.318206
[report] load_average_latency_ns : 156904.138096
Load workloads needs: 40528303505 ns 
[report] load_thread_ID : 20
[report] load_duration_ns : 40528303505
[report] load_duration_s : 40.528304
[report] load_throughput : 6168.528618
[report] load_average_latency_ns : 162113.214020
Load workloads needs: 40697958329 ns 
[report] load_thread_ID : 33
[report] load_duration_ns : 40697958329
[report] load_duration_s : 40.697958
[report] load_throughput : 6142.814290
[report] load_average_latency_ns : 162791.833316
Load workloads needs: 40768145274 ns 
[report] load_thread_ID : 36
[report] load_duration_ns : 40768145274
[report] load_duration_s : 40.768145
[report] load_throughput : 6132.238745
[report] load_average_latency_ns : 163072.581096
Load workloads needs: 40921622561 ns 
[report] load_thread_ID : 32
[report] load_duration_ns : 40921622561
[report] load_duration_s : 40.921623
[report] load_throughput : 6109.239672
[report] load_average_latency_ns : 163686.490244
Load workloads needs: 41304791410 ns 
[report] load_thread_ID : 12
[report] load_duration_ns : 41304791410
[report] load_duration_s : 41.304791
[report] load_throughput : 6052.566578
[report] load_average_latency_ns : 165219.165640
Load workloads needs: 41429625013 ns 
[report] load_thread_ID : 30
[report] load_duration_ns : 41429625013
[report] load_duration_s : 41.429625
[report] load_throughput : 6034.329297
[report] load_average_latency_ns : 165718.500052
Load workloads needs: 41435541936 ns 
[report] load_thread_ID : 35
[report] load_duration_ns : 41435541936
[report] load_duration_s : 41.435542
[report] load_throughput : 6033.467606
[report] load_average_latency_ns : 165742.167744
Load workloads needs: 41448683498 ns 
[report] load_thread_ID : 2
[report] load_duration_ns : 41448683498
[report] load_duration_s : 41.448683
[report] load_throughput : 6031.554658
[report] load_average_latency_ns : 165794.733992
Load workloads needs: 41496455665 ns 
[report] load_thread_ID : 11
[report] load_duration_ns : 41496455665
[report] load_duration_s : 41.496456
[report] load_throughput : 6024.610921
[report] load_average_latency_ns : 165985.822660
Load workloads needs: 41508531889 ns 
[report] load_thread_ID : 10
[report] load_duration_ns : 41508531889
[report] load_duration_s : 41.508532
[report] load_throughput : 6022.858160
[report] load_average_latency_ns : 166034.127556
Load workloads needs: 41651457697 ns 
[report] load_thread_ID : 28
[report] load_duration_ns : 41651457697
[report] load_duration_s : 41.651458
[report] load_throughput : 6002.190891
[report] load_average_latency_ns : 166605.830788
Load workloads needs: 41754696990 ns 
[report] load_thread_ID : 13
[report] load_duration_ns : 41754696990
[report] load_duration_s : 41.754697
[report] load_throughput : 5987.350359
[report] load_average_latency_ns : 167018.787960
Load workloads needs: 41761611701 ns 
[report] load_thread_ID : 37
[report] load_duration_ns : 41761611701
[report] load_duration_s : 41.761612
[report] load_throughput : 5986.358999
[report] load_average_latency_ns : 167046.446804
Load workloads needs: 41801983737 ns 
[report] load_thread_ID : 3
[report] load_duration_ns : 41801983737
[report] load_duration_s : 41.801984
[report] load_throughput : 5980.577419
[report] load_average_latency_ns : 167207.934948
Load workloads needs: 41892346326 ns 
[report] load_thread_ID : 21
[report] load_duration_ns : 41892346326
[report] load_duration_s : 41.892346
[report] load_throughput : 5967.677199
[report] load_average_latency_ns : 167569.385304
Load workloads needs: 41964385560 ns 
[report] load_thread_ID : 19
[report] load_duration_ns : 41964385560
[report] load_duration_s : 41.964386
[report] load_throughput : 5957.432634
[report] load_average_latency_ns : 167857.542240
Load workloads needs: 42069281080 ns 
[report] load_thread_ID : 26
[report] load_duration_ns : 42069281080
[report] load_duration_s : 42.069281
[report] load_throughput : 5942.578375
[report] load_average_latency_ns : 168277.124320
Load workloads needs: 42148172074 ns 
[report] load_thread_ID : 27
[report] load_duration_ns : 42148172074
[report] load_duration_s : 42.148172
[report] load_throughput : 5931.455332
[report] load_average_latency_ns : 168592.688296
Load workloads needs: 42271585300 ns 
[report] load_thread_ID : 18
[report] load_duration_ns : 42271585300
[report] load_duration_s : 42.271585
[report] load_throughput : 5914.138262
[report] load_average_latency_ns : 169086.341200
Load workloads needs: 42383284890 ns 
[report] load_thread_ID : 9
[report] load_duration_ns : 42383284890
[report] load_duration_s : 42.383285
[report] load_throughput : 5898.551767
[report] load_average_latency_ns : 169533.139560
Load workloads needs: 42462502804 ns 
[report] load_thread_ID : 22
[report] load_duration_ns : 42462502804
[report] load_duration_s : 42.462503
[report] load_throughput : 5887.547448
[report] load_average_latency_ns : 169850.011216
Load workloads needs: 42666706121 ns 
[report] load_thread_ID : 17
[report] load_duration_ns : 42666706121
[report] load_duration_s : 42.666706
[report] load_throughput : 5859.369582
[report] load_average_latency_ns : 170666.824484
Load workloads needs: 42666850531 ns 
[report] load_thread_ID : 8
[report] load_duration_ns : 42666850531
[report] load_duration_s : 42.666851
[report] load_throughput : 5859.349750
[report] load_average_latency_ns : 170667.402124
Load workloads needs: 42667922349 ns 
[report] load_thread_ID : 31
[report] load_duration_ns : 42667922349
[report] load_duration_s : 42.667922
[report] load_throughput : 5859.202563
[report] load_average_latency_ns : 170671.689396
Load workloads needs: 42702570543 ns 
[report] load_thread_ID : 34
[report] load_duration_ns : 42702570543
[report] load_duration_s : 42.702571
[report] load_throughput : 5854.448499
[report] load_average_latency_ns : 170810.282172
Load workloads needs: 42728566037 ns 
[report] load_thread_ID : 29
[report] load_duration_ns : 42728566037
[report] load_duration_s : 42.728566
[report] load_throughput : 5850.886730
[report] load_average_latency_ns : 170914.264148
Load workloads needs: 42770825472 ns 
[report] load_thread_ID : 7
[report] load_duration_ns : 42770825472
[report] load_duration_s : 42.770825
[report] load_throughput : 5845.105799
[report] load_average_latency_ns : 171083.301888
Load workloads needs: 42831788780 ns 
[report] load_thread_ID : 6
[report] load_duration_ns : 42831788780
[report] load_duration_s : 42.831789
[report] load_throughput : 5836.786348
[report] load_average_latency_ns : 171327.155120
Load workloads needs: 42838632451 ns 
[report] load_thread_ID : 5
[report] load_duration_ns : 42838632451
[report] load_duration_s : 42.838632
[report] load_throughput : 5835.853894
[report] load_average_latency_ns : 171354.529804
Load workloads needs: 42974086110 ns 
[report] load_thread_ID : 4
[report] load_duration_ns : 42974086110
[report] load_duration_s : 42.974086
[report] load_throughput : 5817.459372
[report] load_average_latency_ns : 171896.344440
Load workloads needs: 42984490726 ns 
[report] load_thread_ID : 23
[report] load_duration_ns : 42984490726
[report] load_duration_s : 42.984491
[report] load_throughput : 5816.051226
[report] load_average_latency_ns : 171937.962904
Load workloads needs: 43044272556 ns 
[report] load_thread_ID : 0
[report] load_duration_ns : 43044272556
[report] load_duration_s : 43.044273
[report] load_throughput : 5807.973632
[report] load_average_latency_ns : 172177.090224
Load workloads needs: 43048638300 ns 
[report] load_thread_ID : 14
[report] load_duration_ns : 43048638300
[report] load_duration_s : 43.048638
[report] load_throughput : 5807.384621
[report] load_average_latency_ns : 172194.553200
Load workloads needs: 43188544842 ns 
[report] load_thread_ID : 15
[report] load_duration_ns : 43188544842
[report] load_duration_s : 43.188545
[report] load_throughput : 5788.571968
[report] load_average_latency_ns : 172754.179368
Load workloads needs: 43260853555 ns 
[report] load_thread_ID : 24
[report] load_duration_ns : 43260853555
[report] load_duration_s : 43.260854
[report] load_throughput : 5778.896611
[report] load_average_latency_ns : 173043.414220
Load workloads needs: 43326316888 ns 
[report] load_thread_ID : 1
[report] load_duration_ns : 43326316888
[report] load_duration_s : 43.326317
[report] load_throughput : 5770.165063
[report] load_average_latency_ns : 173305.267552
Load workloads needs: 43404860832 ns 
[report] load_thread_ID : 25
[report] load_duration_ns : 43404860832
[report] load_duration_s : 43.404861
[report] load_throughput : 5759.723570
[report] load_average_latency_ns : 173619.443328
Load workloads needs: 44126583284 ns 
[report] load_thread_ID : 16
[report] load_duration_ns : 44126583284
[report] load_duration_s : 44.126583
[report] load_throughput : 5665.519091
[report] load_average_latency_ns : 176506.333136
All clients run done needs: 44124687315 ns 
[report] load_overall_duration_ns : 44124687315
[report] load_overall_duration_s : 44.124687
[report] load_overall_throughput : 226630.501166
[report] load_overall_average_latency_ns : 4412.468732
