numactl --membind=4 /mnt/nvme0/home/gxr/mongdb-run/test_mongodb/build//run_client --num_threads=48 --core_binding=0,1,2,3,4,5,6,7,8,9,10,11,12,13,14,15,128,129,130,131,132,133,134,135,136,137,138,139,140,141,142,143,16,17,18,19,20,21,22,23,24,25,26,27,28,29,30,31,144,145,146,147,148,149,150,151,152,153,154,155,156,157,158,159,32,33,34,35,36,37,38,39,40,41,42,43,44,45,46,47,160,161,162,163,164,165,166,167,168,169,170,171,172,173,174,175,48,49,50,51,52,53,54,55,56,57,58,59,60,61,62,63,176,177,178,179,180,181,182,183,184,185,186,187,188,189,190,191 --str_key_size=16 --str_key_size=256 --load_file=/mnt/nvme0/home/gxr/mongdb-run/workloads/ycsb/workloada-load-10000000-10000000.log.formated --run_file=/mnt/nvme0/home/gxr/mongdb-run/workloads/ycsb/workloada-run-10000000-10000000.log.formated --URI_set=mongodb://localhost:27017,mongodb://localhost:27018,mongodb://localhost:27019,mongodb://localhost:27020,mongodb://localhost:27021,mongodb://localhost:27022,mongodb://localhost:27023,mongodb://localhost:27024,mongodb://localhost:27025,mongodb://localhost:27026,mongodb://localhost:27027,mongodb://localhost:27028,mongodb://localhost:27029,mongodb://localhost:27030,mongodb://localhost:27031,mongodb://localhost:27032,mongodb://localhost:27033,mongodb://localhost:27034,mongodb://localhost:27035,mongodb://localhost:27036,mongodb://localhost:27037,mongodb://localhost:27038,mongodb://localhost:27039,mongodb://localhost:27040,mongodb://localhost:27041,mongodb://localhost:27042,mongodb://localhost:27043,mongodb://localhost:27044,mongodb://localhost:27045,mongodb://localhost:27046,mongodb://localhost:27047,mongodb://localhost:27048,mongodb://localhost:27049,mongodb://localhost:27050,mongodb://localhost:27051,mongodb://localhost:27052,mongodb://localhost:27053,mongodb://localhost:27054,mongodb://localhost:27055,mongodb://localhost:27056,mongodb://localhost:27057,mongodb://localhost:27058,mongodb://localhost:27059,mongodb://localhost:27060,mongodb://localhost:27061,mongodb://localhost:27062,mongodb://localhost:27063,mongodb://localhost:27064,mongodb://localhost:27065,mongodb://localhost:27066,mongodb://localhost:27067,mongodb://localhost:27068,mongodb://localhost:27069,mongodb://localhost:27070,mongodb://localhost:27071,mongodb://localhost:27072,mongodb://localhost:27073,mongodb://localhost:27074,mongodb://localhost:27075,mongodb://localhost:27076,mongodb://localhost:27077,mongodb://localhost:27078,mongodb://localhost:27079,mongodb://localhost:27080,mongodb://localhost:27081,mongodb://localhost:27082,mongodb://localhost:27083,mongodb://localhost:27084,mongodb://localhost:27085,mongodb://localhost:27086,mongodb://localhost:27087,mongodb://localhost:27088,mongodb://localhost:27089,mongodb://localhost:27090,mongodb://localhost:27091,mongodb://localhost:27092,mongodb://localhost:27093,mongodb://localhost:27094,mongodb://localhost:27095,mongodb://localhost:27096,mongodb://localhost:27097,mongodb://localhost:27098,mongodb://localhost:27099,mongodb://localhost:27100,mongodb://localhost:27101,mongodb://localhost:27102,mongodb://localhost:27103,mongodb://localhost:27104,mongodb://localhost:27105,mongodb://localhost:27106,mongodb://localhost:27107,mongodb://localhost:27108,mongodb://localhost:27109,mongodb://localhost:27110,mongodb://localhost:27111,mongodb://localhost:27112,mongodb://localhost:27113,mongodb://localhost:27114,mongodb://localhost:27115,mongodb://localhost:27116,mongodb://localhost:27117,mongodb://localhost:27118,mongodb://localhost:27119,mongodb://localhost:27120,mongodb://localhost:27121,mongodb://localhost:27122,mongodb://localhost:27123,mongodb://localhost:27124,mongodb://localhost:27125,mongodb://localhost:27126,mongodb://localhost:27127,mongodb://localhost:27128,mongodb://localhost:27129,mongodb://localhost:27130,mongodb://localhost:27131,mongodb://localhost:27132,mongodb://localhost:27133,mongodb://localhost:27134,mongodb://localhost:27135,mongodb://localhost:27136,mongodb://localhost:27137,mongodb://localhost:27138,mongodb://localhost:27139,mongodb://localhost:27140,mongodb://localhost:27141,mongodb://localhost:27142,mongodb://localhost:27143,mongodb://localhost:27144 --first_mode=true
mongodb://localhost:27017 mongodb://localhost:27018 mongodb://localhost:27019 mongodb://localhost:27020 mongodb://localhost:27021 mongodb://localhost:27022 mongodb://localhost:27023 mongodb://localhost:27024 mongodb://localhost:27025 mongodb://localhost:27026 mongodb://localhost:27027 mongodb://localhost:27028 mongodb://localhost:27029 mongodb://localhost:27030 mongodb://localhost:27031 mongodb://localhost:27032 mongodb://localhost:27033 mongodb://localhost:27034 mongodb://localhost:27035 mongodb://localhost:27036 mongodb://localhost:27037 mongodb://localhost:27038 mongodb://localhost:27039 mongodb://localhost:27040 mongodb://localhost:27041 mongodb://localhost:27042 mongodb://localhost:27043 mongodb://localhost:27044 mongodb://localhost:27045 mongodb://localhost:27046 mongodb://localhost:27047 mongodb://localhost:27048 mongodb://localhost:27049 mongodb://localhost:27050 mongodb://localhost:27051 mongodb://localhost:27052 mongodb://localhost:27053 mongodb://localhost:27054 mongodb://localhost:27055 mongodb://localhost:27056 mongodb://localhost:27057 mongodb://localhost:27058 mongodb://localhost:27059 mongodb://localhost:27060 mongodb://localhost:27061 mongodb://localhost:27062 mongodb://localhost:27063 mongodb://localhost:27064 mongodb://localhost:27065 mongodb://localhost:27066 mongodb://localhost:27067 mongodb://localhost:27068 mongodb://localhost:27069 mongodb://localhost:27070 mongodb://localhost:27071 mongodb://localhost:27072 mongodb://localhost:27073 mongodb://localhost:27074 mongodb://localhost:27075 mongodb://localhost:27076 mongodb://localhost:27077 mongodb://localhost:27078 mongodb://localhost:27079 mongodb://localhost:27080 mongodb://localhost:27081 mongodb://localhost:27082 mongodb://localhost:27083 mongodb://localhost:27084 mongodb://localhost:27085 mongodb://localhost:27086 mongodb://localhost:27087 mongodb://localhost:27088 mongodb://localhost:27089 mongodb://localhost:27090 mongodb://localhost:27091 mongodb://localhost:27092 mongodb://localhost:27093 mongodb://localhost:27094 mongodb://localhost:27095 mongodb://localhost:27096 mongodb://localhost:27097 mongodb://localhost:27098 mongodb://localhost:27099 mongodb://localhost:27100 mongodb://localhost:27101 mongodb://localhost:27102 mongodb://localhost:27103 mongodb://localhost:27104 mongodb://localhost:27105 mongodb://localhost:27106 mongodb://localhost:27107 mongodb://localhost:27108 mongodb://localhost:27109 mongodb://localhost:27110 mongodb://localhost:27111 mongodb://localhost:27112 mongodb://localhost:27113 mongodb://localhost:27114 mongodb://localhost:27115 mongodb://localhost:27116 mongodb://localhost:27117 mongodb://localhost:27118 mongodb://localhost:27119 mongodb://localhost:27120 mongodb://localhost:27121 mongodb://localhost:27122 mongodb://localhost:27123 mongodb://localhost:27124 mongodb://localhost:27125 mongodb://localhost:27126 mongodb://localhost:27127 mongodb://localhost:27128 mongodb://localhost:27129 mongodb://localhost:27130 mongodb://localhost:27131 mongodb://localhost:27132 mongodb://localhost:27133 mongodb://localhost:27134 mongodb://localhost:27135 mongodb://localhost:27136 mongodb://localhost:27137 mongodb://localhost:27138 mongodb://localhost:27139 mongodb://localhost:27140 mongodb://localhost:27141 mongodb://localhost:27142 mongodb://localhost:27143 mongodb://localhost:27144 reading workload files ...
load_filename : /mnt/nvme0/home/gxr/mongdb-run/workloads/ycsb/workloada-load-10000000-10000000.log.formated
read load file needs: 6317058837 s 
run_filename : /mnt/nvme0/home/gxr/mongdb-run/workloads/ycsb/workloada-run-10000000-10000000.log.formated
read run file needs: 6325603461 s 
num_of_load_ops is 10000000
num_of_run_ops is 10000000
0 1 2 3 4 5 6 7 8 9 10 11 12 13 14 15 128 129 130 131 132 133 134 135 136 137 138 139 140 141 142 143 16 17 18 19 20 21 22 23 24 25 26 27 28 29 30 31 144 145 146 147 148 149 150 151 152 153 154 155 156 157 158 159 32 33 34 35 36 37 38 39 40 41 42 43 44 45 46 47 160 161 162 163 164 165 166 167 168 169 170 171 172 173 174 175 48 49 50 51 52 53 54 55 56 57 58 59 60 61 62 63 176 177 178 179 180 181 182 183 184 185 186 187 188 189 190 191 URI: URI: mongodb://localhost:27017
URI: mongodb://localhost:27017
mongodb://localhost:27017
URI: mongodb://localhost:27017
URI: mongodb://localhost:27017
URI: mongodb://localhost:27017
URI: mongodb://localhost:27017
URI: URI: mongodb://localhost:27017
URI: URI: URI: mongodb://localhost:27017
mongodb://localhost:27017
mongodb://localhost:27017
mongodb://localhost:27017
URI: mongodb://localhost:27017
URI: mongodb://localhost:27017
URI: mongodb://localhost:27017
URI: mongodb://localhost:27017
URI: mongodb://localhost:27017
URI: mongodb://localhost:27017
URI: mongodb://localhost:27017
URI: mongodb://localhost:27017
URI: mongodb://localhost:27017
URI: mongodb://localhost:27017
URI: URI: mongodb://localhost:27017
URI: mongodb://localhost:27017
URI: mongodb://localhost:27017
URI: mongodb://localhost:27017
URI: mongodb://localhost:27017
URI: URI: mongodb://localhost:27017
URI: mongodb://localhost:27017
mongodb://localhost:27017
mongodb://localhost:27017
URI: mongodb://localhost:27017
URI: mongodb://localhost:27017
URI: mongodb://localhost:27017
URI: mongodb://localhost:27017
URI: mongodb://localhost:27017
URI: mongodb://localhost:27017
URI: mongodb://localhost:27017
URI: mongodb://localhost:27017
URI: mongodb://localhost:27017
URI: mongodb://localhost:27017
URI: mongodb://localhost:27017
URI: mongodb://localhost:27017
URI: mongodb://localhost:27017
URI: mongodb://localhost:27017
URI: mongodb://localhost:27017
URI: mongodb://localhost:27017
URI: mongodb://localhost:27017
Load workloads needs: 43070514150 ns 
[report] load_thread_ID : 40
[report] load_duration_ns : 43070514150
[report] load_duration_s : 43.070514
[report] load_throughput : 4837.021431
[report] load_average_latency_ns : 206738.798702
Load workloads needs: 43272227972 ns 
[report] load_thread_ID : 34
[report] load_duration_ns : 43272227972
[report] load_duration_s : 43.272228
[report] load_throughput : 4814.473619
[report] load_average_latency_ns : 207707.026597
Load workloads needs: 43276574553 ns 
[report] load_thread_ID : 43
[report] load_duration_ns : 43276574553
[report] load_duration_s : 43.276575
[report] load_throughput : 4813.990066
[report] load_average_latency_ns : 207727.890219
Load workloads needs: 43572008141 ns 
[report] load_thread_ID : 33
[report] load_duration_ns : 43572008141
[report] load_duration_s : 43.572008
[report] load_throughput : 4781.349515
[report] load_average_latency_ns : 209145.973710
Load workloads needs: 43737048702 ns 
[report] load_thread_ID : 32
[report] load_duration_ns : 43737048702
[report] load_duration_s : 43.737049
[report] load_throughput : 4763.307223
[report] load_average_latency_ns : 209938.169671
Load workloads needs: 43822040648 ns 
[report] load_thread_ID : 41
[report] load_duration_ns : 43822040648
[report] load_duration_s : 43.822041
[report] load_throughput : 4754.068887
[report] load_average_latency_ns : 210346.131664
Load workloads needs: 43970782524 ns 
[report] load_thread_ID : 44
[report] load_duration_ns : 43970782524
[report] load_duration_s : 43.970783
[report] load_throughput : 4737.987091
[report] load_average_latency_ns : 211060.093811
Load workloads needs: 44049547323 ns 
[report] load_thread_ID : 39
[report] load_duration_ns : 44049547323
[report] load_duration_s : 44.049547
[report] load_throughput : 4729.515118
[report] load_average_latency_ns : 211438.165451
Load workloads needs: 44090908113 ns 
[report] load_thread_ID : 47
[report] load_duration_ns : 44090908113
[report] load_duration_s : 44.090908
[report] load_throughput : 4725.078455
[report] load_average_latency_ns : 211636.697561
Load workloads needs: 44120526349 ns 
[report] load_thread_ID : 35
[report] load_duration_ns : 44120526349
[report] load_duration_s : 44.120526
[report] load_throughput : 4721.906497
[report] load_average_latency_ns : 211778.865321
Load workloads needs: 44142246632 ns 
[report] load_thread_ID : 42
[report] load_duration_ns : 44142246632
[report] load_duration_s : 44.142247
[report] load_throughput : 4719.583073
[report] load_average_latency_ns : 211883.122847
Load workloads needs: 44181576826 ns 
[report] load_thread_ID : 45
[report] load_duration_ns : 44181576826
[report] load_duration_s : 44.181577
[report] load_throughput : 4715.381726
[report] load_average_latency_ns : 212071.908080
Load workloads needs: 44202299481 ns 
[report] load_thread_ID : 36
[report] load_duration_ns : 44202299481
[report] load_duration_s : 44.202299
[report] load_throughput : 4713.171089
[report] load_average_latency_ns : 212171.376983
Load workloads needs: 44365227307 ns 
[report] load_thread_ID : 38
[report] load_duration_ns : 44365227307
[report] load_duration_s : 44.365227
[report] load_throughput : 4695.862337
[report] load_average_latency_ns : 212953.431799
Load workloads needs: 44452995126 ns 
[report] load_thread_ID : 46
[report] load_duration_ns : 44452995126
[report] load_duration_s : 44.452995
[report] load_throughput : 4686.590845
[report] load_average_latency_ns : 213374.718004
Load workloads needs: 44688863744 ns 
[report] load_thread_ID : 37
[report] load_duration_ns : 44688863744
[report] load_duration_s : 44.688864
[report] load_throughput : 4661.854935
[report] load_average_latency_ns : 214506.889182
Load workloads needs: 49359973119 ns 
[report] load_thread_ID : 17
[report] load_duration_ns : 49359973119
[report] load_duration_s : 49.359973
[report] load_throughput : 4220.687064
[report] load_average_latency_ns : 236928.250056
Load workloads needs: 49450820310 ns 
[report] load_thread_ID : 23
[report] load_duration_ns : 49450820310
[report] load_duration_s : 49.450820
[report] load_throughput : 4212.933146
[report] load_average_latency_ns : 237364.317271
Load workloads needs: 49511084968 ns 
[report] load_thread_ID : 16
[report] load_duration_ns : 49511084968
[report] load_duration_s : 49.511085
[report] load_throughput : 4207.805184
[report] load_average_latency_ns : 237653.588092
Load workloads needs: 49593908568 ns 
[report] load_thread_ID : 1
[report] load_duration_ns : 49593908568
[report] load_duration_s : 49.593909
[report] load_throughput : 4200.777999
[report] load_average_latency_ns : 238051.142008
Load workloads needs: 49617075097 ns 
[report] load_thread_ID : 7
[report] load_duration_ns : 49617075097
[report] load_duration_s : 49.617075
[report] load_throughput : 4198.816629
[report] load_average_latency_ns : 238162.341525
Load workloads needs: 49875971942 ns 
[report] load_thread_ID : 31
[report] load_duration_ns : 49875971942
[report] load_duration_s : 49.875972
[report] load_throughput : 4177.021357
[report] load_average_latency_ns : 239405.048370
Load workloads needs: 49923639148 ns 
[report] load_thread_ID : 15
[report] load_duration_ns : 49923639148
[report] load_duration_s : 49.923639
[report] load_throughput : 4173.033127
[report] load_average_latency_ns : 239633.851325
Load workloads needs: 49947301476 ns 
[report] load_thread_ID : 24
[report] load_duration_ns : 49947301476
[report] load_duration_s : 49.947301
[report] load_throughput : 4171.056170
[report] load_average_latency_ns : 239747.430681
Load workloads needs: 49974147968 ns 
[report] load_thread_ID : 29
[report] load_duration_ns : 49974147968
[report] load_duration_s : 49.974148
[report] load_throughput : 4168.815447
[report] load_average_latency_ns : 239876.294048
Load workloads needs: 49993808915 ns 
[report] load_thread_ID : 18
[report] load_duration_ns : 49993808915
[report] load_duration_s : 49.993809
[report] load_throughput : 4167.175987
[report] load_average_latency_ns : 239970.666745
Load workloads needs: 50028479099 ns 
[report] load_thread_ID : 30
[report] load_duration_ns : 50028479099
[report] load_duration_s : 50.028479
[report] load_throughput : 4164.288097
[report] load_average_latency_ns : 240137.083895
Load workloads needs: 50039208716 ns 
[report] load_thread_ID : 27
[report] load_duration_ns : 50039208716
[report] load_duration_s : 50.039209
[report] load_throughput : 4163.395172
[report] load_average_latency_ns : 240188.586139
Load workloads needs: 50045948391 ns 
[report] load_thread_ID : 25
[report] load_duration_ns : 50045948391
[report] load_duration_s : 50.045948
[report] load_throughput : 4162.834489
[report] load_average_latency_ns : 240220.936630
Load workloads needs: 50089995685 ns 
[report] load_thread_ID : 2
[report] load_duration_ns : 50089995685
[report] load_duration_s : 50.089996
[report] load_throughput : 4159.173846
[report] load_average_latency_ns : 240432.363980
Load workloads needs: 50094518975 ns 
[report] load_thread_ID : 28
[report] load_duration_ns : 50094518975
[report] load_duration_s : 50.094519
[report] load_throughput : 4158.798293
[report] load_average_latency_ns : 240454.075807
Load workloads needs: 50155699391 ns 
[report] load_thread_ID : 26
[report] load_duration_ns : 50155699391
[report] load_duration_s : 50.155699
[report] load_throughput : 4153.725350
[report] load_average_latency_ns : 240747.742273
Load workloads needs: 50168266384 ns 
[report] load_thread_ID : 22
[report] load_duration_ns : 50168266384
[report] load_duration_s : 50.168266
[report] load_throughput : 4152.684855
[report] load_average_latency_ns : 240808.063936
Load workloads needs: 50172494385 ns 
[report] load_thread_ID : 6
[report] load_duration_ns : 50172494385
[report] load_duration_s : 50.172494
[report] load_throughput : 4152.334911
[report] load_average_latency_ns : 240828.358373
Load workloads needs: 50206043421 ns 
[report] load_thread_ID : 8
[report] load_duration_ns : 50206043421
[report] load_duration_s : 50.206043
[report] load_throughput : 4149.560208
[report] load_average_latency_ns : 240989.394004
Load workloads needs: 50236874374 ns 
[report] load_thread_ID : 13
[report] load_duration_ns : 50236874374
[report] load_duration_s : 50.236874
[report] load_throughput : 4147.013575
[report] load_average_latency_ns : 241137.382815
Load workloads needs: 50239006219 ns 
[report] load_thread_ID : 10
[report] load_duration_ns : 50239006219
[report] load_duration_s : 50.239006
[report] load_throughput : 4146.837600
[report] load_average_latency_ns : 241147.615687
Load workloads needs: 50272207557 ns 
[report] load_thread_ID : 9
[report] load_duration_ns : 50272207557
[report] load_duration_s : 50.272208
[report] load_throughput : 4144.098899
[report] load_average_latency_ns : 241306.982365
Load workloads needs: 50279036142 ns 
[report] load_thread_ID : 12
[report] load_duration_ns : 50279036142
[report] load_duration_s : 50.279036
[report] load_throughput : 4143.536074
[report] load_average_latency_ns : 241339.759625
Load workloads needs: 50281404277 ns 
[report] load_thread_ID : 14
[report] load_duration_ns : 50281404277
[report] load_duration_s : 50.281404
[report] load_throughput : 4143.340923
[report] load_average_latency_ns : 241351.126691
Load workloads needs: 50286801006 ns 
[report] load_thread_ID : 0
[report] load_duration_ns : 50286801006
[report] load_duration_s : 50.286801
[report] load_throughput : 4142.896264
[report] load_average_latency_ns : 241377.031032
Load workloads needs: 50328133955 ns 
[report] load_thread_ID : 21
[report] load_duration_ns : 50328133955
[report] load_duration_s : 50.328134
[report] load_throughput : 4139.493830
[report] load_average_latency_ns : 241575.429505
Load workloads needs: 50361833181 ns 
[report] load_thread_ID : 20
[report] load_duration_ns : 50361833181
[report] load_duration_s : 50.361833
[report] load_throughput : 4136.723920
[report] load_average_latency_ns : 241737.186048
Load workloads needs: 50395947467 ns 
[report] load_thread_ID : 3
[report] load_duration_ns : 50395947467
[report] load_duration_s : 50.395947
[report] load_throughput : 4133.923668
[report] load_average_latency_ns : 241900.934883
Load workloads needs: 50396601965 ns 
[report] load_thread_ID : 11
[report] load_duration_ns : 50396601965
[report] load_duration_s : 50.396602
[report] load_throughput : 4133.869981
[report] load_average_latency_ns : 241904.076479
Load workloads needs: 50482144288 ns 
[report] load_thread_ID : 19
[report] load_duration_ns : 50482144288
[report] load_duration_s : 50.482144
[report] load_throughput : 4126.865111
[report] load_average_latency_ns : 242314.680286
Load workloads needs: 50526636751 ns 
[report] load_thread_ID : 5
[report] load_duration_ns : 50526636751
[report] load_duration_s : 50.526637
[report] load_throughput : 4123.231099
[report] load_average_latency_ns : 242528.244450
Load workloads needs: 50640793472 ns 
[report] load_thread_ID : 4
[report] load_duration_ns : 50640793472
[report] load_duration_s : 50.640793
[report] load_throughput : 4113.936329
[report] load_average_latency_ns : 243076.197588
All clients run done needs: 50638162317 ns 
[report] load_overall_duration_ns : 50638162317
[report] load_overall_duration_s : 50.638162
[report] load_overall_throughput : 197479.520236
[report] load_overall_average_latency_ns : 5063.816232
