numactl --membind=4 /mnt/nvme0/home/gxr/mongdb-run/test_mongodb/build//run_client --num_threads=92 --core_binding=0,1,2,3,4,5,6,7,8,9,10,11,12,13,14,15,128,129,130,131,132,133,134,135,136,137,138,139,140,141,142,143,16,17,18,19,20,21,22,23,24,25,26,27,28,29,30,31,144,145,146,147,148,149,150,151,152,153,154,155,156,157,158,159,32,33,34,35,36,37,38,39,40,41,42,43,44,45,46,47,160,161,162,163,164,165,166,167,168,169,170,171,172,173,174,175,48,49,50,51,52,53,54,55,56,57,58,59,60,61,62,63,176,177,178,179,180,181,182,183,184,185,186,187,188,189,190,191 --str_key_size=16 --str_key_size=256 --load_file=/mnt/nvme0/home/gxr/mongdb-run/workloads/ycsb/workloada-load-10000000-10000000.log.formated --run_file=/mnt/nvme0/home/gxr/mongdb-run/workloads/ycsb/workloada-run-10000000-10000000.log.formated --URI_set=mongodb://localhost:27017,mongodb://localhost:27018,mongodb://localhost:27019,mongodb://localhost:27020,mongodb://localhost:27021,mongodb://localhost:27022,mongodb://localhost:27023,mongodb://localhost:27024,mongodb://localhost:27025,mongodb://localhost:27026,mongodb://localhost:27027,mongodb://localhost:27028,mongodb://localhost:27029,mongodb://localhost:27030,mongodb://localhost:27031,mongodb://localhost:27032,mongodb://localhost:27033,mongodb://localhost:27034,mongodb://localhost:27035,mongodb://localhost:27036,mongodb://localhost:27037,mongodb://localhost:27038,mongodb://localhost:27039,mongodb://localhost:27040,mongodb://localhost:27041,mongodb://localhost:27042,mongodb://localhost:27043,mongodb://localhost:27044,mongodb://localhost:27045,mongodb://localhost:27046,mongodb://localhost:27047,mongodb://localhost:27048,mongodb://localhost:27049,mongodb://localhost:27050,mongodb://localhost:27051,mongodb://localhost:27052,mongodb://localhost:27053,mongodb://localhost:27054,mongodb://localhost:27055,mongodb://localhost:27056,mongodb://localhost:27057,mongodb://localhost:27058,mongodb://localhost:27059,mongodb://localhost:27060,mongodb://localhost:27061,mongodb://localhost:27062,mongodb://localhost:27063,mongodb://localhost:27064,mongodb://localhost:27065,mongodb://localhost:27066,mongodb://localhost:27067,mongodb://localhost:27068,mongodb://localhost:27069,mongodb://localhost:27070,mongodb://localhost:27071,mongodb://localhost:27072,mongodb://localhost:27073,mongodb://localhost:27074,mongodb://localhost:27075,mongodb://localhost:27076,mongodb://localhost:27077,mongodb://localhost:27078,mongodb://localhost:27079,mongodb://localhost:27080,mongodb://localhost:27081,mongodb://localhost:27082,mongodb://localhost:27083,mongodb://localhost:27084,mongodb://localhost:27085,mongodb://localhost:27086,mongodb://localhost:27087,mongodb://localhost:27088,mongodb://localhost:27089,mongodb://localhost:27090,mongodb://localhost:27091,mongodb://localhost:27092,mongodb://localhost:27093,mongodb://localhost:27094,mongodb://localhost:27095,mongodb://localhost:27096,mongodb://localhost:27097,mongodb://localhost:27098,mongodb://localhost:27099,mongodb://localhost:27100,mongodb://localhost:27101,mongodb://localhost:27102,mongodb://localhost:27103,mongodb://localhost:27104,mongodb://localhost:27105,mongodb://localhost:27106,mongodb://localhost:27107,mongodb://localhost:27108,mongodb://localhost:27109,mongodb://localhost:27110,mongodb://localhost:27111,mongodb://localhost:27112,mongodb://localhost:27113,mongodb://localhost:27114,mongodb://localhost:27115,mongodb://localhost:27116,mongodb://localhost:27117,mongodb://localhost:27118,mongodb://localhost:27119,mongodb://localhost:27120,mongodb://localhost:27121,mongodb://localhost:27122,mongodb://localhost:27123,mongodb://localhost:27124,mongodb://localhost:27125,mongodb://localhost:27126,mongodb://localhost:27127,mongodb://localhost:27128,mongodb://localhost:27129,mongodb://localhost:27130,mongodb://localhost:27131,mongodb://localhost:27132,mongodb://localhost:27133,mongodb://localhost:27134,mongodb://localhost:27135,mongodb://localhost:27136,mongodb://localhost:27137,mongodb://localhost:27138,mongodb://localhost:27139,mongodb://localhost:27140,mongodb://localhost:27141,mongodb://localhost:27142,mongodb://localhost:27143,mongodb://localhost:27144 --first_mode=false
mongodb://localhost:27017 mongodb://localhost:27018 mongodb://localhost:27019 mongodb://localhost:27020 mongodb://localhost:27021 mongodb://localhost:27022 mongodb://localhost:27023 mongodb://localhost:27024 mongodb://localhost:27025 mongodb://localhost:27026 mongodb://localhost:27027 mongodb://localhost:27028 mongodb://localhost:27029 mongodb://localhost:27030 mongodb://localhost:27031 mongodb://localhost:27032 mongodb://localhost:27033 mongodb://localhost:27034 mongodb://localhost:27035 mongodb://localhost:27036 mongodb://localhost:27037 mongodb://localhost:27038 mongodb://localhost:27039 mongodb://localhost:27040 mongodb://localhost:27041 mongodb://localhost:27042 mongodb://localhost:27043 mongodb://localhost:27044 mongodb://localhost:27045 mongodb://localhost:27046 mongodb://localhost:27047 mongodb://localhost:27048 mongodb://localhost:27049 mongodb://localhost:27050 mongodb://localhost:27051 mongodb://localhost:27052 mongodb://localhost:27053 mongodb://localhost:27054 mongodb://localhost:27055 mongodb://localhost:27056 mongodb://localhost:27057 mongodb://localhost:27058 mongodb://localhost:27059 mongodb://localhost:27060 mongodb://localhost:27061 mongodb://localhost:27062 mongodb://localhost:27063 mongodb://localhost:27064 mongodb://localhost:27065 mongodb://localhost:27066 mongodb://localhost:27067 mongodb://localhost:27068 mongodb://localhost:27069 mongodb://localhost:27070 mongodb://localhost:27071 mongodb://localhost:27072 mongodb://localhost:27073 mongodb://localhost:27074 mongodb://localhost:27075 mongodb://localhost:27076 mongodb://localhost:27077 mongodb://localhost:27078 mongodb://localhost:27079 mongodb://localhost:27080 mongodb://localhost:27081 mongodb://localhost:27082 mongodb://localhost:27083 mongodb://localhost:27084 mongodb://localhost:27085 mongodb://localhost:27086 mongodb://localhost:27087 mongodb://localhost:27088 mongodb://localhost:27089 mongodb://localhost:27090 mongodb://localhost:27091 mongodb://localhost:27092 mongodb://localhost:27093 mongodb://localhost:27094 mongodb://localhost:27095 mongodb://localhost:27096 mongodb://localhost:27097 mongodb://localhost:27098 mongodb://localhost:27099 mongodb://localhost:27100 mongodb://localhost:27101 mongodb://localhost:27102 mongodb://localhost:27103 mongodb://localhost:27104 mongodb://localhost:27105 mongodb://localhost:27106 mongodb://localhost:27107 mongodb://localhost:27108 mongodb://localhost:27109 mongodb://localhost:27110 mongodb://localhost:27111 mongodb://localhost:27112 mongodb://localhost:27113 mongodb://localhost:27114 mongodb://localhost:27115 mongodb://localhost:27116 mongodb://localhost:27117 mongodb://localhost:27118 mongodb://localhost:27119 mongodb://localhost:27120 mongodb://localhost:27121 mongodb://localhost:27122 mongodb://localhost:27123 mongodb://localhost:27124 mongodb://localhost:27125 mongodb://localhost:27126 mongodb://localhost:27127 mongodb://localhost:27128 mongodb://localhost:27129 mongodb://localhost:27130 mongodb://localhost:27131 mongodb://localhost:27132 mongodb://localhost:27133 mongodb://localhost:27134 mongodb://localhost:27135 mongodb://localhost:27136 mongodb://localhost:27137 mongodb://localhost:27138 mongodb://localhost:27139 mongodb://localhost:27140 mongodb://localhost:27141 mongodb://localhost:27142 mongodb://localhost:27143 mongodb://localhost:27144 reading workload files ...
load_filename : /mnt/nvme0/home/gxr/mongdb-run/workloads/ycsb/workloada-load-10000000-10000000.log.formated
read load file needs: 5148387804 s 
run_filename : /mnt/nvme0/home/gxr/mongdb-run/workloads/ycsb/workloada-run-10000000-10000000.log.formated
read run file needs: 5276595466 s 
num_of_load_ops is 10000000
num_of_run_ops is 10000000
0 1 2 3 4 5 6 7 8 9 10 11 12 13 14 15 128 129 130 131 132 133 134 135 136 137 138 139 140 141 142 143 16 17 18 19 20 21 22 23 24 25 26 27 28 29 30 31 144 145 146 147 148 149 150 151 152 153 154 155 156 157 158 159 32 33 34 35 36 37 38 39 40 41 42 43 44 45 46 47 160 161 162 163 164 165 166 167 168 169 170 171 172 173 174 175 48 49 50 51 52 53 54 55 56 57 58 59 60 61 62 63 176 177 178 179 180 181 182 183 184 185 186 187 188 189 190 191 URI: mongodb://localhost:27017
URI: mongodb://localhost:27024
URI: mongodb://localhost:27018
URI: mongodb://localhost:27022
URI: mongodb://localhost:27020
URI: mongodb://localhost:27021
URI: mongodb://localhost:27019
URI: mongodb://localhost:27023
URI: mongodb://localhost:27029
URI: mongodb://localhost:27031
URI: mongodb://localhost:27025
URI: URI: URI: URI: mongodb://localhost:27033
URI: mongodb://localhost:27027
mongodb://localhost:27028URI: mongodb://localhost:27032
mongodb://localhost:27030
mongodb://localhost:27026

URI: mongodb://localhost:27034
URI: mongodb://localhost:27035
URI: mongodb://localhost:27036
URI: mongodb://localhost:27037
URI: mongodb://localhost:27038
URI: mongodb://localhost:27039
URI: mongodb://localhost:27040
URI: mongodb://localhost:27041
URI: mongodb://localhost:27042
URI: mongodb://localhost:27043
URI: mongodb://localhost:27044
URI: mongodb://localhost:27045
URI: mongodb://localhost:27046
URI: mongodb://localhost:27047
URI: mongodb://localhost:27048
URI: mongodb://localhost:27049
URI: mongodb://localhost:27051
URI: mongodb://localhost:27053
URI: mongodb://localhost:27052
URI: mongodb://localhost:27050
URI: mongodb://localhost:27055
URI: mongodb://localhost:27056
URI: mongodb://localhost:27054
URI: mongodb://localhost:27058
URI: mongodb://localhost:27059
URI: mongodb://localhost:27057
URI: mongodb://localhost:27061
URI: URI: mongodb://localhost:27062
mongodb://localhost:27060
URI: mongodb://localhost:27063
URI: mongodb://localhost:27064
URI: mongodb://localhost:27065
URI: mongodb://localhost:27066
URI: mongodb://localhost:27067
URI: mongodb://localhost:27068
URI: mongodb://localhost:27069
URI: mongodb://localhost:27070
URI: mongodb://localhost:27073
URI: mongodb://localhost:27074
URI: mongodb://localhost:27075
URI: mongodb://localhost:27076
URI: mongodb://localhost:27072
URI: mongodb://localhost:27077
URI: mongodb://localhost:27078
URI: mongodb://localhost:27071
URI: mongodb://localhost:27079
URI: mongodb://localhost:27080
URI: mongodb://localhost:27081
URI: mongodb://localhost:27083
URI: mongodb://localhost:27082
URI: mongodb://localhost:27084
URI: mongodb://localhost:27085
URI: mongodb://localhost:27086
URI: mongodb://localhost:27087
URI: mongodb://localhost:27088
URI: mongodb://localhost:27090
URI: mongodb://localhost:27089
URI: mongodb://localhost:27091
URI: mongodb://localhost:27092
URI: mongodb://localhost:27093
URI: mongodb://localhost:27094
URI: mongodb://localhost:27095
URI: mongodb://localhost:27096
URI: mongodb://localhost:27097
URI: mongodb://localhost:27098
URI: mongodb://localhost:27099
URI: mongodb://localhost:27100
URI: mongodb://localhost:27102
URI: mongodb://localhost:27101
URI: mongodb://localhost:27103
URI: mongodb://localhost:27104
URI: mongodb://localhost:27106
URI: mongodb://localhost:27108
URI: mongodb://localhost:27107
URI: mongodb://localhost:27105
Load workloads needs: 21248704487 ns 
[report] load_thread_ID : 12
[report] load_duration_ns : 21248704487
[report] load_duration_s : 21.248704
[report] load_throughput : 5115.370684
[report] load_average_latency_ns : 195489.254216
Load workloads needs: 21485752892 ns 
[report] load_thread_ID : 28
[report] load_duration_ns : 21485752892
[report] load_duration_s : 21.485753
[report] load_throughput : 5058.933729
[report] load_average_latency_ns : 197670.112627
Load workloads needs: 21492701504 ns 
[report] load_thread_ID : 26
[report] load_duration_ns : 21492701504
[report] load_duration_s : 21.492702
[report] load_throughput : 5057.298171
[report] load_average_latency_ns : 197734.040241
Load workloads needs: 21780091140 ns 
[report] load_thread_ID : 10
[report] load_duration_ns : 21780091140
[report] load_duration_s : 21.780091
[report] load_throughput : 4990.566812
[report] load_average_latency_ns : 200378.040756
Load workloads needs: 21983679602 ns 
[report] load_thread_ID : 19
[report] load_duration_ns : 21983679602
[report] load_duration_s : 21.983680
[report] load_throughput : 4944.349716
[report] load_average_latency_ns : 202251.065845
Load workloads needs: 22201842257 ns 
[report] load_thread_ID : 25
[report] load_duration_ns : 22201842257
[report] load_duration_s : 22.201842
[report] load_throughput : 4895.764898
[report] load_average_latency_ns : 204258.174313
Load workloads needs: 22206535564 ns 
[report] load_thread_ID : 9
[report] load_duration_ns : 22206535564
[report] load_duration_s : 22.206536
[report] load_throughput : 4894.730188
[report] load_average_latency_ns : 204301.352997
Load workloads needs: 22307364253 ns 
[report] load_thread_ID : 4
[report] load_duration_ns : 22307364253
[report] load_duration_s : 22.307364
[report] load_throughput : 4872.606139
[report] load_average_latency_ns : 205228.982501
Load workloads needs: 22311971011 ns 
[report] load_thread_ID : 15
[report] load_duration_ns : 22311971011
[report] load_duration_s : 22.311971
[report] load_throughput : 4871.600091
[report] load_average_latency_ns : 205271.364929
Load workloads needs: 22521957847 ns 
[report] load_thread_ID : 1
[report] load_duration_ns : 22521957847
[report] load_duration_s : 22.521958
[report] load_throughput : 4826.179000
[report] load_average_latency_ns : 207203.255412
Load workloads needs: 22932758462 ns 
[report] load_thread_ID : 2
[report] load_duration_ns : 22932758462
[report] load_duration_s : 22.932758
[report] load_throughput : 4739.726369
[report] load_average_latency_ns : 210982.643746
Load workloads needs: 23067360153 ns 
[report] load_thread_ID : 17
[report] load_duration_ns : 23067360153
[report] load_duration_s : 23.067360
[report] load_throughput : 4712.069317
[report] load_average_latency_ns : 212220.986734
Load workloads needs: 23215265790 ns 
[report] load_thread_ID : 24
[report] load_duration_ns : 23215265790
[report] load_duration_s : 23.215266
[report] load_throughput : 4682.048484
[report] load_average_latency_ns : 213581.726758
Load workloads needs: 23278861685 ns 
[report] load_thread_ID : 31
[report] load_duration_ns : 23278861685
[report] load_duration_s : 23.278862
[report] load_throughput : 4669.257521
[report] load_average_latency_ns : 214166.812503
Load workloads needs: 23343125398 ns 
[report] load_thread_ID : 16
[report] load_duration_ns : 23343125398
[report] load_duration_s : 23.343125
[report] load_throughput : 4656.403037
[report] load_average_latency_ns : 214758.042210
Load workloads needs: 23441331304 ns 
[report] load_thread_ID : 23
[report] load_duration_ns : 23441331304
[report] load_duration_s : 23.441331
[report] load_throughput : 4636.895345
[report] load_average_latency_ns : 215661.541966
Load workloads needs: 23697054111 ns 
[report] load_thread_ID : 22
[report] load_duration_ns : 23697054111
[report] load_duration_s : 23.697054
[report] load_throughput : 4586.857062
[report] load_average_latency_ns : 218014.205906
Load workloads needs: 23715920912 ns 
[report] load_thread_ID : 5
[report] load_duration_ns : 23715920912
[report] load_duration_s : 23.715921
[report] load_throughput : 4583.208065
[report] load_average_latency_ns : 218187.781517
Load workloads needs: 23729525467 ns 
[report] load_thread_ID : 13
[report] load_duration_ns : 23729525467
[report] load_duration_s : 23.729525
[report] load_throughput : 4580.580431
[report] load_average_latency_ns : 218312.944174
Load workloads needs: 23728312620 ns 
[report] load_thread_ID : 75
[report] load_duration_ns : 23728312620
[report] load_duration_s : 23.728313
[report] load_throughput : 4580.814563
[report] load_average_latency_ns : 218301.785915
Load workloads needs: 23797265991 ns 
[report] load_thread_ID : 14
[report] load_duration_ns : 23797265991
[report] load_duration_s : 23.797266
[report] load_throughput : 4567.541500
[report] load_average_latency_ns : 218936.160734
Load workloads needs: 23869799153 ns 
[report] load_thread_ID : 29
[report] load_duration_ns : 23869799153
[report] load_duration_s : 23.869799
[report] load_throughput : 4553.662111
[report] load_average_latency_ns : 219603.469828
Load workloads needs: 23945922286 ns 
[report] load_thread_ID : 8
[report] load_duration_ns : 23945922286
[report] load_duration_s : 23.945922
[report] load_throughput : 4539.186201
[report] load_average_latency_ns : 220303.806854
Load workloads needs: 24032018343 ns 
[report] load_thread_ID : 27
[report] load_duration_ns : 24032018343
[report] load_duration_s : 24.032018
[report] load_throughput : 4522.924311
[report] load_average_latency_ns : 221095.895331
Load workloads needs: 24130777417 ns 
[report] load_thread_ID : 6
[report] load_duration_ns : 24130777417
[report] load_duration_s : 24.130777
[report] load_throughput : 4504.413518
[report] load_average_latency_ns : 222004.484263
Load workloads needs: 24158597724 ns 
[report] load_thread_ID : 20
[report] load_duration_ns : 24158597724
[report] load_duration_s : 24.158598
[report] load_throughput : 4499.226372
[report] load_average_latency_ns : 222260.432623
Load workloads needs: 24200117037 ns 
[report] load_thread_ID : 11
[report] load_duration_ns : 24200117037
[report] load_duration_s : 24.200117
[report] load_throughput : 4491.507204
[report] load_average_latency_ns : 222642.412595
Load workloads needs: 24196736506 ns 
[report] load_thread_ID : 30
[report] load_duration_ns : 24196736506
[report] load_duration_s : 24.196737
[report] load_throughput : 4492.134713
[report] load_average_latency_ns : 222611.311523
Load workloads needs: 24293344575 ns 
[report] load_thread_ID : 65
[report] load_duration_ns : 24293344575
[report] load_duration_s : 24.293345
[report] load_throughput : 4474.270707
[report] load_average_latency_ns : 223500.111091
Load workloads needs: 24314150351 ns 
[report] load_thread_ID : 74
[report] load_duration_ns : 24314150351
[report] load_duration_s : 24.314150
[report] load_throughput : 4470.442044
[report] load_average_latency_ns : 223691.525378
Load workloads needs: 24343753164 ns 
[report] load_thread_ID : 86
[report] load_duration_ns : 24343753164
[report] load_duration_s : 24.343753
[report] load_throughput : 4465.005838
[report] load_average_latency_ns : 223963.872892
Load workloads needs: 24371240193 ns 
[report] load_thread_ID : 77
[report] load_duration_ns : 24371240193
[report] load_duration_s : 24.371240
[report] load_throughput : 4459.969995
[report] load_average_latency_ns : 224216.755076
Load workloads needs: 24496245069 ns 
[report] load_thread_ID : 18
[report] load_duration_ns : 24496245069
[report] load_duration_s : 24.496245
[report] load_throughput : 4437.210670
[report] load_average_latency_ns : 225366.806836
Load workloads needs: 24514821821 ns 
[report] load_thread_ID : 68
[report] load_duration_ns : 24514821821
[report] load_duration_s : 24.514822
[report] load_throughput : 4433.848257
[report] load_average_latency_ns : 225537.713979
Load workloads needs: 24539232637 ns 
[report] load_thread_ID : 72
[report] load_duration_ns : 24539232637
[report] load_duration_s : 24.539233
[report] load_throughput : 4429.437612
[report] load_average_latency_ns : 225762.294834
Load workloads needs: 24667062487 ns 
[report] load_thread_ID : 3
[report] load_duration_ns : 24667062487
[report] load_duration_s : 24.667062
[report] load_throughput : 4406.483344
[report] load_average_latency_ns : 226938.336510
Load workloads needs: 24729064906 ns 
[report] load_thread_ID : 7
[report] load_duration_ns : 24729064906
[report] load_duration_s : 24.729065
[report] load_throughput : 4395.435105
[report] load_average_latency_ns : 227508.762188
Load workloads needs: 24805546478 ns 
[report] load_thread_ID : 21
[report] load_duration_ns : 24805546478
[report] load_duration_s : 24.805546
[report] load_throughput : 4381.882903
[report] load_average_latency_ns : 228212.396872
Load workloads needs: 24894332717 ns 
[report] load_thread_ID : 0
[report] load_duration_ns : 24894332717
[report] load_duration_s : 24.894333
[report] load_throughput : 4366.254811
[report] load_average_latency_ns : 229029.235172
Load workloads needs: 24963852366 ns 
[report] load_thread_ID : 84
[report] load_duration_ns : 24963852366
[report] load_duration_s : 24.963852
[report] load_throughput : 4354.095610
[report] load_average_latency_ns : 229668.819780
Load workloads needs: 24998520757 ns 
[report] load_thread_ID : 54
[report] load_duration_ns : 24998520757
[report] load_duration_s : 24.998521
[report] load_throughput : 4348.057273
[report] load_average_latency_ns : 229987.770891
Load workloads needs: 25041717355 ns 
[report] load_thread_ID : 83
[report] load_duration_ns : 25041717355
[report] load_duration_s : 25.041717
[report] load_throughput : 4340.556938
[report] load_average_latency_ns : 230385.181977
Load workloads needs: 25150585533 ns 
[report] load_thread_ID : 57
[report] load_duration_ns : 25150585533
[report] load_duration_s : 25.150586
[report] load_throughput : 4321.768169
[report] load_average_latency_ns : 231386.775224
Load workloads needs: 25311210706 ns 
[report] load_thread_ID : 88
[report] load_duration_ns : 25311210706
[report] load_duration_s : 25.311211
[report] load_throughput : 4294.342189
[report] load_average_latency_ns : 232864.535682
Load workloads needs: 25379579738 ns 
[report] load_thread_ID : 49
[report] load_duration_ns : 25379579738
[report] load_duration_s : 25.379580
[report] load_throughput : 4282.773833
[report] load_average_latency_ns : 233493.534551
Load workloads needs: 25475179932 ns 
[report] load_thread_ID : 73
[report] load_duration_ns : 25475179932
[report] load_duration_s : 25.475180
[report] load_throughput : 4266.701954
[report] load_average_latency_ns : 234373.061613
Load workloads needs: 25496113957 ns 
[report] load_thread_ID : 91
[report] load_duration_ns : 25496113957
[report] load_duration_s : 25.496114
[report] load_throughput : 4263.198705
[report] load_average_latency_ns : 234565.655798
Load workloads needs: 25513652521 ns 
[report] load_thread_ID : 90
[report] load_duration_ns : 25513652521
[report] load_duration_s : 25.513653
[report] load_throughput : 4260.268102
[report] load_average_latency_ns : 234727.011555
Load workloads needs: 25665967567 ns 
[report] load_thread_ID : 41
[report] load_duration_ns : 25665967567
[report] load_duration_s : 25.665968
[report] load_throughput : 4234.985481
[report] load_average_latency_ns : 236128.318386
Load workloads needs: 25902362273 ns 
[report] load_thread_ID : 58
[report] load_duration_ns : 25902362273
[report] load_duration_s : 25.902362
[report] load_throughput : 4196.335410
[report] load_average_latency_ns : 238303.162731
Load workloads needs: 25974250327 ns 
[report] load_thread_ID : 39
[report] load_duration_ns : 25974250327
[report] load_duration_s : 25.974250
[report] load_throughput : 4184.721354
[report] load_average_latency_ns : 238964.536796
Load workloads needs: 26035393719 ns 
[report] load_thread_ID : 66
[report] load_duration_ns : 26035393719
[report] load_duration_s : 26.035394
[report] load_throughput : 4174.893653
[report] load_average_latency_ns : 239527.059377
Load workloads needs: 26072005353 ns 
[report] load_thread_ID : 69
[report] load_duration_ns : 26072005353
[report] load_duration_s : 26.072005
[report] load_throughput : 4169.031056
[report] load_average_latency_ns : 239863.888431
Load workloads needs: 26293791768 ns 
[report] load_thread_ID : 78
[report] load_duration_ns : 26293791768
[report] load_duration_s : 26.293792
[report] load_throughput : 4133.865551
[report] load_average_latency_ns : 241904.335692
Load workloads needs: 26333193497 ns 
[report] load_thread_ID : 89
[report] load_duration_ns : 26333193497
[report] load_duration_s : 26.333193
[report] load_throughput : 4127.680147
[report] load_average_latency_ns : 242266.833773
Load workloads needs: 26399863974 ns 
[report] load_thread_ID : 47
[report] load_duration_ns : 26399863974
[report] load_duration_s : 26.399864
[report] load_throughput : 4117.256063
[report] load_average_latency_ns : 242880.205842
Load workloads needs: 26540755289 ns 
[report] load_thread_ID : 38
[report] load_duration_ns : 26540755289
[report] load_duration_s : 26.540755
[report] load_throughput : 4095.399653
[report] load_average_latency_ns : 244176.413717
Load workloads needs: 26572325816 ns 
[report] load_thread_ID : 85
[report] load_duration_ns : 26572325816
[report] load_duration_s : 26.572326
[report] load_throughput : 4090.533917
[report] load_average_latency_ns : 244466.864308
Load workloads needs: 26594159080 ns 
[report] load_thread_ID : 67
[report] load_duration_ns : 26594159080
[report] load_duration_s : 26.594159
[report] load_throughput : 4087.175672
[report] load_average_latency_ns : 244667.731542
Load workloads needs: 26605673850 ns 
[report] load_thread_ID : 56
[report] load_duration_ns : 26605673850
[report] load_duration_s : 26.605674
[report] load_throughput : 4085.406767
[report] load_average_latency_ns : 244773.668062
Load workloads needs: 26668014688 ns 
[report] load_thread_ID : 45
[report] load_duration_ns : 26668014688
[report] load_duration_s : 26.668015
[report] load_throughput : 4075.856462
[report] load_average_latency_ns : 245347.207213
Load workloads needs: 26675804108 ns 
[report] load_thread_ID : 76
[report] load_duration_ns : 26675804108
[report] load_duration_s : 26.675804
[report] load_throughput : 4074.666299
[report] load_average_latency_ns : 245418.870307
Load workloads needs: 26683740318 ns 
[report] load_thread_ID : 40
[report] load_duration_ns : 26683740318
[report] load_duration_s : 26.683740
[report] load_throughput : 4073.454422
[report] load_average_latency_ns : 245491.883877
Load workloads needs: 26700046535 ns 
[report] load_thread_ID : 44
[report] load_duration_ns : 26700046535
[report] load_duration_s : 26.700047
[report] load_throughput : 4070.966688
[report] load_average_latency_ns : 245641.901973
Load workloads needs: 26759713831 ns 
[report] load_thread_ID : 71
[report] load_duration_ns : 26759713831
[report] load_duration_s : 26.759714
[report] load_throughput : 4061.889476
[report] load_average_latency_ns : 246190.844390
Load workloads needs: 26801985701 ns 
[report] load_thread_ID : 63
[report] load_duration_ns : 26801985701
[report] load_duration_s : 26.801986
[report] load_throughput : 4055.483098
[report] load_average_latency_ns : 246579.747928
Load workloads needs: 26812867933 ns 
[report] load_thread_ID : 80
[report] load_duration_ns : 26812867933
[report] load_duration_s : 26.812868
[report] load_throughput : 4053.837145
[report] load_average_latency_ns : 246679.865063
Load workloads needs: 26837149339 ns 
[report] load_thread_ID : 61
[report] load_duration_ns : 26837149339
[report] load_duration_s : 26.837149
[report] load_throughput : 4050.169361
[report] load_average_latency_ns : 246903.255338
Load workloads needs: 26856317120 ns 
[report] load_thread_ID : 60
[report] load_duration_ns : 26856317120
[report] load_duration_s : 26.856317
[report] load_throughput : 4047.278691
[report] load_average_latency_ns : 247079.599982
Load workloads needs: 26966096665 ns 
[report] load_thread_ID : 70
[report] load_duration_ns : 26966096665
[report] load_duration_s : 26.966097
[report] load_throughput : 4030.802135
[report] load_average_latency_ns : 248089.577855
Load workloads needs: 26988533768 ns 
[report] load_thread_ID : 79
[report] load_duration_ns : 26988533768
[report] load_duration_s : 26.988534
[report] load_throughput : 4027.451100
[report] load_average_latency_ns : 248296.000442
Load workloads needs: 27105312144 ns 
[report] load_thread_ID : 81
[report] load_duration_ns : 27105312144
[report] load_duration_s : 27.105312
[report] load_throughput : 4010.099549
[report] load_average_latency_ns : 249370.367947
Load workloads needs: 27143752005 ns 
[report] load_thread_ID : 64
[report] load_duration_ns : 27143752005
[report] load_duration_s : 27.143752
[report] load_throughput : 4004.420611
[report] load_average_latency_ns : 249724.016790
Load workloads needs: 27146054008 ns 
[report] load_thread_ID : 52
[report] load_duration_ns : 27146054008
[report] load_duration_s : 27.146054
[report] load_throughput : 4004.081034
[report] load_average_latency_ns : 249745.195345
Load workloads needs: 27157691439 ns 
[report] load_thread_ID : 46
[report] load_duration_ns : 27157691439
[report] load_duration_s : 27.157691
[report] load_throughput : 4002.365232
[report] load_average_latency_ns : 249852.260352
Load workloads needs: 27182915423 ns 
[report] load_thread_ID : 82
[report] load_duration_ns : 27182915423
[report] load_duration_s : 27.182915
[report] load_throughput : 3998.651297
[report] load_average_latency_ns : 250084.322398
Load workloads needs: 27206067583 ns 
[report] load_thread_ID : 42
[report] load_duration_ns : 27206067583
[report] load_duration_s : 27.206068
[report] load_throughput : 3995.248474
[report] load_average_latency_ns : 250297.323548
Load workloads needs: 27255026926 ns 
[report] load_thread_ID : 87
[report] load_duration_ns : 27255026926
[report] load_duration_s : 27.255027
[report] load_throughput : 3988.071643
[report] load_average_latency_ns : 250747.752206
Load workloads needs: 27315908129 ns 
[report] load_thread_ID : 62
[report] load_duration_ns : 27315908129
[report] load_duration_s : 27.315908
[report] load_throughput : 3979.183100
[report] load_average_latency_ns : 251307.862634
Load workloads needs: 27417979704 ns 
[report] load_thread_ID : 59
[report] load_duration_ns : 27417979704
[report] load_duration_s : 27.417980
[report] load_throughput : 3964.369409
[report] load_average_latency_ns : 252246.926758
Load workloads needs: 27506556444 ns 
[report] load_thread_ID : 43
[report] load_duration_ns : 27506556444
[report] load_duration_s : 27.506556
[report] load_throughput : 3951.603329
[report] load_average_latency_ns : 253061.837656
Load workloads needs: 27567027438 ns 
[report] load_thread_ID : 53
[report] load_duration_ns : 27567027438
[report] load_duration_s : 27.567027
[report] load_throughput : 3942.935097
[report] load_average_latency_ns : 253618.174139
Load workloads needs: 27691096436 ns 
[report] load_thread_ID : 36
[report] load_duration_ns : 27691096436
[report] load_duration_s : 27.691096
[report] load_throughput : 3925.268913
[report] load_average_latency_ns : 254759.615769
Load workloads needs: 27958281923 ns 
[report] load_thread_ID : 55
[report] load_duration_ns : 27958281923
[report] load_duration_s : 27.958282
[report] load_throughput : 3887.756776
[report] load_average_latency_ns : 257217.736998
Load workloads needs: 28186308661 ns 
[report] load_thread_ID : 34
[report] load_duration_ns : 28186308661
[report] load_duration_s : 28.186309
[report] load_throughput : 3856.304893
[report] load_average_latency_ns : 259315.595575
Load workloads needs: 28375166702 ns 
[report] load_thread_ID : 32
[report] load_duration_ns : 28375166702
[report] load_duration_s : 28.375167
[report] load_throughput : 3830.638288
[report] load_average_latency_ns : 261053.099977
Load workloads needs: 28412931433 ns 
[report] load_thread_ID : 50
[report] load_duration_ns : 28412931433
[report] load_duration_s : 28.412931
[report] load_throughput : 3825.546838
[report] load_average_latency_ns : 261400.537587
Load workloads needs: 28541083532 ns 
[report] load_thread_ID : 33
[report] load_duration_ns : 28541083532
[report] load_duration_s : 28.541084
[report] load_throughput : 3808.369780
[report] load_average_latency_ns : 262579.543972
Load workloads needs: 28577192458 ns 
[report] load_thread_ID : 48
[report] load_duration_ns : 28577192458
[report] load_duration_s : 28.577192
[report] load_throughput : 3803.557685
[report] load_average_latency_ns : 262911.748084
Load workloads needs: 28596988456 ns 
[report] load_thread_ID : 37
[report] load_duration_ns : 28596988456
[report] load_duration_s : 28.596988
[report] load_throughput : 3800.924708
[report] load_average_latency_ns : 263093.872358
Load workloads needs: 28707818939 ns 
[report] load_thread_ID : 51
[report] load_duration_ns : 28707818939
[report] load_duration_s : 28.707819
[report] load_throughput : 3786.250716
[report] load_average_latency_ns : 264113.518920
Load workloads needs: 28988341712 ns 
[report] load_thread_ID : 35
[report] load_duration_ns : 28988341712
[report] load_duration_s : 28.988342
[report] load_throughput : 3749.610829
[report] load_average_latency_ns : 266694.343916
All clients run done needs: 28981764169 ns 
[report] load_overall_duration_ns : 28981764169
[report] load_overall_duration_s : 28.981764
[report] load_overall_throughput : 345044.557732
[report] load_overall_average_latency_ns : 2898.176417
