numactl --membind=4 /mnt/nvme0/home/gxr/mongdb-run/test_mongodb/build//run_client --num_threads=20 --core_binding=0,1,2,3,4,5,6,7,8,9,10,11,12,13,14,15,128,129,130,131,132,133,134,135,136,137,138,139,140,141,142,143,16,17,18,19,20,21,22,23,24,25,26,27,28,29,30,31,144,145,146,147,148,149,150,151,152,153,154,155,156,157,158,159,32,33,34,35,36,37,38,39,40,41,42,43,44,45,46,47,160,161,162,163,164,165,166,167,168,169,170,171,172,173,174,175,48,49,50,51,52,53,54,55,56,57,58,59,60,61,62,63,176,177,178,179,180,181,182,183,184,185,186,187,188,189,190,191 --str_key_size=16 --str_key_size=256 --load_file=/mnt/nvme0/home/gxr/mongdb-run/workloads/ycsb/workloada-load-10000000-10000000.log.formated --run_file=/mnt/nvme0/home/gxr/mongdb-run/workloads/ycsb/workloada-run-10000000-10000000.log.formated --URI_set=mongodb://localhost:27017,mongodb://localhost:27018,mongodb://localhost:27019,mongodb://localhost:27020,mongodb://localhost:27021,mongodb://localhost:27022,mongodb://localhost:27023,mongodb://localhost:27024,mongodb://localhost:27025,mongodb://localhost:27026,mongodb://localhost:27027,mongodb://localhost:27028,mongodb://localhost:27029,mongodb://localhost:27030,mongodb://localhost:27031,mongodb://localhost:27032,mongodb://localhost:27033,mongodb://localhost:27034,mongodb://localhost:27035,mongodb://localhost:27036,mongodb://localhost:27037,mongodb://localhost:27038,mongodb://localhost:27039,mongodb://localhost:27040,mongodb://localhost:27041,mongodb://localhost:27042,mongodb://localhost:27043,mongodb://localhost:27044,mongodb://localhost:27045,mongodb://localhost:27046,mongodb://localhost:27047,mongodb://localhost:27048,mongodb://localhost:27049,mongodb://localhost:27050,mongodb://localhost:27051,mongodb://localhost:27052,mongodb://localhost:27053,mongodb://localhost:27054,mongodb://localhost:27055,mongodb://localhost:27056,mongodb://localhost:27057,mongodb://localhost:27058,mongodb://localhost:27059,mongodb://localhost:27060,mongodb://localhost:27061,mongodb://localhost:27062,mongodb://localhost:27063,mongodb://localhost:27064,mongodb://localhost:27065,mongodb://localhost:27066,mongodb://localhost:27067,mongodb://localhost:27068,mongodb://localhost:27069,mongodb://localhost:27070,mongodb://localhost:27071,mongodb://localhost:27072,mongodb://localhost:27073,mongodb://localhost:27074,mongodb://localhost:27075,mongodb://localhost:27076,mongodb://localhost:27077,mongodb://localhost:27078,mongodb://localhost:27079,mongodb://localhost:27080,mongodb://localhost:27081,mongodb://localhost:27082,mongodb://localhost:27083,mongodb://localhost:27084,mongodb://localhost:27085,mongodb://localhost:27086,mongodb://localhost:27087,mongodb://localhost:27088,mongodb://localhost:27089,mongodb://localhost:27090,mongodb://localhost:27091,mongodb://localhost:27092,mongodb://localhost:27093,mongodb://localhost:27094,mongodb://localhost:27095,mongodb://localhost:27096,mongodb://localhost:27097,mongodb://localhost:27098,mongodb://localhost:27099,mongodb://localhost:27100,mongodb://localhost:27101,mongodb://localhost:27102,mongodb://localhost:27103,mongodb://localhost:27104,mongodb://localhost:27105,mongodb://localhost:27106,mongodb://localhost:27107,mongodb://localhost:27108,mongodb://localhost:27109,mongodb://localhost:27110,mongodb://localhost:27111,mongodb://localhost:27112,mongodb://localhost:27113,mongodb://localhost:27114,mongodb://localhost:27115,mongodb://localhost:27116,mongodb://localhost:27117,mongodb://localhost:27118,mongodb://localhost:27119,mongodb://localhost:27120,mongodb://localhost:27121,mongodb://localhost:27122,mongodb://localhost:27123,mongodb://localhost:27124,mongodb://localhost:27125,mongodb://localhost:27126,mongodb://localhost:27127,mongodb://localhost:27128,mongodb://localhost:27129,mongodb://localhost:27130,mongodb://localhost:27131,mongodb://localhost:27132,mongodb://localhost:27133,mongodb://localhost:27134,mongodb://localhost:27135,mongodb://localhost:27136,mongodb://localhost:27137,mongodb://localhost:27138,mongodb://localhost:27139,mongodb://localhost:27140,mongodb://localhost:27141,mongodb://localhost:27142,mongodb://localhost:27143,mongodb://localhost:27144 --first_mode=false
mongodb://localhost:27017 mongodb://localhost:27018 mongodb://localhost:27019 mongodb://localhost:27020 mongodb://localhost:27021 mongodb://localhost:27022 mongodb://localhost:27023 mongodb://localhost:27024 mongodb://localhost:27025 mongodb://localhost:27026 mongodb://localhost:27027 mongodb://localhost:27028 mongodb://localhost:27029 mongodb://localhost:27030 mongodb://localhost:27031 mongodb://localhost:27032 mongodb://localhost:27033 mongodb://localhost:27034 mongodb://localhost:27035 mongodb://localhost:27036 mongodb://localhost:27037 mongodb://localhost:27038 mongodb://localhost:27039 mongodb://localhost:27040 mongodb://localhost:27041 mongodb://localhost:27042 mongodb://localhost:27043 mongodb://localhost:27044 mongodb://localhost:27045 mongodb://localhost:27046 mongodb://localhost:27047 mongodb://localhost:27048 mongodb://localhost:27049 mongodb://localhost:27050 mongodb://localhost:27051 mongodb://localhost:27052 mongodb://localhost:27053 mongodb://localhost:27054 mongodb://localhost:27055 mongodb://localhost:27056 mongodb://localhost:27057 mongodb://localhost:27058 mongodb://localhost:27059 mongodb://localhost:27060 mongodb://localhost:27061 mongodb://localhost:27062 mongodb://localhost:27063 mongodb://localhost:27064 mongodb://localhost:27065 mongodb://localhost:27066 mongodb://localhost:27067 mongodb://localhost:27068 mongodb://localhost:27069 mongodb://localhost:27070 mongodb://localhost:27071 mongodb://localhost:27072 mongodb://localhost:27073 mongodb://localhost:27074 mongodb://localhost:27075 mongodb://localhost:27076 mongodb://localhost:27077 mongodb://localhost:27078 mongodb://localhost:27079 mongodb://localhost:27080 mongodb://localhost:27081 mongodb://localhost:27082 mongodb://localhost:27083 mongodb://localhost:27084 mongodb://localhost:27085 mongodb://localhost:27086 mongodb://localhost:27087 mongodb://localhost:27088 mongodb://localhost:27089 mongodb://localhost:27090 mongodb://localhost:27091 mongodb://localhost:27092 mongodb://localhost:27093 mongodb://localhost:27094 mongodb://localhost:27095 mongodb://localhost:27096 mongodb://localhost:27097 mongodb://localhost:27098 mongodb://localhost:27099 mongodb://localhost:27100 mongodb://localhost:27101 mongodb://localhost:27102 mongodb://localhost:27103 mongodb://localhost:27104 mongodb://localhost:27105 mongodb://localhost:27106 mongodb://localhost:27107 mongodb://localhost:27108 mongodb://localhost:27109 mongodb://localhost:27110 mongodb://localhost:27111 mongodb://localhost:27112 mongodb://localhost:27113 mongodb://localhost:27114 mongodb://localhost:27115 mongodb://localhost:27116 mongodb://localhost:27117 mongodb://localhost:27118 mongodb://localhost:27119 mongodb://localhost:27120 mongodb://localhost:27121 mongodb://localhost:27122 mongodb://localhost:27123 mongodb://localhost:27124 mongodb://localhost:27125 mongodb://localhost:27126 mongodb://localhost:27127 mongodb://localhost:27128 mongodb://localhost:27129 mongodb://localhost:27130 mongodb://localhost:27131 mongodb://localhost:27132 mongodb://localhost:27133 mongodb://localhost:27134 mongodb://localhost:27135 mongodb://localhost:27136 mongodb://localhost:27137 mongodb://localhost:27138 mongodb://localhost:27139 mongodb://localhost:27140 mongodb://localhost:27141 mongodb://localhost:27142 mongodb://localhost:27143 mongodb://localhost:27144 reading workload files ...
load_filename : /mnt/nvme0/home/gxr/mongdb-run/workloads/ycsb/workloada-load-10000000-10000000.log.formated
read load file needs: 5013861740 s 
run_filename : /mnt/nvme0/home/gxr/mongdb-run/workloads/ycsb/workloada-run-10000000-10000000.log.formated
read run file needs: 5120222062 s 
num_of_load_ops is 10000000
num_of_run_ops is 10000000
0 1 2 3 4 5 6 7 8 9 10 11 12 13 14 15 128 129 130 131 132 133 134 135 136 137 138 139 140 141 142 143 16 17 18 19 20 21 22 23 24 25 26 27 28 29 30 31 144 145 146 147 148 149 150 151 152 153 154 155 156 157 158 159 32 33 34 35 36 37 38 39 40 41 42 43 44 45 46 47 160 161 162 163 164 165 166 167 168 169 170 171 172 173 174 175 48 49 50 51 52 53 54 55 56 57 58 59 60 61 62 63 176 177 178 179 180 181 182 183 184 185 186 187 188 189 190 191 URI: URI: mongodb://localhost:27026
URI: mongodb://localhost:27018
URI: mongodb://localhost:27033
URI: mongodb://localhost:27034
URI: mongodb://localhost:27022
URI: URI: mongodb://localhost:27023mongodb://localhost:27021
mongodb://localhost:27017
URI: mongodb://localhost:27020
URI: URI: mongodb://localhost:27035mongodb://localhost:27024URI: mongodb://localhost:27025
URI: mongodb://localhost:27027
URI: mongodb://localhost:27019
URI: mongodb://localhost:27028

URI: mongodb://localhost:27029
URI: URI: mongodb://localhost:27031
mongodb://localhost:27036


URI: URI: mongodb://localhost:27032
mongodb://localhost:27030
Load workloads needs: 81737088520 ns 
[report] load_thread_ID : 8
[report] load_duration_ns : 81737088520
[report] load_duration_s : 81.737089
[report] load_throughput : 6117.174089
[report] load_average_latency_ns : 163474.177040
Load workloads needs: 82768184721 ns 
[report] load_thread_ID : 14
[report] load_duration_ns : 82768184721
[report] load_duration_s : 82.768185
[report] load_throughput : 6040.968540
[report] load_average_latency_ns : 165536.369442
Load workloads needs: 84939985443 ns 
[report] load_thread_ID : 18
[report] load_duration_ns : 84939985443
[report] load_duration_s : 84.939985
[report] load_throughput : 5886.509132
[report] load_average_latency_ns : 169879.970886
Load workloads needs: 85228816269 ns 
[report] load_thread_ID : 15
[report] load_duration_ns : 85228816269
[report] load_duration_s : 85.228816
[report] load_throughput : 5866.560418
[report] load_average_latency_ns : 170457.632538
Load workloads needs: 85251662898 ns 
[report] load_thread_ID : 12
[report] load_duration_ns : 85251662898
[report] load_duration_s : 85.251663
[report] load_throughput : 5864.988236
[report] load_average_latency_ns : 170503.325796
Load workloads needs: 85887179408 ns 
[report] load_thread_ID : 13
[report] load_duration_ns : 85887179408
[report] load_duration_s : 85.887179
[report] load_throughput : 5821.590643
[report] load_average_latency_ns : 171774.358816
Load workloads needs: 85971849719 ns 
[report] load_thread_ID : 11
[report] load_duration_ns : 85971849719
[report] load_duration_s : 85.971850
[report] load_throughput : 5815.857186
[report] load_average_latency_ns : 171943.699438
Load workloads needs: 86612106530 ns 
[report] load_thread_ID : 9
[report] load_duration_ns : 86612106530
[report] load_duration_s : 86.612107
[report] load_throughput : 5772.865019
[report] load_average_latency_ns : 173224.213060
Load workloads needs: 86638499215 ns 
[report] load_thread_ID : 10
[report] load_duration_ns : 86638499215
[report] load_duration_s : 86.638499
[report] load_throughput : 5771.106431
[report] load_average_latency_ns : 173276.998430
Load workloads needs: 88486199988 ns 
[report] load_thread_ID : 17
[report] load_duration_ns : 88486199988
[report] load_duration_s : 88.486200
[report] load_throughput : 5650.598625
[report] load_average_latency_ns : 176972.399976
Load workloads needs: 89470587991 ns 
[report] load_thread_ID : 3
[report] load_duration_ns : 89470587991
[report] load_duration_s : 89.470588
[report] load_throughput : 5588.428681
[report] load_average_latency_ns : 178941.175982
Load workloads needs: 91040576682 ns 
[report] load_thread_ID : 19
[report] load_duration_ns : 91040576682
[report] load_duration_s : 91.040577
[report] load_throughput : 5492.056600
[report] load_average_latency_ns : 182081.153364
Load workloads needs: 92205233953 ns 
[report] load_thread_ID : 1
[report] load_duration_ns : 92205233953
[report] load_duration_s : 92.205234
[report] load_throughput : 5422.685661
[report] load_average_latency_ns : 184410.467906
Load workloads needs: 92239844815 ns 
[report] load_thread_ID : 16
[report] load_duration_ns : 92239844815
[report] load_duration_s : 92.239845
[report] load_throughput : 5420.650924
[report] load_average_latency_ns : 184479.689630
Load workloads needs: 92818878288 ns 
[report] load_thread_ID : 0
[report] load_duration_ns : 92818878288
[report] load_duration_s : 92.818878
[report] load_throughput : 5386.835192
[report] load_average_latency_ns : 185637.756576
Load workloads needs: 93679080826 ns 
[report] load_thread_ID : 7
[report] load_duration_ns : 93679080826
[report] load_duration_s : 93.679081
[report] load_throughput : 5337.370901
[report] load_average_latency_ns : 187358.161652
Load workloads needs: 95280808206 ns 
[report] load_thread_ID : 2
[report] load_duration_ns : 95280808206
[report] load_duration_s : 95.280808
[report] load_throughput : 5247.646503
[report] load_average_latency_ns : 190561.616412
Load workloads needs: 95363551755 ns 
[report] load_thread_ID : 4
[report] load_duration_ns : 95363551755
[report] load_duration_s : 95.363552
[report] load_throughput : 5243.093308
[report] load_average_latency_ns : 190727.103510
Load workloads needs: 97648099689 ns 
[report] load_thread_ID : 5
[report] load_duration_ns : 97648099689
[report] load_duration_s : 97.648100
[report] load_throughput : 5120.427347
[report] load_average_latency_ns : 195296.199378
Load workloads needs: 98840676574 ns 
[report] load_thread_ID : 6
[report] load_duration_ns : 98840676574
[report] load_duration_s : 98.840677
[report] load_throughput : 5058.646069
[report] load_average_latency_ns : 197681.353148
All clients run done needs: 98841909579 ns 
[report] load_overall_duration_ns : 98841909579
[report] load_overall_duration_s : 98.841910
[report] load_overall_throughput : 101171.659295
[report] load_overall_average_latency_ns : 9884.190958
