numactl --membind=4 /mnt/nvme0/home/gxr/mongdb-run/test_mongodb/build//run_client --num_threads=104 --core_binding=0,1,2,3,4,5,6,7,8,9,10,11,12,13,14,15,128,129,130,131,132,133,134,135,136,137,138,139,140,141,142,143,16,17,18,19,20,21,22,23,24,25,26,27,28,29,30,31,144,145,146,147,148,149,150,151,152,153,154,155,156,157,158,159,32,33,34,35,36,37,38,39,40,41,42,43,44,45,46,47,160,161,162,163,164,165,166,167,168,169,170,171,172,173,174,175,48,49,50,51,52,53,54,55,56,57,58,59,60,61,62,63,176,177,178,179,180,181,182,183,184,185,186,187,188,189,190,191 --str_key_size=16 --str_key_size=256 --load_file=/mnt/nvme0/home/gxr/mongdb-run/workloads/ycsb/workloada-load-10000000-10000000.log.formated --run_file=/mnt/nvme0/home/gxr/mongdb-run/workloads/ycsb/workloada-run-10000000-10000000.log.formated --URI_set=mongodb://localhost:27017,mongodb://localhost:27018,mongodb://localhost:27019,mongodb://localhost:27020,mongodb://localhost:27021,mongodb://localhost:27022,mongodb://localhost:27023,mongodb://localhost:27024,mongodb://localhost:27025,mongodb://localhost:27026,mongodb://localhost:27027,mongodb://localhost:27028,mongodb://localhost:27029,mongodb://localhost:27030,mongodb://localhost:27031,mongodb://localhost:27032,mongodb://localhost:27033,mongodb://localhost:27034,mongodb://localhost:27035,mongodb://localhost:27036,mongodb://localhost:27037,mongodb://localhost:27038,mongodb://localhost:27039,mongodb://localhost:27040,mongodb://localhost:27041,mongodb://localhost:27042,mongodb://localhost:27043,mongodb://localhost:27044,mongodb://localhost:27045,mongodb://localhost:27046,mongodb://localhost:27047,mongodb://localhost:27048,mongodb://localhost:27049,mongodb://localhost:27050,mongodb://localhost:27051,mongodb://localhost:27052,mongodb://localhost:27053,mongodb://localhost:27054,mongodb://localhost:27055,mongodb://localhost:27056,mongodb://localhost:27057,mongodb://localhost:27058,mongodb://localhost:27059,mongodb://localhost:27060,mongodb://localhost:27061,mongodb://localhost:27062,mongodb://localhost:27063,mongodb://localhost:27064,mongodb://localhost:27065,mongodb://localhost:27066,mongodb://localhost:27067,mongodb://localhost:27068,mongodb://localhost:27069,mongodb://localhost:27070,mongodb://localhost:27071,mongodb://localhost:27072,mongodb://localhost:27073,mongodb://localhost:27074,mongodb://localhost:27075,mongodb://localhost:27076,mongodb://localhost:27077,mongodb://localhost:27078,mongodb://localhost:27079,mongodb://localhost:27080,mongodb://localhost:27081,mongodb://localhost:27082,mongodb://localhost:27083,mongodb://localhost:27084,mongodb://localhost:27085,mongodb://localhost:27086,mongodb://localhost:27087,mongodb://localhost:27088,mongodb://localhost:27089,mongodb://localhost:27090,mongodb://localhost:27091,mongodb://localhost:27092,mongodb://localhost:27093,mongodb://localhost:27094,mongodb://localhost:27095,mongodb://localhost:27096,mongodb://localhost:27097,mongodb://localhost:27098,mongodb://localhost:27099,mongodb://localhost:27100,mongodb://localhost:27101,mongodb://localhost:27102,mongodb://localhost:27103,mongodb://localhost:27104,mongodb://localhost:27105,mongodb://localhost:27106,mongodb://localhost:27107,mongodb://localhost:27108,mongodb://localhost:27109,mongodb://localhost:27110,mongodb://localhost:27111,mongodb://localhost:27112,mongodb://localhost:27113,mongodb://localhost:27114,mongodb://localhost:27115,mongodb://localhost:27116,mongodb://localhost:27117,mongodb://localhost:27118,mongodb://localhost:27119,mongodb://localhost:27120,mongodb://localhost:27121,mongodb://localhost:27122,mongodb://localhost:27123,mongodb://localhost:27124,mongodb://localhost:27125,mongodb://localhost:27126,mongodb://localhost:27127,mongodb://localhost:27128,mongodb://localhost:27129,mongodb://localhost:27130,mongodb://localhost:27131,mongodb://localhost:27132,mongodb://localhost:27133,mongodb://localhost:27134,mongodb://localhost:27135,mongodb://localhost:27136,mongodb://localhost:27137,mongodb://localhost:27138,mongodb://localhost:27139,mongodb://localhost:27140,mongodb://localhost:27141,mongodb://localhost:27142,mongodb://localhost:27143,mongodb://localhost:27144 --first_mode=false
mongodb://localhost:27017 mongodb://localhost:27018 mongodb://localhost:27019 mongodb://localhost:27020 mongodb://localhost:27021 mongodb://localhost:27022 mongodb://localhost:27023 mongodb://localhost:27024 mongodb://localhost:27025 mongodb://localhost:27026 mongodb://localhost:27027 mongodb://localhost:27028 mongodb://localhost:27029 mongodb://localhost:27030 mongodb://localhost:27031 mongodb://localhost:27032 mongodb://localhost:27033 mongodb://localhost:27034 mongodb://localhost:27035 mongodb://localhost:27036 mongodb://localhost:27037 mongodb://localhost:27038 mongodb://localhost:27039 mongodb://localhost:27040 mongodb://localhost:27041 mongodb://localhost:27042 mongodb://localhost:27043 mongodb://localhost:27044 mongodb://localhost:27045 mongodb://localhost:27046 mongodb://localhost:27047 mongodb://localhost:27048 mongodb://localhost:27049 mongodb://localhost:27050 mongodb://localhost:27051 mongodb://localhost:27052 mongodb://localhost:27053 mongodb://localhost:27054 mongodb://localhost:27055 mongodb://localhost:27056 mongodb://localhost:27057 mongodb://localhost:27058 mongodb://localhost:27059 mongodb://localhost:27060 mongodb://localhost:27061 mongodb://localhost:27062 mongodb://localhost:27063 mongodb://localhost:27064 mongodb://localhost:27065 mongodb://localhost:27066 mongodb://localhost:27067 mongodb://localhost:27068 mongodb://localhost:27069 mongodb://localhost:27070 mongodb://localhost:27071 mongodb://localhost:27072 mongodb://localhost:27073 mongodb://localhost:27074 mongodb://localhost:27075 mongodb://localhost:27076 mongodb://localhost:27077 mongodb://localhost:27078 mongodb://localhost:27079 mongodb://localhost:27080 mongodb://localhost:27081 mongodb://localhost:27082 mongodb://localhost:27083 mongodb://localhost:27084 mongodb://localhost:27085 mongodb://localhost:27086 mongodb://localhost:27087 mongodb://localhost:27088 mongodb://localhost:27089 mongodb://localhost:27090 mongodb://localhost:27091 mongodb://localhost:27092 mongodb://localhost:27093 mongodb://localhost:27094 mongodb://localhost:27095 mongodb://localhost:27096 mongodb://localhost:27097 mongodb://localhost:27098 mongodb://localhost:27099 mongodb://localhost:27100 mongodb://localhost:27101 mongodb://localhost:27102 mongodb://localhost:27103 mongodb://localhost:27104 mongodb://localhost:27105 mongodb://localhost:27106 mongodb://localhost:27107 mongodb://localhost:27108 mongodb://localhost:27109 mongodb://localhost:27110 mongodb://localhost:27111 mongodb://localhost:27112 mongodb://localhost:27113 mongodb://localhost:27114 mongodb://localhost:27115 mongodb://localhost:27116 mongodb://localhost:27117 mongodb://localhost:27118 mongodb://localhost:27119 mongodb://localhost:27120 mongodb://localhost:27121 mongodb://localhost:27122 mongodb://localhost:27123 mongodb://localhost:27124 mongodb://localhost:27125 mongodb://localhost:27126 mongodb://localhost:27127 mongodb://localhost:27128 mongodb://localhost:27129 mongodb://localhost:27130 mongodb://localhost:27131 mongodb://localhost:27132 mongodb://localhost:27133 mongodb://localhost:27134 mongodb://localhost:27135 mongodb://localhost:27136 mongodb://localhost:27137 mongodb://localhost:27138 mongodb://localhost:27139 mongodb://localhost:27140 mongodb://localhost:27141 mongodb://localhost:27142 mongodb://localhost:27143 mongodb://localhost:27144 reading workload files ...
load_filename : /mnt/nvme0/home/gxr/mongdb-run/workloads/ycsb/workloada-load-10000000-10000000.log.formated
read load file needs: 5141846613 s 
run_filename : /mnt/nvme0/home/gxr/mongdb-run/workloads/ycsb/workloada-run-10000000-10000000.log.formated
read run file needs: 5251692543 s 
num_of_load_ops is 10000000
num_of_run_ops is 10000000
0 1 2 3 4 5 6 7 8 9 10 11 12 13 14 15 128 129 130 131 132 133 134 135 136 137 138 139 140 141 142 143 16 17 18 19 20 21 22 23 24 25 26 27 28 29 30 31 144 145 146 147 148 149 150 151 152 153 154 155 156 157 158 159 32 33 34 35 36 37 38 39 40 41 42 43 44 45 46 47 160 161 162 163 164 165 166 167 168 169 170 171 172 173 174 175 48 49 50 51 52 53 54 55 56 57 58 59 60 61 62 63 176 177 178 179 180 181 182 183 184 185 186 187 188 189 190 191 URI: mongodb://localhost:27022
URI: mongodb://localhost:27020
URI: mongodb://localhost:27018
URI: mongodb://localhost:27019
URI: mongodb://localhost:27017
URI: mongodb://localhost:27021
URI: mongodb://localhost:27023
URI: mongodb://localhost:27025
URI: mongodb://localhost:27027
URI: mongodb://localhost:27029
URI: mongodb://localhost:27028
URI: mongodb://localhost:27026
URI: mongodb://localhost:27031
URI: mongodb://localhost:27030
URI: mongodb://localhost:27032
URI: mongodb://localhost:27033
URI: mongodb://localhost:27034
URI: mongodb://localhost:27035
URI: mongodb://localhost:27036
URI: mongodb://localhost:27037
URI: mongodb://localhost:27038
URI: mongodb://localhost:27024
URI: mongodb://localhost:27039
URI: mongodb://localhost:27040
URI: mongodb://localhost:27041
URI: mongodb://localhost:27042
URI: mongodb://localhost:27043
URI: mongodb://localhost:27045
URI: mongodb://localhost:27046
URI: mongodb://localhost:27044
URI: mongodb://localhost:27047
URI: mongodb://localhost:27048
URI: mongodb://localhost:27049
URI: mongodb://localhost:27050
URI: mongodb://localhost:27051
URI: mongodb://localhost:27052
URI: mongodb://localhost:27054
URI: mongodb://localhost:27056
URI: mongodb://localhost:27055
URI: mongodb://localhost:27053
URI: mongodb://localhost:27057
URI: mongodb://localhost:27058
URI: mongodb://localhost:27059
URI: mongodb://localhost:27060
URI: mongodb://localhost:27061
URI: mongodb://localhost:27062
URI: mongodb://localhost:27063
URI: mongodb://localhost:27064
URI: mongodb://localhost:27065
URI: mongodb://localhost:27066
URI: mongodb://localhost:27067
URI: mongodb://localhost:27068
URI: mongodb://localhost:27070
URI: mongodb://localhost:27069
URI: mongodb://localhost:27071
URI: mongodb://localhost:27072
URI: mongodb://localhost:27073
URI: mongodb://localhost:27074
URI: mongodb://localhost:27076
URI: mongodb://localhost:27077
URI: mongodb://localhost:27075
URI: mongodb://localhost:27079
URI: mongodb://localhost:27078
URI: mongodb://localhost:27080
URI: mongodb://localhost:27082
URI: mongodb://localhost:27083
URI: mongodb://localhost:27081
URI: mongodb://localhost:27084
URI: mongodb://localhost:27085
URI: mongodb://localhost:27086
URI: mongodb://localhost:27087
URI: mongodb://localhost:27088
URI: mongodb://localhost:27089
URI: mongodb://localhost:27090
URI: mongodb://localhost:27091
URI: mongodb://localhost:27092
URI: mongodb://localhost:27095
URI: mongodb://localhost:27094
URI: mongodb://localhost:27093
URI: mongodb://localhost:27096
URI: mongodb://localhost:27097
URI: mongodb://localhost:27098
URI: mongodb://localhost:27099
URI: mongodb://localhost:27101
URI: mongodb://localhost:27102
URI: mongodb://localhost:27103
URI: mongodb://localhost:27104
URI: mongodb://localhost:27105
URI: mongodb://localhost:27106
URI: mongodb://localhost:27100
URI: mongodb://localhost:27107
URI: mongodb://localhost:27109
URI: mongodb://localhost:27111
URI: mongodb://localhost:27110
URI: mongodb://localhost:27114
URI: mongodb://localhost:27112
URI: mongodb://localhost:27113
URI: mongodb://localhost:27115
URI: mongodb://localhost:27116
URI: mongodb://localhost:27108
URI: mongodb://localhost:27117
URI: mongodb://localhost:27119
URI: mongodb://localhost:27118
URI: mongodb://localhost:27120
Load workloads needs: 21371309604 ns 
[report] load_thread_ID : 103
[report] load_duration_ns : 21371309604
[report] load_duration_s : 21.371310
[report] load_throughput : 4499.162746
[report] load_average_latency_ns : 222263.575801
Load workloads needs: 21974088227 ns 
[report] load_thread_ID : 99
[report] load_duration_ns : 21974088227
[report] load_duration_s : 21.974088
[report] load_throughput : 4375.744696
[report] load_average_latency_ns : 228532.528647
Load workloads needs: 22204867045 ns 
[report] load_thread_ID : 96
[report] load_duration_ns : 22204867045
[report] load_duration_s : 22.204867
[report] load_throughput : 4330.266865
[report] load_average_latency_ns : 230932.649475
Load workloads needs: 22566118750 ns 
[report] load_thread_ID : 101
[report] load_duration_ns : 22566118750
[report] load_duration_s : 22.566119
[report] load_throughput : 4260.945405
[report] load_average_latency_ns : 234689.700269
Load workloads needs: 22578588656 ns 
[report] load_thread_ID : 97
[report] load_duration_ns : 22578588656
[report] load_duration_s : 22.578589
[report] load_throughput : 4258.592132
[report] load_average_latency_ns : 234819.388433
Load workloads needs: 22648810546 ns 
[report] load_thread_ID : 24
[report] load_duration_ns : 22648810546
[report] load_duration_s : 22.648811
[report] load_throughput : 4245.388507
[report] load_average_latency_ns : 235549.702516
Load workloads needs: 22698839462 ns 
[report] load_thread_ID : 31
[report] load_duration_ns : 22698839462
[report] load_duration_s : 22.698839
[report] load_throughput : 4236.031545
[report] load_average_latency_ns : 236070.007821
Load workloads needs: 23204154075 ns 
[report] load_thread_ID : 102
[report] load_duration_ns : 23204154075
[report] load_duration_s : 23.204154
[report] load_throughput : 4143.783897
[report] load_average_latency_ns : 241325.326043
Load workloads needs: 23317605482 ns 
[report] load_thread_ID : 63
[report] load_duration_ns : 23317605482
[report] load_duration_s : 23.317605
[report] load_throughput : 4123.622388
[report] load_average_latency_ns : 242505.231059
Load workloads needs: 23417490616 ns 
[report] load_thread_ID : 3
[report] load_duration_ns : 23417490616
[report] load_duration_s : 23.417491
[report] load_throughput : 4106.033459
[report] load_average_latency_ns : 243544.045594
Load workloads needs: 23548801420 ns 
[report] load_thread_ID : 53
[report] load_duration_ns : 23548801420
[report] load_duration_s : 23.548801
[report] load_throughput : 4083.137748
[report] load_average_latency_ns : 244909.689973
Load workloads needs: 23569721712 ns 
[report] load_thread_ID : 27
[report] load_duration_ns : 23569721712
[report] load_duration_s : 23.569722
[report] load_throughput : 4079.513588
[report] load_average_latency_ns : 245127.262925
Load workloads needs: 23580229891 ns 
[report] load_thread_ID : 95
[report] load_duration_ns : 23580229891
[report] load_duration_s : 23.580230
[report] load_throughput : 4077.695614
[report] load_average_latency_ns : 245236.548948
Load workloads needs: 23715925287 ns 
[report] load_thread_ID : 46
[report] load_duration_ns : 23715925287
[report] load_duration_s : 23.715925
[report] load_throughput : 4054.364265
[report] load_average_latency_ns : 246647.793485
Load workloads needs: 23718312623 ns 
[report] load_thread_ID : 56
[report] load_duration_ns : 23718312623
[report] load_duration_s : 23.718313
[report] load_throughput : 4053.956178
[report] load_average_latency_ns : 246672.621998
Load workloads needs: 23749194985 ns 
[report] load_thread_ID : 12
[report] load_duration_ns : 23749194985
[report] load_duration_s : 23.749195
[report] load_throughput : 4048.684600
[report] load_average_latency_ns : 246993.801389
Load workloads needs: 23759759915 ns 
[report] load_thread_ID : 25
[report] load_duration_ns : 23759759915
[report] load_duration_s : 23.759760
[report] load_throughput : 4046.884326
[report] load_average_latency_ns : 247103.677628
Load workloads needs: 23799585860 ns 
[report] load_thread_ID : 19
[report] load_duration_ns : 23799585860
[report] load_duration_s : 23.799586
[report] load_throughput : 4040.112318
[report] load_average_latency_ns : 247517.871101
Load workloads needs: 23834561645 ns 
[report] load_thread_ID : 10
[report] load_duration_ns : 23834561645
[report] load_duration_s : 23.834562
[report] load_throughput : 4034.183696
[report] load_average_latency_ns : 247881.622466
Load workloads needs: 23877220625 ns 
[report] load_thread_ID : 92
[report] load_duration_ns : 23877220625
[report] load_duration_s : 23.877221
[report] load_throughput : 4026.976234
[report] load_average_latency_ns : 248325.279762
Load workloads needs: 23959048781 ns 
[report] load_thread_ID : 67
[report] load_duration_ns : 23959048781
[report] load_duration_s : 23.959049
[report] load_throughput : 4013.222765
[report] load_average_latency_ns : 249176.300074
Load workloads needs: 24051448630 ns 
[report] load_thread_ID : 17
[report] load_duration_ns : 24051448630
[report] load_duration_s : 24.051449
[report] load_throughput : 3997.804934
[report] load_average_latency_ns : 250137.266960
Load workloads needs: 24046374938 ns 
[report] load_thread_ID : 47
[report] load_duration_ns : 24046374938
[report] load_duration_s : 24.046375
[report] load_throughput : 3998.648455
[report] load_average_latency_ns : 250084.500099
Load workloads needs: 24110184549 ns 
[report] load_thread_ID : 98
[report] load_duration_ns : 24110184549
[report] load_duration_s : 24.110185
[report] load_throughput : 3988.065699
[report] load_average_latency_ns : 250748.125893
Load workloads needs: 24142785909 ns 
[report] load_thread_ID : 34
[report] load_duration_ns : 24142785909
[report] load_duration_s : 24.142786
[report] load_throughput : 3982.680390
[report] load_average_latency_ns : 251087.183021
Load workloads needs: 24169900356 ns 
[report] load_thread_ID : 81
[report] load_duration_ns : 24169900356
[report] load_duration_s : 24.169900
[report] load_throughput : 3978.212512
[report] load_average_latency_ns : 251369.175751
Load workloads needs: 24345342278 ns 
[report] load_thread_ID : 29
[report] load_duration_ns : 24345342278
[report] load_duration_s : 24.345342
[report] load_throughput : 3949.543979
[report] load_average_latency_ns : 253193.787797
Load workloads needs: 24340852256 ns 
[report] load_thread_ID : 57
[report] load_duration_ns : 24340852256
[report] load_duration_s : 24.340852
[report] load_throughput : 3950.272529
[report] load_average_latency_ns : 253147.091157
Load workloads needs: 24399100377 ns 
[report] load_thread_ID : 48
[report] load_duration_ns : 24399100377
[report] load_duration_s : 24.399100
[report] load_throughput : 3940.842019
[report] load_average_latency_ns : 253752.876946
Load workloads needs: 24507032666 ns 
[report] load_thread_ID : 30
[report] load_duration_ns : 24507032666
[report] load_duration_s : 24.507033
[report] load_throughput : 3923.486018
[report] load_average_latency_ns : 254875.382630
Load workloads needs: 24560360095 ns 
[report] load_thread_ID : 58
[report] load_duration_ns : 24560360095
[report] load_duration_s : 24.560360
[report] load_throughput : 3914.967029
[report] load_average_latency_ns : 255429.992772
Load workloads needs: 24595637339 ns 
[report] load_thread_ID : 54
[report] load_duration_ns : 24595637339
[report] load_duration_s : 24.595637
[report] load_throughput : 3909.351836
[report] load_average_latency_ns : 255796.879338
Load workloads needs: 24686718099 ns 
[report] load_thread_ID : 0
[report] load_duration_ns : 24686718099
[report] load_duration_s : 24.686718
[report] load_throughput : 3894.928423
[report] load_average_latency_ns : 256744.127578
Load workloads needs: 24704308315 ns 
[report] load_thread_ID : 89
[report] load_duration_ns : 24704308315
[report] load_duration_s : 24.704308
[report] load_throughput : 3892.155116
[report] load_average_latency_ns : 256927.067434
Load workloads needs: 24715590675 ns 
[report] load_thread_ID : 44
[report] load_duration_ns : 24715590675
[report] load_duration_s : 24.715591
[report] load_throughput : 3890.378396
[report] load_average_latency_ns : 257044.405011
Load workloads needs: 24715222925 ns 
[report] load_thread_ID : 100
[report] load_duration_ns : 24715222925
[report] load_duration_s : 24.715223
[report] load_throughput : 3890.436283
[report] load_average_latency_ns : 257040.580377
Load workloads needs: 24768118876 ns 
[report] load_thread_ID : 45
[report] load_duration_ns : 24768118876
[report] load_duration_s : 24.768119
[report] load_throughput : 3882.127685
[report] load_average_latency_ns : 257590.703109
Load workloads needs: 24797577941 ns 
[report] load_thread_ID : 2
[report] load_duration_ns : 24797577941
[report] load_duration_s : 24.797578
[report] load_throughput : 3877.515789
[report] load_average_latency_ns : 257897.080081
Load workloads needs: 24810829226 ns 
[report] load_thread_ID : 22
[report] load_duration_ns : 24810829226
[report] load_duration_s : 24.810829
[report] load_throughput : 3875.444836
[report] load_average_latency_ns : 258034.894657
Load workloads needs: 24870191595 ns 
[report] load_thread_ID : 79
[report] load_duration_ns : 24870191595
[report] load_duration_s : 24.870192
[report] load_throughput : 3866.194582
[report] load_average_latency_ns : 258652.268728
Load workloads needs: 24907807865 ns 
[report] load_thread_ID : 23
[report] load_duration_ns : 24907807865
[report] load_duration_s : 24.907808
[report] load_throughput : 3860.355778
[report] load_average_latency_ns : 259043.481379
Load workloads needs: 24908389834 ns 
[report] load_thread_ID : 70
[report] load_duration_ns : 24908389834
[report] load_duration_s : 24.908390
[report] load_throughput : 3860.265583
[report] load_average_latency_ns : 259049.533909
Load workloads needs: 24937447089 ns 
[report] load_thread_ID : 16
[report] load_duration_ns : 24937447089
[report] load_duration_s : 24.937447
[report] load_throughput : 3855.767579
[report] load_average_latency_ns : 259351.732021
Load workloads needs: 24965794156 ns 
[report] load_thread_ID : 32
[report] load_duration_ns : 24965794156
[report] load_duration_s : 24.965794
[report] load_throughput : 3851.389601
[report] load_average_latency_ns : 259646.544112
Load workloads needs: 24975458658 ns 
[report] load_thread_ID : 39
[report] load_duration_ns : 24975458658
[report] load_duration_s : 24.975459
[report] load_throughput : 3849.899268
[report] load_average_latency_ns : 259747.055817
Load workloads needs: 24990178639 ns 
[report] load_thread_ID : 68
[report] load_duration_ns : 24990178639
[report] load_duration_s : 24.990179
[report] load_throughput : 3847.631559
[report] load_average_latency_ns : 259900.144967
Load workloads needs: 25017775008 ns 
[report] load_thread_ID : 5
[report] load_duration_ns : 25017775008
[report] load_duration_s : 25.017775
[report] load_throughput : 3843.387350
[report] load_average_latency_ns : 260187.149730
Load workloads needs: 25026377742 ns 
[report] load_thread_ID : 82
[report] load_duration_ns : 25026377742
[report] load_duration_s : 25.026378
[report] load_throughput : 3842.066199
[report] load_average_latency_ns : 260276.618951
Load workloads needs: 25035735605 ns 
[report] load_thread_ID : 41
[report] load_duration_ns : 25035735605
[report] load_duration_s : 25.035736
[report] load_throughput : 3840.630110
[report] load_average_latency_ns : 260373.941583
Load workloads needs: 25127526452 ns 
[report] load_thread_ID : 74
[report] load_duration_ns : 25127526452
[report] load_duration_s : 25.127526
[report] load_throughput : 3826.600290
[report] load_average_latency_ns : 261328.574792
Load workloads needs: 25179138786 ns 
[report] load_thread_ID : 83
[report] load_duration_ns : 25179138786
[report] load_duration_s : 25.179139
[report] load_throughput : 3818.756504
[report] load_average_latency_ns : 261865.347789
Load workloads needs: 25215738887 ns 
[report] load_thread_ID : 52
[report] load_duration_ns : 25215738887
[report] load_duration_s : 25.215739
[report] load_throughput : 3813.213661
[report] load_average_latency_ns : 262245.992190
Load workloads needs: 25260812792 ns 
[report] load_thread_ID : 88
[report] load_duration_ns : 25260812792
[report] load_duration_s : 25.260813
[report] load_throughput : 3806.409588
[report] load_average_latency_ns : 262714.764927
Load workloads needs: 25340036344 ns 
[report] load_thread_ID : 13
[report] load_duration_ns : 25340036344
[report] load_duration_s : 25.340036
[report] load_throughput : 3794.509159
[report] load_average_latency_ns : 263538.697118
Load workloads needs: 25363909290 ns 
[report] load_thread_ID : 38
[report] load_duration_ns : 25363909290
[report] load_duration_s : 25.363909
[report] load_throughput : 3790.937702
[report] load_average_latency_ns : 263786.977941
Load workloads needs: 25428150049 ns 
[report] load_thread_ID : 66
[report] load_duration_ns : 25428150049
[report] load_duration_s : 25.428150
[report] load_throughput : 3781.360414
[report] load_average_latency_ns : 264455.087714
Load workloads needs: 25429234637 ns 
[report] load_thread_ID : 80
[report] load_duration_ns : 25429234637
[report] load_duration_s : 25.429235
[report] load_throughput : 3781.199134
[report] load_average_latency_ns : 264466.367529
Load workloads needs: 25453967481 ns 
[report] load_thread_ID : 20
[report] load_duration_ns : 25453967481
[report] load_duration_s : 25.453967
[report] load_throughput : 3777.525059
[report] load_average_latency_ns : 264723.591370
Load workloads needs: 25486105250 ns 
[report] load_thread_ID : 51
[report] load_duration_ns : 25486105250
[report] load_duration_s : 25.486105
[report] load_throughput : 3772.761631
[report] load_average_latency_ns : 265057.827109
Load workloads needs: 25626065038 ns 
[report] load_thread_ID : 11
[report] load_duration_ns : 25626065038
[report] load_duration_s : 25.626065
[report] load_throughput : 3752.156246
[report] load_average_latency_ns : 266513.421713
Load workloads needs: 25698418242 ns 
[report] load_thread_ID : 61
[report] load_duration_ns : 25698418242
[report] load_duration_s : 25.698418
[report] load_throughput : 3741.592151
[report] load_average_latency_ns : 267265.901657
Load workloads needs: 25827007981 ns 
[report] load_thread_ID : 26
[report] load_duration_ns : 25827007981
[report] load_duration_s : 25.827008
[report] load_throughput : 3722.963189
[report] load_average_latency_ns : 268603.246711
Load workloads needs: 25849695638 ns 
[report] load_thread_ID : 6
[report] load_duration_ns : 25849695638
[report] load_duration_s : 25.849696
[report] load_throughput : 3719.695634
[report] load_average_latency_ns : 268839.200420
Load workloads needs: 25917299553 ns 
[report] load_thread_ID : 18
[report] load_duration_ns : 25917299553
[report] load_duration_s : 25.917300
[report] load_throughput : 3709.993003
[report] load_average_latency_ns : 269542.287323
Load workloads needs: 26002879101 ns 
[report] load_thread_ID : 62
[report] load_duration_ns : 26002879101
[report] load_duration_s : 26.002879
[report] load_throughput : 3697.782835
[report] load_average_latency_ns : 270432.322455
Load workloads needs: 26004897607 ns 
[report] load_thread_ID : 76
[report] load_duration_ns : 26004897607
[report] load_duration_s : 26.004898
[report] load_throughput : 3697.495812
[report] load_average_latency_ns : 270453.315102
Load workloads needs: 26028277144 ns 
[report] load_thread_ID : 35
[report] load_duration_ns : 26028277144
[report] load_duration_s : 26.028277
[report] load_throughput : 3694.174588
[report] load_average_latency_ns : 270696.464426
Load workloads needs: 26068738718 ns 
[report] load_thread_ID : 71
[report] load_duration_ns : 26068738718
[report] load_duration_s : 26.068739
[report] load_throughput : 3688.440819
[report] load_average_latency_ns : 271117.268499
Load workloads needs: 26170607397 ns 
[report] load_thread_ID : 40
[report] load_duration_ns : 26170607397
[report] load_duration_s : 26.170607
[report] load_throughput : 3674.083621
[report] load_average_latency_ns : 272176.712084
Load workloads needs: 26240073306 ns 
[report] load_thread_ID : 28
[report] load_duration_ns : 26240073306
[report] load_duration_s : 26.240073
[report] load_throughput : 3664.357141
[report] load_average_latency_ns : 272899.163895
Load workloads needs: 26285518322 ns 
[report] load_thread_ID : 1
[report] load_duration_ns : 26285518322
[report] load_duration_s : 26.285518
[report] load_throughput : 3658.021836
[report] load_average_latency_ns : 273371.796221
Load workloads needs: 26281070100 ns 
[report] load_thread_ID : 43
[report] load_duration_ns : 26281070100
[report] load_duration_s : 26.281070
[report] load_throughput : 3658.640977
[report] load_average_latency_ns : 273325.534305
Load workloads needs: 26305292074 ns 
[report] load_thread_ID : 85
[report] load_duration_ns : 26305292074
[report] load_duration_s : 26.305292
[report] load_throughput : 3655.272092
[report] load_average_latency_ns : 273577.445051
Load workloads needs: 26402698111 ns 
[report] load_thread_ID : 75
[report] load_duration_ns : 26402698111
[report] load_duration_s : 26.402698
[report] load_throughput : 3641.786896
[report] load_average_latency_ns : 274590.476751
Load workloads needs: 26412101073 ns 
[report] load_thread_ID : 93
[report] load_duration_ns : 26412101073
[report] load_duration_s : 26.412101
[report] load_throughput : 3640.490385
[report] load_average_latency_ns : 274688.268416
Load workloads needs: 26454017295 ns 
[report] load_thread_ID : 84
[report] load_duration_ns : 26454017295
[report] load_duration_s : 26.454017
[report] load_throughput : 3634.722051
[report] load_average_latency_ns : 275124.200961
Load workloads needs: 26490179027 ns 
[report] load_thread_ID : 90
[report] load_duration_ns : 26490179027
[report] load_duration_s : 26.490179
[report] load_throughput : 3629.760294
[report] load_average_latency_ns : 275500.286283
Load workloads needs: 26560928575 ns 
[report] load_thread_ID : 33
[report] load_duration_ns : 26560928575
[report] load_duration_s : 26.560929
[report] load_throughput : 3620.091810
[report] load_average_latency_ns : 276236.088058
Load workloads needs: 26561245804 ns 
[report] load_thread_ID : 60
[report] load_duration_ns : 26561245804
[report] load_duration_s : 26.561246
[report] load_throughput : 3620.048574
[report] load_average_latency_ns : 276239.387268
Load workloads needs: 26599311013 ns 
[report] load_thread_ID : 14
[report] load_duration_ns : 26599311013
[report] load_duration_s : 26.599311
[report] load_throughput : 3614.868068
[report] load_average_latency_ns : 276635.268926
Load workloads needs: 26684658572 ns 
[report] load_thread_ID : 55
[report] load_duration_ns : 26684658572
[report] load_duration_s : 26.684659
[report] load_throughput : 3603.306362
[report] load_average_latency_ns : 277522.891350
Load workloads needs: 26710366965 ns 
[report] load_thread_ID : 15
[report] load_duration_ns : 26710366965
[report] load_duration_s : 26.710367
[report] load_throughput : 3599.838225
[report] load_average_latency_ns : 277790.260990
Load workloads needs: 26754607280 ns 
[report] load_thread_ID : 69
[report] load_duration_ns : 26754607280
[report] load_duration_s : 26.754607
[report] load_throughput : 3593.885681
[report] load_average_latency_ns : 278250.364315
Load workloads needs: 26873990238 ns 
[report] load_thread_ID : 4
[report] load_duration_ns : 26873990238
[report] load_duration_s : 26.873990
[report] load_throughput : 3577.920478
[report] load_average_latency_ns : 279491.958004
Load workloads needs: 26878855587 ns 
[report] load_thread_ID : 59
[report] load_duration_ns : 26878855587
[report] load_duration_s : 26.878856
[report] load_throughput : 3577.272838
[report] load_average_latency_ns : 279542.558079
Load workloads needs: 27020103813 ns 
[report] load_thread_ID : 7
[report] load_duration_ns : 27020103813
[report] load_duration_s : 27.020104
[report] load_throughput : 3558.572560
[report] load_average_latency_ns : 281011.552557
Load workloads needs: 27050264026 ns 
[report] load_thread_ID : 50
[report] load_duration_ns : 27050264026
[report] load_duration_s : 27.050264
[report] load_throughput : 3554.604861
[report] load_average_latency_ns : 281325.221532
Load workloads needs: 27059975068 ns 
[report] load_thread_ID : 9
[report] load_duration_ns : 27059975068
[report] load_duration_s : 27.059975
[report] load_throughput : 3553.329216
[report] load_average_latency_ns : 281426.217258
Load workloads needs: 27080288299 ns 
[report] load_thread_ID : 87
[report] load_duration_ns : 27080288299
[report] load_duration_s : 27.080288
[report] load_throughput : 3550.663824
[report] load_average_latency_ns : 281637.476719
Load workloads needs: 27187606219 ns 
[report] load_thread_ID : 36
[report] load_duration_ns : 27187606219
[report] load_duration_s : 27.187606
[report] load_throughput : 3536.648252
[report] load_average_latency_ns : 282753.592909
Load workloads needs: 27189438115 ns 
[report] load_thread_ID : 65
[report] load_duration_ns : 27189438115
[report] load_duration_s : 27.189438
[report] load_throughput : 3536.409969
[report] load_average_latency_ns : 282772.644795
Load workloads needs: 27212661632 ns 
[report] load_thread_ID : 8
[report] load_duration_ns : 27212661632
[report] load_duration_s : 27.212662
[report] load_throughput : 3533.391967
[report] load_average_latency_ns : 283014.171498
Load workloads needs: 27197752289 ns 
[report] load_thread_ID : 91
[report] load_duration_ns : 27197752289
[report] load_duration_s : 27.197752
[report] load_throughput : 3535.328912
[report] load_average_latency_ns : 282859.112966
Load workloads needs: 27255975750 ns 
[report] load_thread_ID : 42
[report] load_duration_ns : 27255975750
[report] load_duration_s : 27.255976
[report] load_throughput : 3527.776840
[report] load_average_latency_ns : 283464.642289
Load workloads needs: 27283639949 ns 
[report] load_thread_ID : 21
[report] load_duration_ns : 27283639949
[report] load_duration_s : 27.283640
[report] load_throughput : 3524.199857
[report] load_average_latency_ns : 283752.352490
Load workloads needs: 27301723804 ns 
[report] load_thread_ID : 73
[report] load_duration_ns : 27301723804
[report] load_duration_s : 27.301724
[report] load_throughput : 3521.865531
[report] load_average_latency_ns : 283940.426237
Load workloads needs: 27358609957 ns 
[report] load_thread_ID : 78
[report] load_duration_ns : 27358609957
[report] load_duration_s : 27.358610
[report] load_throughput : 3514.542594
[report] load_average_latency_ns : 284532.047435
Load workloads needs: 27709720438 ns 
[report] load_thread_ID : 77
[report] load_duration_ns : 27709720438
[report] load_duration_s : 27.709720
[report] load_throughput : 3470.009747
[report] load_average_latency_ns : 288183.628571
Load workloads needs: 27728672612 ns 
[report] load_thread_ID : 72
[report] load_duration_ns : 27728672612
[report] load_duration_s : 27.728673
[report] load_throughput : 3467.638042
[report] load_average_latency_ns : 288380.732915
Load workloads needs: 27740797139 ns 
[report] load_thread_ID : 64
[report] load_duration_ns : 27740797139
[report] load_duration_s : 27.740797
[report] load_throughput : 3466.122459
[report] load_average_latency_ns : 288506.829106
Load workloads needs: 27787670572 ns 
[report] load_thread_ID : 49
[report] load_duration_ns : 27787670572
[report] load_duration_s : 27.787671
[report] load_throughput : 3460.275655
[report] load_average_latency_ns : 288994.317099
Load workloads needs: 27896528808 ns 
[report] load_thread_ID : 37
[report] load_duration_ns : 27896528808
[report] load_duration_s : 27.896529
[report] load_throughput : 3446.772918
[report] load_average_latency_ns : 290126.452716
Load workloads needs: 27900650559 ns 
[report] load_thread_ID : 86
[report] load_duration_ns : 27900650559
[report] load_duration_s : 27.900651
[report] load_throughput : 3446.263728
[report] load_average_latency_ns : 290169.319304
Load workloads needs: 27979747601 ns 
[report] load_thread_ID : 94
[report] load_duration_ns : 27979747601
[report] load_duration_s : 27.979748
[report] load_throughput : 3436.521350
[report] load_average_latency_ns : 290991.935779
All clients run done needs: 27979208221 ns 
[report] load_overall_duration_ns : 27979208221
[report] load_overall_duration_s : 27.979208
[report] load_overall_throughput : 357408.255481
[report] load_overall_average_latency_ns : 2797.920822
