numactl --membind=4 /mnt/nvme0/home/gxr/mongdb-run/test_mongodb/build//run_client --num_threads=100 --core_binding=0,1,2,3,4,5,6,7,8,9,10,11,12,13,14,15,128,129,130,131,132,133,134,135,136,137,138,139,140,141,142,143,16,17,18,19,20,21,22,23,24,25,26,27,28,29,30,31,144,145,146,147,148,149,150,151,152,153,154,155,156,157,158,159,32,33,34,35,36,37,38,39,40,41,42,43,44,45,46,47,160,161,162,163,164,165,166,167,168,169,170,171,172,173,174,175,48,49,50,51,52,53,54,55,56,57,58,59,60,61,62,63,176,177,178,179,180,181,182,183,184,185,186,187,188,189,190,191 --str_key_size=16 --str_key_size=256 --load_file=/mnt/nvme0/home/gxr/mongdb-run/workloads/ycsb/workloada-load-10000000-10000000.log.formated --run_file=/mnt/nvme0/home/gxr/mongdb-run/workloads/ycsb/workloada-run-10000000-10000000.log.formated --URI_set=mongodb://localhost:27017,mongodb://localhost:27018,mongodb://localhost:27019,mongodb://localhost:27020,mongodb://localhost:27021,mongodb://localhost:27022,mongodb://localhost:27023,mongodb://localhost:27024,mongodb://localhost:27025,mongodb://localhost:27026,mongodb://localhost:27027,mongodb://localhost:27028,mongodb://localhost:27029,mongodb://localhost:27030,mongodb://localhost:27031,mongodb://localhost:27032,mongodb://localhost:27033,mongodb://localhost:27034,mongodb://localhost:27035,mongodb://localhost:27036,mongodb://localhost:27037,mongodb://localhost:27038,mongodb://localhost:27039,mongodb://localhost:27040,mongodb://localhost:27041,mongodb://localhost:27042,mongodb://localhost:27043,mongodb://localhost:27044,mongodb://localhost:27045,mongodb://localhost:27046,mongodb://localhost:27047,mongodb://localhost:27048,mongodb://localhost:27049,mongodb://localhost:27050,mongodb://localhost:27051,mongodb://localhost:27052,mongodb://localhost:27053,mongodb://localhost:27054,mongodb://localhost:27055,mongodb://localhost:27056,mongodb://localhost:27057,mongodb://localhost:27058,mongodb://localhost:27059,mongodb://localhost:27060,mongodb://localhost:27061,mongodb://localhost:27062,mongodb://localhost:27063,mongodb://localhost:27064,mongodb://localhost:27065,mongodb://localhost:27066,mongodb://localhost:27067,mongodb://localhost:27068,mongodb://localhost:27069,mongodb://localhost:27070,mongodb://localhost:27071,mongodb://localhost:27072,mongodb://localhost:27073,mongodb://localhost:27074,mongodb://localhost:27075,mongodb://localhost:27076,mongodb://localhost:27077,mongodb://localhost:27078,mongodb://localhost:27079,mongodb://localhost:27080,mongodb://localhost:27081,mongodb://localhost:27082,mongodb://localhost:27083,mongodb://localhost:27084,mongodb://localhost:27085,mongodb://localhost:27086,mongodb://localhost:27087,mongodb://localhost:27088,mongodb://localhost:27089,mongodb://localhost:27090,mongodb://localhost:27091,mongodb://localhost:27092,mongodb://localhost:27093,mongodb://localhost:27094,mongodb://localhost:27095,mongodb://localhost:27096,mongodb://localhost:27097,mongodb://localhost:27098,mongodb://localhost:27099,mongodb://localhost:27100,mongodb://localhost:27101,mongodb://localhost:27102,mongodb://localhost:27103,mongodb://localhost:27104,mongodb://localhost:27105,mongodb://localhost:27106,mongodb://localhost:27107,mongodb://localhost:27108,mongodb://localhost:27109,mongodb://localhost:27110,mongodb://localhost:27111,mongodb://localhost:27112,mongodb://localhost:27113,mongodb://localhost:27114,mongodb://localhost:27115,mongodb://localhost:27116,mongodb://localhost:27117,mongodb://localhost:27118,mongodb://localhost:27119,mongodb://localhost:27120,mongodb://localhost:27121,mongodb://localhost:27122,mongodb://localhost:27123,mongodb://localhost:27124,mongodb://localhost:27125,mongodb://localhost:27126,mongodb://localhost:27127,mongodb://localhost:27128,mongodb://localhost:27129,mongodb://localhost:27130,mongodb://localhost:27131,mongodb://localhost:27132,mongodb://localhost:27133,mongodb://localhost:27134,mongodb://localhost:27135,mongodb://localhost:27136,mongodb://localhost:27137,mongodb://localhost:27138,mongodb://localhost:27139,mongodb://localhost:27140,mongodb://localhost:27141,mongodb://localhost:27142,mongodb://localhost:27143,mongodb://localhost:27144 --first_mode=true
mongodb://localhost:27017 mongodb://localhost:27018 mongodb://localhost:27019 mongodb://localhost:27020 mongodb://localhost:27021 mongodb://localhost:27022 mongodb://localhost:27023 mongodb://localhost:27024 mongodb://localhost:27025 mongodb://localhost:27026 mongodb://localhost:27027 mongodb://localhost:27028 mongodb://localhost:27029 mongodb://localhost:27030 mongodb://localhost:27031 mongodb://localhost:27032 mongodb://localhost:27033 mongodb://localhost:27034 mongodb://localhost:27035 mongodb://localhost:27036 mongodb://localhost:27037 mongodb://localhost:27038 mongodb://localhost:27039 mongodb://localhost:27040 mongodb://localhost:27041 mongodb://localhost:27042 mongodb://localhost:27043 mongodb://localhost:27044 mongodb://localhost:27045 mongodb://localhost:27046 mongodb://localhost:27047 mongodb://localhost:27048 mongodb://localhost:27049 mongodb://localhost:27050 mongodb://localhost:27051 mongodb://localhost:27052 mongodb://localhost:27053 mongodb://localhost:27054 mongodb://localhost:27055 mongodb://localhost:27056 mongodb://localhost:27057 mongodb://localhost:27058 mongodb://localhost:27059 mongodb://localhost:27060 mongodb://localhost:27061 mongodb://localhost:27062 mongodb://localhost:27063 mongodb://localhost:27064 mongodb://localhost:27065 mongodb://localhost:27066 mongodb://localhost:27067 mongodb://localhost:27068 mongodb://localhost:27069 mongodb://localhost:27070 mongodb://localhost:27071 mongodb://localhost:27072 mongodb://localhost:27073 mongodb://localhost:27074 mongodb://localhost:27075 mongodb://localhost:27076 mongodb://localhost:27077 mongodb://localhost:27078 mongodb://localhost:27079 mongodb://localhost:27080 mongodb://localhost:27081 mongodb://localhost:27082 mongodb://localhost:27083 mongodb://localhost:27084 mongodb://localhost:27085 mongodb://localhost:27086 mongodb://localhost:27087 mongodb://localhost:27088 mongodb://localhost:27089 mongodb://localhost:27090 mongodb://localhost:27091 mongodb://localhost:27092 mongodb://localhost:27093 mongodb://localhost:27094 mongodb://localhost:27095 mongodb://localhost:27096 mongodb://localhost:27097 mongodb://localhost:27098 mongodb://localhost:27099 mongodb://localhost:27100 mongodb://localhost:27101 mongodb://localhost:27102 mongodb://localhost:27103 mongodb://localhost:27104 mongodb://localhost:27105 mongodb://localhost:27106 mongodb://localhost:27107 mongodb://localhost:27108 mongodb://localhost:27109 mongodb://localhost:27110 mongodb://localhost:27111 mongodb://localhost:27112 mongodb://localhost:27113 mongodb://localhost:27114 mongodb://localhost:27115 mongodb://localhost:27116 mongodb://localhost:27117 mongodb://localhost:27118 mongodb://localhost:27119 mongodb://localhost:27120 mongodb://localhost:27121 mongodb://localhost:27122 mongodb://localhost:27123 mongodb://localhost:27124 mongodb://localhost:27125 mongodb://localhost:27126 mongodb://localhost:27127 mongodb://localhost:27128 mongodb://localhost:27129 mongodb://localhost:27130 mongodb://localhost:27131 mongodb://localhost:27132 mongodb://localhost:27133 mongodb://localhost:27134 mongodb://localhost:27135 mongodb://localhost:27136 mongodb://localhost:27137 mongodb://localhost:27138 mongodb://localhost:27139 mongodb://localhost:27140 mongodb://localhost:27141 mongodb://localhost:27142 mongodb://localhost:27143 mongodb://localhost:27144 reading workload files ...
load_filename : /mnt/nvme0/home/gxr/mongdb-run/workloads/ycsb/workloada-load-10000000-10000000.log.formated
read load file needs: 5097317899 s 
run_filename : /mnt/nvme0/home/gxr/mongdb-run/workloads/ycsb/workloada-run-10000000-10000000.log.formated
read run file needs: 5222275295 s 
num_of_load_ops is 10000000
num_of_run_ops is 10000000
0 1 2 3 4 5 6 7 8 9 10 11 12 13 14 15 128 129 130 131 132 133 134 135 136 137 138 139 140 141 142 143 16 17 18 19 20 21 22 23 24 25 26 27 28 29 30 31 144 145 146 147 148 149 150 151 152 153 154 155 156 157 158 159 32 33 34 35 36 37 38 39 40 41 42 43 44 45 46 47 160 161 162 163 164 165 166 167 168 169 170 171 172 173 174 175 48 49 50 51 52 53 54 55 56 57 58 59 60 61 62 63 176 177 178 179 180 181 182 183 184 185 186 187 188 189 190 191 URI: mongodb://localhost:27017
URI: mongodb://localhost:27017
URI: mongodb://localhost:27017
URI: mongodb://localhost:27017
URI: URI: mongodb://localhost:27017URI: mongodb://localhost:27017

mongodb://localhost:27017
URI: mongodb://localhost:27017
URI: mongodb://localhost:27017
URI: mongodb://localhost:27017
URI: mongodb://localhost:27017
URI: mongodb://localhost:27017
URI: mongodb://localhost:27017
URI: mongodb://localhost:27017
URI: mongodb://localhost:27017
URI: mongodb://localhost:27017
URI: mongodb://localhost:27017
URI: mongodb://localhost:27017
URI: mongodb://localhost:27017
URI: mongodb://localhost:27017
URI: mongodb://localhost:27017
URI: mongodb://localhost:27017
URI: mongodb://localhost:27017
URI: mongodb://localhost:27017
URI: mongodb://localhost:27017
URI: mongodb://localhost:27017
URI: mongodb://localhost:27017
URI: mongodb://localhost:27017
URI: mongodb://localhost:27017
URI: mongodb://localhost:27017
URI: mongodb://localhost:27017
URI: mongodb://localhost:27017
URI: mongodb://localhost:27017
URI: mongodb://localhost:27017
URI: mongodb://localhost:27017
URI: mongodb://localhost:27017
URI: mongodb://localhost:27017
URI: mongodb://localhost:27017
URI: mongodb://localhost:27017
URI: mongodb://localhost:27017
URI: mongodb://localhost:27017
URI: mongodb://localhost:27017
URI: mongodb://localhost:27017
URI: mongodb://localhost:27017
URI: mongodb://localhost:27017
URI: mongodb://localhost:27017
URI: mongodb://localhost:27017
URI: mongodb://localhost:27017
URI: mongodb://localhost:27017
URI: mongodb://localhost:27017
URI: mongodb://localhost:27017
URI: mongodb://localhost:27017
URI: mongodb://localhost:27017
URI: mongodb://localhost:27017
URI: mongodb://localhost:27017
URI: mongodb://localhost:27017
URI: mongodb://localhost:27017
URI: mongodb://localhost:27017
URI: mongodb://localhost:27017
URI: mongodb://localhost:27017
URI: mongodb://localhost:27017
URI: mongodb://localhost:27017
URI: mongodb://localhost:27017
URI: mongodb://localhost:27017
URI: mongodb://localhost:27017
URI: mongodb://localhost:27017
URI: mongodb://localhost:27017
URI: mongodb://localhost:27017
URI: mongodb://localhost:27017
URI: mongodb://localhost:27017
URI: mongodb://localhost:27017
URI: mongodb://localhost:27017
URI: mongodb://localhost:27017
URI: mongodb://localhost:27017
URI: mongodb://localhost:27017
URI: mongodb://localhost:27017
URI: mongodb://localhost:27017
URI: mongodb://localhost:27017
URI: mongodb://localhost:27017
URI: mongodb://localhost:27017
URI: mongodb://localhost:27017
URI: mongodb://localhost:27017
URI: mongodb://localhost:27017
URI: mongodb://localhost:27017
URI: mongodb://localhost:27017
URI: mongodb://localhost:27017
URI: mongodb://localhost:27017
URI: mongodb://localhost:27017
URI: mongodb://localhost:27017
URI: mongodb://localhost:27017
URI: mongodb://localhost:27017
URI: mongodb://localhost:27017
URI: mongodb://localhost:27017
URI: mongodb://localhost:27017
URI: mongodb://localhost:27017
URI: URI: mongodb://localhost:27017
mongodb://localhost:27017URI: mongodb://localhost:27017

URI: mongodb://localhost:27017
URI: mongodb://localhost:27017
Load workloads needs: 34126007367 ns 
[report] load_thread_ID : 98
[report] load_duration_ns : 34126007367
[report] load_duration_s : 34.126007
[report] load_throughput : 2930.316428
[report] load_average_latency_ns : 341260.073670
Load workloads needs: 34138304184 ns 
[report] load_thread_ID : 97
[report] load_duration_ns : 34138304184
[report] load_duration_s : 34.138304
[report] load_throughput : 2929.260911
[report] load_average_latency_ns : 341383.041840
Load workloads needs: 34288214765 ns 
[report] load_thread_ID : 99
[report] load_duration_ns : 34288214765
[report] load_duration_s : 34.288215
[report] load_throughput : 2916.453968
[report] load_average_latency_ns : 342882.147650
Load workloads needs: 34433479809 ns 
[report] load_thread_ID : 96
[report] load_duration_ns : 34433479809
[report] load_duration_s : 34.433480
[report] load_throughput : 2904.150279
[report] load_average_latency_ns : 344334.798090
Load workloads needs: 41916780828 ns 
[report] load_thread_ID : 72
[report] load_duration_ns : 41916780828
[report] load_duration_s : 41.916781
[report] load_throughput : 2385.679387
[report] load_average_latency_ns : 419167.808280
Load workloads needs: 42151195725 ns 
[report] load_thread_ID : 25
[report] load_duration_ns : 42151195725
[report] load_duration_s : 42.151196
[report] load_throughput : 2372.411939
[report] load_average_latency_ns : 421511.957250
Load workloads needs: 42624536330 ns 
[report] load_thread_ID : 64
[report] load_duration_ns : 42624536330
[report] load_duration_s : 42.624536
[report] load_throughput : 2346.066576
[report] load_average_latency_ns : 426245.363300
Load workloads needs: 42675461238 ns 
[report] load_thread_ID : 66
[report] load_duration_ns : 42675461238
[report] load_duration_s : 42.675461
[report] load_throughput : 2343.266999
[report] load_average_latency_ns : 426754.612380
Load workloads needs: 42714517978 ns 
[report] load_thread_ID : 22
[report] load_duration_ns : 42714517978
[report] load_duration_s : 42.714518
[report] load_throughput : 2341.124394
[report] load_average_latency_ns : 427145.179780
Load workloads needs: 42713774562 ns 
[report] load_thread_ID : 81
[report] load_duration_ns : 42713774562
[report] load_duration_s : 42.713775
[report] load_throughput : 2341.165140
[report] load_average_latency_ns : 427137.745620
Load workloads needs: 42724442326 ns 
[report] load_thread_ID : 60
[report] load_duration_ns : 42724442326
[report] load_duration_s : 42.724442
[report] load_throughput : 2340.580580
[report] load_average_latency_ns : 427244.423260
Load workloads needs: 42752054496 ns 
[report] load_thread_ID : 34
[report] load_duration_ns : 42752054496
[report] load_duration_s : 42.752054
[report] load_throughput : 2339.068875
[report] load_average_latency_ns : 427520.544960
Load workloads needs: 42747952100 ns 
[report] load_thread_ID : 83
[report] load_duration_ns : 42747952100
[report] load_duration_s : 42.747952
[report] load_throughput : 2339.293348
[report] load_average_latency_ns : 427479.521000
Load workloads needs: 42755254651 ns 
[report] load_thread_ID : 86
[report] load_duration_ns : 42755254651
[report] load_duration_s : 42.755255
[report] load_throughput : 2338.893800
[report] load_average_latency_ns : 427552.546510
Load workloads needs: 42762597577 ns 
[report] load_thread_ID : 54
[report] load_duration_ns : 42762597577
[report] load_duration_s : 42.762598
[report] load_throughput : 2338.492179
[report] load_average_latency_ns : 427625.975770
Load workloads needs: 42765749391 ns 
[report] load_thread_ID : 51
[report] load_duration_ns : 42765749391
[report] load_duration_s : 42.765749
[report] load_throughput : 2338.319834
[report] load_average_latency_ns : 427657.493910
Load workloads needs: 42787987711 ns 
[report] load_thread_ID : 37
[report] load_duration_ns : 42787987711
[report] load_duration_s : 42.787988
[report] load_throughput : 2337.104532
[report] load_average_latency_ns : 427879.877110
Load workloads needs: 42787019762 ns 
[report] load_thread_ID : 90
[report] load_duration_ns : 42787019762
[report] load_duration_s : 42.787020
[report] load_throughput : 2337.157403
[report] load_average_latency_ns : 427870.197620
Load workloads needs: 42857990344 ns 
[report] load_thread_ID : 32
[report] load_duration_ns : 42857990344
[report] load_duration_s : 42.857990
[report] load_throughput : 2333.287193
[report] load_average_latency_ns : 428579.903440
Load workloads needs: 42858054967 ns 
[report] load_thread_ID : 46
[report] load_duration_ns : 42858054967
[report] load_duration_s : 42.858055
[report] load_throughput : 2333.283675
[report] load_average_latency_ns : 428580.549670
Load workloads needs: 42865383042 ns 
[report] load_thread_ID : 65
[report] load_duration_ns : 42865383042
[report] load_duration_s : 42.865383
[report] load_throughput : 2332.884787
[report] load_average_latency_ns : 428653.830420
Load workloads needs: 42887858966 ns 
[report] load_thread_ID : 76
[report] load_duration_ns : 42887858966
[report] load_duration_s : 42.887859
[report] load_throughput : 2331.662210
[report] load_average_latency_ns : 428878.589660
Load workloads needs: 42897643521 ns 
[report] load_thread_ID : 59
[report] load_duration_ns : 42897643521
[report] load_duration_s : 42.897644
[report] load_throughput : 2331.130379
[report] load_average_latency_ns : 428976.435210
Load workloads needs: 42930564341 ns 
[report] load_thread_ID : 17
[report] load_duration_ns : 42930564341
[report] load_duration_s : 42.930564
[report] load_throughput : 2329.342778
[report] load_average_latency_ns : 429305.643410
Load workloads needs: 42923602714 ns 
[report] load_thread_ID : 95
[report] load_duration_ns : 42923602714
[report] load_duration_s : 42.923603
[report] load_throughput : 2329.720566
[report] load_average_latency_ns : 429236.027140
Load workloads needs: 42936020677 ns 
[report] load_thread_ID : 84
[report] load_duration_ns : 42936020677
[report] load_duration_s : 42.936021
[report] load_throughput : 2329.046764
[report] load_average_latency_ns : 429360.206770
Load workloads needs: 42937640793 ns 
[report] load_thread_ID : 69
[report] load_duration_ns : 42937640793
[report] load_duration_s : 42.937641
[report] load_throughput : 2328.958884
[report] load_average_latency_ns : 429376.407930
Load workloads needs: 42937957084 ns 
[report] load_thread_ID : 87
[report] load_duration_ns : 42937957084
[report] load_duration_s : 42.937957
[report] load_throughput : 2328.941729
[report] load_average_latency_ns : 429379.570840
Load workloads needs: 42945990596 ns 
[report] load_thread_ID : 42
[report] load_duration_ns : 42945990596
[report] load_duration_s : 42.945991
[report] load_throughput : 2328.506075
[report] load_average_latency_ns : 429459.905960
Load workloads needs: 42951528215 ns 
[report] load_thread_ID : 4
[report] load_duration_ns : 42951528215
[report] load_duration_s : 42.951528
[report] load_throughput : 2328.205867
[report] load_average_latency_ns : 429515.282150
Load workloads needs: 42955674574 ns 
[report] load_thread_ID : 92
[report] load_duration_ns : 42955674574
[report] load_duration_s : 42.955675
[report] load_throughput : 2327.981134
[report] load_average_latency_ns : 429556.745740
Load workloads needs: 42970202548 ns 
[report] load_thread_ID : 48
[report] load_duration_ns : 42970202548
[report] load_duration_s : 42.970203
[report] load_throughput : 2327.194057
[report] load_average_latency_ns : 429702.025480
Load workloads needs: 42976689237 ns 
[report] load_thread_ID : 39
[report] load_duration_ns : 42976689237
[report] load_duration_s : 42.976689
[report] load_throughput : 2326.842802
[report] load_average_latency_ns : 429766.892370
Load workloads needs: 42982728148 ns 
[report] load_thread_ID : 31
[report] load_duration_ns : 42982728148
[report] load_duration_s : 42.982728
[report] load_throughput : 2326.515889
[report] load_average_latency_ns : 429827.281480
Load workloads needs: 42982323382 ns 
[report] load_thread_ID : 41
[report] load_duration_ns : 42982323382
[report] load_duration_s : 42.982323
[report] load_throughput : 2326.537798
[report] load_average_latency_ns : 429823.233820
Load workloads needs: 42982356193 ns 
[report] load_thread_ID : 50
[report] load_duration_ns : 42982356193
[report] load_duration_s : 42.982356
[report] load_throughput : 2326.536022
[report] load_average_latency_ns : 429823.561930
Load workloads needs: 42979913392 ns 
[report] load_thread_ID : 77
[report] load_duration_ns : 42979913392
[report] load_duration_s : 42.979913
[report] load_throughput : 2326.668253
[report] load_average_latency_ns : 429799.133920
Load workloads needs: 42990935390 ns 
[report] load_thread_ID : 33
[report] load_duration_ns : 42990935390
[report] load_duration_s : 42.990935
[report] load_throughput : 2326.071743
[report] load_average_latency_ns : 429909.353900
Load workloads needs: 42995956659 ns 
[report] load_thread_ID : 19
[report] load_duration_ns : 42995956659
[report] load_duration_s : 42.995957
[report] load_throughput : 2325.800093
[report] load_average_latency_ns : 429959.566590
Load workloads needs: 42988771912 ns 
[report] load_thread_ID : 88
[report] load_duration_ns : 42988771912
[report] load_duration_s : 42.988772
[report] load_throughput : 2326.188806
[report] load_average_latency_ns : 429887.719120
Load workloads needs: 42995786899 ns 
[report] load_thread_ID : 57
[report] load_duration_ns : 42995786899
[report] load_duration_s : 42.995787
[report] load_throughput : 2325.809276
[report] load_average_latency_ns : 429957.868990
Load workloads needs: 43001070829 ns 
[report] load_thread_ID : 45
[report] load_duration_ns : 43001070829
[report] load_duration_s : 43.001071
[report] load_throughput : 2325.523483
[report] load_average_latency_ns : 430010.708290
Load workloads needs: 43010453442 ns 
[report] load_thread_ID : 68
[report] load_duration_ns : 43010453442
[report] load_duration_s : 43.010453
[report] load_throughput : 2325.016176
[report] load_average_latency_ns : 430104.534420
Load workloads needs: 43021492738 ns 
[report] load_thread_ID : 2
[report] load_duration_ns : 43021492738
[report] load_duration_s : 43.021493
[report] load_throughput : 2324.419578
[report] load_average_latency_ns : 430214.927380
Load workloads needs: 43013230431 ns 
[report] load_thread_ID : 80
[report] load_duration_ns : 43013230431
[report] load_duration_s : 43.013230
[report] load_throughput : 2324.866070
[report] load_average_latency_ns : 430132.304310
Load workloads needs: 43014037570 ns 
[report] load_thread_ID : 75
[report] load_duration_ns : 43014037570
[report] load_duration_s : 43.014038
[report] load_throughput : 2324.822445
[report] load_average_latency_ns : 430140.375700
Load workloads needs: 43014073370 ns 
[report] load_thread_ID : 79
[report] load_duration_ns : 43014073370
[report] load_duration_s : 43.014073
[report] load_throughput : 2324.820510
[report] load_average_latency_ns : 430140.733700
Load workloads needs: 43015492649 ns 
[report] load_thread_ID : 93
[report] load_duration_ns : 43015492649
[report] load_duration_s : 43.015493
[report] load_throughput : 2324.743804
[report] load_average_latency_ns : 430154.926490
Load workloads needs: 43037900916 ns 
[report] load_thread_ID : 56
[report] load_duration_ns : 43037900916
[report] load_duration_s : 43.037901
[report] load_throughput : 2323.533394
[report] load_average_latency_ns : 430379.009160
Load workloads needs: 43035861742 ns 
[report] load_thread_ID : 71
[report] load_duration_ns : 43035861742
[report] load_duration_s : 43.035862
[report] load_throughput : 2323.643491
[report] load_average_latency_ns : 430358.617420
Load workloads needs: 43037940499 ns 
[report] load_thread_ID : 67
[report] load_duration_ns : 43037940499
[report] load_duration_s : 43.037940
[report] load_throughput : 2323.531257
[report] load_average_latency_ns : 430379.404990
Load workloads needs: 43060461519 ns 
[report] load_thread_ID : 18
[report] load_duration_ns : 43060461519
[report] load_duration_s : 43.060462
[report] load_throughput : 2322.316029
[report] load_average_latency_ns : 430604.615190
Load workloads needs: 43062740313 ns 
[report] load_thread_ID : 44
[report] load_duration_ns : 43062740313
[report] load_duration_s : 43.062740
[report] load_throughput : 2322.193137
[report] load_average_latency_ns : 430627.403130
Load workloads needs: 43061142137 ns 
[report] load_thread_ID : 53
[report] load_duration_ns : 43061142137
[report] load_duration_s : 43.061142
[report] load_throughput : 2322.279323
[report] load_average_latency_ns : 430611.421370
Load workloads needs: 43076721155 ns 
[report] load_thread_ID : 40
[report] load_duration_ns : 43076721155
[report] load_duration_s : 43.076721
[report] load_throughput : 2321.439453
[report] load_average_latency_ns : 430767.211550
Load workloads needs: 43086056978 ns 
[report] load_thread_ID : 21
[report] load_duration_ns : 43086056978
[report] load_duration_s : 43.086057
[report] load_throughput : 2320.936447
[report] load_average_latency_ns : 430860.569780
Load workloads needs: 43084967602 ns 
[report] load_thread_ID : 30
[report] load_duration_ns : 43084967602
[report] load_duration_s : 43.084968
[report] load_throughput : 2320.995130
[report] load_average_latency_ns : 430849.676020
Load workloads needs: 43078582520 ns 
[report] load_thread_ID : 85
[report] load_duration_ns : 43078582520
[report] load_duration_s : 43.078583
[report] load_throughput : 2321.339147
[report] load_average_latency_ns : 430785.825200
Load workloads needs: 43082993633 ns 
[report] load_thread_ID : 70
[report] load_duration_ns : 43082993633
[report] load_duration_s : 43.082994
[report] load_throughput : 2321.101473
[report] load_average_latency_ns : 430829.936330
Load workloads needs: 43087198294 ns 
[report] load_thread_ID : 49
[report] load_duration_ns : 43087198294
[report] load_duration_s : 43.087198
[report] load_throughput : 2320.874969
[report] load_average_latency_ns : 430871.982940
Load workloads needs: 43084165162 ns 
[report] load_thread_ID : 74
[report] load_duration_ns : 43084165162
[report] load_duration_s : 43.084165
[report] load_throughput : 2321.038359
[report] load_average_latency_ns : 430841.651620
Load workloads needs: 43106454102 ns 
[report] load_thread_ID : 24
[report] load_duration_ns : 43106454102
[report] load_duration_s : 43.106454
[report] load_throughput : 2319.838226
[report] load_average_latency_ns : 431064.541020
Load workloads needs: 43101338028 ns 
[report] load_thread_ID : 62
[report] load_duration_ns : 43101338028
[report] load_duration_s : 43.101338
[report] load_throughput : 2320.113588
[report] load_average_latency_ns : 431013.380280
Load workloads needs: 43106834608 ns 
[report] load_thread_ID : 43
[report] load_duration_ns : 43106834608
[report] load_duration_s : 43.106835
[report] load_throughput : 2319.817748
[report] load_average_latency_ns : 431068.346080
Load workloads needs: 43112716338 ns 
[report] load_thread_ID : 36
[report] load_duration_ns : 43112716338
[report] load_duration_s : 43.112716
[report] load_throughput : 2319.501263
[report] load_average_latency_ns : 431127.163380
Load workloads needs: 43115438091 ns 
[report] load_thread_ID : 58
[report] load_duration_ns : 43115438091
[report] load_duration_s : 43.115438
[report] load_throughput : 2319.354840
[report] load_average_latency_ns : 431154.380910
Load workloads needs: 43123586842 ns 
[report] load_thread_ID : 26
[report] load_duration_ns : 43123586842
[report] load_duration_s : 43.123587
[report] load_throughput : 2318.916568
[report] load_average_latency_ns : 431235.868420
Load workloads needs: 43119740583 ns 
[report] load_thread_ID : 52
[report] load_duration_ns : 43119740583Load workloads needs: 43117787499 ns 
[report] load_thread_ID : 61
[report] load_duration_ns : 43117787499

[report] load_duration_s : 43.119741
[report] load_throughput : 2319.123414
[report] load_duration_s : 43.117787
[report] load_[report] load_average_latency_ns : 431197.405830throughput : 2319.228462

[report] load_average_latency_ns : 431177.874990
Load workloads needs: 43116577974 ns 
[report] load_thread_ID : 94
[report] load_duration_ns : 43116577974
[report] load_duration_s : 43.116578
[report] load_throughput : 2319.293522
[report] load_average_latency_ns : 431165.779740
Load workloads needs: 43125129563 ns 
[report] load_thread_ID : 35
[report] load_duration_ns : 43125129563
[report] load_duration_s : 43.125130
[report] load_throughput : 2318.833613
[report] load_average_latency_ns : 431251.295630
Load workloads needs: 43144067440 ns 
[report] load_thread_ID : 89
[report] load_duration_ns : 43144067440
[report] load_duration_s : 43.144067
[report] load_throughput : 2317.815772
[report] load_average_latency_ns : 431440.674400
Load workloads needs: 43161889785 ns 
[report] load_thread_ID : 28
[report] load_duration_ns : 43161889785
[report] load_duration_s : 43.161890
[report] load_throughput : 2316.858703
[report] load_average_latency_ns : 431618.897850
Load workloads needs: 43168126816 ns 
[report] load_thread_ID : 6
[report] load_duration_ns : 43168126816
[report] load_duration_s : 43.168127
[report] load_throughput : 2316.523958
[report] load_average_latency_ns : 431681.268160
Load workloads needs: 43176542528 ns 
[report] load_thread_ID : 78
[report] load_duration_ns : 43176542528
[report] load_duration_s : 43.176543
[report] load_throughput : 2316.072435
[report] load_average_latency_ns : 431765.425280
Load workloads needs: 43197638749 ns 
[report] load_thread_ID : 12
[report] load_duration_ns : 43197638749
[report] load_duration_s : 43.197639
[report] load_throughput : 2314.941346
[report] load_average_latency_ns : 431976.387490
Load workloads needs: 43203224563 ns 
[report] load_thread_ID : 10
[report] load_duration_ns : 43203224563
[report] load_duration_s : 43.203225
[report] load_throughput : 2314.642044
[report] load_average_latency_ns : 432032.245630
Load workloads needs: 43221416381 ns 
[report] load_thread_ID : 29
[report] load_duration_ns : 43221416381
[report] load_duration_s : 43.221416
[report] load_throughput : 2313.667815
[report] load_average_latency_ns : 432214.163810
Load workloads needs: 43228362721 ns 
[report] load_thread_ID : 9
[report] load_duration_ns : 43228362721
[report] load_duration_s : 43.228363
[report] load_throughput : 2313.296033
[report] load_average_latency_ns : 432283.627210
Load workloads needs: 43229037531 ns 
[report] load_thread_ID : 27
[report] load_duration_ns : 43229037531
[report] load_duration_s : 43.229038
[report] load_throughput : 2313.259922
[report] load_average_latency_ns : 432290.375310
Load workloads needs: 43233359845 ns 
[report] load_thread_ID : 20
[report] load_duration_ns : 43233359845
[report] load_duration_s : 43.233360
[report] load_throughput : 2313.028651
[report] load_average_latency_ns : 432333.598450
Load workloads needs: 43239340188 ns 
[report] load_thread_ID : 8
[report] load_duration_ns : 43239340188
[report] load_duration_s : 43.239340
[report] load_throughput : 2312.708741
[report] load_average_latency_ns : 432393.401880
Load workloads needs: 43244405101 ns 
[report] load_thread_ID : 5
[report] load_duration_ns : 43244405101
[report] load_duration_s : 43.244405
[report] load_throughput : 2312.437870
[report] load_average_latency_ns : 432444.051010
Load workloads needs: 43266029164 ns 
[report] load_thread_ID : 1
[report] load_duration_ns : 43266029164
[report] load_duration_s : 43.266029
[report] load_throughput : 2311.282129
[report] load_average_latency_ns : 432660.291640
Load workloads needs: 43276230592 ns 
[report] load_thread_ID : 0
[report] load_duration_ns : 43276230592
[report] load_duration_s : 43.276231
[report] load_throughput : 2310.737295
[report] load_average_latency_ns : 432762.305920
Load workloads needs: 43302755699 ns 
[report] load_thread_ID : 11
[report] load_duration_ns : 43302755699
[report] load_duration_s : 43.302756
[report] load_throughput : 2309.321852
[report] load_average_latency_ns : 433027.556990
Load workloads needs: 43303551539 ns 
[report] load_thread_ID : 16
[report] load_duration_ns : 43303551539
[report] load_duration_s : 43.303552
[report] load_throughput : 2309.279411
[report] load_average_latency_ns : 433035.515390
Load workloads needs: 43317675330 ns 
[report] load_thread_ID : 3
[report] load_duration_ns : 43317675330
[report] load_duration_s : 43.317675
[report] load_throughput : 2308.526467
[report] load_average_latency_ns : 433176.753300
Load workloads needs: 43317342584 ns 
[report] load_thread_ID : 73
[report] load_duration_ns : 43317342584
[report] load_duration_s : 43.317343
[report] load_throughput : 2308.544200
[report] load_average_latency_ns : 433173.425840
Load workloads needs: 43340159256 ns 
[report] load_thread_ID : 91
[report] load_duration_ns : 43340159256
[report] load_duration_s : 43.340159
[report] load_throughput : 2307.328854
[report] load_average_latency_ns : 433401.592560
Load workloads needs: 43365606519 ns 
[report] load_thread_ID : 55
[report] load_duration_ns : 43365606519
[report] load_duration_s : 43.365607
[report] load_throughput : 2305.974896
[report] load_average_latency_ns : 433656.065190
Load workloads needs: 43401606243 ns 
[report] load_thread_ID : 47
[report] load_duration_ns : 43401606243
[report] load_duration_s : 43.401606
[report] load_throughput : 2304.062192
[report] load_average_latency_ns : 434016.062430
Load workloads needs: 43439358272 ns 
[report] load_thread_ID : 82
[report] load_duration_ns : 43439358272
[report] load_duration_s : 43.439358
[report] load_throughput : 2302.059790
[report] load_average_latency_ns : 434393.582720
Load workloads needs: 43454151596 ns 
[report] load_thread_ID : 38
[report] load_duration_ns : 43454151596
[report] load_duration_s : 43.454152
[report] load_throughput : 2301.276088
[report] load_average_latency_ns : 434541.515960
Load workloads needs: 43465888298 ns 
[report] load_thread_ID : 7
[report] load_duration_ns : 43465888298
[report] load_duration_s : 43.465888
[report] load_throughput : 2300.654695
[report] load_average_latency_ns : 434658.882980
Load workloads needs: 43464807138 ns 
[report] load_thread_ID : 63
[report] load_duration_ns : 43464807138
[report] load_duration_s : 43.464807
[report] load_throughput : 2300.711923
[report] load_average_latency_ns : 434648.071380
Load workloads needs: 43492378246 ns 
[report] load_thread_ID : 14
[report] load_duration_ns : 43492378246
[report] load_duration_s : 43.492378
[report] load_throughput : 2299.253433
[report] load_average_latency_ns : 434923.782460
Load workloads needs: 43493313534 ns 
[report] load_thread_ID : 23
[report] load_duration_ns : 43493313534
[report] load_duration_s : 43.493314
[report] load_throughput : 2299.203990
[report] load_average_latency_ns : 434933.135340
Load workloads needs: 43495140091 ns 
[report] load_thread_ID : 13
[report] load_duration_ns : 43495140091
[report] load_duration_s : 43.495140
[report] load_throughput : 2299.107436
[report] load_average_latency_ns : 434951.400910
Load workloads needs: 43496372359 ns 
[report] load_thread_ID : 15
[report] load_duration_ns : 43496372359
[report] load_duration_s : 43.496372
[report] load_throughput : 2299.042301
[report] load_average_latency_ns : 434963.723590
All clients run done needs: 43487558813 ns 
[report] load_overall_duration_ns : 43487558813
[report] load_overall_duration_s : 43.487559
[report] load_overall_throughput : 229950.824396
[report] load_overall_average_latency_ns : 4348.755881
