numactl --membind=4 /mnt/nvme0/home/gxr/mongdb-run/test_mongodb/build//run_client --num_threads=88 --core_binding=0,1,2,3,4,5,6,7,8,9,10,11,12,13,14,15,128,129,130,131,132,133,134,135,136,137,138,139,140,141,142,143,16,17,18,19,20,21,22,23,24,25,26,27,28,29,30,31,144,145,146,147,148,149,150,151,152,153,154,155,156,157,158,159,32,33,34,35,36,37,38,39,40,41,42,43,44,45,46,47,160,161,162,163,164,165,166,167,168,169,170,171,172,173,174,175,48,49,50,51,52,53,54,55,56,57,58,59,60,61,62,63,176,177,178,179,180,181,182,183,184,185,186,187,188,189,190,191 --str_key_size=16 --str_key_size=256 --load_file=/mnt/nvme0/home/gxr/mongdb-run/workloads/ycsb/workloada-load-10000000-10000000.log.formated --run_file=/mnt/nvme0/home/gxr/mongdb-run/workloads/ycsb/workloada-run-10000000-10000000.log.formated --URI_set=mongodb://localhost:27017,mongodb://localhost:27018,mongodb://localhost:27019,mongodb://localhost:27020,mongodb://localhost:27021,mongodb://localhost:27022,mongodb://localhost:27023,mongodb://localhost:27024,mongodb://localhost:27025,mongodb://localhost:27026,mongodb://localhost:27027,mongodb://localhost:27028,mongodb://localhost:27029,mongodb://localhost:27030,mongodb://localhost:27031,mongodb://localhost:27032,mongodb://localhost:27033,mongodb://localhost:27034,mongodb://localhost:27035,mongodb://localhost:27036,mongodb://localhost:27037,mongodb://localhost:27038,mongodb://localhost:27039,mongodb://localhost:27040,mongodb://localhost:27041,mongodb://localhost:27042,mongodb://localhost:27043,mongodb://localhost:27044,mongodb://localhost:27045,mongodb://localhost:27046,mongodb://localhost:27047,mongodb://localhost:27048,mongodb://localhost:27049,mongodb://localhost:27050,mongodb://localhost:27051,mongodb://localhost:27052,mongodb://localhost:27053,mongodb://localhost:27054,mongodb://localhost:27055,mongodb://localhost:27056,mongodb://localhost:27057,mongodb://localhost:27058,mongodb://localhost:27059,mongodb://localhost:27060,mongodb://localhost:27061,mongodb://localhost:27062,mongodb://localhost:27063,mongodb://localhost:27064,mongodb://localhost:27065,mongodb://localhost:27066,mongodb://localhost:27067,mongodb://localhost:27068,mongodb://localhost:27069,mongodb://localhost:27070,mongodb://localhost:27071,mongodb://localhost:27072,mongodb://localhost:27073,mongodb://localhost:27074,mongodb://localhost:27075,mongodb://localhost:27076,mongodb://localhost:27077,mongodb://localhost:27078,mongodb://localhost:27079,mongodb://localhost:27080,mongodb://localhost:27081,mongodb://localhost:27082,mongodb://localhost:27083,mongodb://localhost:27084,mongodb://localhost:27085,mongodb://localhost:27086,mongodb://localhost:27087,mongodb://localhost:27088,mongodb://localhost:27089,mongodb://localhost:27090,mongodb://localhost:27091,mongodb://localhost:27092,mongodb://localhost:27093,mongodb://localhost:27094,mongodb://localhost:27095,mongodb://localhost:27096,mongodb://localhost:27097,mongodb://localhost:27098,mongodb://localhost:27099,mongodb://localhost:27100,mongodb://localhost:27101,mongodb://localhost:27102,mongodb://localhost:27103,mongodb://localhost:27104,mongodb://localhost:27105,mongodb://localhost:27106,mongodb://localhost:27107,mongodb://localhost:27108,mongodb://localhost:27109,mongodb://localhost:27110,mongodb://localhost:27111,mongodb://localhost:27112,mongodb://localhost:27113,mongodb://localhost:27114,mongodb://localhost:27115,mongodb://localhost:27116,mongodb://localhost:27117,mongodb://localhost:27118,mongodb://localhost:27119,mongodb://localhost:27120,mongodb://localhost:27121,mongodb://localhost:27122,mongodb://localhost:27123,mongodb://localhost:27124,mongodb://localhost:27125,mongodb://localhost:27126,mongodb://localhost:27127,mongodb://localhost:27128,mongodb://localhost:27129,mongodb://localhost:27130,mongodb://localhost:27131,mongodb://localhost:27132,mongodb://localhost:27133,mongodb://localhost:27134,mongodb://localhost:27135,mongodb://localhost:27136,mongodb://localhost:27137,mongodb://localhost:27138,mongodb://localhost:27139,mongodb://localhost:27140,mongodb://localhost:27141,mongodb://localhost:27142,mongodb://localhost:27143,mongodb://localhost:27144 --first_mode=false
mongodb://localhost:27017 mongodb://localhost:27018 mongodb://localhost:27019 mongodb://localhost:27020 mongodb://localhost:27021 mongodb://localhost:27022 mongodb://localhost:27023 mongodb://localhost:27024 mongodb://localhost:27025 mongodb://localhost:27026 mongodb://localhost:27027 mongodb://localhost:27028 mongodb://localhost:27029 mongodb://localhost:27030 mongodb://localhost:27031 mongodb://localhost:27032 mongodb://localhost:27033 mongodb://localhost:27034 mongodb://localhost:27035 mongodb://localhost:27036 mongodb://localhost:27037 mongodb://localhost:27038 mongodb://localhost:27039 mongodb://localhost:27040 mongodb://localhost:27041 mongodb://localhost:27042 mongodb://localhost:27043 mongodb://localhost:27044 mongodb://localhost:27045 mongodb://localhost:27046 mongodb://localhost:27047 mongodb://localhost:27048 mongodb://localhost:27049 mongodb://localhost:27050 mongodb://localhost:27051 mongodb://localhost:27052 mongodb://localhost:27053 mongodb://localhost:27054 mongodb://localhost:27055 mongodb://localhost:27056 mongodb://localhost:27057 mongodb://localhost:27058 mongodb://localhost:27059 mongodb://localhost:27060 mongodb://localhost:27061 mongodb://localhost:27062 mongodb://localhost:27063 mongodb://localhost:27064 mongodb://localhost:27065 mongodb://localhost:27066 mongodb://localhost:27067 mongodb://localhost:27068 mongodb://localhost:27069 mongodb://localhost:27070 mongodb://localhost:27071 mongodb://localhost:27072 mongodb://localhost:27073 mongodb://localhost:27074 mongodb://localhost:27075 mongodb://localhost:27076 mongodb://localhost:27077 mongodb://localhost:27078 mongodb://localhost:27079 mongodb://localhost:27080 mongodb://localhost:27081 mongodb://localhost:27082 mongodb://localhost:27083 mongodb://localhost:27084 mongodb://localhost:27085 mongodb://localhost:27086 mongodb://localhost:27087 mongodb://localhost:27088 mongodb://localhost:27089 mongodb://localhost:27090 mongodb://localhost:27091 mongodb://localhost:27092 mongodb://localhost:27093 mongodb://localhost:27094 mongodb://localhost:27095 mongodb://localhost:27096 mongodb://localhost:27097 mongodb://localhost:27098 mongodb://localhost:27099 mongodb://localhost:27100 mongodb://localhost:27101 mongodb://localhost:27102 mongodb://localhost:27103 mongodb://localhost:27104 mongodb://localhost:27105 mongodb://localhost:27106 mongodb://localhost:27107 mongodb://localhost:27108 mongodb://localhost:27109 mongodb://localhost:27110 mongodb://localhost:27111 mongodb://localhost:27112 mongodb://localhost:27113 mongodb://localhost:27114 mongodb://localhost:27115 mongodb://localhost:27116 mongodb://localhost:27117 mongodb://localhost:27118 mongodb://localhost:27119 mongodb://localhost:27120 mongodb://localhost:27121 mongodb://localhost:27122 mongodb://localhost:27123 mongodb://localhost:27124 mongodb://localhost:27125 mongodb://localhost:27126 mongodb://localhost:27127 mongodb://localhost:27128 mongodb://localhost:27129 mongodb://localhost:27130 mongodb://localhost:27131 mongodb://localhost:27132 mongodb://localhost:27133 mongodb://localhost:27134 mongodb://localhost:27135 mongodb://localhost:27136 mongodb://localhost:27137 mongodb://localhost:27138 mongodb://localhost:27139 mongodb://localhost:27140 mongodb://localhost:27141 mongodb://localhost:27142 mongodb://localhost:27143 mongodb://localhost:27144 reading workload files ...
load_filename : /mnt/nvme0/home/gxr/mongdb-run/workloads/ycsb/workloada-load-10000000-10000000.log.formated
read load file needs: 6188595515 s 
run_filename : /mnt/nvme0/home/gxr/mongdb-run/workloads/ycsb/workloada-run-10000000-10000000.log.formated
read run file needs: 6228664789 s 
num_of_load_ops is 10000000
num_of_run_ops is 10000000
0 1 2 3 4 5 6 7 8 9 10 11 12 13 14 15 128 129 130 131 132 133 134 135 136 137 138 139 140 141 142 143 16 17 18 19 20 21 22 23 24 25 26 27 28 29 30 31 144 145 146 147 148 149 150 151 152 153 154 155 156 157 158 159 32 33 34 35 36 37 38 39 40 41 42 43 44 45 46 47 160 161 162 163 164 165 166 167 168 169 170 171 172 173 174 175 48 49 50 51 52 53 54 55 56 57 58 59 60 61 62 63 176 177 178 179 180 181 182 183 184 185 186 187 188 189 190 191 URI: URI: URI: mongodb://localhost:27018mongodb://localhost:27019
URI: mongodb://localhost:27020

URI: mongodb://localhost:27017
mongodb://localhost:27021
URI: mongodb://localhost:27028
URI: mongodb://localhost:27025URI: mongodb://localhost:27026

URI: mongodb://localhost:27023
URI: mongodb://localhost:27031
URI: mongodb://localhost:27029
URI: mongodb://localhost:27022
URI: mongodb://localhost:27027URI: mongodb://localhost:27024

URI: mongodb://localhost:27030
URI: mongodb://localhost:27032
URI: mongodb://localhost:27033
URI: mongodb://localhost:27034
URI: mongodb://localhost:27035
URI: mongodb://localhost:27037
URI: mongodb://localhost:27036
URI: mongodb://localhost:27038
URI: mongodb://localhost:27039
URI: mongodb://localhost:27040
URI: mongodb://localhost:27041
URI: mongodb://localhost:27042
URI: mongodb://localhost:27043
URI: mongodb://localhost:27044
URI: mongodb://localhost:27045
URI: mongodb://localhost:27046
URI: mongodb://localhost:27047
URI: mongodb://localhost:27048
URI: mongodb://localhost:27051
URI: mongodb://localhost:27052
URI: mongodb://localhost:27053
URI: mongodb://localhost:27054URI: mongodb://localhost:27055

URI: mongodb://localhost:27050
URI: mongodb://localhost:27056
URI: mongodb://localhost:27049
URI: mongodb://localhost:27057
URI: mongodb://localhost:27058
URI: mongodb://localhost:27059
URI: mongodb://localhost:27060
URI: mongodb://localhost:27061
URI: mongodb://localhost:27062
URI: mongodb://localhost:27063
URI: mongodb://localhost:27064
URI: mongodb://localhost:27065
URI: mongodb://localhost:27066
URI: mongodb://localhost:27067
URI: mongodb://localhost:27068
URI: mongodb://localhost:27069
URI: mongodb://localhost:27071
URI: mongodb://localhost:27072
URI: mongodb://localhost:27073
URI: mongodb://localhost:27075
URI: mongodb://localhost:27074
URI: mongodb://localhost:27070
URI: mongodb://localhost:27076
URI: mongodb://localhost:27077
URI: mongodb://localhost:27078
URI: mongodb://localhost:27079
URI: mongodb://localhost:27080
URI: mongodb://localhost:27081
URI: mongodb://localhost:27082
URI: mongodb://localhost:27083
URI: mongodb://localhost:27084
URI: mongodb://localhost:27085
URI: mongodb://localhost:27086
URI: mongodb://localhost:27087
URI: mongodb://localhost:27088
URI: mongodb://localhost:27090
URI: mongodb://localhost:27089
URI: mongodb://localhost:27091
URI: mongodb://localhost:27092
URI: mongodb://localhost:27094
URI: mongodb://localhost:27093
URI: mongodb://localhost:27095
URI: mongodb://localhost:27097
URI: mongodb://localhost:27096
URI: mongodb://localhost:27098
URI: mongodb://localhost:27099
URI: mongodb://localhost:27100
URI: mongodb://localhost:27101
URI: mongodb://localhost:27102
URI: mongodb://localhost:27103
URI: mongodb://localhost:27104
Load workloads needs: 23220390759 ns 
[report] load_thread_ID : 79
[report] load_duration_ns : 23220390759
[report] load_duration_s : 23.220391
[report] load_throughput : 4893.802227
[report] load_average_latency_ns : 204340.092567
Load workloads needs: 23701095430 ns 
[report] load_thread_ID : 6
[report] load_duration_ns : 23701095430
[report] load_duration_s : 23.701095
[report] load_throughput : 4794.546325
[report] load_average_latency_ns : 208570.307209
Load workloads needs: 23792949729 ns 
[report] load_thread_ID : 0
[report] load_duration_ns : 23792949729
[report] load_duration_s : 23.792950
[report] load_throughput : 4776.036653
[report] load_average_latency_ns : 209378.627627
Load workloads needs: 24043996738 ns 
[report] load_thread_ID : 19
[report] load_duration_ns : 24043996738
[report] load_duration_s : 24.043997
[report] load_throughput : 4726.169332
[report] load_average_latency_ns : 211587.848376
Load workloads needs: 24045565404 ns 
[report] load_thread_ID : 20
[report] load_duration_ns : 24045565404
[report] load_duration_s : 24.045565
[report] load_throughput : 4725.861010
[report] load_average_latency_ns : 211601.652680
Load workloads needs: 24086536091 ns 
[report] load_thread_ID : 15
[report] load_duration_ns : 24086536091
[report] load_duration_s : 24.086536
[report] load_throughput : 4717.822420
[report] load_average_latency_ns : 211962.195880
Load workloads needs: 24134698550 ns 
[report] load_thread_ID : 2
[report] load_duration_ns : 24134698550
[report] load_duration_s : 24.134699
[report] load_throughput : 4708.407680
[report] load_average_latency_ns : 212386.026875
Load workloads needs: 24269903759 ns 
[report] load_thread_ID : 75
[report] load_duration_ns : 24269903759
[report] load_duration_s : 24.269904
[report] load_throughput : 4682.177611
[report] load_average_latency_ns : 213575.836522
Load workloads needs: 24298533938 ns 
[report] load_thread_ID : 23
[report] load_duration_ns : 24298533938
[report] load_duration_s : 24.298534
[report] load_throughput : 4676.660752
[report] load_average_latency_ns : 213827.782903
Load workloads needs: 24382542576 ns 
[report] load_thread_ID : 63
[report] load_duration_ns : 24382542576
[report] load_duration_s : 24.382543
[report] load_throughput : 4660.547588
[report] load_average_latency_ns : 214567.061283
Load workloads needs: 24462503755 ns 
[report] load_thread_ID : 7
[report] load_duration_ns : 24462503755
[report] load_duration_s : 24.462504
[report] load_throughput : 4645.313543
[report] load_average_latency_ns : 215270.721910
Load workloads needs: 24568087739 ns 
[report] load_thread_ID : 72
[report] load_duration_ns : 24568087739
[report] load_duration_s : 24.568088
[report] load_throughput : 4625.349812
[report] load_average_latency_ns : 216199.863943
Load workloads needs: 24611602830 ns 
[report] load_thread_ID : 34
[report] load_duration_ns : 24611602830
[report] load_duration_s : 24.611603
[report] load_throughput : 4617.171859
[report] load_average_latency_ns : 216582.797969
Load workloads needs: 24634767282 ns 
[report] load_thread_ID : 50
[report] load_duration_ns : 24634767282
[report] load_duration_s : 24.634767
[report] load_throughput : 4612.830261
[report] load_average_latency_ns : 216786.645799
Load workloads needs: 24644577107 ns 
[report] load_thread_ID : 21
[report] load_duration_ns : 24644577107
[report] load_duration_s : 24.644577
[report] load_throughput : 4610.994115
[report] load_average_latency_ns : 216872.972535
Load workloads needs: 24657845783 ns 
[report] load_thread_ID : 17
[report] load_duration_ns : 24657845783
[report] load_duration_s : 24.657846
[report] load_throughput : 4608.512885
[report] load_average_latency_ns : 216989.737258
Load workloads needs: 24710460871 ns 
[report] load_thread_ID : 77
[report] load_duration_ns : 24710460871
[report] load_duration_s : 24.710461
[report] load_throughput : 4598.700145
[report] load_average_latency_ns : 217452.751514
Load workloads needs: 24727984536 ns 
[report] load_thread_ID : 76
[report] load_duration_ns : 24727984536
[report] load_duration_s : 24.727985
[report] load_throughput : 4595.441243
[report] load_average_latency_ns : 217606.960259
Load workloads needs: 24812974023 ns 
[report] load_thread_ID : 4
[report] load_duration_ns : 24812974023
[report] load_duration_s : 24.812974
[report] load_throughput : 4579.700922
[report] load_average_latency_ns : 218354.870138
Load workloads needs: 24897457581 ns 
[report] load_thread_ID : 78
[report] load_duration_ns : 24897457581
[report] load_duration_s : 24.897458
[report] load_throughput : 4564.160804
[report] load_average_latency_ns : 219098.327827
Load workloads needs: 24911712475 ns 
[report] load_thread_ID : 3
[report] load_duration_ns : 24911712475
[report] load_duration_s : 24.911712
[report] load_throughput : 4561.549115
[report] load_average_latency_ns : 219223.771296
Load workloads needs: 24954099118 ns 
[report] load_thread_ID : 56
[report] load_duration_ns : 24954099118
[report] load_duration_s : 24.954099
[report] load_throughput : 4553.800939
[report] load_average_latency_ns : 219596.774948
Load workloads needs: 24972924591 ns 
[report] load_thread_ID : 74
[report] load_duration_ns : 24972924591
[report] load_duration_s : 24.972925
[report] load_throughput : 4550.368123
[report] load_average_latency_ns : 219762.439641
Load workloads needs: 24996719861 ns 
[report] load_thread_ID : 46
[report] load_duration_ns : 24996719861
[report] load_duration_s : 24.996720
[report] load_throughput : 4546.036465
[report] load_average_latency_ns : 219971.838687
Load workloads needs: 25012189112 ns 
[report] load_thread_ID : 28
[report] load_duration_ns : 25012189112
[report] load_duration_s : 25.012189
[report] load_throughput : 4543.224885
[report] load_average_latency_ns : 220107.968531
Load workloads needs: 25010306986 ns 
[report] load_thread_ID : 73
[report] load_duration_ns : 25010306986
[report] load_duration_s : 25.010307
[report] load_throughput : 4543.566781
[report] load_average_latency_ns : 220091.405769
Load workloads needs: 25082998994 ns 
[report] load_thread_ID : 1
[report] load_duration_ns : 25082998994
[report] load_duration_s : 25.082999
[report] load_throughput : 4530.399257
[report] load_average_latency_ns : 220731.097487
Load workloads needs: 25090496155 ns 
[report] load_thread_ID : 30
[report] load_duration_ns : 25090496155
[report] load_duration_s : 25.090496
[report] load_throughput : 4529.045552
[report] load_average_latency_ns : 220797.072715
Load workloads needs: 25133234188 ns 
[report] load_thread_ID : 47
[report] load_duration_ns : 25133234188
[report] load_duration_s : 25.133234
[report] load_throughput : 4521.344096
[report] load_average_latency_ns : 221173.168609
Load workloads needs: 25230757152 ns 
[report] load_thread_ID : 16
[report] load_duration_ns : 25230757152
[report] load_duration_s : 25.230757
[report] load_throughput : 4503.868010
[report] load_average_latency_ns : 222031.373438
Load workloads needs: 25251791709 ns 
[report] load_thread_ID : 27
[report] load_duration_ns : 25251791709
[report] load_duration_s : 25.251792
[report] load_throughput : 4500.116321
[report] load_average_latency_ns : 222216.478132
Load workloads needs: 25296526076 ns 
[report] load_thread_ID : 42
[report] load_duration_ns : 25296526076
[report] load_duration_s : 25.296526
[report] load_throughput : 4492.158317
[report] load_average_latency_ns : 222610.141821
Load workloads needs: 25356114746 ns 
[report] load_thread_ID : 25
[report] load_duration_ns : 25356114746
[report] load_duration_s : 25.356115
[report] load_throughput : 4481.601426
[report] load_average_latency_ns : 223134.523795
Load workloads needs: 25385035994 ns 
[report] load_thread_ID : 11
[report] load_duration_ns : 25385035994
[report] load_duration_s : 25.385036
[report] load_throughput : 4476.495524
[report] load_average_latency_ns : 223389.031592
Load workloads needs: 25401732932 ns 
[report] load_thread_ID : 10
[report] load_duration_ns : 25401732932
[report] load_duration_s : 25.401733
[report] load_throughput : 4473.553057
[report] load_average_latency_ns : 223535.965117
Load workloads needs: 25425371682 ns 
[report] load_thread_ID : 8
[report] load_duration_ns : 25425371682
[report] load_duration_s : 25.425372
[report] load_throughput : 4469.393857
[report] load_average_latency_ns : 223743.986782
Load workloads needs: 25470807098 ns 
[report] load_thread_ID : 24
[report] load_duration_ns : 25470807098
[report] load_duration_s : 25.470807
[report] load_throughput : 4461.421248
[report] load_average_latency_ns : 224143.819723
Load workloads needs: 25489088182 ns 
[report] load_thread_ID : 29
[report] load_duration_ns : 25489088182
[report] load_duration_s : 25.489088
[report] load_throughput : 4458.221463
[report] load_average_latency_ns : 224304.693777
Load workloads needs: 25508800343 ns 
[report] load_thread_ID : 26
[report] load_duration_ns : 25508800343
[report] load_duration_s : 25.508800
[report] load_throughput : 4454.776331
[report] load_average_latency_ns : 224478.161349
Load workloads needs: 25573466320 ns 
[report] load_thread_ID : 9
[report] load_duration_ns : 25573466320
[report] load_duration_s : 25.573466
[report] load_throughput : 4443.511825
[report] load_average_latency_ns : 225047.223767
Load workloads needs: 25615534774 ns 
[report] load_thread_ID : 31
[report] load_duration_ns : 25615534774
[report] load_duration_s : 25.615535
[report] load_throughput : 4436.214235
[report] load_average_latency_ns : 225417.427347
Load workloads needs: 25633972137 ns 
[report] load_thread_ID : 5
[report] load_duration_ns : 25633972137
[report] load_duration_s : 25.633972
[report] load_throughput : 4433.023466
[report] load_average_latency_ns : 225579.676661
Load workloads needs: 25679960302 ns 
[report] load_thread_ID : 14
[report] load_duration_ns : 25679960302
[report] load_duration_s : 25.679960
[report] load_throughput : 4425.084722
[report] load_average_latency_ns : 225984.373808
Load workloads needs: 25688939469 ns 
[report] load_thread_ID : 12
[report] load_duration_ns : 25688939469
[report] load_duration_s : 25.688939
[report] load_throughput : 4423.538003
[report] load_average_latency_ns : 226063.390730
Load workloads needs: 25728633779 ns 
[report] load_thread_ID : 58
[report] load_duration_ns : 25728633779
[report] load_duration_s : 25.728634
[report] load_throughput : 4416.713339
[report] load_average_latency_ns : 226412.701776
Load workloads needs: 25758058535 ns 
[report] load_thread_ID : 55
[report] load_duration_ns : 25758058535
[report] load_duration_s : 25.758059
[report] load_throughput : 4411.667900
[report] load_average_latency_ns : 226671.640457
Load workloads needs: 25942953490 ns 
[report] load_thread_ID : 22
[report] load_duration_ns : 25942953490
[report] load_duration_s : 25.942953
[report] load_throughput : 4380.226023
[report] load_average_latency_ns : 228298.721268
Load workloads needs: 26048824454 ns 
[report] load_thread_ID : 39
[report] load_duration_ns : 26048824454
[report] load_duration_s : 26.048824
[report] load_throughput : 4362.423349
[report] load_average_latency_ns : 229230.388732
Load workloads needs: 26148966292 ns 
[report] load_thread_ID : 35
[report] load_duration_ns : 26148966292
[report] load_duration_s : 26.148966
[report] load_throughput : 4345.716719
[report] load_average_latency_ns : 230111.639727
Load workloads needs: 26199210105 ns 
[report] load_thread_ID : 18
[report] load_duration_ns : 26199210105
[report] load_duration_s : 26.199210
[report] load_throughput : 4337.382675
[report] load_average_latency_ns : 230553.786696
Load workloads needs: 26235776103 ns 
[report] load_thread_ID : 33
[report] load_duration_ns : 26235776103
[report] load_duration_s : 26.235776
[report] load_throughput : 4331.337467
[report] load_average_latency_ns : 230875.568508
Load workloads needs: 26334130976 ns 
[report] load_thread_ID : 13
[report] load_duration_ns : 26334130976
[report] load_duration_s : 26.334131
[report] load_throughput : 4315.160432
[report] load_average_latency_ns : 231741.094160
Load workloads needs: 26474099143 ns 
[report] load_thread_ID : 36
[report] load_duration_ns : 26474099143
[report] load_duration_s : 26.474099
[report] load_throughput : 4292.346243
[report] load_average_latency_ns : 232972.817971
Load workloads needs: 26477945983 ns 
[report] load_thread_ID : 45
[report] load_duration_ns : 26477945983
[report] load_duration_s : 26.477946
[report] load_throughput : 4291.722631
[report] load_average_latency_ns : 233006.670272
Load workloads needs: 26513784054 ns 
[report] load_thread_ID : 41
[report] load_duration_ns : 26513784054
[report] load_duration_s : 26.513784
[report] load_throughput : 4285.921608
[report] load_average_latency_ns : 233322.046306
Load workloads needs: 26539083460 ns 
[report] load_thread_ID : 38
[report] load_duration_ns : 26539083460
[report] load_duration_s : 26.539083
[report] load_throughput : 4281.835888
[report] load_average_latency_ns : 233544.681791
Load workloads needs: 26556569935 ns 
[report] load_thread_ID : 62
[report] load_duration_ns : 26556569935
[report] load_duration_s : 26.556570
[report] load_throughput : 4279.016465
[report] load_average_latency_ns : 233698.563263
Load workloads needs: 26606692599 ns 
[report] load_thread_ID : 53
[report] load_duration_ns : 26606692599
[report] load_duration_s : 26.606693
[report] load_throughput : 4270.955497
[report] load_average_latency_ns : 234139.644118
Load workloads needs: 26656528964 ns 
[report] load_thread_ID : 43
[report] load_duration_ns : 26656528964
[report] load_duration_s : 26.656529
[report] load_throughput : 4262.970627
[report] load_average_latency_ns : 234578.205533
Load workloads needs: 26724856002 ns 
[report] load_thread_ID : 60
[report] load_duration_ns : 26724856002
[report] load_duration_s : 26.724856
[report] load_throughput : 4252.071554
[report] load_average_latency_ns : 235179.485392
Load workloads needs: 26751840124 ns 
[report] load_thread_ID : 87
[report] load_duration_ns : 26751840124
[report] load_duration_s : 26.751840
[report] load_throughput : 4247.782563
[report] load_average_latency_ns : 235416.946425
Load workloads needs: 26763742705 ns 
[report] load_thread_ID : 37
[report] load_duration_ns : 26763742705
[report] load_duration_s : 26.763743
[report] load_throughput : 4245.893456
[report] load_average_latency_ns : 235521.689473
Load workloads needs: 26782253488 ns 
[report] load_thread_ID : 59
[report] load_duration_ns : 26782253488
[report] load_duration_s : 26.782253
[report] load_throughput : 4242.958870
[report] load_average_latency_ns : 235684.584885
Load workloads needs: 26806314067 ns 
[report] load_thread_ID : 44
[report] load_duration_ns : 26806314067
[report] load_duration_s : 26.806314
[report] load_throughput : 4239.150512
[report] load_average_latency_ns : 235896.318658
Load workloads needs: 26842248887 ns 
[report] load_thread_ID : 57
[report] load_duration_ns : 26842248887
[report] load_duration_s : 26.842249
[report] load_throughput : 4233.475387
[report] load_average_latency_ns : 236212.546086
Load workloads needs: 26847928102 ns 
[report] load_thread_ID : 65
[report] load_duration_ns : 26847928102
[report] load_duration_s : 26.847928
[report] load_throughput : 4232.579869
[report] load_average_latency_ns : 236262.523338
Load workloads needs: 26862154236 ns 
[report] load_thread_ID : 82
[report] load_duration_ns : 26862154236
[report] load_duration_s : 26.862154
[report] load_throughput : 4230.338304
[report] load_average_latency_ns : 236387.713717
Load workloads needs: 26869865728 ns 
[report] load_thread_ID : 52
[report] load_duration_ns : 26869865728
[report] load_duration_s : 26.869866
[report] load_throughput : 4229.124222
[report] load_average_latency_ns : 236455.575064
Load workloads needs: 26889983646 ns 
[report] load_thread_ID : 61
[report] load_duration_ns : 26889983646
[report] load_duration_s : 26.889984
[report] load_throughput : 4225.960175
[report] load_average_latency_ns : 236632.613309
Load workloads needs: 26935066563 ns 
[report] load_thread_ID : 32
[report] load_duration_ns : 26935066563
[report] load_duration_s : 26.935067
[report] load_throughput : 4218.886920
[report] load_average_latency_ns : 237029.344248
Load workloads needs: 26972238989 ns 
[report] load_thread_ID : 67
[report] load_duration_ns : 26972238989
[report] load_duration_s : 26.972239
[report] load_throughput : 4213.072561
[report] load_average_latency_ns : 237356.462644
Load workloads needs: 27010772692 ns 
[report] load_thread_ID : 51
[report] load_duration_ns : 27010772692
[report] load_duration_s : 27.010773
[report] load_throughput : 4207.062171
[report] load_average_latency_ns : 237695.560315
Load workloads needs: 27060991787 ns 
[report] load_thread_ID : 40
[report] load_duration_ns : 27060991787
[report] load_duration_s : 27.060992
[report] load_throughput : 4199.254813
[report] load_average_latency_ns : 238137.489766
Load workloads needs: 27062402183 ns 
[report] load_thread_ID : 48
[report] load_duration_ns : 27062402183
[report] load_duration_s : 27.062402
[report] load_throughput : 4199.035963
[report] load_average_latency_ns : 238149.901290
Load workloads needs: 27082906021 ns 
[report] load_thread_ID : 54
[report] load_duration_ns : 27082906021
[report] load_duration_s : 27.082906
[report] load_throughput : 4195.856970
[report] load_average_latency_ns : 238330.335642
Load workloads needs: 27167199189 ns 
[report] load_thread_ID : 86
[report] load_duration_ns : 27167199189
[report] load_duration_s : 27.167199
[report] load_throughput : 4182.838253
[report] load_average_latency_ns : 239072.117894
Load workloads needs: 27195128889 ns 
[report] load_thread_ID : 69
[report] load_duration_ns : 27195128889
[report] load_duration_s : 27.195129
[report] load_throughput : 4178.542432
[report] load_average_latency_ns : 239317.900040
Load workloads needs: 27209010984 ns 
[report] load_thread_ID : 49
[report] load_duration_ns : 27209010984
[report] load_duration_s : 27.209011
[report] load_throughput : 4176.410531
[report] load_average_latency_ns : 239440.062867
Load workloads needs: 27222880929 ns 
[report] load_thread_ID : 66
[report] load_duration_ns : 27222880929
[report] load_duration_s : 27.222881
[report] load_throughput : 4174.282667
[report] load_average_latency_ns : 239562.118774
Load workloads needs: 27262471919 ns 
[report] load_thread_ID : 80
[report] load_duration_ns : 27262471919
[report] load_duration_s : 27.262472
[report] load_throughput : 4168.220708
[report] load_average_latency_ns : 239910.520601
Load workloads needs: 27293543800 ns 
[report] load_thread_ID : 83
[report] load_duration_ns : 27293543800
[report] load_duration_s : 27.293544
[report] load_throughput : 4163.475466
[report] load_average_latency_ns : 240183.954029
Load workloads needs: 27322374618 ns 
[report] load_thread_ID : 64
[report] load_duration_ns : 27322374618
[report] load_duration_s : 27.322375
[report] load_throughput : 4159.082129
[report] load_average_latency_ns : 240437.666039
Load workloads needs: 27326423128 ns 
[report] load_thread_ID : 84
[report] load_duration_ns : 27326423128
[report] load_duration_s : 27.326423
[report] load_throughput : 4158.465946
[report] load_average_latency_ns : 240473.293041
Load workloads needs: 27399844053 ns 
[report] load_thread_ID : 71
[report] load_duration_ns : 27399844053
[report] load_duration_s : 27.399844
[report] load_throughput : 4147.322875
[report] load_average_latency_ns : 241119.399248
Load workloads needs: 27421019510 ns 
[report] load_thread_ID : 70
[report] load_duration_ns : 27421019510
[report] load_duration_s : 27.421020
[report] load_throughput : 4144.120169
[report] load_average_latency_ns : 241305.743866
Load workloads needs: 27492046031 ns 
[report] load_thread_ID : 85
[report] load_duration_ns : 27492046031
[report] load_duration_s : 27.492046
[report] load_throughput : 4133.413711
[report] load_average_latency_ns : 241930.779251
Load workloads needs: 27495115313 ns 
[report] load_thread_ID : 81
[report] load_duration_ns : 27495115313
[report] load_duration_s : 27.495115
[report] load_throughput : 4132.952297
[report] load_average_latency_ns : 241957.789019
Load workloads needs: 27540912948 ns 
[report] load_thread_ID : 68
[report] load_duration_ns : 27540912948
[report] load_duration_s : 27.540913
[report] load_throughput : 4126.079633
[report] load_average_latency_ns : 242360.809497
All clients run done needs: 27539740231 ns 
[report] load_overall_duration_ns : 27539740231
[report] load_overall_duration_s : 27.539740
[report] load_overall_throughput : 363111.631269
[report] load_overall_average_latency_ns : 2753.974023
