numactl --membind=4 /mnt/nvme0/home/gxr/mongdb-run/test_mongodb/build//run_client --num_threads=76 --core_binding=0,1,2,3,4,5,6,7,8,9,10,11,12,13,14,15,128,129,130,131,132,133,134,135,136,137,138,139,140,141,142,143,16,17,18,19,20,21,22,23,24,25,26,27,28,29,30,31,144,145,146,147,148,149,150,151,152,153,154,155,156,157,158,159,32,33,34,35,36,37,38,39,40,41,42,43,44,45,46,47,160,161,162,163,164,165,166,167,168,169,170,171,172,173,174,175,48,49,50,51,52,53,54,55,56,57,58,59,60,61,62,63,176,177,178,179,180,181,182,183,184,185,186,187,188,189,190,191 --str_key_size=16 --str_key_size=256 --load_file=/mnt/nvme0/home/gxr/mongdb-run/workloads/ycsb/workloada-load-10000000-10000000.log.formated --run_file=/mnt/nvme0/home/gxr/mongdb-run/workloads/ycsb/workloada-run-10000000-10000000.log.formated --URI_set=mongodb://localhost:27017,mongodb://localhost:27018,mongodb://localhost:27019,mongodb://localhost:27020,mongodb://localhost:27021,mongodb://localhost:27022,mongodb://localhost:27023,mongodb://localhost:27024,mongodb://localhost:27025,mongodb://localhost:27026,mongodb://localhost:27027,mongodb://localhost:27028,mongodb://localhost:27029,mongodb://localhost:27030,mongodb://localhost:27031,mongodb://localhost:27032,mongodb://localhost:27033,mongodb://localhost:27034,mongodb://localhost:27035,mongodb://localhost:27036,mongodb://localhost:27037,mongodb://localhost:27038,mongodb://localhost:27039,mongodb://localhost:27040,mongodb://localhost:27041,mongodb://localhost:27042,mongodb://localhost:27043,mongodb://localhost:27044,mongodb://localhost:27045,mongodb://localhost:27046,mongodb://localhost:27047,mongodb://localhost:27048,mongodb://localhost:27049,mongodb://localhost:27050,mongodb://localhost:27051,mongodb://localhost:27052,mongodb://localhost:27053,mongodb://localhost:27054,mongodb://localhost:27055,mongodb://localhost:27056,mongodb://localhost:27057,mongodb://localhost:27058,mongodb://localhost:27059,mongodb://localhost:27060,mongodb://localhost:27061,mongodb://localhost:27062,mongodb://localhost:27063,mongodb://localhost:27064,mongodb://localhost:27065,mongodb://localhost:27066,mongodb://localhost:27067,mongodb://localhost:27068,mongodb://localhost:27069,mongodb://localhost:27070,mongodb://localhost:27071,mongodb://localhost:27072,mongodb://localhost:27073,mongodb://localhost:27074,mongodb://localhost:27075,mongodb://localhost:27076,mongodb://localhost:27077,mongodb://localhost:27078,mongodb://localhost:27079,mongodb://localhost:27080,mongodb://localhost:27081,mongodb://localhost:27082,mongodb://localhost:27083,mongodb://localhost:27084,mongodb://localhost:27085,mongodb://localhost:27086,mongodb://localhost:27087,mongodb://localhost:27088,mongodb://localhost:27089,mongodb://localhost:27090,mongodb://localhost:27091,mongodb://localhost:27092,mongodb://localhost:27093,mongodb://localhost:27094,mongodb://localhost:27095,mongodb://localhost:27096,mongodb://localhost:27097,mongodb://localhost:27098,mongodb://localhost:27099,mongodb://localhost:27100,mongodb://localhost:27101,mongodb://localhost:27102,mongodb://localhost:27103,mongodb://localhost:27104,mongodb://localhost:27105,mongodb://localhost:27106,mongodb://localhost:27107,mongodb://localhost:27108,mongodb://localhost:27109,mongodb://localhost:27110,mongodb://localhost:27111,mongodb://localhost:27112,mongodb://localhost:27113,mongodb://localhost:27114,mongodb://localhost:27115,mongodb://localhost:27116,mongodb://localhost:27117,mongodb://localhost:27118,mongodb://localhost:27119,mongodb://localhost:27120,mongodb://localhost:27121,mongodb://localhost:27122,mongodb://localhost:27123,mongodb://localhost:27124,mongodb://localhost:27125,mongodb://localhost:27126,mongodb://localhost:27127,mongodb://localhost:27128,mongodb://localhost:27129,mongodb://localhost:27130,mongodb://localhost:27131,mongodb://localhost:27132,mongodb://localhost:27133,mongodb://localhost:27134,mongodb://localhost:27135,mongodb://localhost:27136,mongodb://localhost:27137,mongodb://localhost:27138,mongodb://localhost:27139,mongodb://localhost:27140,mongodb://localhost:27141,mongodb://localhost:27142,mongodb://localhost:27143,mongodb://localhost:27144 --first_mode=false
mongodb://localhost:27017 mongodb://localhost:27018 mongodb://localhost:27019 mongodb://localhost:27020 mongodb://localhost:27021 mongodb://localhost:27022 mongodb://localhost:27023 mongodb://localhost:27024 mongodb://localhost:27025 mongodb://localhost:27026 mongodb://localhost:27027 mongodb://localhost:27028 mongodb://localhost:27029 mongodb://localhost:27030 mongodb://localhost:27031 mongodb://localhost:27032 mongodb://localhost:27033 mongodb://localhost:27034 mongodb://localhost:27035 mongodb://localhost:27036 mongodb://localhost:27037 mongodb://localhost:27038 mongodb://localhost:27039 mongodb://localhost:27040 mongodb://localhost:27041 mongodb://localhost:27042 mongodb://localhost:27043 mongodb://localhost:27044 mongodb://localhost:27045 mongodb://localhost:27046 mongodb://localhost:27047 mongodb://localhost:27048 mongodb://localhost:27049 mongodb://localhost:27050 mongodb://localhost:27051 mongodb://localhost:27052 mongodb://localhost:27053 mongodb://localhost:27054 mongodb://localhost:27055 mongodb://localhost:27056 mongodb://localhost:27057 mongodb://localhost:27058 mongodb://localhost:27059 mongodb://localhost:27060 mongodb://localhost:27061 mongodb://localhost:27062 mongodb://localhost:27063 mongodb://localhost:27064 mongodb://localhost:27065 mongodb://localhost:27066 mongodb://localhost:27067 mongodb://localhost:27068 mongodb://localhost:27069 mongodb://localhost:27070 mongodb://localhost:27071 mongodb://localhost:27072 mongodb://localhost:27073 mongodb://localhost:27074 mongodb://localhost:27075 mongodb://localhost:27076 mongodb://localhost:27077 mongodb://localhost:27078 mongodb://localhost:27079 mongodb://localhost:27080 mongodb://localhost:27081 mongodb://localhost:27082 mongodb://localhost:27083 mongodb://localhost:27084 mongodb://localhost:27085 mongodb://localhost:27086 mongodb://localhost:27087 mongodb://localhost:27088 mongodb://localhost:27089 mongodb://localhost:27090 mongodb://localhost:27091 mongodb://localhost:27092 mongodb://localhost:27093 mongodb://localhost:27094 mongodb://localhost:27095 mongodb://localhost:27096 mongodb://localhost:27097 mongodb://localhost:27098 mongodb://localhost:27099 mongodb://localhost:27100 mongodb://localhost:27101 mongodb://localhost:27102 mongodb://localhost:27103 mongodb://localhost:27104 mongodb://localhost:27105 mongodb://localhost:27106 mongodb://localhost:27107 mongodb://localhost:27108 mongodb://localhost:27109 mongodb://localhost:27110 mongodb://localhost:27111 mongodb://localhost:27112 mongodb://localhost:27113 mongodb://localhost:27114 mongodb://localhost:27115 mongodb://localhost:27116 mongodb://localhost:27117 mongodb://localhost:27118 mongodb://localhost:27119 mongodb://localhost:27120 mongodb://localhost:27121 mongodb://localhost:27122 mongodb://localhost:27123 mongodb://localhost:27124 mongodb://localhost:27125 mongodb://localhost:27126 mongodb://localhost:27127 mongodb://localhost:27128 mongodb://localhost:27129 mongodb://localhost:27130 mongodb://localhost:27131 mongodb://localhost:27132 mongodb://localhost:27133 mongodb://localhost:27134 mongodb://localhost:27135 mongodb://localhost:27136 mongodb://localhost:27137 mongodb://localhost:27138 mongodb://localhost:27139 mongodb://localhost:27140 mongodb://localhost:27141 mongodb://localhost:27142 mongodb://localhost:27143 mongodb://localhost:27144 reading workload files ...
load_filename : /mnt/nvme0/home/gxr/mongdb-run/workloads/ycsb/workloada-load-10000000-10000000.log.formated
read load file needs: 6308739880 s 
run_filename : /mnt/nvme0/home/gxr/mongdb-run/workloads/ycsb/workloada-run-10000000-10000000.log.formated
read run file needs: 6352078052 s 
num_of_load_ops is 10000000
num_of_run_ops is 10000000
0 1 2 3 4 5 6 7 8 9 10 11 12 13 14 15 128 129 130 131 132 133 134 135 136 137 138 139 140 141 142 143 16 17 18 19 20 21 22 23 24 25 26 27 28 29 30 31 144 145 146 147 148 149 150 151 152 153 154 155 156 157 158 159 32 33 34 35 36 37 38 39 40 41 42 43 44 45 46 47 160 161 162 163 164 165 166 167 168 169 170 171 172 173 174 175 48 49 50 51 52 53 54 55 56 57 58 59 60 61 62 63 176 177 178 179 180 181 182 183 184 185 186 187 188 189 190 191 URI: URI: URI: URI: URI: mongodb://localhost:27017
mongodb://localhost:27026mongodb://localhost:27027URI: 
URI: mongodb://localhost:27021URI: mongodb://localhost:27019
mongodb://localhost:27028

mongodb://localhost:27018
URI: mongodb://localhost:27025

URI: URI: mongodb://localhost:27030mongodb://localhost:27029URI: mongodb://localhost:27020
mongodb://localhost:27022


URI: URI: mongodb://localhost:27031
URI: mongodb://localhost:27024mongodb://localhost:27023

URI: mongodb://localhost:27032
URI: mongodb://localhost:27033
URI: mongodb://localhost:27034
URI: mongodb://localhost:27036
URI: mongodb://localhost:27037
URI: mongodb://localhost:27035
URI: mongodb://localhost:27038
URI: mongodb://localhost:27039
URI: mongodb://localhost:27040
URI: mongodb://localhost:27041
URI: mongodb://localhost:27042
URI: mongodb://localhost:27043
URI: mongodb://localhost:27044
URI: mongodb://localhost:27046
URI: mongodb://localhost:27045
URI: mongodb://localhost:27048
URI: mongodb://localhost:27047
URI: mongodb://localhost:27050
URI: mongodb://localhost:27051
URI: mongodb://localhost:27049
URI: mongodb://localhost:27052
URI: mongodb://localhost:27054
URI: mongodb://localhost:27053
URI: mongodb://localhost:27055
URI: mongodb://localhost:27056
URI: mongodb://localhost:27057
URI: mongodb://localhost:27058
URI: mongodb://localhost:27061
URI: mongodb://localhost:27060
URI: mongodb://localhost:27059
URI: mongodb://localhost:27063
URI: mongodb://localhost:27064
URI: mongodb://localhost:27065
URI: mongodb://localhost:27066
URI: mongodb://localhost:27068
URI: mongodb://localhost:27067
URI: mongodb://localhost:27070
URI: mongodb://localhost:27062
URI: mongodb://localhost:27072
URI: mongodb://localhost:27071
URI: mongodb://localhost:27069
URI: mongodb://localhost:27073
URI: mongodb://localhost:27074
URI: mongodb://localhost:27075
URI: mongodb://localhost:27076
URI: mongodb://localhost:27077
URI: mongodb://localhost:27078
URI: mongodb://localhost:27079
URI: mongodb://localhost:27080
URI: mongodb://localhost:27081
URI: mongodb://localhost:27082
URI: mongodb://localhost:27083
URI: mongodb://localhost:27086
URI: mongodb://localhost:27085
URI: mongodb://localhost:27084
URI: mongodb://localhost:27087
URI: mongodb://localhost:27088
URI: mongodb://localhost:27089
URI: mongodb://localhost:27090
URI: mongodb://localhost:27091
URI: mongodb://localhost:27092
Load workloads needs: 22609070392 ns 
[report] load_thread_ID : 69
[report] load_duration_ns : 22609070392
[report] load_duration_s : 22.609070
[report] load_throughput : 5819.699692
[report] load_average_latency_ns : 171830.172156
Load workloads needs: 23059006919 ns 
[report] load_thread_ID : 65
[report] load_duration_ns : 23059006919
[report] load_duration_s : 23.059007
[report] load_throughput : 5706.143394
[report] load_average_latency_ns : 175249.714382
Load workloads needs: 23227924689 ns 
[report] load_thread_ID : 70
[report] load_duration_ns : 23227924689
[report] load_duration_s : 23.227925
[report] load_throughput : 5664.647262
[report] load_average_latency_ns : 176533.498678
Load workloads needs: 23246308135 ns 
[report] load_thread_ID : 74
[report] load_duration_ns : 23246308135
[report] load_duration_s : 23.246308
[report] load_throughput : 5660.167595
[report] load_average_latency_ns : 176673.213873
Load workloads needs: 23647164154 ns 
[report] load_thread_ID : 68
[report] load_duration_ns : 23647164154
[report] load_duration_s : 23.647164
[report] load_throughput : 5564.218997
[report] load_average_latency_ns : 179719.741553
Load workloads needs: 23734738358 ns 
[report] load_thread_ID : 64
[report] load_duration_ns : 23734738358
[report] load_duration_s : 23.734738
[report] load_throughput : 5543.688665
[report] load_average_latency_ns : 180385.310295
Load workloads needs: 23854982720 ns 
[report] load_thread_ID : 67
[report] load_duration_ns : 23854982720
[report] load_duration_s : 23.854983
[report] load_throughput : 5515.744930
[report] load_average_latency_ns : 181299.174026
Load workloads needs: 23880027642 ns 
[report] load_thread_ID : 71
[report] load_duration_ns : 23880027642
[report] load_duration_s : 23.880028
[report] load_throughput : 5509.960121
[report] load_average_latency_ns : 181489.516804
Load workloads needs: 24085725642 ns 
[report] load_thread_ID : 66
[report] load_duration_ns : 24085725642
[report] load_duration_s : 24.085726
[report] load_throughput : 5462.903711
[report] load_average_latency_ns : 183052.832860
Load workloads needs: 24288129288 ns 
[report] load_thread_ID : 75
[report] load_duration_ns : 24288129288
[report] load_duration_s : 24.288129
[report] load_throughput : 5417.378936
[report] load_average_latency_ns : 184591.111645
Load workloads needs: 24329438120 ns 
[report] load_thread_ID : 72
[report] load_duration_ns : 24329438120
[report] load_duration_s : 24.329438
[report] load_throughput : 5408.180795
[report] load_average_latency_ns : 184905.061028
Load workloads needs: 24574638215 ns 
[report] load_thread_ID : 73
[report] load_duration_ns : 24574638215
[report] load_duration_s : 24.574638
[report] load_throughput : 5354.219210
[report] load_average_latency_ns : 186768.595168
Load workloads needs: 25174789315 ns 
[report] load_thread_ID : 56
[report] load_duration_ns : 25174789315
[report] load_duration_s : 25.174789
[report] load_throughput : 5226.578000
[report] load_average_latency_ns : 191329.776368
Load workloads needs: 25448152296 ns 
[report] load_thread_ID : 40
[report] load_duration_ns : 25448152296
[report] load_duration_s : 25.448152
[report] load_throughput : 5170.434320
[report] load_average_latency_ns : 193407.349983
Load workloads needs: 26310073179 ns 
[report] load_thread_ID : 16
[report] load_duration_ns : 26310073179
[report] load_duration_s : 26.310073
[report] load_throughput : 5001.050324
[report] load_average_latency_ns : 199957.995858
Load workloads needs: 26536948497 ns 
[report] load_thread_ID : 6
[report] load_duration_ns : 26536948497
[report] load_duration_s : 26.536948
[report] load_throughput : 4958.294282
[report] load_average_latency_ns : 201682.260689
Load workloads needs: 26541228939 ns 
[report] load_thread_ID : 23
[report] load_duration_ns : 26541228939
[report] load_duration_s : 26.541229
[report] load_throughput : 4957.494632
[report] load_average_latency_ns : 201714.792283
Load workloads needs: 26700815025 ns 
[report] load_thread_ID : 34
[report] load_duration_ns : 26700815025
[report] load_duration_s : 26.700815
[report] load_throughput : 4927.864557
[report] load_average_latency_ns : 202927.655269
Load workloads needs: 26699405438 ns 
[report] load_thread_ID : 50
[report] load_duration_ns : 26699405438
[report] load_duration_s : 26.699405
[report] load_throughput : 4928.124722
[report] load_average_latency_ns : 202916.942331
Load workloads needs: 26849240073 ns 
[report] load_thread_ID : 1
[report] load_duration_ns : 26849240073
[report] load_duration_s : 26.849240
[report] load_throughput : 4900.622872
[report] load_average_latency_ns : 204055.693756
Load workloads needs: 26885523595 ns 
[report] load_thread_ID : 2
[report] load_duration_ns : 26885523595
[report] load_duration_s : 26.885524
[report] load_throughput : 4894.009207
[report] load_average_latency_ns : 204331.450508
Load workloads needs: 27113907200 ns 
[report] load_thread_ID : 17
[report] load_duration_ns : 27113907200
[report] load_duration_s : 27.113907
[report] load_throughput : 4852.786396
[report] load_average_latency_ns : 206067.178404
Load workloads needs: 27203404300 ns 
[report] load_thread_ID : 3
[report] load_duration_ns : 27203404300
[report] load_duration_s : 27.203404
[report] load_throughput : 4836.821103
[report] load_average_latency_ns : 206747.361261
Load workloads needs: 27259766393 ns 
[report] load_thread_ID : 7
[report] load_duration_ns : 27259766393
[report] load_duration_s : 27.259766
[report] load_throughput : 4826.820527
[report] load_average_latency_ns : 207175.716252
Load workloads needs: 27589734835 ns 
[report] load_thread_ID : 10
[report] load_duration_ns : 27589734835
[report] load_duration_s : 27.589735
[report] load_throughput : 4769.092591
[report] load_average_latency_ns : 209683.494467
Load workloads needs: 27592421409 ns 
[report] load_thread_ID : 30
[report] load_duration_ns : 27592421409
[report] load_duration_s : 27.592421
[report] load_throughput : 4768.628242
[report] load_average_latency_ns : 209703.912577
Load workloads needs: 27604451667 ns 
[report] load_thread_ID : 13
[report] load_duration_ns : 27604451667
[report] load_duration_s : 27.604452
[report] load_throughput : 4766.550033
[report] load_average_latency_ns : 209795.343196
Load workloads needs: 27966724427 ns 
[report] load_thread_ID : 28
[report] load_duration_ns : 27966724427
[report] load_duration_s : 27.966724
[report] load_throughput : 4704.805539
[report] load_average_latency_ns : 212548.635995
Load workloads needs: 28024275038 ns 
[report] load_thread_ID : 4
[report] load_duration_ns : 28024275038
[report] load_duration_s : 28.024275
[report] load_throughput : 4695.143757
[report] load_average_latency_ns : 212986.023788
Load workloads needs: 28215647194 ns 
[report] load_thread_ID : 15
[report] load_duration_ns : 28215647194
[report] load_duration_s : 28.215647
[report] load_throughput : 4663.299023
[report] load_average_latency_ns : 214440.462646
Load workloads needs: 28238401760 ns 
[report] load_thread_ID : 31
[report] load_duration_ns : 28238401760
[report] load_duration_s : 28.238402
[report] load_throughput : 4659.541327
[report] load_average_latency_ns : 214613.398592
Load workloads needs: 28268739163 ns 
[report] load_thread_ID : 59
[report] load_duration_ns : 28268739163
[report] load_duration_s : 28.268739
[report] load_throughput : 4654.540807
[report] load_average_latency_ns : 214843.964515
Load workloads needs: 28296078060 ns 
[report] load_thread_ID : 38
[report] load_duration_ns : 28296078060
[report] load_duration_s : 28.296078
[report] load_throughput : 4650.043717
[report] load_average_latency_ns : 215051.741629
Load workloads needs: 28453173071 ns 
[report] load_thread_ID : 25
[report] load_duration_ns : 28453173071
[report] load_duration_s : 28.453173
[report] load_throughput : 4624.370002
[report] load_average_latency_ns : 216245.672308
Load workloads needs: 28503171546 ns 
[report] load_thread_ID : 14
[report] load_duration_ns : 28503171546
[report] load_duration_s : 28.503172
[report] load_throughput : 4616.258222
[report] load_average_latency_ns : 216625.663454
Load workloads needs: 28515771852 ns 
[report] load_thread_ID : 26
[report] load_duration_ns : 28515771852
[report] load_duration_s : 28.515772
[report] load_throughput : 4614.218429
[report] load_average_latency_ns : 216721.426469
Load workloads needs: 28578172312 ns 
[report] load_thread_ID : 57
[report] load_duration_ns : 28578172312
[report] load_duration_s : 28.578172
[report] load_throughput : 4604.143280
[report] load_average_latency_ns : 217195.673380
Load workloads needs: 28651456813 ns 
[report] load_thread_ID : 43
[report] load_duration_ns : 28651456813
[report] load_duration_s : 28.651457
[report] load_throughput : 4592.366834
[report] load_average_latency_ns : 217752.639598
Load workloads needs: 28680789248 ns 
[report] load_thread_ID : 9
[report] load_duration_ns : 28680789248
[report] load_duration_s : 28.680789
[report] load_throughput : 4587.670125
[report] load_average_latency_ns : 217975.567709
Load workloads needs: 28694005393 ns 
[report] load_thread_ID : 0
[report] load_duration_ns : 28694005393
[report] load_duration_s : 28.694005
[report] load_throughput : 4585.557095
[report] load_average_latency_ns : 218076.011134
Load workloads needs: 28690924898 ns 
[report] load_thread_ID : 45
[report] load_duration_ns : 28690924898
[report] load_duration_s : 28.690925
[report] load_throughput : 4586.049438
[report] load_average_latency_ns : 218052.599204
Load workloads needs: 28691820406 ns 
[report] load_thread_ID : 58
[report] load_duration_ns : 28691820406
[report] load_duration_s : 28.691820
[report] load_throughput : 4585.906301
[report] load_average_latency_ns : 218059.405113
Load workloads needs: 28740646104 ns 
[report] load_thread_ID : 54
[report] load_duration_ns : 28740646104
[report] load_duration_s : 28.740646
[report] load_throughput : 4578.115590
[report] load_average_latency_ns : 218430.483090
Load workloads needs: 28764844377 ns 
[report] load_thread_ID : 61
[report] load_duration_ns : 28764844377
[report] load_duration_s : 28.764844
[report] load_throughput : 4574.264275
[report] load_average_latency_ns : 218614.391289
Load workloads needs: 28799451382 ns 
[report] load_thread_ID : 11
[report] load_duration_ns : 28799451382
[report] load_duration_s : 28.799451
[report] load_throughput : 4568.767587
[report] load_average_latency_ns : 218877.406421
Load workloads needs: 28797895544 ns 
[report] load_thread_ID : 48
[report] load_duration_ns : 28797895544
[report] load_duration_s : 28.797896
[report] load_throughput : 4569.014420
[report] load_average_latency_ns : 218865.581967
Load workloads needs: 28798237764 ns 
[report] load_thread_ID : 62
[report] load_duration_ns : 28798237764
[report] load_duration_s : 28.798238
[report] load_throughput : 4568.960125
[report] load_average_latency_ns : 218868.182857
Load workloads needs: 28953789398 ns 
[report] load_thread_ID : 60
[report] load_duration_ns : 28953789398
[report] load_duration_s : 28.953789
[report] load_throughput : 4544.413796
[report] load_average_latency_ns : 220050.383788
Load workloads needs: 28968091500 ns 
[report] load_thread_ID : 33
[report] load_duration_ns : 28968091500
[report] load_duration_s : 28.968091
[report] load_throughput : 4542.170132
[report] load_average_latency_ns : 220159.080545
Load workloads needs: 28988959481 ns 
[report] load_thread_ID : 53
[report] load_duration_ns : 28988959481
[report] load_duration_s : 28.988959
[report] load_throughput : 4538.900407
[report] load_average_latency_ns : 220317.678343
Load workloads needs: 29017259007 ns 
[report] load_thread_ID : 47
[report] load_duration_ns : 29017259007
[report] load_duration_s : 29.017259
[report] load_throughput : 4534.473775
[report] load_average_latency_ns : 220532.756289
Load workloads needs: 29048366628 ns 
[report] load_thread_ID : 29
[report] load_duration_ns : 29048366628
[report] load_duration_s : 29.048367
[report] load_throughput : 4529.617850
[report] load_average_latency_ns : 220769.175911
Load workloads needs: 29046644080 ns 
[report] load_thread_ID : 32
[report] load_duration_ns : 29046644080
[report] load_duration_s : 29.046644
[report] load_throughput : 4529.886469
[report] load_average_latency_ns : 220756.084452
Load workloads needs: 29052204540 ns 
[report] load_thread_ID : 42
[report] load_duration_ns : 29052204540
[report] load_duration_s : 29.052205
[report] load_throughput : 4529.019470
[report] load_average_latency_ns : 220798.344252
Load workloads needs: 29080081187 ns 
[report] load_thread_ID : 18
[report] load_duration_ns : 29080081187
[report] load_duration_s : 29.080081
[report] load_throughput : 4524.677877
[report] load_average_latency_ns : 221010.208295
Load workloads needs: 29079211269 ns 
[report] load_thread_ID : 44
[report] load_duration_ns : 29079211269
[report] load_duration_s : 29.079211
[report] load_throughput : 4524.813235
[report] load_average_latency_ns : 221003.596870
Load workloads needs: 29120093810 ns 
[report] load_thread_ID : 41
[report] load_duration_ns : 29120093810
[report] load_duration_s : 29.120094
[report] load_throughput : 4518.460719
[report] load_average_latency_ns : 221314.306419
Load workloads needs: 29142117588 ns 
[report] load_thread_ID : 51
[report] load_duration_ns : 29142117588
[report] load_duration_s : 29.142118
[report] load_throughput : 4515.045950
[report] load_average_latency_ns : 221481.688337
Load workloads needs: 29158414888 ns 
[report] load_thread_ID : 55
[report] load_duration_ns : 29158414888
[report] load_duration_s : 29.158415
[report] load_throughput : 4512.522389
[report] load_average_latency_ns : 221605.548709
Load workloads needs: 29172361182 ns 
[report] load_thread_ID : 35
[report] load_duration_ns : 29172361182
[report] load_duration_s : 29.172361
[report] load_throughput : 4510.365108
[report] load_average_latency_ns : 221711.541306
Load workloads needs: 29235651211 ns 
[report] load_thread_ID : 27
[report] load_duration_ns : 29235651211
[report] load_duration_s : 29.235651
[report] load_throughput : 4500.600963
[report] load_average_latency_ns : 222192.548990
Load workloads needs: 29305438418 ns 
[report] load_thread_ID : 5
[report] load_duration_ns : 29305438418
[report] load_duration_s : 29.305438
[report] load_throughput : 4489.883349
[report] load_average_latency_ns : 222722.935582
Load workloads needs: 29335510310 ns 
[report] load_thread_ID : 37
[report] load_duration_ns : 29335510310
[report] load_duration_s : 29.335510
[report] load_throughput : 4485.280761
[report] load_average_latency_ns : 222951.483607
Load workloads needs: 29381402573 ns 
[report] load_thread_ID : 46
[report] load_duration_ns : 29381402573
[report] load_duration_s : 29.381403
[report] load_throughput : 4478.274979
[report] load_average_latency_ns : 223300.267317
Load workloads needs: 29391444144 ns 
[report] load_thread_ID : 19
[report] load_duration_ns : 29391444144
[report] load_duration_s : 29.391444
[report] load_throughput : 4476.744979
[report] load_average_latency_ns : 223376.583806
Load workloads needs: 29452656548 ns 
[report] load_thread_ID : 12
[report] load_duration_ns : 29452656548
[report] load_duration_s : 29.452657
[report] load_throughput : 4467.440816
[report] load_average_latency_ns : 223841.801426
Load workloads needs: 29476625031 ns 
[report] load_thread_ID : 22
[report] load_duration_ns : 29476625031
[report] load_duration_s : 29.476625
[report] load_throughput : 4463.808182
[report] load_average_latency_ns : 224023.963208
Load workloads needs: 29486642992 ns 
[report] load_thread_ID : 49
[report] load_duration_ns : 29486642992
[report] load_duration_s : 29.486643
[report] load_throughput : 4462.291623
[report] load_average_latency_ns : 224100.100260
Load workloads needs: 29503119531 ns 
[report] load_thread_ID : 21
[report] load_duration_ns : 29503119531
[report] load_duration_s : 29.503120
[report] load_throughput : 4459.799577
[report] load_average_latency_ns : 224225.322858
Load workloads needs: 29546663908 ns 
[report] load_thread_ID : 24
[report] load_duration_ns : 29546663908
[report] load_duration_s : 29.546664
[report] load_throughput : 4453.226950
[report] load_average_latency_ns : 224556.262506
Load workloads needs: 29657835865 ns 
[report] load_thread_ID : 63
[report] load_duration_ns : 29657835865
[report] load_duration_s : 29.657836
[report] load_throughput : 4436.534095
[report] load_average_latency_ns : 225401.175462
Load workloads needs: 29666122791 ns 
[report] load_thread_ID : 20
[report] load_duration_ns : 29666122791
[report] load_duration_s : 29.666123
[report] load_throughput : 4435.294795
[report] load_average_latency_ns : 225464.156554
Load workloads needs: 29734225021 ns 
[report] load_thread_ID : 39
[report] load_duration_ns : 29734225021
[report] load_duration_s : 29.734225
[report] load_throughput : 4425.136351
[report] load_average_latency_ns : 225981.737228
Load workloads needs: 30002872848 ns 
[report] load_thread_ID : 8
[report] load_duration_ns : 30002872848
[report] load_duration_s : 30.002873
[report] load_throughput : 4385.513370
[report] load_average_latency_ns : 228023.475414
Load workloads needs: 30230575634 ns 
[report] load_thread_ID : 36
[report] load_duration_ns : 30230575634
[report] load_duration_s : 30.230576
[report] load_throughput : 4352.480799
[report] load_average_latency_ns : 229754.029047
Load workloads needs: 30295945769 ns 
[report] load_thread_ID : 52
[report] load_duration_ns : 30295945769
[report] load_duration_s : 30.295946
[report] load_throughput : 4343.089369
[report] load_average_latency_ns : 230250.845650
All clients run done needs: 30294938971 ns 
[report] load_overall_duration_ns : 30294938971
[report] load_overall_duration_s : 30.294939
[report] load_overall_throughput : 330088.138140
[report] load_overall_average_latency_ns : 3029.493897
