numactl --membind=4 /mnt/nvme0/home/gxr/mongdb-run/test_mongodb/build//run_client --num_threads=40 --core_binding=0,1,2,3,4,5,6,7,8,9,10,11,12,13,14,15,128,129,130,131,132,133,134,135,136,137,138,139,140,141,142,143,16,17,18,19,20,21,22,23,24,25,26,27,28,29,30,31,144,145,146,147,148,149,150,151,152,153,154,155,156,157,158,159,32,33,34,35,36,37,38,39,40,41,42,43,44,45,46,47,160,161,162,163,164,165,166,167,168,169,170,171,172,173,174,175,48,49,50,51,52,53,54,55,56,57,58,59,60,61,62,63,176,177,178,179,180,181,182,183,184,185,186,187,188,189,190,191 --str_key_size=16 --str_key_size=256 --load_file=/mnt/nvme0/home/gxr/mongdb-run/workloads/ycsb/workloada-load-10000000-10000000.log.formated --run_file=/mnt/nvme0/home/gxr/mongdb-run/workloads/ycsb/workloada-run-10000000-10000000.log.formated --URI_set=mongodb://localhost:27017,mongodb://localhost:27018,mongodb://localhost:27019,mongodb://localhost:27020,mongodb://localhost:27021,mongodb://localhost:27022,mongodb://localhost:27023,mongodb://localhost:27024,mongodb://localhost:27025,mongodb://localhost:27026,mongodb://localhost:27027,mongodb://localhost:27028,mongodb://localhost:27029,mongodb://localhost:27030,mongodb://localhost:27031,mongodb://localhost:27032,mongodb://localhost:27033,mongodb://localhost:27034,mongodb://localhost:27035,mongodb://localhost:27036,mongodb://localhost:27037,mongodb://localhost:27038,mongodb://localhost:27039,mongodb://localhost:27040,mongodb://localhost:27041,mongodb://localhost:27042,mongodb://localhost:27043,mongodb://localhost:27044,mongodb://localhost:27045,mongodb://localhost:27046,mongodb://localhost:27047,mongodb://localhost:27048,mongodb://localhost:27049,mongodb://localhost:27050,mongodb://localhost:27051,mongodb://localhost:27052,mongodb://localhost:27053,mongodb://localhost:27054,mongodb://localhost:27055,mongodb://localhost:27056,mongodb://localhost:27057,mongodb://localhost:27058,mongodb://localhost:27059,mongodb://localhost:27060,mongodb://localhost:27061,mongodb://localhost:27062,mongodb://localhost:27063,mongodb://localhost:27064,mongodb://localhost:27065,mongodb://localhost:27066,mongodb://localhost:27067,mongodb://localhost:27068,mongodb://localhost:27069,mongodb://localhost:27070,mongodb://localhost:27071,mongodb://localhost:27072,mongodb://localhost:27073,mongodb://localhost:27074,mongodb://localhost:27075,mongodb://localhost:27076,mongodb://localhost:27077,mongodb://localhost:27078,mongodb://localhost:27079,mongodb://localhost:27080,mongodb://localhost:27081,mongodb://localhost:27082,mongodb://localhost:27083,mongodb://localhost:27084,mongodb://localhost:27085,mongodb://localhost:27086,mongodb://localhost:27087,mongodb://localhost:27088,mongodb://localhost:27089,mongodb://localhost:27090,mongodb://localhost:27091,mongodb://localhost:27092,mongodb://localhost:27093,mongodb://localhost:27094,mongodb://localhost:27095,mongodb://localhost:27096,mongodb://localhost:27097,mongodb://localhost:27098,mongodb://localhost:27099,mongodb://localhost:27100,mongodb://localhost:27101,mongodb://localhost:27102,mongodb://localhost:27103,mongodb://localhost:27104,mongodb://localhost:27105,mongodb://localhost:27106,mongodb://localhost:27107,mongodb://localhost:27108,mongodb://localhost:27109,mongodb://localhost:27110,mongodb://localhost:27111,mongodb://localhost:27112,mongodb://localhost:27113,mongodb://localhost:27114,mongodb://localhost:27115,mongodb://localhost:27116,mongodb://localhost:27117,mongodb://localhost:27118,mongodb://localhost:27119,mongodb://localhost:27120,mongodb://localhost:27121,mongodb://localhost:27122,mongodb://localhost:27123,mongodb://localhost:27124,mongodb://localhost:27125,mongodb://localhost:27126,mongodb://localhost:27127,mongodb://localhost:27128,mongodb://localhost:27129,mongodb://localhost:27130,mongodb://localhost:27131,mongodb://localhost:27132,mongodb://localhost:27133,mongodb://localhost:27134,mongodb://localhost:27135,mongodb://localhost:27136,mongodb://localhost:27137,mongodb://localhost:27138,mongodb://localhost:27139,mongodb://localhost:27140,mongodb://localhost:27141,mongodb://localhost:27142,mongodb://localhost:27143,mongodb://localhost:27144 --first_mode=true
mongodb://localhost:27017 mongodb://localhost:27018 mongodb://localhost:27019 mongodb://localhost:27020 mongodb://localhost:27021 mongodb://localhost:27022 mongodb://localhost:27023 mongodb://localhost:27024 mongodb://localhost:27025 mongodb://localhost:27026 mongodb://localhost:27027 mongodb://localhost:27028 mongodb://localhost:27029 mongodb://localhost:27030 mongodb://localhost:27031 mongodb://localhost:27032 mongodb://localhost:27033 mongodb://localhost:27034 mongodb://localhost:27035 mongodb://localhost:27036 mongodb://localhost:27037 mongodb://localhost:27038 mongodb://localhost:27039 mongodb://localhost:27040 mongodb://localhost:27041 mongodb://localhost:27042 mongodb://localhost:27043 mongodb://localhost:27044 mongodb://localhost:27045 mongodb://localhost:27046 mongodb://localhost:27047 mongodb://localhost:27048 mongodb://localhost:27049 mongodb://localhost:27050 mongodb://localhost:27051 mongodb://localhost:27052 mongodb://localhost:27053 mongodb://localhost:27054 mongodb://localhost:27055 mongodb://localhost:27056 mongodb://localhost:27057 mongodb://localhost:27058 mongodb://localhost:27059 mongodb://localhost:27060 mongodb://localhost:27061 mongodb://localhost:27062 mongodb://localhost:27063 mongodb://localhost:27064 mongodb://localhost:27065 mongodb://localhost:27066 mongodb://localhost:27067 mongodb://localhost:27068 mongodb://localhost:27069 mongodb://localhost:27070 mongodb://localhost:27071 mongodb://localhost:27072 mongodb://localhost:27073 mongodb://localhost:27074 mongodb://localhost:27075 mongodb://localhost:27076 mongodb://localhost:27077 mongodb://localhost:27078 mongodb://localhost:27079 mongodb://localhost:27080 mongodb://localhost:27081 mongodb://localhost:27082 mongodb://localhost:27083 mongodb://localhost:27084 mongodb://localhost:27085 mongodb://localhost:27086 mongodb://localhost:27087 mongodb://localhost:27088 mongodb://localhost:27089 mongodb://localhost:27090 mongodb://localhost:27091 mongodb://localhost:27092 mongodb://localhost:27093 mongodb://localhost:27094 mongodb://localhost:27095 mongodb://localhost:27096 mongodb://localhost:27097 mongodb://localhost:27098 mongodb://localhost:27099 mongodb://localhost:27100 mongodb://localhost:27101 mongodb://localhost:27102 mongodb://localhost:27103 mongodb://localhost:27104 mongodb://localhost:27105 mongodb://localhost:27106 mongodb://localhost:27107 mongodb://localhost:27108 mongodb://localhost:27109 mongodb://localhost:27110 mongodb://localhost:27111 mongodb://localhost:27112 mongodb://localhost:27113 mongodb://localhost:27114 mongodb://localhost:27115 mongodb://localhost:27116 mongodb://localhost:27117 mongodb://localhost:27118 mongodb://localhost:27119 mongodb://localhost:27120 mongodb://localhost:27121 mongodb://localhost:27122 mongodb://localhost:27123 mongodb://localhost:27124 mongodb://localhost:27125 mongodb://localhost:27126 mongodb://localhost:27127 mongodb://localhost:27128 mongodb://localhost:27129 mongodb://localhost:27130 mongodb://localhost:27131 mongodb://localhost:27132 mongodb://localhost:27133 mongodb://localhost:27134 mongodb://localhost:27135 mongodb://localhost:27136 mongodb://localhost:27137 mongodb://localhost:27138 mongodb://localhost:27139 mongodb://localhost:27140 mongodb://localhost:27141 mongodb://localhost:27142 mongodb://localhost:27143 mongodb://localhost:27144 reading workload files ...
load_filename : /mnt/nvme0/home/gxr/mongdb-run/workloads/ycsb/workloada-load-10000000-10000000.log.formated
read load file needs: 6327565046 s 
run_filename : /mnt/nvme0/home/gxr/mongdb-run/workloads/ycsb/workloada-run-10000000-10000000.log.formated
read run file needs: 6289859083 s 
num_of_load_ops is 10000000
num_of_run_ops is 10000000
0 1 2 3 4 5 6 7 8 9 10 11 12 13 14 15 128 129 130 131 132 133 134 135 136 137 138 139 140 141 142 143 16 17 18 19 20 21 22 23 24 25 26 27 28 29 30 31 144 145 146 147 148 149 150 151 152 153 154 155 156 157 158 159 32 33 34 35 36 37 38 39 40 41 42 43 44 45 46 47 160 161 162 163 164 165 166 167 168 169 170 171 172 173 174 175 48 49 50 51 52 53 54 55 56 57 58 59 60 61 62 63 176 177 178 179 180 181 182 183 184 185 186 187 188 189 190 191 URI: URI: URI: URI: URI: URI: URI: mongodb://localhost:27017mongodb://localhost:27017URI: URI: mongodb://localhost:27017mongodb://localhost:27017URI: mongodb://localhost:27017
URI: 
mongodb://localhost:27017URI: mongodb://localhost:27017mongodb://localhost:27017

mongodb://localhost:27017

mongodb://localhost:27017mongodb://localhost:27017

URI: mongodb://localhost:27017



URI: mongodb://localhost:27017
URI: mongodb://localhost:27017
mongodb://localhost:27017
URI: mongodb://localhost:27017
URI: mongodb://localhost:27017
URI: mongodb://localhost:27017
URI: mongodb://localhost:27017
URI: mongodb://localhost:27017
URI: mongodb://localhost:27017
URI: mongodb://localhost:27017
URI: mongodb://localhost:27017
URI: mongodb://localhost:27017
URI: mongodb://localhost:27017
URI: mongodb://localhost:27017
URI: mongodb://localhost:27017
URI: mongodb://localhost:27017
URI: mongodb://localhost:27017
URI: mongodb://localhost:27017
URI: mongodb://localhost:27017
URI: mongodb://localhost:27017
URI: mongodb://localhost:27017
URI: mongodb://localhost:27017
URI: mongodb://localhost:27017
URI: mongodb://localhost:27017
URI: mongodb://localhost:27017
URI: mongodb://localhost:27017
URI: mongodb://localhost:27017
URI: mongodb://localhost:27017
Load workloads needs: 48930256915 ns 
[report] load_thread_ID : 32
[report] load_duration_ns : 48930256915
[report] load_duration_s : 48.930257
[report] load_throughput : 5109.313046
[report] load_average_latency_ns : 195721.027660
Load workloads needs: 50293399075 ns 
[report] load_thread_ID : 33
[report] load_duration_ns : 50293399075
[report] load_duration_s : 50.293399
[report] load_throughput : 4970.831254
[report] load_average_latency_ns : 201173.596300
Load workloads needs: 50299019740 ns 
[report] load_thread_ID : 37
[report] load_duration_ns : 50299019740
[report] load_duration_s : 50.299020
[report] load_throughput : 4970.275789
[report] load_average_latency_ns : 201196.078960
Load workloads needs: 50397052454 ns 
[report] load_thread_ID : 36
[report] load_duration_ns : 50397052454
[report] load_duration_s : 50.397052
[report] load_throughput : 4960.607572
[report] load_average_latency_ns : 201588.209816
Load workloads needs: 50726818458 ns 
[report] load_thread_ID : 38
[report] load_duration_ns : 50726818458
[report] load_duration_s : 50.726818
[report] load_throughput : 4928.359546
[report] load_average_latency_ns : 202907.273832
Load workloads needs: 50951083896 ns 
[report] load_thread_ID : 39
[report] load_duration_ns : 50951083896
[report] load_duration_s : 50.951084
[report] load_throughput : 4906.666961
[report] load_average_latency_ns : 203804.335584
Load workloads needs: 51082031037 ns 
[report] load_thread_ID : 34
[report] load_duration_ns : 51082031037
[report] load_duration_s : 51.082031
[report] load_throughput : 4894.088879
[report] load_average_latency_ns : 204328.124148
Load workloads needs: 51316203005 ns 
[report] load_thread_ID : 35
[report] load_duration_ns : 51316203005
[report] load_duration_s : 51.316203
[report] load_throughput : 4871.755612
[report] load_average_latency_ns : 205264.812020
Load workloads needs: 58621791786 ns 
[report] load_thread_ID : 25
[report] load_duration_ns : 58621791786
[report] load_duration_s : 58.621792
[report] load_throughput : 4264.625703
[report] load_average_latency_ns : 234487.167144
Load workloads needs: 58758590496 ns 
[report] load_thread_ID : 28
[report] load_duration_ns : 58758590496
[report] load_duration_s : 58.758590
[report] load_throughput : 4254.697022
[report] load_average_latency_ns : 235034.361984
Load workloads needs: 58910165782 ns 
[report] load_thread_ID : 24
[report] load_duration_ns : 58910165782
[report] load_duration_s : 58.910166
[report] load_throughput : 4243.749728
[report] load_average_latency_ns : 235640.663128
Load workloads needs: 58986783473 ns 
[report] load_thread_ID : 17
[report] load_duration_ns : 58986783473
[report] load_duration_s : 58.986783
[report] load_throughput : 4238.237539
[report] load_average_latency_ns : 235947.133892
Load workloads needs: 59036943883 ns 
[report] load_thread_ID : 23
[report] load_duration_ns : 59036943883
[report] load_duration_s : 59.036944
[report] load_throughput : 4234.636544
[report] load_average_latency_ns : 236147.775532
Load workloads needs: 59346449996 ns 
[report] load_thread_ID : 31
[report] load_duration_ns : 59346449996
[report] load_duration_s : 59.346450
[report] load_throughput : 4212.551888
[report] load_average_latency_ns : 237385.799984
Load workloads needs: 59448470722 ns 
[report] load_thread_ID : 8
[report] load_duration_ns : 59448470722
[report] load_duration_s : 59.448471
[report] load_throughput : 4205.322643
[report] load_average_latency_ns : 237793.882888
Load workloads needs: 59514242464 ns 
[report] load_thread_ID : 7
[report] load_duration_ns : 59514242464
[report] load_duration_s : 59.514242
[report] load_throughput : 4200.675160
[report] load_average_latency_ns : 238056.969856
Load workloads needs: 59520000298 ns 
[report] load_thread_ID : 29
[report] load_duration_ns : 59520000298
[report] load_duration_s : 59.520000
[report] load_throughput : 4200.268796
[report] load_average_latency_ns : 238080.001192
Load workloads needs: 59534114294 ns 
[report] load_thread_ID : 15
[report] load_duration_ns : 59534114294
[report] load_duration_s : 59.534114
[report] load_throughput : 4199.273021
[report] load_average_latency_ns : 238136.457176
Load workloads needs: 59538607799 ns 
[report] load_thread_ID : 20
[report] load_duration_ns : 59538607799
[report] load_duration_s : 59.538608
[report] load_throughput : 4198.956093
[report] load_average_latency_ns : 238154.431196
Load workloads needs: 59540838267 ns 
[report] load_thread_ID : 22
[report] load_duration_ns : 59540838267
[report] load_duration_s : 59.540838
[report] load_throughput : 4198.798796
[report] load_average_latency_ns : 238163.353068
Load workloads needs: 59561436706 ns 
[report] load_thread_ID : 14
[report] load_duration_ns : 59561436706
[report] load_duration_s : 59.561437
[report] load_throughput : 4197.346703
[report] load_average_latency_ns : 238245.746824
Load workloads needs: 59607242829 ns 
[report] load_thread_ID : 18
[report] load_duration_ns : 59607242829
[report] load_duration_s : 59.607243
[report] load_throughput : 4194.121186
[report] load_average_latency_ns : 238428.971316
Load workloads needs: 59658475037 ns 
[report] load_thread_ID : 9
[report] load_duration_ns : 59658475037
[report] load_duration_s : 59.658475
[report] load_throughput : 4190.519450
[report] load_average_latency_ns : 238633.900148
Load workloads needs: 59684606780 ns 
[report] load_thread_ID : 30
[report] load_duration_ns : 59684606780
[report] load_duration_s : 59.684607
[report] load_throughput : 4188.684713
[report] load_average_latency_ns : 238738.427120
Load workloads needs: 59741171212 ns 
[report] load_thread_ID : 1
[report] load_duration_ns : 59741171212
[report] load_duration_s : 59.741171
[report] load_throughput : 4184.718761
[report] load_average_latency_ns : 238964.684848
Load workloads needs: 59886177613 ns 
[report] load_thread_ID : 16
[report] load_duration_ns : 59886177613
[report] load_duration_s : 59.886178
[report] load_throughput : 4174.586022
[report] load_average_latency_ns : 239544.710452
Load workloads needs: 59936386372 ns 
[report] load_thread_ID : 26
[report] load_duration_ns : 59936386372
[report] load_duration_s : 59.936386
[report] load_throughput : 4171.088968
[report] load_average_latency_ns : 239745.545488
Load workloads needs: 59964007624 ns 
[report] load_thread_ID : 12
[report] load_duration_ns : 59964007624
[report] load_duration_s : 59.964008
[report] load_throughput : 4169.167637
[report] load_average_latency_ns : 239856.030496
Load workloads needs: 59992762204 ns 
[report] load_thread_ID : 21
[report] load_duration_ns : 59992762204
[report] load_duration_s : 59.992762
[report] load_throughput : 4167.169352
[report] load_average_latency_ns : 239971.048816
Load workloads needs: 60031011005 ns 
[report] load_thread_ID : 13
[report] load_duration_ns : 60031011005
[report] load_duration_s : 60.031011
[report] load_throughput : 4164.514237
[report] load_average_latency_ns : 240124.044020
Load workloads needs: 60057656648 ns 
[report] load_thread_ID : 6
[report] load_duration_ns : 60057656648
[report] load_duration_s : 60.057657
[report] load_throughput : 4162.666577
[report] load_average_latency_ns : 240230.626592
Load workloads needs: 60117297897 ns 
[report] load_thread_ID : 4
[report] load_duration_ns : 60117297897
[report] load_duration_s : 60.117298
[report] load_throughput : 4158.536873
[report] load_average_latency_ns : 240469.191588
Load workloads needs: 60132354821 ns 
[report] load_thread_ID : 2
[report] load_duration_ns : 60132354821
[report] load_duration_s : 60.132355
[report] load_throughput : 4157.495590
[report] load_average_latency_ns : 240529.419284
Load workloads needs: 60149732783 ns 
[report] load_thread_ID : 10
[report] load_duration_ns : 60149732783
[report] load_duration_s : 60.149733
[report] load_throughput : 4156.294441
[report] load_average_latency_ns : 240598.931132
Load workloads needs: 60318523981 ns 
[report] load_thread_ID : 0
[report] load_duration_ns : 60318523981
[report] load_duration_s : 60.318524
[report] load_throughput : 4144.663753
[report] load_average_latency_ns : 241274.095924
Load workloads needs: 60474452010 ns 
[report] load_thread_ID : 5
[report] load_duration_ns : 60474452010
[report] load_duration_s : 60.474452
[report] load_throughput : 4133.977104
[report] load_average_latency_ns : 241897.808040
Load workloads needs: 60571786790 ns 
[report] load_thread_ID : 19
[report] load_duration_ns : 60571786790
[report] load_duration_s : 60.571787
[report] load_throughput : 4127.334082
[report] load_average_latency_ns : 242287.147160
Load workloads needs: 60813186512 ns 
[report] load_thread_ID : 27
[report] load_duration_ns : 60813186512
[report] load_duration_s : 60.813187
[report] load_throughput : 4110.950508
[report] load_average_latency_ns : 243252.746048
Load workloads needs: 60897253595 ns 
[report] load_thread_ID : 3
[report] load_duration_ns : 60897253595
[report] load_duration_s : 60.897254
[report] load_throughput : 4105.275447
[report] load_average_latency_ns : 243589.014380
Load workloads needs: 61048831370 ns 
[report] load_thread_ID : 11
[report] load_duration_ns : 61048831370
[report] load_duration_s : 61.048831
[report] load_throughput : 4095.082484
[report] load_average_latency_ns : 244195.325480
All clients run done needs: 61046138482 ns 
[report] load_overall_duration_ns : 61046138482
[report] load_overall_duration_s : 61.046138
[report] load_overall_throughput : 163810.525099
[report] load_overall_average_latency_ns : 6104.613848
