numactl --membind=4 /mnt/nvme0/home/gxr/mongdb-run/test_mongodb/build//run_client --num_threads=32 --core_binding=0,1,2,3,4,5,6,7,8,9,10,11,12,13,14,15,128,129,130,131,132,133,134,135,136,137,138,139,140,141,142,143,16,17,18,19,20,21,22,23,24,25,26,27,28,29,30,31,144,145,146,147,148,149,150,151,152,153,154,155,156,157,158,159,32,33,34,35,36,37,38,39,40,41,42,43,44,45,46,47,160,161,162,163,164,165,166,167,168,169,170,171,172,173,174,175,48,49,50,51,52,53,54,55,56,57,58,59,60,61,62,63,176,177,178,179,180,181,182,183,184,185,186,187,188,189,190,191 --str_key_size=16 --str_key_size=256 --load_file=/mnt/nvme0/home/gxr/mongdb-run/workloads/ycsb/workloada-load-10000000-10000000.log.formated --run_file=/mnt/nvme0/home/gxr/mongdb-run/workloads/ycsb/workloada-run-10000000-10000000.log.formated --URI_set=mongodb://localhost:27017,mongodb://localhost:27018,mongodb://localhost:27019,mongodb://localhost:27020,mongodb://localhost:27021,mongodb://localhost:27022,mongodb://localhost:27023,mongodb://localhost:27024,mongodb://localhost:27025,mongodb://localhost:27026,mongodb://localhost:27027,mongodb://localhost:27028,mongodb://localhost:27029,mongodb://localhost:27030,mongodb://localhost:27031,mongodb://localhost:27032,mongodb://localhost:27033,mongodb://localhost:27034,mongodb://localhost:27035,mongodb://localhost:27036,mongodb://localhost:27037,mongodb://localhost:27038,mongodb://localhost:27039,mongodb://localhost:27040,mongodb://localhost:27041,mongodb://localhost:27042,mongodb://localhost:27043,mongodb://localhost:27044,mongodb://localhost:27045,mongodb://localhost:27046,mongodb://localhost:27047,mongodb://localhost:27048,mongodb://localhost:27049,mongodb://localhost:27050,mongodb://localhost:27051,mongodb://localhost:27052,mongodb://localhost:27053,mongodb://localhost:27054,mongodb://localhost:27055,mongodb://localhost:27056,mongodb://localhost:27057,mongodb://localhost:27058,mongodb://localhost:27059,mongodb://localhost:27060,mongodb://localhost:27061,mongodb://localhost:27062,mongodb://localhost:27063,mongodb://localhost:27064,mongodb://localhost:27065,mongodb://localhost:27066,mongodb://localhost:27067,mongodb://localhost:27068,mongodb://localhost:27069,mongodb://localhost:27070,mongodb://localhost:27071,mongodb://localhost:27072,mongodb://localhost:27073,mongodb://localhost:27074,mongodb://localhost:27075,mongodb://localhost:27076,mongodb://localhost:27077,mongodb://localhost:27078,mongodb://localhost:27079,mongodb://localhost:27080,mongodb://localhost:27081,mongodb://localhost:27082,mongodb://localhost:27083,mongodb://localhost:27084,mongodb://localhost:27085,mongodb://localhost:27086,mongodb://localhost:27087,mongodb://localhost:27088,mongodb://localhost:27089,mongodb://localhost:27090,mongodb://localhost:27091,mongodb://localhost:27092,mongodb://localhost:27093,mongodb://localhost:27094,mongodb://localhost:27095,mongodb://localhost:27096,mongodb://localhost:27097,mongodb://localhost:27098,mongodb://localhost:27099,mongodb://localhost:27100,mongodb://localhost:27101,mongodb://localhost:27102,mongodb://localhost:27103,mongodb://localhost:27104,mongodb://localhost:27105,mongodb://localhost:27106,mongodb://localhost:27107,mongodb://localhost:27108,mongodb://localhost:27109,mongodb://localhost:27110,mongodb://localhost:27111,mongodb://localhost:27112,mongodb://localhost:27113,mongodb://localhost:27114,mongodb://localhost:27115,mongodb://localhost:27116,mongodb://localhost:27117,mongodb://localhost:27118,mongodb://localhost:27119,mongodb://localhost:27120,mongodb://localhost:27121,mongodb://localhost:27122,mongodb://localhost:27123,mongodb://localhost:27124,mongodb://localhost:27125,mongodb://localhost:27126,mongodb://localhost:27127,mongodb://localhost:27128,mongodb://localhost:27129,mongodb://localhost:27130,mongodb://localhost:27131,mongodb://localhost:27132,mongodb://localhost:27133,mongodb://localhost:27134,mongodb://localhost:27135,mongodb://localhost:27136,mongodb://localhost:27137,mongodb://localhost:27138,mongodb://localhost:27139,mongodb://localhost:27140,mongodb://localhost:27141,mongodb://localhost:27142,mongodb://localhost:27143,mongodb://localhost:27144 --first_mode=false
mongodb://localhost:27017 mongodb://localhost:27018 mongodb://localhost:27019 mongodb://localhost:27020 mongodb://localhost:27021 mongodb://localhost:27022 mongodb://localhost:27023 mongodb://localhost:27024 mongodb://localhost:27025 mongodb://localhost:27026 mongodb://localhost:27027 mongodb://localhost:27028 mongodb://localhost:27029 mongodb://localhost:27030 mongodb://localhost:27031 mongodb://localhost:27032 mongodb://localhost:27033 mongodb://localhost:27034 mongodb://localhost:27035 mongodb://localhost:27036 mongodb://localhost:27037 mongodb://localhost:27038 mongodb://localhost:27039 mongodb://localhost:27040 mongodb://localhost:27041 mongodb://localhost:27042 mongodb://localhost:27043 mongodb://localhost:27044 mongodb://localhost:27045 mongodb://localhost:27046 mongodb://localhost:27047 mongodb://localhost:27048 mongodb://localhost:27049 mongodb://localhost:27050 mongodb://localhost:27051 mongodb://localhost:27052 mongodb://localhost:27053 mongodb://localhost:27054 mongodb://localhost:27055 mongodb://localhost:27056 mongodb://localhost:27057 mongodb://localhost:27058 mongodb://localhost:27059 mongodb://localhost:27060 mongodb://localhost:27061 mongodb://localhost:27062 mongodb://localhost:27063 mongodb://localhost:27064 mongodb://localhost:27065 mongodb://localhost:27066 mongodb://localhost:27067 mongodb://localhost:27068 mongodb://localhost:27069 mongodb://localhost:27070 mongodb://localhost:27071 mongodb://localhost:27072 mongodb://localhost:27073 mongodb://localhost:27074 mongodb://localhost:27075 mongodb://localhost:27076 mongodb://localhost:27077 mongodb://localhost:27078 mongodb://localhost:27079 mongodb://localhost:27080 mongodb://localhost:27081 mongodb://localhost:27082 mongodb://localhost:27083 mongodb://localhost:27084 mongodb://localhost:27085 mongodb://localhost:27086 mongodb://localhost:27087 mongodb://localhost:27088 mongodb://localhost:27089 mongodb://localhost:27090 mongodb://localhost:27091 mongodb://localhost:27092 mongodb://localhost:27093 mongodb://localhost:27094 mongodb://localhost:27095 mongodb://localhost:27096 mongodb://localhost:27097 mongodb://localhost:27098 mongodb://localhost:27099 mongodb://localhost:27100 mongodb://localhost:27101 mongodb://localhost:27102 mongodb://localhost:27103 mongodb://localhost:27104 mongodb://localhost:27105 mongodb://localhost:27106 mongodb://localhost:27107 mongodb://localhost:27108 mongodb://localhost:27109 mongodb://localhost:27110 mongodb://localhost:27111 mongodb://localhost:27112 mongodb://localhost:27113 mongodb://localhost:27114 mongodb://localhost:27115 mongodb://localhost:27116 mongodb://localhost:27117 mongodb://localhost:27118 mongodb://localhost:27119 mongodb://localhost:27120 mongodb://localhost:27121 mongodb://localhost:27122 mongodb://localhost:27123 mongodb://localhost:27124 mongodb://localhost:27125 mongodb://localhost:27126 mongodb://localhost:27127 mongodb://localhost:27128 mongodb://localhost:27129 mongodb://localhost:27130 mongodb://localhost:27131 mongodb://localhost:27132 mongodb://localhost:27133 mongodb://localhost:27134 mongodb://localhost:27135 mongodb://localhost:27136 mongodb://localhost:27137 mongodb://localhost:27138 mongodb://localhost:27139 mongodb://localhost:27140 mongodb://localhost:27141 mongodb://localhost:27142 mongodb://localhost:27143 mongodb://localhost:27144 reading workload files ...
load_filename : /mnt/nvme0/home/gxr/mongdb-run/workloads/ycsb/workloada-load-10000000-10000000.log.formated
read load file needs: 6170561645 s 
run_filename : /mnt/nvme0/home/gxr/mongdb-run/workloads/ycsb/workloada-run-10000000-10000000.log.formated
read run file needs: 6157378323 s 
num_of_load_ops is 10000000
num_of_run_ops is 10000000
0 1 2 3 4 5 6 7 8 9 10 11 12 13 14 15 128 129 130 131 132 133 134 135 136 137 138 139 140 141 142 143 16 17 18 19 20 21 22 23 24 25 26 27 28 29 30 31 144 145 146 147 148 149 150 151 152 153 154 155 156 157 158 159 32 33 34 35 36 37 38 39 40 41 42 43 44 45 46 47 160 161 162 163 164 165 166 167 168 169 170 171 172 173 174 175 48 49 50 51 52 53 54 55 56 57 58 59 60 61 62 63 176 177 178 179 180 181 182 183 184 185 186 187 188 189 190 191 URI: URI: URI: mongodb://localhost:27025mongodb://localhost:27017URI: 
URI: mongodb://localhost:27024URI: mongodb://localhost:27019URI: mongodb://localhost:27022

URI: mongodb://localhost:27018
mongodb://localhost:27020
URI: mongodb://localhost:27023
URI: mongodb://localhost:27021


mongodb://localhost:27026
URI: mongodb://localhost:27028
URI: mongodb://localhost:27027
URI: mongodb://localhost:27029
URI: mongodb://localhost:27031
URI: mongodb://localhost:27032
URI: mongodb://localhost:27033
URI: mongodb://localhost:27030
URI: mongodb://localhost:27034
URI: mongodb://localhost:27035
URI: mongodb://localhost:27036
URI: mongodb://localhost:27037
URI: mongodb://localhost:27038
URI: mongodb://localhost:27039
URI: mongodb://localhost:27040
URI: mongodb://localhost:27041
URI: mongodb://localhost:27042URI: mongodb://localhost:27043

URI: mongodb://localhost:27044
URI: mongodb://localhost:27045
URI: mongodb://localhost:27048
URI: mongodb://localhost:27047
URI: mongodb://localhost:27046
Load workloads needs: 48458491357 ns 
[report] load_thread_ID : 17
[report] load_duration_ns : 48458491357
[report] load_duration_s : 48.458491
[report] load_throughput : 6448.818179
[report] load_average_latency_ns : 155067.172342
Load workloads needs: 49298954245 ns 
[report] load_thread_ID : 4
[report] load_duration_ns : 49298954245
[report] load_duration_s : 49.298954
[report] load_throughput : 6338.876854
[report] load_average_latency_ns : 157756.653584
Load workloads needs: 49496468292 ns 
[report] load_thread_ID : 19
[report] load_duration_ns : 49496468292
[report] load_duration_s : 49.496468
[report] load_throughput : 6313.581772
[report] load_average_latency_ns : 158388.698534
Load workloads needs: 50135289300 ns 
[report] load_thread_ID : 20
[report] load_duration_ns : 50135289300
[report] load_duration_s : 50.135289
[report] load_throughput : 6233.134472
[report] load_average_latency_ns : 160432.925760
Load workloads needs: 50229405479 ns 
[report] load_thread_ID : 23
[report] load_duration_ns : 50229405479
[report] load_duration_s : 50.229405
[report] load_throughput : 6221.455281
[report] load_average_latency_ns : 160734.097533
Load workloads needs: 50524947227 ns 
[report] load_thread_ID : 21
[report] load_duration_ns : 50524947227
[report] load_duration_s : 50.524947
[report] load_throughput : 6185.063363
[report] load_average_latency_ns : 161679.831126
Load workloads needs: 50709465740 ns 
[report] load_thread_ID : 0
[report] load_duration_ns : 50709465740
[report] load_duration_s : 50.709466
[report] load_throughput : 6162.557531
[report] load_average_latency_ns : 162270.290368
Load workloads needs: 50853598119 ns 
[report] load_thread_ID : 6
[report] load_duration_ns : 50853598119
[report] load_duration_s : 50.853598
[report] load_throughput : 6145.091234
[report] load_average_latency_ns : 162731.513981
Load workloads needs: 50931829030 ns 
[report] load_thread_ID : 22
[report] load_duration_ns : 50931829030
[report] load_duration_s : 50.931829
[report] load_throughput : 6135.652419
[report] load_average_latency_ns : 162981.852896
Load workloads needs: 51068221813 ns 
[report] load_thread_ID : 5
[report] load_duration_ns : 51068221813
[report] load_duration_s : 51.068222
[report] load_throughput : 6119.265346
[report] load_average_latency_ns : 163418.309802
Load workloads needs: 51466186005 ns 
[report] load_thread_ID : 16
[report] load_duration_ns : 51466186005
[report] load_duration_s : 51.466186
[report] load_throughput : 6071.947899
[report] load_average_latency_ns : 164691.795216
Load workloads needs: 51755072193 ns 
[report] load_thread_ID : 3
[report] load_duration_ns : 51755072193
[report] load_duration_s : 51.755072
[report] load_throughput : 6038.055533
[report] load_average_latency_ns : 165616.231018
Load workloads needs: 51857736389 ns 
[report] load_thread_ID : 2
[report] load_duration_ns : 51857736389
[report] load_duration_s : 51.857736
[report] load_throughput : 6026.101827
[report] load_average_latency_ns : 165944.756445
Load workloads needs: 52203793826 ns 
[report] load_thread_ID : 1
[report] load_duration_ns : 52203793826
[report] load_duration_s : 52.203794
[report] load_throughput : 5986.154973
[report] load_average_latency_ns : 167052.140243
Load workloads needs: 52381506599 ns 
[report] load_thread_ID : 7
[report] load_duration_ns : 52381506599
[report] load_duration_s : 52.381507
[report] load_throughput : 5965.845969
[report] load_average_latency_ns : 167620.821117
Load workloads needs: 53049751913 ns 
[report] load_thread_ID : 26
[report] load_duration_ns : 53049751913
[report] load_duration_s : 53.049752
[report] load_throughput : 5890.696728
[report] load_average_latency_ns : 169759.206122
Load workloads needs: 53356919486 ns 
[report] load_thread_ID : 27
[report] load_duration_ns : 53356919486
[report] load_duration_s : 53.356919
[report] load_throughput : 5856.784893
[report] load_average_latency_ns : 170742.142355
Load workloads needs: 53629312854 ns 
[report] load_thread_ID : 18
[report] load_duration_ns : 53629312854
[report] load_duration_s : 53.629313
[report] load_throughput : 5827.037181
[report] load_average_latency_ns : 171613.801133
Load workloads needs: 54125821869 ns 
[report] load_thread_ID : 11
[report] load_duration_ns : 54125821869
[report] load_duration_s : 54.125822
[report] load_throughput : 5773.584386
[report] load_average_latency_ns : 173202.629981
Load workloads needs: 54409021464 ns 
[report] load_thread_ID : 25
[report] load_duration_ns : 54409021464
[report] load_duration_s : 54.409021
[report] load_throughput : 5743.532811
[report] load_average_latency_ns : 174108.868685
Load workloads needs: 55127819159 ns 
[report] load_thread_ID : 14
[report] load_duration_ns : 55127819159
[report] load_duration_s : 55.127819
[report] load_throughput : 5668.644339
[report] load_average_latency_ns : 176409.021309
Load workloads needs: 55128495190 ns 
[report] load_thread_ID : 10
[report] load_duration_ns : 55128495190
[report] load_duration_s : 55.128495
[report] load_throughput : 5668.574825
[report] load_average_latency_ns : 176411.184608
Load workloads needs: 55258294719 ns 
[report] load_thread_ID : 30
[report] load_duration_ns : 55258294719
[report] load_duration_s : 55.258295
[report] load_throughput : 5655.259569
[report] load_average_latency_ns : 176826.543101
Load workloads needs: 55638735561 ns 
[report] load_thread_ID : 24
[report] load_duration_ns : 55638735561
[report] load_duration_s : 55.638736
[report] load_throughput : 5616.590615
[report] load_average_latency_ns : 178043.953795
Load workloads needs: 55672232615 ns 
[report] load_thread_ID : 15
[report] load_duration_ns : 55672232615
[report] load_duration_s : 55.672233
[report] load_throughput : 5613.211206
[report] load_average_latency_ns : 178151.144368
Load workloads needs: 55985394688 ns 
[report] load_thread_ID : 8
[report] load_duration_ns : 55985394688
[report] load_duration_s : 55.985395
[report] load_throughput : 5581.812931
[report] load_average_latency_ns : 179153.263002
Load workloads needs: 56131076082 ns 
[report] load_thread_ID : 28
[report] load_duration_ns : 56131076082
[report] load_duration_s : 56.131076
[report] load_throughput : 5567.326013
[report] load_average_latency_ns : 179619.443462
Load workloads needs: 56202886396 ns 
[report] load_thread_ID : 13
[report] load_duration_ns : 56202886396
[report] load_duration_s : 56.202886
[report] load_throughput : 5560.212652
[report] load_average_latency_ns : 179849.236467
Load workloads needs: 56612120620 ns 
[report] load_thread_ID : 29
[report] load_duration_ns : 56612120620
[report] load_duration_s : 56.612121
[report] load_throughput : 5520.019328
[report] load_average_latency_ns : 181158.785984
Load workloads needs: 56657278948 ns 
[report] load_thread_ID : 12
[report] load_duration_ns : 56657278948
[report] load_duration_s : 56.657279
[report] load_throughput : 5515.619631
[report] load_average_latency_ns : 181303.292634
Load workloads needs: 57179643425 ns 
[report] load_thread_ID : 9
[report] load_duration_ns : 57179643425
[report] load_duration_s : 57.179643
[report] load_throughput : 5465.231703
[report] load_average_latency_ns : 182974.858960
Load workloads needs: 57237629981 ns 
[report] load_thread_ID : 31
[report] load_duration_ns : 57237629981
[report] load_duration_s : 57.237630
[report] load_throughput : 5459.694961
[report] load_average_latency_ns : 183160.415939
All clients run done needs: 57238205452 ns 
[report] load_overall_duration_ns : 57238205452
[report] load_overall_duration_s : 57.238205
[report] load_overall_throughput : 174708.482228
[report] load_overall_average_latency_ns : 5723.820545
