numactl --membind=4 /mnt/nvme0/home/gxr/mongdb-run/test_mongodb/build//run_client --num_threads=52 --core_binding=0,1,2,3,4,5,6,7,8,9,10,11,12,13,14,15,128,129,130,131,132,133,134,135,136,137,138,139,140,141,142,143,16,17,18,19,20,21,22,23,24,25,26,27,28,29,30,31,144,145,146,147,148,149,150,151,152,153,154,155,156,157,158,159,32,33,34,35,36,37,38,39,40,41,42,43,44,45,46,47,160,161,162,163,164,165,166,167,168,169,170,171,172,173,174,175,48,49,50,51,52,53,54,55,56,57,58,59,60,61,62,63,176,177,178,179,180,181,182,183,184,185,186,187,188,189,190,191 --str_key_size=16 --str_key_size=256 --load_file=/mnt/nvme0/home/gxr/mongdb-run/workloads/ycsb/workloada-load-10000000-10000000.log.formated --run_file=/mnt/nvme0/home/gxr/mongdb-run/workloads/ycsb/workloada-run-10000000-10000000.log.formated --URI_set=mongodb://localhost:27017,mongodb://localhost:27018,mongodb://localhost:27019,mongodb://localhost:27020,mongodb://localhost:27021,mongodb://localhost:27022,mongodb://localhost:27023,mongodb://localhost:27024,mongodb://localhost:27025,mongodb://localhost:27026,mongodb://localhost:27027,mongodb://localhost:27028,mongodb://localhost:27029,mongodb://localhost:27030,mongodb://localhost:27031,mongodb://localhost:27032,mongodb://localhost:27033,mongodb://localhost:27034,mongodb://localhost:27035,mongodb://localhost:27036,mongodb://localhost:27037,mongodb://localhost:27038,mongodb://localhost:27039,mongodb://localhost:27040,mongodb://localhost:27041,mongodb://localhost:27042,mongodb://localhost:27043,mongodb://localhost:27044,mongodb://localhost:27045,mongodb://localhost:27046,mongodb://localhost:27047,mongodb://localhost:27048,mongodb://localhost:27049,mongodb://localhost:27050,mongodb://localhost:27051,mongodb://localhost:27052,mongodb://localhost:27053,mongodb://localhost:27054,mongodb://localhost:27055,mongodb://localhost:27056,mongodb://localhost:27057,mongodb://localhost:27058,mongodb://localhost:27059,mongodb://localhost:27060,mongodb://localhost:27061,mongodb://localhost:27062,mongodb://localhost:27063,mongodb://localhost:27064,mongodb://localhost:27065,mongodb://localhost:27066,mongodb://localhost:27067,mongodb://localhost:27068,mongodb://localhost:27069,mongodb://localhost:27070,mongodb://localhost:27071,mongodb://localhost:27072,mongodb://localhost:27073,mongodb://localhost:27074,mongodb://localhost:27075,mongodb://localhost:27076,mongodb://localhost:27077,mongodb://localhost:27078,mongodb://localhost:27079,mongodb://localhost:27080,mongodb://localhost:27081,mongodb://localhost:27082,mongodb://localhost:27083,mongodb://localhost:27084,mongodb://localhost:27085,mongodb://localhost:27086,mongodb://localhost:27087,mongodb://localhost:27088,mongodb://localhost:27089,mongodb://localhost:27090,mongodb://localhost:27091,mongodb://localhost:27092,mongodb://localhost:27093,mongodb://localhost:27094,mongodb://localhost:27095,mongodb://localhost:27096,mongodb://localhost:27097,mongodb://localhost:27098,mongodb://localhost:27099,mongodb://localhost:27100,mongodb://localhost:27101,mongodb://localhost:27102,mongodb://localhost:27103,mongodb://localhost:27104,mongodb://localhost:27105,mongodb://localhost:27106,mongodb://localhost:27107,mongodb://localhost:27108,mongodb://localhost:27109,mongodb://localhost:27110,mongodb://localhost:27111,mongodb://localhost:27112,mongodb://localhost:27113,mongodb://localhost:27114,mongodb://localhost:27115,mongodb://localhost:27116,mongodb://localhost:27117,mongodb://localhost:27118,mongodb://localhost:27119,mongodb://localhost:27120,mongodb://localhost:27121,mongodb://localhost:27122,mongodb://localhost:27123,mongodb://localhost:27124,mongodb://localhost:27125,mongodb://localhost:27126,mongodb://localhost:27127,mongodb://localhost:27128,mongodb://localhost:27129,mongodb://localhost:27130,mongodb://localhost:27131,mongodb://localhost:27132,mongodb://localhost:27133,mongodb://localhost:27134,mongodb://localhost:27135,mongodb://localhost:27136,mongodb://localhost:27137,mongodb://localhost:27138,mongodb://localhost:27139,mongodb://localhost:27140,mongodb://localhost:27141,mongodb://localhost:27142,mongodb://localhost:27143,mongodb://localhost:27144 --first_mode=false
mongodb://localhost:27017 mongodb://localhost:27018 mongodb://localhost:27019 mongodb://localhost:27020 mongodb://localhost:27021 mongodb://localhost:27022 mongodb://localhost:27023 mongodb://localhost:27024 mongodb://localhost:27025 mongodb://localhost:27026 mongodb://localhost:27027 mongodb://localhost:27028 mongodb://localhost:27029 mongodb://localhost:27030 mongodb://localhost:27031 mongodb://localhost:27032 mongodb://localhost:27033 mongodb://localhost:27034 mongodb://localhost:27035 mongodb://localhost:27036 mongodb://localhost:27037 mongodb://localhost:27038 mongodb://localhost:27039 mongodb://localhost:27040 mongodb://localhost:27041 mongodb://localhost:27042 mongodb://localhost:27043 mongodb://localhost:27044 mongodb://localhost:27045 mongodb://localhost:27046 mongodb://localhost:27047 mongodb://localhost:27048 mongodb://localhost:27049 mongodb://localhost:27050 mongodb://localhost:27051 mongodb://localhost:27052 mongodb://localhost:27053 mongodb://localhost:27054 mongodb://localhost:27055 mongodb://localhost:27056 mongodb://localhost:27057 mongodb://localhost:27058 mongodb://localhost:27059 mongodb://localhost:27060 mongodb://localhost:27061 mongodb://localhost:27062 mongodb://localhost:27063 mongodb://localhost:27064 mongodb://localhost:27065 mongodb://localhost:27066 mongodb://localhost:27067 mongodb://localhost:27068 mongodb://localhost:27069 mongodb://localhost:27070 mongodb://localhost:27071 mongodb://localhost:27072 mongodb://localhost:27073 mongodb://localhost:27074 mongodb://localhost:27075 mongodb://localhost:27076 mongodb://localhost:27077 mongodb://localhost:27078 mongodb://localhost:27079 mongodb://localhost:27080 mongodb://localhost:27081 mongodb://localhost:27082 mongodb://localhost:27083 mongodb://localhost:27084 mongodb://localhost:27085 mongodb://localhost:27086 mongodb://localhost:27087 mongodb://localhost:27088 mongodb://localhost:27089 mongodb://localhost:27090 mongodb://localhost:27091 mongodb://localhost:27092 mongodb://localhost:27093 mongodb://localhost:27094 mongodb://localhost:27095 mongodb://localhost:27096 mongodb://localhost:27097 mongodb://localhost:27098 mongodb://localhost:27099 mongodb://localhost:27100 mongodb://localhost:27101 mongodb://localhost:27102 mongodb://localhost:27103 mongodb://localhost:27104 mongodb://localhost:27105 mongodb://localhost:27106 mongodb://localhost:27107 mongodb://localhost:27108 mongodb://localhost:27109 mongodb://localhost:27110 mongodb://localhost:27111 mongodb://localhost:27112 mongodb://localhost:27113 mongodb://localhost:27114 mongodb://localhost:27115 mongodb://localhost:27116 mongodb://localhost:27117 mongodb://localhost:27118 mongodb://localhost:27119 mongodb://localhost:27120 mongodb://localhost:27121 mongodb://localhost:27122 mongodb://localhost:27123 mongodb://localhost:27124 mongodb://localhost:27125 mongodb://localhost:27126 mongodb://localhost:27127 mongodb://localhost:27128 mongodb://localhost:27129 mongodb://localhost:27130 mongodb://localhost:27131 mongodb://localhost:27132 mongodb://localhost:27133 mongodb://localhost:27134 mongodb://localhost:27135 mongodb://localhost:27136 mongodb://localhost:27137 mongodb://localhost:27138 mongodb://localhost:27139 mongodb://localhost:27140 mongodb://localhost:27141 mongodb://localhost:27142 mongodb://localhost:27143 mongodb://localhost:27144 reading workload files ...
load_filename : /mnt/nvme0/home/gxr/mongdb-run/workloads/ycsb/workloada-load-10000000-10000000.log.formated
read load file needs: 6199590131 s 
run_filename : /mnt/nvme0/home/gxr/mongdb-run/workloads/ycsb/workloada-run-10000000-10000000.log.formated
read run file needs: 6297209414 s 
num_of_load_ops is 10000000
num_of_run_ops is 10000000
0 1 2 3 4 5 6 7 8 9 10 11 12 13 14 15 128 129 130 131 132 133 134 135 136 137 138 139 140 141 142 143 16 17 18 19 20 21 22 23 24 25 26 27 28 29 30 31 144 145 146 147 148 149 150 151 152 153 154 155 156 157 158 159 32 33 34 35 36 37 38 39 40 41 42 43 44 45 46 47 160 161 162 163 164 165 166 167 168 169 170 171 172 173 174 175 48 49 50 51 52 53 54 55 56 57 58 59 60 61 62 63 176 177 178 179 180 181 182 183 184 185 186 187 188 189 190 191 URI: URI: URI: URI: URI: mongodb://localhost:27018
URI: URI: URI: mongodb://localhost:27029
mongodb://localhost:27022URI: mongodb://localhost:27026
mongodb://localhost:27017URI: mongodb://localhost:27023
URI: mongodb://localhost:27019
mongodb://localhost:27020
URI: mongodb://localhost:27028
mongodb://localhost:27024
URI: mongodb://localhost:27027
URI: mongodb://localhost:27030
URI: mongodb://localhost:27025

mongodb://localhost:27031

mongodb://localhost:27021
URI: mongodb://localhost:27032
URI: mongodb://localhost:27033
URI: mongodb://localhost:27035
URI: mongodb://localhost:27036
URI: mongodb://localhost:27037
URI: mongodb://localhost:27038
URI: mongodb://localhost:27039
URI: mongodb://localhost:27040
URI: mongodb://localhost:27041
URI: mongodb://localhost:27042
URI: mongodb://localhost:27034
URI: mongodb://localhost:27043
URI: mongodb://localhost:27045
URI: mongodb://localhost:27044
URI: mongodb://localhost:27046
URI: mongodb://localhost:27047
URI: mongodb://localhost:27048
URI: mongodb://localhost:27050
URI: mongodb://localhost:27049
URI: mongodb://localhost:27051
URI: mongodb://localhost:27054
URI: mongodb://localhost:27053
URI: mongodb://localhost:27052
URI: mongodb://localhost:27055
URI: mongodb://localhost:27056
URI: mongodb://localhost:27057
URI: mongodb://localhost:27058
URI: mongodb://localhost:27059
URI: mongodb://localhost:27060
URI: mongodb://localhost:27061
URI: mongodb://localhost:27063
URI: mongodb://localhost:27064
URI: mongodb://localhost:27062
URI: mongodb://localhost:27065
URI: mongodb://localhost:27067
URI: mongodb://localhost:27068
URI: mongodb://localhost:27066
Load workloads needs: 33920942994 ns 
[report] load_thread_ID : 44
[report] load_duration_ns : 33920942994
[report] load_duration_s : 33.920943
[report] load_throughput : 5669.270457
[report] load_average_latency_ns : 176389.538571
Load workloads needs: 34072768194 ns 
[report] load_thread_ID : 47
[report] load_duration_ns : 34072768194
[report] load_duration_s : 34.072768
[report] load_throughput : 5644.008696
[report] load_average_latency_ns : 177179.032453
Load workloads needs: 34147682512 ns 
[report] load_thread_ID : 40
[report] load_duration_ns : 34147682512
[report] load_duration_s : 34.147683
[report] load_throughput : 5631.626683
[report] load_average_latency_ns : 177568.588309
Load workloads needs: 34343754128 ns 
[report] load_thread_ID : 45
[report] load_duration_ns : 34343754128
[report] load_duration_s : 34.343754
[report] load_throughput : 5599.475214
[report] load_average_latency_ns : 178588.164383
Load workloads needs: 34366488020 ns 
[report] load_thread_ID : 43
[report] load_duration_ns : 34366488020
[report] load_duration_s : 34.366488
[report] load_throughput : 5595.771086
[report] load_average_latency_ns : 178706.381047
Load workloads needs: 34494084321 ns 
[report] load_thread_ID : 6
[report] load_duration_ns : 34494084321
[report] load_duration_s : 34.494084
[report] load_throughput : 5575.071894
[report] load_average_latency_ns : 179369.884201
Load workloads needs: 34562877235 ns 
[report] load_thread_ID : 32
[report] load_duration_ns : 34562877235
[report] load_duration_s : 34.562877
[report] load_throughput : 5563.975438
[report] load_average_latency_ns : 179727.608641
Load workloads needs: 34563374264 ns 
[report] load_thread_ID : 46
[report] load_duration_ns : 34563374264
[report] load_duration_s : 34.563374
[report] load_throughput : 5563.895427
[report] load_average_latency_ns : 179730.193201
Load workloads needs: 34775182950 ns 
[report] load_thread_ID : 34
[report] load_duration_ns : 34775182950
[report] load_duration_s : 34.775183
[report] load_throughput : 5530.006852
[report] load_average_latency_ns : 180831.602334
Load workloads needs: 34778900910 ns 
[report] load_thread_ID : 42
[report] load_duration_ns : 34778900910
[report] load_duration_s : 34.778901
[report] load_throughput : 5529.415679
[report] load_average_latency_ns : 180850.935795
Load workloads needs: 35013090258 ns 
[report] load_thread_ID : 1
[report] load_duration_ns : 35013090258
[report] load_duration_s : 35.013090
[report] load_throughput : 5492.431504
[report] load_average_latency_ns : 182068.724789
Load workloads needs: 35032261458 ns 
[report] load_thread_ID : 5
[report] load_duration_ns : 35032261458
[report] load_duration_s : 35.032261
[report] load_throughput : 5489.425803
[report] load_average_latency_ns : 182168.415388
Load workloads needs: 35043863769 ns 
[report] load_thread_ID : 41
[report] load_duration_ns : 35043863769
[report] load_duration_s : 35.043864
[report] load_throughput : 5487.608366
[report] load_average_latency_ns : 182228.747622
Load workloads needs: 35047973169 ns 
[report] load_thread_ID : 31
[report] load_duration_ns : 35047973169
[report] load_duration_s : 35.047973
[report] load_throughput : 5486.964940
[report] load_average_latency_ns : 182250.116579
Load workloads needs: 35100353813 ns 
[report] load_thread_ID : 17
[report] load_duration_ns : 35100353813
[report] load_duration_s : 35.100354
[report] load_throughput : 5478.776682
[report] load_average_latency_ns : 182522.496909
Load workloads needs: 35277343728 ns 
[report] load_thread_ID : 30
[report] load_duration_ns : 35277343728
[report] load_duration_s : 35.277344
[report] load_throughput : 5451.289119
[report] load_average_latency_ns : 183442.847780
Load workloads needs: 35393778999 ns 
[report] load_thread_ID : 8
[report] load_duration_ns : 35393778999
[report] load_duration_s : 35.393779
[report] load_throughput : 5433.355958
[report] load_average_latency_ns : 184048.313369
Load workloads needs: 35421047119 ns 
[report] load_thread_ID : 15
[report] load_duration_ns : 35421047119
[report] load_duration_s : 35.421047
[report] load_throughput : 5429.173207
[report] load_average_latency_ns : 184190.108103
Load workloads needs: 35541363939 ns 
[report] load_thread_ID : 23
[report] load_duration_ns : 35541363939
[report] load_duration_s : 35.541364
[report] load_throughput : 5410.794035
[report] load_average_latency_ns : 184815.757820
Load workloads needs: 35616902475 ns 
[report] load_thread_ID : 4
[report] load_duration_ns : 35616902475
[report] load_duration_s : 35.616902
[report] load_throughput : 5399.318487
[report] load_average_latency_ns : 185208.559621
Load workloads needs: 35627767467 ns 
[report] load_thread_ID : 7
[report] load_duration_ns : 35627767467
[report] load_duration_s : 35.627767
[report] load_throughput : 5397.671919
[report] load_average_latency_ns : 185265.057783
Load workloads needs: 35781788001 ns 
[report] load_thread_ID : 19
[report] load_duration_ns : 35781788001
[report] load_duration_s : 35.781788
[report] load_throughput : 5374.437968
[report] load_average_latency_ns : 186065.967443
Load workloads needs: 35798254619 ns 
[report] load_thread_ID : 10
[report] load_duration_ns : 35798254619
[report] load_duration_s : 35.798255
[report] load_throughput : 5371.965814
[report] load_average_latency_ns : 186151.594165
Load workloads needs: 35807266146 ns 
[report] load_thread_ID : 16
[report] load_duration_ns : 35807266146
[report] load_duration_s : 35.807266
[report] load_throughput : 5370.613864
[report] load_average_latency_ns : 186198.454274
Load workloads needs: 35856667889 ns 
[report] load_thread_ID : 20
[report] load_duration_ns : 35856667889
[report] load_duration_s : 35.856668
[report] load_throughput : 5363.214468
[report] load_average_latency_ns : 186455.344262
Load workloads needs: 35890464872 ns 
[report] load_thread_ID : 2
[report] load_duration_ns : 35890464872
[report] load_duration_s : 35.890465
[report] load_throughput : 5358.164089
[report] load_average_latency_ns : 186631.089206
Load workloads needs: 35964534011 ns 
[report] load_thread_ID : 21
[report] load_duration_ns : 35964534011
[report] load_duration_s : 35.964534
[report] load_throughput : 5347.128923
[report] load_average_latency_ns : 187016.250116
Load workloads needs: 35968139032 ns 
[report] load_thread_ID : 13
[report] load_duration_ns : 35968139032
[report] load_duration_s : 35.968139
[report] load_throughput : 5346.592990
[report] load_average_latency_ns : 187034.996292
Load workloads needs: 35986875004 ns 
[report] load_thread_ID : 48
[report] load_duration_ns : 35986875004
[report] load_duration_s : 35.986875
[report] load_throughput : 5343.809374
[report] load_average_latency_ns : 187132.423698
Load workloads needs: 35996163690 ns 
[report] load_thread_ID : 49
[report] load_duration_ns : 35996163690
[report] load_duration_s : 35.996164
[report] load_throughput : 5342.430423
[report] load_average_latency_ns : 187180.725039
Load workloads needs: 36013408026 ns 
[report] load_thread_ID : 0
[report] load_duration_ns : 36013408026
[report] load_duration_s : 36.013408
[report] load_throughput : 5339.872301
[report] load_average_latency_ns : 187270.395909
Load workloads needs: 36266966423 ns 
[report] load_thread_ID : 50
[report] load_duration_ns : 36266966423
[report] load_duration_s : 36.266966
[report] load_throughput : 5302.538893
[report] load_average_latency_ns : 188588.904320
Load workloads needs: 36355876124 ns 
[report] load_thread_ID : 22
[report] load_duration_ns : 36355876124
[report] load_duration_s : 36.355876
[report] load_throughput : 5289.571329
[report] load_average_latency_ns : 189051.236429
Load workloads needs: 36391749882 ns 
[report] load_thread_ID : 9
[report] load_duration_ns : 36391749882
[report] load_duration_s : 36.391750
[report] load_throughput : 5284.357049
[report] load_average_latency_ns : 189237.780642
Load workloads needs: 36432293428 ns 
[report] load_thread_ID : 33
[report] load_duration_ns : 36432293428
[report] load_duration_s : 36.432293
[report] load_throughput : 5278.476371
[report] load_average_latency_ns : 189448.607841
Load workloads needs: 36509857229 ns 
[report] load_thread_ID : 12
[report] load_duration_ns : 36509857229
[report] load_duration_s : 36.509857
[report] load_throughput : 5267.262449
[report] load_average_latency_ns : 189851.941058
Load workloads needs: 36530735475 ns 
[report] load_thread_ID : 3
[report] load_duration_ns : 36530735475
[report] load_duration_s : 36.530735
[report] load_throughput : 5264.252074
[report] load_average_latency_ns : 189960.508328
Load workloads needs: 36578699612 ns 
[report] load_thread_ID : 51
[report] load_duration_ns : 36578699612
[report] load_duration_s : 36.578700
[report] load_throughput : 5257.349278
[report] load_average_latency_ns : 190209.922738
Load workloads needs: 36647408855 ns 
[report] load_thread_ID : 28
[report] load_duration_ns : 36647408855
[report] load_duration_s : 36.647409
[report] load_throughput : 5247.492415
[report] load_average_latency_ns : 190567.212088
Load workloads needs: 36770860967 ns 
[report] load_thread_ID : 35
[report] load_duration_ns : 36770860967
[report] load_duration_s : 36.770861
[report] load_throughput : 5229.874823
[report] load_average_latency_ns : 191209.165381
Load workloads needs: 36792103953 ns 
[report] load_thread_ID : 14
[report] load_duration_ns : 36792103953
[report] load_duration_s : 36.792104
[report] load_throughput : 5226.855204
[report] load_average_latency_ns : 191319.629306
Load workloads needs: 36818670094 ns 
[report] load_thread_ID : 26
[report] load_duration_ns : 36818670094
[report] load_duration_s : 36.818670
[report] load_throughput : 5223.083819
[report] load_average_latency_ns : 191457.773737
Load workloads needs: 36882761659 ns 
[report] load_thread_ID : 39
[report] load_duration_ns : 36882761659
[report] load_duration_s : 36.882762
[report] load_throughput : 5214.007611
[report] load_average_latency_ns : 191791.051075
Load workloads needs: 36960513749 ns 
[report] load_thread_ID : 37
[report] load_duration_ns : 36960513749
[report] load_duration_s : 36.960514
[report] load_throughput : 5203.039149
[report] load_average_latency_ns : 192195.363398
Load workloads needs: 37004398216 ns 
[report] load_thread_ID : 27
[report] load_duration_ns : 37004398216
[report] load_duration_s : 37.004398
[report] load_throughput : 5196.868731
[report] load_average_latency_ns : 192423.563448
Load workloads needs: 37328038104 ns 
[report] load_thread_ID : 24
[report] load_duration_ns : 37328038104
[report] load_duration_s : 37.328038
[report] load_throughput : 5151.811072
[report] load_average_latency_ns : 194106.496924
Load workloads needs: 37378599243 ns 
[report] load_thread_ID : 36
[report] load_duration_ns : 37378599243
[report] load_duration_s : 37.378599
[report] load_throughput : 5144.842340
[report] load_average_latency_ns : 194369.415793
Load workloads needs: 37438856519 ns 
[report] load_thread_ID : 29
[report] load_duration_ns : 37438856519
[report] load_duration_s : 37.438857
[report] load_throughput : 5136.561794
[report] load_average_latency_ns : 194682.754757
Load workloads needs: 37465183281 ns 
[report] load_thread_ID : 38
[report] load_duration_ns : 37465183281
[report] load_duration_s : 37.465183
[report] load_throughput : 5132.952335
[report] load_average_latency_ns : 194819.654412
Load workloads needs: 37541109185 ns 
[report] load_thread_ID : 25
[report] load_duration_ns : 37541109185
[report] load_duration_s : 37.541109
[report] load_throughput : 5122.571074
[report] load_average_latency_ns : 195214.470534
Load workloads needs: 37572078276 ns 
[report] load_thread_ID : 18
[report] load_duration_ns : 37572078276
[report] load_duration_s : 37.572078
[report] load_throughput : 5118.348753
[report] load_average_latency_ns : 195375.510387
Load workloads needs: 38235462588 ns 
[report] load_thread_ID : 11
[report] load_duration_ns : 38235462588
[report] load_duration_s : 38.235463
[report] load_throughput : 5029.545531
[report] load_average_latency_ns : 198825.121228
All clients run done needs: 38231732948 ns 
[report] load_overall_duration_ns : 38231732948
[report] load_overall_duration_s : 38.231733
[report] load_overall_throughput : 261562.823051
[report] load_overall_average_latency_ns : 3823.173295
