numactl --membind=0 /mnt/nvme0/home/gxr/mongdb-run/test_mongodb/build//run_client --num_threads=112 --core_binding=0,1,2,3,4,5,6,7,8,9,10,11,12,13,14,15,128,129,130,131,132,133,134,135,136,137,138,139,140,141,142,143,16,17,18,19,20,21,22,23,24,25,26,27,28,29,30,31,144,145,146,147,148,149,150,151,152,153,154,155,156,157,158,159,32,33,34,35,36,37,38,39,40,41,42,43,44,45,46,47,160,161,162,163,164,165,166,167,168,169,170,171,172,173,174,175,48,49,50,51,52,53,54,55,56,57,58,59,60,61,62,63,176,177,178,179,180,181,182,183,184,185,186,187,188,189,190,191 --str_key_size=16 --str_value_size=256 --load_file=/mnt/nvme0/home/gxr/mongdb-run/workloads/ycsb/workloadc-load-10000000-10000.log.formated --run_file=/mnt/nvme0/home/gxr/mongdb-run/workloads/ycsb/workloadc-run-10000000-10000.log.formated --URI_set=mongodb://localhost:27017,mongodb://localhost:27018,mongodb://localhost:27019,mongodb://localhost:27020,mongodb://localhost:27021,mongodb://localhost:27022,mongodb://localhost:27023,mongodb://localhost:27024,mongodb://localhost:27025,mongodb://localhost:27026,mongodb://localhost:27027,mongodb://localhost:27028,mongodb://localhost:27029,mongodb://localhost:27030,mongodb://localhost:27031,mongodb://localhost:27032,mongodb://localhost:27033,mongodb://localhost:27034,mongodb://localhost:27035,mongodb://localhost:27036,mongodb://localhost:27037,mongodb://localhost:27038,mongodb://localhost:27039,mongodb://localhost:27040,mongodb://localhost:27041,mongodb://localhost:27042,mongodb://localhost:27043,mongodb://localhost:27044,mongodb://localhost:27045,mongodb://localhost:27046,mongodb://localhost:27047,mongodb://localhost:27048,mongodb://localhost:27049,mongodb://localhost:27050,mongodb://localhost:27051,mongodb://localhost:27052,mongodb://localhost:27053,mongodb://localhost:27054,mongodb://localhost:27055,mongodb://localhost:27056,mongodb://localhost:27057,mongodb://localhost:27058,mongodb://localhost:27059,mongodb://localhost:27060,mongodb://localhost:27061,mongodb://localhost:27062,mongodb://localhost:27063,mongodb://localhost:27064,mongodb://localhost:27065,mongodb://localhost:27066,mongodb://localhost:27067,mongodb://localhost:27068,mongodb://localhost:27069,mongodb://localhost:27070,mongodb://localhost:27071,mongodb://localhost:27072,mongodb://localhost:27073,mongodb://localhost:27074,mongodb://localhost:27075,mongodb://localhost:27076,mongodb://localhost:27077,mongodb://localhost:27078,mongodb://localhost:27079,mongodb://localhost:27080,mongodb://localhost:27081,mongodb://localhost:27082,mongodb://localhost:27083,mongodb://localhost:27084,mongodb://localhost:27085,mongodb://localhost:27086,mongodb://localhost:27087,mongodb://localhost:27088,mongodb://localhost:27089,mongodb://localhost:27090,mongodb://localhost:27091,mongodb://localhost:27092,mongodb://localhost:27093,mongodb://localhost:27094,mongodb://localhost:27095,mongodb://localhost:27096,mongodb://localhost:27097,mongodb://localhost:27098,mongodb://localhost:27099,mongodb://localhost:27100,mongodb://localhost:27101,mongodb://localhost:27102,mongodb://localhost:27103,mongodb://localhost:27104,mongodb://localhost:27105,mongodb://localhost:27106,mongodb://localhost:27107,mongodb://localhost:27108,mongodb://localhost:27109,mongodb://localhost:27110,mongodb://localhost:27111,mongodb://localhost:27112,mongodb://localhost:27113,mongodb://localhost:27114,mongodb://localhost:27115,mongodb://localhost:27116,mongodb://localhost:27117,mongodb://localhost:27118,mongodb://localhost:27119,mongodb://localhost:27120,mongodb://localhost:27121,mongodb://localhost:27122,mongodb://localhost:27123,mongodb://localhost:27124,mongodb://localhost:27125,mongodb://localhost:27126,mongodb://localhost:27127,mongodb://localhost:27128,mongodb://localhost:27129,mongodb://localhost:27130,mongodb://localhost:27131,mongodb://localhost:27132,mongodb://localhost:27133,mongodb://localhost:27134,mongodb://localhost:27135,mongodb://localhost:27136,mongodb://localhost:27137,mongodb://localhost:27138,mongodb://localhost:27139,mongodb://localhost:27140,mongodb://localhost:27141,mongodb://localhost:27142,mongodb://localhost:27143,mongodb://localhost:27144 --first_mode=false
mongodb://localhost:27017 mongodb://localhost:27018 mongodb://localhost:27019 mongodb://localhost:27020 mongodb://localhost:27021 mongodb://localhost:27022 mongodb://localhost:27023 mongodb://localhost:27024 mongodb://localhost:27025 mongodb://localhost:27026 mongodb://localhost:27027 mongodb://localhost:27028 mongodb://localhost:27029 mongodb://localhost:27030 mongodb://localhost:27031 mongodb://localhost:27032 mongodb://localhost:27033 mongodb://localhost:27034 mongodb://localhost:27035 mongodb://localhost:27036 mongodb://localhost:27037 mongodb://localhost:27038 mongodb://localhost:27039 mongodb://localhost:27040 mongodb://localhost:27041 mongodb://localhost:27042 mongodb://localhost:27043 mongodb://localhost:27044 mongodb://localhost:27045 mongodb://localhost:27046 mongodb://localhost:27047 mongodb://localhost:27048 mongodb://localhost:27049 mongodb://localhost:27050 mongodb://localhost:27051 mongodb://localhost:27052 mongodb://localhost:27053 mongodb://localhost:27054 mongodb://localhost:27055 mongodb://localhost:27056 mongodb://localhost:27057 mongodb://localhost:27058 mongodb://localhost:27059 mongodb://localhost:27060 mongodb://localhost:27061 mongodb://localhost:27062 mongodb://localhost:27063 mongodb://localhost:27064 mongodb://localhost:27065 mongodb://localhost:27066 mongodb://localhost:27067 mongodb://localhost:27068 mongodb://localhost:27069 mongodb://localhost:27070 mongodb://localhost:27071 mongodb://localhost:27072 mongodb://localhost:27073 mongodb://localhost:27074 mongodb://localhost:27075 mongodb://localhost:27076 mongodb://localhost:27077 mongodb://localhost:27078 mongodb://localhost:27079 mongodb://localhost:27080 mongodb://localhost:27081 mongodb://localhost:27082 mongodb://localhost:27083 mongodb://localhost:27084 mongodb://localhost:27085 mongodb://localhost:27086 mongodb://localhost:27087 mongodb://localhost:27088 mongodb://localhost:27089 mongodb://localhost:27090 mongodb://localhost:27091 mongodb://localhost:27092 mongodb://localhost:27093 mongodb://localhost:27094 mongodb://localhost:27095 mongodb://localhost:27096 mongodb://localhost:27097 mongodb://localhost:27098 mongodb://localhost:27099 mongodb://localhost:27100 mongodb://localhost:27101 mongodb://localhost:27102 mongodb://localhost:27103 mongodb://localhost:27104 mongodb://localhost:27105 mongodb://localhost:27106 mongodb://localhost:27107 mongodb://localhost:27108 mongodb://localhost:27109 mongodb://localhost:27110 mongodb://localhost:27111 mongodb://localhost:27112 mongodb://localhost:27113 mongodb://localhost:27114 mongodb://localhost:27115 mongodb://localhost:27116 mongodb://localhost:27117 mongodb://localhost:27118 mongodb://localhost:27119 mongodb://localhost:27120 mongodb://localhost:27121 mongodb://localhost:27122 mongodb://localhost:27123 mongodb://localhost:27124 mongodb://localhost:27125 mongodb://localhost:27126 mongodb://localhost:27127 mongodb://localhost:27128 mongodb://localhost:27129 mongodb://localhost:27130 mongodb://localhost:27131 mongodb://localhost:27132 mongodb://localhost:27133 mongodb://localhost:27134 mongodb://localhost:27135 mongodb://localhost:27136 mongodb://localhost:27137 mongodb://localhost:27138 mongodb://localhost:27139 mongodb://localhost:27140 mongodb://localhost:27141 mongodb://localhost:27142 mongodb://localhost:27143 mongodb://localhost:27144 reading workload files ...
load_filename : /mnt/nvme0/home/gxr/mongdb-run/workloads/ycsb/workloadc-load-10000000-10000.log.formated
read load file needs: 6325675735 s 
run_filename : /mnt/nvme0/home/gxr/mongdb-run/workloads/ycsb/workloadc-run-10000000-10000.log.formated
read run file needs: 5924164 s 
num_of_load_ops is 10000000
num_of_run_ops is 10000
0 1 2 3 4 5 6 7 8 9 10 11 12 13 14 15 128 129 130 131 132 133 134 135 136 137 138 139 140 141 142 143 16 17 18 19 20 21 22 23 24 25 26 27 28 29 30 31 144 145 146 147 148 149 150 151 152 153 154 155 156 157 158 159 32 33 34 35 36 37 38 39 40 41 42 43 44 45 46 47 160 161 162 163 164 165 166 167 168 169 170 171 172 173 174 175 48 49 50 51 52 53 54 55 56 57 58 59 60 61 62 63 176 177 178 179 180 181 182 183 184 185 186 187 188 189 190 191 URI: URI: mongodb://localhost:27020URI: URI: URI: mongodb://localhost:27025URI: URI: mongodb://localhost:27033
mongodb://localhost:27021
URI: URI: URI: URI: 
mongodb://localhost:27044
mongodb://localhost:27023
URI: URI: mongodb://localhost:27019
mongodb://localhost:27018
URI: mongodb://localhost:27022
URI: URI: URI: mongodb://localhost:27031mongodb://localhost:27045URI: mongodb://localhost:27046URI: 
mongodb://localhost:27048mongodb://localhost:27032
mongodb://localhost:27026
mongodb://localhost:27024URI: 
URI: 
mongodb://localhost:27030URI: 
mongodb://localhost:27034mongodb://localhost:27028
URI: 
URI: mongodb://localhost:27043
mongodb://localhost:27035
URI: mongodb://localhost:27037
URI: mongodb://localhost:27047


URI: mongodb://localhost:27039
URI: mongodb://localhost:27027

URI: mongodb://localhost:27029
mongodb://localhost:27040
URI: mongodb://localhost:27050
URI: mongodb://localhost:27038
mongodb://localhost:27017
URI: mongodb://localhost:27036
URI: mongodb://localhost:27049
URI: mongodb://localhost:27051
mongodb://localhost:27041
URI: mongodb://localhost:27042
URI: mongodb://localhost:27052
URI: mongodb://localhost:27053
URI: mongodb://localhost:27054
URI: mongodb://localhost:27055
URI: mongodb://localhost:27056
URI: URI: mongodb://localhost:27058
mongodb://localhost:27057
URI: mongodb://localhost:27059
URI: mongodb://localhost:27060
URI: mongodb://localhost:27061
URI: mongodb://localhost:27062
URI: mongodb://localhost:27063
URI: mongodb://localhost:27065
URI: mongodb://localhost:27064
URI: mongodb://localhost:27067
URI: mongodb://localhost:27068
URI: mongodb://localhost:27069
URI: mongodb://localhost:27070
URI: mongodb://localhost:27066
URI: mongodb://localhost:27071
URI: mongodb://localhost:27072
URI: mongodb://localhost:27073
URI: mongodb://localhost:27074
URI: mongodb://localhost:27075
URI: mongodb://localhost:27076
URI: mongodb://localhost:27077
URI: mongodb://localhost:27079
URI: mongodb://localhost:27081
URI: mongodb://localhost:27080
URI: mongodb://localhost:27078
URI: mongodb://localhost:27082
URI: mongodb://localhost:27083
URI: mongodb://localhost:27084
URI: mongodb://localhost:27085
URI: mongodb://localhost:27086
URI: mongodb://localhost:27087
URI: mongodb://localhost:27088
URI: mongodb://localhost:27089
URI: mongodb://localhost:27090
URI: mongodb://localhost:27091
URI: mongodb://localhost:27092
URI: mongodb://localhost:27093
URI: mongodb://localhost:27094
URI: mongodb://localhost:27095
URI: mongodb://localhost:27096
URI: mongodb://localhost:27097
URI: mongodb://localhost:27098
URI: mongodb://localhost:27099
URI: mongodb://localhost:27100
URI: mongodb://localhost:27101
URI: mongodb://localhost:27103
URI: mongodb://localhost:27102
URI: mongodb://localhost:27104
URI: mongodb://localhost:27105
URI: mongodb://localhost:27106
URI: mongodb://localhost:27107
URI: mongodb://localhost:27108
URI: mongodb://localhost:27109
URI: mongodb://localhost:27110
URI: mongodb://localhost:27111
URI: mongodb://localhost:27112
URI: mongodb://localhost:27113
URI: mongodb://localhost:27114
URI: mongodb://localhost:27115
URI: mongodb://localhost:27117
URI: mongodb://localhost:27116
URI: mongodb://localhost:27118
URI: mongodb://localhost:27119
URI: mongodb://localhost:27120
URI: mongodb://localhost:27121
URI: mongodb://localhost:27123
URI: mongodb://localhost:27122
URI: mongodb://localhost:27124
URI: mongodb://localhost:27125
URI: mongodb://localhost:27127
URI: URI: mongodb://localhost:27128
mongodb://localhost:27126
Load workloads needs: 18172796292 ns 
[report] load_thread_ID : 111
[report] load_duration_ns : 18172796292
[report] load_duration_s : 18.172796
[report] load_throughput : 4913.112906
[report] load_average_latency_ns : 203536.946766
Load workloads needs: 18180786803 ns 
[report] load_thread_ID : 105
[report] load_duration_ns : 18180786803
[report] load_duration_s : 18.180787
[report] load_throughput : 4910.953578
[report] load_average_latency_ns : 203626.441205
Load workloads needs: 18223225575 ns 
[report] load_thread_ID : 97
[report] load_duration_ns : 18223225575
[report] load_duration_s : 18.223226
[report] load_throughput : 4899.516808
[report] load_average_latency_ns : 204101.759254
Load workloads needs: 18319376706 ns 
[report] load_thread_ID : 103
[report] load_duration_ns : 18319376706
[report] load_duration_s : 18.319377
[report] load_throughput : 4873.801191
[report] load_average_latency_ns : 205178.660536
Load workloads needs: 18339535353 ns 
[report] load_thread_ID : 99
[report] load_duration_ns : 18339535353
[report] load_duration_s : 18.339535
[report] load_throughput : 4868.443954
[report] load_average_latency_ns : 205404.439189
Load workloads needs: 18394299401 ns 
[report] load_thread_ID : 102
[report] load_duration_ns : 18394299401
[report] load_duration_s : 18.394299
[report] load_throughput : 4853.949479
[report] load_average_latency_ns : 206017.801434
Load workloads needs: 18430380259 ns 
[report] load_thread_ID : 106
[report] load_duration_ns : 18430380259
[report] load_duration_s : 18.430380
[report] load_throughput : 4844.446981
[report] load_average_latency_ns : 206421.910276
Load workloads needs: 18457876448 ns 
[report] load_thread_ID : 96
[report] load_duration_ns : 18457876448
[report] load_duration_s : 18.457876
[report] load_throughput : 4837.230342
[report] load_average_latency_ns : 206729.870057
Load workloads needs: 18460019646 ns 
[report] load_thread_ID : 110
[report] load_duration_ns : 18460019646
[report] load_duration_s : 18.460020
[report] load_throughput : 4836.668742
[report] load_average_latency_ns : 206753.874066
Load workloads needs: 18483103059 ns 
[report] load_thread_ID : 108
[report] load_duration_ns : 18483103059
[report] load_duration_s : 18.483103
[report] load_throughput : 4830.628262
[report] load_average_latency_ns : 207012.410360
Load workloads needs: 18531615815 ns 
[report] load_thread_ID : 104
[report] load_duration_ns : 18531615815
[report] load_duration_s : 18.531616
[report] load_throughput : 4817.982463
[report] load_average_latency_ns : 207555.757574
Load workloads needs: 18559295423 ns 
[report] load_thread_ID : 107
[report] load_duration_ns : 18559295423
[report] load_duration_s : 18.559295
[report] load_throughput : 4810.796852
[report] load_average_latency_ns : 207865.771664
Load workloads needs: 18704601929 ns 
[report] load_thread_ID : 98
[report] load_duration_ns : 18704601929
[report] load_duration_s : 18.704602
[report] load_throughput : 4773.424227
[report] load_average_latency_ns : 209493.217551
Load workloads needs: 18725429915 ns 
[report] load_thread_ID : 100
[report] load_duration_ns : 18725429915
[report] load_duration_s : 18.725430
[report] load_throughput : 4768.114826
[report] load_average_latency_ns : 209726.492860
Load workloads needs: 18793820527 ns 
[report] load_thread_ID : 101
[report] load_duration_ns : 18793820527
[report] load_duration_s : 18.793821
[report] load_throughput : 4750.763682
[report] load_average_latency_ns : 210492.473842
Load workloads needs: 19210522133 ns 
[report] load_thread_ID : 109
[report] load_duration_ns : 19210522133
[report] load_duration_s : 19.210522
[report] load_throughput : 4647.713341
[report] load_average_latency_ns : 215159.569166
Load workloads needs: 20448454027 ns 
[report] load_thread_ID : 7
[report] load_duration_ns : 20448454027
[report] load_duration_s : 20.448454
[report] load_throughput : 4366.344756
[report] load_average_latency_ns : 229024.517299
Load workloads needs: 20453240032 ns 
[report] load_thread_ID : 17
[report] load_duration_ns : 20453240032
[report] load_duration_s : 20.453240
[report] load_throughput : 4365.323042
[report] load_average_latency_ns : 229078.120983
Load workloads needs: 20457394157 ns 
[report] load_thread_ID : 41
[report] load_duration_ns : 20457394157
[report] load_duration_s : 20.457394
[report] load_throughput : 4364.436610
[report] load_average_latency_ns : 229124.647556
Load workloads needs: 20475235917 ns 
[report] load_thread_ID : 23
[report] load_duration_ns : 20475235917
Load workloads needs: 20474955567 ns 
[report] load_thread_ID : 48
[report] load_duration_ns : 20474955567
[report] load_duration_s : 20.474956
[report] load_throughput : 4360.693224
[report] load_average_latency_ns : 229321.336921
[report] load_duration_s : 20.475236
[report] load_throughput : 4360.633517
[report] load_average_latency_ns : 229324.476866
Load workloads needs: 20481667239 ns 
[report] load_thread_ID : 1
[report] load_duration_ns : 20481667239
[report] load_duration_s : 20.481667
[report] load_throughput : 4359.264261
[report] load_average_latency_ns : 229396.508249
Load workloads needs: 20501977766 ns 
[report] load_thread_ID : 32
[report] load_duration_ns : 20501977766
[report] load_duration_s : 20.501978
[report] load_throughput : 4354.945704
[report] load_average_latency_ns : 229623.987971
Load workloads needs: 20502538286 ns 
[report] load_thread_ID : 57
[report] load_duration_ns : 20502538286
[report] load_duration_s : 20.502538
[report] load_throughput : 4354.826644
[report] load_average_latency_ns : 229630.265845
Load workloads needs: 20517463809 ns 
[report] load_thread_ID : 33
[report] load_duration_ns : 20517463809
[report] load_duration_s : 20.517464
[report] load_throughput : 4351.658706
[report] load_average_latency_ns : 229797.433040
Load workloads needs: 20522704383 ns 
[report] load_thread_ID : 93
[report] load_duration_ns : 20522704383
[report] load_duration_s : 20.522704
[report] load_throughput : 4350.547488
[report] load_average_latency_ns : 229856.127939
Load workloads needs: 20529541015 ns 
[report] load_thread_ID : 60
[report] load_duration_ns : 20529541015
[report] load_duration_s : 20.529541
[report] load_throughput : 4349.098693
[report] load_average_latency_ns : 229932.698830
Load workloads needs: 20536481818 ns 
[report] load_thread_ID : 58
[report] load_duration_ns : 20536481818
[report] load_duration_s : 20.536482
[report] load_throughput : 4347.628810
[report] load_average_latency_ns : 230010.436445
Load workloads needs: 20538904194 ns 
[report] load_thread_ID : 77
[report] load_duration_ns : 20538904194
[report] load_duration_s : 20.538904
[report] load_throughput : 4347.116047
[report] load_average_latency_ns : 230037.567273
Load workloads needs: 20554449187 ns 
[report] load_thread_ID : 10
[report] load_duration_ns : 20554449187
[report] load_duration_s : 20.554449
[report] load_throughput : 4343.828394
[report] load_average_latency_ns : 230211.672588
Load workloads needs: 20556507314 ns 
[report] load_thread_ID : 42
[report] load_duration_ns : 20556507314
[report] load_duration_s : 20.556507
[report] load_throughput : 4343.393488
[report] load_average_latency_ns : 230234.723795
Load workloads needs: 20559985600 ns 
[report] load_thread_ID : 44
[report] load_duration_ns : 20559985600
[report] load_duration_s : 20.559986
[report] load_throughput : 4342.658684
[report] load_average_latency_ns : 230273.680909
Load workloads needs: 20563080007 ns 
[report] load_thread_ID : 26
[report] load_duration_ns : 20563080007
[report] load_duration_s : 20.563080
[report] load_throughput : 4342.005185
[report] load_average_latency_ns : 230308.338545
Load workloads needs: 20567696702 ns 
[report] load_thread_ID : 53
[report] load_duration_ns : 20567696702
[report] load_duration_s : 20.567697
[report] load_throughput : 4341.030563
[report] load_average_latency_ns : 230360.045943
Load workloads needs: 20570123369 ns 
[report] load_thread_ID : 84
[report] load_duration_ns : 20570123369
[report] load_duration_s : 20.570123
[report] load_throughput : 4340.518450
[report] load_average_latency_ns : 230387.224831
Load workloads needs: 20577379591 ns 
[report] load_thread_ID : 49
[report] load_duration_ns : 20577379591
[report] load_duration_s : 20.577380
[report] load_throughput : 4338.987849
[report] load_average_latency_ns : 230468.495167
Load workloads needs: 20581968836 ns 
[report] load_thread_ID : 25
[report] load_duration_ns : 20581968836
[report] load_duration_s : 20.581969
[report] load_throughput : 4338.020367
[report] load_average_latency_ns : 230519.895122
Load workloads needs: 20579357969 ns 
[report] load_thread_ID : 86
[report] load_duration_ns : 20579357969
[report] load_duration_s : 20.579358
[report] load_throughput : 4338.570724
[report] load_average_latency_ns : 230490.653178
Load workloads needs: 20580234197 ns 
[report] load_thread_ID : 95
[report] load_duration_ns : 20580234197
[report] load_duration_s : 20.580234
[report] load_throughput : 4338.386004
[report] load_average_latency_ns : 230500.467010
Load workloads needs: 20588113049 ns 
[report] load_thread_ID : 67
[report] load_duration_ns : 20588113049
[report] load_duration_s : 20.588113
[report] load_throughput : 4336.725750
[report] load_average_latency_ns : 230588.710858
Load workloads needs: 20588438408 ns 
[report] load_thread_ID : 79
[report] load_duration_ns : 20588438408
[report] load_duration_s : 20.588438
[report] load_throughput : 4336.657217
[report] load_average_latency_ns : 230592.354908
Load workloads needs: 20600904614 ns 
[report] load_thread_ID : 37
[report] load_duration_ns : 20600904614
[report] load_duration_s : 20.600905
[report] load_throughput : 4334.032979
[report] load_average_latency_ns : 230731.977533
Load workloads needs: 20605488589 ns 
[report] load_thread_ID : 68
[report] load_duration_ns : 20605488589
[report] load_duration_s : 20.605489
[report] load_throughput : 4333.068814
[report] load_average_latency_ns : 230783.318463
Load workloads needs: 20605196429 ns 
[report] load_thread_ID : 76
[report] load_duration_ns : 20605196429
[report] load_duration_s : 20.605196
[report] load_throughput : 4333.130252
[report] load_average_latency_ns : 230780.046245
Load workloads needs: 20607271206 ns 
[report] load_thread_ID : 92
[report] load_duration_ns : 20607271206
[report] load_duration_s : 20.607271
[report] load_throughput : 4332.693985
[report] load_average_latency_ns : 230803.283933
Load workloads needs: 20621775840 ns 
[report] load_thread_ID : 19
[report] load_duration_ns : 20621775840
[report] load_duration_s : 20.621776
[report] load_throughput : 4329.646520
[report] load_average_latency_ns : 230965.737134
Load workloads needs: 20640595959 ns 
[report] load_thread_ID : 9
[report] load_duration_ns : 20640595959
[report] load_duration_s : 20.640596
[report] load_throughput : 4325.698743
[report] load_average_latency_ns : 231176.524153
Load workloads needs: 20638144212 ns 
[report] load_thread_ID : 83
[report] load_duration_ns : 20638144212
[report] load_duration_s : 20.638144
[report] load_throughput : 4326.212623
[report] load_average_latency_ns : 231149.064367
Load workloads needs: 20644981934 ns 
[report] load_thread_ID : 28
[report] load_duration_ns : 20644981934
[report] load_duration_s : 20.644982
[report] load_throughput : 4324.779759
[report] load_average_latency_ns : 231225.647466
Load workloads needs: 20645968032 ns 
[report] load_thread_ID : 51
[report] load_duration_ns : 20645968032
[report] load_duration_s : 20.645968
[report] load_throughput : 4324.573198
[report] load_average_latency_ns : 231236.691852
Load workloads needs: 20648052920 ns 
[report] load_thread_ID : 52
[report] load_duration_ns : 20648052920
[report] load_duration_s : 20.648053
[report] load_throughput : 4324.136535
[report] load_average_latency_ns : 231260.042784
Load workloads needs: 20662311224 ns 
[report] load_thread_ID : 3
[report] load_duration_ns : 20662311224
[report] load_duration_s : 20.662311
[report] load_throughput : 4321.152606
[report] load_average_latency_ns : 231419.737067
Load workloads needs: 20662217154 ns 
[report] load_thread_ID : 61
[report] load_duration_ns : 20662217154
[report] load_duration_s : 20.662217
[report] load_throughput : 4321.172280
[report] load_average_latency_ns : 231418.683474
Load workloads needs: 20668418957 ns 
[report] load_thread_ID : 27
[report] load_duration_ns : 20668418957
[report] load_duration_s : 20.668419
[report] load_throughput : 4319.875661
[report] load_average_latency_ns : 231488.144224
Load workloads needs: 20668988056 ns Load workloads needs: 20668979856 ns 
[report] 
[report] load_thread_ID : 35
[report] load_duration_ns : 20668988056
load_[report] load_duration_s : 20.668988
thread_ID : 11
[report] load_duration_ns : 20668979856
[report] load_throughput : 4319.756718
[report] [report] load_average_latency_ns : 231494.518183
load_duration_s : 20.668980
[report] load_throughput : 4319.758431
[report] load_average_latency_ns : 231494.426343
Load workloads needs: 20676579098 ns 
[report] load_thread_ID : 45
[report] load_duration_ns : 20676579098
[report] load_duration_s : 20.676579
[report] load_throughput : 4318.170795
[report] load_average_latency_ns : 231579.538534
Load workloads needs: 20685541138 ns 
[report] load_thread_ID : 15
[report] load_duration_ns : 20685541138
[report] load_duration_s : 20.685541
[report] load_throughput : 4316.299941
[report] load_average_latency_ns : 231679.914185
Load workloads needs: 20686287707 ns 
[report] load_thread_ID : 5
[report] load_duration_ns : 20686287707
[report] load_duration_s : 20.686288
[report] load_throughput : 4316.144166
[report] load_average_latency_ns : 231688.275825
Load workloads needs: 20693441099 ns 
[report] load_thread_ID : 75
[report] load_duration_ns : 20693441099
[report] load_duration_s : 20.693441
[report] load_throughput : 4314.652144
[report] load_average_latency_ns : 231768.394456
Load workloads needs: 20707593253 ns 
[report] load_thread_ID : 54
[report] load_duration_ns : 20707593253
[report] load_duration_s : 20.707593
[report] load_throughput : 4311.703389
[report] load_average_latency_ns : 231926.899849
Load workloads needs: 20711909528 ns 
[report] load_thread_ID : 14
[report] load_duration_ns : 20711909528
[report] load_duration_s : 20.711910
[report] load_throughput : 4310.804848
[report] load_average_latency_ns : 231975.242516
Load workloads needs: 20709694151 ns 
[report] load_thread_ID : 62
[report] load_duration_ns : 20709694151
[report] load_duration_s : 20.709694
[report] load_throughput : 4311.265987
[report] load_average_latency_ns : 231950.430095
Load workloads needs: 20716164873 ns 
[report] load_thread_ID : 36
[report] load_duration_ns : 20716164873
[report] load_duration_s : 20.716165
[report] load_throughput : 4309.919358
[report] load_average_latency_ns : 232022.902761
Load workloads needs: 20721524727 ns 
[report] load_thread_ID : 12
[report] load_duration_ns : 20721524727
[report] load_duration_s : 20.721525
[report] load_throughput : 4308.804549
[report] load_average_latency_ns : 232082.933606
Load workloads needs: 20723101725 ns 
[report] load_thread_ID : 6
[report] load_duration_ns : 20723101725
[report] load_duration_s : 20.723102
[report] load_throughput : 4308.476655
[report] load_average_latency_ns : 232100.596125
Load workloads needs: 20734904972 ns 
[report] load_thread_ID : 22
[report] load_duration_ns : 20734904972
[report] load_duration_s : 20.734905
[report] load_throughput : 4306.024075
[report] load_average_latency_ns : 232232.793549
Load workloads needs: 20751855462 ns 
[report] load_thread_ID : 88
[report] load_duration_ns : 20751855462
[report] load_duration_s : 20.751855
[report] load_throughput : 4302.506837
[report] load_average_latency_ns : 232422.640556
Load workloads needs: 20755201479 ns 
[report] load_thread_ID : 69
[report] load_duration_ns : 20755201479
[report] load_duration_s : 20.755201
[report] load_throughput : 4301.813215
[report] load_average_latency_ns : 232460.116246
Load workloads needs: 20761062123 ns 
[report] load_thread_ID : 47
[report] load_duration_ns : 20761062123
[report] load_duration_s : 20.761062
[report] load_throughput : 4300.598855
[report] load_average_latency_ns : 232525.755984
Load workloads needs: 20762655280 ns 
[report] load_thread_ID : 34
[report] load_duration_ns : 20762655280
[report] load_duration_s : 20.762655
[report] load_throughput : 4300.268862
[report] load_average_latency_ns : 232543.599485
Load workloads needs: 20768438213 ns 
[report] load_thread_ID : 43
[report] load_duration_ns : 20768438213
[report] load_duration_s : 20.768438
[report] load_throughput : 4299.071460
[report] load_average_latency_ns : 232608.368853
Load workloads needs: 20768285854 ns 
[report] load_thread_ID : 29
[report] load_duration_ns : 20768285854
[report] load_duration_s : 20.768286
[report] load_throughput : 4299.102999
[report] load_average_latency_ns : 232606.662418
Load workloads needs: 20773840318 ns 
[report] load_thread_ID : 13
[report] load_duration_ns : 20773840318
[report] load_duration_s : 20.773840
[report] load_throughput : 4297.953514
[report] load_average_latency_ns : 232668.872913
Load workloads needs: 20767649934 ns 
[report] load_thread_ID : 74
[report] load_duration_ns : 20767649934
[report] load_duration_s : 20.767650
[report] load_throughput : 4299.234641
[report] load_average_latency_ns : 232599.540057
Load workloads needs: 20776245045 ns 
[report] load_thread_ID : 21
[report] load_duration_ns : 20776245045
[report] load_duration_s : 20.776245
[report] load_throughput : 4297.456052
[report] load_average_latency_ns : 232695.806070
Load workloads needs: 20773129099 ns 
[report] load_thread_ID : 63
[report] load_duration_ns : 20773129099
[report] load_duration_s : 20.773129
[report] load_throughput : 4298.100665
[report] load_average_latency_ns : 232660.907196
Load workloads needs: 20782608618 ns 
[report] load_thread_ID : 18
[report] load_duration_ns : 20782608618
[report] load_duration_s : 20.782609
[report] load_throughput : 4296.140183
[report] load_average_latency_ns : 232767.078658
Load workloads needs: 20783030967 ns 
[report] load_thread_ID : 2
[report] load_duration_ns : 20783030967
[report] load_duration_s : 20.783031
[report] load_throughput : 4296.052878
[report] load_average_latency_ns : 232771.809005
Load workloads needs: 20785646324 ns 
[report] load_thread_ID : 30
[report] load_duration_ns : 20785646324
[report] load_duration_s : 20.785646
[report] load_throughput : 4295.512327
[report] load_average_latency_ns : 232801.101238
Load workloads needs: 20781534359 ns 
[report] load_thread_ID : 94
[report] load_duration_ns : 20781534359
[report] load_duration_s : 20.781534
[report] load_throughput : 4296.362264
[report] load_average_latency_ns : 232755.046861
Load workloads needs: 20801619237 ns 
[report] load_thread_ID : 59
[report] load_duration_ns : 20801619237
[report] load_duration_s : 20.801619
[report] load_throughput : 4292.213937
[report] load_average_latency_ns : 232979.999294
Load workloads needs: 20809391327 ns 
[report] load_thread_ID : 38
[report] load_duration_ns : 20809391327
[report] load_duration_s : 20.809391
[report] load_throughput : 4290.610840
[report] load_average_latency_ns : 233067.047399
Load workloads needs: 20808788448 ns 
[report] load_thread_ID : 50
[report] load_duration_ns : 20808788448
[report] load_duration_s : 20.808788
[report] load_throughput : 4290.735149
[report] load_average_latency_ns : 233060.295100
Load workloads needs: 20817767658 ns 
[report] load_thread_ID : 46
[report] load_duration_ns : 20817767658
[report] load_duration_s : 20.817768
[report] load_throughput : 4288.884450
[report] load_average_latency_ns : 233160.863057
Load workloads needs: 20821215114 ns 
[report] load_thread_ID : 16
[report] load_duration_ns : 20821215114
[report] load_duration_s : 20.821215
[report] load_throughput : 4288.174322
[report] load_average_latency_ns : 233199.474873
Load workloads needs: 20828731775 ns 
[report] load_thread_ID : 20
[report] load_duration_ns : 20828731775
[report] load_duration_s : 20.828732
[report] load_throughput : 4286.626808
[report] load_average_latency_ns : 233283.662149
Load workloads needs: 20832531972 ns 
[report] Load workloads needs: 20839087514 ns 
[report] load_thread_ID : 31
[report] load_duration_ns : 20839087514
load_thread_ID : 78
[report] load_duration_ns[report] load_duration_s : 20.839088
[report] load_throughput :  : 20832531972
4284.496619
[report] load_duration_s : 20.832532
[report] load_average_latency_ns : 233399.647354
[report] load_throughput : 4285.844856
[report] load_average_latency_ns : 233326.224696
Load workloads needs: 20833353570 ns 
[report] load_thread_ID : 72
[report] load_duration_ns : 20833353570
[report] load_duration_s : 20.833354
[report] load_throughput : 4285.675837
[report] load_average_latency_ns : 233335.426667
Load workloads needs: 20842473570 ns 
[report] load_thread_ID : 66
[report] load_duration_ns : 20842473570
[report] load_duration_s : 20.842474
[report] load_throughput : 4283.800562
[report] load_average_latency_ns : 233437.571485
Load workloads needs: 20858422292 ns 
[report] load_thread_ID : 4
[report] load_duration_ns : 20858422292
[report] load_duration_s : 20.858422
[report] load_throughput : 4280.525092
[report] load_average_latency_ns : 233616.198600
Load workloads needs: 20852325958 ns 
[report] load_thread_ID : 91
[report] load_duration_ns : 20852325958
[report] load_duration_s : 20.852326
[report] load_throughput : 4281.776536
[report] load_average_latency_ns : 233547.919113
Load workloads needs: 20878235609 ns 
[report] load_thread_ID : 90
[report] load_duration_ns : 20878235609
[report] load_duration_s : 20.878236
[report] load_throughput : 4276.462900
[report] load_average_latency_ns : 233838.109526
Load workloads needs: 20882868374 ns 
[report] load_thread_ID : 73
[report] load_duration_ns : 20882868374
[report] load_duration_s : 20.882868
[report] load_throughput : 4275.514187
[report] load_average_latency_ns : 233889.996909
Load workloads needs: 20896724648 ns 
[report] load_thread_ID : 89
[report] load_duration_ns : 20896724648
[report] load_duration_s : 20.896725
[report] load_throughput : 4272.679164
[report] load_average_latency_ns : 234045.188419
Load workloads needs: 20913832618 ns 
[report] load_thread_ID : 0
[report] load_duration_ns : 20913832618
[report] load_duration_s : 20.913833
[report] load_throughput : 4269.184020
[report] load_average_latency_ns : 234236.799216
Load workloads needs: 20927715483 ns 
[report] load_thread_ID : 65
[report] load_duration_ns : 20927715483
[report] load_duration_s : 20.927715
[report] load_throughput : 4266.351961
[report] load_average_latency_ns : 234392.288548
Load workloads needs: 20929735730 ns 
[report] load_thread_ID : 70
[report] load_duration_ns : 20929735730
[report] load_duration_s : 20.929736
[report] load_throughput : 4265.940151
[report] load_average_latency_ns : 234414.915495
Load workloads needs: 20931312639 ns 
[report] load_thread_ID : 87
[report] load_duration_ns : 20931312639
[report] load_duration_s : 20.931313
[report] load_throughput : 4265.618766
[report] load_average_latency_ns : 234432.577017
Load workloads needs: 20940031119 ns 
[report] load_thread_ID : 82
[report] load_duration_ns : 20940031119
[report] load_duration_s : 20.940031
[report] load_throughput : 4263.842756
[report] load_average_latency_ns : 234530.224775
Load workloads needs: 20941914487 ns 
[report] load_thread_ID : 71
[report] load_duration_ns : 20941914487
[report] load_duration_s : 20.941914
[report] load_throughput : 4263.459296
[report] load_average_latency_ns : 234551.318665
Load workloads needs: 20974924839 ns 
[report] load_thread_ID : 8
[report] load_duration_ns : 20974924839
[report] load_duration_s : 20.974925
[report] load_throughput : 4256.749461
[report] load_average_latency_ns : 234921.037565
Load workloads needs: 20977166276 ns 
[report] load_thread_ID : 24
[report] load_duration_ns : 20977166276
[report] load_duration_s : 20.977166
[report] load_throughput : 4256.294622
[report] load_average_latency_ns : 234946.141860
Load workloads needs: 20976863557 ns 
[report] load_thread_ID : 80
[report] load_duration_ns : 20976863557
[report] load_duration_s : 20.976864
[report] load_throughput : 4256.356045
[report] load_average_latency_ns : 234942.751380
Load workloads needs: 20978452375 ns 
[report] load_thread_ID : 81
[report] load_duration_ns : 20978452375
[report] load_duration_s : 20.978452
[report] load_throughput : 4256.033687
[report] load_average_latency_ns : 234960.546284
Load workloads needs: 20994319677 ns 
[report] load_thread_ID : 64
[report] load_duration_ns : 20994319677
[report] load_duration_s : 20.994320
[report] load_throughput : 4252.817018
[report] load_average_latency_ns : 235138.261488
Load workloads needs: 20993440778 ns 
[report] load_thread_ID : 85
[report] load_duration_ns : 20993440778
[report] load_duration_s : 20.993441
[report] load_throughput : 4252.995064
[report] load_average_latency_ns : 235128.417741
Load workloads needs: 21067024365 ns 
[report] load_thread_ID : 56
[report] load_duration_ns : 21067024365
[report] load_duration_s : 21.067024
[report] load_throughput : 4238.140064
[report] load_average_latency_ns : 235952.560508
Load workloads needs: 21079833560 ns 
[report] load_thread_ID : 55
[report] load_duration_ns : 21079833560
[report] load_duration_s : 21.079834
[report] load_throughput : 4235.564752
[report] load_average_latency_ns : 236096.024640
Load workloads needs: 21081981977 ns 
[report] load_thread_ID : 39
[report] load_duration_ns : 21081981977
[report] load_duration_s : 21.081982
[report] load_throughput : 4235.133115
[report] load_average_latency_ns : 236120.087103
Load workloads needs: 21095120463 ns 
[report] load_thread_ID : 40
[report] load_duration_ns : 21095120463
[report] load_duration_s : 21.095120
[report] load_throughput : 4232.495385
[report] load_average_latency_ns : 236267.239324
Barrier! Barrier! Barrier! Barrier! Barrier! Barrier! 
Barrier! Barrier! 
Barrier! Barrier! 
Barrier! Barrier! Barrier! Barrier! Barrier! Barrier! Barrier! Barrier! Barrier! Barrier! 
Barrier! 
Barrier! Barrier! 
Barrier! Barrier! Barrier! Barrier! 
Barrier! Barrier! Barrier! Barrier! Barrier! Barrier! Barrier! 
Barrier! 
Barrier! Barrier! Barrier! Barrier! 
Barrier! Barrier! Barrier! Barrier! Barrier! 
Barrier! 
Barrier! 

Barrier! 


Barrier! 
Barrier! Barrier! 
Barrier! 

Barrier! 
Barrier! 
Barrier! 
Barrier! 

Barrier! 

Barrier! Barrier! 
Barrier! Barrier! Barrier! Barrier! Barrier! 
Barrier! 
Barrier! Barrier! 

Barrier! Barrier! 

Barrier! 
Barrier! Barrier! 

Barrier! Barrier! 
Barrier! 
Barrier! 
Barrier! 
Barrier! 

Barrier! 




Barrier! 
Barrier! Barrier! 
Barrier! 

Barrier! Barrier! 

Barrier! Barrier! 

Barrier! 



Barrier! 
Barrier! 

Barrier! 
Barrier! 
Barrier! 


Barrier! 
Barrier! 

Barrier! 
Barrier! 




Barrier! 
Barrier! 

Barrier! 
Barrier! 

Barrier! 


Barrier! 
Barrier! 
Barrier! 
Barrier! 
Barrier! 




Barrier! 


Barrier! 

Barrier! 

Barrier! 
Barrier! 





Barrier! 

value return: abcdefghijklmnopqrstuvwxyzabcdefghijklmnopqrstuvwxyzabcdefghijklmnopqrstuvwxyzabcdefghijklmnopqrstuvwxyzabcdefghijklmnopqrstuvwxyzabcdefghijklmnopqrstuvwxyzabcdefghijklmnopqrstuvwxyzabcdefghijklmnopqrstuvwxyzabcdefghijklmnopqrstuvwxyzabcdefghijklmnopqrstuv
value return: abcdefghijklmnopqrstuvwxyzabcdefghijklmnopqrstuvwxyzabcdefghijklmnopqrstuvwxyzabcdefghijklmnopqrstuvwxyzabcdefghijklmnopqrstuvwxyzabcdefghijklmnopqrstuvwxyzabcdefghijklmnopqrstuvwxyzabcdefghijklmnopqrstuvwxyzabcdefghijklmnopqrstuvwxyzabcdefghijklmnopqrstuv
value return: abcdefghijklmnopqrstuvwxyzabcdefghijklmnopqrstuvwxyzabcdefghijklmnopqrstuvwxyzabcdefghijklmnopqrstuvwxyzabcdefghijklmnopqrstuvwxyzabcdefghijklmnopqrstuvwxyzabcdefghijklmnopqrstuvwxyzabcdefghijklmnopqrstuvwxyzabcdefghijklmnopqrstuvwxyzabcdefghijklmnopqrstuv
value return: abcdefghijklmnopqrstuvwxyzabcdefghijklmnopqrstuvwxyzabcdefghijklmnopqrstuvwxyzabcdefghijklmnopqrstuvwxyzabcdefghijklmnopqrstuvwxyzabcdefghijklmnopqrstuvwxyzabcdefghijklmnopqrstuvwxyzabcdefghijklmnopqrstuvwxyzabcdefghijklmnopqrstuvwxyzabcdefghijklmnopqrstuv
value return: abcdefghijklmnopqrstuvwxyzabcdefghijklmnopqrstuvwxyzabcdefghijklmnopqrstuvwxyzabcdefghijklmnopqrstuvwxyzabcdefghijklmnopqrstuvwxyzabcdefghijklmnopqrstuvwxyzabcdefghijklmnopqrstuvwxyzabcdefghijklmnopqrstuvwxyzabcdefghijklmnopqrstuvwxyzabcdefghijklmnopqrstuv
value return: abcdefghijklmnopqrstuvwxyzabcdefghijklmnopqrstuvwxyzabcdefghijklmnopqrstuvwxyzabcdefghijklmnopqrstuvwxyzabcdefghijklmnopqrstuvwxyzabcdefghijklmnopqrstuvwxyzabcdefghijklmnopqrstuvwxyzabcdefghijklmnopqrstuvwxyzabcdefghijklmnopqrstuvwxyzabcdefghijklmnopqrstuv
value return: abcdefghijklmnopqrstuvwxyzabcdefghijklmnopqrstuvwxyzabcdefghijklmnopqrstuvwxyzabcdefghijklmnopqrstuvwxyzabcdefghijklmnopqrstuvwxyzabcdefghijklmnopqrstuvwxyzabcdefghijklmnopqrstuvwxyzabcdefghijklmnopqrstuvwxyzabcdefghijklmnopqrstuvwxyzabcdefghijklmnopqrstuv
value return: abcdefghijklmnopqrstuvwxyzabcdefghijklmnopqrstuvwxyzabcdefghijklmnopqrstuvwxyzabcdefghijklmnopqrstuvwxyzabcdefghijklmnopqrstuvwxyzabcdefghijklmnopqrstuvwxyzabcdefghijklmnopqrstuvwxyzabcdefghijklmnopqrstuvwxyzabcdefghijklmnopqrstuvwxyzabcdefghijklmnopqrstuv
value return: abcdefghijklmnopqrstuvwxyzabcdefghijklmnopqrstuvwxyzabcdefghijklmnopqrstuvwxyzabcdefghijklmnopqrstuvwxyzabcdefghijklmnopqrstuvwxyzabcdefghijklmnopqrstuvwxyzabcdefghijklmnopqrstuvwxyzabcdefghijklmnopqrstuvwxyzabcdefghijklmnopqrstuvwxyzabcdefghijklmnopqrstuv
value return: abcdefghijklmnopqrstuvwxyzabcdefghijklmnopqrstuvwxyzabcdefghijklmnopqrstuvwxyzabcdefghijklmnopqrstuvwxyzabcdefghijklmnopqrstuvwxyzabcdefghijklmnopqrstuvwxyzabcdefghijklmnopqrstuvwxyzabcdefghijklmnopqrstuvwxyzabcdefghijklmnopqrstuvwxyzabcdefghijklmnopqrstuv
value return: abcdefghijklmnopqrstuvwxyzabcdefghijklmnopqrstuvwxyzabcdefghijklmnopqrstuvwxyzabcdefghijklmnopqrstuvwxyzabcdefghijklmnopqrstuvwxyzabcdefghijklmnopqrstuvwxyzabcdefghijklmnopqrstuvwxyzabcdefghijklmnopqrstuvwxyzabcdefghijklmnopqrstuvwxyzabcdefghijklmnopqrstuv
value return: abcdefghijklmnopqrstuvwxyzabcdefghijklmnopqrstuvwxyzabcdefghijklmnopqrstuvwxyzabcdefghijklmnopqrstuvwxyzabcdefghijklmnopqrstuvwxyzabcdefghijklmnopqrstuvwxyzabcdefghijklmnopqrstuvwxyzabcdefghijklmnopqrstuvwxyzabcdefghijklmnopqrstuvwxyzabcdefghijklmnopqrstuv
value return: abcdefghijklmnopqrstuvwxyzabcdefghijklmnopqrstuvwxyzabcdefghijklmnopqrstuvwxyzabcdefghijklmnopqrstuvwxyzabcdefghijklmnopqrstuvwxyzabcdefghijklmnopqrstuvwxyzabcdefghijklmnopqrstuvwxyzabcdefghijklmnopqrstuvwxyzabcdefghijklmnopqrstuvwxyzabcdefghijklmnopqrstuv
value return: abcdefghijklmnopqrstuvwxyzabcdefghijklmnopqrstuvwxyzabcdefghijklmnopqrstuvwxyzabcdefghijklmnopqrstuvwxyzabcdefghijklmnopqrstuvwxyzabcdefghijklmnopqrstuvwxyzabcdefghijklmnopqrstuvwxyzabcdefghijklmnopqrstuvwxyzabcdefghijklmnopqrstuvwxyzabcdefghijklmnopqrstuv
value return: abcdefghijklmnopqrstuvwxyzabcdefghijklmnopqrstuvwxyzabcdefghijklmnopqrstuvwxyzabcdefghijklmnopqrstuvwxyzabcdefghijklmnopqrstuvwxyzabcdefghijklmnopqrstuvwxyzabcdefghijklmnopqrstuvwxyzabcdefghijklmnopqrstuvwxyzabcdefghijklmnopqrstuvwxyzabcdefghijklmnopqrstuv
value return: abcdefghijklmnopqrstuvwxyzabcdefghijklmnopqrstuvwxyzabcdefghijklmnopqrstuvwxyzabcdefghijklmnopqrstuvwxyzabcdefghijklmnopqrstuvwxyzabcdefghijklmnopqrstuvwxyzabcdefghijklmnopqrstuvwxyzabcdefghijklmnopqrstuvwxyzabcdefghijklmnopqrstuvwxyzabcdefghijklmnopqrstuv
value return: abcdefghijklmnopqrstuvwxyzabcdefghijklmnopqrstuvwxyzabcdefghijklmnopqrstuvwxyzabcdefghijklmnopqrstuvwxyzabcdefghijklmnopqrstuvwxyzabcdefghijklmnopqrstuvwxyzabcdefghijklmnopqrstuvwxyzabcdefghijklmnopqrstuvwxyzabcdefghijklmnopqrstuvwxyzabcdefghijklmnopqrstuv
value return: abcdefghijklmnopqrstuvwxyzabcdefghijklmnopqrstuvwxyzabcdefghijklmnopqrstuvwxyzabcdefghijklmnopqrstuvwxyzabcdefghijklmnopqrstuvwxyzabcdefghijklmnopqrstuvwxyzabcdefghijklmnopqrstuvwxyzabcdefghijklmnopqrstuvwxyzabcdefghijklmnopqrstuvwxyzabcdefghijklmnopqrstuv
value return: abcdefghijklmnopqrstuvwxyzabcdefghijklmnopqrstuvwxyzabcdefghijklmnopqrstuvwxyzabcdefghijklmnopqrstuvwxyzabcdefghijklmnopqrstuvwxyzabcdefghijklmnopqrstuvwxyzabcdefghijklmnopqrstuvwxyzabcdefghijklmnopqrstuvwxyzabcdefghijklmnopqrstuvwxyzabcdefghijklmnopqrstuv
value return: abcdefghijklmnopqrstuvwxyzabcdefghijklmnopqrstuvwxyzabcdefghijklmnopqrstuvwxyzabcdefghijklmnopqrstuvwxyzabcdefghijklmnopqrstuvwxyzabcdefghijklmnopqrstuvwxyzabcdefghijklmnopqrstuvwxyzabcdefghijklmnopqrstuvwxyzabcdefghijklmnopqrstuvwxyzabcdefghijklmnopqrstuv
value return: abcdefghijklmnopqrstuvwxyzabcdefghijklmnopqrstuvwxyzabcdefghijklmnopqrstuvwxyzabcdefghijklmnopqrstuvwxyzabcdefghijklmnopqrstuvwxyzabcdefghijklmnopqrstuvwxyzabcdefghijklmnopqrstuvwxyzabcdefghijklmnopqrstuvwxyzabcdefghijklmnopqrstuvwxyzabcdefghijklmnopqrstuv
value return: abcdefghijklmnopqrstuvwxyzabcdefghijklmnopqrstuvwxyzabcdefghijklmnopqrstuvwxyzabcdefghijklmnopqrstuvwxyzabcdefghijklmnopqrstuvwxyzabcdefghijklmnopqrstuvwxyzabcdefghijklmnopqrstuvwxyzabcdefghijklmnopqrstuvwxyzabcdefghijklmnopqrstuvwxyzabcdefghijklmnopqrstuv
value return: abcdefghijklmnopqrstuvwxyzabcdefghijklmnopqrstuvwxyzabcdefghijklmnopqrstuvwxyzabcdefghijklmnopqrstuvwxyzabcdefghijklmnopqrstuvwxyzabcdefghijklmnopqrstuvwxyzabcdefghijklmnopqrstuvwxyzabcdefghijklmnopqrstuvwxyzabcdefghijklmnopqrstuvwxyzabcdefghijklmnopqrstuv
value return: abcdefghijklmnopqrstuvwxyzabcdefghijklmnopqrstuvwxyzabcdefghijklmnopqrstuvwxyzabcdefghijklmnopqrstuvwxyzabcdefghijklmnopqrstuvwxyzabcdefghijklmnopqrstuvwxyzabcdefghijklmnopqrstuvwxyzabcdefghijklmnopqrstuvwxyzabcdefghijklmnopqrstuvwxyzabcdefghijklmnopqrstuv
value return: abcdefghijklmnopqrstuvwxyzabcdefghijklmnopqrstuvwxyzabcdefghijklmnopqrstuvwxyzabcdefghijklmnopqrstuvwxyzabcdefghijklmnopqrstuvwxyzabcdefghijklmnopqrstuvwxyzabcdefghijklmnopqrstuvwxyzabcdefghijklmnopqrstuvwxyzabcdefghijklmnopqrstuvwxyzabcdefghijklmnopqrstuv
value return: abcdefghijklmnopqrstuvwxyzabcdefghijklmnopqrstuvwxyzabcdefghijklmnopqrstuvwxyzabcdefghijklmnopqrstuvwxyzabcdefghijklmnopqrstuvwxyzabcdefghijklmnopqrstuvwxyzabcdefghijklmnopqrstuvwxyzabcdefghijklmnopqrstuvwxyzabcdefghijklmnopqrstuvwxyzabcdefghijklmnopqrstuv
value return: abcdefghijklmnopqrstuvwxyzabcdefghijklmnopqrstuvwxyzabcdefghijklmnopqrstuvwxyzabcdefghijklmnopqrstuvwxyzabcdefghijklmnopqrstuvwxyzabcdefghijklmnopqrstuvwxyzabcdefghijklmnopqrstuvwxyzabcdefghijklmnopqrstuvwxyzabcdefghijklmnopqrstuvwxyzabcdefghijklmnopqrstuv
value return: abcdefghijklmnopqrstuvwxyzabcdefghijklmnopqrstuvwxyzabcdefghijklmnopqrstuvwxyzabcdefghijklmnopqrstuvwxyzabcdefghijklmnopqrstuvwxyzabcdefghijklmnopqrstuvwxyzabcdefghijklmnopqrstuvwxyzabcdefghijklmnopqrstuvwxyzabcdefghijklmnopqrstuvwxyzabcdefghijklmnopqrstuv
value return: abcdefghijklmnopqrstuvwxyzabcdefghijklmnopqrstuvwxyzabcdefghijklmnopqrstuvwxyzabcdefghijklmnopqrstuvwxyzabcdefghijklmnopqrstuvwxyzabcdefghijklmnopqrstuvwxyzabcdefghijklmnopqrstuvwxyzabcdefghijklmnopqrstuvwxyzabcdefghijklmnopqrstuvwxyzabcdefghijklmnopqrstuv
value return: abcdefghijklmnopqrstuvwxyzabcdefghijklmnopqrstuvwxyzabcdefghijklmnopqrstuvwxyzabcdefghijklmnopqrstuvwxyzabcdefghijklmnopqrstuvwxyzabcdefghijklmnopqrstuvwxyzabcdefghijklmnopqrstuvwxyzabcdefghijklmnopqrstuvwxyzabcdefghijklmnopqrstuvwxyzabcdefghijklmnopqrstuv
value return: abcdefghijklmnopqrstuvwxyzabcdefghijklmnopqrstuvwxyzabcdefghijklmnopqrstuvwxyzabcdefghijklmnopqrstuvwxyzabcdefghijklmnopqrstuvwxyzabcdefghijklmnopqrstuvwxyzabcdefghijklmnopqrstuvwxyzabcdefghijklmnopqrstuvwxyzabcdefghijklmnopqrstuvwxyzabcdefghijklmnopqrstuv
value return: abcdefghijklmnopqrstuvwxyzabcdefghijklmnopqrstuvwxyzabcdefghijklmnopqrstuvwxyzabcdefghijklmnopqrstuvwxyzabcdefghijklmnopqrstuvwxyzabcdefghijklmnopqrstuvwxyzabcdefghijklmnopqrstuvwxyzabcdefghijklmnopqrstuvwxyzabcdefghijklmnopqrstuvwxyzabcdefghijklmnopqrstuv
value return: abcdefghijklmnopqrstuvwxyzabcdefghijklmnopqrstuvwxyzabcdefghijklmnopqrstuvwxyzabcdefghijklmnopqrstuvwxyzabcdefghijklmnopqrstuvwxyzabcdefghijklmnopqrstuvwxyzabcdefghijklmnopqrstuvwxyzabcdefghijklmnopqrstuvwxyzabcdefghijklmnopqrstuvwxyzabcdefghijklmnopqrstuv
value return: abcdefghijklmnopqrstuvwxyzabcdefghijklmnopqrstuvwxyzabcdefghijklmnopqrstuvwxyzabcdefghijklmnopqrstuvwxyzabcdefghijklmnopqrstuvwxyzabcdefghijklmnopqrstuvwxyzabcdefghijklmnopqrstuvwxyzabcdefghijklmnopqrstuvwxyzabcdefghijklmnopqrstuvwxyzabcdefghijklmnopqrstuv
value return: abcdefghijklmnopqrstuvwxyzabcdefghijklmnopqrstuvwxyzabcdefghijklmnopqrstuvwxyzabcdefghijklmnopqrstuvwxyzabcdefghijklmnopqrstuvwxyzabcdefghijklmnopqrstuvwxyzabcdefghijklmnopqrstuvwxyzabcdefghijklmnopqrstuvwxyzabcdefghijklmnopqrstuvwxyzabcdefghijklmnopqrstuv
value return: abcdefghijklmnopqrstuvwxyzabcdefghijklmnopqrstuvwxyzabcdefghijklmnopqrstuvwxyzabcdefghijklmnopqrstuvwxyzabcdefghijklmnopqrstuvwxyzabcdefghijklmnopqrstuvwxyzabcdefghijklmnopqrstuvwxyzabcdefghijklmnopqrstuvwxyzabcdefghijklmnopqrstuvwxyzabcdefghijklmnopqrstuv
value return: abcdefghijklmnopqrstuvwxyzabcdefghijklmnopqrstuvwxyzabcdefghijklmnopqrstuvwxyzabcdefghijklmnopqrstuvwxyzabcdefghijklmnopqrstuvwxyzabcdefghijklmnopqrstuvwxyzabcdefghijklmnopqrstuvwxyzabcdefghijklmnopqrstuvwxyzabcdefghijklmnopqrstuvwxyzabcdefghijklmnopqrstuv
value return: abcdefghijklmnopqrstuvwxyzabcdefghijklmnopqrstuvwxyzabcdefghijklmnopqrstuvwxyzabcdefghijklmnopqrstuvwxyzabcdefghijklmnopqrstuvwxyzabcdefghijklmnopqrstuvwxyzabcdefghijklmnopqrstuvwxyzabcdefghijklmnopqrstuvwxyzabcdefghijklmnopqrstuvwxyzabcdefghijklmnopqrstuv
value return: abcdefghijklmnopqrstuvwxyzabcdefghijklmnopqrstuvwxyzabcdefghijklmnopqrstuvwxyzabcdefghijklmnopqrstuvwxyzabcdefghijklmnopqrstuvwxyzabcdefghijklmnopqrstuvwxyzabcdefghijklmnopqrstuvwxyzabcdefghijklmnopqrstuvwxyzabcdefghijklmnopqrstuvwxyzabcdefghijklmnopqrstuv
value return: abcdefghijklmnopqrstuvwxyzabcdefghijklmnopqrstuvwxyzabcdefghijklmnopqrstuvwxyzabcdefghijklmnopqrstuvwxyzabcdefghijklmnopqrstuvwxyzabcdefghijklmnopqrstuvwxyzabcdefghijklmnopqrstuvwxyzabcdefghijklmnopqrstuvwxyzabcdefghijklmnopqrstuvwxyzabcdefghijklmnopqrstuv
value return: abcdefghijklmnopqrstuvwxyzabcdefghijklmnopqrstuvwxyzabcdefghijklmnopqrstuvwxyzabcdefghijklmnopqrstuvwxyzabcdefghijklmnopqrstuvwxyzabcdefghijklmnopqrstuvwxyzabcdefghijklmnopqrstuvwxyzabcdefghijklmnopqrstuvwxyzabcdefghijklmnopqrstuvwxyzabcdefghijklmnopqrstuv
value return: abcdefghijklmnopqrstuvwxyzabcdefghijklmnopqrstuvwxyzabcdefghijklmnopqrstuvwxyzabcdefghijklmnopqrstuvwxyzabcdefghijklmnopqrstuvwxyzabcdefghijklmnopqrstuvwxyzabcdefghijklmnopqrstuvwxyzabcdefghijklmnopqrstuvwxyzabcdefghijklmnopqrstuvwxyzabcdefghijklmnopqrstuv
value return: abcdefghijklmnopqrstuvwxyzabcdefghijklmnopqrstuvwxyzabcdefghijklmnopqrstuvwxyzabcdefghijklmnopqrstuvwxyzabcdefghijklmnopqrstuvwxyzabcdefghijklmnopqrstuvwxyzabcdefghijklmnopqrstuvwxyzabcdefghijklmnopqrstuvwxyzabcdefghijklmnopqrstuvwxyzabcdefghijklmnopqrstuv
value return: abcdefghijklmnopqrstuvwxyzabcdefghijklmnopqrstuvwxyzabcdefghijklmnopqrstuvwxyzabcdefghijklmnopqrstuvwxyzabcdefghijklmnopqrstuvwxyzabcdefghijklmnopqrstuvwxyzabcdefghijklmnopqrstuvwxyzabcdefghijklmnopqrstuvwxyzabcdefghijklmnopqrstuvwxyzabcdefghijklmnopqrstuv
value return: abcdefghijklmnopqrstuvwxyzabcdefghijklmnopqrstuvwxyzabcdefghijklmnopqrstuvwxyzabcdefghijklmnopqrstuvwxyzabcdefghijklmnopqrstuvwxyzabcdefghijklmnopqrstuvwxyzabcdefghijklmnopqrstuvwxyzabcdefghijklmnopqrstuvwxyzabcdefghijklmnopqrstuvwxyzabcdefghijklmnopqrstuv
value return: abcdefghijklmnopqrstuvwxyzabcdefghijklmnopqrstuvwxyzabcdefghijklmnopqrstuvwxyzabcdefghijklmnopqrstuvwxyzabcdefghijklmnopqrstuvwxyzabcdefghijklmnopqrstuvwxyzabcdefghijklmnopqrstuvwxyzabcdefghijklmnopqrstuvwxyzabcdefghijklmnopqrstuvwxyzabcdefghijklmnopqrstuv
value return: abcdefghijklmnopqrstuvwxyzabcdefghijklmnopqrstuvwxyzabcdefghijklmnopqrstuvwxyzabcdefghijklmnopqrstuvwxyzabcdefghijklmnopqrstuvwxyzabcdefghijklmnopqrstuvwxyzabcdefghijklmnopqrstuvwxyzabcdefghijklmnopqrstuvwxyzabcdefghijklmnopqrstuvwxyzabcdefghijklmnopqrstuv
value return: abcdefghijklmnopqrstuvwxyzabcdefghijklmnopqrstuvwxyzabcdefghijklmnopqrstuvwxyzabcdefghijklmnopqrstuvwxyzabcdefghijklmnopqrstuvwxyzabcdefghijklmnopqrstuvwxyzabcdefghijklmnopqrstuvwxyzabcdefghijklmnopqrstuvwxyzabcdefghijklmnopqrstuvwxyzabcdefghijklmnopqrstuv
value return: abcdefghijklmnopqrstuvwxyzabcdefghijklmnopqrstuvwxyzabcdefghijklmnopqrstuvwxyzabcdefghijklmnopqrstuvwxyzabcdefghijklmnopqrstuvwxyzabcdefghijklmnopqrstuvwxyzabcdefghijklmnopqrstuvwxyzabcdefghijklmnopqrstuvwxyzabcdefghijklmnopqrstuvwxyzabcdefghijklmnopqrstuv
value return: abcdefghijklmnopqrstuvwxyzabcdefghijklmnopqrstuvwxyzabcdefghijklmnopqrstuvwxyzabcdefghijklmnopqrstuvwxyzabcdefghijklmnopqrstuvwxyzabcdefghijklmnopqrstuvwxyzabcdefghijklmnopqrstuvwxyzabcdefghijklmnopqrstuvwxyzabcdefghijklmnopqrstuvwxyzabcdefghijklmnopqrstuv
value return: abcdefghijklmnopqrstuvwxyzabcdefghijklmnopqrstuvwxyzabcdefghijklmnopqrstuvwxyzabcdefghijklmnopqrstuvwxyzabcdefghijklmnopqrstuvwxyzabcdefghijklmnopqrstuvwxyzabcdefghijklmnopqrstuvwxyzabcdefghijklmnopqrstuvwxyzabcdefghijklmnopqrstuvwxyzabcdefghijklmnopqrstuv
value return: abcdefghijklmnopqrstuvwxyzabcdefghijklmnopqrstuvwxyzabcdefghijklmnopqrstuvwxyzabcdefghijklmnopqrstuvwxyzabcdefghijklmnopqrstuvwxyzabcdefghijklmnopqrstuvwxyzabcdefghijklmnopqrstuvwxyzabcdefghijklmnopqrstuvwxyzabcdefghijklmnopqrstuvwxyzabcdefghijklmnopqrstuv
value return: abcdefghijklmnopqrstuvwxyzabcdefghijklmnopqrstuvwxyzabcdefghijklmnopqrstuvwxyzabcdefghijklmnopqrstuvwxyzabcdefghijklmnopqrstuvwxyzabcdefghijklmnopqrstuvwxyzabcdefghijklmnopqrstuvwxyzabcdefghijklmnopqrstuvwxyzabcdefghijklmnopqrstuvwxyzabcdefghijklmnopqrstuv
value return: abcdefghijklmnopqrstuvwxyzabcdefghijklmnopqrstuvwxyzabcdefghijklmnopqrstuvwxyzabcdefghijklmnopqrstuvwxyzabcdefghijklmnopqrstuvwxyzabcdefghijklmnopqrstuvwxyzabcdefghijklmnopqrstuvwxyzabcdefghijklmnopqrstuvwxyzabcdefghijklmnopqrstuvwxyzabcdefghijklmnopqrstuv
value return: abcdefghijklmnopqrstuvwxyzabcdefghijklmnopqrstuvwxyzabcdefghijklmnopqrstuvwxyzabcdefghijklmnopqrstuvwxyzabcdefghijklmnopqrstuvwxyzabcdefghijklmnopqrstuvwxyzabcdefghijklmnopqrstuvwxyzabcdefghijklmnopqrstuvwxyzabcdefghijklmnopqrstuvwxyzabcdefghijklmnopqrstuv
value return: abcdefghijklmnopqrstuvwxyzabcdefghijklmnopqrstuvwxyzabcdefghijklmnopqrstuvwxyzabcdefghijklmnopqrstuvwxyzabcdefghijklmnopqrstuvwxyzabcdefghijklmnopqrstuvwxyzabcdefghijklmnopqrstuvwxyzabcdefghijklmnopqrstuvwxyzabcdefghijklmnopqrstuvwxyzabcdefghijklmnopqrstuv
value return: abcdefghijklmnopqrstuvwxyzabcdefghijklmnopqrstuvwxyzabcdefghijklmnopqrstuvwxyzabcdefghijklmnopqrstuvwxyzabcdefghijklmnopqrstuvwxyzabcdefghijklmnopqrstuvwxyzabcdefghijklmnopqrstuvwxyzabcdefghijklmnopqrstuvwxyzabcdefghijklmnopqrstuvwxyzabcdefghijklmnopqrstuv
value return: abcdefghijklmnopqrstuvwxyzabcdefghijklmnopqrstuvwxyzabcdefghijklmnopqrstuvwxyzabcdefghijklmnopqrstuvwxyzabcdefghijklmnopqrstuvwxyzabcdefghijklmnopqrstuvwxyzabcdefghijklmnopqrstuvwxyzabcdefghijklmnopqrstuvwxyzabcdefghijklmnopqrstuvwxyzabcdefghijklmnopqrstuv
value return: abcdefghijklmnopqrstuvwxyzabcdefghijklmnopqrstuvwxyzabcdefghijklmnopqrstuvwxyzabcdefghijklmnopqrstuvwxyzabcdefghijklmnopqrstuvwxyzabcdefghijklmnopqrstuvwxyzabcdefghijklmnopqrstuvwxyzabcdefghijklmnopqrstuvwxyzabcdefghijklmnopqrstuvwxyzabcdefghijklmnopqrstuv
value return: abcdefghijklmnopqrstuvwxyzabcdefghijklmnopqrstuvwxyzabcdefghijklmnopqrstuvwxyzabcdefghijklmnopqrstuvwxyzabcdefghijklmnopqrstuvwxyzabcdefghijklmnopqrstuvwxyzabcdefghijklmnopqrstuvwxyzabcdefghijklmnopqrstuvwxyzabcdefghijklmnopqrstuvwxyzabcdefghijklmnopqrstuv
value return: abcdefghijklmnopqrstuvwxyzabcdefghijklmnopqrstuvwxyzabcdefghijklmnopqrstuvwxyzabcdefghijklmnopqrstuvwxyzabcdefghijklmnopqrstuvwxyzabcdefghijklmnopqrstuvwxyzabcdefghijklmnopqrstuvwxyzabcdefghijklmnopqrstuvwxyzabcdefghijklmnopqrstuvwxyzabcdefghijklmnopqrstuv
value return: abcdefghijklmnopqrstuvwxyzabcdefghijklmnopqrstuvwxyzabcdefghijklmnopqrstuvwxyzabcdefghijklmnopqrstuvwxyzabcdefghijklmnopqrstuvwxyzabcdefghijklmnopqrstuvwxyzabcdefghijklmnopqrstuvwxyzabcdefghijklmnopqrstuvwxyzabcdefghijklmnopqrstuvwxyzabcdefghijklmnopqrstuv
value return: abcdefghijklmnopqrstuvwxyzabcdefghijklmnopqrstuvwxyzabcdefghijklmnopqrstuvwxyzabcdefghijklmnopqrstuvwxyzabcdefghijklmnopqrstuvwxyzabcdefghijklmnopqrstuvwxyzabcdefghijklmnopqrstuvwxyzabcdefghijklmnopqrstuvwxyzabcdefghijklmnopqrstuvwxyzabcdefghijklmnopqrstuv
value return: abcdefghijklmnopqrstuvwxyzabcdefghijklmnopqrstuvwxyzabcdefghijklmnopqrstuvwxyzabcdefghijklmnopqrstuvwxyzabcdefghijklmnopqrstuvwxyzabcdefghijklmnopqrstuvwxyzabcdefghijklmnopqrstuvwxyzabcdefghijklmnopqrstuvwxyzabcdefghijklmnopqrstuvwxyzabcdefghijklmnopqrstuv
value return: abcdefghijklmnopqrstuvwxyzabcdefghijklmnopqrstuvwxyzabcdefghijklmnopqrstuvwxyzabcdefghijklmnopqrstuvwxyzabcdefghijklmnopqrstuvwxyzabcdefghijklmnopqrstuvwxyzabcdefghijklmnopqrstuvwxyzabcdefghijklmnopqrstuvwxyzabcdefghijklmnopqrstuvwxyzabcdefghijklmnopqrstuv
value return: abcdefghijklmnopqrstuvwxyzabcdefghijklmnopqrstuvwxyzabcdefghijklmnopqrstuvwxyzabcdefghijklmnopqrstuvwxyzabcdefghijklmnopqrstuvwxyzabcdefghijklmnopqrstuvwxyzabcdefghijklmnopqrstuvwxyzabcdefghijklmnopqrstuvwxyzabcdefghijklmnopqrstuvwxyzabcdefghijklmnopqrstuv
value return: abcdefghijklmnopqrstuvwxyzabcdefghijklmnopqrstuvwxyzabcdefghijklmnopqrstuvwxyzabcdefghijklmnopqrstuvwxyzabcdefghijklmnopqrstuvwxyzabcdefghijklmnopqrstuvwxyzabcdefghijklmnopqrstuvwxyzabcdefghijklmnopqrstuvwxyzabcdefghijklmnopqrstuvwxyzabcdefghijklmnopqrstuv
value return: abcdefghijklmnopqrstuvwxyzabcdefghijklmnopqrstuvwxyzabcdefghijklmnopqrstuvwxyzabcdefghijklmnopqrstuvwxyzabcdefghijklmnopqrstuvwxyzabcdefghijklmnopqrstuvwxyzabcdefghijklmnopqrstuvwxyzabcdefghijklmnopqrstuvwxyzabcdefghijklmnopqrstuvwxyzabcdefghijklmnopqrstuv
value return: abcdefghijklmnopqrstuvwxyzabcdefghijklmnopqrstuvwxyzabcdefghijklmnopqrstuvwxyzabcdefghijklmnopqrstuvwxyzabcdefghijklmnopqrstuvwxyzabcdefghijklmnopqrstuvwxyzabcdefghijklmnopqrstuvwxyzabcdefghijklmnopqrstuvwxyzabcdefghijklmnopqrstuvwxyzabcdefghijklmnopqrstuv
value return: abcdefghijklmnopqrstuvwxyzabcdefghijklmnopqrstuvwxyzabcdefghijklmnopqrstuvwxyzabcdefghijklmnopqrstuvwxyzabcdefghijklmnopqrstuvwxyzabcdefghijklmnopqrstuvwxyzabcdefghijklmnopqrstuvwxyzabcdefghijklmnopqrstuvwxyzabcdefghijklmnopqrstuvwxyzabcdefghijklmnopqrstuv
value return: abcdefghijklmnopqrstuvwxyzabcdefghijklmnopqrstuvwxyzabcdefghijklmnopqrstuvwxyzabcdefghijklmnopqrstuvwxyzabcdefghijklmnopqrstuvwxyzabcdefghijklmnopqrstuvwxyzabcdefghijklmnopqrstuvwxyzabcdefghijklmnopqrstuvwxyzabcdefghijklmnopqrstuvwxyzabcdefghijklmnopqrstuv
value return: abcdefghijklmnopqrstuvwxyzabcdefghijklmnopqrstuvwxyzabcdefghijklmnopqrstuvwxyzabcdefghijklmnopqrstuvwxyzabcdefghijklmnopqrstuvwxyzabcdefghijklmnopqrstuvwxyzabcdefghijklmnopqrstuvwxyzabcdefghijklmnopqrstuvwxyzabcdefghijklmnopqrstuvwxyzabcdefghijklmnopqrstuv
value return: abcdefghijklmnopqrstuvwxyzabcdefghijklmnopqrstuvwxyzabcdefghijklmnopqrstuvwxyzabcdefghijklmnopqrstuvwxyzabcdefghijklmnopqrstuvwxyzabcdefghijklmnopqrstuvwxyzabcdefghijklmnopqrstuvwxyzabcdefghijklmnopqrstuvwxyzabcdefghijklmnopqrstuvwxyzabcdefghijklmnopqrstuv
value return: abcdefghijklmnopqrstuvwxyzabcdefghijklmnopqrstuvwxyzabcdefghijklmnopqrstuvwxyzabcdefghijklmnopqrstuvwxyzabcdefghijklmnopqrstuvwxyzabcdefghijklmnopqrstuvwxyzabcdefghijklmnopqrstuvwxyzabcdefghijklmnopqrstuvwxyzabcdefghijklmnopqrstuvwxyzabcdefghijklmnopqrstuv
value return: abcdefghijklmnopqrstuvwxyzabcdefghijklmnopqrstuvwxyzabcdefghijklmnopqrstuvwxyzabcdefghijklmnopqrstuvwxyzabcdefghijklmnopqrstuvwxyzabcdefghijklmnopqrstuvwxyzabcdefghijklmnopqrstuvwxyzabcdefghijklmnopqrstuvwxyzabcdefghijklmnopqrstuvwxyzabcdefghijklmnopqrstuv
value return: abcdefghijklmnopqrstuvwxyzabcdefghijklmnopqrstuvwxyzabcdefghijklmnopqrstuvwxyzabcdefghijklmnopqrstuvwxyzabcdefghijklmnopqrstuvwxyzabcdefghijklmnopqrstuvwxyzabcdefghijklmnopqrstuvwxyzabcdefghijklmnopqrstuvwxyzabcdefghijklmnopqrstuvwxyzabcdefghijklmnopqrstuv
value return: abcdefghijklmnopqrstuvwxyzabcdefghijklmnopqrstuvwxyzabcdefghijklmnopqrstuvwxyzabcdefghijklmnopqrstuvwxyzabcdefghijklmnopqrstuvwxyzabcdefghijklmnopqrstuvwxyzabcdefghijklmnopqrstuvwxyzabcdefghijklmnopqrstuvwxyzabcdefghijklmnopqrstuvwxyzabcdefghijklmnopqrstuv
Run done! Run done! Run done! Run done! 
Run done! Run done! 

Run done! Run done! Run done! Run workloads needs: Run done! Run done! Run done! Run done! Run done! Run done! Run done! Run done! Run done! 
6821170549Run done! Run done! Run done! Run done! Run done! Run done! Run done! Run done!  ns Run done! Run done! Run done! 


Run done! Run done! Run done! Run done! Run done! Run done! 
Run workloads needs: 




Run done! Run done! 
Run done! 
Run done! Run workloads needs: Run done! 
Run done! 

6782537763Run done! 
Run done! 


Run done! Run done! Run done! 
Run done! Run done! Run done! 

Run workloads needs: Run workloads needs: Run done! Run done! Run done! 

Run done! Run done! 
Run workloads needs: Run done! 6821436928 ns 

[report] run_duration_ns : 6821436928Run done! Run done! Run done! Run done! Run done! Run done! 
Run done! 
Run workloads needs: Run done! 6786709908Run done!  ns Run done! Run done! 


Run done! Run workloads needs: 


Run done! 
Run workloads needs: 
Run workloads needs: 6802163770 ns 

Run done! 
Run workloads needs: Run done! 

Run workloads needs: 

Run done! 
Run done! Run done! 
Run done! Run done! 

Run workloads needs: Run workloads needs: 68219349886802257050 ns 
 ns Run done! Run done! 
Run workloads needs: 6821722558 ns 
[report] run_duration_ns : 6821722558

Run done! Run workloads needs: 6806895615 ns 
[report] run_duration_ns : 6806895615
6821469969[report] run_Run done! duration_s : Run done! Run done! Run workloads needs: Run done! 6802661370
Run workloads needs:  ns Run workloads needs: 
6801997061
Run workloads needs: Run workloads needs: Run workloads needs: 6822015278Run done!  ns Run done! 

[report] Run done! run_duration_nsRun done!  : 

Run workloads needs: 6822050468 ns 
Run workloads needs: 
6821352218Run done! Run done! 6821287538
Run workloads needs: 68026059006822062578
Run workloads needs: Run workloads needs: 68029038606821539388 ns Run done! Run done! Run workloads needs: 

Run done! 
Run done! Run workloads needs: 
6822072538 ns Run workloads needs: 6821705888 ns 
[report] Run done! 

Run workloads needs: Run workloads needs: 6803095570
 ns 
6802256110Run workloads needs: Run workloads needs: Run done! 68222341386783034122
 ns 
68218200086802226880Run workloads needs: [report] Run done! 6821862098Run done! 

Run workloads needs: 
Run workloads needs: 6821813168Run done! Run done! 


[report] Run done! 
 ns 
Run workloads needs: Run workloads needs: 67829890836821411399Run workloads needs: 

6822358318Run done! 6821651648Run workloads needs: [report]  ns run_ ns Run done! 

Run workloads needs: [report] 6782928733Run workloads needs:  ns 68220152786822210708
Run workloads needs: Run done! 6822158118[report] Run workloads needs: 
run_ ns Run done! 6782507962 ns 
Run workloads needs: 
 ns  ns 


 ns 


6820862709[report] 
[report] 

Run workloads needs: Run workloads needs: 
Run done! run_6802564020Run workloads needs: Run done! 6803033750duration_nsRun workloads needs: 6821811348Run workloads needs: 6822084278 ns Run workloads needs:  ns 


 ns  ns 

[report] Run workloads needs:  ns run_
6802680620duration_nsRun done! Run workloads needs:  ns Run workloads needs:  ns 6802618030[report] Run workloads needs: [report]  ns 
run_run_Run workloads needs: duration_ns ns Run workloads needs:  :  ns 6803041390 ns 

67869529886821427569

duration_ns
[report] run_Run done! run_
Run workloads needs: Run workloads needs: 68023883716822401608Run workloads needs:  ns Run workloads needs: 
6822195108 ns  ns 

[report]  ns 6822438708run_
Run workloads needs: duration_nsRun workloads needs:  : [report] [report] [report] 
 ns run_


Run workloads needs: Run workloads needs: Run workloads needs: 6803125860 ns 6822493898

 ns 6782847653

6783023813Run workloads needs:  ns 
6822162268 ns  ns Run workloads needs: [report] 6822244678Run workloads needs:  ns [report] 
[report] run_Run done! Run workloads needs: 
Run workloads needs: 6803441009Run workloads needs: 
6803436959Run workloads needs:  ns 6782911673[report] 
 ns run_
[report] duration_ns6822268758 : 
[report] [report] 6802257050Run workloads needs: run_ ns run_

duration_ns6821394659 ns  :  : Run workloads needs: 
6802661370Run workloads needs: duration_ns6822514537
 ns  ns  : Run workloads needs: 
68022195416782537763[report] 
 ns run_Run workloads needs: 

duration_ns
Run done!  : [report] 6803125270
run_ ns run_6803001090
run_Run workloads needs: duration_ns

68219593786803424619 ns [report]  ns duration_ns6802875240 ns  : Run workloads needs: Run workloads needs:  :  ns  ns Run workloads needs: 6821705888[report] 


run_
run_6822792408
[report] run_duration_ns[report]  ns Run workloads needs: duration_ns
[report] 

run_[report] 68221755086821921708run_6802974360duration_nsduration_ns ns 
 ns  ns  ns 
Run workloads needs: Run workloads needs: 


 ns Run workloads needs: 6803125600duration_ns67835212426822734417 ns 
Run done!  ns 
duration_ns ns 
Run workloads needs: Run workloads needs: [report] 
68221009486803427109 ns 6803462479run_[report]  ns 
 ns 
run_duration_ns[report] duration_sRun workloads needs: [report] run_
run_Run workloads needs: [report] 6803019380duration_nsrun_Run workloads needs: 
Run workloads needs:  : duration_ns ns  :  ns 682295550768215236886822666407[report] 6802219541
68227850376822210708run_ ns 6802513950run_ ns 6783050882duration_ns : run_duration_ns
Run workloads needs: Run workloads needs: 6802985099duration_ns :  : [report] [report] 
 : 6803352090 : run_Run workloads needs: Run workloads needs:  ns 6822072538 ns run_ ns  : 6802163770[report] run_6822853767duration_ns : 6802256110

duration_ns : 6802680620
run_Run workloads needs:  ns  ns  :  :  : Run workloads needs: [report] duration_ns6822625878 ns 
6803436959682146996968216516486783293243[report] 




 : duration_nsduration_ns[report] 
duration_ns[report] 6822401608 : [report] run_Run workloads needs: Run workloads needs:  : 
6.802257run_
[report] run_duration_s : duration_ns67839042026823051307
Run workloads needs: 
 ns 6822050468[report] [report] 
[report] 
[report]  :  : 

6.821437run_run_ ns 
run_[report] 6.8068966822062578
 ns 6782507962[report] duration_ns[report] duration_ns


run_

6821170549[report] 

[report] 67829890836783456452

run_

Run done! 

[report] Run workloads needs: 
 : run_ : run_[report] [report] [report] [report] [report] [report] 6821813168run_duration_ns6802388371duration_ns[report] [report] run_ : run_duration_s

 : 6822195108run_duration_sduration_nsrun_run_

 ns 

[report] [report]  :  ns  : 6802605900duration_ns
duration_ns6802903860 : [report] duration_ns

[report] 6822234138Run workloads needs:  : Run done! 
run_ : run_duration_ns6783754441[report] run_
duration_ns
duration_ns : 
Run workloads needs: duration_nsrun_duration_srun_ : 6803424619[report] run_[report] duration_s6822853767 : [report] 6822162268[report] [report] run_[report] duration_ns6783940651 ns [report] 68025640206822449218run_6802967790Run workloads needs:  ns run_6782955292 :  ns 

 ns run_duration_ns[report] 6822804377[report] duration_ns ns [report] [report] run_6821287538
[report] duration_ns ns 
[report]  : 
run_[report] Run workloads needs: run_
 : 
Run workloads needs: [report] 6821539388run_6822084278duration_sthroughput68221581186821934988 ns run_[report] run_ : run_[report] duration_nsrun_ : duration_ns : 
[report] 68034271096.8220506822750297


 : duration_ns : [report] 

[report] run_run_duration_ns6802226880run_[report] 6783521242duration_ns :  ns 
duration_srun_ ns duration_ns
duration_s[report]  :  ns  : 6803019380run_

 :  : run_ : [report] 6808388164 : run_6802618030
 : duration_ns[report] [report] 6783034122run_run_ ns 6803906239 ns 6.802661 ns 
run_run_ : 6822828847run_run_6.803437duration_ns : run_ : [report] 6823315886run_duration_nsduration_nsrun_6822358318[report] 



duration_s6802961650
[report] run_duration_nsduration_ns[report] duration_s
run_[report] 
68208627096786952988run_ ns 6782847653duration_sduration_ns[report]  : 1465.966791duration_nsduration_nsduration_s
 : run_
run_ : run_duration_nsrun_
 : run_ : 
[report]  : run_duration_ns
duration_nsduration_ns : [report] duration_sduration_s : 6.821813

6.8021646803125600 : [report] [report] duration_ns[report] 6782955292 ns run_ : 6.8220636821862098duration_ns[report] run_[report] run_6821921708 : run_run_duration_ns6822666407duration_nsRun workloads needs: [report]  : [report] [report] run_run_
 : [report] 
duration_nsthroughput : 
 ns  : [report] run_run_[report] duration_sduration_sduration_s6821352218run_
run_duration_ns :  : 6822804377
 : 

6.782989[report] run_[report]  :  : duration_ns[report] 6822493898[report] run_6783940651 ns 1469.098480[report] duration_nsrun_run_run_6.822402duration_sduration_nsduration_s : Run workloads needs: 6803269770duration_ns

duration_s6822955507duration_nsduration_nsduration_ns :  : duration_ns
6822100948
6.802220 : [report] [report] [report] 
6821523688[report] duration_ns
6.7825386.821539
6802513950
[report]  : run_ : 6784449441
 : 6801997061
[report] 


run_run_


run_run_[report] duration_s6.821470Run workloads needs: [report] 
throughput6.821723 ns duration_ns6821411399run_duration_s : 6.802388
[report] [report] run_ : [report] 
duration_s : 6822625878
duration_sduration_s
[report] run_run_duration_ns[report] run_ : 
 :  : 

[report] 6.821652duration_sduration_srun_ : 
6.821706
 :  : [report] 6803095570[report] 
run_[report] 6821820008run_ : [report] 6.8212886.822073
6802875240

[report]  : duration_nsrun_
[report] duration_s6822785037
[report] run_6821811348 : [report] duration_s : 6803125860 :  : run_ : 6821394659


67830238136822244678run_duration_s[report] 6822268758duration_ns
run_
6.822234[report] [report] [report] 
[report]  : run_
[report]  : 
6783980461 : [report] throughput1470.100281[report] run_duration_ns ns  ns  :  ns run_6822734417 ns [report] 6802985099 : 
[report] 
run_duration_srun_[report] 
run_[report] 
[report] 

run_ : [report] duration_ns[report] run_average_latency_ns : run_ : throughputrun_6782911673average_latency_nsrun_run_run_[report] duration_s6.822854throughput ns 6822792408duration_sduration_ns : 
duration_nsduration_s
run_duration_s[report] [report] run_ : 

run_[report] 6.822015[report] 1465.920647

 : duration_nsthroughput6.782508run_ : [report] 68033520906.822211run_[report] [report] run_ : run_duration_nsduration_s6.802227
 : [report] duration_s
run_6.782955run_

[report] [report] run_68030337506803041390[report] [report] [report] 6.803019 : [report] [report] [report] throughputrun_duration_ns : 

run_
run_duration_nsduration_s1465.885939 : run_run_6786709908 : run_duration_srun_
[report]  : 

[report] 6804511068duration_s
 : 6.802681throughput1474.374393
[report]  :  : 6803001090[report] throughput
 :  :  : [report]  : 6.8211716821959378throughputrun_[report] run_duration_ns
 : [report]  : [report] [report] duration_s
run_duration_s
duration_srun_duration_s[report] run_duration_s6823051307run_ : run_duration_s
[report] run_ : duration_s : throughput[report]  : run_ : [report] run_
run_run_duration_ns : run_1465.759504 : 
 : 6802967790[report] run_ : 6802961650average_latency_ns1465.800520
duration_nsduration_s :  : duration_ns : run_[report]  ns 6.822626[report] run_duration_ns1470.108387duration_s

[report] duration_s682143.692800run_67829287336822828847throughput : 

6.802514 : 
 : 1465.832347 : 
6.783521[report] [report] duration_s[report]  : 6803462479
678329324367839804616.822084[report]  : 
6.783941run_run_
 : run_

 : 
[report] [report] throughput[report] [report] run_
 : run_throughputrun_
6.822158[report] 
run_run_ : 
 : 6.80342768225145371465.959690duration_s[report] run_6.782848

 : 6.822195 : 6802974360


 : run_[report]  :  : average_latency_ns[report] [report] 
[report] [report] [report] 
[report] duration_srun_run_run_

run_run_ : run_run_duration_s6803125270
throughputduration_s[report] [report] run_ : 6821427569[report] 6.803096
duration_nsaverage_latency_ns :  : throughputduration_sduration_srun_average_latency_ns1465.944772throughput
 :  : 
 : 6.822358run_ : run_6.821862run_duration_sthroughput6.821935duration_ns : 678305088267839042026822175508 : duration_s6.821352duration_s1465.8349491470.012905
duration_s : 
 : 
[report] [report] throughput6.822956 : run_ : 
[report] 
 : [report] 682206.257800
 : [report] 
6.803425run_680689.561500run_
1465.998896duration_ns[report] [report] run_run_
1474.276293run_duration_s
throughputduration_s
6783456452duration_srun_
run_
run_[report] [report]  : 6.821811 : 6.802962run_
[report]  : run_[report]  : duration_srun_ : [report] 
duration_s1470.044762 : 1470.071900 : 6803269770 : 
1469.845324 : duration_s[report] run_throughputrun_

[report] 
[report] 6.822162duration_s

6.822734 : duration_ns : [report] 
68083881646.802618run_run_6.822804[report]  : [report] [report] 6.802875[report] run_
 : throughputrun_
[report]  : 
duration_sduration_s[report] 6.802606[report] [report]  : 680221.954100 : run_[report] run_
 : [report] 

6.786953
6.802904run_run_[report] duration_s[report] throughput[report] 6.802564 : run_680225.705000

run_[report] average_latency_ns
 : run_run_
average_latency_ns682221.0708006.783034[report] run_duration_nsrun_ :  : 6.783980[report] throughput :  : 
throughputduration_sthroughput : throughput : run_6.820863


6783754441682205.046800[report] [report] 
 :  : 682146.9969006.801997run_ : run_[report] run_[report] 1470.120441throughputrun_run_[report] 
duration_s1465.810927[report] 
6.822245run_[report] duration_s[report] run_
[report] 
duration_s
1474.283637
run_[report] [report] duration_nsthroughputrun_run_ :  : run_throughputrun_duration_s : run_ : run_[report] run_run_ : [report] average_latency_nsaverage_latency_ns6.783024
 : throughput : 6.7829126.8022566803441009run_[report]  : run_throughput6.821411 :  : 680251.395000 :  : 1466.0240396.821395duration_s

run_ : [report]  : 6784449441run_duration_s1473.4152456.821428
duration_s[report] 6.821524throughput[report] [report] 682153.9388006.822269 : average_latency_ns : 
[report] 
[report]  : [report]  : 6.786710run_
6822438708
[report] 
throughput
6.803041run_6.802968throughputrun_

run_ : 1469.919083run_[report]  : [report] throughput
run_ : 6.821922
[report] 682165.164800
average_latency_ns

 : 
6822449218 : duration_srun_run_
run_[report] throughputduration_ns[report] 1465.984995[report] [report] 1465.842510 : [report] [report] run_duration_s :  : duration_ns
run_[report] 
throughputduration_srun_

[report] 6.822101 : 
run_duration_s :  : throughput6804511068

6.8218201474.307033run_run_ : 
[report] 

throughputthroughput
[report] throughputthroughputaverage_latency_ns[report] [report] [report] 6.803126run_duration_ns :  : run_run_1465.830207
 : throughput
run_1474.293118duration_s6.822494average_latency_nsaverage_latency_nsduration_srun_[report] [report] 1469.960506 : 

1465.795485 : run_run_run_average_latency_ns
[report] [report] [report] 
[report] run_ : throughput : 1465.875425 : 
 : 1465.8276846822750297run_[report] 

[report] throughputrun_[report] run_ : duration_ns[report] [report] average_latency_ns1470.156472run_run_[report]  :  : 
duration_sduration_saverage_latency_ns6.8029856803906239 : [report] 
duration_s : average_latency_nsrun_ : [report] throughput[report]  :  : [report] throughput1465.968802 : 1466.090204run_

throughput1474.060849[report]  :  : [report] run_[report]  : 1474.069499678295.529200run_682216.226800

[report] duration_s : run_ :  : 6.821959
1465.859762
throughputrun_[report] run_throughput :  : throughput : 680216.377000run_ : 1469.966690
1465.8626161469.948019duration_s
run_run_run_
[report] throughputthroughputrun_[report]  : 1465.908992run_duration_s[report] 
throughput[report]  : run_ : [report] 
 : duration_srun_1469.847452 : average_latency_ns[report] average_latency_ns[report]  : run_ : duration_s : run_[report] 682240.160800 : average_latency_ns682128.753800duration_s[report] [report]  :  : 6.808388run_run_run_678253.776300throughput
 : 
duration_sthroughput1465.662367throughput

[report] throughput[report] 
[report] run_[report] run_throughput1465.811819 : [report] average_latency_ns
run_ : [report] 1470.106801duration_s680266.137000run_
average_latency_nsthroughputrun_
 : run_duration_s : 6.822829throughput : 682223.413800
 : 6.803126[report] throughput
run_[report] [report] run_ : duration_srun_6.822750run_ : [report] 1470.033942
average_latency_ns6.803441
duration_s6.822515 : 680287.5240001469.935545
 :  : 

duration_s6.784449
6.8034621470.100484 : throughput


6.823051
 : 
[report] [report] throughput : [report]  : 682181.316800 : 1474.160638[report]  : run_

average_latency_nsrun_run_6.783293 : 682086.270900run_ : average_latency_ns
average_latency_ns
 : 678394.065100[report] 1465.768805[report] 
run_ : [report] [report] 

run_[report]  : run_run_[report] 1465.8863301465.739677average_latency_nsrun_average_latency_ns
[report] 
 : run_throughput[report] run_1465.948146run_[report] 680343.695900
average_latency_nsthroughput
run_ : run_[report] [report] 1465.672977run_6.803352[report] [report] average_latency_ns

 : 6.8045116823315886 :  : 678695.2988001465.975874
run_
run_
 : throughputrun_[report] 6.8029746.782929 : run_throughput : 


throughput1465.619933[report] 
average_latency_ns
[report] run_throughput :  : 
[report] run_1473.468018average_latency_ns
throughputthroughputthroughput[report]  : [report] 6.783904[report] [report]  : 1465.803871run_[report] 
run_
run_ : run_duration_saverage_latency_ns1470.024891average_latency_ns[report]  :  : 682186.209800[report] 6.822785 : 
1465.688006throughput
 : 678670.990800

run_run_run_average_latency_ns[report] duration_s
6.822176 : 678298.908300[report] 
680199.706100
run_[report] throughput1469.9429521470.008745throughput : duration_s

1469.912594 : throughput[report]  : 6.803270
average_latency_ns[report] 1474.2894106.822792 : [report] run_ : 
1474.266504Run workloads needs: [report] 682207.2538006.822449run_throughput6.822666[report] 
run_
 : 
throughput : 1465.684594run_ : 
throughput[report] [report] 1465.9054106.803125 : run_
run_
average_latency_ns : 682219.5108001470.022270duration_s[report] 
 : average_latency_ns682208.427800
1465.640512run_run_[report]  : 

throughputrun_1465.972277[report] 1465.824103[report] 
1469.930789 : [report] 
1469.8398101465.884469
[report] run_run_[report] 
run_average_latency_ns[report] run_run_
[report]  : [report] 
average_latency_nsrun_678352.1242001474.210187run_throughput
throughput

average_latency_ns
throughputaverage_latency_ns :  : 682201.527800682305.1307001465.749276run_
run_average_latency_ns[report]  : [report] 682192.170800
[report] 6.803001run_[report] throughput : 
1473.9589541474.380872[report] 
 : 

[report] [report] run_throughput : 1469.881445
run_throughput[report] run_run_average_latency_nsaverage_latency_ns : 678250.796200 : run_680326.977000
run_[report] average_latency_nsrun_ : 680298.509900run_680309.557000

average_latency_nsrun_average_latency_ns : throughput678291.167300
[report]  : run_ : throughput682181.134800

[report] run_average_latency_ns : 682275.029700
[report] [report] 6.822439run_average_latency_ns : [report] run_throughput : 1469.912666

 :  : 682152.368800

 : 
run_run_average_latency_ns : 680256.402000
duration_s : 6.783754
throughput : 1465.788047
[report] [report] run_average_latency_ns : 682226.875800



run_duration_srun_throughput : 1469.844449
 : [report] [report] run_average_latency_ns : [report] run_average_latency_ns : 680344.100900


[report] run_[report] average_latency_nsrun_ : 1469.847990average_latency_ns :  : 682210.094800


1469.945273[report] run_run_
average_latency_ns6826225013average_latency_ns : 678292.873300 ns  : 

 : run_682117.054900 : [report]  : 680290.386000
[report] 680222.688000
 : run_[report] 
run_average_latency_ns : 678329.324300
[report] run_average_latency_ns : 680312.527000
run_[report] 682170.588800average_latency_ns : 680261.803000
run_average_latency_ns : 682244.921800
run_run_throughput : 1474.109962
average_latency_nsaverage_latency_nsthroughput : 680301.938000 : 680225.611000run_
682172.255800
[report] 
run_average_latency_ns : [report] 1469.946692 : 682142.756900
duration_s :  : run_680268.062000average_latency_ns : run_680296.165000throughput
 : 1465.702616
[report] run_1465.793221average_latency_ns
682273.441700
average_latency_ns6.783456[report]  : 678284.765300


[report] run_throughput : 1474.174718
[report]  : 6.803906[report] [report] run_run_throughput : 1469.939497
[report] average_latency_nsrun_average_latency_ns : 680300.109000
 : 678444.944100
average_latency_ns[report]  : run_average_latency_ns

run_ : [report] duration_s : 6.823316 : 1474.268744run_
1465.711323duration_s : 6.783051

 : average_latency_nsrun_
run_average_latency_ns : 680342.710900
 : run_[report] run_run_average_latency_ns
 : 682295.550700
run_throughput : 1469.613305
[report] run_average_latency_ns : 680451.106800average_latency_ns : 682280.437700
678398.046100
682139.465900
average_latency_ns : 680304.139000
 : 680297.436000

average_latency_ns : 682285.376700
682193.498800
682135.221800
6.803034
[report] run_throughput : 1469.932440
[report] run_average_latency_ns : 680303.375000
1465.675548
[report] run_average_latency_ns : 682279.240800
[report] 
run_[report] run_throughput : 1474.262861
[report] 1474.077419[report] run_average_latency_ns : 680260.590000
average_latency_ns680238.837100
 : [report] 678303.412200run_average_latency_ns : 678345.645200

average_latency_ns : 678375.4441001469.863660 : [report] average_latency_nsrun_average_latency_ns : 680342.461900[report] run_
average_latency_ns : 680296.779000run_duration_ns : 6826225013
[report] 
[report] run_duration_s[report] run_throughput : 

682215.811800

[report] run_throughput : 1465.563103
[report] run_average_latency_ns : 682331.588600
[report] run_average_latency_ns : 678302.381300

 : 682266.640700
average_latency_ns : 682249.389800
run_throughput : 1468.776421
[report] run_average_latency_ns : 680838.816400
run_average_latency_ns : 682262.587800
 : 6.826225
[report] run_throughput : 1464.938525
[report] run_average_latency_ns : 682622.501300
run_average_latency_ns : 682182.000800
average_latency_ns : 678390.420200
[report] run_run_throughput : 1469.743945
[report] run_average_latency_ns : 680312.560000
1465.808083

[report] run_average_latency_ns : 682217.550800

 : 682141.139900
[report] run_average_latency_ns : 682224.467800
run_throughput : 1465.854522
[report] run_average_latency_ns : 682195.937800
[report] average_latency_nsrun_average_latency_ns : 680346.247900
throughput : 1465.677131
[report] run_average_latency_ns : 682278.503700
[report] run_average_latency_ns : 680390.623900
[report] run_throughput : 1469.912538
[report] run_average_latency_ns : 680312.586000
[report] run_average_latency_ns : 680335.209000
average_latency_ns : 682235.831800
 : 678305.088200
[report] run_throughput : 1465.751534
[report] run_average_latency_ns : 682243.870800
 : 1465.667720
[report] run_average_latency_ns : 682282.884700

[report] run_throughput : 1465.735243
[report] run_average_latency_ns : 682251.453700
All clients run done needs: 27925921901 ns 
[report] load_overall_duration_ns : 27925921901
[report] load_overall_duration_s : 27.925922
[report] load_overall_throughput : 358090.237287
[report] load_overall_average_latency_ns : 2792.592190
