numactl --membind=0 /home/gxr/mongodb-run/test_mongodb/build//run_client --num_threads=20 --core_binding=0,1,2,3,4,5,6,7,8,9,10,11,24,25,26,27,28,29,30,31,32,33,34,35 --str_key_size=16 --str_key_size=256 --load_file=/home/gxr/mongodb-run/workloads/ycsb/workloada-load-10000000-10000000.log.formated --run_file=/home/gxr/mongodb-run/workloads/ycsb/workloada-run-10000000-10000000.log.formated --URI_set=mongodb://localhost:27017,mongodb://localhost:27018,mongodb://localhost:27019,mongodb://localhost:27020,mongodb://localhost:27021,mongodb://localhost:27022,mongodb://localhost:27023,mongodb://localhost:27024,mongodb://localhost:27025,mongodb://localhost:27026,mongodb://localhost:27027,mongodb://localhost:27028,mongodb://localhost:27029,mongodb://localhost:27030,mongodb://localhost:27031,mongodb://localhost:27032,mongodb://localhost:27033,mongodb://localhost:27034,mongodb://localhost:27035,mongodb://localhost:27036,mongodb://localhost:27037,mongodb://localhost:27038,mongodb://localhost:27039,mongodb://localhost:27040,mongodb://localhost:27041,mongodb://localhost:27042,mongodb://localhost:27043,mongodb://localhost:27044,mongodb://localhost:27045,mongodb://localhost:27046 --first_mode=true
mongodb://localhost:27017 mongodb://localhost:27018 mongodb://localhost:27019 mongodb://localhost:27020 mongodb://localhost:27021 mongodb://localhost:27022 mongodb://localhost:27023 mongodb://localhost:27024 mongodb://localhost:27025 mongodb://localhost:27026 mongodb://localhost:27027 mongodb://localhost:27028 mongodb://localhost:27029 mongodb://localhost:27030 mongodb://localhost:27031 mongodb://localhost:27032 mongodb://localhost:27033 mongodb://localhost:27034 mongodb://localhost:27035 mongodb://localhost:27036 mongodb://localhost:27037 mongodb://localhost:27038 mongodb://localhost:27039 mongodb://localhost:27040 mongodb://localhost:27041 mongodb://localhost:27042 mongodb://localhost:27043 mongodb://localhost:27044 mongodb://localhost:27045 mongodb://localhost:27046 reading workload files ...
load_filename : /home/gxr/mongodb-run/workloads/ycsb/workloada-load-10000000-10000000.log.formated
read load file needs: 939115827 s 
run_filename : /home/gxr/mongodb-run/workloads/ycsb/workloada-run-10000000-10000000.log.formated
read run file needs: 996526040 s 
num_of_load_ops is 1862736
num_of_run_ops is 1934501
0 1 2 3 4 5 6 7 8 9 10 11 24 25 26 27 28 29 30 31 32 33 34 35 URI: URI: mongodb://localhost:27017
URI: mongodb://localhost:27017
URI: mongodb://localhost:27017
URI: mongodb://localhost:27017
URI: mongodb://localhost:27017
URI: mongodb://localhost:27017mongodb://localhost:27017
URI: URI: mongodb://localhost:27017
mongodb://localhost:27017
URI: mongodb://localhost:27017

URI: mongodb://localhost:27017
URI: mongodb://localhost:27017
URI: mongodb://localhost:27017
URI: mongodb://localhost:27017
URI: mongodb://localhost:27017
URI: mongodb://localhost:27017
URI: mongodb://localhost:27017
URI: mongodb://localhost:27017
URI: mongodb://localhost:27017
URI: mongodb://localhost:27017
Load workloads needs: 11378488260 ns 
[report] load_thread_ID : 11
[report] load_duration_ns : 11378488260
[report] load_duration_s : 11.378488
[report] load_throughput : 8185.270123
[report] load_average_latency_ns : 122170.677933
Load workloads needs: 11394219025 ns 
[report] load_thread_ID : 10
[report] load_duration_ns : 11394219025
[report] load_duration_s : 11.394219
[report] load_throughput : 8173.969606
[report] load_average_latency_ns : 122339.578949
Load workloads needs: 11494456367 ns 
[report] load_thread_ID : 8
[report] load_duration_ns : 11494456367
[report] load_duration_s : 11.494456
[report] load_throughput : 8102.688551
[report] load_average_latency_ns : 123415.825964
Load workloads needs: 11534819871 ns 
[report] load_thread_ID : 9
[report] load_duration_ns : 11534819871
[report] load_duration_s : 11.534820
[report] load_throughput : 8074.335017
[report] load_average_latency_ns : 123849.208373
Load workloads needs: 11685851742 ns 
[report] load_thread_ID : 15
[report] load_duration_ns : 11685851742
[report] load_duration_s : 11.685852
[report] load_throughput : 7969.979601
[report] load_average_latency_ns : 125470.835574
Load workloads needs: 11723954547 ns 
[report] load_thread_ID : 0
[report] load_duration_ns : 11723954547
[report] load_duration_s : 11.723955
[report] load_throughput : 7944.077199
[report] load_average_latency_ns : 125879.944887
Load workloads needs: 11778617276 ns 
[report] load_thread_ID : 13
[report] load_duration_ns : 11778617276
[report] load_duration_s : 11.778617
[report] load_throughput : 7907.209974
[report] load_average_latency_ns : 126466.857885
Load workloads needs: 11780286020 ns 
[report] load_thread_ID : 1
[report] load_duration_ns : 11780286020
[report] load_duration_s : 11.780286
[report] load_throughput : 7906.089873
[report] load_average_latency_ns : 126484.775167
Load workloads needs: 11784751480 ns 
[report] load_thread_ID : 16
[report] load_duration_ns : 11784751480
[report] load_duration_s : 11.784751
[report] load_throughput : 7903.094109
[report] load_average_latency_ns : 126532.720752
Load workloads needs: 11787434292 ns 
[report] load_thread_ID : 3
[report] load_duration_ns : 11787434292
[report] load_duration_s : 11.787434
[report] load_throughput : 7901.295370
[report] load_average_latency_ns : 126561.526069
Load workloads needs: 11787209969 ns 
[report] load_thread_ID : 17
[report] load_duration_ns : 11787209969
[report] load_duration_s : 11.787210
[report] load_throughput : 7901.445740
[report] load_average_latency_ns : 126559.117516
Load workloads needs: 11788986796 ns 
[report] load_thread_ID : 2
[report] load_duration_ns : 11788986796
[report] load_duration_s : 11.788987
[report] load_throughput : 7900.254841
[report] load_average_latency_ns : 126578.195284
Load workloads needs: 11798582794 ns 
[report] load_thread_ID : 14
[report] load_duration_ns : 11798582794
[report] load_duration_s : 11.798583
[report] load_throughput : 7893.829422
[report] load_average_latency_ns : 126681.227388
Load workloads needs: 11810377426 ns 
[report] load_thread_ID : 7
[report] load_duration_ns : 11810377426
[report] load_duration_s : 11.810377
[report] load_throughput : 7885.946117
[report] load_average_latency_ns : 126807.866196
Load workloads needs: 11812419132 ns 
[report] load_thread_ID : 12
[report] load_duration_ns : 11812419132
[report] load_duration_s : 11.812419
[report] load_throughput : 7884.583078
[report] load_average_latency_ns : 126829.787966
Load workloads needs: 11814985760 ns 
[report] load_thread_ID : 19
[report] load_duration_ns : 11814985760
[report] load_duration_s : 11.814986
[report] load_throughput : 7882.870271
[report] load_average_latency_ns : 126857.345817
Load workloads needs: 11815824798 ns 
[report] load_thread_ID : 5
[report] load_duration_ns : 11815824798
[report] load_duration_s : 11.815825
[report] load_throughput : 7882.310511
[report] load_average_latency_ns : 126866.354557
Load workloads needs: 11818640219 ns 
[report] load_thread_ID : 4
[report] load_duration_ns : 11818640219
[report] load_duration_s : 11.818640
[report] load_throughput : 7880.432797
[report] load_average_latency_ns : 126896.583695
Load workloads needs: 11821501368 ns 
[report] load_thread_ID : 18
[report] load_duration_ns : 11821501368
[report] load_duration_s : 11.821501
[report] load_throughput : 7878.525502
[report] load_average_latency_ns : 126927.303814
Load workloads needs: 11857422845 ns 
[report] load_thread_ID : 6
[report] load_duration_ns : 11857422845
[report] load_duration_s : 11.857423
[report] load_throughput : 7854.657898
[report] load_average_latency_ns : 127312.992237
All clients run done needs: 11857442940 ns 
[report] load_overall_duration_ns : 11857442940
[report] load_overall_duration_s : 11.857443
[report] load_overall_throughput : 157094.241096
[report] load_overall_average_latency_ns : 6365.605722
