numactl --membind=0 /home/gxr/mongodb-run/test_mongodb/build//run_client --num_threads=14 --core_binding=0,1,2,3,4,5,6,7,8,9,10,11,24,25,26,27,28,29,30,31,32,33,34,35 --str_key_size=16 --str_key_size=256 --load_file=/home/gxr/mongodb-run/workloads/ycsb/workloada-load-10000000-10000000.log.formated --run_file=/home/gxr/mongodb-run/workloads/ycsb/workloada-run-10000000-10000000.log.formated --URI_set=mongodb://localhost:27017,mongodb://localhost:27018,mongodb://localhost:27019,mongodb://localhost:27020,mongodb://localhost:27021,mongodb://localhost:27022,mongodb://localhost:27023,mongodb://localhost:27024,mongodb://localhost:27025,mongodb://localhost:27026,mongodb://localhost:27027,mongodb://localhost:27028,mongodb://localhost:27029,mongodb://localhost:27030,mongodb://localhost:27031,mongodb://localhost:27032,mongodb://localhost:27033,mongodb://localhost:27034,mongodb://localhost:27035,mongodb://localhost:27036,mongodb://localhost:27037,mongodb://localhost:27038,mongodb://localhost:27039,mongodb://localhost:27040,mongodb://localhost:27041,mongodb://localhost:27042,mongodb://localhost:27043,mongodb://localhost:27044,mongodb://localhost:27045,mongodb://localhost:27046 --first_mode=true
mongodb://localhost:27017 mongodb://localhost:27018 mongodb://localhost:27019 mongodb://localhost:27020 mongodb://localhost:27021 mongodb://localhost:27022 mongodb://localhost:27023 mongodb://localhost:27024 mongodb://localhost:27025 mongodb://localhost:27026 mongodb://localhost:27027 mongodb://localhost:27028 mongodb://localhost:27029 mongodb://localhost:27030 mongodb://localhost:27031 mongodb://localhost:27032 mongodb://localhost:27033 mongodb://localhost:27034 mongodb://localhost:27035 mongodb://localhost:27036 mongodb://localhost:27037 mongodb://localhost:27038 mongodb://localhost:27039 mongodb://localhost:27040 mongodb://localhost:27041 mongodb://localhost:27042 mongodb://localhost:27043 mongodb://localhost:27044 mongodb://localhost:27045 mongodb://localhost:27046 reading workload files ...
load_filename : /home/gxr/mongodb-run/workloads/ycsb/workloada-load-10000000-10000000.log.formated
read load file needs: 1106035373 s 
run_filename : /home/gxr/mongodb-run/workloads/ycsb/workloada-run-10000000-10000000.log.formated
read run file needs: 1030784483 s 
num_of_load_ops is 1862736
num_of_run_ops is 1934501
0 1 2 3 4 5 6 7 8 9 10 11 24 25 26 27 28 29 30 31 32 33 34 35 URI: mongodb://localhost:27017URI: mongodb://localhost:27017
URI: mongodb://localhost:27017
URI: mongodb://localhost:27017
URI: mongodb://localhost:27017

URI: mongodb://localhost:27017
URI: mongodb://localhost:27017
URI: mongodb://localhost:27017
URI: mongodb://localhost:27017
URI: mongodb://localhost:27017
URI: mongodb://localhost:27017
URI: URI: mongodb://localhost:27017
mongodb://localhost:27017
URI: mongodb://localhost:27017
Load workloads needs: 12827251581 ns 
[report] load_thread_ID : 1
[report] load_duration_ns : 12827251581
[report] load_duration_s : 12.827252
[report] load_throughput : 10372.603918
[report] load_average_latency_ns : 96407.807331
Load workloads needs: 12892759553 ns 
[report] load_thread_ID : 6
[report] load_duration_ns : 12892759553
[report] load_duration_s : 12.892760
[report] load_throughput : 10319.900829
[report] load_average_latency_ns : 96900.155977
Load workloads needs: 12897785473 ns 
[report] load_thread_ID : 7
[report] load_duration_ns : 12897785473
[report] load_duration_s : 12.897785
[report] load_throughput : 10315.879441
[report] load_average_latency_ns : 96937.930080
Load workloads needs: 12968212472 ns 
[report] load_thread_ID : 10
[report] load_duration_ns : 12968212472
[report] load_duration_s : 12.968212
[report] load_throughput : 10259.856575
[report] load_average_latency_ns : 97467.249436
Load workloads needs: 13002759059 ns 
[report] load_thread_ID : 0
[report] load_duration_ns : 13002759059
[report] load_duration_s : 13.002759
[report] load_throughput : 10232.597512
[report] load_average_latency_ns : 97726.896695
Load workloads needs: 13014661535 ns 
[report] load_thread_ID : 8
[report] load_duration_ns : 13014661535
[report] load_duration_s : 13.014662
[report] load_throughput : 10223.239355
[report] load_average_latency_ns : 97816.354019
Load workloads needs: 13027663366 ns 
[report] load_thread_ID : 9
[report] load_duration_ns : 13027663366
[report] load_duration_s : 13.027663
[report] load_throughput : 10213.036387
[report] load_average_latency_ns : 97914.073941
Load workloads needs: 13028911151 ns 
[report] load_thread_ID : 5
[report] load_duration_ns : 13028911151
[report] load_duration_s : 13.028911
[report] load_throughput : 10212.058280
[report] load_average_latency_ns : 97923.452116
Load workloads needs: 13041601519 ns 
[report] load_thread_ID : 11
[report] load_duration_ns : 13041601519
[report] load_duration_s : 13.041602
[report] load_throughput : 10202.121251
[report] load_average_latency_ns : 98018.831126
Load workloads needs: 13055536330 ns 
[report] load_thread_ID : 12
[report] load_duration_ns : 13055536330
[report] load_duration_s : 13.055536
[report] load_throughput : 10191.232029
[report] load_average_latency_ns : 98123.563193
Load workloads needs: 13071473192 ns 
[report] load_thread_ID : 2
[report] load_duration_ns : 13071473192
[report] load_duration_s : 13.071473
[report] load_throughput : 10178.806784
[report] load_average_latency_ns : 98243.342392
Load workloads needs: 13077491939 ns 
[report] load_thread_ID : 13
[report] load_duration_ns : 13077491939
[report] load_duration_s : 13.077492
[report] load_throughput : 10174.122119
[report] load_average_latency_ns : 98288.578443
Load workloads needs: 13125290416 ns 
[report] load_thread_ID : 4
[report] load_duration_ns : 13125290416
[report] load_duration_s : 13.125290
[report] load_throughput : 10137.070936
[report] load_average_latency_ns : 98647.825031
Load workloads needs: 13145492492 ns 
[report] load_thread_ID : 3
[report] load_duration_ns : 13145492492
[report] load_duration_s : 13.145492
[report] load_throughput : 10121.492221
[report] load_average_latency_ns : 98799.660975
All clients run done needs: 13145781109 ns 
[report] load_overall_duration_ns : 13145781109
[report] load_overall_duration_s : 13.145781
[report] load_overall_throughput : 141698.388597
[report] load_overall_average_latency_ns : 7057.243275
