numactl --membind=0 /home/gxr/mongodb-run/test_mongodb/build//run_client --num_threads=10 --core_binding=0,1,2,3,4,5,6,7,8,9,10,11,24,25,26,27,28,29,30,31,32,33,34,35 --str_key_size=16 --str_key_size=256 --load_file=/home/gxr/mongodb-run/workloads/ycsb/workloada-load-10000000-10000000.log.formated --run_file=/home/gxr/mongodb-run/workloads/ycsb/workloada-run-10000000-10000000.log.formated --URI_set=mongodb://localhost:27017,mongodb://localhost:27018,mongodb://localhost:27019,mongodb://localhost:27020,mongodb://localhost:27021,mongodb://localhost:27022,mongodb://localhost:27023,mongodb://localhost:27024,mongodb://localhost:27025,mongodb://localhost:27026,mongodb://localhost:27027,mongodb://localhost:27028,mongodb://localhost:27029,mongodb://localhost:27030,mongodb://localhost:27031,mongodb://localhost:27032,mongodb://localhost:27033,mongodb://localhost:27034,mongodb://localhost:27035,mongodb://localhost:27036,mongodb://localhost:27037,mongodb://localhost:27038,mongodb://localhost:27039,mongodb://localhost:27040,mongodb://localhost:27041,mongodb://localhost:27042,mongodb://localhost:27043,mongodb://localhost:27044,mongodb://localhost:27045,mongodb://localhost:27046 --first_mode=true
mongodb://localhost:27017 mongodb://localhost:27018 mongodb://localhost:27019 mongodb://localhost:27020 mongodb://localhost:27021 mongodb://localhost:27022 mongodb://localhost:27023 mongodb://localhost:27024 mongodb://localhost:27025 mongodb://localhost:27026 mongodb://localhost:27027 mongodb://localhost:27028 mongodb://localhost:27029 mongodb://localhost:27030 mongodb://localhost:27031 mongodb://localhost:27032 mongodb://localhost:27033 mongodb://localhost:27034 mongodb://localhost:27035 mongodb://localhost:27036 mongodb://localhost:27037 mongodb://localhost:27038 mongodb://localhost:27039 mongodb://localhost:27040 mongodb://localhost:27041 mongodb://localhost:27042 mongodb://localhost:27043 mongodb://localhost:27044 mongodb://localhost:27045 mongodb://localhost:27046 reading workload files ...
load_filename : /home/gxr/mongodb-run/workloads/ycsb/workloada-load-10000000-10000000.log.formated
read load file needs: 956113866 s 
run_filename : /home/gxr/mongodb-run/workloads/ycsb/workloada-run-10000000-10000000.log.formated
read run file needs: 997597391 s 
num_of_load_ops is 1862736
num_of_run_ops is 1934501
0 1 2 3 4 5 6 7 8 9 10 11 24 25 26 27 28 29 30 31 32 33 34 35 URI: URI: mongodb://localhost:27017
mongodb://localhost:27017
URI: mongodb://localhost:27017
URI: mongodb://localhost:27017
URI: mongodb://localhost:27017
URI: mongodb://localhost:27017
URI: mongodb://localhost:27017
URI: mongodb://localhost:27017
URI: mongodb://localhost:27017
URI: mongodb://localhost:27017
Load workloads needs: 12668109488 ns 
[report] load_thread_ID : 8
[report] load_duration_ns : 12668109488
[report] load_duration_s : 12.668109
[report] load_throughput : 14704.088260
[report] load_average_latency_ns : 68008.296898
Load workloads needs: 12907209731 ns 
[report] load_thread_ID : 7
[report] load_duration_ns : 12907209731
[report] load_duration_s : 12.907210
[report] load_throughput : 14431.701652
[report] load_average_latency_ns : 69291.898080
Load workloads needs: 12934983753 ns 
[report] load_thread_ID : 0
[report] load_duration_ns : 12934983753
[report] load_duration_s : 12.934984
[report] load_throughput : 14400.713875
[report] load_average_latency_ns : 69441.001933
Load workloads needs: 12997980562 ns 
[report] load_thread_ID : 6
[report] load_duration_ns : 12997980562
[report] load_duration_s : 12.997981
[report] load_throughput : 14330.918492
[report] load_average_latency_ns : 69779.198070
Load workloads needs: 13201864100 ns 
[report] load_thread_ID : 4
[report] load_duration_ns : 13201864100
[report] load_duration_s : 13.201864
[report] load_throughput : 14109.598356
[report] load_average_latency_ns : 70873.739619
Load workloads needs: 13265294471 ns 
[report] load_thread_ID : 1
[report] load_duration_ns : 13265294471
[report] load_duration_s : 13.265294
[report] load_throughput : 14042.130795
[report] load_average_latency_ns : 71214.263318
Load workloads needs: 13310716425 ns 
[report] load_thread_ID : 2
[report] load_duration_ns : 13310716425
[report] load_duration_s : 13.310716
[report] load_throughput : 13994.212937
[report] load_average_latency_ns : 71458.109468
Load workloads needs: 13318663871 ns 
[report] load_thread_ID : 9
[report] load_duration_ns : 13318663871
[report] load_duration_s : 13.318664
[report] load_throughput : 13985.862381
[report] load_average_latency_ns : 71500.775051
Load workloads needs: 13377303138 ns 
[report] load_thread_ID : 3
[report] load_duration_ns : 13377303138
[report] load_duration_s : 13.377303
[report] load_throughput : 13924.555501
[report] load_average_latency_ns : 71815.577878
Load workloads needs: 13893861127 ns 
[report] load_thread_ID : 5
[report] load_duration_ns : 13893861127
[report] load_duration_s : 13.893861
[report] load_throughput : 13406.856330
[report] load_average_latency_ns : 74588.701138
All clients run done needs: 13894380713 ns 
[report] load_overall_duration_ns : 13894380713
[report] load_overall_duration_s : 13.894381
[report] load_overall_throughput : 134063.981582
[report] load_overall_average_latency_ns : 7459.125025
