numactl --membind=2 /mnt/nvme0/home/gxr/mongdb-run/test_mongodb/build//run_client --num_threads=20 --core_binding=0,1,2,3,4,5,6,7,8,9,10,11,12,13,14,15,128,129,130,131,132,133,134,135,136,137,138,139,140,141,142,143 --str_key_size=16 --str_key_size=256 --load_file=/mnt/nvme0/home/gxr/mongdb-run/workloads/ycsb/workloada-load-10000000-10000000.log.formated --run_file=/mnt/nvme0/home/gxr/mongdb-run/workloads/ycsb/workloada-run-10000000-10000000.log.formated --URI_set=mongodb://localhost:27017,mongodb://localhost:27018,mongodb://localhost:27019,mongodb://localhost:27020,mongodb://localhost:27021,mongodb://localhost:27022,mongodb://localhost:27023,mongodb://localhost:27024,mongodb://localhost:27025,mongodb://localhost:27026,mongodb://localhost:27027,mongodb://localhost:27028,mongodb://localhost:27029,mongodb://localhost:27030,mongodb://localhost:27031,mongodb://localhost:27032,mongodb://localhost:27033,mongodb://localhost:27034,mongodb://localhost:27035,mongodb://localhost:27036,mongodb://localhost:27037,mongodb://localhost:27038,mongodb://localhost:27039,mongodb://localhost:27040,mongodb://localhost:27041,mongodb://localhost:27042,mongodb://localhost:27043,mongodb://localhost:27044,mongodb://localhost:27045,mongodb://localhost:27046 --first_mode=true
mongodb://localhost:27017 mongodb://localhost:27018 mongodb://localhost:27019 mongodb://localhost:27020 mongodb://localhost:27021 mongodb://localhost:27022 mongodb://localhost:27023 mongodb://localhost:27024 mongodb://localhost:27025 mongodb://localhost:27026 mongodb://localhost:27027 mongodb://localhost:27028 mongodb://localhost:27029 mongodb://localhost:27030 mongodb://localhost:27031 mongodb://localhost:27032 mongodb://localhost:27033 mongodb://localhost:27034 mongodb://localhost:27035 mongodb://localhost:27036 mongodb://localhost:27037 mongodb://localhost:27038 mongodb://localhost:27039 mongodb://localhost:27040 mongodb://localhost:27041 mongodb://localhost:27042 mongodb://localhost:27043 mongodb://localhost:27044 mongodb://localhost:27045 mongodb://localhost:27046 reading workload files ...
load_filename : /mnt/nvme0/home/gxr/mongdb-run/workloads/ycsb/workloada-load-10000000-10000000.log.formated
read load file needs: 6022889299 s 
run_filename : /mnt/nvme0/home/gxr/mongdb-run/workloads/ycsb/workloada-run-10000000-10000000.log.formated
read run file needs: 5999370502 s 
num_of_load_ops is 10000000
num_of_run_ops is 10000000
0 1 2 3 4 5 6 7 8 9 10 11 12 13 14 15 128 129 130 131 132 133 134 135 136 137 138 139 140 141 142 143 URI: URI: mongodb://localhost:27017
URI: mongodb://localhost:27017
mongodb://localhost:27017
URI: mongodb://localhost:27017
URI: mongodb://localhost:27017
URI: mongodb://localhost:27017
URI: mongodb://localhost:27017
URI: mongodb://localhost:27017
URI: mongodb://localhost:27017
URI: mongodb://localhost:27017
URI: mongodb://localhost:27017
URI: mongodb://localhost:27017
URI: URI: mongodb://localhost:27017
mongodb://localhost:27017
URI: mongodb://localhost:27017
URI: mongodb://localhost:27017
URI: mongodb://localhost:27017
URI: mongodb://localhost:27017
URI: mongodb://localhost:27017
URI: mongodb://localhost:27017
Load workloads needs: 84145717616 ns 
[report] load_thread_ID : 15
[report] load_duration_ns : 84145717616
[report] load_duration_s : 84.145718
[report] load_throughput : 5942.073039
[report] load_average_latency_ns : 168291.435232
Load workloads needs: 84259096777 ns 
[report] load_thread_ID : 14
[report] load_duration_ns : 84259096777
[report] load_duration_s : 84.259097
[report] load_throughput : 5934.077377
[report] load_average_latency_ns : 168518.193554
Load workloads needs: 84405509696 ns 
[report] load_thread_ID : 12
[report] load_duration_ns : 84405509696
[report] load_duration_s : 84.405510
[report] load_throughput : 5923.783907
[report] load_average_latency_ns : 168811.019392
Load workloads needs: 85134042852 ns 
[report] load_thread_ID : 10
[report] load_duration_ns : 85134042852
[report] load_duration_s : 85.134043
[report] load_throughput : 5873.091225
[report] load_average_latency_ns : 170268.085704
Load workloads needs: 85379020304 ns 
[report] load_thread_ID : 8
[report] load_duration_ns : 85379020304
[report] load_duration_s : 85.379020
[report] load_throughput : 5856.239603
[report] load_average_latency_ns : 170758.040608
Load workloads needs: 85409160091 ns 
[report] load_thread_ID : 11
[report] load_duration_ns : 85409160091
[report] load_duration_s : 85.409160
[report] load_throughput : 5854.173012
[report] load_average_latency_ns : 170818.320182
Load workloads needs: 85726777705 ns 
[report] load_thread_ID : 9
[report] load_duration_ns : 85726777705
[report] load_duration_s : 85.726778
[report] load_throughput : 5832.483308
[report] load_average_latency_ns : 171453.555410
Load workloads needs: 85765567351 ns 
[report] load_thread_ID : 13
[report] load_duration_ns : 85765567351
[report] load_duration_s : 85.765567
[report] load_throughput : 5829.845420
[report] load_average_latency_ns : 171531.134702
Load workloads needs: 90082305793 ns 
[report] load_thread_ID : 18
[report] load_duration_ns : 90082305793
[report] load_duration_s : 90.082306
[report] load_throughput : 5550.479593
[report] load_average_latency_ns : 180164.611586
Load workloads needs: 90749603908 ns 
[report] load_thread_ID : 16
[report] load_duration_ns : 90749603908
[report] load_duration_s : 90.749604
[report] load_throughput : 5509.665921
[report] load_average_latency_ns : 181499.207816
Load workloads needs: 91057663943 ns 
[report] load_thread_ID : 17
[report] load_duration_ns : 91057663943
[report] load_duration_s : 91.057664
[report] load_throughput : 5491.025998
[report] load_average_latency_ns : 182115.327886
Load workloads needs: 94001369130 ns 
[report] load_thread_ID : 7
[report] load_duration_ns : 94001369130
[report] load_duration_s : 94.001369
[report] load_throughput : 5319.071463
[report] load_average_latency_ns : 188002.738260
Load workloads needs: 96111616999 ns 
[report] load_thread_ID : 19
[report] load_duration_ns : 96111616999
[report] load_duration_s : 96.111617
[report] load_throughput : 5202.284756
[report] load_average_latency_ns : 192223.233998
Load workloads needs: 97010581679 ns 
[report] load_thread_ID : 3
[report] load_duration_ns : 97010581679
[report] load_duration_s : 97.010582
[report] load_throughput : 5154.076920
[report] load_average_latency_ns : 194021.163358
Load workloads needs: 97531247475 ns 
[report] load_thread_ID : 6
[report] load_duration_ns : 97531247475
[report] load_duration_s : 97.531247
[report] load_throughput : 5126.562132
[report] load_average_latency_ns : 195062.494950
Load workloads needs: 99498861312 ns 
[report] load_thread_ID : 4
[report] load_duration_ns : 99498861312
[report] load_duration_s : 99.498861
[report] load_throughput : 5025.183137
[report] load_average_latency_ns : 198997.722624
Load workloads needs: 99660267808 ns 
[report] load_thread_ID : 0
[report] load_duration_ns : 99660267808
[report] load_duration_s : 99.660268
[report] load_throughput : 5017.044515
[report] load_average_latency_ns : 199320.535616
Load workloads needs: 99942855790 ns 
[report] load_thread_ID : 1
[report] load_duration_ns : 99942855790
[report] load_duration_s : 99.942856
[report] load_throughput : 5002.858844
[report] load_average_latency_ns : 199885.711580
Load workloads needs: 100153490478 ns 
[report] load_thread_ID : 2
[report] load_duration_ns : 100153490478
[report] load_duration_s : 100.153490
[report] load_throughput : 4992.337238
[report] load_average_latency_ns : 200306.980956
Load workloads needs: 101145003668 ns 
[report] load_thread_ID : 5
[report] load_duration_ns : 101145003668
[report] load_duration_s : 101.145004
[report] load_throughput : 4943.397913
[report] load_average_latency_ns : 202290.007336
All clients run done needs: 101144682620 ns 
[report] load_overall_duration_ns : 101144682620
[report] load_overall_duration_s : 101.144683
[report] load_overall_throughput : 98868.272073
[report] load_overall_average_latency_ns : 10114.468262
