numactl --membind=2 /mnt/nvme0/home/gxr/mongdb-run/test_mongodb/build//run_client --num_threads=4 --core_binding=0,1,2,3,4,5,6,7,8,9,10,11,12,13,14,15,128,129,130,131,132,133,134,135,136,137,138,139,140,141,142,143 --str_key_size=16 --str_key_size=1024 --load_file=/mnt/nvme0/home/gxr/mongdb-run/workloads/ycsb/workloada-load-10000000-10000000.log.formated --run_file=/mnt/nvme0/home/gxr/mongdb-run/workloads/ycsb/workloada-run-10000000-10000000.log.formated --URI_set=mongodb://localhost:27017,mongodb://localhost:27018,mongodb://localhost:27019,mongodb://localhost:27020,mongodb://localhost:27021,mongodb://localhost:27022,mongodb://localhost:27023,mongodb://localhost:27024,mongodb://localhost:27025,mongodb://localhost:27026,mongodb://localhost:27027,mongodb://localhost:27028,mongodb://localhost:27029,mongodb://localhost:27030,mongodb://localhost:27031,mongodb://localhost:27032,mongodb://localhost:27033,mongodb://localhost:27034,mongodb://localhost:27035,mongodb://localhost:27036,mongodb://localhost:27037,mongodb://localhost:27038,mongodb://localhost:27039,mongodb://localhost:27040,mongodb://localhost:27041,mongodb://localhost:27042,mongodb://localhost:27043,mongodb://localhost:27044,mongodb://localhost:27045,mongodb://localhost:27046 --first_mode=false
mongodb://localhost:27017 mongodb://localhost:27018 mongodb://localhost:27019 mongodb://localhost:27020 mongodb://localhost:27021 mongodb://localhost:27022 mongodb://localhost:27023 mongodb://localhost:27024 mongodb://localhost:27025 mongodb://localhost:27026 mongodb://localhost:27027 mongodb://localhost:27028 mongodb://localhost:27029 mongodb://localhost:27030 mongodb://localhost:27031 mongodb://localhost:27032 mongodb://localhost:27033 mongodb://localhost:27034 mongodb://localhost:27035 mongodb://localhost:27036 mongodb://localhost:27037 mongodb://localhost:27038 mongodb://localhost:27039 mongodb://localhost:27040 mongodb://localhost:27041 mongodb://localhost:27042 mongodb://localhost:27043 mongodb://localhost:27044 mongodb://localhost:27045 mongodb://localhost:27046 reading workload files ...
load_filename : /mnt/nvme0/home/gxr/mongdb-run/workloads/ycsb/workloada-load-10000000-10000000.log.formated
read load file needs: 5996330569 s 
run_filename : /mnt/nvme0/home/gxr/mongdb-run/workloads/ycsb/workloada-run-10000000-10000000.log.formated
read run file needs: 6015757778 s 
num_of_load_ops is 10000000
num_of_run_ops is 10000000
0 1 2 3 4 5 6 7 8 9 10 11 12 13 14 15 128 129 130 131 132 133 134 135 136 137 138 139 140 141 142 143 URI: URI: mongodb://localhost:27019
URI: mongodb://localhost:27020
URI: mongodb://localhost:27018
mongodb://localhost:27017
Load workloads needs: 271407635645 ns 
[report] load_thread_ID : 2
[report] load_duration_ns : 271407635645
[report] load_duration_s : 271.407636
[report] load_throughput : 9211.236795
[report] load_average_latency_ns : 108563.054258
Load workloads needs: 274427309514 ns 
[report] load_thread_ID : 3
[report] load_duration_ns : 274427309514
[report] load_duration_s : 274.427310
[report] load_throughput : 9109.880516
[report] load_average_latency_ns : 109770.923806
Load workloads needs: 277142637156 ns 
[report] load_thread_ID : 0
[report] load_duration_ns : 277142637156
[report] load_duration_s : 277.142637
[report] load_throughput : 9020.625717
[report] load_average_latency_ns : 110857.054862
Load workloads needs: 278905384914 ns 
[report] load_thread_ID : 1
[report] load_duration_ns : 278905384914
[report] load_duration_s : 278.905385
[report] load_throughput : 8963.613237
[report] load_average_latency_ns : 111562.153966
All clients run done needs: 278906287281 ns 
[report] load_overall_duration_ns : 278906287281
[report] load_overall_duration_s : 278.906287
[report] load_overall_throughput : 35854.336944
[report] load_overall_average_latency_ns : 27890.628728
