numactl --membind=2 /mnt/nvme0/home/gxr/mongdb-run/test_mongodb/build//run_client --num_threads=24 --core_binding=0,1,2,3,4,5,6,7,8,9,10,11,12,13,14,15,128,129,130,131,132,133,134,135,136,137,138,139,140,141,142,143 --str_key_size=16 --str_key_size=256 --load_file=/mnt/nvme0/home/gxr/mongdb-run/workloads/ycsb/workloada-load-10000000-10000000.log.formated --run_file=/mnt/nvme0/home/gxr/mongdb-run/workloads/ycsb/workloada-run-10000000-10000000.log.formated --URI_set=mongodb://localhost:27017,mongodb://localhost:27018,mongodb://localhost:27019,mongodb://localhost:27020,mongodb://localhost:27021,mongodb://localhost:27022,mongodb://localhost:27023,mongodb://localhost:27024,mongodb://localhost:27025,mongodb://localhost:27026,mongodb://localhost:27027,mongodb://localhost:27028,mongodb://localhost:27029,mongodb://localhost:27030,mongodb://localhost:27031,mongodb://localhost:27032,mongodb://localhost:27033,mongodb://localhost:27034,mongodb://localhost:27035,mongodb://localhost:27036,mongodb://localhost:27037,mongodb://localhost:27038,mongodb://localhost:27039,mongodb://localhost:27040,mongodb://localhost:27041,mongodb://localhost:27042,mongodb://localhost:27043,mongodb://localhost:27044,mongodb://localhost:27045,mongodb://localhost:27046 --first_mode=true
mongodb://localhost:27017 mongodb://localhost:27018 mongodb://localhost:27019 mongodb://localhost:27020 mongodb://localhost:27021 mongodb://localhost:27022 mongodb://localhost:27023 mongodb://localhost:27024 mongodb://localhost:27025 mongodb://localhost:27026 mongodb://localhost:27027 mongodb://localhost:27028 mongodb://localhost:27029 mongodb://localhost:27030 mongodb://localhost:27031 mongodb://localhost:27032 mongodb://localhost:27033 mongodb://localhost:27034 mongodb://localhost:27035 mongodb://localhost:27036 mongodb://localhost:27037 mongodb://localhost:27038 mongodb://localhost:27039 mongodb://localhost:27040 mongodb://localhost:27041 mongodb://localhost:27042 mongodb://localhost:27043 mongodb://localhost:27044 mongodb://localhost:27045 mongodb://localhost:27046 reading workload files ...
load_filename : /mnt/nvme0/home/gxr/mongdb-run/workloads/ycsb/workloada-load-10000000-10000000.log.formated
read load file needs: 5962747901 s 
run_filename : /mnt/nvme0/home/gxr/mongdb-run/workloads/ycsb/workloada-run-10000000-10000000.log.formated
read run file needs: 5963196234 s 
num_of_load_ops is 10000000
num_of_run_ops is 10000000
0 1 2 3 4 5 6 7 8 9 10 11 12 13 14 15 128 129 130 131 132 133 134 135 136 137 138 139 140 141 142 143 URI: URI: URI: mongodb://localhost:27017
mongodb://localhost:27017
mongodb://localhost:27017
URI: mongodb://localhost:27017
URI: mongodb://localhost:27017
URI: mongodb://localhost:27017
URI: mongodb://localhost:27017
URI: mongodb://localhost:27017
URI: URI: URI: URI: mongodb://localhost:27017
URI: URI: mongodb://localhost:27017
mongodb://localhost:27017
mongodb://localhost:27017
mongodb://localhost:27017
mongodb://localhost:27017
URI: mongodb://localhost:27017
URI: mongodb://localhost:27017
URI: mongodb://localhost:27017
URI: mongodb://localhost:27017
URI: mongodb://localhost:27017
URI: mongodb://localhost:27017
URI: mongodb://localhost:27017
URI: mongodb://localhost:27017
URI: mongodb://localhost:27017
URI: mongodb://localhost:27017
Load workloads needs: 73688902516 ns 
[report] load_thread_ID : 8
[report] load_duration_ns : 73688902516
[report] load_duration_s : 73.688903
[report] load_throughput : 5654.392802
[report] load_average_latency_ns : 176853.649004
Load workloads needs: 73698820161 ns 
[report] load_thread_ID : 14
[report] load_duration_ns : 73698820161
[report] load_duration_s : 73.698820
[report] load_throughput : 5653.631891
[report] load_average_latency_ns : 176877.451390
Load workloads needs: 73780880641 ns 
[report] load_thread_ID : 9
[report] load_duration_ns : 73780880641
[report] load_duration_s : 73.780881
[report] load_throughput : 5647.343816
[report] load_average_latency_ns : 177074.396857
Load workloads needs: 74220426703 ns 
[report] load_thread_ID : 11
[report] load_duration_ns : 74220426703
[report] load_duration_s : 74.220427
[report] load_throughput : 5613.899280
[report] load_average_latency_ns : 178129.309094
Load workloads needs: 74341868144 ns 
[report] load_thread_ID : 15
[report] load_duration_ns : 74341868144
[report] load_duration_s : 74.341868
[report] load_throughput : 5604.728673
[report] load_average_latency_ns : 178420.769019
Load workloads needs: 74393428681 ns 
[report] load_thread_ID : 13
[report] load_duration_ns : 74393428681
[report] load_duration_s : 74.393429
[report] load_throughput : 5600.844152
[report] load_average_latency_ns : 178544.514506
Load workloads needs: 74688151067 ns 
[report] load_thread_ID : 10
[report] load_duration_ns : 74688151067
[report] load_duration_s : 74.688151
[report] load_throughput : 5578.743001
[report] load_average_latency_ns : 179251.849364
Load workloads needs: 74737597532 ns 
[report] load_thread_ID : 12
[report] load_duration_ns : 74737597532
[report] load_duration_s : 74.737598
[report] load_throughput : 5575.052099
[report] load_average_latency_ns : 179370.521070
Load workloads needs: 87654773686 ns 
[report] load_thread_ID : 16
[report] load_duration_ns : 87654773686
[report] load_duration_s : 87.654774
[report] load_throughput : 4753.488971
[report] load_average_latency_ns : 210371.793441
Load workloads needs: 87800919557 ns 
[report] load_thread_ID : 17
[report] load_duration_ns : 87800919557
[report] load_duration_s : 87.800920
[report] load_throughput : 4745.576722
[report] load_average_latency_ns : 210722.544093
Load workloads needs: 88059695991 ns 
[report] load_thread_ID : 1
[report] load_duration_ns : 88059695991
[report] load_duration_s : 88.059696
[report] load_throughput : 4731.631143
[report] load_average_latency_ns : 211343.608528
Load workloads needs: 88128468267 ns 
[report] load_thread_ID : 0
[report] load_duration_ns : 88128468267
[report] load_duration_s : 88.128468
[report] load_throughput : 4727.938749
[report] load_average_latency_ns : 211508.662255
Load workloads needs: 88203570111 ns 
[report] load_thread_ID : 22
[report] load_duration_ns : 88203570111
[report] load_duration_s : 88.203570
[report] load_throughput : 4723.913096
[report] load_average_latency_ns : 211688.906969
Load workloads needs: 88224489608 ns 
[report] load_thread_ID : 21
[report] load_duration_ns : 88224489608
[report] load_duration_s : 88.224490
[report] load_throughput : 4722.792978
[report] load_average_latency_ns : 211739.113842
Load workloads needs: 88244478496 ns 
[report] load_thread_ID : 23
[report] load_duration_ns : 88244478496
[report] load_duration_s : 88.244478
[report] load_throughput : 4721.723184
[report] load_average_latency_ns : 211787.087250
Load workloads needs: 88261750565 ns 
[report] load_thread_ID : 19
[report] load_duration_ns : 88261750565
[report] load_duration_s : 88.261751
[report] load_throughput : 4720.799183
[report] load_average_latency_ns : 211828.540282
Load workloads needs: 88302224002 ns 
[report] load_thread_ID : 20
[report] load_duration_ns : 88302224002
[report] load_duration_s : 88.302224
[report] load_throughput : 4718.635399
[report] load_average_latency_ns : 211925.676686
Load workloads needs: 88330958050 ns 
[report] load_thread_ID : 18
[report] load_duration_ns : 88330958050
[report] load_duration_s : 88.330958
[report] load_throughput : 4717.100428
[report] load_average_latency_ns : 211994.638511
Load workloads needs: 88363661034 ns 
[report] load_thread_ID : 5
[report] load_duration_ns : 88363661034
[report] load_duration_s : 88.363661
[report] load_throughput : 4715.354651
[report] load_average_latency_ns : 212073.125799
Load workloads needs: 88436172727 ns 
[report] load_thread_ID : 6
[report] load_duration_ns : 88436172727
[report] load_duration_s : 88.436173
[report] load_throughput : 4711.488378
[report] load_average_latency_ns : 212247.154140
Load workloads needs: 88447932365 ns 
[report] load_thread_ID : 3
[report] load_duration_ns : 88447932365
[report] load_duration_s : 88.447932
[report] load_throughput : 4710.861960
[report] load_average_latency_ns : 212275.377317
Load workloads needs: 88503034520 ns 
[report] load_thread_ID : 2
[report] load_duration_ns : 88503034520
[report] load_duration_s : 88.503035
[report] load_throughput : 4707.928968
[report] load_average_latency_ns : 212407.622700
Load workloads needs: 88566400505 ns 
[report] load_thread_ID : 4
[report] load_duration_ns : 88566400505
[report] load_duration_s : 88.566401
[report] load_throughput : 4704.560619
[report] load_average_latency_ns : 212559.701308
Load workloads needs: 88581055373 ns 
[report] load_thread_ID : 7
[report] load_duration_ns : 88581055373
[report] load_duration_s : 88.581055
[report] load_throughput : 4703.782296
[report] load_average_latency_ns : 212594.873047
All clients run done needs: 88581905750 ns 
[report] load_overall_duration_ns : 88581905750
[report] load_overall_duration_s : 88.581906
[report] load_overall_throughput : 112889.871982
[report] load_overall_average_latency_ns : 8858.190575
