numactl --membind=2 /mnt/nvme0/home/gxr/mongdb-run/test_mongodb/build//run_client --num_threads=4 --core_binding=0,1,2,3,4,5,6,7,8,9,10,11,12,13,14,15,128,129,130,131,132,133,134,135,136,137,138,139,140,141,142,143 --str_key_size=16 --str_key_size=256 --load_file=/mnt/nvme0/home/gxr/mongdb-run/workloads/ycsb/workloada-load-10000000-10000000.log.formated --run_file=/mnt/nvme0/home/gxr/mongdb-run/workloads/ycsb/workloada-run-10000000-10000000.log.formated --URI_set=mongodb://localhost:27017,mongodb://localhost:27018,mongodb://localhost:27019,mongodb://localhost:27020,mongodb://localhost:27021,mongodb://localhost:27022,mongodb://localhost:27023,mongodb://localhost:27024,mongodb://localhost:27025,mongodb://localhost:27026,mongodb://localhost:27027,mongodb://localhost:27028,mongodb://localhost:27029,mongodb://localhost:27030,mongodb://localhost:27031,mongodb://localhost:27032,mongodb://localhost:27033,mongodb://localhost:27034,mongodb://localhost:27035,mongodb://localhost:27036,mongodb://localhost:27037,mongodb://localhost:27038,mongodb://localhost:27039,mongodb://localhost:27040,mongodb://localhost:27041,mongodb://localhost:27042,mongodb://localhost:27043,mongodb://localhost:27044,mongodb://localhost:27045,mongodb://localhost:27046 --first_mode=true
mongodb://localhost:27017 mongodb://localhost:27018 mongodb://localhost:27019 mongodb://localhost:27020 mongodb://localhost:27021 mongodb://localhost:27022 mongodb://localhost:27023 mongodb://localhost:27024 mongodb://localhost:27025 mongodb://localhost:27026 mongodb://localhost:27027 mongodb://localhost:27028 mongodb://localhost:27029 mongodb://localhost:27030 mongodb://localhost:27031 mongodb://localhost:27032 mongodb://localhost:27033 mongodb://localhost:27034 mongodb://localhost:27035 mongodb://localhost:27036 mongodb://localhost:27037 mongodb://localhost:27038 mongodb://localhost:27039 mongodb://localhost:27040 mongodb://localhost:27041 mongodb://localhost:27042 mongodb://localhost:27043 mongodb://localhost:27044 mongodb://localhost:27045 mongodb://localhost:27046 reading workload files ...
load_filename : /mnt/nvme0/home/gxr/mongdb-run/workloads/ycsb/workloada-load-10000000-10000000.log.formated
read load file needs: 5911682349 s 
run_filename : /mnt/nvme0/home/gxr/mongdb-run/workloads/ycsb/workloada-run-10000000-10000000.log.formated
read run file needs: 5907696486 s 
num_of_load_ops is 10000000
num_of_run_ops is 10000000
0 1 2 3 4 5 6 7 8 9 10 11 12 13 14 15 128 129 130 131 132 133 134 135 136 137 138 139 140 141 142 143 URI: mongodb://localhost:27017
URI: mongodb://localhost:27017
URI: mongodb://localhost:27017
URI: mongodb://localhost:27017
Load workloads needs: 270192383142 ns 
[report] load_thread_ID : 1
[report] load_duration_ns : 270192383142
[report] load_duration_s : 270.192383
[report] load_throughput : 9252.666455
[report] load_average_latency_ns : 108076.953257
Load workloads needs: 281284764960 ns 
[report] load_thread_ID : 3
[report] load_duration_ns : 281284764960
[report] load_duration_s : 281.284765
[report] load_throughput : 8887.790280
[report] load_average_latency_ns : 112513.905984
Load workloads needs: 282758951182 ns 
[report] load_thread_ID : 2
[report] load_duration_ns : 282758951182
[report] load_duration_s : 282.758951
[report] load_throughput : 8841.453081
[report] load_average_latency_ns : 113103.580473
Load workloads needs: 292744315660 ns 
[report] load_thread_ID : 0
[report] load_duration_ns : 292744315660
[report] load_duration_s : 292.744316
[report] load_throughput : 8539.875469
[report] load_average_latency_ns : 117097.726264
All clients run done needs: 292745254996 ns 
[report] load_overall_duration_ns : 292745254996
[report] load_overall_duration_s : 292.745255
[report] load_overall_throughput : 34159.392268
[report] load_overall_average_latency_ns : 29274.525500
