numactl --membind=0 /home/gxr/mongodb-run/test_mongodb/build//run_client --num_threads=20 --core_binding=0,1,2,3,4,5,6,7,8,9,10,11,24,25,26,27,28,29,30,31,32,33,34,35 --str_key_size=16 --str_key_size=1024 --load_file=/home/gxr/mongodb-run/workloads/ycsb/workloada-load-10000000-10000000.log.formated --run_file=/home/gxr/mongodb-run/workloads/ycsb/workloada-run-10000000-10000000.log.formated --URI_set=mongodb://localhost:27017,mongodb://localhost:27018,mongodb://localhost:27019,mongodb://localhost:27020,mongodb://localhost:27021,mongodb://localhost:27022,mongodb://localhost:27023,mongodb://localhost:27024,mongodb://localhost:27025,mongodb://localhost:27026,mongodb://localhost:27027,mongodb://localhost:27028,mongodb://localhost:27029,mongodb://localhost:27030,mongodb://localhost:27031,mongodb://localhost:27032,mongodb://localhost:27033,mongodb://localhost:27034,mongodb://localhost:27035,mongodb://localhost:27036,mongodb://localhost:27037,mongodb://localhost:27038,mongodb://localhost:27039,mongodb://localhost:27040,mongodb://localhost:27041,mongodb://localhost:27042,mongodb://localhost:27043,mongodb://localhost:27044,mongodb://localhost:27045,mongodb://localhost:27046 --first_mode=true
mongodb://localhost:27017 mongodb://localhost:27018 mongodb://localhost:27019 mongodb://localhost:27020 mongodb://localhost:27021 mongodb://localhost:27022 mongodb://localhost:27023 mongodb://localhost:27024 mongodb://localhost:27025 mongodb://localhost:27026 mongodb://localhost:27027 mongodb://localhost:27028 mongodb://localhost:27029 mongodb://localhost:27030 mongodb://localhost:27031 mongodb://localhost:27032 mongodb://localhost:27033 mongodb://localhost:27034 mongodb://localhost:27035 mongodb://localhost:27036 mongodb://localhost:27037 mongodb://localhost:27038 mongodb://localhost:27039 mongodb://localhost:27040 mongodb://localhost:27041 mongodb://localhost:27042 mongodb://localhost:27043 mongodb://localhost:27044 mongodb://localhost:27045 mongodb://localhost:27046 reading workload files ...
load_filename : /home/gxr/mongodb-run/workloads/ycsb/workloada-load-10000000-10000000.log.formated
read load file needs: 1061892491 s 
run_filename : /home/gxr/mongodb-run/workloads/ycsb/workloada-run-10000000-10000000.log.formated
read run file needs: 1028133094 s 
num_of_load_ops is 1862736
num_of_run_ops is 1934501
0 1 2 3 4 5 6 7 8 9 10 11 24 25 26 27 28 29 30 31 32 33 34 35 URI: URI: mongodb://localhost:27017URI: mongodb://localhost:27017
URI: mongodb://localhost:27017URI: URI: mongodb://localhost:27017URI: URI: 
mongodb://localhost:27017

URI: mongodb://localhost:27017
mongodb://localhost:27017mongodb://localhost:27017
URI: mongodb://localhost:27017URI: mongodb://localhost:27017URI: mongodb://localhost:27017

URI: mongodb://localhost:27017


URI: 
URI: mongodb://localhost:27017
mongodb://localhost:27017URI: 
mongodb://localhost:27017
URI: mongodb://localhost:27017
mongodb://localhost:27017
URI: mongodb://localhost:27017
URI: mongodb://localhost:27017
URI: mongodb://localhost:27017
Load workloads needs: 11397259617 ns 
[report] load_thread_ID : 8
[report] load_duration_ns : 11397259617
[report] load_duration_s : 11.397260
[report] load_throughput : 8171.788933
[report] load_average_latency_ns : 122372.225745
Load workloads needs: 11452623213 ns 
[report] load_thread_ID : 11
[report] load_duration_ns : 11452623213
[report] load_duration_s : 11.452623
[report] load_throughput : 8132.285352
[report] load_average_latency_ns : 122966.663943
Load workloads needs: 11547391839 ns 
[report] load_thread_ID : 10
[report] load_duration_ns : 11547391839
[report] load_duration_s : 11.547392
[report] load_throughput : 8065.544263
[report] load_average_latency_ns : 123984.193427
Load workloads needs: 11662484143 ns 
[report] load_thread_ID : 9
[report] load_duration_ns : 11662484143
[report] load_duration_s : 11.662484
[report] load_throughput : 7985.948693
[report] load_average_latency_ns : 125219.937972
Load workloads needs: 11757835901 ns 
[report] load_thread_ID : 0
[report] load_duration_ns : 11757835901
[report] load_duration_s : 11.757836
[report] load_throughput : 7921.185564
[report] load_average_latency_ns : 126243.728537
Load workloads needs: 11796437566 ns 
[report] load_thread_ID : 12
[report] load_duration_ns : 11796437566
[report] load_duration_s : 11.796438
[report] load_throughput : 7895.264946
[report] load_average_latency_ns : 126658.194103
Load workloads needs: 11812589066 ns 
[report] load_thread_ID : 15
[report] load_duration_ns : 11812589066
[report] load_duration_s : 11.812589
[report] load_throughput : 7884.469652
[report] load_average_latency_ns : 126831.612545
Load workloads needs: 11821170908 ns 
[report] load_thread_ID : 4
[report] load_duration_ns : 11821170908
[report] load_duration_s : 11.821171
[report] load_throughput : 7878.745746
[report] load_average_latency_ns : 126923.755669
Load workloads needs: 11823182033 ns 
[report] load_thread_ID : 2
[report] load_duration_ns : 11823182033
[report] load_duration_s : 11.823182
[report] load_throughput : 7877.405570
[report] load_average_latency_ns : 126945.349092
Load workloads needs: 11830166106 ns 
[report] load_thread_ID : 14
[report] load_duration_ns : 11830166106
[report] load_duration_s : 11.830166
[report] load_throughput : 7872.755054
[report] load_average_latency_ns : 127020.336991
Load workloads needs: 11836559392 ns 
[report] load_thread_ID : 13
[report] load_duration_ns : 11836559392
[report] load_duration_s : 11.836559
[report] load_throughput : 7868.502739
[report] load_average_latency_ns : 127088.981618
Load workloads needs: 11844879140 ns 
[report] load_thread_ID : 1
[report] load_duration_ns : 11844879140
[report] load_duration_s : 11.844879
[report] load_throughput : 7862.975966
[report] load_average_latency_ns : 127178.310643
Load workloads needs: 11852347064 ns 
[report] load_thread_ID : 18
[report] load_duration_ns : 11852347064
[report] load_duration_s : 11.852347
[report] load_throughput : 7858.021664
[report] load_average_latency_ns : 127258.493644
Load workloads needs: 11853294918 ns 
[report] load_thread_ID : 3
[report] load_duration_ns : 11853294918
[report] load_duration_s : 11.853295
[report] load_throughput : 7857.393294
[report] load_average_latency_ns : 127268.670740
Load workloads needs: 11854267006 ns 
[report] load_thread_ID : 17
[report] load_duration_ns : 11854267006
[report] load_duration_s : 11.854267
[report] load_throughput : 7856.748962
[report] load_average_latency_ns : 127279.108036
Load workloads needs: 11869147252 ns 
[report] load_thread_ID : 16
[report] load_duration_ns : 11869147252
[report] load_duration_s : 11.869147
[report] load_throughput : 7846.899025
[report] load_average_latency_ns : 127438.877040
Load workloads needs: 11872563846 ns 
[report] load_thread_ID : 7
[report] load_duration_ns : 11872563846
[report] load_duration_s : 11.872564
[report] load_throughput : 7844.640906
[report] load_average_latency_ns : 127475.560965
Load workloads needs: 11872811501 ns 
[report] load_thread_ID : 19
[report] load_duration_ns : 11872811501
[report] load_duration_s : 11.872812
[report] load_throughput : 7844.477274
[report] load_average_latency_ns : 127478.220033
Load workloads needs: 11891860289 ns 
[report] load_thread_ID : 6
[report] load_duration_ns : 11891860289
[report] load_duration_s : 11.891860
[report] load_throughput : 7831.911723
[report] load_average_latency_ns : 127682.746618
Load workloads needs: 11894409220 ns 
[report] load_thread_ID : 5
[report] load_duration_ns : 11894409220
[report] load_duration_s : 11.894409
[report] load_throughput : 7830.233371
[report] load_average_latency_ns : 127710.114456
All clients run done needs: 11894797749 ns 
[report] load_overall_duration_ns : 11894797749
[report] load_overall_duration_s : 11.894798
[report] load_overall_throughput : 156600.897242
[report] load_overall_average_latency_ns : 6385.659454
