numactl --membind=0 /home/gxr/mongodb-run/test_mongodb/build//run_client --num_threads=16 --core_binding=0,1,2,3,4,5,6,7,8,9,10,11,24,25,26,27,28,29,30,31,32,33,34,35 --str_key_size=16 --str_key_size=64 --load_file=/home/gxr/mongodb-run/workloads/ycsb/workloada-load-50000000-50000000.log.formated --run_file=/home/gxr/mongodb-run/workloads/ycsb/workloada-run-50000000-50000000.log.formated --URI_set=mongodb://localhost:27017,mongodb://localhost:27018,mongodb://localhost:27019,mongodb://localhost:27020,mongodb://localhost:27021,mongodb://localhost:27022,mongodb://localhost:27023,mongodb://localhost:27024,mongodb://localhost:27025,mongodb://localhost:27026,mongodb://localhost:27027,mongodb://localhost:27028,mongodb://localhost:27029,mongodb://localhost:27030,mongodb://localhost:27031,mongodb://localhost:27032,mongodb://localhost:27033,mongodb://localhost:27034,mongodb://localhost:27035,mongodb://localhost:27036,mongodb://localhost:27037,mongodb://localhost:27038,mongodb://localhost:27039,mongodb://localhost:27040,mongodb://localhost:27041,mongodb://localhost:27042,mongodb://localhost:27043,mongodb://localhost:27044,mongodb://localhost:27045,mongodb://localhost:27046 --first_mode=false
mongodb://localhost:27017 mongodb://localhost:27018 mongodb://localhost:27019 mongodb://localhost:27020 mongodb://localhost:27021 mongodb://localhost:27022 mongodb://localhost:27023 mongodb://localhost:27024 mongodb://localhost:27025 mongodb://localhost:27026 mongodb://localhost:27027 mongodb://localhost:27028 mongodb://localhost:27029 mongodb://localhost:27030 mongodb://localhost:27031 mongodb://localhost:27032 mongodb://localhost:27033 mongodb://localhost:27034 mongodb://localhost:27035 mongodb://localhost:27036 mongodb://localhost:27037 mongodb://localhost:27038 mongodb://localhost:27039 mongodb://localhost:27040 mongodb://localhost:27041 mongodb://localhost:27042 mongodb://localhost:27043 mongodb://localhost:27044 mongodb://localhost:27045 mongodb://localhost:27046 reading workload files ...
load_filename : /home/gxr/mongodb-run/workloads/ycsb/workloada-load-50000000-50000000.log.formated
read load file needs: 895019300 s 
run_filename : /home/gxr/mongodb-run/workloads/ycsb/workloada-run-50000000-50000000.log.formated
read run file needs: 995288357 s 
num_of_load_ops is 1774963
num_of_run_ops is 1924255
0 1 2 3 4 5 6 7 8 9 10 11 24 25 26 27 28 29 30 31 32 33 34 35 URI: mongodb://localhost:27020
URI: mongodb://localhost:27021
URI: mongodb://localhost:27019
URI: mongodb://localhost:27018
URI: mongodb://localhost:27017
URI: mongodb://localhost:27022
URI: mongodb://localhost:27023
URI: mongodb://localhost:27025
URI: mongodb://localhost:27024
URI: mongodb://localhost:27026
URI: mongodb://localhost:27027
URI: mongodb://localhost:27028
URI: mongodb://localhost:27030
URI: mongodb://localhost:27029URI: mongodb://localhost:27031

URI: mongodb://localhost:27032
Load workloads needs: 9040113231 ns 
[report] load_thread_ID : 15
[report] load_duration_ns : 9040113231
[report] load_duration_s : 9.040113
[report] load_throughput : 12271.417090
[report] load_average_latency_ns : 81490.181016
Load workloads needs: 9137105545 ns 
[report] load_thread_ID : 8
[report] load_duration_ns : 9137105545
[report] load_duration_s : 9.137106
[report] load_throughput : 12141.153394
[report] load_average_latency_ns : 82364.497634
Load workloads needs: 9138241704 ns 
[report] load_thread_ID : 3
[report] load_duration_ns : 9138241704
[report] load_duration_s : 9.138242
[report] load_throughput : 12139.643883
[report] load_average_latency_ns : 82374.739298
Load workloads needs: 9342049191 ns 
[report] load_thread_ID : 5
[report] load_duration_ns : 9342049191
[report] load_duration_s : 9.342049
[report] load_throughput : 11874.803668
[report] load_average_latency_ns : 84211.918610
Load workloads needs: 9385111704 ns 
[report] load_thread_ID : 1
[report] load_duration_ns : 9385111704
[report] load_duration_s : 9.385112
[report] load_throughput : 11820.317488
[report] load_average_latency_ns : 84600.096489
Load workloads needs: 9461686156 ns 
[report] load_thread_ID : 13
[report] load_duration_ns : 9461686156
[report] load_duration_s : 9.461686
[report] load_throughput : 11724.654377
[report] load_average_latency_ns : 85290.360626
Load workloads needs: 9492804960 ns 
[report] load_thread_ID : 9
[report] load_duration_ns : 9492804960
[report] load_duration_s : 9.492805
[report] load_throughput : 11686.219244
[report] load_average_latency_ns : 85570.874476
Load workloads needs: 9518592433 ns 
[report] load_thread_ID : 14
[report] load_duration_ns : 9518592433
[report] load_duration_s : 9.518592
[report] load_throughput : 11654.559304
[report] load_average_latency_ns : 85803.330175
Load workloads needs: 9608024012 ns 
[report] load_thread_ID : 7
[report] load_duration_ns : 9608024012
[report] load_duration_s : 9.608024
[report] load_throughput : 11546.078555
[report] load_average_latency_ns : 86609.492153
Load workloads needs: 9691625135 ns 
[report] load_thread_ID : 12
[report] load_duration_ns : 9691625135
[report] load_duration_s : 9.691625
[report] load_throughput : 11446.480694
[report] load_average_latency_ns : 87363.096723
Load workloads needs: 9865605892 ns 
[report] load_thread_ID : 4
[report] load_duration_ns : 9865605892
[report] load_duration_s : 9.865606
[report] load_throughput : 11244.621082
[report] load_average_latency_ns : 88931.409312
Load workloads needs: 9912728999 ns 
[report] load_thread_ID : 0
[report] load_duration_ns : 9912728999
[report] load_duration_s : 9.912729
[report] load_throughput : 11191.166430
[report] load_average_latency_ns : 89356.190553
Load workloads needs: 10076819292 ns 
[report] load_thread_ID : 2
[report] load_duration_ns : 10076819292
[report] load_duration_s : 10.076819
[report] load_throughput : 11008.930178
[report] load_average_latency_ns : 90835.347654
Load workloads needs: 10400423985 ns 
[report] load_thread_ID : 11
[report] load_duration_ns : 10400423985
[report] load_duration_s : 10.400424
[report] load_throughput : 10666.392078
[report] load_average_latency_ns : 93752.413440
Load workloads needs: 10423274882 ns 
[report] load_thread_ID : 10
[report] load_duration_ns : 10423274882
[report] load_duration_s : 10.423275
[report] load_throughput : 10643.008196
[report] load_average_latency_ns : 93958.397999
Load workloads needs: 10440629163 ns 
[report] load_thread_ID : 6
[report] load_duration_ns : 10440629163
[report] load_duration_s : 10.440629
[report] load_throughput : 10625.317523
[report] load_average_latency_ns : 94114.834480
All clients run done needs: 10440483713 ns 
[report] load_overall_duration_ns : 10440483713
[report] load_overall_duration_s : 10.440484
[report] load_overall_throughput : 170007.736116
[report] load_overall_average_latency_ns : 5882.085268
