numactl --membind=0 /home/gxr/mongodb-run/test_mongodb/build//run_client --num_threads=4 --core_binding=0,1,2,3,4,5,6,7,8,9,10,11,24,25,26,27,28,29,30,31,32,33,34,35 --str_key_size=16 --str_key_size=16 --load_file=/home/gxr/mongodb-run/workloads/ycsb/workloada-load-50000000-50000000.log.formated --run_file=/home/gxr/mongodb-run/workloads/ycsb/workloada-run-50000000-50000000.log.formated --URI_set=mongodb://localhost:27017,mongodb://localhost:27018,mongodb://localhost:27019,mongodb://localhost:27020,mongodb://localhost:27021,mongodb://localhost:27022,mongodb://localhost:27023,mongodb://localhost:27024,mongodb://localhost:27025,mongodb://localhost:27026,mongodb://localhost:27027,mongodb://localhost:27028,mongodb://localhost:27029,mongodb://localhost:27030,mongodb://localhost:27031,mongodb://localhost:27032,mongodb://localhost:27033,mongodb://localhost:27034,mongodb://localhost:27035,mongodb://localhost:27036,mongodb://localhost:27037,mongodb://localhost:27038,mongodb://localhost:27039,mongodb://localhost:27040,mongodb://localhost:27041,mongodb://localhost:27042,mongodb://localhost:27043,mongodb://localhost:27044,mongodb://localhost:27045,mongodb://localhost:27046 --first_mode=true
mongodb://localhost:27017 mongodb://localhost:27018 mongodb://localhost:27019 mongodb://localhost:27020 mongodb://localhost:27021 mongodb://localhost:27022 mongodb://localhost:27023 mongodb://localhost:27024 mongodb://localhost:27025 mongodb://localhost:27026 mongodb://localhost:27027 mongodb://localhost:27028 mongodb://localhost:27029 mongodb://localhost:27030 mongodb://localhost:27031 mongodb://localhost:27032 mongodb://localhost:27033 mongodb://localhost:27034 mongodb://localhost:27035 mongodb://localhost:27036 mongodb://localhost:27037 mongodb://localhost:27038 mongodb://localhost:27039 mongodb://localhost:27040 mongodb://localhost:27041 mongodb://localhost:27042 mongodb://localhost:27043 mongodb://localhost:27044 mongodb://localhost:27045 mongodb://localhost:27046 reading workload files ...
load_filename : /home/gxr/mongodb-run/workloads/ycsb/workloada-load-50000000-50000000.log.formated
read load file needs: 983209151 s 
run_filename : /home/gxr/mongodb-run/workloads/ycsb/workloada-run-50000000-50000000.log.formated
read run file needs: 1024706583 s 
num_of_load_ops is 1774963
num_of_run_ops is 1924255
0 1 2 3 4 5 6 7 8 9 10 11 24 25 26 27 28 29 30 31 32 33 34 35 URI: mongodb://localhost:27017URI: mongodb://localhost:27017
URI: mongodb://localhost:27017
URI: mongodb://localhost:27017

Load workloads needs: 23161249149 ns 
[report] load_thread_ID : 2
[report] load_duration_ns : 23161249149
[report] load_duration_s : 23.161249
[report] load_throughput : 19158.724866
[report] load_average_latency_ns : 52195.540517
Load workloads needs: 24993400635 ns 
[report] load_thread_ID : 3
[report] load_duration_ns : 24993400635
[report] load_duration_s : 24.993401
[report] load_throughput : 17754.286681
[report] load_average_latency_ns : 56324.425643
Load workloads needs: 25445097631 ns 
[report] load_thread_ID : 1
[report] load_duration_ns : 25445097631
[report] load_duration_s : 25.445098
[report] load_throughput : 17439.115638
[report] load_average_latency_ns : 57342.357306
Load workloads needs: 29444290835 ns 
[report] load_thread_ID : 0
[report] load_duration_ns : 29444290835
[report] load_duration_s : 29.444291
[report] load_throughput : 15070.493716
[report] load_average_latency_ns : 66354.826779
All clients run done needs: 29445274312 ns 
[report] load_overall_duration_ns : 29445274312
[report] load_overall_duration_s : 29.445274
[report] load_overall_throughput : 60280.063320
[report] load_overall_average_latency_ns : 16589.232740
