numactl --membind=0 /home/gxr/mongodb-run/test_mongodb/build//run_client --num_threads=4 --core_binding=0,1,2,3,4,5,6,7,8,9,10,11,24,25,26,27,28,29,30,31,32,33,34,35 --str_key_size=16 --str_key_size=16 --load_file=/home/gxr/mongodb-run/workloads/ycsb/workloada-load-50000000-50000000.log.formated --run_file=/home/gxr/mongodb-run/workloads/ycsb/workloada-run-50000000-50000000.log.formated --URI_set=mongodb://localhost:27017,mongodb://localhost:27018,mongodb://localhost:27019,mongodb://localhost:27020,mongodb://localhost:27021,mongodb://localhost:27022,mongodb://localhost:27023,mongodb://localhost:27024,mongodb://localhost:27025,mongodb://localhost:27026,mongodb://localhost:27027,mongodb://localhost:27028,mongodb://localhost:27029,mongodb://localhost:27030,mongodb://localhost:27031,mongodb://localhost:27032,mongodb://localhost:27033,mongodb://localhost:27034,mongodb://localhost:27035,mongodb://localhost:27036,mongodb://localhost:27037,mongodb://localhost:27038,mongodb://localhost:27039,mongodb://localhost:27040,mongodb://localhost:27041,mongodb://localhost:27042,mongodb://localhost:27043,mongodb://localhost:27044,mongodb://localhost:27045,mongodb://localhost:27046 --first_mode=false
mongodb://localhost:27017 mongodb://localhost:27018 mongodb://localhost:27019 mongodb://localhost:27020 mongodb://localhost:27021 mongodb://localhost:27022 mongodb://localhost:27023 mongodb://localhost:27024 mongodb://localhost:27025 mongodb://localhost:27026 mongodb://localhost:27027 mongodb://localhost:27028 mongodb://localhost:27029 mongodb://localhost:27030 mongodb://localhost:27031 mongodb://localhost:27032 mongodb://localhost:27033 mongodb://localhost:27034 mongodb://localhost:27035 mongodb://localhost:27036 mongodb://localhost:27037 mongodb://localhost:27038 mongodb://localhost:27039 mongodb://localhost:27040 mongodb://localhost:27041 mongodb://localhost:27042 mongodb://localhost:27043 mongodb://localhost:27044 mongodb://localhost:27045 mongodb://localhost:27046 reading workload files ...
load_filename : /home/gxr/mongodb-run/workloads/ycsb/workloada-load-50000000-50000000.log.formated
read load file needs: 984025713 s 
run_filename : /home/gxr/mongodb-run/workloads/ycsb/workloada-run-50000000-50000000.log.formated
read run file needs: 1024270915 s 
num_of_load_ops is 1774963
num_of_run_ops is 1924255
0 1 2 3 4 5 6 7 8 9 10 11 24 25 26 27 28 29 30 31 32 33 34 35 URI: URI: mongodb://localhost:27020
URI: mongodb://localhost:27018
URI: mongodb://localhost:27019
mongodb://localhost:27017
Load workloads needs: 22318094061 ns 
[report] load_thread_ID : 3
[report] load_duration_ns : 22318094061
[report] load_duration_s : 22.318094
[report] load_throughput : 19882.522172
[report] load_average_latency_ns : 50295.429894
Load workloads needs: 23494684800 ns 
[report] load_thread_ID : 1
[report] load_duration_ns : 23494684800
[report] load_duration_s : 23.494685
[report] load_throughput : 18886.824989
[report] load_average_latency_ns : 52946.961734
Load workloads needs: 25001726992 ns 
[report] load_thread_ID : 2
[report] load_duration_ns : 25001726992
[report] load_duration_s : 25.001727
[report] load_throughput : 17748.373948
[report] load_average_latency_ns : 56343.189688
Load workloads needs: 26995958619 ns 
[report] load_thread_ID : 0
[report] load_duration_ns : 26995958619
[report] load_duration_s : 26.995959
[report] load_throughput : 16437.275159
[report] load_average_latency_ns : 60837.334067
All clients run done needs: 26996802214 ns 
[report] load_overall_duration_ns : 26996802214
[report] load_overall_duration_s : 26.996802
[report] load_overall_throughput : 65747.157235
[report] load_overall_average_latency_ns : 15209.783085
