numactl --membind=0 /home/gxr/mongodb-run/test_mongodb/build//run_client --num_threads=4 --core_binding=0,1,2,3,4,5,6,7,8,9,10,11,24,25,26,27,28,29,30,31,32,33,34,35 --str_key_size=16 --str_key_size=1024 --load_file=/home/gxr/mongodb-run/workloads/ycsb/workloada-load-50000000-50000000.log.formated --run_file=/home/gxr/mongodb-run/workloads/ycsb/workloada-run-50000000-50000000.log.formated --URI_set=mongodb://localhost:27017,mongodb://localhost:27018,mongodb://localhost:27019,mongodb://localhost:27020,mongodb://localhost:27021,mongodb://localhost:27022,mongodb://localhost:27023,mongodb://localhost:27024,mongodb://localhost:27025,mongodb://localhost:27026,mongodb://localhost:27027,mongodb://localhost:27028,mongodb://localhost:27029,mongodb://localhost:27030,mongodb://localhost:27031,mongodb://localhost:27032,mongodb://localhost:27033,mongodb://localhost:27034,mongodb://localhost:27035,mongodb://localhost:27036,mongodb://localhost:27037,mongodb://localhost:27038,mongodb://localhost:27039,mongodb://localhost:27040,mongodb://localhost:27041,mongodb://localhost:27042,mongodb://localhost:27043,mongodb://localhost:27044,mongodb://localhost:27045,mongodb://localhost:27046 --first_mode=true
mongodb://localhost:27017 mongodb://localhost:27018 mongodb://localhost:27019 mongodb://localhost:27020 mongodb://localhost:27021 mongodb://localhost:27022 mongodb://localhost:27023 mongodb://localhost:27024 mongodb://localhost:27025 mongodb://localhost:27026 mongodb://localhost:27027 mongodb://localhost:27028 mongodb://localhost:27029 mongodb://localhost:27030 mongodb://localhost:27031 mongodb://localhost:27032 mongodb://localhost:27033 mongodb://localhost:27034 mongodb://localhost:27035 mongodb://localhost:27036 mongodb://localhost:27037 mongodb://localhost:27038 mongodb://localhost:27039 mongodb://localhost:27040 mongodb://localhost:27041 mongodb://localhost:27042 mongodb://localhost:27043 mongodb://localhost:27044 mongodb://localhost:27045 mongodb://localhost:27046 reading workload files ...
load_filename : /home/gxr/mongodb-run/workloads/ycsb/workloada-load-50000000-50000000.log.formated
read load file needs: 1030336427 s 
run_filename : /home/gxr/mongodb-run/workloads/ycsb/workloada-run-50000000-50000000.log.formated
read run file needs: 1026437950 s 
num_of_load_ops is 1774963
num_of_run_ops is 1924255
0 1 2 3 4 5 6 7 8 9 10 11 24 25 26 27 28 29 30 31 32 33 34 35 URI: URI: mongodb://localhost:27017
URI: mongodb://localhost:27017
URI: mongodb://localhost:27017
mongodb://localhost:27017
Load workloads needs: 24388008195 ns 
[report] load_thread_ID : 2
[report] load_duration_ns : 24388008195
[report] load_duration_s : 24.388008
[report] load_throughput : 18195.007827
[report] load_average_latency_ns : 54960.130245
Load workloads needs: 24654257833 ns 
[report] load_thread_ID : 3
[report] load_duration_ns : 24654257833
[report] load_duration_s : 24.654258
[report] load_throughput : 17998.513807
[report] load_average_latency_ns : 55560.142951
Load workloads needs: 28341215783 ns 
[report] load_thread_ID : 1
[report] load_duration_ns : 28341215783
[report] load_duration_s : 28.341216
[report] load_throughput : 15657.055907
[report] load_average_latency_ns : 63868.967826
Load workloads needs: 29965049660 ns 
[report] load_thread_ID : 0
[report] load_duration_ns : 29965049660
[report] load_duration_s : 29.965050
[report] load_throughput : 14808.585503
[report] load_average_latency_ns : 67528.394240
All clients run done needs: 29966100313 ns 
[report] load_overall_duration_ns : 29966100313
[report] load_overall_duration_s : 29.966100
[report] load_overall_throughput : 59232.365288
[report] load_overall_average_latency_ns : 16882.661956
