numactl --membind=0 /home/gxr/mongodb-run/test_mongodb/build//run_client --num_threads=20 --core_binding=0,1,2,3,4,5,6,7,8,9,10,11,24,25,26,27,28,29,30,31,32,33,34,35 --str_key_size=16 --str_key_size=16 --load_file=/home/gxr/mongodb-run/workloads/ycsb/workloada-load-10000000-10000000.log.formated --run_file=/home/gxr/mongodb-run/workloads/ycsb/workloada-run-10000000-10000000.log.formated --URI_set=mongodb://localhost:27017,mongodb://localhost:27018,mongodb://localhost:27019,mongodb://localhost:27020,mongodb://localhost:27021,mongodb://localhost:27022,mongodb://localhost:27023,mongodb://localhost:27024,mongodb://localhost:27025,mongodb://localhost:27026,mongodb://localhost:27027,mongodb://localhost:27028,mongodb://localhost:27029,mongodb://localhost:27030,mongodb://localhost:27031,mongodb://localhost:27032,mongodb://localhost:27033,mongodb://localhost:27034,mongodb://localhost:27035,mongodb://localhost:27036,mongodb://localhost:27037,mongodb://localhost:27038,mongodb://localhost:27039,mongodb://localhost:27040,mongodb://localhost:27041,mongodb://localhost:27042,mongodb://localhost:27043,mongodb://localhost:27044,mongodb://localhost:27045,mongodb://localhost:27046 --first_mode=false
mongodb://localhost:27017 mongodb://localhost:27018 mongodb://localhost:27019 mongodb://localhost:27020 mongodb://localhost:27021 mongodb://localhost:27022 mongodb://localhost:27023 mongodb://localhost:27024 mongodb://localhost:27025 mongodb://localhost:27026 mongodb://localhost:27027 mongodb://localhost:27028 mongodb://localhost:27029 mongodb://localhost:27030 mongodb://localhost:27031 mongodb://localhost:27032 mongodb://localhost:27033 mongodb://localhost:27034 mongodb://localhost:27035 mongodb://localhost:27036 mongodb://localhost:27037 mongodb://localhost:27038 mongodb://localhost:27039 mongodb://localhost:27040 mongodb://localhost:27041 mongodb://localhost:27042 mongodb://localhost:27043 mongodb://localhost:27044 mongodb://localhost:27045 mongodb://localhost:27046 reading workload files ...
load_filename : /home/gxr/mongodb-run/workloads/ycsb/workloada-load-10000000-10000000.log.formated
read load file needs: 1144912545 s 
run_filename : /home/gxr/mongodb-run/workloads/ycsb/workloada-run-10000000-10000000.log.formated
read run file needs: 998879663 s 
num_of_load_ops is 1862736
num_of_run_ops is 1934501
0 1 2 3 4 5 6 7 8 9 10 11 24 25 26 27 28 29 30 31 32 33 34 35 URI: URI: mongodb://localhost:27022URI: mongodb://localhost:27021
mongodb://localhost:27019
URI: mongodb://localhost:27017
URI: mongodb://localhost:27018

URI: mongodb://localhost:27023
URI: mongodb://localhost:27020
URI: mongodb://localhost:27026
URI: mongodb://localhost:27024
URI: mongodb://localhost:27027
URI: mongodb://localhost:27025
URI: mongodb://localhost:27029
URI: mongodb://localhost:27030
URI: mongodb://localhost:27031
URI: mongodb://localhost:27032
URI: mongodb://localhost:27033
URI: mongodb://localhost:27034
URI: mongodb://localhost:27028
URI: mongodb://localhost:27035
URI: mongodb://localhost:27036
Load workloads needs: 8497649871 ns 
[report] load_thread_ID : 17
[report] load_duration_ns : 8497649871
[report] load_duration_s : 8.497650
[report] load_throughput : 10960.206812
[report] load_average_latency_ns : 91239.154258
Load workloads needs: 8589588680 ns 
[report] load_thread_ID : 7
[report] load_duration_ns : 8589588680
[report] load_duration_s : 8.589589
[report] load_throughput : 10842.894051
[report] load_average_latency_ns : 92226.300034
Load workloads needs: 8642573762 ns 
[report] load_thread_ID : 13
[report] load_duration_ns : 8642573762
[report] load_duration_s : 8.642574
[report] load_throughput : 10776.419452
[report] load_average_latency_ns : 92795.200159
Load workloads needs: 8689185454 ns 
[report] load_thread_ID : 4
[report] load_duration_ns : 8689185454
[report] load_duration_s : 8.689185
[report] load_throughput : 10718.611139
[report] load_average_latency_ns : 93295.669279
Load workloads needs: 8723511650 ns 
[report] load_thread_ID : 1
[report] load_duration_ns : 8723511650
[report] load_duration_s : 8.723512
[report] load_throughput : 10676.434415
[report] load_average_latency_ns : 93664.229192
Load workloads needs: 8740548166 ns 
[report] load_thread_ID : 5
[report] load_duration_ns : 8740548166
[report] load_duration_s : 8.740548
[report] load_throughput : 10655.624594
[report] load_average_latency_ns : 93847.150039
Load workloads needs: 8756067191 ns 
[report] load_thread_ID : 18
[report] load_duration_ns : 8756067191
[report] load_duration_s : 8.756067
[report] load_throughput : 10636.738843
[report] load_average_latency_ns : 94013.777605
Load workloads needs: 8803559078 ns 
[report] load_thread_ID : 2
[report] load_duration_ns : 8803559078
[report] load_duration_s : 8.803559
[report] load_throughput : 10579.357641
[report] load_average_latency_ns : 94523.697367
Load workloads needs: 8841989748 ns 
[report] load_thread_ID : 6
[report] load_duration_ns : 8841989748
[report] load_duration_s : 8.841990
[report] load_throughput : 10533.375706
[report] load_average_latency_ns : 94936.326963
Load workloads needs: 8843905927 ns 
[report] load_thread_ID : 14
[report] load_duration_ns : 8843905927
[report] load_duration_s : 8.843906
[report] load_throughput : 10531.093475
[report] load_average_latency_ns : 94956.900951
Load workloads needs: 8852417386 ns 
[report] load_thread_ID : 15
[report] load_duration_ns : 8852417386
[report] load_duration_s : 8.852417
[report] load_throughput : 10520.967995
[report] load_average_latency_ns : 95048.288374
Load workloads needs: 8884427413 ns 
[report] load_thread_ID : 19
[report] load_duration_ns : 8884427413
[report] load_duration_s : 8.884427
[report] load_throughput : 10483.061617
[report] load_average_latency_ns : 95391.979610
Load workloads needs: 8909111400 ns 
[report] load_thread_ID : 16
[report] load_duration_ns : 8909111400
[report] load_duration_s : 8.909111
[report] load_throughput : 10454.016772
[report] load_average_latency_ns : 95657.011252
Load workloads needs: 8957572155 ns 
[report] load_thread_ID : 9
[report] load_duration_ns : 8957572155
[report] load_duration_s : 8.957572
[report] load_throughput : 10397.460203
[report] load_average_latency_ns : 96177.333738
Load workloads needs: 8961782608 ns 
[report] load_thread_ID : 11
[report] load_duration_ns : 8961782608
[report] load_duration_s : 8.961783
[report] load_throughput : 10392.575236
[report] load_average_latency_ns : 96222.541316
Load workloads needs: 8986189641 ns 
[report] load_thread_ID : 0
[report] load_duration_ns : 8986189641
[report] load_duration_s : 8.986190
[report] load_throughput : 10364.348375
[report] load_average_latency_ns : 96484.599306
Load workloads needs: 8995532108 ns 
[report] load_thread_ID : 8
[report] load_duration_ns : 8995532108
[report] load_duration_s : 8.995532
[report] load_throughput : 10353.584300
[report] load_average_latency_ns : 96584.909251
Load workloads needs: 9060352417 ns 
[report] load_thread_ID : 12
[report] load_duration_ns : 9060352417
[report] load_duration_s : 9.060352
[report] load_throughput : 10279.511846
[report] load_average_latency_ns : 97280.884051
Load workloads needs: 9161808656 ns 
[report] load_thread_ID : 10
[report] load_duration_ns : 9161808656
[report] load_duration_s : 9.161809
[report] load_throughput : 10165.678361
[report] load_average_latency_ns : 98370.218347
Load workloads needs: 9183209228 ns 
[report] load_thread_ID : 3
[report] load_duration_ns : 9183209228
[report] load_duration_s : 9.183209
[report] load_throughput : 10141.988240
[report] load_average_latency_ns : 98599.996006
All clients run done needs: 9182743291 ns 
[report] load_overall_duration_ns : 9182743291
[report] load_overall_duration_s : 9.182743
[report] load_overall_throughput : 202851.799399
[report] load_overall_average_latency_ns : 4929.707318
