numactl --membind=0 /home/gxr/mongodb-run/test_mongodb/build//run_client --num_threads=16 --core_binding=0,1,2,3,4,5,6,7,8,9,10,11,24,25,26,27,28,29,30,31,32,33,34,35 --str_key_size=16 --str_key_size=256 --load_file=/home/gxr/mongodb-run/workloads/ycsb/workloada-load-10000000-10000000.log.formated --run_file=/home/gxr/mongodb-run/workloads/ycsb/workloada-run-10000000-10000000.log.formated --URI_set=mongodb://localhost:27017,mongodb://localhost:27018,mongodb://localhost:27019,mongodb://localhost:27020,mongodb://localhost:27021,mongodb://localhost:27022,mongodb://localhost:27023,mongodb://localhost:27024,mongodb://localhost:27025,mongodb://localhost:27026,mongodb://localhost:27027,mongodb://localhost:27028,mongodb://localhost:27029,mongodb://localhost:27030,mongodb://localhost:27031,mongodb://localhost:27032,mongodb://localhost:27033,mongodb://localhost:27034,mongodb://localhost:27035,mongodb://localhost:27036,mongodb://localhost:27037,mongodb://localhost:27038,mongodb://localhost:27039,mongodb://localhost:27040,mongodb://localhost:27041,mongodb://localhost:27042,mongodb://localhost:27043,mongodb://localhost:27044,mongodb://localhost:27045,mongodb://localhost:27046 --first_mode=false
mongodb://localhost:27017 mongodb://localhost:27018 mongodb://localhost:27019 mongodb://localhost:27020 mongodb://localhost:27021 mongodb://localhost:27022 mongodb://localhost:27023 mongodb://localhost:27024 mongodb://localhost:27025 mongodb://localhost:27026 mongodb://localhost:27027 mongodb://localhost:27028 mongodb://localhost:27029 mongodb://localhost:27030 mongodb://localhost:27031 mongodb://localhost:27032 mongodb://localhost:27033 mongodb://localhost:27034 mongodb://localhost:27035 mongodb://localhost:27036 mongodb://localhost:27037 mongodb://localhost:27038 mongodb://localhost:27039 mongodb://localhost:27040 mongodb://localhost:27041 mongodb://localhost:27042 mongodb://localhost:27043 mongodb://localhost:27044 mongodb://localhost:27045 mongodb://localhost:27046 reading workload files ...
load_filename : /home/gxr/mongodb-run/workloads/ycsb/workloada-load-10000000-10000000.log.formated
read load file needs: 1106719805 s 
run_filename : /home/gxr/mongodb-run/workloads/ycsb/workloada-run-10000000-10000000.log.formated
read run file needs: 996608137 s 
num_of_load_ops is 1862736
num_of_run_ops is 1934501
0 1 2 3 4 5 6 7 8 9 10 11 24 25 26 27 28 29 30 31 32 33 34 35 URI: URI: mongodb://localhost:27020
mongodb://localhost:27021
URI: mongodb://localhost:27017URI: URI: 
mongodb://localhost:27019
mongodb://localhost:27018URI: mongodb://localhost:27022

URI: mongodb://localhost:27025
URI: URI: mongodb://localhost:27024
mongodb://localhost:27023
URI: mongodb://localhost:27026
URI: mongodb://localhost:27027
URI: mongodb://localhost:27028
URI: mongodb://localhost:27030
URI: mongodb://localhost:27031
URI: mongodb://localhost:27029
URI: mongodb://localhost:27032
Load workloads needs: 9692042127 ns 
[report] load_thread_ID : 14
[report] load_duration_ns : 9692042127
[report] load_duration_s : 9.692042
[report] load_throughput : 12012.019601
[report] load_average_latency_ns : 83249.947406
Load workloads needs: 9728332020 ns 
[report] load_thread_ID : 1
[report] load_duration_ns : 9728332020
[report] load_duration_s : 9.728332
[report] load_throughput : 11967.210798
[report] load_average_latency_ns : 83561.660010
Load workloads needs: 10087722311 ns 
[report] load_thread_ID : 15
[report] load_duration_ns : 10087722311
[report] load_duration_s : 10.087722
[report] load_throughput : 11540.860901
[report] load_average_latency_ns : 86648.648534
Load workloads needs: 10281171928 ns 
[report] load_thread_ID : 2
[report] load_duration_ns : 10281171928
[report] load_duration_s : 10.281172
[report] load_throughput : 11323.709088
[report] load_average_latency_ns : 88310.287044
Load workloads needs: 10295511413 ns 
[report] load_thread_ID : 11
[report] load_duration_ns : 10295511413
[report] load_duration_s : 10.295511
[report] load_throughput : 11307.937540
[report] load_average_latency_ns : 88433.456275
Load workloads needs: 10385161354 ns 
[report] load_thread_ID : 13
[report] load_duration_ns : 10385161354
[report] load_duration_s : 10.385161
[report] load_throughput : 11210.321730
[report] load_average_latency_ns : 89203.505845
Load workloads needs: 10427749268 ns 
[report] load_thread_ID : 3
[report] load_duration_ns : 10427749268
[report] load_duration_s : 10.427749
[report] load_throughput : 11164.537716
[report] load_average_latency_ns : 89569.315398
Load workloads needs: 10448364658 ns 
[report] load_thread_ID : 6
[report] load_duration_ns : 10448364658
[report] load_duration_s : 10.448365
[report] load_throughput : 11142.509264
[report] load_average_latency_ns : 89746.391613
Load workloads needs: 10521929347 ns 
[report] load_thread_ID : 7
[report] load_duration_ns : 10521929347
[report] load_duration_s : 10.521929
[report] load_throughput : 11064.605754
[report] load_average_latency_ns : 90378.276660
Load workloads needs: 10635919330 ns 
[report] load_thread_ID : 8
[report] load_duration_ns : 10635919330
[report] load_duration_s : 10.635919
[report] load_throughput : 10946.021344
[report] load_average_latency_ns : 91357.395401
Load workloads needs: 10712832821 ns 
[report] load_thread_ID : 4
[report] load_duration_ns : 10712832821
[report] load_duration_s : 10.712833
[report] load_throughput : 10867.433661
[report] load_average_latency_ns : 92018.045035
Load workloads needs: 10745046166 ns 
[report] load_thread_ID : 10
[report] load_duration_ns : 10745046166
[report] load_duration_s : 10.745046
[report] load_throughput : 10834.853401
[report] load_average_latency_ns : 92294.742065
Load workloads needs: 10761383610 ns 
[report] load_thread_ID : 5
[report] load_duration_ns : 10761383610
[report] load_duration_s : 10.761384
[report] load_throughput : 10818.404419
[report] load_average_latency_ns : 92435.072796
Load workloads needs: 10886281597 ns 
[report] load_thread_ID : 0
[report] load_duration_ns : 10886281597
[report] load_duration_s : 10.886282
[report] load_throughput : 10694.285185
[report] load_average_latency_ns : 93507.886009
Load workloads needs: 11140039797 ns 
[report] load_thread_ID : 9
[report] load_duration_ns : 11140039797
[report] load_duration_s : 11.140040
[report] load_throughput : 10450.680798
[report] load_average_latency_ns : 95687.546036
Load workloads needs: 11207990666 ns 
[report] load_thread_ID : 12
[report] load_duration_ns : 11207990666
[report] load_duration_s : 11.207991
[report] load_throughput : 10387.321284
[report] load_average_latency_ns : 96271.211087
All clients run done needs: 11208365355 ns 
[report] load_overall_duration_ns : 11208365355
[report] load_overall_duration_s : 11.208365
[report] load_overall_throughput : 166191.584678
[report] load_overall_average_latency_ns : 6017.151843
