numactl --membind=0 /home/gxr/mongodb-run/test_mongodb/build//run_client --num_threads=24 --core_binding=0,1,2,3,4,5,6,7,8,9,10,11,24,25,26,27,28,29,30,31,32,33,34,35 --str_key_size=16 --str_key_size=64 --load_file=/home/gxr/mongodb-run/workloads/ycsb/workloada-load-10000000-10000000.log.formated --run_file=/home/gxr/mongodb-run/workloads/ycsb/workloada-run-10000000-10000000.log.formated --URI_set=mongodb://localhost:27017,mongodb://localhost:27018,mongodb://localhost:27019,mongodb://localhost:27020,mongodb://localhost:27021,mongodb://localhost:27022,mongodb://localhost:27023,mongodb://localhost:27024,mongodb://localhost:27025,mongodb://localhost:27026,mongodb://localhost:27027,mongodb://localhost:27028,mongodb://localhost:27029,mongodb://localhost:27030,mongodb://localhost:27031,mongodb://localhost:27032,mongodb://localhost:27033,mongodb://localhost:27034,mongodb://localhost:27035,mongodb://localhost:27036,mongodb://localhost:27037,mongodb://localhost:27038,mongodb://localhost:27039,mongodb://localhost:27040,mongodb://localhost:27041,mongodb://localhost:27042,mongodb://localhost:27043,mongodb://localhost:27044,mongodb://localhost:27045,mongodb://localhost:27046 --first_mode=true
mongodb://localhost:27017 mongodb://localhost:27018 mongodb://localhost:27019 mongodb://localhost:27020 mongodb://localhost:27021 mongodb://localhost:27022 mongodb://localhost:27023 mongodb://localhost:27024 mongodb://localhost:27025 mongodb://localhost:27026 mongodb://localhost:27027 mongodb://localhost:27028 mongodb://localhost:27029 mongodb://localhost:27030 mongodb://localhost:27031 mongodb://localhost:27032 mongodb://localhost:27033 mongodb://localhost:27034 mongodb://localhost:27035 mongodb://localhost:27036 mongodb://localhost:27037 mongodb://localhost:27038 mongodb://localhost:27039 mongodb://localhost:27040 mongodb://localhost:27041 mongodb://localhost:27042 mongodb://localhost:27043 mongodb://localhost:27044 mongodb://localhost:27045 mongodb://localhost:27046 reading workload files ...
load_filename : /home/gxr/mongodb-run/workloads/ycsb/workloada-load-10000000-10000000.log.formated
read load file needs: 1029793361 s 
run_filename : /home/gxr/mongodb-run/workloads/ycsb/workloada-run-10000000-10000000.log.formated
read run file needs: 1034023347 s 
num_of_load_ops is 1862736
num_of_run_ops is 1934501
0 1 2 3 4 5 6 7 8 9 10 11 24 25 26 27 28 29 30 31 32 33 34 35 URI: URI: mongodb://localhost:27017
URI: URI: URI: mongodb://localhost:27017mongodb://localhost:27017
mongodb://localhost:27017

mongodb://localhost:27017
URI: mongodb://localhost:27017
URI: mongodb://localhost:27017
URI: mongodb://localhost:27017
URI: mongodb://localhost:27017
URI: mongodb://localhost:27017
URI: mongodb://localhost:27017
URI: mongodb://localhost:27017
URI: mongodb://localhost:27017
URI: mongodb://localhost:27017
URI: mongodb://localhost:27017
URI: mongodb://localhost:27017
URI: mongodb://localhost:27017
URI: mongodb://localhost:27017
URI: mongodb://localhost:27017
URI: mongodb://localhost:27017
URI: mongodb://localhost:27017
URI: mongodb://localhost:27017
URI: mongodb://localhost:27017
URI: mongodb://localhost:27017
Load workloads needs: 8777176254 ns 
[report] load_thread_ID : 4
[report] load_duration_ns : 8777176254
[report] load_duration_s : 8.777176
[report] load_throughput : 8842.707239
[report] load_average_latency_ns : 113087.539026
Load workloads needs: 8829697811 ns 
[report] load_thread_ID : 16
[report] load_duration_ns : 8829697811
[report] load_duration_s : 8.829698
[report] load_throughput : 8790.108298
[report] load_average_latency_ns : 113764.241129
Load workloads needs: 8846555664 ns 
[report] load_thread_ID : 22
[report] load_duration_ns : 8846555664
[report] load_duration_s : 8.846556
[report] load_throughput : 8773.358010
[report] load_average_latency_ns : 113981.442317
Load workloads needs: 8850987983 ns 
[report] load_thread_ID : 10
[report] load_duration_ns : 8850987983
[report] load_duration_s : 8.850988
[report] load_throughput : 8768.964566
[report] load_average_latency_ns : 114038.549527
Load workloads needs: 8886644999 ns 
[report] load_thread_ID : 17
[report] load_duration_ns : 8886644999
[report] load_duration_s : 8.886645
[report] load_throughput : 8733.779735
[report] load_average_latency_ns : 114497.964272
Load workloads needs: 8899734873 ns 
[report] load_thread_ID : 15
[report] load_duration_ns : 8899734873
[report] load_duration_s : 8.899735
[report] load_throughput : 8720.933950
[report] load_average_latency_ns : 114666.617788
Load workloads needs: 8900664022 ns 
[report] load_thread_ID : 8
[report] load_duration_ns : 8900664022
[report] load_duration_s : 8.900664
[report] load_throughput : 8720.023563
[report] load_average_latency_ns : 114678.589198
Load workloads needs: 8902382618 ns 
[report] load_thread_ID : 20
[report] load_duration_ns : 8902382618
[report] load_duration_s : 8.902383
[report] load_throughput : 8718.340171
[report] load_average_latency_ns : 114700.732059
Load workloads needs: 8914275606 ns 
[report] load_thread_ID : 14
[report] load_duration_ns : 8914275606
[report] load_duration_s : 8.914276
[report] load_throughput : 8706.708591
[report] load_average_latency_ns : 114853.964568
Load workloads needs: 8914870261 ns 
[report] load_thread_ID : 19
[report] load_duration_ns : 8914870261
[report] load_duration_s : 8.914870
[report] load_throughput : 8706.127821
[report] load_average_latency_ns : 114861.626266
Load workloads needs: 8918396349 ns 
[report] load_thread_ID : 7
[report] load_duration_ns : 8918396349
[report] load_duration_s : 8.918396
[report] load_throughput : 8702.685658
[report] load_average_latency_ns : 114907.057348
Load workloads needs: 8918991991 ns 
[report] load_thread_ID : 5
[report] load_duration_ns : 8918991991
[report] load_duration_s : 8.918992
[report] load_throughput : 8702.104462
[report] load_average_latency_ns : 114914.731762
Load workloads needs: 8920991976 ns 
[report] load_thread_ID : 2
[report] load_duration_ns : 8920991976
[report] load_duration_s : 8.920992
[report] load_throughput : 8700.153549
[report] load_average_latency_ns : 114940.500116
Load workloads needs: 8923447892 ns 
[report] load_thread_ID : 3
[report] load_duration_ns : 8923447892
[report] load_duration_s : 8.923448
[report] load_throughput : 8697.759088
[report] load_average_latency_ns : 114972.142809
Load workloads needs: 8949779468 ns 
[report] load_thread_ID : 13
[report] load_duration_ns : 8949779468
[report] load_duration_s : 8.949779
[report] load_throughput : 8672.168993
[report] load_average_latency_ns : 115311.406035
Load workloads needs: 8949313443 ns 
[report] load_thread_ID : 21
[report] load_duration_ns : 8949313443
[report] load_duration_s : 8.949313
[report] load_throughput : 8672.620586
[report] load_average_latency_ns : 115305.401641
Load workloads needs: 8954078594 ns 
[report] load_thread_ID : 23
[report] load_duration_ns : 8954078594
[report] load_duration_s : 8.954079
[report] load_throughput : 8668.005221
[report] load_average_latency_ns : 115366.797150
Load workloads needs: 8957397190 ns 
[report] load_thread_ID : 11
[report] load_duration_ns : 8957397190
[report] load_duration_s : 8.957397
[report] load_throughput : 8664.793841
[report] load_average_latency_ns : 115409.554848
Load workloads needs: 8961097718 ns 
[report] load_thread_ID : 1
[report] load_duration_ns : 8961097718
[report] load_duration_s : 8.961098
[report] load_throughput : 8661.215673
[report] load_average_latency_ns : 115457.233463
Load workloads needs: 8964303957 ns 
[report] load_thread_ID : 9
[report] load_duration_ns : 8964303957
[report] load_duration_s : 8.964304
[report] load_throughput : 8658.117839
[report] load_average_latency_ns : 115498.543523
Load workloads needs: 8981998451 ns 
[report] load_thread_ID : 12
[report] load_duration_ns : 8981998451
[report] load_duration_s : 8.981998
[report] load_throughput : 8641.061388
[report] load_average_latency_ns : 115726.524222
Load workloads needs: 8988176794 ns 
[report] load_thread_ID : 0
[report] load_duration_ns : 8988176794
[report] load_duration_s : 8.988177
[report] load_throughput : 8635.121647
[report] load_average_latency_ns : 115806.127683
Load workloads needs: 8993092419 ns 
[report] load_thread_ID : 18
[report] load_duration_ns : 8993092419
[report] load_duration_s : 8.993092
[report] load_throughput : 8630.401689
[report] load_average_latency_ns : 115869.461940
Load workloads needs: 8994545131 ns 
[report] load_thread_ID : 6
[report] load_duration_ns : 8994545131
[report] load_duration_s : 8.994545
[report] load_throughput : 8629.007790
[report] load_average_latency_ns : 115888.179079
All clients run done needs: 8994395810 ns 
[report] load_overall_duration_ns : 8994395810
[report] load_overall_duration_s : 8.994396
[report] load_overall_throughput : 207099.625072
[report] load_overall_average_latency_ns : 4828.593966
