numactl --membind=0 /home/gxr/mongodb-run/test_mongodb/build//run_client --num_threads=4 --core_binding=0,1,2,3,4,5,6,7,8,9,10,11,24,25,26,27,28,29,30,31,32,33,34,35 --str_key_size=16 --str_key_size=256 --load_file=/home/gxr/mongodb-run/workloads/ycsb/workloada-load-50000000-50000000.log.formated --run_file=/home/gxr/mongodb-run/workloads/ycsb/workloada-run-50000000-50000000.log.formated --URI_set=mongodb://localhost:27017,mongodb://localhost:27018,mongodb://localhost:27019,mongodb://localhost:27020,mongodb://localhost:27021,mongodb://localhost:27022,mongodb://localhost:27023,mongodb://localhost:27024,mongodb://localhost:27025,mongodb://localhost:27026,mongodb://localhost:27027,mongodb://localhost:27028,mongodb://localhost:27029,mongodb://localhost:27030,mongodb://localhost:27031,mongodb://localhost:27032,mongodb://localhost:27033,mongodb://localhost:27034,mongodb://localhost:27035,mongodb://localhost:27036,mongodb://localhost:27037,mongodb://localhost:27038,mongodb://localhost:27039,mongodb://localhost:27040,mongodb://localhost:27041,mongodb://localhost:27042,mongodb://localhost:27043,mongodb://localhost:27044,mongodb://localhost:27045,mongodb://localhost:27046 --first_mode=false
mongodb://localhost:27017 mongodb://localhost:27018 mongodb://localhost:27019 mongodb://localhost:27020 mongodb://localhost:27021 mongodb://localhost:27022 mongodb://localhost:27023 mongodb://localhost:27024 mongodb://localhost:27025 mongodb://localhost:27026 mongodb://localhost:27027 mongodb://localhost:27028 mongodb://localhost:27029 mongodb://localhost:27030 mongodb://localhost:27031 mongodb://localhost:27032 mongodb://localhost:27033 mongodb://localhost:27034 mongodb://localhost:27035 mongodb://localhost:27036 mongodb://localhost:27037 mongodb://localhost:27038 mongodb://localhost:27039 mongodb://localhost:27040 mongodb://localhost:27041 mongodb://localhost:27042 mongodb://localhost:27043 mongodb://localhost:27044 mongodb://localhost:27045 mongodb://localhost:27046 reading workload files ...
load_filename : /home/gxr/mongodb-run/workloads/ycsb/workloada-load-50000000-50000000.log.formated
read load file needs: 1139169424 s 
run_filename : /home/gxr/mongodb-run/workloads/ycsb/workloada-run-50000000-50000000.log.formated
read run file needs: 1091615873 s 
num_of_load_ops is 1774963
num_of_run_ops is 1924255
0 1 2 3 4 5 6 7 8 9 10 11 24 25 26 27 28 29 30 31 32 33 34 35 URI: URI: mongodb://localhost:27017URI: mongodb://localhost:27020
URI: mongodb://localhost:27019
mongodb://localhost:27018

Load workloads needs: 24212293325 ns 
[report] load_thread_ID : 0
[report] load_duration_ns : 24212293325
[report] load_duration_s : 24.212293
[report] load_throughput : 18327.053701
[report] load_average_latency_ns : 54564.144150
Load workloads needs: 26507802243 ns 
[report] load_thread_ID : 3
[report] load_duration_ns : 26507802243
[report] load_duration_s : 26.507802
[report] load_throughput : 16739.977005
[report] load_average_latency_ns : 59737.238570
Load workloads needs: 27867747767 ns 
[report] load_thread_ID : 1
[report] load_duration_ns : 27867747767
[report] load_duration_s : 27.867748
[report] load_throughput : 15923.066468
[report] load_average_latency_ns : 62801.973604
Load workloads needs: 28622573758 ns 
[report] load_thread_ID : 2
[report] load_duration_ns : 28622573758
[report] load_duration_s : 28.622574
[report] load_throughput : 15503.148101
[report] load_average_latency_ns : 64503.028255
All clients run done needs: 28623566368 ns 
[report] load_overall_duration_ns : 28623566368
[report] load_overall_duration_s : 28.623566
[report] load_overall_throughput : 62010.546736
[report] load_overall_average_latency_ns : 16126.289037
