numactl --membind=0 /home/gxr/mongodb-run/test_mongodb/build//run_client --num_threads=24 --core_binding=0,1,2,3,4,5,6,7,8,9,10,11,24,25,26,27,28,29,30,31,32,33,34,35 --str_key_size=16 --str_key_size=16 --load_file=/home/gxr/mongodb-run/workloads/ycsb/workloada-load-50000000-50000000.log.formated --run_file=/home/gxr/mongodb-run/workloads/ycsb/workloada-run-50000000-50000000.log.formated --URI_set=mongodb://localhost:27017,mongodb://localhost:27018,mongodb://localhost:27019,mongodb://localhost:27020,mongodb://localhost:27021,mongodb://localhost:27022,mongodb://localhost:27023,mongodb://localhost:27024,mongodb://localhost:27025,mongodb://localhost:27026,mongodb://localhost:27027,mongodb://localhost:27028,mongodb://localhost:27029,mongodb://localhost:27030,mongodb://localhost:27031,mongodb://localhost:27032,mongodb://localhost:27033,mongodb://localhost:27034,mongodb://localhost:27035,mongodb://localhost:27036,mongodb://localhost:27037,mongodb://localhost:27038,mongodb://localhost:27039,mongodb://localhost:27040,mongodb://localhost:27041,mongodb://localhost:27042,mongodb://localhost:27043,mongodb://localhost:27044,mongodb://localhost:27045,mongodb://localhost:27046 --first_mode=false
mongodb://localhost:27017 mongodb://localhost:27018 mongodb://localhost:27019 mongodb://localhost:27020 mongodb://localhost:27021 mongodb://localhost:27022 mongodb://localhost:27023 mongodb://localhost:27024 mongodb://localhost:27025 mongodb://localhost:27026 mongodb://localhost:27027 mongodb://localhost:27028 mongodb://localhost:27029 mongodb://localhost:27030 mongodb://localhost:27031 mongodb://localhost:27032 mongodb://localhost:27033 mongodb://localhost:27034 mongodb://localhost:27035 mongodb://localhost:27036 mongodb://localhost:27037 mongodb://localhost:27038 mongodb://localhost:27039 mongodb://localhost:27040 mongodb://localhost:27041 mongodb://localhost:27042 mongodb://localhost:27043 mongodb://localhost:27044 mongodb://localhost:27045 mongodb://localhost:27046 reading workload files ...
load_filename : /home/gxr/mongodb-run/workloads/ycsb/workloada-load-50000000-50000000.log.formated
read load file needs: 1103478510 s 
run_filename : /home/gxr/mongodb-run/workloads/ycsb/workloada-run-50000000-50000000.log.formated
read run file needs: 995697352 s 
num_of_load_ops is 1774963
num_of_run_ops is 1924255
0 1 2 3 4 5 6 7 8 9 10 11 24 25 26 27 28 29 30 31 32 33 34 35 URI: URI: mongodb://localhost:27021
URI: mongodb://localhost:27019
URI: mongodb://localhost:27018
URI: mongodb://localhost:27020
mongodb://localhost:27017
URI: mongodb://localhost:27026
URI: mongodb://localhost:27025
URI: mongodb://localhost:27022
URI: mongodb://localhost:27023
URI: mongodb://localhost:27024
URI: mongodb://localhost:27027
URI: mongodb://localhost:27028
URI: mongodb://localhost:27031
URI: mongodb://localhost:27032
URI: mongodb://localhost:27034
URI: URI: mongodb://localhost:27030
mongodb://localhost:27033
URI: mongodb://localhost:27036
URI: mongodb://localhost:27037
URI: mongodb://localhost:27035
URI: mongodb://localhost:27039
URI: mongodb://localhost:27038
URI: mongodb://localhost:27040
URI: mongodb://localhost:27029
Load workloads needs: 7742815074 ns 
[report] load_thread_ID : 19
[report] load_duration_ns : 7742815074
[report] load_duration_s : 7.742815
[report] load_throughput : 9551.564811
[report] load_average_latency_ns : 104694.887149
Load workloads needs: 7837576898 ns 
[report] load_thread_ID : 15
[report] load_duration_ns : 7837576898
[report] load_duration_s : 7.837577
[report] load_throughput : 9436.079666
[report] load_average_latency_ns : 105976.214208
Load workloads needs: 7903723815 ns 
[report] load_thread_ID : 6
[report] load_duration_ns : 7903723815
[report] load_duration_s : 7.903724
[report] load_throughput : 9357.108337
[report] load_average_latency_ns : 106870.623276
Load workloads needs: 7952997630 ns 
[report] load_thread_ID : 17
[report] load_duration_ns : 7952997630
[report] load_duration_s : 7.952998
[report] load_throughput : 9299.135174
[report] load_average_latency_ns : 107536.881795
Load workloads needs: 7961234143 ns 
[report] load_thread_ID : 23
[report] load_duration_ns : 7961234143
[report] load_duration_s : 7.961234
[report] load_throughput : 9289.514499
[report] load_average_latency_ns : 107648.252245
Load workloads needs: 7995042779 ns 
[report] load_thread_ID : 9
[report] load_duration_ns : 7995042779
[report] load_duration_s : 7.995043
[report] load_throughput : 9250.231930
[report] load_average_latency_ns : 108105.397520
Load workloads needs: 8001149867 ns 
[report] load_thread_ID : 21
[report] load_duration_ns : 8001149867
[report] load_duration_s : 8.001150
[report] load_throughput : 9243.171448
[report] load_average_latency_ns : 108187.974836
Load workloads needs: 8005849083 ns 
[report] load_thread_ID : 12
[report] load_duration_ns : 8005849083
[report] load_duration_s : 8.005849
[report] load_throughput : 9237.745957
[report] load_average_latency_ns : 108251.515536
Load workloads needs: 8022816277 ns 
[report] load_thread_ID : 18
[report] load_duration_ns : 8022816277
[report] load_duration_s : 8.022816
[report] load_throughput : 9218.209348
[report] load_average_latency_ns : 108480.938355
Load workloads needs: 8038146035 ns 
[report] load_thread_ID : 13
[report] load_duration_ns : 8038146035
[report] load_duration_s : 8.038146
[report] load_throughput : 9200.629060
[report] load_average_latency_ns : 108688.220496
Load workloads needs: 8054856492 ns 
[report] load_thread_ID : 5
[report] load_duration_ns : 8054856492
[report] load_duration_s : 8.054856
[report] load_throughput : 9181.541605
[report] load_average_latency_ns : 108914.171832
Load workloads needs: 8062767775 ns 
[report] load_thread_ID : 16
[report] load_duration_ns : 8062767775
[report] load_duration_s : 8.062768
[report] load_throughput : 9172.532567
[report] load_average_latency_ns : 109021.144667
Load workloads needs: 8088360316 ns 
[report] load_thread_ID : 14
[report] load_duration_ns : 8088360316
[report] load_duration_s : 8.088360
[report] load_throughput : 9143.509576
[report] load_average_latency_ns : 109367.195576
Load workloads needs: 8126310894 ns 
[report] load_thread_ID : 2
[report] load_duration_ns : 8126310894
[report] load_duration_s : 8.126311
[report] load_throughput : 9100.808591
[report] load_average_latency_ns : 109880.346341
Load workloads needs: 8144712088 ns 
[report] load_thread_ID : 8
[report] load_duration_ns : 8144712088
[report] load_duration_s : 8.144712
[report] load_throughput : 9080.247307
[report] load_average_latency_ns : 110129.159068
Load workloads needs: 8152767917 ns 
[report] load_thread_ID : 1
[report] load_duration_ns : 8152767917
[report] load_duration_s : 8.152768
[report] load_throughput : 9071.275026
[report] load_average_latency_ns : 110238.086389
Load workloads needs: 8160842043 ns 
[report] load_thread_ID : 20
[report] load_duration_ns : 8160842043
[report] load_duration_s : 8.160842
[report] load_throughput : 9062.300141
[report] load_average_latency_ns : 110347.261115
Load workloads needs: 8167605301 ns 
[report] load_thread_ID : 4
[report] load_duration_ns : 8167605301
[report] load_duration_s : 8.167605
[report] load_throughput : 9054.796023
[report] load_average_latency_ns : 110438.710869
Load workloads needs: 8196019215 ns 
[report] load_thread_ID : 22
[report] load_duration_ns : 8196019215
[report] load_duration_s : 8.196019
[report] load_throughput : 9023.404907
[report] load_average_latency_ns : 110822.911123
Load workloads needs: 8196658347 ns 
[report] load_thread_ID : 10
[report] load_duration_ns : 8196658347
[report] load_duration_s : 8.196658
[report] load_throughput : 9022.701309
[report] load_average_latency_ns : 110831.553180
Load workloads needs: 8679928653 ns 
[report] load_thread_ID : 7
[report] load_duration_ns : 8679928653
[report] load_duration_s : 8.679929
[report] load_throughput : 8520.346532
[report] load_average_latency_ns : 117366.118408
Load workloads needs: 8732589786 ns 
[report] load_thread_ID : 11
[report] load_duration_ns : 8732589786
[report] load_duration_s : 8.732590
[report] load_throughput : 8468.965314
[report] load_average_latency_ns : 118078.178728
Load workloads needs: 8752262118 ns 
[report] load_thread_ID : 0
[report] load_duration_ns : 8752262118
[report] load_duration_s : 8.752262
[report] load_throughput : 8449.929744
[report] load_average_latency_ns : 118344.179215
Load workloads needs: 8801719571 ns 
[report] load_thread_ID : 3
[report] load_duration_ns : 8801719571
[report] load_duration_s : 8.801720
[report] load_throughput : 8402.449022
[report] load_average_latency_ns : 119012.920804
All clients run done needs: 8801482824 ns 
[report] load_overall_duration_ns : 8801482824
[report] load_overall_duration_s : 8.801483
[report] load_overall_throughput : 201666.359578
[report] load_overall_average_latency_ns : 4958.685237
