numactl --membind=0 /home/gxr/mongodb-run/test_mongodb/build//run_client --num_threads=8 --core_binding=0,1,2,3,4,5,6,7,8,9,10,11,24,25,26,27,28,29,30,31,32,33,34,35 --str_key_size=16 --str_key_size=16 --load_file=/home/gxr/mongodb-run/workloads/ycsb/workloada-load-50000000-50000000.log.formated --run_file=/home/gxr/mongodb-run/workloads/ycsb/workloada-run-50000000-50000000.log.formated --URI_set=mongodb://localhost:27017,mongodb://localhost:27018,mongodb://localhost:27019,mongodb://localhost:27020,mongodb://localhost:27021,mongodb://localhost:27022,mongodb://localhost:27023,mongodb://localhost:27024,mongodb://localhost:27025,mongodb://localhost:27026,mongodb://localhost:27027,mongodb://localhost:27028,mongodb://localhost:27029,mongodb://localhost:27030,mongodb://localhost:27031,mongodb://localhost:27032,mongodb://localhost:27033,mongodb://localhost:27034,mongodb://localhost:27035,mongodb://localhost:27036,mongodb://localhost:27037,mongodb://localhost:27038,mongodb://localhost:27039,mongodb://localhost:27040,mongodb://localhost:27041,mongodb://localhost:27042,mongodb://localhost:27043,mongodb://localhost:27044,mongodb://localhost:27045,mongodb://localhost:27046 --first_mode=false
mongodb://localhost:27017 mongodb://localhost:27018 mongodb://localhost:27019 mongodb://localhost:27020 mongodb://localhost:27021 mongodb://localhost:27022 mongodb://localhost:27023 mongodb://localhost:27024 mongodb://localhost:27025 mongodb://localhost:27026 mongodb://localhost:27027 mongodb://localhost:27028 mongodb://localhost:27029 mongodb://localhost:27030 mongodb://localhost:27031 mongodb://localhost:27032 mongodb://localhost:27033 mongodb://localhost:27034 mongodb://localhost:27035 mongodb://localhost:27036 mongodb://localhost:27037 mongodb://localhost:27038 mongodb://localhost:27039 mongodb://localhost:27040 mongodb://localhost:27041 mongodb://localhost:27042 mongodb://localhost:27043 mongodb://localhost:27044 mongodb://localhost:27045 mongodb://localhost:27046 reading workload files ...
load_filename : /home/gxr/mongodb-run/workloads/ycsb/workloada-load-50000000-50000000.log.formated
read load file needs: 1011455222 s 
run_filename : /home/gxr/mongodb-run/workloads/ycsb/workloada-run-50000000-50000000.log.formated
read run file needs: 1024573815 s 
num_of_load_ops is 1774963
num_of_run_ops is 1924255
0 1 2 3 4 5 6 7 8 9 10 11 24 25 26 27 28 29 30 31 32 33 34 35 URI: URI: mongodb://localhost:27017mongodb://localhost:27020

URI: mongodb://localhost:27021
URI: mongodb://localhost:27019
URI: mongodb://localhost:27024
URI: mongodb://localhost:27022
URI: mongodb://localhost:27018
URI: mongodb://localhost:27023
Load workloads needs: 12727966643 ns 
[report] load_thread_ID : 5
[report] load_duration_ns : 12727966643
[report] load_duration_s : 12.727967
[report] load_throughput : 17431.692447
[report] load_average_latency_ns : 57366.776234
Load workloads needs: 12842992866 ns 
[report] load_thread_ID : 7
[report] load_duration_ns : 12842992866
[report] load_duration_s : 12.842993
[report] load_throughput : 17275.568266
[report] load_average_latency_ns : 57885.215964
Load workloads needs: 12943457027 ns 
[report] load_thread_ID : 4
[report] load_duration_ns : 12943457027
[report] load_duration_s : 12.943457
[report] load_throughput : 17141.479246
[report] load_average_latency_ns : 58338.022387
Load workloads needs: 13074676939 ns 
[report] load_thread_ID : 3
[report] load_duration_ns : 13074676939
[report] load_duration_s : 13.074677
[report] load_throughput : 16969.444143
[report] load_average_latency_ns : 58929.449403
Load workloads needs: 13647622816 ns 
[report] load_thread_ID : 2
[report] load_duration_ns : 13647622816
[report] load_duration_s : 13.647623
[report] load_throughput : 16257.043662
[report] load_average_latency_ns : 61511.798873
Load workloads needs: 13858588361 ns 
[report] load_thread_ID : 1
[report] load_duration_ns : 13858588361
[report] load_duration_s : 13.858588
[report] load_throughput : 16009.567080
[report] load_average_latency_ns : 62462.650926
Load workloads needs: 14149046609 ns 
[report] load_thread_ID : 0
[report] load_duration_ns : 14149046609
[report] load_duration_s : 14.149047
[report] load_throughput : 15680.915197
[report] load_average_latency_ns : 63771.788025
Load workloads needs: 14519560317 ns 
[report] load_thread_ID : 6
[report] load_duration_ns : 14519560317
[report] load_duration_s : 14.519560
[report] load_throughput : 15280.765750
[report] load_average_latency_ns : 65441.746595
All clients run done needs: 14520245733 ns 
[report] load_overall_duration_ns : 14520245733
[report] load_overall_duration_s : 14.520246
[report] load_overall_throughput : 122240.562084
[report] load_overall_average_latency_ns : 8180.590656
