numactl --membind=0 /home/gxr/mongodb-run/test_mongodb/build//run_client --num_threads=24 --core_binding=0,1,2,3,4,5,6,7,8,9,10,11,24,25,26,27,28,29,30,31,32,33,34,35 --str_key_size=16 --str_key_size=1024 --load_file=/home/gxr/mongodb-run/workloads/ycsb/workloada-load-10000000-10000000.log.formated --run_file=/home/gxr/mongodb-run/workloads/ycsb/workloada-run-10000000-10000000.log.formated --URI_set=mongodb://localhost:27017,mongodb://localhost:27018,mongodb://localhost:27019,mongodb://localhost:27020,mongodb://localhost:27021,mongodb://localhost:27022,mongodb://localhost:27023,mongodb://localhost:27024,mongodb://localhost:27025,mongodb://localhost:27026,mongodb://localhost:27027,mongodb://localhost:27028,mongodb://localhost:27029,mongodb://localhost:27030,mongodb://localhost:27031,mongodb://localhost:27032,mongodb://localhost:27033,mongodb://localhost:27034,mongodb://localhost:27035,mongodb://localhost:27036,mongodb://localhost:27037,mongodb://localhost:27038,mongodb://localhost:27039,mongodb://localhost:27040,mongodb://localhost:27041,mongodb://localhost:27042,mongodb://localhost:27043,mongodb://localhost:27044,mongodb://localhost:27045,mongodb://localhost:27046 --first_mode=true
mongodb://localhost:27017 mongodb://localhost:27018 mongodb://localhost:27019 mongodb://localhost:27020 mongodb://localhost:27021 mongodb://localhost:27022 mongodb://localhost:27023 mongodb://localhost:27024 mongodb://localhost:27025 mongodb://localhost:27026 mongodb://localhost:27027 mongodb://localhost:27028 mongodb://localhost:27029 mongodb://localhost:27030 mongodb://localhost:27031 mongodb://localhost:27032 mongodb://localhost:27033 mongodb://localhost:27034 mongodb://localhost:27035 mongodb://localhost:27036 mongodb://localhost:27037 mongodb://localhost:27038 mongodb://localhost:27039 mongodb://localhost:27040 mongodb://localhost:27041 mongodb://localhost:27042 mongodb://localhost:27043 mongodb://localhost:27044 mongodb://localhost:27045 mongodb://localhost:27046 reading workload files ...
load_filename : /home/gxr/mongodb-run/workloads/ycsb/workloada-load-10000000-10000000.log.formated
read load file needs: 1042127807 s 
run_filename : /home/gxr/mongodb-run/workloads/ycsb/workloada-run-10000000-10000000.log.formated
read run file needs: 1000882223 s 
num_of_load_ops is 1862736
num_of_run_ops is 1934501
0 1 2 3 4 5 6 7 8 9 10 11 24 25 26 27 28 29 30 31 32 33 34 35 URI: URI: mongodb://localhost:27017
URI: URI: URI: mongodb://localhost:27017mongodb://localhost:27017mongodb://localhost:27017
mongodb://localhost:27017


URI: mongodb://localhost:27017
URI: mongodb://localhost:27017
URI: mongodb://localhost:27017
URI: mongodb://localhost:27017
URI: mongodb://localhost:27017
URI: mongodb://localhost:27017
URI: URI: mongodb://localhost:27017
mongodb://localhost:27017
URI: mongodb://localhost:27017
URI: mongodb://localhost:27017
URI: mongodb://localhost:27017URI: mongodb://localhost:27017

URI: mongodb://localhost:27017
URI: mongodb://localhost:27017
URI: mongodb://localhost:27017
URI: mongodb://localhost:27017
URI: mongodb://localhost:27017
URI: mongodb://localhost:27017
URI: mongodb://localhost:27017
Load workloads needs: 8631837397 ns 
[report] load_thread_ID : 7
[report] load_duration_ns : 8631837397
[report] load_duration_s : 8.631837
[report] load_throughput : 8991.596624
[report] load_average_latency_ns : 111214.953449
Load workloads needs: 8702986390 ns 
[report] load_thread_ID : 19
[report] load_duration_ns : 8702986390
[report] load_duration_s : 8.702986
[report] load_throughput : 8918.088174
[report] load_average_latency_ns : 112131.656531
Load workloads needs: 8732229949 ns 
[report] load_thread_ID : 18
[report] load_duration_ns : 8732229949
[report] load_duration_s : 8.732230
[report] load_throughput : 8888.222190
[report] load_average_latency_ns : 112508.438542
Load workloads needs: 8735157615 ns 
[report] load_thread_ID : 6
[report] load_duration_ns : 8735157615
[report] load_duration_s : 8.735158
[report] load_throughput : 8885.243223
[report] load_average_latency_ns : 112546.159391
Load workloads needs: 8736420408 ns 
[report] load_thread_ID : 22
[report] load_duration_ns : 8736420408
[report] load_duration_s : 8.736420
[report] load_throughput : 8883.958919
[report] load_average_latency_ns : 112562.429562
Load workloads needs: 8740868578 ns 
[report] load_thread_ID : 15
[report] load_duration_ns : 8740868578
[report] load_duration_s : 8.740869
[report] load_throughput : 8879.437931
[report] load_average_latency_ns : 112619.741000
Load workloads needs: 8741250638 ns 
[report] load_thread_ID : 14
[report] load_duration_ns : 8741250638
[report] load_duration_s : 8.741251
[report] load_throughput : 8879.049831
[report] load_average_latency_ns : 112624.663566
Load workloads needs: 8743766634 ns 
[report] load_thread_ID : 16
[report] load_duration_ns : 8743766634
[report] load_duration_s : 8.743767
[report] load_throughput : 8876.494908
[report] load_average_latency_ns : 112657.080346
Load workloads needs: 8749672120 ns 
[report] load_thread_ID : 10
[report] load_duration_ns : 8749672120
[report] load_duration_s : 8.749672
[report] load_throughput : 8870.503824
[report] load_average_latency_ns : 112733.168243
Load workloads needs: 8755178658 ns 
[report] load_thread_ID : 2
[report] load_duration_ns : 8755178658
[report] load_duration_s : 8.755179
[report] load_throughput : 8864.924753
[report] load_average_latency_ns : 112804.115984
Load workloads needs: 8764121778 ns 
[report] load_thread_ID : 3
[report] load_duration_ns : 8764121778
[report] load_duration_s : 8.764122
[report] load_throughput : 8855.878771
[report] load_average_latency_ns : 112919.341588
Load workloads needs: 8765046097 ns 
[report] load_thread_ID : 4
[report] load_duration_ns : 8765046097
[report] load_duration_s : 8.765046
[report] load_throughput : 8854.944873
[report] load_average_latency_ns : 112931.250767
Load workloads needs: 8769476313 ns 
[report] load_thread_ID : 21
[report] load_duration_ns : 8769476313
[report] load_duration_s : 8.769476
[report] load_throughput : 8850.471480
[report] load_average_latency_ns : 112988.330881
Load workloads needs: 8770576233 ns 
[report] load_thread_ID : 9
[report] load_duration_ns : 8770576233
[report] load_duration_s : 8.770576
[report] load_throughput : 8849.361540
[report] load_average_latency_ns : 113002.502551
Load workloads needs: 8786541586 ns 
[report] load_thread_ID : 20
[report] load_duration_ns : 8786541586
[report] load_duration_s : 8.786542
[report] load_throughput : 8833.282042
[report] load_average_latency_ns : 113208.204525
Load workloads needs: 8787461861 ns 
[report] load_thread_ID : 12
[report] load_duration_ns : 8787461861
[report] load_duration_s : 8.787462
[report] load_throughput : 8832.356968
[report] load_average_latency_ns : 113220.061600
Load workloads needs: 8789283890 ns 
[report] load_thread_ID : 17
[report] load_duration_ns : 8789283890
[report] load_duration_s : 8.789284
[report] load_throughput : 8830.526010
[report] load_average_latency_ns : 113243.537120
Load workloads needs: 8790858996 ns 
[report] load_thread_ID : 5
[report] load_duration_ns : 8790858996
[report] load_duration_s : 8.790859
[report] load_throughput : 8828.943797
[report] load_average_latency_ns : 113263.831216
Load workloads needs: 8794210310 ns 
[report] load_thread_ID : 11
[report] load_duration_ns : 8794210310
[report] load_duration_s : 8.794210
[report] load_throughput : 8825.579246
[report] load_average_latency_ns : 113307.010462
Load workloads needs: 8796298795 ns 
[report] load_thread_ID : 0
[report] load_duration_ns : 8796298795
[report] load_duration_s : 8.796299
[report] load_throughput : 8823.483809
[report] load_average_latency_ns : 113333.919074
Load workloads needs: 8797005358 ns 
[report] load_thread_ID : 23
[report] load_duration_ns : 8797005358
[report] load_duration_s : 8.797005
[report] load_throughput : 8822.775120
[report] load_average_latency_ns : 113343.022625
Load workloads needs: 8829346696 ns 
[report] load_thread_ID : 8
[report] load_duration_ns : 8829346696
[report] load_duration_s : 8.829347
[report] load_throughput : 8790.457853
[report] load_average_latency_ns : 113759.717268
Load workloads needs: 8878119028 ns 
[report] load_thread_ID : 13
[report] load_duration_ns : 8878119028
[report] load_duration_s : 8.878119
[report] load_throughput : 8742.167091
[report] load_average_latency_ns : 114388.113330
Load workloads needs: 8883226464 ns 
[report] load_thread_ID : 1
[report] load_duration_ns : 8883226464
[report] load_duration_s : 8.883226
[report] load_throughput : 8737.140758
[report] load_average_latency_ns : 114453.918932
All clients run done needs: 8882736350 ns 
[report] load_overall_duration_ns : 8882736350
[report] load_overall_duration_s : 8.882736
[report] load_overall_throughput : 209702.948124
[report] load_overall_average_latency_ns : 4768.650174
