numactl --membind=0 /home/gxr/mongodb-run/test_mongodb/build//run_client --num_threads=16 --core_binding=0,1,2,3,4,5,6,7,8,9,10,11,24,25,26,27,28,29,30,31,32,33,34,35 --str_key_size=16 --str_key_size=256 --load_file=/home/gxr/mongodb-run/workloads/ycsb/workloada-load-50000000-50000000.log.formated --run_file=/home/gxr/mongodb-run/workloads/ycsb/workloada-run-50000000-50000000.log.formated --URI_set=mongodb://localhost:27017,mongodb://localhost:27018,mongodb://localhost:27019,mongodb://localhost:27020,mongodb://localhost:27021,mongodb://localhost:27022,mongodb://localhost:27023,mongodb://localhost:27024,mongodb://localhost:27025,mongodb://localhost:27026,mongodb://localhost:27027,mongodb://localhost:27028,mongodb://localhost:27029,mongodb://localhost:27030,mongodb://localhost:27031,mongodb://localhost:27032,mongodb://localhost:27033,mongodb://localhost:27034,mongodb://localhost:27035,mongodb://localhost:27036,mongodb://localhost:27037,mongodb://localhost:27038,mongodb://localhost:27039,mongodb://localhost:27040,mongodb://localhost:27041,mongodb://localhost:27042,mongodb://localhost:27043,mongodb://localhost:27044,mongodb://localhost:27045,mongodb://localhost:27046 --first_mode=true
mongodb://localhost:27017 mongodb://localhost:27018 mongodb://localhost:27019 mongodb://localhost:27020 mongodb://localhost:27021 mongodb://localhost:27022 mongodb://localhost:27023 mongodb://localhost:27024 mongodb://localhost:27025 mongodb://localhost:27026 mongodb://localhost:27027 mongodb://localhost:27028 mongodb://localhost:27029 mongodb://localhost:27030 mongodb://localhost:27031 mongodb://localhost:27032 mongodb://localhost:27033 mongodb://localhost:27034 mongodb://localhost:27035 mongodb://localhost:27036 mongodb://localhost:27037 mongodb://localhost:27038 mongodb://localhost:27039 mongodb://localhost:27040 mongodb://localhost:27041 mongodb://localhost:27042 mongodb://localhost:27043 mongodb://localhost:27044 mongodb://localhost:27045 mongodb://localhost:27046 reading workload files ...
load_filename : /home/gxr/mongodb-run/workloads/ycsb/workloada-load-50000000-50000000.log.formated
read load file needs: 935636212 s 
run_filename : /home/gxr/mongodb-run/workloads/ycsb/workloada-run-50000000-50000000.log.formated
read run file needs: 1027554010 s 
num_of_load_ops is 1774963
num_of_run_ops is 1924255
0 1 2 3 4 5 6 7 8 9 10 11 24 25 26 27 28 29 30 31 32 33 34 35 URI: URI: URI: mongodb://localhost:27017mongodb://localhost:27017URI: URI: mongodb://localhost:27017
mongodb://localhost:27017
URI: mongodb://localhost:27017
URI: URI: mongodb://localhost:27017
URI: mongodb://localhost:27017

mongodb://localhost:27017

mongodb://localhost:27017
URI: URI: mongodb://localhost:27017
mongodb://localhost:27017
URI: mongodb://localhost:27017
URI: mongodb://localhost:27017
URI: mongodb://localhost:27017
URI: mongodb://localhost:27017
URI: mongodb://localhost:27017
Load workloads needs: 12187599095 ns 
[report] load_thread_ID : 8
[report] load_duration_ns : 12187599095
[report] load_duration_s : 12.187599
[report] load_throughput : 9102.284965
[report] load_average_latency_ns : 109862.523955
Load workloads needs: 12224964386 ns 
[report] load_thread_ID : 10
[report] load_duration_ns : 12224964386
[report] load_duration_s : 12.224964
[report] load_throughput : 9074.464064
[report] load_average_latency_ns : 110199.345437
Load workloads needs: 12226348462 ns 
[report] load_thread_ID : 6
[report] load_duration_ns : 12226348462
[report] load_duration_s : 12.226348
[report] load_throughput : 9073.436795
[report] load_average_latency_ns : 110211.821896
Load workloads needs: 12235191542 ns 
[report] load_thread_ID : 9
[report] load_duration_ns : 12235191542
[report] load_duration_s : 12.235192
[report] load_throughput : 9066.878898
[report] load_average_latency_ns : 110291.535963
Load workloads needs: 12264677681 ns 
[report] load_thread_ID : 7
[report] load_duration_ns : 12264677681
[report] load_duration_s : 12.264678
[report] load_throughput : 9045.080750
[report] load_average_latency_ns : 110557.332501
Load workloads needs: 12297554897 ns 
[report] load_thread_ID : 4
[report] load_duration_ns : 12297554897
[report] load_duration_s : 12.297555
[report] load_throughput : 9020.898945
[report] load_average_latency_ns : 110853.697183
Load workloads needs: 12317159343 ns 
[report] load_thread_ID : 11
[report] load_duration_ns : 12317159343
[report] load_duration_s : 12.317159
[report] load_throughput : 9006.540949
[report] load_average_latency_ns : 111030.417298
Load workloads needs: 12348969232 ns 
[report] load_thread_ID : 12
[report] load_duration_ns : 12348969232
[report] load_duration_s : 12.348969
[report] load_throughput : 8983.340870
[report] load_average_latency_ns : 111317.160788
Load workloads needs: 12353441501 ns 
[report] load_thread_ID : 5
[report] load_duration_ns : 12353441501
[report] load_duration_s : 12.353442
[report] load_throughput : 8980.088665
[report] load_average_latency_ns : 111357.475107
Load workloads needs: 12370273042 ns 
[report] load_thread_ID : 1
[report] load_duration_ns : 12370273042
[report] load_duration_s : 12.370273
[report] load_throughput : 8967.869959
[report] load_average_latency_ns : 111509.199459
Load workloads needs: 12384311439 ns 
[report] load_thread_ID : 15
[report] load_duration_ns : 12384311439
[report] load_duration_s : 12.384311
[report] load_throughput : 8957.704314
[report] load_average_latency_ns : 111635.745608
Load workloads needs: 12386188775 ns 
[report] load_thread_ID : 0
[report] load_duration_ns : 12386188775
[report] load_duration_s : 12.386189
[report] load_throughput : 8956.346622
[report] load_average_latency_ns : 111652.668455
Load workloads needs: 12394904251 ns 
[report] load_thread_ID : 14
[report] load_duration_ns : 12394904251
[report] load_duration_s : 12.394904
[report] load_throughput : 8950.048968
[report] load_average_latency_ns : 111731.232262
Load workloads needs: 12396457426 ns 
[report] load_thread_ID : 3
[report] load_duration_ns : 12396457426
[report] load_duration_s : 12.396457
[report] load_throughput : 8948.927600
[report] load_average_latency_ns : 111745.233028
Load workloads needs: 12405554299 ns 
[report] load_thread_ID : 2
[report] load_duration_ns : 12405554299
[report] load_duration_s : 12.405554
[report] load_throughput : 8942.365438
[report] load_average_latency_ns : 111827.234858
Load workloads needs: 12463086428 ns 
[report] load_thread_ID : 13
[report] load_duration_ns : 12463086428
[report] load_duration_s : 12.463086
[report] load_throughput : 8901.085669
[report] load_average_latency_ns : 112345.846018
All clients run done needs: 12463412710 ns 
[report] load_overall_duration_ns : 12463412710
[report] load_overall_duration_s : 12.463413
[report] load_overall_throughput : 142413.883043
[report] load_overall_average_latency_ns : 7021.787333
