numactl --membind=0 /home/gxr/mongodb-run/test_mongodb/build//run_client --num_threads=4 --core_binding=0,1,2,3,4,5,6,7,8,9,10,11,24,25,26,27,28,29,30,31,32,33,34,35 --str_key_size=16 --str_key_size=64 --load_file=/home/gxr/mongodb-run/workloads/ycsb/workloada-load-10000000-10000000.log.formated --run_file=/home/gxr/mongodb-run/workloads/ycsb/workloada-run-10000000-10000000.log.formated --URI_set=mongodb://localhost:27017,mongodb://localhost:27018,mongodb://localhost:27019,mongodb://localhost:27020,mongodb://localhost:27021,mongodb://localhost:27022,mongodb://localhost:27023,mongodb://localhost:27024,mongodb://localhost:27025,mongodb://localhost:27026,mongodb://localhost:27027,mongodb://localhost:27028,mongodb://localhost:27029,mongodb://localhost:27030,mongodb://localhost:27031,mongodb://localhost:27032,mongodb://localhost:27033,mongodb://localhost:27034,mongodb://localhost:27035,mongodb://localhost:27036,mongodb://localhost:27037,mongodb://localhost:27038,mongodb://localhost:27039,mongodb://localhost:27040,mongodb://localhost:27041,mongodb://localhost:27042,mongodb://localhost:27043,mongodb://localhost:27044,mongodb://localhost:27045,mongodb://localhost:27046 --first_mode=true
mongodb://localhost:27017 mongodb://localhost:27018 mongodb://localhost:27019 mongodb://localhost:27020 mongodb://localhost:27021 mongodb://localhost:27022 mongodb://localhost:27023 mongodb://localhost:27024 mongodb://localhost:27025 mongodb://localhost:27026 mongodb://localhost:27027 mongodb://localhost:27028 mongodb://localhost:27029 mongodb://localhost:27030 mongodb://localhost:27031 mongodb://localhost:27032 mongodb://localhost:27033 mongodb://localhost:27034 mongodb://localhost:27035 mongodb://localhost:27036 mongodb://localhost:27037 mongodb://localhost:27038 mongodb://localhost:27039 mongodb://localhost:27040 mongodb://localhost:27041 mongodb://localhost:27042 mongodb://localhost:27043 mongodb://localhost:27044 mongodb://localhost:27045 mongodb://localhost:27046 reading workload files ...
load_filename : /home/gxr/mongodb-run/workloads/ycsb/workloada-load-10000000-10000000.log.formated
read load file needs: 990417510 s 
run_filename : /home/gxr/mongodb-run/workloads/ycsb/workloada-run-10000000-10000000.log.formated
read run file needs: 998100819 s 
num_of_load_ops is 1862736
num_of_run_ops is 1934501
0 1 2 3 4 5 6 7 8 9 10 11 24 25 26 27 28 29 30 31 32 33 34 35 URI: URI: mongodb://localhost:27017
URI: mongodb://localhost:27017
mongodb://localhost:27017
URI: mongodb://localhost:27017
Load workloads needs: 24479447548 ns 
[report] load_thread_ID : 1
[report] load_duration_ns : 24479447548
[report] load_duration_s : 24.479448
[report] load_throughput : 19023.468528
[report] load_average_latency_ns : 52566.649376
Load workloads needs: 26056373974 ns 
[report] load_thread_ID : 0
[report] load_duration_ns : 26056373974
[report] load_duration_s : 26.056374
[report] load_throughput : 17872.172101
[report] load_average_latency_ns : 55952.907925
Load workloads needs: 27338533896 ns 
[report] load_thread_ID : 3
[report] load_duration_ns : 27338533896
[report] load_duration_s : 27.338534
[report] load_throughput : 17033.978551
[report] load_average_latency_ns : 58706.191100
Load workloads needs: 28795092618 ns 
[report] load_thread_ID : 2
[report] load_duration_ns : 28795092618
[report] load_duration_s : 28.795093
[report] load_throughput : 16172.339022
[report] load_average_latency_ns : 61833.974579
All clients run done needs: 28795976917 ns 
[report] load_overall_duration_ns : 28795976917
[report] load_overall_duration_s : 28.795977
[report] load_overall_throughput : 64687.369537
[report] load_overall_average_latency_ns : 15458.968376
