numactl --membind=0 /home/gxr/mongodb-run/test_mongodb/build//run_client --num_threads=16 --core_binding=0,1,2,3,4,5,6,7,8,9,10,11,24,25,26,27,28,29,30,31,32,33,34,35 --str_key_size=16 --str_key_size=1024 --load_file=/home/gxr/mongodb-run/workloads/ycsb/workloada-load-10000000-10000000.log.formated --run_file=/home/gxr/mongodb-run/workloads/ycsb/workloada-run-10000000-10000000.log.formated --URI_set=mongodb://localhost:27017,mongodb://localhost:27018,mongodb://localhost:27019,mongodb://localhost:27020,mongodb://localhost:27021,mongodb://localhost:27022,mongodb://localhost:27023,mongodb://localhost:27024,mongodb://localhost:27025,mongodb://localhost:27026,mongodb://localhost:27027,mongodb://localhost:27028,mongodb://localhost:27029,mongodb://localhost:27030,mongodb://localhost:27031,mongodb://localhost:27032,mongodb://localhost:27033,mongodb://localhost:27034,mongodb://localhost:27035,mongodb://localhost:27036,mongodb://localhost:27037,mongodb://localhost:27038,mongodb://localhost:27039,mongodb://localhost:27040,mongodb://localhost:27041,mongodb://localhost:27042,mongodb://localhost:27043,mongodb://localhost:27044,mongodb://localhost:27045,mongodb://localhost:27046 --first_mode=true
mongodb://localhost:27017 mongodb://localhost:27018 mongodb://localhost:27019 mongodb://localhost:27020 mongodb://localhost:27021 mongodb://localhost:27022 mongodb://localhost:27023 mongodb://localhost:27024 mongodb://localhost:27025 mongodb://localhost:27026 mongodb://localhost:27027 mongodb://localhost:27028 mongodb://localhost:27029 mongodb://localhost:27030 mongodb://localhost:27031 mongodb://localhost:27032 mongodb://localhost:27033 mongodb://localhost:27034 mongodb://localhost:27035 mongodb://localhost:27036 mongodb://localhost:27037 mongodb://localhost:27038 mongodb://localhost:27039 mongodb://localhost:27040 mongodb://localhost:27041 mongodb://localhost:27042 mongodb://localhost:27043 mongodb://localhost:27044 mongodb://localhost:27045 mongodb://localhost:27046 reading workload files ...
load_filename : /home/gxr/mongodb-run/workloads/ycsb/workloada-load-10000000-10000000.log.formated
read load file needs: 1047315472 s 
run_filename : /home/gxr/mongodb-run/workloads/ycsb/workloada-run-10000000-10000000.log.formated
read run file needs: 996500165 s 
num_of_load_ops is 1862736
num_of_run_ops is 1934501
0 1 2 3 4 5 6 7 8 9 10 11 24 25 26 27 28 29 30 31 32 33 34 35 URI: URI: mongodb://localhost:27017
mongodb://localhost:27017
URI: URI: mongodb://localhost:27017mongodb://localhost:27017URI: URI: mongodb://localhost:27017mongodb://localhost:27017

URI: mongodb://localhost:27017

URI: mongodb://localhost:27017
URI: URI: mongodb://localhost:27017
mongodb://localhost:27017
URI: mongodb://localhost:27017

URI: mongodb://localhost:27017
URI: mongodb://localhost:27017
URI: mongodb://localhost:27017
URI: mongodb://localhost:27017
URI: mongodb://localhost:27017
Load workloads needs: 12989032861 ns 
[report] load_thread_ID : 8
[report] load_duration_ns : 12989032861
[report] load_duration_s : 12.989033
[report] load_throughput : 8963.022978
[report] load_average_latency_ns : 111569.500872
Load workloads needs: 13065933109 ns 
[report] load_thread_ID : 7
[report] load_duration_ns : 13065933109
[report] load_duration_s : 13.065933
[report] load_throughput : 8910.270627
[report] load_average_latency_ns : 112230.036755
Load workloads needs: 13220254769 ns 
[report] load_thread_ID : 12
[report] load_duration_ns : 13220254769
[report] load_duration_s : 13.220255
[report] load_throughput : 8806.259942
[report] load_average_latency_ns : 113555.585066
Load workloads needs: 13266775160 ns 
[report] load_thread_ID : 15
[report] load_duration_ns : 13266775160
[report] load_duration_s : 13.266775
[report] load_throughput : 8775.380497
[report] load_average_latency_ns : 113955.172692
Load workloads needs: 13271023861 ns 
[report] load_thread_ID : 6
[report] load_duration_ns : 13271023861
[report] load_duration_s : 13.271024
[report] load_throughput : 8772.571071
[report] load_average_latency_ns : 113991.666976
Load workloads needs: 13281099078 ns 
[report] load_thread_ID : 11
[report] load_duration_ns : 13281099078
[report] load_duration_s : 13.281099
[report] load_throughput : 8765.916082
[report] load_average_latency_ns : 114078.208210
Load workloads needs: 13283484947 ns 
[report] load_thread_ID : 0
[report] load_duration_ns : 13283484947
[report] load_duration_s : 13.283485
[report] load_throughput : 8764.341622
[report] load_average_latency_ns : 114098.701669
Load workloads needs: 13286446417 ns 
[report] load_thread_ID : 14
[report] load_duration_ns : 13286446417
[report] load_duration_s : 13.286446
[report] load_throughput : 8762.388102
[report] load_average_latency_ns : 114124.139262
Load workloads needs: 13291018526 ns 
[report] load_thread_ID : 13
[report] load_duration_ns : 13291018526
[report] load_duration_s : 13.291019
[report] load_throughput : 8759.373841
[report] load_average_latency_ns : 114163.411464
Load workloads needs: 13338065638 ns 
[report] load_thread_ID : 3
[report] load_duration_ns : 13338065638
[report] load_duration_s : 13.338066
[report] load_throughput : 8728.477064
[report] load_average_latency_ns : 114567.523368
Load workloads needs: 13379333830 ns 
[report] load_thread_ID : 9
[report] load_duration_ns : 13379333830
[report] load_duration_s : 13.379334
[report] load_throughput : 8701.554313
[report] load_average_latency_ns : 114921.997148
Load workloads needs: 13384223672 ns 
[report] load_thread_ID : 5
[report] load_duration_ns : 13384223672
[report] load_duration_s : 13.384224
[report] load_throughput : 8698.375255
[report] load_average_latency_ns : 114963.998523
Load workloads needs: 13396082186 ns 
[report] load_thread_ID : 1
[report] load_duration_ns : 13396082186
[report] load_duration_s : 13.396082
[report] load_throughput : 8690.675257
[report] load_average_latency_ns : 115065.857414
Load workloads needs: 13396246728 ns 
[report] load_thread_ID : 2
[report] load_duration_ns : 13396246728
[report] load_duration_s : 13.396247
[report] load_throughput : 8690.568512
[report] load_average_latency_ns : 115067.270750
Load workloads needs: 13404402932 ns 
[report] load_thread_ID : 4
[report] load_duration_ns : 13404402932
[report] load_duration_s : 13.404403
[report] load_throughput : 8685.280545
[report] load_average_latency_ns : 115137.328592
Load workloads needs: 13492532596 ns 
[report] load_thread_ID : 10
[report] load_duration_ns : 13492532596
[report] load_duration_s : 13.492533
[report] load_throughput : 8628.550583
[report] load_average_latency_ns : 115894.319719
All clients run done needs: 13492536377 ns 
[report] load_overall_duration_ns : 13492536377
[report] load_overall_duration_s : 13.492536
[report] load_overall_throughput : 138056.770644
[report] load_overall_average_latency_ns : 7243.397012
