numactl --membind=0 /home/gxr/mongodb-run/test_mongodb/build//run_client --num_threads=12 --core_binding=0,1,2,3,4,5,6,7,8,9,10,11,24,25,26,27,28,29,30,31,32,33,34,35 --str_key_size=16 --str_key_size=16 --load_file=/home/gxr/mongodb-run/workloads/ycsb/workloada-load-10000000-10000000.log.formated --run_file=/home/gxr/mongodb-run/workloads/ycsb/workloada-run-10000000-10000000.log.formated --URI_set=mongodb://localhost:27017,mongodb://localhost:27018,mongodb://localhost:27019,mongodb://localhost:27020,mongodb://localhost:27021,mongodb://localhost:27022,mongodb://localhost:27023,mongodb://localhost:27024,mongodb://localhost:27025,mongodb://localhost:27026,mongodb://localhost:27027,mongodb://localhost:27028,mongodb://localhost:27029,mongodb://localhost:27030,mongodb://localhost:27031,mongodb://localhost:27032,mongodb://localhost:27033,mongodb://localhost:27034,mongodb://localhost:27035,mongodb://localhost:27036,mongodb://localhost:27037,mongodb://localhost:27038,mongodb://localhost:27039,mongodb://localhost:27040,mongodb://localhost:27041,mongodb://localhost:27042,mongodb://localhost:27043,mongodb://localhost:27044,mongodb://localhost:27045,mongodb://localhost:27046 --first_mode=true
mongodb://localhost:27017 mongodb://localhost:27018 mongodb://localhost:27019 mongodb://localhost:27020 mongodb://localhost:27021 mongodb://localhost:27022 mongodb://localhost:27023 mongodb://localhost:27024 mongodb://localhost:27025 mongodb://localhost:27026 mongodb://localhost:27027 mongodb://localhost:27028 mongodb://localhost:27029 mongodb://localhost:27030 mongodb://localhost:27031 mongodb://localhost:27032 mongodb://localhost:27033 mongodb://localhost:27034 mongodb://localhost:27035 mongodb://localhost:27036 mongodb://localhost:27037 mongodb://localhost:27038 mongodb://localhost:27039 mongodb://localhost:27040 mongodb://localhost:27041 mongodb://localhost:27042 mongodb://localhost:27043 mongodb://localhost:27044 mongodb://localhost:27045 mongodb://localhost:27046 reading workload files ...
load_filename : /home/gxr/mongodb-run/workloads/ycsb/workloada-load-10000000-10000000.log.formated
read load file needs: 962656673 s 
run_filename : /home/gxr/mongodb-run/workloads/ycsb/workloada-run-10000000-10000000.log.formated
read run file needs: 995976922 s 
num_of_load_ops is 1862736
num_of_run_ops is 1934501
0 1 2 3 4 5 6 7 8 9 10 11 24 25 26 27 28 29 30 31 32 33 34 35 URI: URI: URI: URI: mongodb://localhost:27017
URI: mongodb://localhost:27017URI: mongodb://localhost:27017mongodb://localhost:27017
mongodb://localhost:27017mongodb://localhost:27017



URI: mongodb://localhost:27017
URI: mongodb://localhost:27017
URI: mongodb://localhost:27017
URI: mongodb://localhost:27017
URI: mongodb://localhost:27017
URI: mongodb://localhost:27017
Load workloads needs: 11112468758 ns 
[report] load_thread_ID : 4
[report] load_duration_ns : 11112468758
[report] load_duration_s : 11.112469
[report] load_throughput : 13968.813176
[report] load_average_latency_ns : 71588.043124
Load workloads needs: 11159678844 ns 
[report] load_thread_ID : 10
[report] load_duration_ns : 11159678844
[report] load_duration_s : 11.159679
[report] load_throughput : 13909.719282
[report] load_average_latency_ns : 71892.176953
Load workloads needs: 11203510766 ns 
[report] load_thread_ID : 2
[report] load_duration_ns : 11203510766
[report] load_duration_s : 11.203511
[report] load_throughput : 13855.299758
[report] load_average_latency_ns : 72174.548187
Load workloads needs: 11226049085 ns 
[report] load_thread_ID : 0
[report] load_duration_ns : 11226049085
[report] load_duration_s : 11.226049
[report] load_throughput : 13827.482743
[report] load_average_latency_ns : 72319.743120
Load workloads needs: 11318004619 ns 
[report] load_thread_ID : 8
[report] load_duration_ns : 11318004619
[report] load_duration_s : 11.318005
[report] load_throughput : 13715.138421
[report] load_average_latency_ns : 72912.133243
Load workloads needs: 11326759744 ns 
[report] load_thread_ID : 1
[report] load_duration_ns : 11326759744
[report] load_duration_s : 11.326760
[report] load_throughput : 13704.537176
[report] load_average_latency_ns : 72968.534955
Load workloads needs: 11340140845 ns 
[report] load_thread_ID : 7
[report] load_duration_ns : 11340140845
[report] load_duration_s : 11.340141
[report] load_throughput : 13688.366143
[report] load_average_latency_ns : 73054.737837
Load workloads needs: 11353132268 ns 
[report] load_thread_ID : 6
[report] load_duration_ns : 11353132268
[report] load_duration_s : 11.353132
[report] load_throughput : 13672.702505
[report] load_average_latency_ns : 73138.430361
Load workloads needs: 11489259055 ns 
[report] load_thread_ID : 3
[report] load_duration_ns : 11489259055
[report] load_duration_s : 11.489259
[report] load_throughput : 13510.705891
[report] load_average_latency_ns : 74015.377735
Load workloads needs: 11558725165 ns 
[report] load_thread_ID : 9
[report] load_duration_ns : 11558725165
[report] load_duration_s : 11.558725
[report] load_throughput : 13429.508686
[report] load_average_latency_ns : 74462.887913
Load workloads needs: 11588418191 ns 
[report] load_thread_ID : 5
[report] load_duration_ns : 11588418191
[report] load_duration_s : 11.588418
[report] load_throughput : 13395.098230
[report] load_average_latency_ns : 74654.174447
Load workloads needs: 11600651438 ns 
[report] load_thread_ID : 11
[report] load_duration_ns : 11600651438
[report] load_duration_s : 11.600651
[report] load_throughput : 13380.972683
[report] load_average_latency_ns : 74732.982696
All clients run done needs: 11601090572 ns 
[report] load_overall_duration_ns : 11601090572
[report] load_overall_duration_s : 11.601091
[report] load_overall_throughput : 160565.594109
[report] load_overall_average_latency_ns : 6227.984305
