numactl --membind=0 /home/gxr/mongodb-run/test_mongodb/build//run_client --num_threads=16 --core_binding=0,1,2,3,4,5,6,7,8,9,10,11,24,25,26,27,28,29,30,31,32,33,34,35 --str_key_size=16 --str_key_size=1024 --load_file=/home/gxr/mongodb-run/workloads/ycsb/workloada-load-10000000-10000000.log.formated --run_file=/home/gxr/mongodb-run/workloads/ycsb/workloada-run-10000000-10000000.log.formated --URI_set=mongodb://localhost:27017,mongodb://localhost:27018,mongodb://localhost:27019,mongodb://localhost:27020,mongodb://localhost:27021,mongodb://localhost:27022,mongodb://localhost:27023,mongodb://localhost:27024,mongodb://localhost:27025,mongodb://localhost:27026,mongodb://localhost:27027,mongodb://localhost:27028,mongodb://localhost:27029,mongodb://localhost:27030,mongodb://localhost:27031,mongodb://localhost:27032,mongodb://localhost:27033,mongodb://localhost:27034,mongodb://localhost:27035,mongodb://localhost:27036,mongodb://localhost:27037,mongodb://localhost:27038,mongodb://localhost:27039,mongodb://localhost:27040,mongodb://localhost:27041,mongodb://localhost:27042,mongodb://localhost:27043,mongodb://localhost:27044,mongodb://localhost:27045,mongodb://localhost:27046 --first_mode=false
mongodb://localhost:27017 mongodb://localhost:27018 mongodb://localhost:27019 mongodb://localhost:27020 mongodb://localhost:27021 mongodb://localhost:27022 mongodb://localhost:27023 mongodb://localhost:27024 mongodb://localhost:27025 mongodb://localhost:27026 mongodb://localhost:27027 mongodb://localhost:27028 mongodb://localhost:27029 mongodb://localhost:27030 mongodb://localhost:27031 mongodb://localhost:27032 mongodb://localhost:27033 mongodb://localhost:27034 mongodb://localhost:27035 mongodb://localhost:27036 mongodb://localhost:27037 mongodb://localhost:27038 mongodb://localhost:27039 mongodb://localhost:27040 mongodb://localhost:27041 mongodb://localhost:27042 mongodb://localhost:27043 mongodb://localhost:27044 mongodb://localhost:27045 mongodb://localhost:27046 reading workload files ...
load_filename : /home/gxr/mongodb-run/workloads/ycsb/workloada-load-10000000-10000000.log.formated
read load file needs: 1002102107 s 
run_filename : /home/gxr/mongodb-run/workloads/ycsb/workloada-run-10000000-10000000.log.formated
read run file needs: 995768523 s 
num_of_load_ops is 1862736
num_of_run_ops is 1934501
0 1 2 3 4 5 6 7 8 9 10 11 24 25 26 27 28 29 30 31 32 33 34 35 URI: URI: mongodb://localhost:27025
mongodb://localhost:27017
URI: URI: mongodb://localhost:27020URI: mongodb://localhost:27019mongodb://localhost:27022


URI: mongodb://localhost:27024
URI: mongodb://localhost:27021
URI: mongodb://localhost:27023
URI: mongodb://localhost:27026
URI: mongodb://localhost:27027
URI: mongodb://localhost:27029
URI: mongodb://localhost:27028
URI: mongodb://localhost:27030
URI: mongodb://localhost:27031
URI: mongodb://localhost:27032
URI: mongodb://localhost:27018
Load workloads needs: 10848785852 ns 
[report] load_thread_ID : 2
[report] load_duration_ns : 10848785852
[report] load_duration_s : 10.848786
[report] load_throughput : 10731.246942
[report] load_average_latency_ns : 93185.815721
Load workloads needs: 11084406417 ns 
[report] load_thread_ID : 14
[report] load_duration_ns : 11084406417
[report] load_duration_s : 11.084406
[report] load_throughput : 10503.133467
[report] load_average_latency_ns : 95209.682248
Load workloads needs: 11210341156 ns 
[report] load_thread_ID : 3
[report] load_duration_ns : 11210341156
[report] load_duration_s : 11.210341
[report] load_throughput : 10385.143358
[report] load_average_latency_ns : 96291.400658
Load workloads needs: 11216386411 ns 
[report] load_thread_ID : 1
[report] load_duration_ns : 11216386411
[report] load_duration_s : 11.216386
[report] load_throughput : 10379.546115
[report] load_average_latency_ns : 96343.326470
Load workloads needs: 11281919236 ns 
[report] load_thread_ID : 0
[report] load_duration_ns : 11281919236
[report] load_duration_s : 11.281919
[report] load_throughput : 10319.254868
[report] load_average_latency_ns : 96906.221695
Load workloads needs: 11290759547 ns 
[report] load_thread_ID : 15
[report] load_duration_ns : 11290759547
[report] load_duration_s : 11.290760
[report] load_throughput : 10311.175215
[report] load_average_latency_ns : 96982.155685
Load workloads needs: 11373815383 ns 
[report] load_thread_ID : 4
[report] load_duration_ns : 11373815383
[report] load_duration_s : 11.373815
[report] load_throughput : 10235.879173
[report] load_average_latency_ns : 97695.565087
Load workloads needs: 11448132576 ns 
[report] load_thread_ID : 7
[report] load_duration_ns : 11448132576
[report] load_duration_s : 11.448133
[report] load_throughput : 10169.431497
[report] load_average_latency_ns : 98333.913778
Load workloads needs: 11576323372 ns 
[report] load_thread_ID : 13
[report] load_duration_ns : 11576323372
[report] load_duration_s : 11.576323
[report] load_throughput : 10056.819964
[report] load_average_latency_ns : 99435.010625
Load workloads needs: 11612012958 ns 
[report] load_thread_ID : 5
[report] load_duration_ns : 11612012958
[report] load_duration_s : 11.612013
[report] load_throughput : 10025.910272
[report] load_average_latency_ns : 99741.566882
Load workloads needs: 11638047256 ns 
[report] load_thread_ID : 12
[report] load_duration_ns : 11638047256
[report] load_duration_s : 11.638047
[report] load_throughput : 10003.482323
[report] load_average_latency_ns : 99965.188892
Load workloads needs: 11742349430 ns 
[report] load_thread_ID : 6
[report] load_duration_ns : 11742349430
[report] load_duration_s : 11.742349
[report] load_throughput : 9914.625748
[report] load_average_latency_ns : 100861.094047
Load workloads needs: 11788218342 ns 
[report] load_thread_ID : 9
[report] load_duration_ns : 11788218342
[report] load_duration_s : 11.788218
[report] load_throughput : 9876.047136
[report] load_average_latency_ns : 101255.085783
Load workloads needs: 11808957991 ns 
[report] load_thread_ID : 8
[report] load_duration_ns : 11808957991
[report] load_duration_s : 11.808958
[report] load_throughput : 9858.702189
[report] load_average_latency_ns : 101433.229323
Load workloads needs: 12007097177 ns 
[report] load_thread_ID : 10
[report] load_duration_ns : 12007097177
[report] load_duration_s : 12.007097
[report] load_throughput : 9696.015472
[report] load_average_latency_ns : 103135.148959
Load workloads needs: 12291407674 ns 
[report] load_thread_ID : 11
[report] load_duration_ns : 12291407674
[report] load_duration_s : 12.291408
[report] load_throughput : 9471.738558
[report] load_average_latency_ns : 105577.238419
All clients run done needs: 12291869687 ns 
[report] load_overall_duration_ns : 12291869687
[report] load_overall_duration_s : 12.291870
[report] load_overall_throughput : 151542.120721
[report] load_overall_average_latency_ns : 6598.825430
