numactl --membind=0 /home/gxr/mongodb-run/test_mongodb/build//run_client --num_threads=8 --core_binding=0,1,2,3,4,5,6,7,8,9,10,11,24,25,26,27,28,29,30,31,32,33,34,35 --str_key_size=16 --str_key_size=16 --load_file=/home/gxr/mongodb-run/workloads/ycsb/workloada-load-50000000-50000000.log.formated --run_file=/home/gxr/mongodb-run/workloads/ycsb/workloada-run-50000000-50000000.log.formated --URI_set=mongodb://localhost:27017,mongodb://localhost:27018,mongodb://localhost:27019,mongodb://localhost:27020,mongodb://localhost:27021,mongodb://localhost:27022,mongodb://localhost:27023,mongodb://localhost:27024,mongodb://localhost:27025,mongodb://localhost:27026,mongodb://localhost:27027,mongodb://localhost:27028,mongodb://localhost:27029,mongodb://localhost:27030,mongodb://localhost:27031,mongodb://localhost:27032,mongodb://localhost:27033,mongodb://localhost:27034,mongodb://localhost:27035,mongodb://localhost:27036,mongodb://localhost:27037,mongodb://localhost:27038,mongodb://localhost:27039,mongodb://localhost:27040,mongodb://localhost:27041,mongodb://localhost:27042,mongodb://localhost:27043,mongodb://localhost:27044,mongodb://localhost:27045,mongodb://localhost:27046 --first_mode=true
mongodb://localhost:27017 mongodb://localhost:27018 mongodb://localhost:27019 mongodb://localhost:27020 mongodb://localhost:27021 mongodb://localhost:27022 mongodb://localhost:27023 mongodb://localhost:27024 mongodb://localhost:27025 mongodb://localhost:27026 mongodb://localhost:27027 mongodb://localhost:27028 mongodb://localhost:27029 mongodb://localhost:27030 mongodb://localhost:27031 mongodb://localhost:27032 mongodb://localhost:27033 mongodb://localhost:27034 mongodb://localhost:27035 mongodb://localhost:27036 mongodb://localhost:27037 mongodb://localhost:27038 mongodb://localhost:27039 mongodb://localhost:27040 mongodb://localhost:27041 mongodb://localhost:27042 mongodb://localhost:27043 mongodb://localhost:27044 mongodb://localhost:27045 mongodb://localhost:27046 reading workload files ...
load_filename : /home/gxr/mongodb-run/workloads/ycsb/workloada-load-50000000-50000000.log.formated
read load file needs: 932133219 s 
run_filename : /home/gxr/mongodb-run/workloads/ycsb/workloada-run-50000000-50000000.log.formated
read run file needs: 1027003347 s 
num_of_load_ops is 1774963
num_of_run_ops is 1924255
0 1 2 3 4 5 6 7 8 9 10 11 24 25 26 27 28 29 30 31 32 33 34 35 URI: mongodb://localhost:27017
URI: mongodb://localhost:27017
URI: mongodb://localhost:27017
URI: mongodb://localhost:27017
URI: mongodb://localhost:27017
URI: mongodb://localhost:27017
URI: mongodb://localhost:27017
URI: mongodb://localhost:27017
Load workloads needs: 13813481279 ns 
[report] load_thread_ID : 7
[report] load_duration_ns : 13813481279
[report] load_duration_s : 13.813481
[report] load_throughput : 16061.845346
[report] load_average_latency_ns : 62259.346820
Load workloads needs: 13883828351 ns 
[report] load_thread_ID : 0
[report] load_duration_ns : 13883828351
[report] load_duration_s : 13.883828
[report] load_throughput : 15980.462621
[report] load_average_latency_ns : 62576.411191
Load workloads needs: 14009091557 ns 
[report] load_thread_ID : 2
[report] load_duration_ns : 14009091557
[report] load_duration_s : 14.009092
[report] load_throughput : 15837.572272
[report] load_average_latency_ns : 63140.990476
Load workloads needs: 14031420782 ns 
[report] load_thread_ID : 4
[report] load_duration_ns : 14031420782
[report] load_duration_s : 14.031421
[report] load_throughput : 15812.368786
[report] load_average_latency_ns : 63241.631505
Load workloads needs: 14111578972 ns 
[report] load_thread_ID : 6
[report] load_duration_ns : 14111578972
[report] load_duration_s : 14.111579
[report] load_throughput : 15722.549577
[report] load_average_latency_ns : 63602.915996
Load workloads needs: 14487047950 ns 
[report] load_thread_ID : 5
[report] load_duration_ns : 14487047950
[report] load_duration_s : 14.487048
[report] load_throughput : 15315.059408
[report] load_average_latency_ns : 65295.208681
Load workloads needs: 14957102547 ns 
[report] load_thread_ID : 3
[report] load_duration_ns : 14957102547
[report] load_duration_s : 14.957103
[report] load_throughput : 14833.755355
[report] load_average_latency_ns : 67413.812354
Load workloads needs: 15178333444 ns 
[report] load_thread_ID : 1
[report] load_duration_ns : 15178333444
[report] load_duration_s : 15.178333
[report] load_throughput : 14617.546835
[report] load_average_latency_ns : 68410.931825
All clients run done needs: 15178955353 ns 
[report] load_overall_duration_ns : 15178955353
[report] load_overall_duration_s : 15.178955
[report] load_overall_throughput : 116935.781068
[report] load_overall_average_latency_ns : 8551.702403
