numactl --membind=0 /home/gxr/mongodb-run/test_mongodb/build//run_client --num_threads=24 --core_binding=0,1,2,3,4,5,6,7,8,9,10,11,24,25,26,27,28,29,30,31,32,33,34,35 --str_key_size=16 --str_key_size=16 --load_file=/home/gxr/mongodb-run/workloads/ycsb/workloada-load-10000000-10000000.log.formated --run_file=/home/gxr/mongodb-run/workloads/ycsb/workloada-run-10000000-10000000.log.formated --URI_set=mongodb://localhost:27017,mongodb://localhost:27018,mongodb://localhost:27019,mongodb://localhost:27020,mongodb://localhost:27021,mongodb://localhost:27022,mongodb://localhost:27023,mongodb://localhost:27024,mongodb://localhost:27025,mongodb://localhost:27026,mongodb://localhost:27027,mongodb://localhost:27028,mongodb://localhost:27029,mongodb://localhost:27030,mongodb://localhost:27031,mongodb://localhost:27032,mongodb://localhost:27033,mongodb://localhost:27034,mongodb://localhost:27035,mongodb://localhost:27036,mongodb://localhost:27037,mongodb://localhost:27038,mongodb://localhost:27039,mongodb://localhost:27040,mongodb://localhost:27041,mongodb://localhost:27042,mongodb://localhost:27043,mongodb://localhost:27044,mongodb://localhost:27045,mongodb://localhost:27046 --first_mode=false
mongodb://localhost:27017 mongodb://localhost:27018 mongodb://localhost:27019 mongodb://localhost:27020 mongodb://localhost:27021 mongodb://localhost:27022 mongodb://localhost:27023 mongodb://localhost:27024 mongodb://localhost:27025 mongodb://localhost:27026 mongodb://localhost:27027 mongodb://localhost:27028 mongodb://localhost:27029 mongodb://localhost:27030 mongodb://localhost:27031 mongodb://localhost:27032 mongodb://localhost:27033 mongodb://localhost:27034 mongodb://localhost:27035 mongodb://localhost:27036 mongodb://localhost:27037 mongodb://localhost:27038 mongodb://localhost:27039 mongodb://localhost:27040 mongodb://localhost:27041 mongodb://localhost:27042 mongodb://localhost:27043 mongodb://localhost:27044 mongodb://localhost:27045 mongodb://localhost:27046 reading workload files ...
load_filename : /home/gxr/mongodb-run/workloads/ycsb/workloada-load-10000000-10000000.log.formated
read load file needs: 1025222531 s 
run_filename : /home/gxr/mongodb-run/workloads/ycsb/workloada-run-10000000-10000000.log.formated
read run file needs: 1002513389 s 
num_of_load_ops is 1862736
num_of_run_ops is 1934501
0 1 2 3 4 5 6 7 8 9 10 11 24 25 26 27 28 29 30 31 32 33 34 35 URI: mongodb://localhost:27023
URI: mongodb://localhost:27018
URI: mongodb://localhost:27022URI: mongodb://localhost:27020
URI: mongodb://localhost:27019URI: mongodb://localhost:27017

URI: mongodb://localhost:27024URI: mongodb://localhost:27025

URI: mongodb://localhost:27028
URI: mongodb://localhost:27021

URI: mongodb://localhost:27027
URI: mongodb://localhost:27029
URI: mongodb://localhost:27030
URI: mongodb://localhost:27026
URI: mongodb://localhost:27031
URI: mongodb://localhost:27032
URI: URI: mongodb://localhost:27034
mongodb://localhost:27033
URI: mongodb://localhost:27035
URI: mongodb://localhost:27037
URI: mongodb://localhost:27036
URI: mongodb://localhost:27038
URI: mongodb://localhost:27039
URI: mongodb://localhost:27040
Load workloads needs: 8037225921 ns 
[report] load_thread_ID : 3
[report] load_duration_ns : 8037225921
[report] load_duration_s : 8.037226
[report] load_throughput : 9656.814523
[report] load_average_latency_ns : 103553.816592
Load workloads needs: 8038835004 ns 
[report] load_thread_ID : 19
[report] load_duration_ns : 8038835004
[report] load_duration_s : 8.038835
[report] load_throughput : 9654.881579
[report] load_average_latency_ns : 103574.548458
Load workloads needs: 8067117199 ns 
[report] load_thread_ID : 16
[report] load_duration_ns : 8067117199
[report] load_duration_s : 8.067117
[report] load_throughput : 9621.032903
[report] load_average_latency_ns : 103938.943992
Load workloads needs: 8101127769 ns 
[report] load_thread_ID : 15
[report] load_duration_ns : 8101127769
[report] load_duration_s : 8.101128
[report] load_throughput : 9580.641389
[report] load_average_latency_ns : 104377.145476
Load workloads needs: 8134364970 ns 
[report] load_thread_ID : 23
[report] load_duration_ns : 8134364970
[report] load_duration_s : 8.134365
[report] load_throughput : 9541.494669
[report] load_average_latency_ns : 104805.382663
Load workloads needs: 8152664777 ns 
[report] load_thread_ID : 8
[report] load_duration_ns : 8152664777
[report] load_duration_s : 8.152665
[report] load_throughput : 9520.077438
[report] load_average_latency_ns : 105041.162380
Load workloads needs: 8192093195 ns 
[report] load_thread_ID : 17
[report] load_duration_ns : 8192093195
[report] load_duration_s : 8.192093
[report] load_throughput : 9474.257452
[report] load_average_latency_ns : 105549.168900
Load workloads needs: 8201634290 ns 
[report] load_thread_ID : 11
[report] load_duration_ns : 8201634290
[report] load_duration_s : 8.201634
[report] load_throughput : 9463.235894
[report] load_average_latency_ns : 105672.098977
Load workloads needs: 8204337219 ns 
[report] load_thread_ID : 9
[report] load_duration_ns : 8204337219
[report] load_duration_s : 8.204337
[report] load_throughput : 9460.118219
[report] load_average_latency_ns : 105706.924253
Load workloads needs: 8222269661 ns 
[report] load_thread_ID : 18
[report] load_duration_ns : 8222269661
[report] load_duration_s : 8.222270
[report] load_throughput : 9439.486079
[report] load_average_latency_ns : 105937.970740
Load workloads needs: 8225477283 ns 
[report] load_thread_ID : 21
[report] load_duration_ns : 8225477283
[report] load_duration_s : 8.225477
[report] load_throughput : 9435.805040
[report] load_average_latency_ns : 105979.298619
Load workloads needs: 8234720207 ns 
[report] load_thread_ID : 20
[report] load_duration_ns : 8234720207
[report] load_duration_s : 8.234720
[report] load_throughput : 9425.213978
[report] load_average_latency_ns : 106098.386979
Load workloads needs: 8241258620 ns 
[report] load_thread_ID : 5
[report] load_duration_ns : 8241258620
[report] load_duration_s : 8.241259
[report] load_throughput : 9417.736244
[report] load_average_latency_ns : 106182.629680
Load workloads needs: 8268285723 ns 
[report] load_thread_ID : 22
[report] load_duration_ns : 8268285723
[report] load_duration_s : 8.268286
[report] load_throughput : 9386.951854
[report] load_average_latency_ns : 106530.854266
Load workloads needs: 8281297407 ns 
[report] load_thread_ID : 1
[report] load_duration_ns : 8281297407
[report] load_duration_s : 8.281297
[report] load_throughput : 9372.202951
[report] load_average_latency_ns : 106698.500361
Load workloads needs: 8300625241 ns 
[report] load_thread_ID : 13
[report] load_duration_ns : 8300625241
[report] load_duration_s : 8.300625
[report] load_throughput : 9350.379971
[report] load_average_latency_ns : 106947.525459
Load workloads needs: 8302110684 ns 
[report] load_thread_ID : 12
[report] load_duration_ns : 8302110684
[report] load_duration_s : 8.302111
[report] load_throughput : 9348.706968
[report] load_average_latency_ns : 106966.664313
Load workloads needs: 8318681504 ns 
[report] load_thread_ID : 0
[report] load_duration_ns : 8318681504
[report] load_duration_s : 8.318682
[report] load_throughput : 9330.084336
[report] load_average_latency_ns : 107180.167289
Load workloads needs: 8326942587 ns 
[report] load_thread_ID : 6
[report] load_duration_ns : 8326942587
[report] load_duration_s : 8.326943
[report] load_throughput : 9320.828046
[report] load_average_latency_ns : 107286.605342
Load workloads needs: 8356998334 ns 
[report] load_thread_ID : 7
[report] load_duration_ns : 8356998334
[report] load_duration_s : 8.356998
[report] load_throughput : 9287.305908
[report] load_average_latency_ns : 107673.851805
Load workloads needs: 8359533091 ns 
[report] load_thread_ID : 10
[report] load_duration_ns : 8359533091
[report] load_duration_s : 8.359533
[report] load_throughput : 9284.489834
[report] load_average_latency_ns : 107706.510307
Load workloads needs: 8388955433 ns 
[report] load_thread_ID : 2
[report] load_duration_ns : 8388955433
[report] load_duration_s : 8.388955
[report] load_throughput : 9251.926610
[report] load_average_latency_ns : 108085.595807
Load workloads needs: 8503539463 ns 
[report] load_thread_ID : 14
[report] load_duration_ns : 8503539463
[report] load_duration_s : 8.503539
[report] load_throughput : 9127.258166
[report] load_average_latency_ns : 109561.927784
Load workloads needs: 8694590143 ns 
[report] load_thread_ID : 4
[report] load_duration_ns : 8694590143
[report] load_duration_s : 8.694590
[report] load_throughput : 8926.700250
[report] load_average_latency_ns : 112023.476989
All clients run done needs: 8694675286 ns 
[report] load_overall_duration_ns : 8694675286
[report] load_overall_duration_s : 8.694675
[report] load_overall_throughput : 214238.708029
[report] load_overall_average_latency_ns : 4667.690583
