numactl --membind=0 /home/gxr/mongodb-run/test_mongodb/build//run_client --num_threads=16 --core_binding=0,1,2,3,4,5,6,7,8,9,10,11,24,25,26,27,28,29,30,31,32,33,34,35 --str_key_size=16 --str_key_size=16 --load_file=/home/gxr/mongodb-run/workloads/ycsb/workloada-load-50000000-50000000.log.formated --run_file=/home/gxr/mongodb-run/workloads/ycsb/workloada-run-50000000-50000000.log.formated --URI_set=mongodb://localhost:27017,mongodb://localhost:27018,mongodb://localhost:27019,mongodb://localhost:27020,mongodb://localhost:27021,mongodb://localhost:27022,mongodb://localhost:27023,mongodb://localhost:27024,mongodb://localhost:27025,mongodb://localhost:27026,mongodb://localhost:27027,mongodb://localhost:27028,mongodb://localhost:27029,mongodb://localhost:27030,mongodb://localhost:27031,mongodb://localhost:27032,mongodb://localhost:27033,mongodb://localhost:27034,mongodb://localhost:27035,mongodb://localhost:27036,mongodb://localhost:27037,mongodb://localhost:27038,mongodb://localhost:27039,mongodb://localhost:27040,mongodb://localhost:27041,mongodb://localhost:27042,mongodb://localhost:27043,mongodb://localhost:27044,mongodb://localhost:27045,mongodb://localhost:27046 --first_mode=false
mongodb://localhost:27017 mongodb://localhost:27018 mongodb://localhost:27019 mongodb://localhost:27020 mongodb://localhost:27021 mongodb://localhost:27022 mongodb://localhost:27023 mongodb://localhost:27024 mongodb://localhost:27025 mongodb://localhost:27026 mongodb://localhost:27027 mongodb://localhost:27028 mongodb://localhost:27029 mongodb://localhost:27030 mongodb://localhost:27031 mongodb://localhost:27032 mongodb://localhost:27033 mongodb://localhost:27034 mongodb://localhost:27035 mongodb://localhost:27036 mongodb://localhost:27037 mongodb://localhost:27038 mongodb://localhost:27039 mongodb://localhost:27040 mongodb://localhost:27041 mongodb://localhost:27042 mongodb://localhost:27043 mongodb://localhost:27044 mongodb://localhost:27045 mongodb://localhost:27046 reading workload files ...
load_filename : /home/gxr/mongodb-run/workloads/ycsb/workloada-load-50000000-50000000.log.formated
read load file needs: 988826882 s 
run_filename : /home/gxr/mongodb-run/workloads/ycsb/workloada-run-50000000-50000000.log.formated
read run file needs: 995539848 s 
num_of_load_ops is 1774963
num_of_run_ops is 1924255
0 1 2 3 4 5 6 7 8 9 10 11 24 25 26 27 28 29 30 31 32 33 34 35 URI: URI: URI: URI: mongodb://localhost:27020
mongodb://localhost:27021URI: mongodb://localhost:27018mongodb://localhost:27019mongodb://localhost:27017

URI: 
mongodb://localhost:27022
URI: mongodb://localhost:27023

URI: mongodb://localhost:27024
URI: mongodb://localhost:27025
URI: mongodb://localhost:27027
URI: mongodb://localhost:27026
URI: mongodb://localhost:27028
URI: mongodb://localhost:27029
URI: mongodb://localhost:27031
URI: mongodb://localhost:27032
URI: mongodb://localhost:27030
Load workloads needs: 14078275427 ns 
[report] load_thread_ID : 15
[report] load_duration_ns : 14078275427
[report] load_duration_s : 14.078275
[report] load_throughput : 7879.871407
[report] load_average_latency_ns : 126905.624257
Load workloads needs: 14324182718 ns 
[report] load_thread_ID : 14
[report] load_duration_ns : 14324182718
[report] load_duration_s : 14.324183
[report] load_throughput : 7744.595429
[report] load_average_latency_ns : 129122.303313
Load workloads needs: 14564465428 ns 
[report] load_thread_ID : 13
[report] load_duration_ns : 14564465428
[report] load_duration_s : 14.564465
[report] load_throughput : 7616.826072
[report] load_average_latency_ns : 131288.280777
Load workloads needs: 14652235908 ns 
[report] load_thread_ID : 0
[report] load_duration_ns : 14652235908
[report] load_duration_s : 14.652236
[report] load_throughput : 7571.199419
[report] load_average_latency_ns : 132079.469131
Load workloads needs: 14750859648 ns 
[report] load_thread_ID : 12
[report] load_duration_ns : 14750859648
[report] load_duration_s : 14.750860
[report] load_throughput : 7520.578641
[report] load_average_latency_ns : 132968.491892
Load workloads needs: 14838666311 ns 
[report] load_thread_ID : 3
[report] load_duration_ns : 14838666311
[report] load_duration_s : 14.838666
[report] load_throughput : 7476.076197
[report] load_average_latency_ns : 133760.006409
Load workloads needs: 14955724347 ns 
[report] load_thread_ID : 8
[report] load_duration_ns : 14955724347
[report] load_duration_s : 14.955724
[report] load_throughput : 7417.561158
[report] load_average_latency_ns : 134815.201217
Load workloads needs: 14966087377 ns 
[report] load_thread_ID : 1
[report] load_duration_ns : 14966087377
[report] load_duration_s : 14.966087
[report] load_throughput : 7412.424985
[report] load_average_latency_ns : 134908.616550
Load workloads needs: 14994461756 ns 
[report] load_thread_ID : 10
[report] load_duration_ns : 14994461756
[report] load_duration_s : 14.994462
[report] load_throughput : 7398.398276
[report] load_average_latency_ns : 135164.391364
Load workloads needs: 15005662750 ns 
[report] load_thread_ID : 2
[report] load_duration_ns : 15005662750
[report] load_duration_s : 15.005663
[report] load_throughput : 7392.875733
[report] load_average_latency_ns : 135265.360346
Load workloads needs: 15011573825 ns 
[report] load_thread_ID : 11
[report] load_duration_ns : 15011573825
[report] load_duration_s : 15.011574
[report] load_throughput : 7389.964656
[report] load_average_latency_ns : 135318.644476
Load workloads needs: 15087279244 ns 
[report] load_thread_ID : 4
[report] load_duration_ns : 15087279244
[report] load_duration_s : 15.087279
[report] load_throughput : 7352.883062
[report] load_average_latency_ns : 136001.074900
Load workloads needs: 15121927549 ns 
[report] load_thread_ID : 9
[report] load_duration_ns : 15121927549
[report] load_duration_s : 15.121928
[report] load_throughput : 7336.035677
[report] load_average_latency_ns : 136313.404687
Load workloads needs: 15246272405 ns 
[report] load_thread_ID : 6
[report] load_duration_ns : 15246272405
[report] load_duration_s : 15.246272
[report] load_throughput : 7276.204770
[report] load_average_latency_ns : 137434.284987
Load workloads needs: 15265482293 ns 
[report] load_thread_ID : 5
[report] load_duration_ns : 15265482293
[report] load_duration_s : 15.265482
[report] load_throughput : 7267.048487
[report] load_average_latency_ns : 137607.448443
Load workloads needs: 15291813356 ns 
[report] load_thread_ID : 7
[report] load_duration_ns : 15291813356
[report] load_duration_s : 15.291813
[report] load_throughput : 7254.535314
[report] load_average_latency_ns : 137844.804219
All clients run done needs: 15291930446 ns 
[report] load_overall_duration_ns : 15291930446
[report] load_overall_duration_s : 15.291930
[report] load_overall_throughput : 116071.872434
[report] load_overall_average_latency_ns : 8615.351670
