numactl --membind=0 /home/gxr/mongodb-run/test_mongodb/build//run_client --num_threads=20 --core_binding=0,1,2,3,4,5,6,7,8,9,10,11,24,25,26,27,28,29,30,31,32,33,34,35 --str_key_size=16 --str_key_size=16 --load_file=/home/gxr/mongodb-run/workloads/ycsb/workloada-load-10000000-10000000.log.formated --run_file=/home/gxr/mongodb-run/workloads/ycsb/workloada-run-10000000-10000000.log.formated --URI_set=mongodb://localhost:27017,mongodb://localhost:27018,mongodb://localhost:27019,mongodb://localhost:27020,mongodb://localhost:27021,mongodb://localhost:27022,mongodb://localhost:27023,mongodb://localhost:27024,mongodb://localhost:27025,mongodb://localhost:27026,mongodb://localhost:27027,mongodb://localhost:27028,mongodb://localhost:27029,mongodb://localhost:27030,mongodb://localhost:27031,mongodb://localhost:27032,mongodb://localhost:27033,mongodb://localhost:27034,mongodb://localhost:27035,mongodb://localhost:27036,mongodb://localhost:27037,mongodb://localhost:27038,mongodb://localhost:27039,mongodb://localhost:27040,mongodb://localhost:27041,mongodb://localhost:27042,mongodb://localhost:27043,mongodb://localhost:27044,mongodb://localhost:27045,mongodb://localhost:27046 --first_mode=true
mongodb://localhost:27017 mongodb://localhost:27018 mongodb://localhost:27019 mongodb://localhost:27020 mongodb://localhost:27021 mongodb://localhost:27022 mongodb://localhost:27023 mongodb://localhost:27024 mongodb://localhost:27025 mongodb://localhost:27026 mongodb://localhost:27027 mongodb://localhost:27028 mongodb://localhost:27029 mongodb://localhost:27030 mongodb://localhost:27031 mongodb://localhost:27032 mongodb://localhost:27033 mongodb://localhost:27034 mongodb://localhost:27035 mongodb://localhost:27036 mongodb://localhost:27037 mongodb://localhost:27038 mongodb://localhost:27039 mongodb://localhost:27040 mongodb://localhost:27041 mongodb://localhost:27042 mongodb://localhost:27043 mongodb://localhost:27044 mongodb://localhost:27045 mongodb://localhost:27046 reading workload files ...
load_filename : /home/gxr/mongodb-run/workloads/ycsb/workloada-load-10000000-10000000.log.formated
read load file needs: 998056246 s 
run_filename : /home/gxr/mongodb-run/workloads/ycsb/workloada-run-10000000-10000000.log.formated
read run file needs: 997814409 s 
num_of_load_ops is 1862736
num_of_run_ops is 1934501
0 1 2 3 4 5 6 7 8 9 10 11 24 25 26 27 28 29 30 31 32 33 34 35 URI: URI: mongodb://localhost:27017mongodb://localhost:27017
URI: URI: mongodb://localhost:27017mongodb://localhost:27017
URI: 
mongodb://localhost:27017

URI: mongodb://localhost:27017
URI: mongodb://localhost:27017
URI: mongodb://localhost:27017
URI: mongodb://localhost:27017
URI: mongodb://localhost:27017URI: mongodb://localhost:27017

URI: mongodb://localhost:27017
URI: mongodb://localhost:27017
URI: mongodb://localhost:27017
URI: mongodb://localhost:27017
URI: mongodb://localhost:27017
URI: mongodb://localhost:27017
URI: mongodb://localhost:27017
URI: mongodb://localhost:27017
URI: mongodb://localhost:27017
Load workloads needs: 11431985579 ns 
[report] load_thread_ID : 11
[report] load_duration_ns : 11431985579
[report] load_duration_s : 11.431986
[report] load_throughput : 8146.966190
[report] load_average_latency_ns : 122745.077940
Load workloads needs: 11486455643 ns 
[report] load_thread_ID : 8
[report] load_duration_ns : 11486455643
[report] load_duration_s : 11.486456
[report] load_throughput : 8108.332361
[report] load_average_latency_ns : 123329.922296
Load workloads needs: 11607982612 ns 
[report] load_thread_ID : 10
[report] load_duration_ns : 11607982612
[report] load_duration_s : 11.607983
[report] load_throughput : 8023.444134
[report] load_average_latency_ns : 124634.755755
Load workloads needs: 11667469673 ns 
[report] load_thread_ID : 0
[report] load_duration_ns : 11667469673
[report] load_duration_s : 11.667470
[report] load_throughput : 7982.536283
[report] load_average_latency_ns : 125273.467542
Load workloads needs: 11703125537 ns 
[report] load_thread_ID : 9
[report] load_duration_ns : 11703125537
[report] load_duration_s : 11.703126
[report] load_throughput : 7958.215923
[report] load_average_latency_ns : 125656.304082
Load workloads needs: 11814666121 ns 
[report] load_thread_ID : 1
[report] load_duration_ns : 11814666121
[report] load_duration_s : 11.814666
[report] load_throughput : 7883.083538
[report] load_average_latency_ns : 126853.913857
Load workloads needs: 11820304904 ns 
[report] load_thread_ID : 12
[report] load_duration_ns : 11820304904
[report] load_duration_s : 11.820305
[report] load_throughput : 7879.322975
[report] load_average_latency_ns : 126914.457396
Load workloads needs: 11842645276 ns 
[report] load_thread_ID : 13
[report] load_duration_ns : 11842645276
[report] load_duration_s : 11.842645
[report] load_throughput : 7864.459150
[report] load_average_latency_ns : 127154.325674
Load workloads needs: 11851188550 ns 
[report] load_thread_ID : 14
[report] load_duration_ns : 11851188550
[report] load_duration_s : 11.851189
[report] load_throughput : 7858.789826
[report] load_average_latency_ns : 127246.054694
Load workloads needs: 11852510079 ns 
[report] load_thread_ID : 17
[report] load_duration_ns : 11852510079
[report] load_duration_s : 11.852510
[report] load_throughput : 7857.913588
[report] load_average_latency_ns : 127260.243934
Load workloads needs: 11856767866 ns 
[report] load_thread_ID : 4
[report] load_duration_ns : 11856767866
[report] load_duration_s : 11.856768
[report] load_throughput : 7855.091797
[report] load_average_latency_ns : 127305.959736
Load workloads needs: 11859608496 ns 
[report] load_thread_ID : 3
[report] load_duration_ns : 11859608496
[report] load_duration_s : 11.859608
[report] load_throughput : 7853.210334
[report] load_average_latency_ns : 127336.459543
Load workloads needs: 11861768913 ns 
[report] load_thread_ID : 15
[report] load_duration_ns : 11861768913
[report] load_duration_s : 11.861769
[report] load_throughput : 7851.780007
[report] load_average_latency_ns : 127359.655912
Load workloads needs: 11869163814 ns 
[report] load_thread_ID : 7
[report] load_duration_ns : 11869163814
[report] load_duration_s : 11.869164
[report] load_throughput : 7846.888076
[report] load_average_latency_ns : 127439.054866
Load workloads needs: 11888506053 ns 
[report] load_thread_ID : 18
[report] load_duration_ns : 11888506053
[report] load_duration_s : 11.888506
[report] load_throughput : 7834.121427
[report] load_average_latency_ns : 127646.732230
Load workloads needs: 11893548912 ns 
[report] load_thread_ID : 19
[report] load_duration_ns : 11893548912
[report] load_duration_s : 11.893549
[report] load_throughput : 7830.799763
[report] load_average_latency_ns : 127700.877341
Load workloads needs: 11910233887 ns 
[report] load_thread_ID : 16
[report] load_duration_ns : 11910233887
[report] load_duration_s : 11.910234
[report] load_throughput : 7819.829643
[report] load_average_latency_ns : 127880.023697
Load workloads needs: 11916881365 ns 
[report] load_thread_ID : 6
[report] load_duration_ns : 11916881365
[report] load_duration_s : 11.916881
[report] load_throughput : 7815.467583
[report] load_average_latency_ns : 127951.397580
Load workloads needs: 11930173468 ns 
[report] load_thread_ID : 2
[report] load_duration_ns : 11930173468
[report] load_duration_s : 11.930173
[report] load_throughput : 7806.759914
[report] load_average_latency_ns : 128094.114714
Load workloads needs: 11931131767 ns 
[report] load_thread_ID : 5
[report] load_duration_ns : 11931131767
[report] load_duration_s : 11.931132
[report] load_throughput : 7806.132882
[report] load_average_latency_ns : 128104.403958
All clients run done needs: 11930921933 ns 
[report] load_overall_duration_ns : 11930921933
[report] load_overall_duration_s : 11.930922
[report] load_overall_throughput : 156126.744476
[report] load_overall_average_latency_ns : 6405.052532
