numactl --membind=0 /home/gxr/mongodb-run/test_mongodb/build//run_client --num_threads=20 --core_binding=0,1,2,3,4,5,6,7,8,9,10,11,24,25,26,27,28,29,30,31,32,33,34,35 --str_key_size=16 --str_key_size=1024 --load_file=/home/gxr/mongodb-run/workloads/ycsb/workloada-load-10000000-10000000.log.formated --run_file=/home/gxr/mongodb-run/workloads/ycsb/workloada-run-10000000-10000000.log.formated --URI_set=mongodb://localhost:27017,mongodb://localhost:27018,mongodb://localhost:27019,mongodb://localhost:27020,mongodb://localhost:27021,mongodb://localhost:27022,mongodb://localhost:27023,mongodb://localhost:27024,mongodb://localhost:27025,mongodb://localhost:27026,mongodb://localhost:27027,mongodb://localhost:27028,mongodb://localhost:27029,mongodb://localhost:27030,mongodb://localhost:27031,mongodb://localhost:27032,mongodb://localhost:27033,mongodb://localhost:27034,mongodb://localhost:27035,mongodb://localhost:27036,mongodb://localhost:27037,mongodb://localhost:27038,mongodb://localhost:27039,mongodb://localhost:27040,mongodb://localhost:27041,mongodb://localhost:27042,mongodb://localhost:27043,mongodb://localhost:27044,mongodb://localhost:27045,mongodb://localhost:27046 --first_mode=false
mongodb://localhost:27017 mongodb://localhost:27018 mongodb://localhost:27019 mongodb://localhost:27020 mongodb://localhost:27021 mongodb://localhost:27022 mongodb://localhost:27023 mongodb://localhost:27024 mongodb://localhost:27025 mongodb://localhost:27026 mongodb://localhost:27027 mongodb://localhost:27028 mongodb://localhost:27029 mongodb://localhost:27030 mongodb://localhost:27031 mongodb://localhost:27032 mongodb://localhost:27033 mongodb://localhost:27034 mongodb://localhost:27035 mongodb://localhost:27036 mongodb://localhost:27037 mongodb://localhost:27038 mongodb://localhost:27039 mongodb://localhost:27040 mongodb://localhost:27041 mongodb://localhost:27042 mongodb://localhost:27043 mongodb://localhost:27044 mongodb://localhost:27045 mongodb://localhost:27046 reading workload files ...
load_filename : /home/gxr/mongodb-run/workloads/ycsb/workloada-load-10000000-10000000.log.formated
read load file needs: 988835428 s 
run_filename : /home/gxr/mongodb-run/workloads/ycsb/workloada-run-10000000-10000000.log.formated
read run file needs: 1005177347 s 
num_of_load_ops is 1862736
num_of_run_ops is 1934501
0 1 2 3 4 5 6 7 8 9 10 11 24 25 26 27 28 29 30 31 32 33 34 35 URI: URI: URI: mongodb://localhost:27018mongodb://localhost:27017
URI: URI: URI: mongodb://localhost:27023

URI: URI: mongodb://localhost:27024
URI: mongodb://localhost:27025mongodb://localhost:27021
mongodb://localhost:27020
mongodb://localhost:27019
mongodb://localhost:27022
URI: 
mongodb://localhost:27026
URI: mongodb://localhost:27027
URI: mongodb://localhost:27031
URI: mongodb://localhost:27030
URI: mongodb://localhost:27028
URI: mongodb://localhost:27032
URI: mongodb://localhost:27033
URI: mongodb://localhost:27034
URI: mongodb://localhost:27036
URI: mongodb://localhost:27035
URI: mongodb://localhost:27029
Load workloads needs: 8090077425 ns 
[report] load_thread_ID : 17
[report] load_duration_ns : 8090077425
[report] load_duration_s : 8.090077
[report] load_throughput : 11512.374370
[report] load_average_latency_ns : 86863.054297
Load workloads needs: 8299743443 ns 
[report] load_thread_ID : 7
[report] load_duration_ns : 8299743443
[report] load_duration_s : 8.299743
[report] load_throughput : 11221.551683
[report] load_average_latency_ns : 89114.235559
Load workloads needs: 8316953159 ns 
[report] load_thread_ID : 19
[report] load_duration_ns : 8316953159
[report] load_duration_s : 8.316953
[report] load_throughput : 11198.331675
[report] load_average_latency_ns : 89299.016052
Load workloads needs: 8387562351 ns 
[report] load_thread_ID : 15
[report] load_duration_ns : 8387562351
[report] load_duration_s : 8.387562
[report] load_throughput : 11104.060525
[report] load_average_latency_ns : 90057.146012
Load workloads needs: 8421892381 ns 
[report] load_thread_ID : 14
[report] load_duration_ns : 8421892381
[report] load_duration_s : 8.421892
[report] load_throughput : 11058.797214
[report] load_average_latency_ns : 90425.747090
Load workloads needs: 8435782072 ns 
[report] load_thread_ID : 3
[report] load_duration_ns : 8435782072
[report] load_duration_s : 8.435782
[report] load_throughput : 11040.588674
[report] load_average_latency_ns : 90574.880519
Load workloads needs: 8480150132 ns 
[report] load_thread_ID : 6
[report] load_duration_ns : 8480150132
[report] load_duration_s : 8.480150
[report] load_throughput : 10982.824425
[report] load_average_latency_ns : 91051.259792
Load workloads needs: 8481225192 ns 
[report] load_thread_ID : 0
[report] load_duration_ns : 8481225192
[report] load_duration_s : 8.481225
[report] load_throughput : 10981.432269
[report] load_average_latency_ns : 91062.802697
Load workloads needs: 8485342930 ns 
[report] load_thread_ID : 12
[report] load_duration_ns : 8485342930
[report] load_duration_s : 8.485343
[report] load_throughput : 10976.103237
[report] load_average_latency_ns : 91107.014796
Load workloads needs: 8498441964 ns 
[report] load_thread_ID : 16
[report] load_duration_ns : 8498441964
[report] load_duration_s : 8.498442
[report] load_throughput : 10959.185271
[report] load_average_latency_ns : 91247.658950
Load workloads needs: 8522338969 ns 
[report] load_thread_ID : 8
[report] load_duration_ns : 8522338969
[report] load_duration_s : 8.522339
[report] load_throughput : 10928.455244
[report] load_average_latency_ns : 91504.240777
Load workloads needs: 8527346346 ns 
[report] load_thread_ID : 4
[report] load_duration_ns : 8527346346
[report] load_duration_s : 8.527346
[report] load_throughput : 10922.037903
[report] load_average_latency_ns : 91558.004918
Load workloads needs: 8530637756 ns 
[report] load_thread_ID : 18
[report] load_duration_ns : 8530637756
[report] load_duration_s : 8.530638
[report] load_throughput : 10917.823809
[report] load_average_latency_ns : 91593.344743
Load workloads needs: 8541224451 ns 
[report] load_thread_ID : 1
[report] load_duration_ns : 8541224451
[report] load_duration_s : 8.541224
[report] load_throughput : 10904.291362
[report] load_average_latency_ns : 91707.013947
Load workloads needs: 8552252768 ns 
[report] load_thread_ID : 5
[report] load_duration_ns : 8552252768
[report] load_duration_s : 8.552253
[report] load_throughput : 10890.230040
[report] load_average_latency_ns : 91825.424841
Load workloads needs: 8642830031 ns 
[report] load_thread_ID : 13
[report] load_duration_ns : 8642830031
[report] load_duration_s : 8.642830
[report] load_throughput : 10776.099919
[report] load_average_latency_ns : 92797.951716
Load workloads needs: 8645202359 ns 
[report] load_thread_ID : 2
[report] load_duration_ns : 8645202359
[report] load_duration_s : 8.645202
[report] load_throughput : 10773.142852
[report] load_average_latency_ns : 92823.423370
Load workloads needs: 8682756187 ns 
[report] load_thread_ID : 9
[report] load_duration_ns : 8682756187
[report] load_duration_s : 8.682756
[report] load_throughput : 10726.547883
[report] load_average_latency_ns : 93226.638325
Load workloads needs: 8776584442 ns 
[report] load_thread_ID : 10
[report] load_duration_ns : 8776584442
[report] load_duration_s : 8.776584
[report] load_throughput : 10611.873060
[report] load_average_latency_ns : 94234.071057
Load workloads needs: 8827939772 ns 
[report] load_thread_ID : 11
[report] load_duration_ns : 8827939772
[report] load_duration_s : 8.827940
[report] load_throughput : 10550.139943
[report] load_average_latency_ns : 94785.472556
All clients run done needs: 8828177387 ns 
[report] load_overall_duration_ns : 8828177387
[report] load_overall_duration_s : 8.828177
[report] load_overall_throughput : 210998.931981
[report] load_overall_average_latency_ns : 4739.360482
