numactl --membind=0 /home/gxr/mongodb-run/test_mongodb/build//run_client --num_threads=24 --core_binding=0,1,2,3,4,5,6,7,8,9,10,11,24,25,26,27,28,29,30,31,32,33,34,35 --str_key_size=16 --str_key_size=1024 --load_file=/home/gxr/mongodb-run/workloads/ycsb/workloada-load-50000000-50000000.log.formated --run_file=/home/gxr/mongodb-run/workloads/ycsb/workloada-run-50000000-50000000.log.formated --URI_set=mongodb://localhost:27017,mongodb://localhost:27018,mongodb://localhost:27019,mongodb://localhost:27020,mongodb://localhost:27021,mongodb://localhost:27022,mongodb://localhost:27023,mongodb://localhost:27024,mongodb://localhost:27025,mongodb://localhost:27026,mongodb://localhost:27027,mongodb://localhost:27028,mongodb://localhost:27029,mongodb://localhost:27030,mongodb://localhost:27031,mongodb://localhost:27032,mongodb://localhost:27033,mongodb://localhost:27034,mongodb://localhost:27035,mongodb://localhost:27036,mongodb://localhost:27037,mongodb://localhost:27038,mongodb://localhost:27039,mongodb://localhost:27040,mongodb://localhost:27041,mongodb://localhost:27042,mongodb://localhost:27043,mongodb://localhost:27044,mongodb://localhost:27045,mongodb://localhost:27046 --first_mode=true
mongodb://localhost:27017 mongodb://localhost:27018 mongodb://localhost:27019 mongodb://localhost:27020 mongodb://localhost:27021 mongodb://localhost:27022 mongodb://localhost:27023 mongodb://localhost:27024 mongodb://localhost:27025 mongodb://localhost:27026 mongodb://localhost:27027 mongodb://localhost:27028 mongodb://localhost:27029 mongodb://localhost:27030 mongodb://localhost:27031 mongodb://localhost:27032 mongodb://localhost:27033 mongodb://localhost:27034 mongodb://localhost:27035 mongodb://localhost:27036 mongodb://localhost:27037 mongodb://localhost:27038 mongodb://localhost:27039 mongodb://localhost:27040 mongodb://localhost:27041 mongodb://localhost:27042 mongodb://localhost:27043 mongodb://localhost:27044 mongodb://localhost:27045 mongodb://localhost:27046 reading workload files ...
load_filename : /home/gxr/mongodb-run/workloads/ycsb/workloada-load-50000000-50000000.log.formated
read load file needs: 996926802 s 
run_filename : /home/gxr/mongodb-run/workloads/ycsb/workloada-run-50000000-50000000.log.formated
read run file needs: 1000539157 s 
num_of_load_ops is 1774963
num_of_run_ops is 1924255
0 1 2 3 4 5 6 7 8 9 10 11 24 25 26 27 28 29 30 31 32 33 34 35 URI: URI: URI: URI: URI: URI: URI: URI: URI: mongodb://localhost:27017mongodb://localhost:27017

mongodb://localhost:27017mongodb://localhost:27017

mongodb://localhost:27017
mongodb://localhost:27017mongodb://localhost:27017URI: mongodb://localhost:27017
URI: 

mongodb://localhost:27017mongodb://localhost:27017

URI: mongodb://localhost:27017
URI: mongodb://localhost:27017URI: mongodb://localhost:27017
URI: mongodb://localhost:27017

URI: mongodb://localhost:27017
URI: mongodb://localhost:27017
URI: mongodb://localhost:27017
URI: mongodb://localhost:27017
URI: mongodb://localhost:27017
URI: mongodb://localhost:27017
mongodb://localhost:27017
URI: mongodb://localhost:27017
URI: mongodb://localhost:27017
URI: mongodb://localhost:27017
Load workloads needs: 8413669867 ns 
[report] load_thread_ID : 3
[report] load_duration_ns : 8413669867
[report] load_duration_s : 8.413670
[report] load_throughput : 8789.981205
[report] load_average_latency_ns : 113765.886027
Load workloads needs: 8427973001 ns 
[report] load_thread_ID : 22
[report] load_duration_ns : 8427973001
[report] load_duration_s : 8.427973
[report] load_throughput : 8775.063706
[report] load_average_latency_ns : 113959.286616
Load workloads needs: 8435741235 ns 
[report] load_thread_ID : 14
[report] load_duration_ns : 8435741235
[report] load_duration_s : 8.435741
[report] load_throughput : 8766.983000
[report] load_average_latency_ns : 114064.325207
Load workloads needs: 8437465731 ns 
[report] load_thread_ID : 10
[report] load_duration_ns : 8437465731
[report] load_duration_s : 8.437466
[report] load_throughput : 8765.191155
[report] load_average_latency_ns : 114087.643072
Load workloads needs: 8439723115 ns 
[report] load_thread_ID : 16
[report] load_duration_ns : 8439723115
[report] load_duration_s : 8.439723
[report] load_throughput : 8762.846718
[report] load_average_latency_ns : 114118.166410
Load workloads needs: 8449559537 ns 
[report] load_thread_ID : 4
[report] load_duration_ns : 8449559537
[report] load_duration_s : 8.449560
[report] load_throughput : 8752.645588
[report] load_average_latency_ns : 114251.170115
Load workloads needs: 8451909436 ns 
[report] load_thread_ID : 2
[report] load_duration_ns : 8451909436
[report] load_duration_s : 8.451909
[report] load_throughput : 8750.212075
[report] load_average_latency_ns : 114282.944399
Load workloads needs: 8464163814 ns 
[report] load_thread_ID : 19
[report] load_duration_ns : 8464163814
[report] load_duration_s : 8.464164
[report] load_throughput : 8737.543557
[report] load_average_latency_ns : 114448.642625
Load workloads needs: 8477471035 ns 
[report] load_thread_ID : 7
[report] load_duration_ns : 8477471035
[report] load_duration_s : 8.477471
[report] load_throughput : 8723.828096
[report] load_average_latency_ns : 114628.576924
Load workloads needs: 8476638935 ns 
[report] load_thread_ID : 21
[report] load_duration_ns : 8476638935
[report] load_duration_s : 8.476639
[report] load_throughput : 8724.684461
[report] load_average_latency_ns : 114617.325640
Load workloads needs: 8481124878 ns 
[report] load_thread_ID : 13
[report] load_duration_ns : 8481124878
[report] load_duration_s : 8.481125
[report] load_throughput : 8720.069692
[report] load_average_latency_ns : 114677.982557
Load workloads needs: 8481441610 ns 
[report] load_thread_ID : 9
[report] load_duration_ns : 8481441610
[report] load_duration_s : 8.481442
[report] load_throughput : 8719.744048
[report] load_average_latency_ns : 114682.265266
Load workloads needs: 8487742010 ns 
[report] load_thread_ID : 1
[report] load_duration_ns : 8487742010
[report] load_duration_s : 8.487742
[report] load_throughput : 8713.271435
[report] load_average_latency_ns : 114767.456461
Load workloads needs: 8492852865 ns 
[report] load_thread_ID : 15
[report] load_duration_ns : 8492852865
[report] load_duration_s : 8.492853
[report] load_throughput : 8708.027935
[report] load_average_latency_ns : 114836.563159
Load workloads needs: 8495592196 ns 
[report] load_thread_ID : 18
[report] load_duration_ns : 8495592196
[report] load_duration_s : 8.495592
[report] load_throughput : 8705.220106
[report] load_average_latency_ns : 114873.603169
Load workloads needs: 8504023669 ns 
[report] load_thread_ID : 6
[report] load_duration_ns : 8504023669
[report] load_duration_s : 8.504024
[report] load_throughput : 8696.589153
[report] load_average_latency_ns : 114987.609781
Load workloads needs: 8504215381 ns 
[report] load_thread_ID : 17
[report] load_duration_ns : 8504215381
[report] load_duration_s : 8.504215
[report] load_throughput : 8696.393105
[report] load_average_latency_ns : 114990.202026
Load workloads needs: 8505045525 ns 
[report] load_thread_ID : 20
[report] load_duration_ns : 8505045525
[report] load_duration_s : 8.505046
[report] load_throughput : 8695.544284
[report] load_average_latency_ns : 115001.426862
Load workloads needs: 8506062774 ns 
[report] load_thread_ID : 23
[report] load_duration_ns : 8506062774
[report] load_duration_s : 8.506063
[report] load_throughput : 8694.504375
[report] load_average_latency_ns : 115015.181649
Load workloads needs: 8509253203 ns 
[report] load_thread_ID : 11
[report] load_duration_ns : 8509253203
[report] load_duration_s : 8.509253
[report] load_throughput : 8691.244488
[report] load_average_latency_ns : 115058.321204
Load workloads needs: 8510080843 ns 
[report] load_thread_ID : 8
[report] load_duration_ns : 8510080843
[report] load_duration_s : 8.510081
[report] load_throughput : 8690.399229
[report] load_average_latency_ns : 115069.512183
Load workloads needs: 8512526103 ns 
[report] load_thread_ID : 5
[report] load_duration_ns : 8512526103
[report] load_duration_s : 8.512526
[report] load_throughput : 8687.902875
[report] load_average_latency_ns : 115102.575896
Load workloads needs: 8516184184 ns 
[report] load_thread_ID : 12
[report] load_duration_ns : 8516184184
[report] load_duration_s : 8.516184
[report] load_throughput : 8684.171033
[report] load_average_latency_ns : 115152.038834
Load workloads needs: 8520719196 ns 
[report] load_thread_ID : 0
[report] load_duration_ns : 8520719196
[report] load_duration_s : 8.520719
[report] load_throughput : 8679.549026
[report] load_average_latency_ns : 115213.359241
All clients run done needs: 8520492641 ns 
[report] load_overall_duration_ns : 8520492641
[report] load_overall_duration_s : 8.520493
[report] load_overall_throughput : 208316.945368
[report] load_overall_average_latency_ns : 4800.377608
