numactl --membind=0 /home/gxr/mongodb-run/test_mongodb/build//run_client --num_threads=16 --core_binding=0,1,2,3,4,5,6,7,8,9,10,11,24,25,26,27,28,29,30,31,32,33,34,35 --str_key_size=16 --str_key_size=256 --load_file=/home/gxr/mongodb-run/workloads/ycsb/workloada-load-10000000-10000000.log.formated --run_file=/home/gxr/mongodb-run/workloads/ycsb/workloada-run-10000000-10000000.log.formated --URI_set=mongodb://localhost:27017,mongodb://localhost:27018,mongodb://localhost:27019,mongodb://localhost:27020,mongodb://localhost:27021,mongodb://localhost:27022,mongodb://localhost:27023,mongodb://localhost:27024,mongodb://localhost:27025,mongodb://localhost:27026,mongodb://localhost:27027,mongodb://localhost:27028,mongodb://localhost:27029,mongodb://localhost:27030,mongodb://localhost:27031,mongodb://localhost:27032,mongodb://localhost:27033,mongodb://localhost:27034,mongodb://localhost:27035,mongodb://localhost:27036,mongodb://localhost:27037,mongodb://localhost:27038,mongodb://localhost:27039,mongodb://localhost:27040,mongodb://localhost:27041,mongodb://localhost:27042,mongodb://localhost:27043,mongodb://localhost:27044,mongodb://localhost:27045,mongodb://localhost:27046 --first_mode=true
mongodb://localhost:27017 mongodb://localhost:27018 mongodb://localhost:27019 mongodb://localhost:27020 mongodb://localhost:27021 mongodb://localhost:27022 mongodb://localhost:27023 mongodb://localhost:27024 mongodb://localhost:27025 mongodb://localhost:27026 mongodb://localhost:27027 mongodb://localhost:27028 mongodb://localhost:27029 mongodb://localhost:27030 mongodb://localhost:27031 mongodb://localhost:27032 mongodb://localhost:27033 mongodb://localhost:27034 mongodb://localhost:27035 mongodb://localhost:27036 mongodb://localhost:27037 mongodb://localhost:27038 mongodb://localhost:27039 mongodb://localhost:27040 mongodb://localhost:27041 mongodb://localhost:27042 mongodb://localhost:27043 mongodb://localhost:27044 mongodb://localhost:27045 mongodb://localhost:27046 reading workload files ...
load_filename : /home/gxr/mongodb-run/workloads/ycsb/workloada-load-10000000-10000000.log.formated
read load file needs: 966519136 s 
run_filename : /home/gxr/mongodb-run/workloads/ycsb/workloada-run-10000000-10000000.log.formated
read run file needs: 1000867432 s 
num_of_load_ops is 1862736
num_of_run_ops is 1934501
0 1 2 3 4 5 6 7 8 9 10 11 24 25 26 27 28 29 30 31 32 33 34 35 URI: URI: mongodb://localhost:27017
URI: mongodb://localhost:27017mongodb://localhost:27017
URI: mongodb://localhost:27017URI: mongodb://localhost:27017
URI: mongodb://localhost:27017


URI: URI: URI: URI: mongodb://localhost:27017mongodb://localhost:27017

mongodb://localhost:27017
mongodb://localhost:27017
URI: mongodb://localhost:27017
URI: mongodb://localhost:27017
URI: mongodb://localhost:27017
URI: mongodb://localhost:27017
URI: mongodb://localhost:27017
URI: mongodb://localhost:27017
Load workloads needs: 12776831833 ns 
[report] load_thread_ID : 6
[report] load_duration_ns : 12776831833
[report] load_duration_s : 12.776832
[report] load_throughput : 9111.883253
[report] load_average_latency_ns : 109746.796824
Load workloads needs: 12837536447 ns 
[report] load_thread_ID : 7
[report] load_duration_ns : 12837536447
[report] load_duration_s : 12.837536
[report] load_throughput : 9068.796064
[report] load_average_latency_ns : 110268.220055
Load workloads needs: 12883333680 ns 
[report] load_thread_ID : 10
[report] load_duration_ns : 12883333680
[report] load_duration_s : 12.883334
[report] load_throughput : 9036.558618
[report] load_average_latency_ns : 110661.596104
Load workloads needs: 12987584646 ns 
[report] load_thread_ID : 0
[report] load_duration_ns : 12987584646
[report] load_duration_s : 12.987585
[report] load_throughput : 8964.022424
[report] load_average_latency_ns : 111557.061406
Load workloads needs: 13006343549 ns 
[report] load_thread_ID : 12
[report] load_duration_ns : 13006343549
[report] load_duration_s : 13.006344
[report] load_throughput : 8951.093715
[report] load_average_latency_ns : 111718.191297
Load workloads needs: 13007190597 ns 
[report] load_thread_ID : 9
[report] load_duration_ns : 13007190597
[report] load_duration_s : 13.007191
[report] load_throughput : 8950.510806
[report] load_average_latency_ns : 111725.467029
Load workloads needs: 13012106469 ns 
[report] load_thread_ID : 8
[report] load_duration_ns : 13012106469
[report] load_duration_s : 13.012106
[report] load_throughput : 8947.129374
[report] load_average_latency_ns : 111767.691989
Load workloads needs: 13053181193 ns 
[report] load_thread_ID : 14
[report] load_duration_ns : 13053181193
[report] load_duration_s : 13.053181
[report] load_throughput : 8918.975250
[report] load_average_latency_ns : 112120.503973
Load workloads needs: 13065679149 ns 
[report] load_thread_ID : 11
[report] load_duration_ns : 13065679149
[report] load_duration_s : 13.065679
[report] load_throughput : 8910.443818
[report] load_average_latency_ns : 112227.855361
Load workloads needs: 13069028816 ns 
[report] load_thread_ID : 15
[report] load_duration_ns : 13069028816
[report] load_duration_s : 13.069029
[report] load_throughput : 8908.160020
[report] load_average_latency_ns : 112256.627378
Load workloads needs: 13095695490 ns 
[report] load_thread_ID : 13
[report] load_duration_ns : 13095695490
[report] load_duration_s : 13.095695
[report] load_throughput : 8890.020396
[report] load_average_latency_ns : 112485.681192
Load workloads needs: 13101798168 ns 
[report] load_thread_ID : 3
[report] load_duration_ns : 13101798168
[report] load_duration_s : 13.101798
[report] load_throughput : 8885.879519
[report] load_average_latency_ns : 112538.100240
Load workloads needs: 13104639157 ns 
[report] load_thread_ID : 5
[report] load_duration_ns : 13104639157
[report] load_duration_s : 13.104639
[report] load_throughput : 8883.953126
[report] load_average_latency_ns : 112562.502959
Load workloads needs: 13115628322 ns 
[report] load_thread_ID : 1
[report] load_duration_ns : 13115628322
[report] load_duration_s : 13.115628
[report] load_throughput : 8876.509546
[report] load_average_latency_ns : 112656.894564
Load workloads needs: 13137300187 ns 
[report] load_thread_ID : 2
[report] load_duration_ns : 13137300187
[report] load_duration_s : 13.137300
[report] load_throughput : 8861.866467
[report] load_average_latency_ns : 112843.045387
Load workloads needs: 13164270228 ns 
[report] load_thread_ID : 4
[report] load_duration_ns : 13164270228
[report] load_duration_s : 13.164270
[report] load_throughput : 8843.710892
[report] load_average_latency_ns : 113074.704976
All clients run done needs: 13164385221 ns 
[report] load_overall_duration_ns : 13164385221
[report] load_overall_duration_s : 13.164385
[report] load_overall_throughput : 141498.138252
[report] load_overall_average_latency_ns : 7067.230794
