numactl --membind=4 /mnt/nvme0/home/gxr/mongdb-run/test_mongodb/build//run_client --num_threads=5 --core_binding=0,1,2,3,4,5,6,7,8,9,10,11,12,13,14,15,128,129,130,131,132,133,134,135,136,137,138,139,140,141,142,143 --str_key_size=16 --str_key_size=256 --load_file=/mnt/nvme0/home/gxr/mongdb-run/workloads/ycsb/workloada-load-1000000-1000000.log.formated --run_file=/mnt/nvme0/home/gxr/mongdb-run/workloads/ycsb/workloada-run-1000000-1000000.log.formated --URI_set=mongodb://localhost:27017,mongodb://localhost:27018,mongodb://localhost:27019,mongodb://localhost:27020,mongodb://localhost:27021,mongodb://localhost:27022,mongodb://localhost:27023,mongodb://localhost:27024,mongodb://localhost:27025,mongodb://localhost:27026,mongodb://localhost:27027,mongodb://localhost:27028,mongodb://localhost:27029,mongodb://localhost:27030,mongodb://localhost:27031,mongodb://localhost:27032,mongodb://localhost:27033,mongodb://localhost:27034,mongodb://localhost:27035,mongodb://localhost:27036,mongodb://localhost:27037,mongodb://localhost:27038,mongodb://localhost:27039,mongodb://localhost:27040,mongodb://localhost:27041,mongodb://localhost:27042,mongodb://localhost:27043,mongodb://localhost:27044,mongodb://localhost:27045,mongodb://localhost:27046 --first_mode=true
mongodb://localhost:27017 mongodb://localhost:27018 mongodb://localhost:27019 mongodb://localhost:27020 mongodb://localhost:27021 mongodb://localhost:27022 mongodb://localhost:27023 mongodb://localhost:27024 mongodb://localhost:27025 mongodb://localhost:27026 mongodb://localhost:27027 mongodb://localhost:27028 mongodb://localhost:27029 mongodb://localhost:27030 mongodb://localhost:27031 mongodb://localhost:27032 mongodb://localhost:27033 mongodb://localhost:27034 mongodb://localhost:27035 mongodb://localhost:27036 mongodb://localhost:27037 mongodb://localhost:27038 mongodb://localhost:27039 mongodb://localhost:27040 mongodb://localhost:27041 mongodb://localhost:27042 mongodb://localhost:27043 mongodb://localhost:27044 mongodb://localhost:27045 mongodb://localhost:27046 reading workload files ...
load_filename : /mnt/nvme0/home/gxr/mongdb-run/workloads/ycsb/workloada-load-1000000-1000000.log.formated
read load file needs: 564424004 s 
run_filename : /mnt/nvme0/home/gxr/mongdb-run/workloads/ycsb/workloada-run-1000000-1000000.log.formated
read run file needs: 577453451 s 
num_of_load_ops is 1000000
num_of_run_ops is 1000000
0 1 2 3 4 5 6 7 8 9 10 11 12 13 14 15 128 129 130 131 132 133 134 135 136 137 138 139 140 141 142 143 URI: URI: URI: mongodb://localhost:27017mongodb://localhost:27017
URI: mongodb://localhost:27017
mongodb://localhost:27017

URI: mongodb://localhost:27017
Load workloads needs: 22171785968 ns 
[report] load_thread_ID : 2
[report] load_duration_ns : 22171785968
[report] load_duration_s : 22.171786
[report] load_throughput : 9020.473149
[report] load_average_latency_ns : 110858.929840
Load workloads needs: 23660837876 ns 
[report] load_thread_ID : 3
[report] load_duration_ns : 23660837876
[report] load_duration_s : 23.660838
[report] load_throughput : 8452.786036
[report] load_average_latency_ns : 118304.189380
Load workloads needs: 24125161651 ns 
[report] load_thread_ID : 4
[report] load_duration_ns : 24125161651
[report] load_duration_s : 24.125162
[report] load_throughput : 8290.099892
[report] load_average_latency_ns : 120625.808255
Load workloads needs: 26606754668 ns 
[report] load_thread_ID : 1
[report] load_duration_ns : 26606754668
[report] load_duration_s : 26.606755
[report] load_throughput : 7516.888192
[report] load_average_latency_ns : 133033.773340
Load workloads needs: 27344059056 ns 
[report] load_thread_ID : 0
[report] load_duration_ns : 27344059056
[report] load_duration_s : 27.344059
[report] load_throughput : 7314.203045
[report] load_average_latency_ns : 136720.295280
All clients run done needs: 27344904451 ns 
[report] load_overall_duration_ns : 27344904451
[report] load_overall_duration_s : 27.344904
[report] load_overall_throughput : 36569.884594
[report] load_overall_average_latency_ns : 27344.904451
