numactl --membind=0 /home/gxr/mongodb-run/test_mongodb/build//run_client --num_threads=48 --core_binding=0,1,2,3,4,5,6,7,8,9,10,11,24,25,26,27,28,29,30,31,32,33,34,35,12,13,14,15,16,17,18,19,20,21,22,23,36,37,38,39,40,41,42,43,44,45,46,47 --str_key_size=16 --str_key_size=256 --load_file=/home/gxr/mongodb-run/workloads/ycsb/workloada-load-10000000-10000000.log.formated --run_file=/home/gxr/mongodb-run/workloads/ycsb/workloada-run-10000000-10000000.log.formated --URI_set=mongodb://localhost:27017,mongodb://localhost:27018,mongodb://localhost:27019,mongodb://localhost:27020,mongodb://localhost:27021,mongodb://localhost:27022,mongodb://localhost:27023,mongodb://localhost:27024,mongodb://localhost:27025,mongodb://localhost:27026,mongodb://localhost:27027,mongodb://localhost:27028,mongodb://localhost:27029,mongodb://localhost:27030,mongodb://localhost:27031,mongodb://localhost:27032,mongodb://localhost:27033,mongodb://localhost:27034,mongodb://localhost:27035,mongodb://localhost:27036,mongodb://localhost:27037,mongodb://localhost:27038,mongodb://localhost:27039,mongodb://localhost:27040,mongodb://localhost:27041,mongodb://localhost:27042,mongodb://localhost:27043,mongodb://localhost:27044,mongodb://localhost:27045,mongodb://localhost:27046,mongodb://localhost:27047,mongodb://localhost:27048,mongodb://localhost:27049,mongodb://localhost:27050,mongodb://localhost:27051,mongodb://localhost:27052,mongodb://localhost:27053,mongodb://localhost:27054,mongodb://localhost:27055,mongodb://localhost:27056,mongodb://localhost:27057,mongodb://localhost:27058,mongodb://localhost:27059,mongodb://localhost:27060,mongodb://localhost:27061,mongodb://localhost:27062,mongodb://localhost:27063,mongodb://localhost:27064 --first_mode=false
mongodb://localhost:27017 mongodb://localhost:27018 mongodb://localhost:27019 mongodb://localhost:27020 mongodb://localhost:27021 mongodb://localhost:27022 mongodb://localhost:27023 mongodb://localhost:27024 mongodb://localhost:27025 mongodb://localhost:27026 mongodb://localhost:27027 mongodb://localhost:27028 mongodb://localhost:27029 mongodb://localhost:27030 mongodb://localhost:27031 mongodb://localhost:27032 mongodb://localhost:27033 mongodb://localhost:27034 mongodb://localhost:27035 mongodb://localhost:27036 mongodb://localhost:27037 mongodb://localhost:27038 mongodb://localhost:27039 mongodb://localhost:27040 mongodb://localhost:27041 mongodb://localhost:27042 mongodb://localhost:27043 mongodb://localhost:27044 mongodb://localhost:27045 mongodb://localhost:27046 mongodb://localhost:27047 mongodb://localhost:27048 mongodb://localhost:27049 mongodb://localhost:27050 mongodb://localhost:27051 mongodb://localhost:27052 mongodb://localhost:27053 mongodb://localhost:27054 mongodb://localhost:27055 mongodb://localhost:27056 mongodb://localhost:27057 mongodb://localhost:27058 mongodb://localhost:27059 mongodb://localhost:27060 mongodb://localhost:27061 mongodb://localhost:27062 mongodb://localhost:27063 mongodb://localhost:27064 reading workload files ...
load_filename : /home/gxr/mongodb-run/workloads/ycsb/workloada-load-10000000-10000000.log.formated
read load file needs: 1363873108 s 
run_filename : /home/gxr/mongodb-run/workloads/ycsb/workloada-run-10000000-10000000.log.formated
read run file needs: 1443186189 s 
num_of_load_ops is 1862736
num_of_run_ops is 1934501
0 1 2 3 4 5 6 7 8 9 10 11 24 25 26 27 28 29 30 31 32 33 34 35 12 13 14 15 16 17 18 19 20 21 22 23 36 37 38 39 40 41 42 43 44 45 46 47 URI: URI: mongodb://localhost:27017
URI: mongodb://localhost:27022
URI: mongodb://localhost:27021
URI: mongodb://localhost:27020
URI: mongodb://localhost:27018
mongodb://localhost:27019
URI: mongodb://localhost:27024
URI: URI: mongodb://localhost:27023
mongodb://localhost:27026
URI: mongodb://localhost:27025
URI: mongodb://localhost:27027
URI: mongodb://localhost:27028URI: mongodb://localhost:27029

URI: mongodb://localhost:27030
URI: mongodb://localhost:27031
URI: mongodb://localhost:27033
URI: mongodb://localhost:27034
URI: mongodb://localhost:27032
URI: mongodb://localhost:27035
URI: mongodb://localhost:27041
URI: mongodb://localhost:27043
URI: mongodb://localhost:27037
URI: URI: mongodb://localhost:27040
mongodb://localhost:27042
URI: mongodb://localhost:27038
URI: mongodb://localhost:27039
URI: mongodb://localhost:27046
URI: mongodb://localhost:27047
URI: mongodb://localhost:27045
URI: URI: URI: mongodb://localhost:27048
mongodb://localhost:27049mongodb://localhost:27050

URI: mongodb://localhost:27051
URI: mongodb://localhost:27044
URI: mongodb://localhost:27055
URI: mongodb://localhost:27054
URI: mongodb://localhost:27052
URI: mongodb://localhost:27057
URI: mongodb://localhost:27053
URI: mongodb://localhost:27056
URI: mongodb://localhost:27058
URI: mongodb://localhost:27059
URI: mongodb://localhost:27060
URI: mongodb://localhost:27061
URI: mongodb://localhost:27062
URI: mongodb://localhost:27064
URI: mongodb://localhost:27036
URI: mongodb://localhost:27063
Load workloads needs: 9081711127 ns 
[report] load_thread_ID : 47
[report] load_duration_ns : 9081711127
[report] load_duration_s : 9.081711
[report] load_throughput : 4273.093413
[report] load_average_latency_ns : 234022.499214
Load workloads needs: 9128827686 ns 
[report] load_thread_ID : 26
[report] load_duration_ns : 9128827686
[report] load_duration_s : 9.128828
[report] load_throughput : 4251.038724
[report] load_average_latency_ns : 235236.624475
Load workloads needs: 9132348439 ns 
[report] load_thread_ID : 32
[report] load_duration_ns : 9132348439
[report] load_duration_s : 9.132348
[report] load_throughput : 4249.399840
[report] load_average_latency_ns : 235327.349164
Load workloads needs: 9149825381 ns 
[report] load_thread_ID : 37
[report] load_duration_ns : 9149825381
[report] load_duration_s : 9.149825
[report] load_throughput : 4241.283127
[report] load_average_latency_ns : 235777.704564
Load workloads needs: 9216342718 ns 
[report] load_thread_ID : 35
[report] load_duration_ns : 9216342718
[report] load_duration_s : 9.216343
[report] load_throughput : 4210.672410
[report] load_average_latency_ns : 237491.759683
Load workloads needs: 9218931764 ns 
[report] load_thread_ID : 27
[report] load_duration_ns : 9218931764
[report] load_duration_s : 9.218932
[report] load_throughput : 4209.489884
[report] load_average_latency_ns : 237558.475636
Load workloads needs: 9232045818 ns 
[report] load_thread_ID : 38
[report] load_duration_ns : 9232045818
[report] load_duration_s : 9.232046
[report] load_throughput : 4203.510334
[report] load_average_latency_ns : 237896.405752
Load workloads needs: 9239572669 ns 
[report] load_thread_ID : 14
[report] load_duration_ns : 9239572669
[report] load_duration_s : 9.239573
[report] load_throughput : 4200.086020
[report] load_average_latency_ns : 238090.361765
Load workloads needs: 9276186238 ns 
[report] load_thread_ID : 45
[report] load_duration_ns : 9276186238
[report] load_duration_s : 9.276186
[report] load_throughput : 4183.508072
[report] load_average_latency_ns : 239033.840235
Load workloads needs: 9300514658 ns 
[report] load_thread_ID : 22
[report] load_duration_ns : 9300514658
[report] load_duration_s : 9.300515
[report] load_throughput : 4172.564791
[report] load_average_latency_ns : 239660.748267
Load workloads needs: 9332492962 ns 
[report] load_thread_ID : 43
[report] load_duration_ns : 9332492962
[report] load_duration_s : 9.332493
[report] load_throughput : 4158.267267
[report] load_average_latency_ns : 240484.782694
Load workloads needs: 9358724814 ns 
[report] load_thread_ID : 39
[report] load_duration_ns : 9358724814
[report] load_duration_s : 9.358725
[report] load_throughput : 4146.611934
[report] load_average_latency_ns : 241160.739403
Load workloads needs: 9388199675 ns 
[report] load_thread_ID : 13
[report] load_duration_ns : 9388199675
[report] load_duration_s : 9.388200
[report] load_throughput : 4133.593377
[report] load_average_latency_ns : 241920.263741
Load workloads needs: 9413695913 ns 
[report] load_thread_ID : 16
[report] load_duration_ns : 9413695913
[report] load_duration_s : 9.413696
[report] load_throughput : 4122.397872
[report] load_average_latency_ns : 242577.264746
Load workloads needs: 9446627593 ns 
[report] load_thread_ID : 42
[report] load_duration_ns : 9446627593
[report] load_duration_s : 9.446628
[report] load_throughput : 4108.026872
[report] load_average_latency_ns : 243425.866287
Load workloads needs: 9464779980 ns 
[report] load_thread_ID : 5
[report] load_duration_ns : 9464779980
[report] load_duration_s : 9.464780
[report] load_throughput : 4100.148137
[report] load_average_latency_ns : 243893.626923
Load workloads needs: 9489360621 ns 
[report] load_thread_ID : 29
[report] load_duration_ns : 9489360621
[report] load_duration_s : 9.489361
[report] load_throughput : 4089.527372
[report] load_average_latency_ns : 244527.034324
Load workloads needs: 9497607366 ns 
[report] load_thread_ID : 17
[report] load_duration_ns : 9497607366
[report] load_duration_s : 9.497607
[report] load_throughput : 4085.976447
[report] load_average_latency_ns : 244739.540959
Load workloads needs: 9496420051 ns 
[report] load_thread_ID : 36
[report] load_duration_ns : 9496420051
[report] load_duration_s : 9.496420
[report] load_throughput : 4086.487307
[report] load_average_latency_ns : 244708.945577
Load workloads needs: 9502861239 ns 
[report] load_thread_ID : 11
[report] load_duration_ns : 9502861239
[report] load_duration_s : 9.502861
[report] load_throughput : 4083.717422
[report] load_average_latency_ns : 244874.925632
Load workloads needs: 9515295468 ns 
[report] load_thread_ID : 33
[report] load_duration_ns : 9515295468
[report] load_duration_s : 9.515295
[report] load_throughput : 4078.380974
[report] load_average_latency_ns : 245195.337645
Load workloads needs: 9536022695 ns 
[report] load_thread_ID : 10
[report] load_duration_ns : 9536022695
[report] load_duration_s : 9.536023
[report] load_throughput : 4069.516322
[report] load_average_latency_ns : 245729.448167
Load workloads needs: 9542098335 ns 
[report] load_thread_ID : 7
[report] load_duration_ns : 9542098335
[report] load_duration_s : 9.542098
[report] load_throughput : 4066.925181
[report] load_average_latency_ns : 245886.008581
Load workloads needs: 9542701013 ns 
[report] load_thread_ID : 46
[report] load_duration_ns : 9542701013
[report] load_duration_s : 9.542701
[report] load_throughput : 4066.668331
[report] load_average_latency_ns : 245901.538717
Load workloads needs: 9563336469 ns 
[report] load_thread_ID : 21
[report] load_duration_ns : 9563336469
[report] load_duration_s : 9.563336
[report] load_throughput : 4057.893406
[report] load_average_latency_ns : 246433.284433
Load workloads needs: 9583387072 ns 
[report] load_thread_ID : 41
[report] load_duration_ns : 9583387072
[report] load_duration_s : 9.583387
[report] load_throughput : 4049.403380
[report] load_average_latency_ns : 246949.959337
Load workloads needs: 9592534717 ns 
[report] load_thread_ID : 2
[report] load_duration_ns : 9592534717
[report] load_duration_s : 9.592535
[report] load_throughput : 4045.541783
[report] load_average_latency_ns : 247185.680857
Load workloads needs: 9597005365 ns 
[report] load_thread_ID : 4
[report] load_duration_ns : 9597005365
[report] load_duration_s : 9.597005
[report] load_throughput : 4043.657216
[report] load_average_latency_ns : 247300.882959
Load workloads needs: 9601914977 ns 
[report] load_thread_ID : 24
[report] load_duration_ns : 9601914977
[report] load_duration_s : 9.601915
[report] load_throughput : 4041.589630
[report] load_average_latency_ns : 247427.396526
Load workloads needs: 9608432376 ns 
[report] load_thread_ID : 40
[report] load_duration_ns : 9608432376
[report] load_duration_s : 9.608432
[report] load_throughput : 4038.848220
[report] load_average_latency_ns : 247595.340428
Load workloads needs: 9612413675 ns 
[report] load_thread_ID : 9
[report] load_duration_ns : 9612413675
[report] load_duration_s : 9.612414
[report] load_throughput : 4037.175398
[report] load_average_latency_ns : 247697.932718
Load workloads needs: 9614875993 ns 
[report] load_thread_ID : 15
[report] load_duration_ns : 9614875993
[report] load_duration_s : 9.614876
[report] load_throughput : 4036.141499
[report] load_average_latency_ns : 247761.383075
Load workloads needs: 9622443221 ns 
[report] load_thread_ID : 34
[report] load_duration_ns : 9622443221
[report] load_duration_s : 9.622443
[report] load_throughput : 4032.967419
[report] load_average_latency_ns : 247956.379545
Load workloads needs: 9631409457 ns 
[report] load_thread_ID : 23
[report] load_duration_ns : 9631409457
[report] load_duration_s : 9.631409
[report] load_throughput : 4029.212980
[report] load_average_latency_ns : 248187.426418
Load workloads needs: 9638206396 ns 
[report] load_thread_ID : 25
[report] load_duration_ns : 9638206396
[report] load_duration_s : 9.638206
[report] load_throughput : 4026.371547
[report] load_average_latency_ns : 248362.573659
Load workloads needs: 9641207212 ns 
[report] load_thread_ID : 0
[report] load_duration_ns : 9641207212
[report] load_duration_s : 9.641207
[report] load_throughput : 4025.118343
[report] load_average_latency_ns : 248439.900327
Load workloads needs: 9644821029 ns 
[report] load_thread_ID : 12
[report] load_duration_ns : 9644821029
[report] load_duration_s : 9.644821
[report] load_throughput : 4023.610172
[report] load_average_latency_ns : 248533.023140
Load workloads needs: 9645025863 ns 
[report] load_thread_ID : 31
[report] load_duration_ns : 9645025863
[report] load_duration_s : 9.645026
[report] load_throughput : 4023.524722
[report] load_average_latency_ns : 248538.301415
Load workloads needs: 9661354011 ns 
[report] load_thread_ID : 3
[report] load_duration_ns : 9661354011
[report] load_duration_s : 9.661354
[report] load_throughput : 4016.724773
[report] load_average_latency_ns : 248959.054062
Load workloads needs: 9666978755 ns 
[report] load_thread_ID : 28
[report] load_duration_ns : 9666978755
[report] load_duration_s : 9.666979
[report] load_throughput : 4014.387637
[report] load_average_latency_ns : 249103.995542
Load workloads needs: 9679479474 ns 
[report] load_thread_ID : 8
[report] load_duration_ns : 9679479474
[report] load_duration_s : 9.679479
[report] load_throughput : 4009.203192
[report] load_average_latency_ns : 249426.120906
Load workloads needs: 9673574054 ns 
[report] load_thread_ID : 44
[report] load_duration_ns : 9673574054
[report] load_duration_s : 9.673574
[report] load_throughput : 4011.650687
[report] load_average_latency_ns : 249273.946814
Load workloads needs: 9687110329 ns 
[report] load_thread_ID : 30
[report] load_duration_ns : 9687110329
[report] load_duration_s : 9.687110
[report] load_throughput : 4006.045011
[report] load_average_latency_ns : 249622.756951
Load workloads needs: 9699805263 ns 
[report] load_thread_ID : 18
[report] load_duration_ns : 9699805263
[report] load_duration_s : 9.699805
[report] load_throughput : 4000.801970
[report] load_average_latency_ns : 249949.886953
Load workloads needs: 9708930717 ns 
[report] load_thread_ID : 6
[report] load_duration_ns : 9708930717
[report] load_duration_s : 9.708931
[report] load_throughput : 3997.041603
[report] load_average_latency_ns : 250185.036643
Load workloads needs: 9706550433 ns 
[report] load_thread_ID : 19
[report] load_duration_ns : 9706550433
[report] load_duration_s : 9.706550
[report] load_throughput : 3998.021776
[report] load_average_latency_ns : 250123.700183
Load workloads needs: 9732213351 ns 
[report] load_thread_ID : 20
[report] load_duration_ns : 9732213351
[report] load_duration_s : 9.732213
[report] load_throughput : 3987.479374
[report] load_average_latency_ns : 250784.996289
Load workloads needs: 9743522213 ns 
[report] load_thread_ID : 1
[report] load_duration_ns : 9743522213
[report] load_duration_s : 9.743522
[report] load_throughput : 3982.851288
[report] load_average_latency_ns : 251076.409230
All clients run done needs: 9736373734 ns 
[report] load_overall_duration_ns : 9736373734
[report] load_overall_duration_s : 9.736374
[report] load_overall_throughput : 191317.224553
[report] load_overall_average_latency_ns : 5226.920902
