numactl --membind=0 /mnt/nvme0/home/gxr/mongdb-run/test_mongodb/build//run_client --num_threads=82 --core_binding=0,1,2,3,4,5,6,7,8,9,10,11,12,13,14,15,128,129,130,131,132,133,134,135,136,137,138,139,140,141,142,143,16,17,18,19,20,21,22,23,24,25,26,27,28,29,30,31,144,145,146,147,148,149,150,151,152,153,154,155,156,157,158,159,32,33,34,35,36,37,38,39,40,41,42,43,44,45,46,47,160,161,162,163,164,165,166,167,168,169,170,171,172,173,174,175,48,49,50,51,52,53,54,55,56,57,58,59,60,61,62,63,176,177,178,179,180,181,182,183,184,185,186,187,188,189,190,191 --str_key_size=16 --str_key_size=256 --load_file=/mnt/nvme0/home/gxr/mongdb-run/workloads/ycsb/workloada-load-10000000-10000000.log.formated --run_file=/mnt/nvme0/home/gxr/mongdb-run/workloads/ycsb/workloada-run-10000000-10000000.log.formated --URI_set=mongodb://localhost:27017,mongodb://localhost:27018,mongodb://localhost:27019,mongodb://localhost:27020,mongodb://localhost:27021,mongodb://localhost:27022,mongodb://localhost:27023,mongodb://localhost:27024,mongodb://localhost:27025,mongodb://localhost:27026,mongodb://localhost:27027,mongodb://localhost:27028,mongodb://localhost:27029,mongodb://localhost:27030,mongodb://localhost:27031,mongodb://localhost:27032,mongodb://localhost:27033,mongodb://localhost:27034,mongodb://localhost:27035,mongodb://localhost:27036,mongodb://localhost:27037,mongodb://localhost:27038,mongodb://localhost:27039,mongodb://localhost:27040,mongodb://localhost:27041,mongodb://localhost:27042,mongodb://localhost:27043,mongodb://localhost:27044,mongodb://localhost:27045,mongodb://localhost:27046,mongodb://localhost:27047,mongodb://localhost:27048,mongodb://localhost:27049,mongodb://localhost:27050,mongodb://localhost:27051,mongodb://localhost:27052,mongodb://localhost:27053,mongodb://localhost:27054,mongodb://localhost:27055,mongodb://localhost:27056,mongodb://localhost:27057,mongodb://localhost:27058,mongodb://localhost:27059,mongodb://localhost:27060,mongodb://localhost:27061,mongodb://localhost:27062,mongodb://localhost:27063,mongodb://localhost:27064,mongodb://localhost:27065,mongodb://localhost:27066,mongodb://localhost:27067,mongodb://localhost:27068,mongodb://localhost:27069,mongodb://localhost:27070,mongodb://localhost:27071,mongodb://localhost:27072,mongodb://localhost:27073,mongodb://localhost:27074,mongodb://localhost:27075,mongodb://localhost:27076,mongodb://localhost:27077,mongodb://localhost:27078,mongodb://localhost:27079,mongodb://localhost:27080,mongodb://localhost:27081,mongodb://localhost:27082,mongodb://localhost:27083,mongodb://localhost:27084,mongodb://localhost:27085,mongodb://localhost:27086,mongodb://localhost:27087,mongodb://localhost:27088,mongodb://localhost:27089,mongodb://localhost:27090,mongodb://localhost:27091,mongodb://localhost:27092,mongodb://localhost:27093,mongodb://localhost:27094,mongodb://localhost:27095,mongodb://localhost:27096,mongodb://localhost:27097,mongodb://localhost:27098,mongodb://localhost:27099,mongodb://localhost:27100,mongodb://localhost:27101,mongodb://localhost:27102,mongodb://localhost:27103,mongodb://localhost:27104,mongodb://localhost:27105,mongodb://localhost:27106,mongodb://localhost:27107,mongodb://localhost:27108,mongodb://localhost:27109,mongodb://localhost:27110,mongodb://localhost:27111,mongodb://localhost:27112,mongodb://localhost:27113,mongodb://localhost:27114,mongodb://localhost:27115,mongodb://localhost:27116,mongodb://localhost:27117,mongodb://localhost:27118,mongodb://localhost:27119,mongodb://localhost:27120,mongodb://localhost:27121,mongodb://localhost:27122,mongodb://localhost:27123,mongodb://localhost:27124,mongodb://localhost:27125,mongodb://localhost:27126,mongodb://localhost:27127,mongodb://localhost:27128,mongodb://localhost:27129,mongodb://localhost:27130,mongodb://localhost:27131,mongodb://localhost:27132,mongodb://localhost:27133,mongodb://localhost:27134,mongodb://localhost:27135,mongodb://localhost:27136,mongodb://localhost:27137,mongodb://localhost:27138,mongodb://localhost:27139,mongodb://localhost:27140,mongodb://localhost:27141,mongodb://localhost:27142,mongodb://localhost:27143,mongodb://localhost:27144 --first_mode=true
mongodb://localhost:27017 mongodb://localhost:27018 mongodb://localhost:27019 mongodb://localhost:27020 mongodb://localhost:27021 mongodb://localhost:27022 mongodb://localhost:27023 mongodb://localhost:27024 mongodb://localhost:27025 mongodb://localhost:27026 mongodb://localhost:27027 mongodb://localhost:27028 mongodb://localhost:27029 mongodb://localhost:27030 mongodb://localhost:27031 mongodb://localhost:27032 mongodb://localhost:27033 mongodb://localhost:27034 mongodb://localhost:27035 mongodb://localhost:27036 mongodb://localhost:27037 mongodb://localhost:27038 mongodb://localhost:27039 mongodb://localhost:27040 mongodb://localhost:27041 mongodb://localhost:27042 mongodb://localhost:27043 mongodb://localhost:27044 mongodb://localhost:27045 mongodb://localhost:27046 mongodb://localhost:27047 mongodb://localhost:27048 mongodb://localhost:27049 mongodb://localhost:27050 mongodb://localhost:27051 mongodb://localhost:27052 mongodb://localhost:27053 mongodb://localhost:27054 mongodb://localhost:27055 mongodb://localhost:27056 mongodb://localhost:27057 mongodb://localhost:27058 mongodb://localhost:27059 mongodb://localhost:27060 mongodb://localhost:27061 mongodb://localhost:27062 mongodb://localhost:27063 mongodb://localhost:27064 mongodb://localhost:27065 mongodb://localhost:27066 mongodb://localhost:27067 mongodb://localhost:27068 mongodb://localhost:27069 mongodb://localhost:27070 mongodb://localhost:27071 mongodb://localhost:27072 mongodb://localhost:27073 mongodb://localhost:27074 mongodb://localhost:27075 mongodb://localhost:27076 mongodb://localhost:27077 mongodb://localhost:27078 mongodb://localhost:27079 mongodb://localhost:27080 mongodb://localhost:27081 mongodb://localhost:27082 mongodb://localhost:27083 mongodb://localhost:27084 mongodb://localhost:27085 mongodb://localhost:27086 mongodb://localhost:27087 mongodb://localhost:27088 mongodb://localhost:27089 mongodb://localhost:27090 mongodb://localhost:27091 mongodb://localhost:27092 mongodb://localhost:27093 mongodb://localhost:27094 mongodb://localhost:27095 mongodb://localhost:27096 mongodb://localhost:27097 mongodb://localhost:27098 mongodb://localhost:27099 mongodb://localhost:27100 mongodb://localhost:27101 mongodb://localhost:27102 mongodb://localhost:27103 mongodb://localhost:27104 mongodb://localhost:27105 mongodb://localhost:27106 mongodb://localhost:27107 mongodb://localhost:27108 mongodb://localhost:27109 mongodb://localhost:27110 mongodb://localhost:27111 mongodb://localhost:27112 mongodb://localhost:27113 mongodb://localhost:27114 mongodb://localhost:27115 mongodb://localhost:27116 mongodb://localhost:27117 mongodb://localhost:27118 mongodb://localhost:27119 mongodb://localhost:27120 mongodb://localhost:27121 mongodb://localhost:27122 mongodb://localhost:27123 mongodb://localhost:27124 mongodb://localhost:27125 mongodb://localhost:27126 mongodb://localhost:27127 mongodb://localhost:27128 mongodb://localhost:27129 mongodb://localhost:27130 mongodb://localhost:27131 mongodb://localhost:27132 mongodb://localhost:27133 mongodb://localhost:27134 mongodb://localhost:27135 mongodb://localhost:27136 mongodb://localhost:27137 mongodb://localhost:27138 mongodb://localhost:27139 mongodb://localhost:27140 mongodb://localhost:27141 mongodb://localhost:27142 mongodb://localhost:27143 mongodb://localhost:27144 reading workload files ...
load_filename : /mnt/nvme0/home/gxr/mongdb-run/workloads/ycsb/workloada-load-10000000-10000000.log.formated
read load file needs: 6021750786 s 
run_filename : /mnt/nvme0/home/gxr/mongdb-run/workloads/ycsb/workloada-run-10000000-10000000.log.formated
read run file needs: 6151794191 s 
num_of_load_ops is 10000000
num_of_run_ops is 10000000
0 1 2 3 4 5 6 7 8 9 10 11 12 13 14 15 128 129 130 131 132 133 134 135 136 137 138 139 140 141 142 143 16 17 18 19 20 21 22 23 24 25 26 27 28 29 30 31 144 145 146 147 148 149 150 151 152 153 154 155 156 157 158 159 32 33 34 35 36 37 38 39 40 41 42 43 44 45 46 47 160 161 162 163 164 165 166 167 168 169 170 171 172 173 174 175 48 49 50 51 52 53 54 55 56 57 58 59 60 61 62 63 176 177 178 179 180 181 182 183 184 185 186 187 188 189 190 191 URI: URI: mongodb://localhost:27017
URI: mongodb://localhost:27017
URI: mongodb://localhost:27017
URI: mongodb://localhost:27017
URI: mongodb://localhost:27017
URI: mongodb://localhost:27017
URI: mongodb://localhost:27017
mongodb://localhost:27017
URI: mongodb://localhost:27017
URI: mongodb://localhost:27017
URI: mongodb://localhost:27017URI: mongodb://localhost:27017
URI: mongodb://localhost:27017
URI: mongodb://localhost:27017

URI: mongodb://localhost:27017
URI: mongodb://localhost:27017
URI: mongodb://localhost:27017
URI: mongodb://localhost:27017
URI: mongodb://localhost:27017
URI: mongodb://localhost:27017
URI: mongodb://localhost:27017
URI: mongodb://localhost:27017
URI: mongodb://localhost:27017
URI: mongodb://localhost:27017
URI: mongodb://localhost:27017
URI: mongodb://localhost:27017
URI: mongodb://localhost:27017
URI: mongodb://localhost:27017
URI: mongodb://localhost:27017
URI: mongodb://localhost:27017
URI: mongodb://localhost:27017
URI: mongodb://localhost:27017
URI: mongodb://localhost:27017
URI: mongodb://localhost:27017
URI: mongodb://localhost:27017
URI: mongodb://localhost:27017
URI: mongodb://localhost:27017
URI: mongodb://localhost:27017
URI: mongodb://localhost:27017
URI: mongodb://localhost:27017
URI: mongodb://localhost:27017
URI: mongodb://localhost:27017
URI: mongodb://localhost:27017
URI: mongodb://localhost:27017
URI: mongodb://localhost:27017
URI: mongodb://localhost:27017
URI: mongodb://localhost:27017
URI: mongodb://localhost:27017
URI: mongodb://localhost:27017
URI: mongodb://localhost:27017
URI: mongodb://localhost:27017
URI: mongodb://localhost:27017
URI: mongodb://localhost:27017
URI: mongodb://localhost:27017
URI: mongodb://localhost:27017
URI: mongodb://localhost:27017
URI: mongodb://localhost:27017
URI: mongodb://localhost:27017
URI: mongodb://localhost:27017
URI: mongodb://localhost:27017
URI: mongodb://localhost:27017
URI: mongodb://localhost:27017
URI: mongodb://localhost:27017
URI: mongodb://localhost:27017
URI: mongodb://localhost:27017
URI: mongodb://localhost:27017
URI: mongodb://localhost:27017
URI: mongodb://localhost:27017
URI: mongodb://localhost:27017
URI: mongodb://localhost:27017
URI: mongodb://localhost:27017
URI: mongodb://localhost:27017
URI: mongodb://localhost:27017
URI: mongodb://localhost:27017
URI: mongodb://localhost:27017
URI: mongodb://localhost:27017
URI: mongodb://localhost:27017
URI: mongodb://localhost:27017
URI: mongodb://localhost:27017
URI: mongodb://localhost:27017
URI: mongodb://localhost:27017
URI: mongodb://localhost:27017
Load workloads needs: 34071195146 ns 
[report] load_thread_ID : 79
[report] load_duration_ns : 34071195146
[report] load_duration_s : 34.071195
[report] load_throughput : 3579.299155
[report] load_average_latency_ns : 279384.303089
Load workloads needs: 34244401052 ns 
[report] load_thread_ID : 78
[report] load_duration_ns : 34244401052
[report] load_duration_s : 34.244401
[report] load_throughput : 3561.195298
[report] load_average_latency_ns : 280804.594075
Load workloads needs: 34262659427 ns 
[report] load_thread_ID : 76
[report] load_duration_ns : 34262659427
[report] load_duration_s : 34.262659
[report] load_throughput : 3559.297557
[report] load_average_latency_ns : 280954.313019
Load workloads needs: 34492275835 ns 
[report] load_thread_ID : 74
[report] load_duration_ns : 34492275835
[report] load_duration_s : 34.492276
[report] load_throughput : 3535.603176
[report] load_average_latency_ns : 282837.170954
Load workloads needs: 34571517101 ns 
[report] load_thread_ID : 77
[report] load_duration_ns : 34571517101
[report] load_duration_s : 34.571517
[report] load_throughput : 3527.499231
[report] load_average_latency_ns : 283486.950505
Load workloads needs: 34651138296 ns 
[report] load_thread_ID : 75
[report] load_duration_ns : 34651138296
[report] load_duration_s : 34.651138
[report] load_throughput : 3519.393763
[report] load_average_latency_ns : 284139.845479
Load workloads needs: 34660525463 ns 
[report] load_thread_ID : 80
[report] load_duration_ns : 34660525463
[report] load_duration_s : 34.660525
[report] load_throughput : 3518.440600
[report] load_average_latency_ns : 284216.820387
Load workloads needs: 34693025073 ns 
[report] load_thread_ID : 81
[report] load_duration_ns : 34693025073
[report] load_duration_s : 34.693025
[report] load_throughput : 3515.144607
[report] load_average_latency_ns : 284483.317669
Load workloads needs: 34694505260 ns 
[report] load_thread_ID : 72
[report] load_duration_ns : 34694505260
[report] load_duration_s : 34.694505
[report] load_throughput : 3514.994639
[report] load_average_latency_ns : 284495.455224
Load workloads needs: 34922288832 ns 
[report] load_thread_ID : 73
[report] load_duration_ns : 34922288832
[report] load_duration_s : 34.922289
[report] load_throughput : 3492.067790
[report] load_average_latency_ns : 286363.283876
Load workloads needs: 36281950192 ns 
[report] load_thread_ID : 71
[report] load_duration_ns : 36281950192
[report] load_duration_s : 36.281950
[report] load_throughput : 3361.203005
[report] load_average_latency_ns : 297512.527097
Load workloads needs: 36397817297 ns 
[report] load_thread_ID : 70
[report] load_duration_ns : 36397817297
[report] load_duration_s : 36.397817
[report] load_throughput : 3350.503109
[report] load_average_latency_ns : 298462.639068
Load workloads needs: 36649377931 ns 
[report] load_thread_ID : 69
[report] load_duration_ns : 36649377931
[report] load_duration_s : 36.649378
[report] load_throughput : 3327.505319
[report] load_average_latency_ns : 300525.439980
Load workloads needs: 36708540266 ns 
[report] load_thread_ID : 64
[report] load_duration_ns : 36708540266
[report] load_duration_s : 36.708540
[report] load_throughput : 3322.142453
[report] load_average_latency_ns : 301010.572000
Load workloads needs: 36798761266 ns 
[report] load_thread_ID : 68
[report] load_duration_ns : 36798761266
[report] load_duration_s : 36.798761
[report] load_throughput : 3313.997423
[report] load_average_latency_ns : 301750.385532
Load workloads needs: 36887740017 ns 
[report] load_thread_ID : 65
[report] load_duration_ns : 36887740017
[report] load_duration_s : 36.887740
[report] load_throughput : 3306.003565
[report] load_average_latency_ns : 302480.012603
Load workloads needs: 36943931469 ns 
[report] load_thread_ID : 67
[report] load_duration_ns : 36943931469
[report] load_duration_s : 36.943931
[report] load_throughput : 3300.975158
[report] load_average_latency_ns : 302940.783339
Load workloads needs: 37199656492 ns 
[report] load_thread_ID : 66
[report] load_duration_ns : 37199656492
[report] load_duration_s : 37.199656
[report] load_throughput : 3278.282960
[report] load_average_latency_ns : 305037.732302
Load workloads needs: 38595344842 ns 
[report] load_thread_ID : 17
[report] load_duration_ns : 38595344842
[report] load_duration_s : 38.595345
[report] load_throughput : 3159.733395
[report] load_average_latency_ns : 316482.397373
Load workloads needs: 38665475761 ns 
[report] load_thread_ID : 59
[report] load_duration_ns : 38665475761
[report] load_duration_s : 38.665476
[report] load_throughput : 3154.002313
[report] load_average_latency_ns : 317057.471944
Load workloads needs: 38696219485 ns 
[report] load_thread_ID : 60
[report] load_duration_ns : 38696219485
[report] load_duration_s : 38.696219
[report] load_throughput : 3151.496493
[report] load_average_latency_ns : 317309.570934
Load workloads needs: 38704796894 ns 
[report] load_thread_ID : 16
[report] load_duration_ns : 38704796894
[report] load_duration_s : 38.704797
[report] load_throughput : 3150.798087
[report] load_average_latency_ns : 317379.905815
Load workloads needs: 38766928932 ns 
[report] load_thread_ID : 20
[report] load_duration_ns : 38766928932
[report] load_duration_s : 38.766929
[report] load_throughput : 3145.748280
[report] load_average_latency_ns : 317889.389443
Load workloads needs: 38768416549 ns 
[report] load_thread_ID : 27
[report] load_duration_ns : 38768416549
[report] load_duration_s : 38.768417
[report] load_throughput : 3145.627572
[report] load_average_latency_ns : 317901.587925
Load workloads needs: 38767605441 ns 
[report] load_thread_ID : 53
[report] load_duration_ns : 38767605441
[report] load_duration_s : 38.767605
[report] load_throughput : 3145.693385
[report] load_average_latency_ns : 317894.936827
Load workloads needs: 38776323459 ns 
[report] load_thread_ID : 44
[report] load_duration_ns : 38776323459
[report] load_duration_s : 38.776323
[report] load_throughput : 3144.986144
[report] load_average_latency_ns : 317966.424703
Load workloads needs: 38796904988 ns 
[report] load_thread_ID : 9
[report] load_duration_ns : 38796904988
[report] load_duration_s : 38.796905
[report] load_throughput : 3143.317748
[report] load_average_latency_ns : 318135.193545
Load workloads needs: 38792701999 ns 
[report] load_thread_ID : 58
[report] load_duration_ns : 38792701999
[report] load_duration_s : 38.792702
[report] load_throughput : 3143.658310
[report] load_average_latency_ns : 318100.728973
Load workloads needs: 38801145768 ns 
[report] load_thread_ID : 52
[report] load_duration_ns : 38801145768
[report] load_duration_s : 38.801146
[report] load_throughput : 3142.974198
[report] load_average_latency_ns : 318169.968004
Load workloads needs: 38812490120 ns 
[report] load_thread_ID : 37
[report] load_duration_ns : 38812490120
[report] load_duration_s : 38.812490
[report] load_throughput : 3142.055550
[report] load_average_latency_ns : 318262.991857
Load workloads needs: 38819021894 ns 
[report] load_thread_ID : 43
[report] load_duration_ns : 38819021894
[report] load_duration_s : 38.819022
[report] load_throughput : 3141.526861
[report] load_average_latency_ns : 318316.552501
Load workloads needs: 38834481236 ns 
[report] load_thread_ID : 40
[report] load_duration_ns : 38834481236
[report] load_duration_s : 38.834481
[report] load_throughput : 3140.276273
[report] load_average_latency_ns : 318443.319333
Load workloads needs: 38835679443 ns 
[report] load_thread_ID : 63
[report] load_duration_ns : 38835679443
[report] load_duration_s : 38.835679
[report] load_throughput : 3140.179385
[report] load_average_latency_ns : 318453.144648
Load workloads needs: 38845057481 ns 
[report] load_thread_ID : 29
[report] load_duration_ns : 38845057481
[report] load_duration_s : 38.845057
[report] load_throughput : 3139.421278
[report] load_average_latency_ns : 318530.044698
Load workloads needs: 38851790044 ns 
[report] load_thread_ID : 5
[report] load_duration_ns : 38851790044
[report] load_duration_s : 38.851790
[report] load_throughput : 3138.877253
[report] load_average_latency_ns : 318585.251814
Load workloads needs: 38854341418 ns 
[report] load_thread_ID : 23
[report] load_duration_ns : 38854341418
[report] load_duration_s : 38.854341
[report] load_throughput : 3138.671138
[report] load_average_latency_ns : 318606.173119
Load workloads needs: 38869527190 ns 
[report] load_thread_ID : 26
[report] load_duration_ns : 38869527190
[report] load_duration_s : 38.869527
[report] load_throughput : 3137.444904
[report] load_average_latency_ns : 318730.696673
Load workloads needs: 38870185259 ns 
[report] load_thread_ID : 24
[report] load_duration_ns : 38870185259
[report] load_duration_s : 38.870185
[report] load_throughput : 3137.391787
[report] load_average_latency_ns : 318736.092849
Load workloads needs: 38867031406 ns 
[report] load_thread_ID : 61
[report] load_duration_ns : 38867031406
[report] load_duration_s : 38.867031
[report] load_throughput : 3137.646370
[report] load_average_latency_ns : 318710.231208
Load workloads needs: 38867666235 ns 
[report] load_thread_ID : 55
[report] load_duration_ns : 38867666235
[report] load_duration_s : 38.867666
[report] load_throughput : 3137.595122
[report] load_average_latency_ns : 318715.436815
Load workloads needs: 38880332063 ns 
[report] load_thread_ID : 62
[report] load_duration_ns : 38880332063
[report] load_duration_s : 38.880332
[report] load_throughput : 3136.573006
[report] load_average_latency_ns : 318819.296791
Load workloads needs: 38897010453 ns 
[report] load_thread_ID : 28
[report] load_duration_ns : 38897010453
[report] load_duration_s : 38.897010
[report] load_throughput : 3135.228095
[report] load_average_latency_ns : 318956.059836
Load workloads needs: 38901722611 ns 
[report] load_thread_ID : 46
[report] load_duration_ns : 38901722611
[report] load_duration_s : 38.901723
[report] load_throughput : 3134.848326
[report] load_average_latency_ns : 318994.699601
Load workloads needs: 38917747132 ns 
[report] load_thread_ID : 1
[report] load_duration_ns : 38917747132
[report] load_duration_s : 38.917747
[report] load_throughput : 3133.557541
[report] load_average_latency_ns : 319126.100909
Load workloads needs: 38923748037 ns 
[report] load_thread_ID : 41
[report] load_duration_ns : 38923748037
[report] load_duration_s : 38.923748
[report] load_throughput : 3133.074438
[report] load_average_latency_ns : 319175.308419
Load workloads needs: 38932877465 ns 
[report] load_thread_ID : 25
[report] load_duration_ns : 38932877465
[report] load_duration_s : 38.932877
[report] load_throughput : 3132.339759
[report] load_average_latency_ns : 319250.169863
Load workloads needs: 38933806893 ns 
[report] load_thread_ID : 2
[report] load_duration_ns : 38933806893
[report] load_duration_s : 38.933807
[report] load_throughput : 3132.264983
[report] load_average_latency_ns : 319257.791187
Load workloads needs: 38932925245 ns 
[report] load_thread_ID : 31
[report] load_duration_ns : 38932925245
[report] load_duration_s : 38.932925
[report] load_throughput : 3132.335914
[report] load_average_latency_ns : 319250.561660
Load workloads needs: 38930253491 ns 
[report] load_thread_ID : 49
[report] load_duration_ns : 38930253491
[report] load_duration_s : 38.930253
[report] load_throughput : 3132.550884
[report] load_average_latency_ns : 319228.653238
Load workloads needs: 38932941135 ns 
[report] load_thread_ID : 45
[report] load_duration_ns : 38932941135
[report] load_duration_s : 38.932941
[report] load_throughput : 3132.334636
[report] load_average_latency_ns : 319250.691958
Load workloads needs: 38936795556 ns 
[report] load_thread_ID : 32
[report] load_duration_ns : 38936795556
[report] load_duration_s : 38.936796
[report] load_throughput : 3132.024561
[report] load_average_latency_ns : 319282.298267
Load workloads needs: 38947479979 ns 
[report] load_thread_ID : 57
[report] load_duration_ns : 38947479979
[report] load_duration_s : 38.947480
[report] load_throughput : 3131.165356
[report] load_average_latency_ns : 319369.910694
Load workloads needs: 38948659656 ns 
[report] load_thread_ID : 50
[report] load_duration_ns : 38948659656
[report] load_duration_s : 38.948660
[report] load_throughput : 3131.070519
[report] load_average_latency_ns : 319379.584062
Load workloads needs: 38955462930 ns 
[report] load_thread_ID : 8
[report] load_duration_ns : 38955462930
[report] load_duration_s : 38.955463
[report] load_throughput : 3130.523701
[report] load_average_latency_ns : 319435.371010
Load workloads needs: 38956446397 ns 
[report] load_thread_ID : 42
[report] load_duration_ns : 38956446397
[report] load_duration_s : 38.956446
[report] load_throughput : 3130.444670
[report] load_average_latency_ns : 319443.435454
Load workloads needs: 38971716710 ns 
[report] load_thread_ID : 30
[report] load_duration_ns : 38971716710
[report] load_duration_s : 38.971717
[report] load_throughput : 3129.218066
[report] load_average_latency_ns : 319568.652246
Load workloads needs: 38974815702 ns 
[report] load_thread_ID : 13
[report] load_duration_ns : 38974815702
[report] load_duration_s : 38.974816
[report] load_throughput : 3128.969254
[report] load_average_latency_ns : 319594.064026
Load workloads needs: 38972253959 ns 
[report] load_thread_ID : 54
[report] load_duration_ns : 38972253959
[report] load_duration_s : 38.972254
[report] load_throughput : 3129.174929
[report] load_average_latency_ns : 319573.057695
Load workloads needs: 38977537706 ns 
[report] load_thread_ID : 14
[report] load_duration_ns : 38977537706
[report] load_duration_s : 38.977538
[report] load_throughput : 3128.750742
[report] load_average_latency_ns : 319616.384499
Load workloads needs: 38978399043 ns 
[report] load_thread_ID : 0
[report] load_duration_ns : 38978399043
[report] load_duration_s : 38.978399
[report] load_throughput : 3128.681603
[report] load_average_latency_ns : 319623.447475
Load workloads needs: 38986437334 ns 
[report] load_thread_ID : 19
[report] load_duration_ns : 38986437334
[report] load_duration_s : 38.986437
[report] load_throughput : 3128.036526
[report] load_average_latency_ns : 319689.361580
Load workloads needs: 38998763434 ns 
[report] load_thread_ID : 11
[report] load_duration_ns : 38998763434
[report] load_duration_s : 38.998763
[report] load_throughput : 3127.047867
[report] load_average_latency_ns : 319790.435782
Load workloads needs: 39001773486 ns 
[report] load_thread_ID : 18
[report] load_duration_ns : 39001773486
[report] load_duration_s : 39.001773
[report] load_throughput : 3126.806530
[report] load_average_latency_ns : 319815.118252
Load workloads needs: 39004653439 ns 
[report] load_thread_ID : 22
[report] load_duration_ns : 39004653439
[report] load_duration_s : 39.004653
[report] load_throughput : 3126.575658
[report] load_average_latency_ns : 319838.733910
Load workloads needs: 39014035866 ns 
[report] load_thread_ID : 15
[report] load_duration_ns : 39014035866
[report] load_duration_s : 39.014036
[report] load_throughput : 3125.823753
[report] load_average_latency_ns : 319915.669949
Load workloads needs: 39021523928 ns 
[report] load_thread_ID : 12
[report] load_duration_ns : 39021523928
[report] load_duration_s : 39.021524
[report] load_throughput : 3125.223921
[report] load_average_latency_ns : 319977.072168
Load workloads needs: 39024049232 ns 
[report] load_thread_ID : 33
[report] load_duration_ns : 39024049232
[report] load_duration_s : 39.024049
[report] load_throughput : 3125.021683
[report] load_average_latency_ns : 319997.779698
Load workloads needs: 39028289531 ns 
[report] load_thread_ID : 3
[report] load_duration_ns : 39028289531
[report] load_duration_s : 39.028290
[report] load_throughput : 3124.682159
[report] load_average_latency_ns : 320032.550213
Load workloads needs: 39032173732 ns 
[report] load_thread_ID : 4
[report] load_duration_ns : 39032173732
[report] load_duration_s : 39.032174
[report] load_throughput : 3124.371213
[report] load_average_latency_ns : 320064.400718
Load workloads needs: 39038732176 ns 
[report] load_thread_ID : 36
[report] load_duration_ns : 39038732176
[report] load_duration_s : 39.038732
[report] load_throughput : 3123.846324
[report] load_average_latency_ns : 320118.180056
Load workloads needs: 39043786113 ns 
[report] load_thread_ID : 56
[report] load_duration_ns : 39043786113
[report] load_duration_s : 39.043786
[report] load_throughput : 3123.441965
[report] load_average_latency_ns : 320159.622414
Load workloads needs: 39065233381 ns 
[report] load_thread_ID : 48
[report] load_duration_ns : 39065233381
[report] load_duration_s : 39.065233
[report] load_throughput : 3121.727159
[report] load_average_latency_ns : 320335.490328
Load workloads needs: 39081721980 ns 
[report] load_thread_ID : 6
[report] load_duration_ns : 39081721980
[report] load_duration_s : 39.081722
[report] load_throughput : 3120.410100
[report] load_average_latency_ns : 320470.697083
Load workloads needs: 39095891595 ns 
[report] load_thread_ID : 34
[report] load_duration_ns : 39095891595
[report] load_duration_s : 39.095892
[report] load_throughput : 3119.279163
[report] load_average_latency_ns : 320586.888135
Load workloads needs: 39107076208 ns 
[report] load_thread_ID : 7
[report] load_duration_ns : 39107076208
[report] load_duration_s : 39.107076
[report] load_throughput : 3118.387050
[report] load_average_latency_ns : 320678.602127
Load workloads needs: 39105673251 ns 
[report] load_thread_ID : 51
[report] load_duration_ns : 39105673251
[report] load_duration_s : 39.105673
[report] load_throughput : 3118.498925
[report] load_average_latency_ns : 320667.097859
Load workloads needs: 39109826182 ns 
[report] load_thread_ID : 21
[report] load_duration_ns : 39109826182
[report] load_duration_s : 39.109826
[report] load_throughput : 3118.167783
[report] load_average_latency_ns : 320701.151954
Load workloads needs: 39107910736 ns 
[report] load_thread_ID : 39
[report] load_duration_ns : 39107910736
[report] load_duration_s : 39.107911
[report] load_throughput : 3118.320506
[report] load_average_latency_ns : 320685.445269
Load workloads needs: 39141039215 ns 
[report] load_thread_ID : 10
[report] load_duration_ns : 39141039215
[report] load_duration_s : 39.141039
[report] load_throughput : 3115.681199
[report] load_average_latency_ns : 320957.099286
Load workloads needs: 39149084045 ns 
[report] load_thread_ID : 38
[report] load_duration_ns : 39149084045
[report] load_duration_s : 39.149084
[report] load_throughput : 3115.040951
[report] load_average_latency_ns : 321023.067011
Load workloads needs: 39151589959 ns 
[report] load_thread_ID : 47
[report] load_duration_ns : 39151589959
[report] load_duration_s : 39.151590
[report] load_throughput : 3114.841572
[report] load_average_latency_ns : 321043.615542
Load workloads needs: 39301942250 ns 
[report] load_thread_ID : 35
[report] load_duration_ns : 39301942250
[report] load_duration_s : 39.301942
[report] load_throughput : 3102.925530
[report] load_average_latency_ns : 322276.506548
All clients run done needs: 39297935630 ns 
[report] load_overall_duration_ns : 39297935630
[report] load_overall_duration_s : 39.297936
[report] load_overall_throughput : 254466.292941
[report] load_overall_average_latency_ns : 3929.793563
