numactl --membind=0 /mnt/nvme0/home/gxr/mongdb-run/test_mongodb/build//run_client --num_threads=70 --core_binding=0,1,2,3,4,5,6,7,8,9,10,11,12,13,14,15,128,129,130,131,132,133,134,135,136,137,138,139,140,141,142,143,16,17,18,19,20,21,22,23,24,25,26,27,28,29,30,31,144,145,146,147,148,149,150,151,152,153,154,155,156,157,158,159,32,33,34,35,36,37,38,39,40,41,42,43,44,45,46,47,160,161,162,163,164,165,166,167,168,169,170,171,172,173,174,175,48,49,50,51,52,53,54,55,56,57,58,59,60,61,62,63,176,177,178,179,180,181,182,183,184,185,186,187,188,189,190,191 --str_key_size=16 --str_key_size=256 --load_file=/mnt/nvme0/home/gxr/mongdb-run/workloads/ycsb/workloada-load-10000000-10000000.log.formated --run_file=/mnt/nvme0/home/gxr/mongdb-run/workloads/ycsb/workloada-run-10000000-10000000.log.formated --URI_set=mongodb://localhost:27017,mongodb://localhost:27018,mongodb://localhost:27019,mongodb://localhost:27020,mongodb://localhost:27021,mongodb://localhost:27022,mongodb://localhost:27023,mongodb://localhost:27024,mongodb://localhost:27025,mongodb://localhost:27026,mongodb://localhost:27027,mongodb://localhost:27028,mongodb://localhost:27029,mongodb://localhost:27030,mongodb://localhost:27031,mongodb://localhost:27032,mongodb://localhost:27033,mongodb://localhost:27034,mongodb://localhost:27035,mongodb://localhost:27036,mongodb://localhost:27037,mongodb://localhost:27038,mongodb://localhost:27039,mongodb://localhost:27040,mongodb://localhost:27041,mongodb://localhost:27042,mongodb://localhost:27043,mongodb://localhost:27044,mongodb://localhost:27045,mongodb://localhost:27046,mongodb://localhost:27047,mongodb://localhost:27048,mongodb://localhost:27049,mongodb://localhost:27050,mongodb://localhost:27051,mongodb://localhost:27052,mongodb://localhost:27053,mongodb://localhost:27054,mongodb://localhost:27055,mongodb://localhost:27056,mongodb://localhost:27057,mongodb://localhost:27058,mongodb://localhost:27059,mongodb://localhost:27060,mongodb://localhost:27061,mongodb://localhost:27062,mongodb://localhost:27063,mongodb://localhost:27064,mongodb://localhost:27065,mongodb://localhost:27066,mongodb://localhost:27067,mongodb://localhost:27068,mongodb://localhost:27069,mongodb://localhost:27070,mongodb://localhost:27071,mongodb://localhost:27072,mongodb://localhost:27073,mongodb://localhost:27074,mongodb://localhost:27075,mongodb://localhost:27076,mongodb://localhost:27077,mongodb://localhost:27078,mongodb://localhost:27079,mongodb://localhost:27080,mongodb://localhost:27081,mongodb://localhost:27082,mongodb://localhost:27083,mongodb://localhost:27084,mongodb://localhost:27085,mongodb://localhost:27086,mongodb://localhost:27087,mongodb://localhost:27088,mongodb://localhost:27089,mongodb://localhost:27090,mongodb://localhost:27091,mongodb://localhost:27092,mongodb://localhost:27093,mongodb://localhost:27094,mongodb://localhost:27095,mongodb://localhost:27096,mongodb://localhost:27097,mongodb://localhost:27098,mongodb://localhost:27099,mongodb://localhost:27100,mongodb://localhost:27101,mongodb://localhost:27102,mongodb://localhost:27103,mongodb://localhost:27104,mongodb://localhost:27105,mongodb://localhost:27106,mongodb://localhost:27107,mongodb://localhost:27108,mongodb://localhost:27109,mongodb://localhost:27110,mongodb://localhost:27111,mongodb://localhost:27112,mongodb://localhost:27113,mongodb://localhost:27114,mongodb://localhost:27115,mongodb://localhost:27116,mongodb://localhost:27117,mongodb://localhost:27118,mongodb://localhost:27119,mongodb://localhost:27120,mongodb://localhost:27121,mongodb://localhost:27122,mongodb://localhost:27123,mongodb://localhost:27124,mongodb://localhost:27125,mongodb://localhost:27126,mongodb://localhost:27127,mongodb://localhost:27128,mongodb://localhost:27129,mongodb://localhost:27130,mongodb://localhost:27131,mongodb://localhost:27132,mongodb://localhost:27133,mongodb://localhost:27134,mongodb://localhost:27135,mongodb://localhost:27136,mongodb://localhost:27137,mongodb://localhost:27138,mongodb://localhost:27139,mongodb://localhost:27140,mongodb://localhost:27141,mongodb://localhost:27142,mongodb://localhost:27143,mongodb://localhost:27144 --first_mode=false
mongodb://localhost:27017 mongodb://localhost:27018 mongodb://localhost:27019 mongodb://localhost:27020 mongodb://localhost:27021 mongodb://localhost:27022 mongodb://localhost:27023 mongodb://localhost:27024 mongodb://localhost:27025 mongodb://localhost:27026 mongodb://localhost:27027 mongodb://localhost:27028 mongodb://localhost:27029 mongodb://localhost:27030 mongodb://localhost:27031 mongodb://localhost:27032 mongodb://localhost:27033 mongodb://localhost:27034 mongodb://localhost:27035 mongodb://localhost:27036 mongodb://localhost:27037 mongodb://localhost:27038 mongodb://localhost:27039 mongodb://localhost:27040 mongodb://localhost:27041 mongodb://localhost:27042 mongodb://localhost:27043 mongodb://localhost:27044 mongodb://localhost:27045 mongodb://localhost:27046 mongodb://localhost:27047 mongodb://localhost:27048 mongodb://localhost:27049 mongodb://localhost:27050 mongodb://localhost:27051 mongodb://localhost:27052 mongodb://localhost:27053 mongodb://localhost:27054 mongodb://localhost:27055 mongodb://localhost:27056 mongodb://localhost:27057 mongodb://localhost:27058 mongodb://localhost:27059 mongodb://localhost:27060 mongodb://localhost:27061 mongodb://localhost:27062 mongodb://localhost:27063 mongodb://localhost:27064 mongodb://localhost:27065 mongodb://localhost:27066 mongodb://localhost:27067 mongodb://localhost:27068 mongodb://localhost:27069 mongodb://localhost:27070 mongodb://localhost:27071 mongodb://localhost:27072 mongodb://localhost:27073 mongodb://localhost:27074 mongodb://localhost:27075 mongodb://localhost:27076 mongodb://localhost:27077 mongodb://localhost:27078 mongodb://localhost:27079 mongodb://localhost:27080 mongodb://localhost:27081 mongodb://localhost:27082 mongodb://localhost:27083 mongodb://localhost:27084 mongodb://localhost:27085 mongodb://localhost:27086 mongodb://localhost:27087 mongodb://localhost:27088 mongodb://localhost:27089 mongodb://localhost:27090 mongodb://localhost:27091 mongodb://localhost:27092 mongodb://localhost:27093 mongodb://localhost:27094 mongodb://localhost:27095 mongodb://localhost:27096 mongodb://localhost:27097 mongodb://localhost:27098 mongodb://localhost:27099 mongodb://localhost:27100 mongodb://localhost:27101 mongodb://localhost:27102 mongodb://localhost:27103 mongodb://localhost:27104 mongodb://localhost:27105 mongodb://localhost:27106 mongodb://localhost:27107 mongodb://localhost:27108 mongodb://localhost:27109 mongodb://localhost:27110 mongodb://localhost:27111 mongodb://localhost:27112 mongodb://localhost:27113 mongodb://localhost:27114 mongodb://localhost:27115 mongodb://localhost:27116 mongodb://localhost:27117 mongodb://localhost:27118 mongodb://localhost:27119 mongodb://localhost:27120 mongodb://localhost:27121 mongodb://localhost:27122 mongodb://localhost:27123 mongodb://localhost:27124 mongodb://localhost:27125 mongodb://localhost:27126 mongodb://localhost:27127 mongodb://localhost:27128 mongodb://localhost:27129 mongodb://localhost:27130 mongodb://localhost:27131 mongodb://localhost:27132 mongodb://localhost:27133 mongodb://localhost:27134 mongodb://localhost:27135 mongodb://localhost:27136 mongodb://localhost:27137 mongodb://localhost:27138 mongodb://localhost:27139 mongodb://localhost:27140 mongodb://localhost:27141 mongodb://localhost:27142 mongodb://localhost:27143 mongodb://localhost:27144 reading workload files ...
load_filename : /mnt/nvme0/home/gxr/mongdb-run/workloads/ycsb/workloada-load-10000000-10000000.log.formated
read load file needs: 5945209198 s 
run_filename : /mnt/nvme0/home/gxr/mongdb-run/workloads/ycsb/workloada-run-10000000-10000000.log.formated
read run file needs: 6115389880 s 
num_of_load_ops is 10000000
num_of_run_ops is 10000000
0 1 2 3 4 5 6 7 8 9 10 11 12 13 14 15 128 129 130 131 132 133 134 135 136 137 138 139 140 141 142 143 16 17 18 19 20 21 22 23 24 25 26 27 28 29 30 31 144 145 146 147 148 149 150 151 152 153 154 155 156 157 158 159 32 33 34 35 36 37 38 39 40 41 42 43 44 45 46 47 160 161 162 163 164 165 166 167 168 169 170 171 172 173 174 175 48 49 50 51 52 53 54 55 56 57 58 59 60 61 62 63 176 177 178 179 180 181 182 183 184 185 186 187 188 189 190 191 URI: URI: mongodb://localhost:27024URI: URI: mongodb://localhost:27020
URI: mongodb://localhost:27017
URI: mongodb://localhost:27032
URI: mongodb://localhost:27028
URI: mongodb://localhost:27018
URI: mongodb://localhost:27026
URI: mongodb://localhost:27027
URI: URI: mongodb://localhost:27034
URI: mongodb://localhost:27030URI: URI: mongodb://localhost:27022
mongodb://localhost:27023
URI: mongodb://localhost:27029
mongodb://localhost:27019
URI: mongodb://localhost:27031
URI: mongodb://localhost:27033

mongodb://localhost:27035
mongodb://localhost:27021

URI: mongodb://localhost:27036
URI: mongodb://localhost:27025
URI: mongodb://localhost:27037
URI: mongodb://localhost:27038
URI: mongodb://localhost:27039
URI: mongodb://localhost:27040
URI: mongodb://localhost:27041
URI: mongodb://localhost:27042
URI: mongodb://localhost:27043
URI: mongodb://localhost:27044
URI: mongodb://localhost:27046
URI: mongodb://localhost:27048
URI: mongodb://localhost:27047
URI: mongodb://localhost:27049
URI: mongodb://localhost:27050
URI: mongodb://localhost:27051
URI: mongodb://localhost:27052
URI: mongodb://localhost:27053
URI: mongodb://localhost:27054
URI: mongodb://localhost:27055
URI: mongodb://localhost:27057
URI: mongodb://localhost:27056
URI: mongodb://localhost:27058
URI: mongodb://localhost:27059
URI: mongodb://localhost:27045
URI: mongodb://localhost:27060
URI: mongodb://localhost:27061
URI: mongodb://localhost:27062
URI: mongodb://localhost:27063
URI: mongodb://localhost:27065
URI: mongodb://localhost:27064
URI: mongodb://localhost:27066
URI: mongodb://localhost:27068
URI: mongodb://localhost:27069
URI: mongodb://localhost:27070
URI: mongodb://localhost:27071
URI: mongodb://localhost:27072
URI: mongodb://localhost:27073
URI: mongodb://localhost:27074
URI: mongodb://localhost:27075
URI: mongodb://localhost:27076
URI: mongodb://localhost:27077
URI: mongodb://localhost:27078
URI: mongodb://localhost:27079
URI: mongodb://localhost:27080
URI: mongodb://localhost:27067
URI: mongodb://localhost:27081
URI: mongodb://localhost:27082
URI: mongodb://localhost:27083
URI: mongodb://localhost:27085
URI: mongodb://localhost:27084
URI: mongodb://localhost:27086
Load workloads needs: 21604028660 ns 
[report] load_thread_ID : 69
[report] load_duration_ns : 21604028660
[report] load_duration_s : 21.604029
[report] load_throughput : 6612.516686
[report] load_average_latency_ns : 151228.351848
Load workloads needs: 22387959967 ns 
[report] load_thread_ID : 68
[report] load_duration_ns : 22387959967
[report] load_duration_s : 22.387960
[report] load_throughput : 6380.974426
[report] load_average_latency_ns : 156715.876485
Load workloads needs: 23133317961 ns 
[report] load_thread_ID : 67
[report] load_duration_ns : 23133317961
[report] load_duration_s : 23.133318
[report] load_throughput : 6175.378743
[report] load_average_latency_ns : 161933.387660
Load workloads needs: 23567662903 ns 
[report] load_thread_ID : 64
[report] load_duration_ns : 23567662903
[report] load_duration_s : 23.567663
[report] load_throughput : 6061.568370
[report] load_average_latency_ns : 164973.805295
Load workloads needs: 24033276112 ns 
[report] load_thread_ID : 65
[report] load_duration_ns : 24033276112
[report] load_duration_s : 24.033276
[report] load_throughput : 5944.133431
[report] load_average_latency_ns : 168233.101017
Load workloads needs: 24232608558 ns 
[report] load_thread_ID : 66
[report] load_duration_ns : 24232608558
[report] load_duration_s : 24.232609
[report] load_throughput : 5895.238214
[report] load_average_latency_ns : 169628.429534
Load workloads needs: 26742464991 ns 
[report] load_thread_ID : 16
[report] load_duration_ns : 26742464991
[report] load_duration_s : 26.742465
[report] load_throughput : 5341.953333
[report] load_average_latency_ns : 187197.442134
Load workloads needs: 26880548732 ns 
[report] load_thread_ID : 17
[report] load_duration_ns : 26880548732
[report] load_duration_s : 26.880549
[report] load_throughput : 5314.512045
[report] load_average_latency_ns : 188164.029288
Load workloads needs: 26909283777 ns 
[report] load_thread_ID : 1
[report] load_duration_ns : 26909283777
[report] load_duration_s : 26.909284
[report] load_throughput : 5308.836950
[report] load_average_latency_ns : 188365.174804
Load workloads needs: 27104277567 ns 
[report] load_thread_ID : 19
[report] load_duration_ns : 27104277567
[report] load_duration_s : 27.104278
[report] load_throughput : 5270.644076
[report] load_average_latency_ns : 189730.132699
Load workloads needs: 27312241513 ns 
[report] load_thread_ID : 27
[report] load_duration_ns : 27312241513
[report] load_duration_s : 27.312242
[report] load_throughput : 5230.511744
[report] load_average_latency_ns : 191185.881777
Load workloads needs: 27375716006 ns 
[report] load_thread_ID : 11
[report] load_duration_ns : 27375716006
[report] load_duration_s : 27.375716
[report] load_throughput : 5218.384059
[report] load_average_latency_ns : 191630.203672
Load workloads needs: 27750163876 ns 
[report] load_thread_ID : 50
[report] load_duration_ns : 27750163876
[report] load_duration_s : 27.750164
[report] load_throughput : 5147.969599
[report] load_average_latency_ns : 194251.341383
Load workloads needs: 27906313326 ns 
[report] load_thread_ID : 18
[report] load_duration_ns : 27906313326
[report] load_duration_s : 27.906313
[report] load_throughput : 5119.164195
[report] load_average_latency_ns : 195344.388626
Load workloads needs: 27925969267 ns 
[report] load_thread_ID : 2
[report] load_duration_ns : 27925969267
[report] load_duration_s : 27.925969
[report] load_throughput : 5115.561026
[report] load_average_latency_ns : 195481.980351
Load workloads needs: 28012524961 ns 
[report] load_thread_ID : 44
[report] load_duration_ns : 28012524961
[report] load_duration_s : 28.012525
[report] load_throughput : 5099.754492
[report] load_average_latency_ns : 196087.870815
Load workloads needs: 28221575005 ns 
[report] load_thread_ID : 60
[report] load_duration_ns : 28221575005
[report] load_duration_s : 28.221575
[report] load_throughput : 5061.978291
[report] load_average_latency_ns : 197551.222586
Load workloads needs: 28261014456 ns 
[report] load_thread_ID : 24
[report] load_duration_ns : 28261014456
[report] load_duration_s : 28.261014
[report] load_throughput : 5054.914084
[report] load_average_latency_ns : 197827.299019
Load workloads needs: 28284171937 ns 
[report] load_thread_ID : 58
[report] load_duration_ns : 28284171937
[report] load_duration_s : 28.284172
[report] load_throughput : 5050.775406
[report] load_average_latency_ns : 197989.401548
Load workloads needs: 28306640859 ns 
[report] load_thread_ID : 3
[report] load_duration_ns : 28306640859
[report] load_duration_s : 28.306641
[report] load_throughput : 5046.766259
[report] load_average_latency_ns : 198146.684160
Load workloads needs: 28383716527 ns 
[report] load_thread_ID : 52
[report] load_duration_ns : 28383716527
[report] load_duration_s : 28.383717
[report] load_throughput : 5033.061821
[report] load_average_latency_ns : 198686.214375
Load workloads needs: 28527950220 ns 
[report] load_thread_ID : 55
[report] load_duration_ns : 28527950220
[report] load_duration_s : 28.527950
[report] load_throughput : 5007.615300
[report] load_average_latency_ns : 199695.851236
Load workloads needs: 28593238523 ns 
[report] load_thread_ID : 49
[report] load_duration_ns : 28593238523
[report] load_duration_s : 28.593239
[report] load_throughput : 4996.181174
[report] load_average_latency_ns : 200152.869814
Load workloads needs: 28648923421 ns 
[report] load_thread_ID : 8
[report] load_duration_ns : 28648923421
[report] load_duration_s : 28.648923
[report] load_throughput : 4986.470099
[report] load_average_latency_ns : 200542.664490
Load workloads needs: 28659029326 ns 
[report] load_thread_ID : 21
[report] load_duration_ns : 28659029326
[report] load_duration_s : 28.659029
[report] load_throughput : 4984.711742
[report] load_average_latency_ns : 200613.405895
Load workloads needs: 28677416106 ns 
[report] load_thread_ID : 57
[report] load_duration_ns : 28677416106
[report] load_duration_s : 28.677416
[report] load_throughput : 4981.515750
[report] load_average_latency_ns : 200742.113484
Load workloads needs: 28688682131 ns 
[report] load_thread_ID : 31
[report] load_duration_ns : 28688682131
[report] load_duration_s : 28.688682
[report] load_throughput : 4979.559512
[report] load_average_latency_ns : 200820.975738
Load workloads needs: 28732166563 ns 
[report] load_thread_ID : 29
[report] load_duration_ns : 28732166563
[report] load_duration_s : 28.732167
[report] load_throughput : 4972.023244
[report] load_average_latency_ns : 201125.367066
Load workloads needs: 28758547237 ns 
[report] load_thread_ID : 25
[report] load_duration_ns : 28758547237
[report] load_duration_s : 28.758547
[report] load_throughput : 4967.462328
[report] load_average_latency_ns : 201310.031969
Load workloads needs: 28765972180 ns 
[report] load_thread_ID : 22
[report] load_duration_ns : 28765972180
[report] load_duration_s : 28.765972
[report] load_throughput : 4966.180149
[report] load_average_latency_ns : 201362.006622
Load workloads needs: 28772374463 ns 
[report] load_thread_ID : 5
[report] load_duration_ns : 28772374463
[report] load_duration_s : 28.772374
[report] load_throughput : 4965.075100
[report] load_average_latency_ns : 201406.822648
Load workloads needs: 28789699303 ns 
[report] load_thread_ID : 28
[report] load_duration_ns : 28789699303
[report] load_duration_s : 28.789699
[report] load_throughput : 4962.087255
[report] load_average_latency_ns : 201528.096649
Load workloads needs: 28841718208 ns 
[report] load_thread_ID : 6
[report] load_duration_ns : 28841718208
[report] load_duration_s : 28.841718
[report] load_throughput : 4953.137638
[report] load_average_latency_ns : 201892.229348
Load workloads needs: 28857865837 ns 
[report] load_thread_ID : 39
[report] load_duration_ns : 28857865837
[report] load_duration_s : 28.857866
[report] load_throughput : 4950.366074
[report] load_average_latency_ns : 202005.262864
Load workloads needs: 28864828340 ns 
[report] load_thread_ID : 26
[report] load_duration_ns : 28864828340
[report] load_duration_s : 28.864828
[report] load_throughput : 4949.171993
[report] load_average_latency_ns : 202054.000434
Load workloads needs: 28868353582 ns 
[report] load_thread_ID : 40
[report] load_duration_ns : 28868353582
[report] load_duration_s : 28.868354
[report] load_throughput : 4948.567628
[report] load_average_latency_ns : 202078.677153
Load workloads needs: 28920136368 ns 
[report] load_thread_ID : 63
[report] load_duration_ns : 28920136368
[report] load_duration_s : 28.920136
[report] load_throughput : 4939.706998
[report] load_average_latency_ns : 202441.157017
Load workloads needs: 28929303623 ns 
[report] load_thread_ID : 56
[report] load_duration_ns : 28929303623
[report] load_duration_s : 28.929304
[report] load_throughput : 4938.141680
[report] load_average_latency_ns : 202505.327866
Load workloads needs: 28968605202 ns 
[report] load_thread_ID : 47
[report] load_duration_ns : 28968605202
[report] load_duration_s : 28.968605
[report] load_throughput : 4931.442125
[report] load_average_latency_ns : 202780.439194
Load workloads needs: 28977999557 ns 
[report] load_thread_ID : 41
[report] load_duration_ns : 28977999557
[report] load_duration_s : 28.978000
[report] load_throughput : 4929.843405
[report] load_average_latency_ns : 202846.199745
Load workloads needs: 28990407444 ns 
[report] load_thread_ID : 10
[report] load_duration_ns : 28990407444
[report] load_duration_s : 28.990407
[report] load_throughput : 4927.733433
[report] load_average_latency_ns : 202933.055041
Load workloads needs: 29014305185 ns 
[report] load_thread_ID : 30
[report] load_duration_ns : 29014305185
[report] load_duration_s : 29.014305
[report] load_throughput : 4923.674687
[report] load_average_latency_ns : 203100.339395
Load workloads needs: 29022405348 ns 
[report] load_thread_ID : 59
[report] load_duration_ns : 29022405348
[report] load_duration_s : 29.022405
[report] load_throughput : 4922.300488
[report] load_average_latency_ns : 203157.040593
Load workloads needs: 29056908586 ns 
[report] load_thread_ID : 51
[report] load_duration_ns : 29056908586
[report] load_duration_s : 29.056909
[report] load_throughput : 4916.455568
[report] load_average_latency_ns : 203398.563501
Load workloads needs: 29073694805 ns 
[report] load_thread_ID : 35
[report] load_duration_ns : 29073694805
[report] load_duration_s : 29.073695
[report] load_throughput : 4913.616964
[report] load_average_latency_ns : 203516.067151
Load workloads needs: 29086954941 ns 
[report] load_thread_ID : 14
[report] load_duration_ns : 29086954941
[report] load_duration_s : 29.086955
[report] load_throughput : 4911.376949
[report] load_average_latency_ns : 203608.888196
Load workloads needs: 29108409673 ns 
[report] load_thread_ID : 43
[report] load_duration_ns : 29108409673
[report] load_duration_s : 29.108410
[report] load_throughput : 4907.756954
[report] load_average_latency_ns : 203759.071470
Load workloads needs: 29114995416 ns 
[report] load_thread_ID : 7
[report] load_duration_ns : 29114995416
[report] load_duration_s : 29.114995
[report] load_throughput : 4906.646831
[report] load_average_latency_ns : 203805.171717
Load workloads needs: 29170011533 ns 
[report] load_thread_ID : 23
[report] load_duration_ns : 29170011533
[report] load_duration_s : 29.170012
[report] load_throughput : 4897.392647
[report] load_average_latency_ns : 204190.284921
Load workloads needs: 29205879221 ns 
[report] load_thread_ID : 9
[report] load_duration_ns : 29205879221
[report] load_duration_s : 29.205879
[report] load_throughput : 4891.378168
[report] load_average_latency_ns : 204441.358988
Load workloads needs: 29219413948 ns 
[report] load_thread_ID : 32
[report] load_duration_ns : 29219413948
[report] load_duration_s : 29.219414
[report] load_throughput : 4889.112432
[report] load_average_latency_ns : 204536.102172
Load workloads needs: 29226642111 ns 
[report] load_thread_ID : 48
[report] load_duration_ns : 29226642111
[report] load_duration_s : 29.226642
[report] load_throughput : 4887.903286
[report] load_average_latency_ns : 204586.699364
Load workloads needs: 29281652899 ns 
[report] load_thread_ID : 13
[report] load_duration_ns : 29281652899
[report] load_duration_s : 29.281653
[report] load_throughput : 4878.720491
[report] load_average_latency_ns : 204971.775265
Load workloads needs: 29396688666 ns 
[report] load_thread_ID : 42
[report] load_duration_ns : 29396688666
[report] load_duration_s : 29.396689
[report] load_throughput : 4859.628975
[report] load_average_latency_ns : 205777.026439
Load workloads needs: 29451153673 ns 
[report] load_thread_ID : 15
[report] load_duration_ns : 29451153673
[report] load_duration_s : 29.451154
[report] load_throughput : 4850.641900
[report] load_average_latency_ns : 206158.281869
Load workloads needs: 29525055520 ns 
[report] load_thread_ID : 54
[report] load_duration_ns : 29525055520
[report] load_duration_s : 29.525056
[report] load_throughput : 4838.500639
[report] load_average_latency_ns : 206675.595316
Load workloads needs: 29585854320 ns 
[report] load_thread_ID : 20
[report] load_duration_ns : 29585854320
[report] load_duration_s : 29.585854
[report] load_throughput : 4828.557542
[report] load_average_latency_ns : 207101.187341
Load workloads needs: 29787849931 ns 
[report] load_thread_ID : 34
[report] load_duration_ns : 29787849931
[report] load_duration_s : 29.787850
[report] load_throughput : 4795.814412
[report] load_average_latency_ns : 208515.158032
Load workloads needs: 29833196883 ns 
[report] load_thread_ID : 4
[report] load_duration_ns : 29833196883
[report] load_duration_s : 29.833197
[report] load_throughput : 4788.524695
[report] load_average_latency_ns : 208832.587014
Load workloads needs: 29894408354 ns 
[report] load_thread_ID : 45
[report] load_duration_ns : 29894408354
[report] load_duration_s : 29.894408
[report] load_throughput : 4778.719763
[report] load_average_latency_ns : 209261.067739
Load workloads needs: 29898783275 ns 
[report] load_thread_ID : 61
[report] load_duration_ns : 29898783275
[report] load_duration_s : 29.898783
[report] load_throughput : 4778.020520
[report] load_average_latency_ns : 209291.692217
Load workloads needs: 29911659862 ns 
[report] load_thread_ID : 33
[report] load_duration_ns : 29911659862
[report] load_duration_s : 29.911660
[report] load_throughput : 4775.963643
[report] load_average_latency_ns : 209381.828416
Load workloads needs: 29910899122 ns 
[report] load_thread_ID : 46
[report] load_duration_ns : 29910899122
[report] load_duration_s : 29.910899
[report] load_throughput : 4776.085113
[report] load_average_latency_ns : 209376.503231
Load workloads needs: 29909696851 ns 
[report] load_thread_ID : 62
[report] load_duration_ns : 29909696851
[report] load_duration_s : 29.909697
[report] load_throughput : 4776.277095
[report] load_average_latency_ns : 209368.087325
Load workloads needs: 29964330628 ns 
[report] load_thread_ID : 53
[report] load_duration_ns : 29964330628
[report] load_duration_s : 29.964331
[report] load_throughput : 4767.568539
[report] load_average_latency_ns : 209750.524147
Load workloads needs: 30037501095 ns 
[report] load_thread_ID : 37
[report] load_duration_ns : 30037501095
[report] load_duration_s : 30.037501
[report] load_throughput : 4755.954883
[report] load_average_latency_ns : 210262.717928
Load workloads needs: 30217827874 ns 
[report] load_thread_ID : 36
[report] load_duration_ns : 30217827874
[report] load_duration_s : 30.217828
[report] load_throughput : 4727.573424
[report] load_average_latency_ns : 211525.006643
Load workloads needs: 30321466974 ns 
[report] load_thread_ID : 12
[report] load_duration_ns : 30321466974
[report] load_duration_s : 30.321467
[report] load_throughput : 4711.414528
[report] load_average_latency_ns : 212250.481068
Load workloads needs: 30517764901 ns 
[report] load_thread_ID : 38
[report] load_duration_ns : 30517764901
[report] load_duration_s : 30.517765
[report] load_throughput : 4681.109526
[report] load_average_latency_ns : 213624.567932
Load workloads needs: 31326732336 ns 
[report] load_thread_ID : 0
[report] load_duration_ns : 31326732336
[report] load_duration_s : 31.326732
[report] load_throughput : 4560.226661
[report] load_average_latency_ns : 219287.345639
All clients run done needs: 31323274174 ns 
[report] load_overall_duration_ns : 31323274174
[report] load_overall_duration_s : 31.323274
[report] load_overall_throughput : 319251.427691
[report] load_overall_average_latency_ns : 3132.327417
