numactl --membind=0 /mnt/nvme0/home/gxr/mongdb-run/test_mongodb/build//run_client --num_threads=60 --core_binding=0,1,2,3,4,5,6,7,8,9,10,11,12,13,14,15,128,129,130,131,132,133,134,135,136,137,138,139,140,141,142,143,16,17,18,19,20,21,22,23,24,25,26,27,28,29,30,31,144,145,146,147,148,149,150,151,152,153,154,155,156,157,158,159,32,33,34,35,36,37,38,39,40,41,42,43,44,45,46,47,160,161,162,163,164,165,166,167,168,169,170,171,172,173,174,175,48,49,50,51,52,53,54,55,56,57,58,59,60,61,62,63,176,177,178,179,180,181,182,183,184,185,186,187,188,189,190,191 --str_key_size=16 --str_key_size=256 --load_file=/mnt/nvme0/home/gxr/mongdb-run/workloads/ycsb/workloada-load-10000000-10000000.log.formated --run_file=/mnt/nvme0/home/gxr/mongdb-run/workloads/ycsb/workloada-run-10000000-10000000.log.formated --URI_set=mongodb://localhost:27017,mongodb://localhost:27018,mongodb://localhost:27019,mongodb://localhost:27020,mongodb://localhost:27021,mongodb://localhost:27022,mongodb://localhost:27023,mongodb://localhost:27024,mongodb://localhost:27025,mongodb://localhost:27026,mongodb://localhost:27027,mongodb://localhost:27028,mongodb://localhost:27029,mongodb://localhost:27030,mongodb://localhost:27031,mongodb://localhost:27032,mongodb://localhost:27033,mongodb://localhost:27034,mongodb://localhost:27035,mongodb://localhost:27036,mongodb://localhost:27037,mongodb://localhost:27038,mongodb://localhost:27039,mongodb://localhost:27040,mongodb://localhost:27041,mongodb://localhost:27042,mongodb://localhost:27043,mongodb://localhost:27044,mongodb://localhost:27045,mongodb://localhost:27046,mongodb://localhost:27047,mongodb://localhost:27048,mongodb://localhost:27049,mongodb://localhost:27050,mongodb://localhost:27051,mongodb://localhost:27052,mongodb://localhost:27053,mongodb://localhost:27054,mongodb://localhost:27055,mongodb://localhost:27056,mongodb://localhost:27057,mongodb://localhost:27058,mongodb://localhost:27059,mongodb://localhost:27060,mongodb://localhost:27061,mongodb://localhost:27062,mongodb://localhost:27063,mongodb://localhost:27064,mongodb://localhost:27065,mongodb://localhost:27066,mongodb://localhost:27067,mongodb://localhost:27068,mongodb://localhost:27069,mongodb://localhost:27070,mongodb://localhost:27071,mongodb://localhost:27072,mongodb://localhost:27073,mongodb://localhost:27074,mongodb://localhost:27075,mongodb://localhost:27076,mongodb://localhost:27077,mongodb://localhost:27078,mongodb://localhost:27079,mongodb://localhost:27080,mongodb://localhost:27081,mongodb://localhost:27082,mongodb://localhost:27083,mongodb://localhost:27084,mongodb://localhost:27085,mongodb://localhost:27086,mongodb://localhost:27087,mongodb://localhost:27088,mongodb://localhost:27089,mongodb://localhost:27090,mongodb://localhost:27091,mongodb://localhost:27092,mongodb://localhost:27093,mongodb://localhost:27094,mongodb://localhost:27095,mongodb://localhost:27096,mongodb://localhost:27097,mongodb://localhost:27098,mongodb://localhost:27099,mongodb://localhost:27100,mongodb://localhost:27101,mongodb://localhost:27102,mongodb://localhost:27103,mongodb://localhost:27104,mongodb://localhost:27105,mongodb://localhost:27106,mongodb://localhost:27107,mongodb://localhost:27108,mongodb://localhost:27109,mongodb://localhost:27110,mongodb://localhost:27111,mongodb://localhost:27112,mongodb://localhost:27113,mongodb://localhost:27114,mongodb://localhost:27115,mongodb://localhost:27116,mongodb://localhost:27117,mongodb://localhost:27118,mongodb://localhost:27119,mongodb://localhost:27120,mongodb://localhost:27121,mongodb://localhost:27122,mongodb://localhost:27123,mongodb://localhost:27124,mongodb://localhost:27125,mongodb://localhost:27126,mongodb://localhost:27127,mongodb://localhost:27128,mongodb://localhost:27129,mongodb://localhost:27130,mongodb://localhost:27131,mongodb://localhost:27132,mongodb://localhost:27133,mongodb://localhost:27134,mongodb://localhost:27135,mongodb://localhost:27136,mongodb://localhost:27137,mongodb://localhost:27138,mongodb://localhost:27139,mongodb://localhost:27140,mongodb://localhost:27141,mongodb://localhost:27142,mongodb://localhost:27143,mongodb://localhost:27144 --first_mode=false
mongodb://localhost:27017 mongodb://localhost:27018 mongodb://localhost:27019 mongodb://localhost:27020 mongodb://localhost:27021 mongodb://localhost:27022 mongodb://localhost:27023 mongodb://localhost:27024 mongodb://localhost:27025 mongodb://localhost:27026 mongodb://localhost:27027 mongodb://localhost:27028 mongodb://localhost:27029 mongodb://localhost:27030 mongodb://localhost:27031 mongodb://localhost:27032 mongodb://localhost:27033 mongodb://localhost:27034 mongodb://localhost:27035 mongodb://localhost:27036 mongodb://localhost:27037 mongodb://localhost:27038 mongodb://localhost:27039 mongodb://localhost:27040 mongodb://localhost:27041 mongodb://localhost:27042 mongodb://localhost:27043 mongodb://localhost:27044 mongodb://localhost:27045 mongodb://localhost:27046 mongodb://localhost:27047 mongodb://localhost:27048 mongodb://localhost:27049 mongodb://localhost:27050 mongodb://localhost:27051 mongodb://localhost:27052 mongodb://localhost:27053 mongodb://localhost:27054 mongodb://localhost:27055 mongodb://localhost:27056 mongodb://localhost:27057 mongodb://localhost:27058 mongodb://localhost:27059 mongodb://localhost:27060 mongodb://localhost:27061 mongodb://localhost:27062 mongodb://localhost:27063 mongodb://localhost:27064 mongodb://localhost:27065 mongodb://localhost:27066 mongodb://localhost:27067 mongodb://localhost:27068 mongodb://localhost:27069 mongodb://localhost:27070 mongodb://localhost:27071 mongodb://localhost:27072 mongodb://localhost:27073 mongodb://localhost:27074 mongodb://localhost:27075 mongodb://localhost:27076 mongodb://localhost:27077 mongodb://localhost:27078 mongodb://localhost:27079 mongodb://localhost:27080 mongodb://localhost:27081 mongodb://localhost:27082 mongodb://localhost:27083 mongodb://localhost:27084 mongodb://localhost:27085 mongodb://localhost:27086 mongodb://localhost:27087 mongodb://localhost:27088 mongodb://localhost:27089 mongodb://localhost:27090 mongodb://localhost:27091 mongodb://localhost:27092 mongodb://localhost:27093 mongodb://localhost:27094 mongodb://localhost:27095 mongodb://localhost:27096 mongodb://localhost:27097 mongodb://localhost:27098 mongodb://localhost:27099 mongodb://localhost:27100 mongodb://localhost:27101 mongodb://localhost:27102 mongodb://localhost:27103 mongodb://localhost:27104 mongodb://localhost:27105 mongodb://localhost:27106 mongodb://localhost:27107 mongodb://localhost:27108 mongodb://localhost:27109 mongodb://localhost:27110 mongodb://localhost:27111 mongodb://localhost:27112 mongodb://localhost:27113 mongodb://localhost:27114 mongodb://localhost:27115 mongodb://localhost:27116 mongodb://localhost:27117 mongodb://localhost:27118 mongodb://localhost:27119 mongodb://localhost:27120 mongodb://localhost:27121 mongodb://localhost:27122 mongodb://localhost:27123 mongodb://localhost:27124 mongodb://localhost:27125 mongodb://localhost:27126 mongodb://localhost:27127 mongodb://localhost:27128 mongodb://localhost:27129 mongodb://localhost:27130 mongodb://localhost:27131 mongodb://localhost:27132 mongodb://localhost:27133 mongodb://localhost:27134 mongodb://localhost:27135 mongodb://localhost:27136 mongodb://localhost:27137 mongodb://localhost:27138 mongodb://localhost:27139 mongodb://localhost:27140 mongodb://localhost:27141 mongodb://localhost:27142 mongodb://localhost:27143 mongodb://localhost:27144 reading workload files ...
load_filename : /mnt/nvme0/home/gxr/mongdb-run/workloads/ycsb/workloada-load-10000000-10000000.log.formated
read load file needs: 5911986763 s 
run_filename : /mnt/nvme0/home/gxr/mongdb-run/workloads/ycsb/workloada-run-10000000-10000000.log.formated
read run file needs: 5280536995 s 
num_of_load_ops is 10000000
num_of_run_ops is 10000000
0 1 2 3 4 5 6 7 8 9 10 11 12 13 14 15 128 129 130 131 132 133 134 135 136 137 138 139 140 141 142 143 16 17 18 19 20 21 22 23 24 25 26 27 28 29 30 31 144 145 146 147 148 149 150 151 152 153 154 155 156 157 158 159 32 33 34 35 36 37 38 39 40 41 42 43 44 45 46 47 160 161 162 163 164 165 166 167 168 169 170 171 172 173 174 175 48 49 50 51 52 53 54 55 56 57 58 59 60 61 62 63 176 177 178 179 180 181 182 183 184 185 186 187 188 189 190 191 URI: URI: URI: mongodb://localhost:27034
URI: mongodb://localhost:27039
URI: URI: URI: mongodb://localhost:27050
URI: mongodb://localhost:27040
URI: mongodb://localhost:27048
URI: mongodb://localhost:27029
URI: mongodb://localhost:27021
URI: URI: mongodb://localhost:27056
URI: mongodb://localhost:27049
mongodb://localhost:27028
URI: URI: mongodb://localhost:27058
URI: URI: mongodb://localhost:27026
mongodb://localhost:27038
URI: mongodb://localhost:27033mongodb://localhost:27019URI: mongodb://localhost:27059
URI: mongodb://localhost:27024
URI: mongodb://localhost:27060
URI: mongodb://localhost:27022
URI: mongodb://localhost:27061
URI: mongodb://localhost:27051
URI: URI: mongodb://localhost:27062
URI: mongodb://localhost:27063
URI: mongodb://localhost:27052
URI: mongodb://localhost:27045
URI: mongodb://localhost:27065
URI: mongodb://localhost:27064
URI: mongodb://localhost:27066
URI: mongodb://localhost:27067
URI: mongodb://localhost:27068
URI: mongodb://localhost:27069
URI: mongodb://localhost:27070
URI: mongodb://localhost:27071
URI: mongodb://localhost:27072
URI: mongodb://localhost:27073
URI: mongodb://localhost:27074
URI: mongodb://localhost:27075
URI: mongodb://localhost:27076
URI: mongodb://localhost:27053
URI: mongodb://localhost:27054
URI: mongodb://localhost:27046
URI: mongodb://localhost:27030
URI: mongodb://localhost:27055
URI: mongodb://localhost:27047
URI: mongodb://localhost:27044
mongodb://localhost:27020
mongodb://localhost:27035
URI: mongodb://localhost:27043
mongodb://localhost:27057
URI: mongodb://localhost:27023
mongodb://localhost:27041
URI: mongodb://localhost:27042


URI: mongodb://localhost:27017
URI: mongodb://localhost:27027
URI: mongodb://localhost:27036
URI: mongodb://localhost:27025
URI: mongodb://localhost:27037
URI: mongodb://localhost:27018
mongodb://localhost:27032
URI: mongodb://localhost:27031
Load workloads needs: 25699775230 ns 
[report] load_thread_ID : 41
[report] load_duration_ns : 25699775230
[report] load_duration_s : 25.699775
[report] load_throughput : 6485.115084
[report] load_average_latency_ns : 154199.268177
Load workloads needs: 26194236122 ns 
[report] load_thread_ID : 43
[report] load_duration_ns : 26194236122
[report] load_duration_s : 26.194236
[report] load_throughput : 6362.697474
[report] load_average_latency_ns : 157166.045396
Load workloads needs: 26220284026 ns 
[report] load_thread_ID : 40
[report] load_duration_ns : 26220284026
[report] load_duration_s : 26.220284
[report] load_throughput : 6356.376607
[report] load_average_latency_ns : 157322.333445
Load workloads needs: 26446173628 ns 
[report] load_thread_ID : 58
[report] load_duration_ns : 26446173628
[report] load_duration_s : 26.446174
[report] load_throughput : 6302.083710
[report] load_average_latency_ns : 158677.676479
Load workloads needs: 26547117974 ns 
[report] load_thread_ID : 42
[report] load_duration_ns : 26547117974
[report] load_duration_s : 26.547118
[report] load_throughput : 6278.120290
[report] load_average_latency_ns : 159283.344977
Load workloads needs: 26626569200 ns 
[report] load_thread_ID : 57
[report] load_duration_ns : 26626569200
[report] load_duration_s : 26.626569
[report] load_throughput : 6259.386958
[report] load_average_latency_ns : 159760.054240
Load workloads needs: 27040849139 ns 
[report] load_thread_ID : 56
[report] load_duration_ns : 27040849139
[report] load_duration_s : 27.040849
[report] load_throughput : 6163.489879
[report] load_average_latency_ns : 162245.743817
Load workloads needs: 27616401442 ns 
[report] load_thread_ID : 0
[report] load_duration_ns : 27616401442
[report] load_duration_s : 27.616401
[report] load_throughput : 6035.036837
[report] load_average_latency_ns : 165699.071448
Load workloads needs: 27812702612 ns 
[report] load_thread_ID : 59
[report] load_duration_ns : 27812702612
[report] load_duration_s : 27.812703
[report] load_throughput : 5992.441739
[report] load_average_latency_ns : 166876.883180
Load workloads needs: 27907126160 ns 
[report] load_thread_ID : 47
[report] load_duration_ns : 27907126160
[report] load_duration_s : 27.907126
[report] load_throughput : 5972.166358
[report] load_average_latency_ns : 167443.426734
Load workloads needs: 28295471584 ns 
[report] load_thread_ID : 46
[report] load_duration_ns : 28295471584
[report] load_duration_s : 28.295472
[report] load_throughput : 5890.200469
[report] load_average_latency_ns : 169773.508598
Load workloads needs: 29832978533 ns 
[report] load_thread_ID : 45
[report] load_duration_ns : 29832978533
[report] load_duration_s : 29.832979
[report] load_throughput : 5586.636273
[report] load_average_latency_ns : 178998.587192
Load workloads needs: 30242525327 ns 
[report] load_thread_ID : 44
[report] load_duration_ns : 30242525327
[report] load_duration_s : 30.242525
[report] load_throughput : 5510.981580
[report] load_average_latency_ns : 181455.877786
Load workloads needs: 31014399900 ns 
[report] load_thread_ID : 55
[report] load_duration_ns : 31014399900
[report] load_duration_s : 31.014400
[report] load_throughput : 5373.826369
[report] load_average_latency_ns : 186087.143749
Load workloads needs: 31278801685 ns 
[report] load_thread_ID : 39
[report] load_duration_ns : 31278801685
[report] load_duration_s : 31.278802
[report] load_throughput : 5328.401058
[report] load_average_latency_ns : 187673.560804
Load workloads needs: 31510467208 ns 
[report] load_thread_ID : 7
[report] load_duration_ns : 31510467208
[report] load_duration_s : 31.510467
[report] load_throughput : 5289.226558
[report] load_average_latency_ns : 189063.559502
Load workloads needs: 31585605929 ns 
[report] load_thread_ID : 3
[report] load_duration_ns : 31585605929
[report] load_duration_s : 31.585606
[report] load_throughput : 5276.644063
[report] load_average_latency_ns : 189514.393632
Load workloads needs: 31701324226 ns 
[report] load_thread_ID : 17
[report] load_duration_ns : 31701324226
[report] load_duration_s : 31.701324
[report] load_throughput : 5257.382903
[report] load_average_latency_ns : 190208.706191
Load workloads needs: 31721417470 ns 
[report] load_thread_ID : 28
[report] load_duration_ns : 31721417470
[report] load_duration_s : 31.721417
[report] load_throughput : 5254.052728
[report] load_average_latency_ns : 190329.266137
Load workloads needs: 31723848061 ns 
[report] load_thread_ID : 16
[report] load_duration_ns : 31723848061
[report] load_duration_s : 31.723848
[report] load_throughput : 5253.650178
[report] load_average_latency_ns : 190343.849741
Load workloads needs: 31750551233 ns 
[report] load_thread_ID : 12
[report] load_duration_ns : 31750551233
[report] load_duration_s : 31.750551
[report] load_throughput : 5249.231699
[report] load_average_latency_ns : 190504.069414
Load workloads needs: 31748767819 ns 
[report] load_thread_ID : 1
[report] load_duration_ns : 31748767819
[report] load_duration_s : 31.748768
[report] load_throughput : 5249.526563
[report] load_average_latency_ns : 190493.368887
Load workloads needs: 31905856009 ns 
[report] load_thread_ID : 2
[report] load_duration_ns : 31905856009
[report] load_duration_s : 31.905856
[report] load_throughput : 5223.680567
[report] load_average_latency_ns : 191435.901798
Load workloads needs: 32148573815 ns 
[report] load_thread_ID : 21
[report] load_duration_ns : 32148573815
[report] load_duration_s : 32.148574
[report] load_throughput : 5184.242416
[report] load_average_latency_ns : 192892.214459
Load workloads needs: 32210392561 ns 
[report] load_thread_ID : 23
[report] load_duration_ns : 32210392561
[report] load_duration_s : 32.210393
[report] load_throughput : 5174.292728
[report] load_average_latency_ns : 193263.128419
Load workloads needs: 32402668583 ns 
[report] load_thread_ID : 38
[report] load_duration_ns : 32402668583
[report] load_duration_s : 32.402669
[report] load_throughput : 5143.588701
[report] load_average_latency_ns : 194416.789165
Load workloads needs: 32436101513 ns 
[report] load_thread_ID : 18
[report] load_duration_ns : 32436101513
[report] load_duration_s : 32.436102
[report] load_throughput : 5138.287039
[report] load_average_latency_ns : 194617.387548
Load workloads needs: 32609827988 ns 
[report] load_thread_ID : 6
[report] load_duration_ns : 32609827988
[report] load_duration_s : 32.609828
[report] load_throughput : 5110.913190
[report] load_average_latency_ns : 195659.750567
Load workloads needs: 32633730599 ns 
[report] load_thread_ID : 4
[report] load_duration_ns : 32633730599
[report] load_duration_s : 32.633731
[report] load_throughput : 5107.169697
[report] load_average_latency_ns : 195803.166807
Load workloads needs: 32709434918 ns 
[report] load_thread_ID : 20
[report] load_duration_ns : 32709434918
[report] load_duration_s : 32.709435
[report] load_throughput : 5095.349413
[report] load_average_latency_ns : 196257.394538
Load workloads needs: 32726015843 ns 
[report] load_thread_ID : 22
[report] load_duration_ns : 32726015843
[report] load_duration_s : 32.726016
[report] load_throughput : 5092.767809
[report] load_average_latency_ns : 196356.880486
Load workloads needs: 32727396058 ns 
[report] load_thread_ID : 54
[report] load_duration_ns : 32727396058
[report] load_duration_s : 32.727396
[report] load_throughput : 5092.553031
[report] load_average_latency_ns : 196365.161809
Load workloads needs: 32779461266 ns 
[report] load_thread_ID : 5
[report] load_duration_ns : 32779461266
[report] load_duration_s : 32.779461
[report] load_throughput : 5084.464282
[report] load_average_latency_ns : 196677.554306
Load workloads needs: 32941506069 ns 
[report] load_thread_ID : 19
[report] load_duration_ns : 32941506069
[report] load_duration_s : 32.941506
[report] load_throughput : 5059.452948
[report] load_average_latency_ns : 197649.827013
Load workloads needs: 32955201834 ns 
[report] load_thread_ID : 48
[report] load_duration_ns : 32955201834
[report] load_duration_s : 32.955202
[report] load_throughput : 5057.350304
[report] load_average_latency_ns : 197732.001932
Load workloads needs: 32958401403 ns 
[report] load_thread_ID : 50
[report] load_duration_ns : 32958401403
[report] load_duration_s : 32.958401
[report] load_throughput : 5056.859341
[report] load_average_latency_ns : 197751.199423
Load workloads needs: 32974280160 ns 
[report] load_thread_ID : 24
[report] load_duration_ns : 32974280160
[report] load_duration_s : 32.974280
[report] load_throughput : 5054.424212
[report] load_average_latency_ns : 197846.472346
Load workloads needs: 33074155520 ns 
[report] load_thread_ID : 32
[report] load_duration_ns : 33074155520
[report] load_duration_s : 33.074156
[report] load_throughput : 5039.161163
[report] load_average_latency_ns : 198445.726903
Load workloads needs: 33081130087 ns 
[report] load_thread_ID : 49
[report] load_duration_ns : 33081130087
[report] load_duration_s : 33.081130
[report] load_throughput : 5038.098746
[report] load_average_latency_ns : 198487.574472
Load workloads needs: 33079690792 ns 
[report] load_thread_ID : 25
[report] load_duration_ns : 33079690792
[report] load_duration_s : 33.079691
[report] load_throughput : 5038.317953
[report] load_average_latency_ns : 198478.938668
Load workloads needs: 33102975365 ns 
[report] load_thread_ID : 53
[report] load_duration_ns : 33102975365
[report] load_duration_s : 33.102975
[report] load_throughput : 5034.774009
[report] load_average_latency_ns : 198618.646665
Load workloads needs: 33110355080 ns 
[report] load_thread_ID : 30
[report] load_duration_ns : 33110355080
[report] load_duration_s : 33.110355
[report] load_throughput : 5033.651847
[report] load_average_latency_ns : 198662.925132
Load workloads needs: 33114523866 ns 
[report] load_thread_ID : 33
[report] load_duration_ns : 33114523866
[report] load_duration_s : 33.114524
[report] load_throughput : 5033.018161
[report] load_average_latency_ns : 198687.937948
Load workloads needs: 33124701022 ns 
[report] load_thread_ID : 27
[report] load_duration_ns : 33124701022
[report] load_duration_s : 33.124701
[report] load_throughput : 5031.471828
[report] load_average_latency_ns : 198749.001128
Load workloads needs: 33175217285 ns 
[report] load_thread_ID : 26
[report] load_duration_ns : 33175217285
[report] load_duration_s : 33.175217
[report] load_throughput : 5023.810351
[report] load_average_latency_ns : 199052.099918
Load workloads needs: 33181513045 ns 
[report] load_thread_ID : 34
[report] load_duration_ns : 33181513045
[report] load_duration_s : 33.181513
[report] load_throughput : 5022.857149
[report] load_average_latency_ns : 199089.874629
Load workloads needs: 33228918098 ns 
[report] load_thread_ID : 31
[report] load_duration_ns : 33228918098
[report] load_duration_s : 33.228918
[report] load_throughput : 5015.691438
[report] load_average_latency_ns : 199374.306085
Load workloads needs: 33242942311 ns 
[report] load_thread_ID : 8
[report] load_duration_ns : 33242942311
[report] load_duration_s : 33.242942
[report] load_throughput : 5013.575466
[report] load_average_latency_ns : 199458.451700
Load workloads needs: 33253506456 ns 
[report] load_thread_ID : 9
[report] load_duration_ns : 33253506456
[report] load_duration_s : 33.253506
[report] load_throughput : 5011.982728
[report] load_average_latency_ns : 199521.836823
Load workloads needs: 33273754239 ns 
[report] load_thread_ID : 51
[report] load_duration_ns : 33273754239
[report] load_duration_s : 33.273754
[report] load_throughput : 5008.932830
[report] load_average_latency_ns : 199643.324007
Load workloads needs: 33308983573 ns 
[report] load_thread_ID : 52
[report] load_duration_ns : 33308983573
[report] load_duration_s : 33.308984
[report] load_throughput : 5003.635119
[report] load_average_latency_ns : 199854.700857
Load workloads needs: 33360690851 ns 
[report] load_thread_ID : 36
[report] load_duration_ns : 33360690851
[report] load_duration_s : 33.360691
[report] load_throughput : 4995.879754
[report] load_average_latency_ns : 200164.945766
Load workloads needs: 33363900490 ns 
[report] load_thread_ID : 35
[report] load_duration_ns : 33363900490
[report] load_duration_s : 33.363900
[report] load_throughput : 4995.399146
[report] load_average_latency_ns : 200184.203677
Load workloads needs: 33392819305 ns 
[report] load_thread_ID : 14
[report] load_duration_ns : 33392819305
[report] load_duration_s : 33.392819
[report] load_throughput : 4991.073035
[report] load_average_latency_ns : 200357.717261
Load workloads needs: 33461636517 ns 
[report] load_thread_ID : 10
[report] load_duration_ns : 33461636517
[report] load_duration_s : 33.461637
[report] load_throughput : 4980.808393
[report] load_average_latency_ns : 200770.622184
Load workloads needs: 33492430215 ns 
[report] load_thread_ID : 11
[report] load_duration_ns : 33492430215
[report] load_duration_s : 33.492430
[report] load_throughput : 4976.228925
[report] load_average_latency_ns : 200955.385112
Load workloads needs: 33629395612 ns 
[report] load_thread_ID : 15
[report] load_duration_ns : 33629395612
[report] load_duration_s : 33.629396
[report] load_throughput : 4955.961800
[report] load_average_latency_ns : 201777.180781
Load workloads needs: 33768915809 ns 
[report] load_thread_ID : 37
[report] load_duration_ns : 33768915809
[report] load_duration_s : 33.768916
[report] load_throughput : 4935.485668
[report] load_average_latency_ns : 202614.305311
Load workloads needs: 34170873779 ns 
[report] load_thread_ID : 29
[report] load_duration_ns : 34170873779
[report] load_duration_s : 34.170874
[report] load_throughput : 4877.428686
[report] load_average_latency_ns : 205026.062778
Load workloads needs: 34210548257 ns 
[report] load_thread_ID : 13
[report] load_duration_ns : 34210548257
[report] load_duration_s : 34.210548
[report] load_throughput : 4871.772260
[report] load_average_latency_ns : 205264.110598
All clients run done needs: 34212985519 ns 
[report] load_overall_duration_ns : 34212985519
[report] load_overall_duration_s : 34.212986
[report] load_overall_throughput : 292286.681455
[report] load_overall_average_latency_ns : 3421.298552
