numactl --membind=0 /mnt/nvme0/home/gxr/mongdb-run/test_mongodb/build//run_client --num_threads=120 --core_binding=0,1,2,3,4,5,6,7,8,9,10,11,12,13,14,15,128,129,130,131,132,133,134,135,136,137,138,139,140,141,142,143,16,17,18,19,20,21,22,23,24,25,26,27,28,29,30,31,144,145,146,147,148,149,150,151,152,153,154,155,156,157,158,159,32,33,34,35,36,37,38,39,40,41,42,43,44,45,46,47,160,161,162,163,164,165,166,167,168,169,170,171,172,173,174,175,48,49,50,51,52,53,54,55,56,57,58,59,60,61,62,63,176,177,178,179,180,181,182,183,184,185,186,187,188,189,190,191 --str_key_size=16 --str_key_size=256 --load_file=/mnt/nvme0/home/gxr/mongdb-run/workloads/ycsb/workloada-load-10000000-10000000.log.formated --run_file=/mnt/nvme0/home/gxr/mongdb-run/workloads/ycsb/workloada-run-10000000-10000000.log.formated --URI_set=mongodb://localhost:27017,mongodb://localhost:27018,mongodb://localhost:27019,mongodb://localhost:27020,mongodb://localhost:27021,mongodb://localhost:27022,mongodb://localhost:27023,mongodb://localhost:27024,mongodb://localhost:27025,mongodb://localhost:27026,mongodb://localhost:27027,mongodb://localhost:27028,mongodb://localhost:27029,mongodb://localhost:27030,mongodb://localhost:27031,mongodb://localhost:27032,mongodb://localhost:27033,mongodb://localhost:27034,mongodb://localhost:27035,mongodb://localhost:27036,mongodb://localhost:27037,mongodb://localhost:27038,mongodb://localhost:27039,mongodb://localhost:27040,mongodb://localhost:27041,mongodb://localhost:27042,mongodb://localhost:27043,mongodb://localhost:27044,mongodb://localhost:27045,mongodb://localhost:27046,mongodb://localhost:27047,mongodb://localhost:27048,mongodb://localhost:27049,mongodb://localhost:27050,mongodb://localhost:27051,mongodb://localhost:27052,mongodb://localhost:27053,mongodb://localhost:27054,mongodb://localhost:27055,mongodb://localhost:27056,mongodb://localhost:27057,mongodb://localhost:27058,mongodb://localhost:27059,mongodb://localhost:27060,mongodb://localhost:27061,mongodb://localhost:27062,mongodb://localhost:27063,mongodb://localhost:27064,mongodb://localhost:27065,mongodb://localhost:27066,mongodb://localhost:27067,mongodb://localhost:27068,mongodb://localhost:27069,mongodb://localhost:27070,mongodb://localhost:27071,mongodb://localhost:27072,mongodb://localhost:27073,mongodb://localhost:27074,mongodb://localhost:27075,mongodb://localhost:27076,mongodb://localhost:27077,mongodb://localhost:27078,mongodb://localhost:27079,mongodb://localhost:27080,mongodb://localhost:27081,mongodb://localhost:27082,mongodb://localhost:27083,mongodb://localhost:27084,mongodb://localhost:27085,mongodb://localhost:27086,mongodb://localhost:27087,mongodb://localhost:27088,mongodb://localhost:27089,mongodb://localhost:27090,mongodb://localhost:27091,mongodb://localhost:27092,mongodb://localhost:27093,mongodb://localhost:27094,mongodb://localhost:27095,mongodb://localhost:27096,mongodb://localhost:27097,mongodb://localhost:27098,mongodb://localhost:27099,mongodb://localhost:27100,mongodb://localhost:27101,mongodb://localhost:27102,mongodb://localhost:27103,mongodb://localhost:27104,mongodb://localhost:27105,mongodb://localhost:27106,mongodb://localhost:27107,mongodb://localhost:27108,mongodb://localhost:27109,mongodb://localhost:27110,mongodb://localhost:27111,mongodb://localhost:27112,mongodb://localhost:27113,mongodb://localhost:27114,mongodb://localhost:27115,mongodb://localhost:27116,mongodb://localhost:27117,mongodb://localhost:27118,mongodb://localhost:27119,mongodb://localhost:27120,mongodb://localhost:27121,mongodb://localhost:27122,mongodb://localhost:27123,mongodb://localhost:27124,mongodb://localhost:27125,mongodb://localhost:27126,mongodb://localhost:27127,mongodb://localhost:27128,mongodb://localhost:27129,mongodb://localhost:27130,mongodb://localhost:27131,mongodb://localhost:27132,mongodb://localhost:27133,mongodb://localhost:27134,mongodb://localhost:27135,mongodb://localhost:27136,mongodb://localhost:27137,mongodb://localhost:27138,mongodb://localhost:27139,mongodb://localhost:27140,mongodb://localhost:27141,mongodb://localhost:27142,mongodb://localhost:27143,mongodb://localhost:27144 --first_mode=false
mongodb://localhost:27017 mongodb://localhost:27018 mongodb://localhost:27019 mongodb://localhost:27020 mongodb://localhost:27021 mongodb://localhost:27022 mongodb://localhost:27023 mongodb://localhost:27024 mongodb://localhost:27025 mongodb://localhost:27026 mongodb://localhost:27027 mongodb://localhost:27028 mongodb://localhost:27029 mongodb://localhost:27030 mongodb://localhost:27031 mongodb://localhost:27032 mongodb://localhost:27033 mongodb://localhost:27034 mongodb://localhost:27035 mongodb://localhost:27036 mongodb://localhost:27037 mongodb://localhost:27038 mongodb://localhost:27039 mongodb://localhost:27040 mongodb://localhost:27041 mongodb://localhost:27042 mongodb://localhost:27043 mongodb://localhost:27044 mongodb://localhost:27045 mongodb://localhost:27046 mongodb://localhost:27047 mongodb://localhost:27048 mongodb://localhost:27049 mongodb://localhost:27050 mongodb://localhost:27051 mongodb://localhost:27052 mongodb://localhost:27053 mongodb://localhost:27054 mongodb://localhost:27055 mongodb://localhost:27056 mongodb://localhost:27057 mongodb://localhost:27058 mongodb://localhost:27059 mongodb://localhost:27060 mongodb://localhost:27061 mongodb://localhost:27062 mongodb://localhost:27063 mongodb://localhost:27064 mongodb://localhost:27065 mongodb://localhost:27066 mongodb://localhost:27067 mongodb://localhost:27068 mongodb://localhost:27069 mongodb://localhost:27070 mongodb://localhost:27071 mongodb://localhost:27072 mongodb://localhost:27073 mongodb://localhost:27074 mongodb://localhost:27075 mongodb://localhost:27076 mongodb://localhost:27077 mongodb://localhost:27078 mongodb://localhost:27079 mongodb://localhost:27080 mongodb://localhost:27081 mongodb://localhost:27082 mongodb://localhost:27083 mongodb://localhost:27084 mongodb://localhost:27085 mongodb://localhost:27086 mongodb://localhost:27087 mongodb://localhost:27088 mongodb://localhost:27089 mongodb://localhost:27090 mongodb://localhost:27091 mongodb://localhost:27092 mongodb://localhost:27093 mongodb://localhost:27094 mongodb://localhost:27095 mongodb://localhost:27096 mongodb://localhost:27097 mongodb://localhost:27098 mongodb://localhost:27099 mongodb://localhost:27100 mongodb://localhost:27101 mongodb://localhost:27102 mongodb://localhost:27103 mongodb://localhost:27104 mongodb://localhost:27105 mongodb://localhost:27106 mongodb://localhost:27107 mongodb://localhost:27108 mongodb://localhost:27109 mongodb://localhost:27110 mongodb://localhost:27111 mongodb://localhost:27112 mongodb://localhost:27113 mongodb://localhost:27114 mongodb://localhost:27115 mongodb://localhost:27116 mongodb://localhost:27117 mongodb://localhost:27118 mongodb://localhost:27119 mongodb://localhost:27120 mongodb://localhost:27121 mongodb://localhost:27122 mongodb://localhost:27123 mongodb://localhost:27124 mongodb://localhost:27125 mongodb://localhost:27126 mongodb://localhost:27127 mongodb://localhost:27128 mongodb://localhost:27129 mongodb://localhost:27130 mongodb://localhost:27131 mongodb://localhost:27132 mongodb://localhost:27133 mongodb://localhost:27134 mongodb://localhost:27135 mongodb://localhost:27136 mongodb://localhost:27137 mongodb://localhost:27138 mongodb://localhost:27139 mongodb://localhost:27140 mongodb://localhost:27141 mongodb://localhost:27142 mongodb://localhost:27143 mongodb://localhost:27144 reading workload files ...
load_filename : /mnt/nvme0/home/gxr/mongdb-run/workloads/ycsb/workloada-load-10000000-10000000.log.formated
read load file needs: 5965998001 s 
run_filename : /mnt/nvme0/home/gxr/mongdb-run/workloads/ycsb/workloada-run-10000000-10000000.log.formated
read run file needs: 6149874963 s 
num_of_load_ops is 10000000
num_of_run_ops is 10000000
0 1 2 3 4 5 6 7 8 9 10 11 12 13 14 15 128 129 130 131 132 133 134 135 136 137 138 139 140 141 142 143 16 17 18 19 20 21 22 23 24 25 26 27 28 29 30 31 144 145 146 147 148 149 150 151 152 153 154 155 156 157 158 159 32 33 34 35 36 37 38 39 40 41 42 43 44 45 46 47 160 161 162 163 164 165 166 167 168 169 170 171 172 173 174 175 48 49 50 51 52 53 54 55 56 57 58 59 60 61 62 63 176 177 178 179 180 181 182 183 184 185 186 187 188 189 190 191 URI: URI: URI: mongodb://localhost:27018
URI: mongodb://localhost:27029
URI: mongodb://localhost:27023
URI: mongodb://localhost:27024
URI: mongodb://localhost:27035
URI: mongodb://localhost:27021
URI: mongodb://localhost:27034
URI: URI: mongodb://localhost:27039
URI: mongodb://localhost:27030
URI: mongodb://localhost:27017
URI: mongodb://localhost:27026
URI: mongodb://localhost:27041
URI: URI: mongodb://localhost:27020
URI: mongodb://localhost:27031URI: URI: URI: URI: mongodb://localhost:27025
URI: mongodb://localhost:27037
URI: mongodb://localhost:27019mongodb://localhost:27038

URI: mongodb://localhost:27040
mongodb://localhost:27027
mongodb://localhost:27022mongodb://localhost:27042
mongodb://localhost:27033
URI: mongodb://localhost:27036

URI: mongodb://localhost:27045
mongodb://localhost:27032
URI: URI: mongodb://localhost:27046
mongodb://localhost:27028URI: mongodb://localhost:27044
mongodb://localhost:27043


URI: mongodb://localhost:27047
URI: mongodb://localhost:27048
URI: mongodb://localhost:27049
URI: mongodb://localhost:27050
URI: mongodb://localhost:27051
URI: mongodb://localhost:27053
URI: mongodb://localhost:27054
URI: mongodb://localhost:27052
URI: mongodb://localhost:27055
URI: mongodb://localhost:27056
URI: mongodb://localhost:27057
URI: mongodb://localhost:27058
URI: mongodb://localhost:27059
URI: mongodb://localhost:27060
URI: mongodb://localhost:27061
URI: mongodb://localhost:27062
URI: mongodb://localhost:27064
URI: mongodb://localhost:27066
URI: mongodb://localhost:27065
URI: mongodb://localhost:27063
URI: mongodb://localhost:27067
URI: mongodb://localhost:27068
URI: mongodb://localhost:27069
URI: mongodb://localhost:27070
URI: mongodb://localhost:27071
URI: mongodb://localhost:27072
URI: mongodb://localhost:27073
URI: mongodb://localhost:27074
URI: mongodb://localhost:27075
URI: mongodb://localhost:27076
URI: mongodb://localhost:27077
URI: mongodb://localhost:27078
URI: mongodb://localhost:27079
URI: mongodb://localhost:27080
URI: mongodb://localhost:27081
URI: mongodb://localhost:27082
URI: mongodb://localhost:27084
URI: mongodb://localhost:27083
URI: mongodb://localhost:27085
URI: mongodb://localhost:27086
URI: mongodb://localhost:27087
URI: mongodb://localhost:27088
URI: mongodb://localhost:27089
URI: mongodb://localhost:27090
URI: mongodb://localhost:27091
URI: mongodb://localhost:27092
URI: mongodb://localhost:27093
URI: mongodb://localhost:27094
URI: mongodb://localhost:27095
URI: mongodb://localhost:27096
URI: mongodb://localhost:27097
URI: mongodb://localhost:27098
URI: mongodb://localhost:27099
URI: URI: mongodb://localhost:27100
mongodb://localhost:27101
URI: mongodb://localhost:27102
URI: mongodb://localhost:27103
URI: mongodb://localhost:27104
URI: mongodb://localhost:27105
URI: mongodb://localhost:27106
URI: mongodb://localhost:27108
URI: mongodb://localhost:27107
URI: mongodb://localhost:27110
URI: mongodb://localhost:27109
URI: mongodb://localhost:27111
URI: mongodb://localhost:27112
URI: URI: mongodb://localhost:27114
mongodb://localhost:27113
URI: mongodb://localhost:27115
URI: mongodb://localhost:27116
URI: mongodb://localhost:27117
URI: mongodb://localhost:27118
URI: mongodb://localhost:27119
URI: mongodb://localhost:27120
URI: mongodb://localhost:27121
URI: mongodb://localhost:27122
URI: mongodb://localhost:27123
URI: mongodb://localhost:27124
URI: mongodb://localhost:27125
URI: mongodb://localhost:27126
URI: mongodb://localhost:27127
URI: mongodb://localhost:27128
URI: mongodb://localhost:27129
URI: mongodb://localhost:27130
URI: mongodb://localhost:27131
URI: mongodb://localhost:27132
URI: mongodb://localhost:27133
URI: mongodb://localhost:27134
URI: mongodb://localhost:27135
URI: mongodb://localhost:27136
Load workloads needs: 16397044473 ns 
[report] load_thread_ID : 106
[report] load_duration_ns : 16397044473
[report] load_duration_s : 16.397044
[report] load_throughput : 5082.196376
[report] load_average_latency_ns : 196765.320737
Load workloads needs: 16510486947 ns 
[report] load_thread_ID : 109
[report] load_duration_ns : 16510486947
[report] load_duration_s : 16.510487
[report] load_throughput : 5047.276938
[report] load_average_latency_ns : 198126.635871
Load workloads needs: 16684924870 ns 
[report] load_thread_ID : 107
[report] load_duration_ns : 16684924870
[report] load_duration_s : 16.684925
[report] load_throughput : 4994.508555
[report] load_average_latency_ns : 200219.899320
Load workloads needs: 16709457161 ns 
[report] load_thread_ID : 105
[report] load_duration_ns : 16709457161
[report] load_duration_s : 16.709457
[report] load_throughput : 4987.175777
[report] load_average_latency_ns : 200514.287989
Load workloads needs: 16742331766 ns 
[report] load_thread_ID : 108
[report] load_duration_ns : 16742331766
[report] load_duration_s : 16.742332
[report] load_throughput : 4977.383149
[report] load_average_latency_ns : 200908.784827
Load workloads needs: 16793440762 ns 
[report] load_thread_ID : 104
[report] load_duration_ns : 16793440762
[report] load_duration_s : 16.793441
[report] load_throughput : 4962.235029
[report] load_average_latency_ns : 201522.095232
Load workloads needs: 17278549676 ns 
[report] load_thread_ID : 111
[report] load_duration_ns : 17278549676
[report] load_duration_s : 17.278550
[report] load_throughput : 4822.916365
[report] load_average_latency_ns : 207343.425486
Load workloads needs: 17446232770 ns 
[report] load_thread_ID : 110
[report] load_duration_ns : 17446232770
[report] load_duration_s : 17.446233
[report] load_throughput : 4776.561284
[report] load_average_latency_ns : 209355.630663
Load workloads needs: 18127063811 ns 
[report] load_thread_ID : 18
[report] load_duration_ns : 18127063811
[report] load_duration_s : 18.127064
[report] load_throughput : 4597.159301
[report] load_average_latency_ns : 217525.635835
Load workloads needs: 18540785571 ns 
[report] load_thread_ID : 83
[report] load_duration_ns : 18540785571
[report] load_duration_s : 18.540786
[report] load_throughput : 4494.577626
[report] load_average_latency_ns : 222490.316813
Load workloads needs: 18692370872 ns 
[report] load_thread_ID : 58
[report] load_duration_ns : 18692370872
[report] load_duration_s : 18.692371
[report] load_throughput : 4458.128965
[report] load_average_latency_ns : 224309.347701
Load workloads needs: 18708832775 ns 
[report] load_thread_ID : 80
[report] load_duration_ns : 18708832775
[report] load_duration_s : 18.708833
[report] load_throughput : 4454.206257
[report] load_average_latency_ns : 224506.891328
Load workloads needs: 18844206802 ns 
[report] load_thread_ID : 67
[report] load_duration_ns : 18844206802
[report] load_duration_s : 18.844207
[report] load_throughput : 4422.207890
[report] load_average_latency_ns : 226131.386150
Load workloads needs: 18869453250 ns 
[report] load_thread_ID : 46
[report] load_duration_ns : 18869453250
[report] load_duration_s : 18.869453
[report] load_throughput : 4416.291182
[report] load_average_latency_ns : 226434.344737
Load workloads needs: 18916227773 ns 
[report] load_thread_ID : 43
[report] load_duration_ns : 18916227773
[report] load_duration_s : 18.916228
[report] load_throughput : 4405.370933
[report] load_average_latency_ns : 226995.641259
Load workloads needs: 18938165768 ns 
[report] load_thread_ID : 23
[report] load_duration_ns : 18938165768
[report] load_duration_s : 18.938166
[report] load_throughput : 4400.267746
[report] load_average_latency_ns : 227258.898252
Load workloads needs: 18966289402 ns 
[report] load_thread_ID : 16
[report] load_duration_ns : 18966289402
[report] load_duration_s : 18.966289
[report] load_throughput : 4393.742932
[report] load_average_latency_ns : 227596.383210
Load workloads needs: 18994780385 ns 
[report] load_thread_ID : 27
[report] load_duration_ns : 18994780385
[report] load_duration_s : 18.994780
[report] load_throughput : 4387.152592
[report] load_average_latency_ns : 227938.276373
Load workloads needs: 18998587428 ns 
[report] load_thread_ID : 25
[report] load_duration_ns : 18998587428
[report] load_duration_s : 18.998587
[report] load_throughput : 4386.273470
[report] load_average_latency_ns : 227983.961072
Load workloads needs: 19046430720 ns 
[report] load_thread_ID : 41
[report] load_duration_ns : 19046430720
[report] load_duration_s : 19.046431
[report] load_throughput : 4375.255460
[report] load_average_latency_ns : 228558.082872
Load workloads needs: 19056783803 ns 
[report] load_thread_ID : 17
[report] load_duration_ns : 19056783803
[report] load_duration_s : 19.056784
[report] load_throughput : 4372.878491
[report] load_average_latency_ns : 228682.320365
Load workloads needs: 19152700225 ns 
[report] load_thread_ID : 29
[report] load_duration_ns : 19152700225
[report] load_duration_s : 19.152700
[report] load_throughput : 4350.979184
[report] load_average_latency_ns : 229833.322033
Load workloads needs: 19175531897 ns 
[report] load_thread_ID : 28
[report] load_duration_ns : 19175531897
[report] load_duration_s : 19.175532
[report] load_throughput : 4345.798617
[report] load_average_latency_ns : 230107.303193
Load workloads needs: 19166965491 ns 
[report] load_thread_ID : 87
[report] load_duration_ns : 19166965491
[report] load_duration_s : 19.166965
[report] load_throughput : 4347.740911
[report] load_average_latency_ns : 230004.505910
Load workloads needs: 19215652051 ns 
[report] load_thread_ID : 51
[report] load_duration_ns : 19215652051
[report] load_duration_s : 19.215652
[report] load_throughput : 4336.725071
[report] load_average_latency_ns : 230588.746967
Load workloads needs: 19261589846 ns 
[report] load_thread_ID : 26
[report] load_duration_ns : 19261589846
[report] load_duration_s : 19.261590
[report] load_throughput : 4326.382228
[report] load_average_latency_ns : 231140.002712
Load workloads needs: 19273290057 ns 
[report] load_thread_ID : 1
[report] load_duration_ns : 19273290057
[report] load_duration_s : 19.273290
[report] load_throughput : 4323.755817
[report] load_average_latency_ns : 231280.405806
Load workloads needs: 19318810392 ns 
[report] load_thread_ID : 71
[report] load_duration_ns : 19318810392
[report] load_duration_s : 19.318810
[report] load_throughput : 4313.567881
[report] load_average_latency_ns : 231826.652011
Load workloads needs: 19333412218 ns 
[report] load_thread_ID : 57
[report] load_duration_ns : 19333412218
[report] load_duration_s : 19.333412
[report] load_throughput : 4310.309999
[report] load_average_latency_ns : 232001.874623
Load workloads needs: 19340528906 ns 
[report] load_thread_ID : 19
[report] load_duration_ns : 19340528906
[report] load_duration_s : 19.340529
[report] load_throughput : 4308.723945
[report] load_average_latency_ns : 232087.275221
Load workloads needs: 19334749975 ns 
[report] load_thread_ID : 96
[report] load_duration_ns : 19334749975
[report] load_duration_s : 19.334750
[report] load_throughput : 4310.011772
[report] load_average_latency_ns : 232017.927772
Load workloads needs: 19337990520 ns 
[report] load_thread_ID : 86
[report] load_duration_ns : 19337990520
[report] load_duration_s : 19.337991
[report] load_throughput : 4309.289526
[report] load_average_latency_ns : 232056.814467
Load workloads needs: 19347779444 ns 
[report] load_thread_ID : 72
[report] load_duration_ns : 19347779444
[report] load_duration_s : 19.347779
[report] load_throughput : 4307.109260
[report] load_average_latency_ns : 232174.282025
Load workloads needs: 19363185129 ns 
[report] load_thread_ID : 14
[report] load_duration_ns : 19363185129
[report] load_duration_s : 19.363185
[report] load_throughput : 4303.682449
[report] load_average_latency_ns : 232359.150985
Load workloads needs: 19379968911 ns 
[report] load_thread_ID : 88
[report] load_duration_ns : 19379968911
[report] load_duration_s : 19.379969
[report] load_throughput : 4299.955298
[report] load_average_latency_ns : 232560.557174
Load workloads needs: 19381466608 ns 
[report] load_thread_ID : 81
[report] load_duration_ns : 19381466608
[report] load_duration_s : 19.381467
[report] load_throughput : 4299.623021
[report] load_average_latency_ns : 232578.529610
Load workloads needs: 19385179613 ns 
[report] load_thread_ID : 112
[report] load_duration_ns : 19385179613
[report] load_duration_s : 19.385180
[report] load_throughput : 4298.799478
[report] load_average_latency_ns : 232623.085848
Load workloads needs: 19395502496 ns 
[report] load_thread_ID : 113
[report] load_duration_ns : 19395502496
[report] load_duration_s : 19.395502
[report] load_throughput : 4296.511525
[report] load_average_latency_ns : 232746.960940
Load workloads needs: 19430169588 ns 
[report] load_thread_ID : 90
[report] load_duration_ns : 19430169588
[report] load_duration_s : 19.430170
[report] load_throughput : 4288.845737
[report] load_average_latency_ns : 233162.967708
Load workloads needs: 19430570238 ns 
[report] load_thread_ID : 95
[report] load_duration_ns : 19430570238
[report] load_duration_s : 19.430570
[report] load_throughput : 4288.757303
[report] load_average_latency_ns : 233167.775527
Load workloads needs: 19433655643 ns 
[report] load_thread_ID : 69
[report] load_duration_ns : 19433655643
[report] load_duration_s : 19.433656
[report] load_throughput : 4288.076393
[report] load_average_latency_ns : 233204.800535
Load workloads needs: 19430596518 ns 
[report] load_thread_ID : 115
[report] load_duration_ns : 19430596518
[report] load_duration_s : 19.430597
[report] load_throughput : 4288.751502
[report] load_average_latency_ns : 233168.090888
Load workloads needs: 19433576263 ns 
[report] load_thread_ID : 99
[report] load_duration_ns : 19433576263
[report] load_duration_s : 19.433576
[report] load_throughput : 4288.093909
[report] load_average_latency_ns : 233203.847971
Load workloads needs: 19449593846 ns 
[report] load_thread_ID : 10
[report] load_duration_ns : 19449593846
[report] load_duration_s : 19.449594
[report] load_throughput : 4284.562478
[report] load_average_latency_ns : 233396.059736
Load workloads needs: 19445671122 ns 
[report] load_thread_ID : 85
[report] load_duration_ns : 19445671122
[report] load_duration_s : 19.445671
[report] load_throughput : 4285.426791
[report] load_average_latency_ns : 233348.986860
Load workloads needs: 19444890184 ns 
[report] load_thread_ID : 97
[report] load_duration_ns : 19444890184
[report] load_duration_s : 19.444890
[report] load_throughput : 4285.598901
[report] load_average_latency_ns : 233339.615566
Load workloads needs: 19450902604 ns 
[report] load_thread_ID : 74
[report] load_duration_ns : 19450902604
[report] load_duration_s : 19.450903
[report] load_throughput : 4284.274190
[report] load_average_latency_ns : 233411.764895
Load workloads needs: 19462197006 ns 
[report] load_thread_ID : 20
[report] load_duration_ns : 19462197006
[report] load_duration_s : 19.462197
[report] load_throughput : 4281.787918
[report] load_average_latency_ns : 233547.298261
Load workloads needs: 19455950715 ns 
[report] load_thread_ID : 82
[report] load_duration_ns : 19455950715
[report] load_duration_s : 19.455951
[report] load_throughput : 4283.162577
[report] load_average_latency_ns : 233472.342469
Load workloads needs: 19462450225 ns 
[report] load_thread_ID : 78
[report] load_duration_ns : 19462450225
[report] load_duration_s : 19.462450
[report] load_throughput : 4281.732209
[report] load_average_latency_ns : 233550.336901
Load workloads needs: 19479798187 ns 
[report] load_thread_ID : 77
[report] load_duration_ns : 19479798187
[report] load_duration_s : 19.479798
[report] load_throughput : 4277.919063
[report] load_average_latency_ns : 233758.513278
Load workloads needs: 19490015000 ns 
[report] load_thread_ID : 68
[report] load_duration_ns : 19490015000
[report] load_duration_s : 19.490015
[report] load_throughput : 4275.676545
[report] load_average_latency_ns : 233881.115524
Load workloads needs: 19500964352 ns 
[report] load_thread_ID : 30
[report] load_duration_ns : 19500964352
[report] load_duration_s : 19.500964
[report] load_throughput : 4273.275849
[report] load_average_latency_ns : 234012.508274
Load workloads needs: 19493155995 ns 
[report] load_thread_ID : 79
[report] load_duration_ns : 19493155995
[report] load_duration_s : 19.493156
[report] load_throughput : 4274.987592
[report] load_average_latency_ns : 233918.807615
Load workloads needs: 19490866779 ns 
[report] load_thread_ID : 116
[report] load_duration_ns : 19490866779
[report] load_duration_s : 19.490867
[report] load_throughput : 4275.489692
[report] load_average_latency_ns : 233891.336913
Load workloads needs: 19507780480 ns 
[report] load_thread_ID : 65
[report] load_duration_ns : 19507780480
[report] load_duration_s : 19.507780
[report] load_throughput : 4271.782743
[report] load_average_latency_ns : 234094.302137
Load workloads needs: 19511610404 ns 
[report] load_thread_ID : 70
[report] load_duration_ns : 19511610404
[report] load_duration_s : 19.511610
[report] load_throughput : 4270.944237
[report] load_average_latency_ns : 234140.261409
Load workloads needs: 19510439916 ns 
[report] load_thread_ID : 93
[report] load_duration_ns : 19510439916
[report] load_duration_s : 19.510440
[report] load_throughput : 4271.200463
[report] load_average_latency_ns : 234126.215497
Load workloads needs: 19523130995 ns 
[report] load_thread_ID : 21
[report] load_duration_ns : 19523130995
[report] load_duration_s : 19.523131
[report] load_throughput : 4268.423954
[report] load_average_latency_ns : 234278.509054
Load workloads needs: 19522563276 ns 
[report] load_thread_ID : 66
[report] load_duration_ns : 19522563276
[report] load_duration_s : 19.522563
[report] load_throughput : 4268.548081
[report] load_average_latency_ns : 234271.696399
Load workloads needs: 19521830068 ns 
[report] load_thread_ID : 94
[report] load_duration_ns : 19521830068
[report] load_duration_s : 19.521830
[report] load_throughput : 4268.708400
[report] load_average_latency_ns : 234262.897868
Load workloads needs: 19541645615 ns 
[report] load_thread_ID : 31
[report] load_duration_ns : 19541645615
[report] load_duration_s : 19.541646
[report] load_throughput : 4264.379860
[report] load_average_latency_ns : 234500.685383
Load workloads needs: 19534824777 ns 
[report] load_thread_ID : 98
[report] load_duration_ns : 19534824777
[report] load_duration_s : 19.534825
[report] load_throughput : 4265.868824
[report] load_average_latency_ns : 234418.834999
Load workloads needs: 19538632100 ns 
[report] load_thread_ID : 118
[report] load_duration_ns : 19538632100
[report] load_duration_s : 19.538632
[report] load_throughput : 4265.037571
[report] load_average_latency_ns : 234464.523058
Load workloads needs: 19544343000 ns 
[report] load_thread_ID : 103
[report] load_duration_ns : 19544343000
[report] load_duration_s : 19.544343
[report] load_throughput : 4263.791318
[report] load_average_latency_ns : 234533.054132
Load workloads needs: 19554990383 ns 
[report] load_thread_ID : 50
[report] load_duration_ns : 19554990383
[report] load_duration_s : 19.554990
[report] load_throughput : 4261.469751
[report] load_average_latency_ns : 234660.823239
Load workloads needs: 19559876715 ns 
[report] load_thread_ID : 89
[report] load_duration_ns : 19559876715
[report] load_duration_s : 19.559877
[report] load_throughput : 4260.405176
[report] load_average_latency_ns : 234719.459458
Load workloads needs: 19576977877 ns 
[report] load_thread_ID : 54
[report] load_duration_ns : 19576977877
[report] load_duration_s : 19.576978
[report] load_throughput : 4256.683566
[report] load_average_latency_ns : 234924.674223
Load workloads needs: 19578909044 ns 
[report] load_thread_ID : 101
[report] load_duration_ns : 19578909044
[report] load_duration_s : 19.578909
[report] load_throughput : 4256.263708
[report] load_average_latency_ns : 234947.848319
Load workloads needs: 19587440300 ns 
[report] load_thread_ID : 100
[report] load_duration_ns : 19587440300
[report] load_duration_s : 19.587440
[report] load_throughput : 4254.409904
[report] load_average_latency_ns : 235050.223801
Load workloads needs: 19594530378 ns 
[report] load_thread_ID : 76
[report] load_duration_ns : 19594530378
[report] load_duration_s : 19.594530
[report] load_throughput : 4252.870489
[report] load_average_latency_ns : 235135.305077
Load workloads needs: 19612515808 ns 
[report] load_thread_ID : 73
[report] load_duration_ns : 19612515808
[report] load_duration_s : 19.612516
[report] load_throughput : 4248.970444
[report] load_average_latency_ns : 235351.131101
Load workloads needs: 19616664781 ns 
[report] load_thread_ID : 84
[report] load_duration_ns : 19616664781
[report] load_duration_s : 19.616665
[report] load_throughput : 4248.071776
[report] load_average_latency_ns : 235400.918976
Load workloads needs: 19625023077 ns 
[report] load_thread_ID : 53
[report] load_duration_ns : 19625023077
[report] load_duration_s : 19.625023
[report] load_throughput : 4246.262523
[report] load_average_latency_ns : 235501.218929
Load workloads needs: 19641282271 ns 
[report] load_thread_ID : 42
[report] load_duration_ns : 19641282271
[report] load_duration_s : 19.641282
[report] load_throughput : 4242.747436
[report] load_average_latency_ns : 235696.330037
Load workloads needs: 19631576567 ns 
[report] load_thread_ID : 117
[report] load_duration_ns : 19631576567
[report] load_duration_s : 19.631577
[report] load_throughput : 4244.845019
[report] load_average_latency_ns : 235579.861123
Load workloads needs: 19635962570 ns 
[report] load_thread_ID : 114
[report] load_duration_ns : 19635962570
[report] load_duration_s : 19.635963
[report] load_throughput : 4243.896865
[report] load_average_latency_ns : 235632.493370
Load workloads needs: 19637792577 ns 
[report] load_thread_ID : 119
[report] load_duration_ns : 19637792577
[report] load_duration_s : 19.637793
[report] load_throughput : 4243.501385
[report] load_average_latency_ns : 235654.453542
Load workloads needs: 19655340437 ns 
[report] load_thread_ID : 92
[report] load_duration_ns : 19655340437
[report] load_duration_s : 19.655340
[report] load_throughput : 4239.712879
[report] load_average_latency_ns : 235865.028704
Load workloads needs: 19658704632 ns 
[report] load_thread_ID : 102
[report] load_duration_ns : 19658704632
[report] load_duration_s : 19.658705
[report] load_throughput : 4238.987337
[report] load_average_latency_ns : 235905.399206
Load workloads needs: 19670366963 ns 
[report] load_thread_ID : 15
[report] load_duration_ns : 19670366963
[report] load_duration_s : 19.670367
[report] load_throughput : 4236.474091
[report] load_average_latency_ns : 236045.347737
Load workloads needs: 19663273485 ns 
[report] load_thread_ID : 75
[report] load_duration_ns : 19663273485
[report] load_duration_s : 19.663273
[report] load_throughput : 4238.002389
[report] load_average_latency_ns : 235960.225661
Load workloads needs: 19674920296 ns 
[report] load_thread_ID : 22
[report] load_duration_ns : 19674920296
[report] load_duration_s : 19.674920
[report] load_throughput : 4235.493651
[report] load_average_latency_ns : 236099.987952
Load workloads needs: 19688503964 ns 
[report] load_thread_ID : 24
[report] load_duration_ns : 19688503964
[report] load_duration_s : 19.688504
[report] load_throughput : 4232.571462
[report] load_average_latency_ns : 236262.992620
Load workloads needs: 19701095882 ns 
[report] load_thread_ID : 48
[report] load_duration_ns : 19701095882
[report] load_duration_s : 19.701096
[report] load_throughput : 4229.866222
[report] load_average_latency_ns : 236414.096240
Load workloads needs: 19701508391 ns 
[report] load_thread_ID : 91
[report] load_duration_ns : 19701508391
[report] load_duration_s : 19.701508
[report] load_throughput : 4229.777657
[report] load_average_latency_ns : 236419.046368
Load workloads needs: 19745440120 ns 
[report] load_thread_ID : 49
[report] load_duration_ns : 19745440120
[report] load_duration_s : 19.745440
[report] load_throughput : 4220.366803
[report] load_average_latency_ns : 236946.229225
Load workloads needs: 19801401308 ns 
[report] load_thread_ID : 5
[report] load_duration_ns : 19801401308
[report] load_duration_s : 19.801401
[report] load_throughput : 4208.439529
[report] load_average_latency_ns : 237617.766167
Load workloads needs: 19824877768 ns 
[report] load_thread_ID : 52
[report] load_duration_ns : 19824877768
[report] load_duration_s : 19.824878
[report] load_throughput : 4203.455929
[report] load_average_latency_ns : 237899.484814
Load workloads needs: 19894801314 ns 
[report] load_thread_ID : 13
[report] load_duration_ns : 19894801314
[report] load_duration_s : 19.894801
[report] load_throughput : 4188.682193
[report] load_average_latency_ns : 238738.570722
Load workloads needs: 19940133240 ns 
[report] load_thread_ID : 12
[report] load_duration_ns : 19940133240
[report] load_duration_s : 19.940133
[report] load_throughput : 4179.159637
[report] load_average_latency_ns : 239282.556010
Load workloads needs: 19943823864 ns 
[report] load_thread_ID : 37
[report] load_duration_ns : 19943823864
[report] load_duration_s : 19.943824
[report] load_throughput : 4178.386280
[report] load_average_latency_ns : 239326.843675
Load workloads needs: 19964665829 ns 
[report] load_thread_ID : 6
[report] load_duration_ns : 19964665829
[report] load_duration_s : 19.964666
[report] load_throughput : 4174.024284
[report] load_average_latency_ns : 239576.948256
Load workloads needs: 19976088120 ns 
[report] load_thread_ID : 9
[report] load_duration_ns : 19976088120
[report] load_duration_s : 19.976088
[report] load_throughput : 4171.637585
[report] load_average_latency_ns : 239714.016296
Load workloads needs: 20012625289 ns 
[report] load_thread_ID : 62
[report] load_duration_ns : 20012625289
[report] load_duration_s : 20.012625
[report] load_throughput : 4164.021401
[report] load_average_latency_ns : 240152.464078
Load workloads needs: 20020298447 ns 
[report] load_thread_ID : 11
[report] load_duration_ns : 20020298447
[report] load_duration_s : 20.020298
[report] load_throughput : 4162.425461
[report] load_average_latency_ns : 240244.542342
Load workloads needs: 20027821885 ns 
[report] load_thread_ID : 0
[report] load_duration_ns : 20027821885
[report] load_duration_s : 20.027822
[report] load_throughput : 4160.861849
[report] load_average_latency_ns : 240334.823959
Load workloads needs: 20079224281 ns 
[report] load_thread_ID : 3
[report] load_duration_ns : 20079224281
[report] load_duration_s : 20.079224
[report] load_throughput : 4150.210129
[report] load_average_latency_ns : 240951.655179
Load workloads needs: 20111490868 ns 
[report] load_thread_ID : 2
[report] load_duration_ns : 20111490868
[report] load_duration_s : 20.111491
[report] load_throughput : 4143.551592
[report] load_average_latency_ns : 241338.855771
Load workloads needs: 20148024487 ns 
[report] load_thread_ID : 4
[report] load_duration_ns : 20148024487
[report] load_duration_s : 20.148024
[report] load_throughput : 4136.038253
[report] load_average_latency_ns : 241777.260953
Load workloads needs: 20160972796 ns 
[report] load_thread_ID : 64
[report] load_duration_ns : 20160972796
[report] load_duration_s : 20.160973
[report] load_throughput : 4133.381898
[report] load_average_latency_ns : 241932.641283
Load workloads needs: 20249803690 ns 
[report] load_thread_ID : 44
[report] load_duration_ns : 20249803690
[report] load_duration_s : 20.249804
[report] load_throughput : 4115.249771
[report] load_average_latency_ns : 242998.616274
Load workloads needs: 20447345294 ns 
[report] load_thread_ID : 8
[report] load_duration_ns : 20447345294
[report] load_duration_s : 20.447345
[report] load_throughput : 4075.492383
[report] load_average_latency_ns : 245369.125005
Load workloads needs: 20451604797 ns 
[report] load_thread_ID : 63
[report] load_duration_ns : 20451604797
[report] load_duration_s : 20.451605
[report] load_throughput : 4074.643571
[report] load_average_latency_ns : 245420.239245
Load workloads needs: 20642941863 ns 
[report] load_thread_ID : 40
[report] load_duration_ns : 20642941863
[report] load_duration_s : 20.642942
[report] load_throughput : 4036.876166
[report] load_average_latency_ns : 247716.293221
Load workloads needs: 20663066210 ns 
[report] load_thread_ID : 56
[report] load_duration_ns : 20663066210
[report] load_duration_s : 20.663066
[report] load_throughput : 4032.944538
[report] load_average_latency_ns : 247957.786351
Load workloads needs: 20748588078 ns 
[report] load_thread_ID : 60
[report] load_duration_ns : 20748588078
[report] load_duration_s : 20.748588
[report] load_throughput : 4016.321481
[report] load_average_latency_ns : 248984.052872
Load workloads needs: 20898526561 ns 
[report] load_thread_ID : 45
[report] load_duration_ns : 20898526561
[report] load_duration_s : 20.898527
[report] load_throughput : 3987.505997
[report] load_average_latency_ns : 250783.321865
Load workloads needs: 20905837609 ns 
[report] load_thread_ID : 61
[report] load_duration_ns : 20905837609
[report] load_duration_s : 20.905838
[report] load_throughput : 3986.111514
[report] load_average_latency_ns : 250871.054792
Load workloads needs: 20935721360 ns 
[report] load_thread_ID : 59
[report] load_duration_ns : 20935721360
[report] load_duration_s : 20.935721
[report] load_throughput : 3980.421719
[report] load_average_latency_ns : 251229.661239
Load workloads needs: 20974214377 ns 
[report] load_thread_ID : 33
[report] load_duration_ns : 20974214377
[report] load_duration_s : 20.974214
[report] load_throughput : 3973.116633
[report] load_average_latency_ns : 251691.579290
Load workloads needs: 21012697973 ns 
[report] load_thread_ID : 39
[report] load_duration_ns : 21012697973
[report] load_duration_s : 21.012698
[report] load_throughput : 3965.840089
[report] load_average_latency_ns : 252153.384290
Load workloads needs: 21059154507 ns 
[report] load_thread_ID : 47
[report] load_duration_ns : 21059154507
[report] load_duration_s : 21.059155
[report] load_throughput : 3957.091438
[report] load_average_latency_ns : 252710.864927
Load workloads needs: 21089492447 ns 
[report] load_thread_ID : 55
[report] load_duration_ns : 21089492447
[report] load_duration_s : 21.089492
[report] load_throughput : 3951.399030
[report] load_average_latency_ns : 253074.921664
Load workloads needs: 21105918300 ns 
[report] load_thread_ID : 7
[report] load_duration_ns : 21105918300
[report] load_duration_s : 21.105918
[report] load_throughput : 3948.323822
[report] load_average_latency_ns : 253272.032688
Load workloads needs: 21235434246 ns 
[report] load_thread_ID : 34
[report] load_duration_ns : 21235434246
[report] load_duration_s : 21.235434
[report] load_throughput : 3924.242803
[report] load_average_latency_ns : 254826.230257
Load workloads needs: 21271098048 ns 
[report] load_thread_ID : 32
[report] load_duration_ns : 21271098048
[report] load_duration_s : 21.271098
[report] load_throughput : 3917.663292
[report] load_average_latency_ns : 255254.197593
Load workloads needs: 21278547726 ns 
[report] load_thread_ID : 35
[report] load_duration_ns : 21278547726
[report] load_duration_s : 21.278548
[report] load_throughput : 3916.291707
[report] load_average_latency_ns : 255343.594086
Load workloads needs: 21418538625 ns 
[report] load_thread_ID : 38
[report] load_duration_ns : 21418538625
[report] load_duration_s : 21.418539
[report] load_throughput : 3890.694947
[report] load_average_latency_ns : 257023.491594
Load workloads needs: 21467024795 ns 
[report] load_thread_ID : 36
[report] load_duration_ns : 21467024795
[report] load_duration_s : 21.467025
[report] load_throughput : 3881.907288
[report] load_average_latency_ns : 257605.327961
All clients run done needs: 21456925542 ns 
[report] load_overall_duration_ns : 21456925542
[report] load_overall_duration_s : 21.456926
[report] load_overall_throughput : 466049.993063
[report] load_overall_average_latency_ns : 2145.692554
