numactl --membind=0 /mnt/nvme0/home/gxr/mongdb-run/test_mongodb/build//run_client --num_threads=16 --core_binding=0,1,2,3,4,5,6,7,8,9,10,11,12,13,14,15,128,129,130,131,132,133,134,135,136,137,138,139,140,141,142,143,16,17,18,19,20,21,22,23,24,25,26,27,28,29,30,31,144,145,146,147,148,149,150,151,152,153,154,155,156,157,158,159,32,33,34,35,36,37,38,39,40,41,42,43,44,45,46,47,160,161,162,163,164,165,166,167,168,169,170,171,172,173,174,175,48,49,50,51,52,53,54,55,56,57,58,59,60,61,62,63,176,177,178,179,180,181,182,183,184,185,186,187,188,189,190,191 --str_key_size=16 --str_key_size=256 --load_file=/mnt/nvme0/home/gxr/mongdb-run/workloads/ycsb/workloada-load-10000000-10000000.log.formated --run_file=/mnt/nvme0/home/gxr/mongdb-run/workloads/ycsb/workloada-run-10000000-10000000.log.formated --URI_set=mongodb://localhost:27017,mongodb://localhost:27018,mongodb://localhost:27019,mongodb://localhost:27020,mongodb://localhost:27021,mongodb://localhost:27022,mongodb://localhost:27023,mongodb://localhost:27024,mongodb://localhost:27025,mongodb://localhost:27026,mongodb://localhost:27027,mongodb://localhost:27028,mongodb://localhost:27029,mongodb://localhost:27030,mongodb://localhost:27031,mongodb://localhost:27032,mongodb://localhost:27033,mongodb://localhost:27034,mongodb://localhost:27035,mongodb://localhost:27036,mongodb://localhost:27037,mongodb://localhost:27038,mongodb://localhost:27039,mongodb://localhost:27040,mongodb://localhost:27041,mongodb://localhost:27042,mongodb://localhost:27043,mongodb://localhost:27044,mongodb://localhost:27045,mongodb://localhost:27046,mongodb://localhost:27047,mongodb://localhost:27048,mongodb://localhost:27049,mongodb://localhost:27050,mongodb://localhost:27051,mongodb://localhost:27052,mongodb://localhost:27053,mongodb://localhost:27054,mongodb://localhost:27055,mongodb://localhost:27056,mongodb://localhost:27057,mongodb://localhost:27058,mongodb://localhost:27059,mongodb://localhost:27060,mongodb://localhost:27061,mongodb://localhost:27062,mongodb://localhost:27063,mongodb://localhost:27064,mongodb://localhost:27065,mongodb://localhost:27066,mongodb://localhost:27067,mongodb://localhost:27068,mongodb://localhost:27069,mongodb://localhost:27070,mongodb://localhost:27071,mongodb://localhost:27072,mongodb://localhost:27073,mongodb://localhost:27074,mongodb://localhost:27075,mongodb://localhost:27076,mongodb://localhost:27077,mongodb://localhost:27078,mongodb://localhost:27079,mongodb://localhost:27080,mongodb://localhost:27081,mongodb://localhost:27082,mongodb://localhost:27083,mongodb://localhost:27084,mongodb://localhost:27085,mongodb://localhost:27086,mongodb://localhost:27087,mongodb://localhost:27088,mongodb://localhost:27089,mongodb://localhost:27090,mongodb://localhost:27091,mongodb://localhost:27092,mongodb://localhost:27093,mongodb://localhost:27094,mongodb://localhost:27095,mongodb://localhost:27096,mongodb://localhost:27097,mongodb://localhost:27098,mongodb://localhost:27099,mongodb://localhost:27100,mongodb://localhost:27101,mongodb://localhost:27102,mongodb://localhost:27103,mongodb://localhost:27104,mongodb://localhost:27105,mongodb://localhost:27106,mongodb://localhost:27107,mongodb://localhost:27108,mongodb://localhost:27109,mongodb://localhost:27110,mongodb://localhost:27111,mongodb://localhost:27112,mongodb://localhost:27113,mongodb://localhost:27114,mongodb://localhost:27115,mongodb://localhost:27116,mongodb://localhost:27117,mongodb://localhost:27118,mongodb://localhost:27119,mongodb://localhost:27120,mongodb://localhost:27121,mongodb://localhost:27122,mongodb://localhost:27123,mongodb://localhost:27124,mongodb://localhost:27125,mongodb://localhost:27126,mongodb://localhost:27127,mongodb://localhost:27128,mongodb://localhost:27129,mongodb://localhost:27130,mongodb://localhost:27131,mongodb://localhost:27132,mongodb://localhost:27133,mongodb://localhost:27134,mongodb://localhost:27135,mongodb://localhost:27136,mongodb://localhost:27137,mongodb://localhost:27138,mongodb://localhost:27139,mongodb://localhost:27140,mongodb://localhost:27141,mongodb://localhost:27142,mongodb://localhost:27143,mongodb://localhost:27144 --first_mode=false
mongodb://localhost:27017 mongodb://localhost:27018 mongodb://localhost:27019 mongodb://localhost:27020 mongodb://localhost:27021 mongodb://localhost:27022 mongodb://localhost:27023 mongodb://localhost:27024 mongodb://localhost:27025 mongodb://localhost:27026 mongodb://localhost:27027 mongodb://localhost:27028 mongodb://localhost:27029 mongodb://localhost:27030 mongodb://localhost:27031 mongodb://localhost:27032 mongodb://localhost:27033 mongodb://localhost:27034 mongodb://localhost:27035 mongodb://localhost:27036 mongodb://localhost:27037 mongodb://localhost:27038 mongodb://localhost:27039 mongodb://localhost:27040 mongodb://localhost:27041 mongodb://localhost:27042 mongodb://localhost:27043 mongodb://localhost:27044 mongodb://localhost:27045 mongodb://localhost:27046 mongodb://localhost:27047 mongodb://localhost:27048 mongodb://localhost:27049 mongodb://localhost:27050 mongodb://localhost:27051 mongodb://localhost:27052 mongodb://localhost:27053 mongodb://localhost:27054 mongodb://localhost:27055 mongodb://localhost:27056 mongodb://localhost:27057 mongodb://localhost:27058 mongodb://localhost:27059 mongodb://localhost:27060 mongodb://localhost:27061 mongodb://localhost:27062 mongodb://localhost:27063 mongodb://localhost:27064 mongodb://localhost:27065 mongodb://localhost:27066 mongodb://localhost:27067 mongodb://localhost:27068 mongodb://localhost:27069 mongodb://localhost:27070 mongodb://localhost:27071 mongodb://localhost:27072 mongodb://localhost:27073 mongodb://localhost:27074 mongodb://localhost:27075 mongodb://localhost:27076 mongodb://localhost:27077 mongodb://localhost:27078 mongodb://localhost:27079 mongodb://localhost:27080 mongodb://localhost:27081 mongodb://localhost:27082 mongodb://localhost:27083 mongodb://localhost:27084 mongodb://localhost:27085 mongodb://localhost:27086 mongodb://localhost:27087 mongodb://localhost:27088 mongodb://localhost:27089 mongodb://localhost:27090 mongodb://localhost:27091 mongodb://localhost:27092 mongodb://localhost:27093 mongodb://localhost:27094 mongodb://localhost:27095 mongodb://localhost:27096 mongodb://localhost:27097 mongodb://localhost:27098 mongodb://localhost:27099 mongodb://localhost:27100 mongodb://localhost:27101 mongodb://localhost:27102 mongodb://localhost:27103 mongodb://localhost:27104 mongodb://localhost:27105 mongodb://localhost:27106 mongodb://localhost:27107 mongodb://localhost:27108 mongodb://localhost:27109 mongodb://localhost:27110 mongodb://localhost:27111 mongodb://localhost:27112 mongodb://localhost:27113 mongodb://localhost:27114 mongodb://localhost:27115 mongodb://localhost:27116 mongodb://localhost:27117 mongodb://localhost:27118 mongodb://localhost:27119 mongodb://localhost:27120 mongodb://localhost:27121 mongodb://localhost:27122 mongodb://localhost:27123 mongodb://localhost:27124 mongodb://localhost:27125 mongodb://localhost:27126 mongodb://localhost:27127 mongodb://localhost:27128 mongodb://localhost:27129 mongodb://localhost:27130 mongodb://localhost:27131 mongodb://localhost:27132 mongodb://localhost:27133 mongodb://localhost:27134 mongodb://localhost:27135 mongodb://localhost:27136 mongodb://localhost:27137 mongodb://localhost:27138 mongodb://localhost:27139 mongodb://localhost:27140 mongodb://localhost:27141 mongodb://localhost:27142 mongodb://localhost:27143 mongodb://localhost:27144 reading workload files ...
load_filename : /mnt/nvme0/home/gxr/mongdb-run/workloads/ycsb/workloada-load-10000000-10000000.log.formated
read load file needs: 6058794067 s 
run_filename : /mnt/nvme0/home/gxr/mongdb-run/workloads/ycsb/workloada-run-10000000-10000000.log.formated
read run file needs: 6278685869 s 
num_of_load_ops is 10000000
num_of_run_ops is 10000000
0 1 2 3 4 5 6 7 8 9 10 11 12 13 14 15 128 129 130 131 132 133 134 135 136 137 138 139 140 141 142 143 16 17 18 19 20 21 22 23 24 25 26 27 28 29 30 31 144 145 146 147 148 149 150 151 152 153 154 155 156 157 158 159 32 33 34 35 36 37 38 39 40 41 42 43 44 45 46 47 160 161 162 163 164 165 166 167 168 169 170 171 172 173 174 175 48 49 50 51 52 53 54 55 56 57 58 59 60 61 62 63 176 177 178 179 180 181 182 183 184 185 186 187 188 189 190 191 URI: mongodb://localhost:27025
URI: mongodb://localhost:27021
URI: mongodb://localhost:27017
URI: mongodb://localhost:27018
URI: mongodb://localhost:27023
URI: URI: mongodb://localhost:27029URI: 
URI: URI: mongodb://localhost:27024
mongodb://localhost:27022URI: mongodb://localhost:27030
mongodb://localhost:27028
URI: mongodb://localhost:27032
URI: mongodb://localhost:27020
mongodb://localhost:27027
URI: mongodb://localhost:27019
URI: mongodb://localhost:27026
URI: mongodb://localhost:27031

Load workloads needs: 101433177113 ns 
[report] load_thread_ID : 8
[report] load_duration_ns : 101433177113
[report] load_duration_s : 101.433177
[report] load_throughput : 6161.692040
[report] load_average_latency_ns : 162293.083381
Load workloads needs: 103407544624 ns 
[report] load_thread_ID : 7
[report] load_duration_ns : 103407544624
[report] load_duration_s : 103.407545
[report] load_throughput : 6044.046421
[report] load_average_latency_ns : 165452.071398
Load workloads needs: 103772525884 ns 
[report] load_thread_ID : 9
[report] load_duration_ns : 103772525884
[report] load_duration_s : 103.772526
[report] load_throughput : 6022.788736
[report] load_average_latency_ns : 166036.041414
Load workloads needs: 103892157984 ns 
[report] load_thread_ID : 0
[report] load_duration_ns : 103892157984
[report] load_duration_s : 103.892158
[report] load_throughput : 6015.853479
[report] load_average_latency_ns : 166227.452774
Load workloads needs: 103897157578 ns 
[report] load_thread_ID : 3
[report] load_duration_ns : 103897157578
[report] load_duration_s : 103.897158
[report] load_throughput : 6015.563992
[report] load_average_latency_ns : 166235.452125
Load workloads needs: 103979434243 ns 
[report] load_thread_ID : 15
[report] load_duration_ns : 103979434243
[report] load_duration_s : 103.979434
[report] load_throughput : 6010.804007
[report] load_average_latency_ns : 166367.094789
Load workloads needs: 104290823532 ns 
[report] load_thread_ID : 1
[report] load_duration_ns : 104290823532
[report] load_duration_s : 104.290824
[report] load_throughput : 5992.857078
[report] load_average_latency_ns : 166865.317651
Load workloads needs: 104398155583 ns 
[report] load_thread_ID : 6
[report] load_duration_ns : 104398155583
[report] load_duration_s : 104.398156
[report] load_throughput : 5986.695804
[report] load_average_latency_ns : 167037.048933
Load workloads needs: 104583635883 ns 
[report] load_thread_ID : 5
[report] load_duration_ns : 104583635883
[report] load_duration_s : 104.583636
[report] load_throughput : 5976.078329
[report] load_average_latency_ns : 167333.817413
Load workloads needs: 104625549773 ns 
[report] load_thread_ID : 4
[report] load_duration_ns : 104625549773
[report] load_duration_s : 104.625550
[report] load_throughput : 5973.684261
[report] load_average_latency_ns : 167400.879637
Load workloads needs: 104637547013 ns 
[report] load_thread_ID : 14
[report] load_duration_ns : 104637547013
[report] load_duration_s : 104.637547
[report] load_throughput : 5972.999347
[report] load_average_latency_ns : 167420.075221
Load workloads needs: 104684898175 ns 
[report] load_thread_ID : 10
[report] load_duration_ns : 104684898175
[report] load_duration_s : 104.684898
[report] load_throughput : 5970.297635
[report] load_average_latency_ns : 167495.837080
Load workloads needs: 104797475599 ns 
[report] load_thread_ID : 2
[report] load_duration_ns : 104797475599
[report] load_duration_s : 104.797476
[report] load_throughput : 5963.884115
[report] load_average_latency_ns : 167675.960958
Load workloads needs: 104829469521 ns 
[report] load_thread_ID : 13
[report] load_duration_ns : 104829469521
[report] load_duration_s : 104.829470
[report] load_throughput : 5962.063939
[report] load_average_latency_ns : 167727.151234
Load workloads needs: 105010956465 ns 
[report] load_thread_ID : 11
[report] load_duration_ns : 105010956465
[report] load_duration_s : 105.010956
[report] load_throughput : 5951.759902
[report] load_average_latency_ns : 168017.530344
Load workloads needs: 105138108920 ns 
[report] load_thread_ID : 12
[report] load_duration_ns : 105138108920
[report] load_duration_s : 105.138109
[report] load_throughput : 5944.561933
[report] load_average_latency_ns : 168220.974272
All clients run done needs: 105139113716 ns 
[report] load_overall_duration_ns : 105139113716
[report] load_overall_duration_s : 105.139114
[report] load_overall_throughput : 95112.081951
[report] load_overall_average_latency_ns : 10513.911372
