numactl --membind=0 /mnt/nvme0/home/gxr/mongdb-run/test_mongodb/build//run_client --num_threads=58 --core_binding=0,1,2,3,4,5,6,7,8,9,10,11,12,13,14,15,128,129,130,131,132,133,134,135,136,137,138,139,140,141,142,143,16,17,18,19,20,21,22,23,24,25,26,27,28,29,30,31,144,145,146,147,148,149,150,151,152,153,154,155,156,157,158,159,32,33,34,35,36,37,38,39,40,41,42,43,44,45,46,47,160,161,162,163,164,165,166,167,168,169,170,171,172,173,174,175,48,49,50,51,52,53,54,55,56,57,58,59,60,61,62,63,176,177,178,179,180,181,182,183,184,185,186,187,188,189,190,191 --str_key_size=16 --str_key_size=256 --load_file=/mnt/nvme0/home/gxr/mongdb-run/workloads/ycsb/workloada-load-10000000-10000000.log.formated --run_file=/mnt/nvme0/home/gxr/mongdb-run/workloads/ycsb/workloada-run-10000000-10000000.log.formated --URI_set=mongodb://localhost:27017,mongodb://localhost:27018,mongodb://localhost:27019,mongodb://localhost:27020,mongodb://localhost:27021,mongodb://localhost:27022,mongodb://localhost:27023,mongodb://localhost:27024,mongodb://localhost:27025,mongodb://localhost:27026,mongodb://localhost:27027,mongodb://localhost:27028,mongodb://localhost:27029,mongodb://localhost:27030,mongodb://localhost:27031,mongodb://localhost:27032,mongodb://localhost:27033,mongodb://localhost:27034,mongodb://localhost:27035,mongodb://localhost:27036,mongodb://localhost:27037,mongodb://localhost:27038,mongodb://localhost:27039,mongodb://localhost:27040,mongodb://localhost:27041,mongodb://localhost:27042,mongodb://localhost:27043,mongodb://localhost:27044,mongodb://localhost:27045,mongodb://localhost:27046,mongodb://localhost:27047,mongodb://localhost:27048,mongodb://localhost:27049,mongodb://localhost:27050,mongodb://localhost:27051,mongodb://localhost:27052,mongodb://localhost:27053,mongodb://localhost:27054,mongodb://localhost:27055,mongodb://localhost:27056,mongodb://localhost:27057,mongodb://localhost:27058,mongodb://localhost:27059,mongodb://localhost:27060,mongodb://localhost:27061,mongodb://localhost:27062,mongodb://localhost:27063,mongodb://localhost:27064,mongodb://localhost:27065,mongodb://localhost:27066,mongodb://localhost:27067,mongodb://localhost:27068,mongodb://localhost:27069,mongodb://localhost:27070,mongodb://localhost:27071,mongodb://localhost:27072,mongodb://localhost:27073,mongodb://localhost:27074,mongodb://localhost:27075,mongodb://localhost:27076,mongodb://localhost:27077,mongodb://localhost:27078,mongodb://localhost:27079,mongodb://localhost:27080,mongodb://localhost:27081,mongodb://localhost:27082,mongodb://localhost:27083,mongodb://localhost:27084,mongodb://localhost:27085,mongodb://localhost:27086,mongodb://localhost:27087,mongodb://localhost:27088,mongodb://localhost:27089,mongodb://localhost:27090,mongodb://localhost:27091,mongodb://localhost:27092,mongodb://localhost:27093,mongodb://localhost:27094,mongodb://localhost:27095,mongodb://localhost:27096,mongodb://localhost:27097,mongodb://localhost:27098,mongodb://localhost:27099,mongodb://localhost:27100,mongodb://localhost:27101,mongodb://localhost:27102,mongodb://localhost:27103,mongodb://localhost:27104,mongodb://localhost:27105,mongodb://localhost:27106,mongodb://localhost:27107,mongodb://localhost:27108,mongodb://localhost:27109,mongodb://localhost:27110,mongodb://localhost:27111,mongodb://localhost:27112,mongodb://localhost:27113,mongodb://localhost:27114,mongodb://localhost:27115,mongodb://localhost:27116,mongodb://localhost:27117,mongodb://localhost:27118,mongodb://localhost:27119,mongodb://localhost:27120,mongodb://localhost:27121,mongodb://localhost:27122,mongodb://localhost:27123,mongodb://localhost:27124,mongodb://localhost:27125,mongodb://localhost:27126,mongodb://localhost:27127,mongodb://localhost:27128,mongodb://localhost:27129,mongodb://localhost:27130,mongodb://localhost:27131,mongodb://localhost:27132,mongodb://localhost:27133,mongodb://localhost:27134,mongodb://localhost:27135,mongodb://localhost:27136,mongodb://localhost:27137,mongodb://localhost:27138,mongodb://localhost:27139,mongodb://localhost:27140,mongodb://localhost:27141,mongodb://localhost:27142,mongodb://localhost:27143,mongodb://localhost:27144 --first_mode=true
mongodb://localhost:27017 mongodb://localhost:27018 mongodb://localhost:27019 mongodb://localhost:27020 mongodb://localhost:27021 mongodb://localhost:27022 mongodb://localhost:27023 mongodb://localhost:27024 mongodb://localhost:27025 mongodb://localhost:27026 mongodb://localhost:27027 mongodb://localhost:27028 mongodb://localhost:27029 mongodb://localhost:27030 mongodb://localhost:27031 mongodb://localhost:27032 mongodb://localhost:27033 mongodb://localhost:27034 mongodb://localhost:27035 mongodb://localhost:27036 mongodb://localhost:27037 mongodb://localhost:27038 mongodb://localhost:27039 mongodb://localhost:27040 mongodb://localhost:27041 mongodb://localhost:27042 mongodb://localhost:27043 mongodb://localhost:27044 mongodb://localhost:27045 mongodb://localhost:27046 mongodb://localhost:27047 mongodb://localhost:27048 mongodb://localhost:27049 mongodb://localhost:27050 mongodb://localhost:27051 mongodb://localhost:27052 mongodb://localhost:27053 mongodb://localhost:27054 mongodb://localhost:27055 mongodb://localhost:27056 mongodb://localhost:27057 mongodb://localhost:27058 mongodb://localhost:27059 mongodb://localhost:27060 mongodb://localhost:27061 mongodb://localhost:27062 mongodb://localhost:27063 mongodb://localhost:27064 mongodb://localhost:27065 mongodb://localhost:27066 mongodb://localhost:27067 mongodb://localhost:27068 mongodb://localhost:27069 mongodb://localhost:27070 mongodb://localhost:27071 mongodb://localhost:27072 mongodb://localhost:27073 mongodb://localhost:27074 mongodb://localhost:27075 mongodb://localhost:27076 mongodb://localhost:27077 mongodb://localhost:27078 mongodb://localhost:27079 mongodb://localhost:27080 mongodb://localhost:27081 mongodb://localhost:27082 mongodb://localhost:27083 mongodb://localhost:27084 mongodb://localhost:27085 mongodb://localhost:27086 mongodb://localhost:27087 mongodb://localhost:27088 mongodb://localhost:27089 mongodb://localhost:27090 mongodb://localhost:27091 mongodb://localhost:27092 mongodb://localhost:27093 mongodb://localhost:27094 mongodb://localhost:27095 mongodb://localhost:27096 mongodb://localhost:27097 mongodb://localhost:27098 mongodb://localhost:27099 mongodb://localhost:27100 mongodb://localhost:27101 mongodb://localhost:27102 mongodb://localhost:27103 mongodb://localhost:27104 mongodb://localhost:27105 mongodb://localhost:27106 mongodb://localhost:27107 mongodb://localhost:27108 mongodb://localhost:27109 mongodb://localhost:27110 mongodb://localhost:27111 mongodb://localhost:27112 mongodb://localhost:27113 mongodb://localhost:27114 mongodb://localhost:27115 mongodb://localhost:27116 mongodb://localhost:27117 mongodb://localhost:27118 mongodb://localhost:27119 mongodb://localhost:27120 mongodb://localhost:27121 mongodb://localhost:27122 mongodb://localhost:27123 mongodb://localhost:27124 mongodb://localhost:27125 mongodb://localhost:27126 mongodb://localhost:27127 mongodb://localhost:27128 mongodb://localhost:27129 mongodb://localhost:27130 mongodb://localhost:27131 mongodb://localhost:27132 mongodb://localhost:27133 mongodb://localhost:27134 mongodb://localhost:27135 mongodb://localhost:27136 mongodb://localhost:27137 mongodb://localhost:27138 mongodb://localhost:27139 mongodb://localhost:27140 mongodb://localhost:27141 mongodb://localhost:27142 mongodb://localhost:27143 mongodb://localhost:27144 reading workload files ...
load_filename : /mnt/nvme0/home/gxr/mongdb-run/workloads/ycsb/workloada-load-10000000-10000000.log.formated
read load file needs: 5881693131 s 
run_filename : /mnt/nvme0/home/gxr/mongdb-run/workloads/ycsb/workloada-run-10000000-10000000.log.formated
read run file needs: 6004357884 s 
num_of_load_ops is 10000000
num_of_run_ops is 10000000
0 1 2 3 4 5 6 7 8 9 10 11 12 13 14 15 128 129 130 131 132 133 134 135 136 137 138 139 140 141 142 143 16 17 18 19 20 21 22 23 24 25 26 27 28 29 30 31 144 145 146 147 148 149 150 151 152 153 154 155 156 157 158 159 32 33 34 35 36 37 38 39 40 41 42 43 44 45 46 47 160 161 162 163 164 165 166 167 168 169 170 171 172 173 174 175 48 49 50 51 52 53 54 55 56 57 58 59 60 61 62 63 176 177 178 179 180 181 182 183 184 185 186 187 188 189 190 191 URI: URI: mongodb://localhost:27017
mongodb://localhost:27017
URI: mongodb://localhost:27017
URI: mongodb://localhost:27017
URI: mongodb://localhost:27017
URI: URI: URI: URI: mongodb://localhost:27017
URI: mongodb://localhost:27017
URI: URI: URI: mongodb://localhost:27017mongodb://localhost:27017
URI: mongodb://localhost:27017
URI: mongodb://localhost:27017
URI: mongodb://localhost:27017
mongodb://localhost:27017
URI: mongodb://localhost:27017
URI: mongodb://localhost:27017
mongodb://localhost:27017

mongodb://localhost:27017
mongodb://localhost:27017
URI: mongodb://localhost:27017
URI: mongodb://localhost:27017
URI: mongodb://localhost:27017
URI: mongodb://localhost:27017
URI: mongodb://localhost:27017
URI: mongodb://localhost:27017
URI: mongodb://localhost:27017
URI: mongodb://localhost:27017
URI: mongodb://localhost:27017
URI: mongodb://localhost:27017
URI: mongodb://localhost:27017
URI: mongodb://localhost:27017
URI: mongodb://localhost:27017
URI: mongodb://localhost:27017
URI: mongodb://localhost:27017
URI: mongodb://localhost:27017URI: mongodb://localhost:27017

URI: mongodb://localhost:27017
URI: mongodb://localhost:27017
URI: mongodb://localhost:27017
URI: mongodb://localhost:27017
URI: mongodb://localhost:27017
URI: mongodb://localhost:27017
URI: mongodb://localhost:27017
URI: mongodb://localhost:27017
URI: mongodb://localhost:27017
URI: mongodb://localhost:27017
URI: mongodb://localhost:27017
URI: mongodb://localhost:27017
URI: mongodb://localhost:27017
URI: mongodb://localhost:27017
URI: mongodb://localhost:27017
URI: mongodb://localhost:27017
URI: mongodb://localhost:27017
URI: mongodb://localhost:27017
URI: mongodb://localhost:27017
URI: mongodb://localhost:27017
URI: mongodb://localhost:27017
URI: mongodb://localhost:27017
URI: mongodb://localhost:27017
Load workloads needs: 36830217909 ns 
[report] load_thread_ID : 57
[report] load_duration_ns : 36830217909
[report] load_duration_s : 36.830218
[report] load_throughput : 4681.291879
[report] load_average_latency_ns : 213616.246507
Load workloads needs: 37105548297 ns 
[report] load_thread_ID : 56
[report] load_duration_ns : 37105548297
[report] load_duration_s : 37.105548
[report] load_throughput : 4646.555782
[report] load_average_latency_ns : 215213.170103
Load workloads needs: 40044458729 ns 
[report] load_thread_ID : 41
[report] load_duration_ns : 40044458729
[report] load_duration_s : 40.044459
[report] load_throughput : 4305.539530
[report] load_average_latency_ns : 232258.929019
Load workloads needs: 41408279064 ns 
[report] load_thread_ID : 42
[report] load_duration_ns : 41408279064
[report] load_duration_s : 41.408279
[report] load_throughput : 4163.732565
[report] load_average_latency_ns : 240169.123349
Load workloads needs: 41442556670 ns 
[report] load_thread_ID : 46
[report] load_duration_ns : 41442556670
[report] load_duration_s : 41.442557
[report] load_throughput : 4160.288695
[report] load_average_latency_ns : 240367.934378
Load workloads needs: 41454950229 ns 
[report] load_thread_ID : 47
[report] load_duration_ns : 41454950229
[report] load_duration_s : 41.454950
[report] load_throughput : 4159.044916
[report] load_average_latency_ns : 240439.817351
Load workloads needs: 41499005504 ns 
[report] load_thread_ID : 40
[report] load_duration_ns : 41499005504
[report] load_duration_s : 41.499006
[report] load_throughput : 4154.629681
[report] load_average_latency_ns : 240695.339122
Load workloads needs: 41526624692 ns 
[report] load_thread_ID : 44
[report] load_duration_ns : 41526624692
[report] load_duration_s : 41.526625
[report] load_throughput : 4151.866454
[report] load_average_latency_ns : 240855.531149
Load workloads needs: 41567592836 ns 
[report] load_thread_ID : 45
[report] load_duration_ns : 41567592836
[report] load_duration_s : 41.567593
[report] load_throughput : 4147.774462
[report] load_average_latency_ns : 241093.147477
Load workloads needs: 41588005718 ns 
[report] load_thread_ID : 43
[report] load_duration_ns : 41588005718
[report] load_duration_s : 41.588006
[report] load_throughput : 4145.738586
[report] load_average_latency_ns : 241211.542737
Load workloads needs: 42639534558 ns 
[report] load_thread_ID : 50
[report] load_duration_ns : 42639534558
[report] load_duration_s : 42.639535
[report] load_throughput : 4043.500985
[report] load_average_latency_ns : 247310.438064
Load workloads needs: 42790831046 ns 
[report] load_thread_ID : 49
[report] load_duration_ns : 42790831046
[report] load_duration_s : 42.790831
[report] load_throughput : 4029.204289
[report] load_average_latency_ns : 248187.961731
Load workloads needs: 42935670827 ns 
[report] load_thread_ID : 31
[report] load_duration_ns : 42935670827
[report] load_duration_s : 42.935671
[report] load_throughput : 4015.612116
[report] load_average_latency_ns : 249028.036326
Load workloads needs: 42939101146 ns 
[report] load_thread_ID : 17
[report] load_duration_ns : 42939101146
[report] load_duration_s : 42.939101
[report] load_throughput : 4015.291317
[report] load_average_latency_ns : 249047.932267
Load workloads needs: 42956409709 ns 
[report] load_thread_ID : 34
[report] load_duration_ns : 42956409709
[report] load_duration_s : 42.956410
[report] load_throughput : 4013.673423
[report] load_average_latency_ns : 249148.322394
Load workloads needs: 42978132567 ns 
[report] load_thread_ID : 28
[report] load_duration_ns : 42978132567
[report] load_duration_s : 42.978133
[report] load_throughput : 4011.644753
[report] load_average_latency_ns : 249274.315550
Load workloads needs: 43000247414 ns 
[report] load_thread_ID : 19
[report] load_duration_ns : 43000247414
[report] load_duration_s : 43.000247
[report] load_throughput : 4009.581581
[report] load_average_latency_ns : 249402.582253
Load workloads needs: 42998669878 ns 
[report] load_thread_ID : 51
[report] load_duration_ns : 42998669878
[report] load_duration_s : 42.998670
[report] load_throughput : 4009.728684
[report] load_average_latency_ns : 249393.432502
Load workloads needs: 43073460982 ns 
[report] load_thread_ID : 23
[report] load_duration_ns : 43073460982
[report] load_duration_s : 43.073461
[report] load_throughput : 4002.766345
[report] load_average_latency_ns : 249827.222901
Load workloads needs: 43074955496 ns 
[report] load_thread_ID : 27
[report] load_duration_ns : 43074955496
[report] load_duration_s : 43.074955
[report] load_throughput : 4002.627467
[report] load_average_latency_ns : 249835.891122
Load workloads needs: 43076889820 ns 
[report] load_thread_ID : 15
[report] load_duration_ns : 43076889820
[report] load_duration_s : 43.076890
[report] load_throughput : 4002.447733
[report] load_average_latency_ns : 249847.110253
Load workloads needs: 43096579594 ns 
[report] load_thread_ID : 32
[report] load_duration_ns : 43096579594
[report] load_duration_s : 43.096580
[report] load_throughput : 4000.619112
[report] load_average_latency_ns : 249961.311467
Load workloads needs: 43108154307 ns 
[report] load_thread_ID : 53
[report] load_duration_ns : 43108154307
[report] load_duration_s : 43.108154
[report] load_throughput : 3999.544930
[report] load_average_latency_ns : 250028.445111
Load workloads needs: 43113209020 ns 
[report] load_thread_ID : 21
[report] load_duration_ns : 43113209020
[report] load_duration_s : 43.113209
[report] load_throughput : 3999.076012
[report] load_average_latency_ns : 250057.762582
Load workloads needs: 43115344992 ns 
[report] load_thread_ID : 26
[report] load_duration_ns : 43115344992
[report] load_duration_s : 43.115345
[report] load_throughput : 3998.877894
[report] load_average_latency_ns : 250070.151276
Load workloads needs: 43121245783 ns 
[report] load_thread_ID : 3
[report] load_duration_ns : 43121245783
[report] load_duration_s : 43.121246
[report] load_throughput : 3998.330681
[report] load_average_latency_ns : 250104.376022
Load workloads needs: 43134975128 ns 
[report] load_thread_ID : 22
[report] load_duration_ns : 43134975128
[report] load_duration_s : 43.134975
[report] load_throughput : 3997.058060
[report] load_average_latency_ns : 250184.006589
Load workloads needs: 43136138064 ns 
[report] load_thread_ID : 1
[report] load_duration_ns : 43136138064
[report] load_duration_s : 43.136138
[report] load_throughput : 3996.950301
[report] load_average_latency_ns : 250190.751649
Load workloads needs: 43133182583 ns 
[report] load_thread_ID : 54
[report] load_duration_ns : 43133182583
[report] load_duration_s : 43.133183
[report] load_throughput : 3997.224171
[report] load_average_latency_ns : 250173.609780
Load workloads needs: 43163280074 ns 
[report] load_thread_ID : 55
[report] load_duration_ns : 43163280074
[report] load_duration_s : 43.163280
[report] load_throughput : 3994.436931
[report] load_average_latency_ns : 250348.176031
Load workloads needs: 43164059201 ns 
[report] load_thread_ID : 52
[report] load_duration_ns : 43164059201
[report] load_duration_s : 43.164059
[report] load_throughput : 3994.364830
[report] load_average_latency_ns : 250352.694988
Load workloads needs: 43199817422 ns 
[report] load_thread_ID : 48
[report] load_duration_ns : 43199817422
[report] load_duration_s : 43.199817
[report] load_throughput : 3991.058534
[report] load_average_latency_ns : 250560.093624
Load workloads needs: 43244446896 ns 
[report] load_thread_ID : 10
[report] load_duration_ns : 43244446896
[report] load_duration_s : 43.244447
[report] load_throughput : 3986.939651
[report] load_average_latency_ns : 250818.945764
Load workloads needs: 43269334782 ns 
[report] load_thread_ID : 30
[report] load_duration_ns : 43269334782
[report] load_duration_s : 43.269335
[report] load_throughput : 3984.646422
[report] load_average_latency_ns : 250963.296167
Load workloads needs: 43277436986 ns 
[report] load_thread_ID : 12
[report] load_duration_ns : 43277436986
[report] load_duration_s : 43.277437
[report] load_throughput : 3983.900434
[report] load_average_latency_ns : 251010.289166
Load workloads needs: 43285601499 ns 
[report] load_thread_ID : 5
[report] load_duration_ns : 43285601499
[report] load_duration_s : 43.285601
[report] load_throughput : 3983.148992
[report] load_average_latency_ns : 251057.643559
Load workloads needs: 43296017774 ns 
[report] load_thread_ID : 29
[report] load_duration_ns : 43296017774
[report] load_duration_s : 43.296018
[report] load_throughput : 3982.190716
[report] load_average_latency_ns : 251118.058232
Load workloads needs: 43315665169 ns 
[report] load_thread_ID : 38
[report] load_duration_ns : 43315665169
[report] load_duration_s : 43.315665
[report] load_throughput : 3980.384448
[report] load_average_latency_ns : 251232.013647
Load workloads needs: 43323447393 ns 
[report] load_thread_ID : 36
[report] load_duration_ns : 43323447393
[report] load_duration_s : 43.323447
[report] load_throughput : 3979.669449
[report] load_average_latency_ns : 251277.150754
Load workloads needs: 43330735259 ns 
[report] load_thread_ID : 37
[report] load_duration_ns : 43330735259
[report] load_duration_s : 43.330735
[report] load_throughput : 3979.000102
[report] load_average_latency_ns : 251319.420572
Load workloads needs: 43333047822 ns 
[report] load_thread_ID : 33
[report] load_duration_ns : 43333047822
[report] load_duration_s : 43.333048
[report] load_throughput : 3978.787754
[report] load_average_latency_ns : 251332.833499
Load workloads needs: 43362268205 ns 
[report] load_thread_ID : 35
[report] load_duration_ns : 43362268205
[report] load_duration_s : 43.362268
[report] load_throughput : 3976.106582
[report] load_average_latency_ns : 251502.312500
Load workloads needs: 43376112490 ns 
[report] load_thread_ID : 13
[report] load_duration_ns : 43376112490
[report] load_duration_s : 43.376112
[report] load_throughput : 3974.837534
[report] load_average_latency_ns : 251582.609722
Load workloads needs: 43381723651 ns 
[report] load_thread_ID : 16
[report] load_duration_ns : 43381723651
[report] load_duration_s : 43.381724
[report] load_throughput : 3974.323413
[report] load_average_latency_ns : 251615.154606
Load workloads needs: 43383309886 ns 
[report] load_thread_ID : 6
[report] load_duration_ns : 43383309886
[report] load_duration_s : 43.383310
[report] load_throughput : 3974.178099
[report] load_average_latency_ns : 251624.354811
Load workloads needs: 43409074790 ns 
[report] load_thread_ID : 20
[report] load_duration_ns : 43409074790
[report] load_duration_s : 43.409075
[report] load_throughput : 3971.819276
[report] load_average_latency_ns : 251773.791941
Load workloads needs: 43410949954 ns 
[report] load_thread_ID : 11
[report] load_duration_ns : 43410949954
[report] load_duration_s : 43.410950
[report] load_throughput : 3971.647711
[report] load_average_latency_ns : 251784.667943
Load workloads needs: 43449765815 ns 
[report] load_thread_ID : 39
[report] load_duration_ns : 43449765815
[report] load_duration_s : 43.449766
[report] load_throughput : 3968.099638
[report] load_average_latency_ns : 252009.800972
Load workloads needs: 43469047952 ns 
[report] load_thread_ID : 24
[report] load_duration_ns : 43469047952
[report] load_duration_s : 43.469048
[report] load_throughput : 3966.339456
[report] load_average_latency_ns : 252121.637881
Load workloads needs: 43470402617 ns 
[report] load_thread_ID : 7
[report] load_duration_ns : 43470402617
[report] load_duration_s : 43.470403
[report] load_throughput : 3966.215853
[report] load_average_latency_ns : 252129.494974
Load workloads needs: 43472457930 ns 
[report] load_thread_ID : 14
[report] load_duration_ns : 43472457930
[report] load_duration_s : 43.472458
[report] load_throughput : 3966.028336
[report] load_average_latency_ns : 252141.415845
Load workloads needs: 43575975388 ns 
[report] load_thread_ID : 4
[report] load_duration_ns : 43575975388
[report] load_duration_s : 43.575975
[report] load_throughput : 3956.606788
[report] load_average_latency_ns : 252741.819863
Load workloads needs: 43619206785 ns 
[report] load_thread_ID : 8
[report] load_duration_ns : 43619206785
[report] load_duration_s : 43.619207
[report] load_throughput : 3952.685358
[report] load_average_latency_ns : 252992.563119
Load workloads needs: 43664639484 ns 
[report] load_thread_ID : 18
[report] load_duration_ns : 43664639484
[report] load_duration_s : 43.664639
[report] load_throughput : 3948.572622
[report] load_average_latency_ns : 253256.073985
Load workloads needs: 43680677681 ns 
[report] load_thread_ID : 0
[report] load_duration_ns : 43680677681
[report] load_duration_s : 43.680678
[report] load_throughput : 3947.122828
[report] load_average_latency_ns : 253349.095956
Load workloads needs: 43700869014 ns 
[report] load_thread_ID : 25
[report] load_duration_ns : 43700869014
[report] load_duration_s : 43.700869
[report] load_throughput : 3945.299119
[report] load_average_latency_ns : 253466.206226
Load workloads needs: 43832991657 ns 
[report] load_thread_ID : 2
[report] load_duration_ns : 43832991657
[report] load_duration_s : 43.832992
[report] load_throughput : 3933.407086
[report] load_average_latency_ns : 254232.521080
Load workloads needs: 43956146949 ns 
[report] load_thread_ID : 9
[report] load_duration_ns : 43956146949
[report] load_duration_s : 43.956147
[report] load_throughput : 3922.386559
[report] load_average_latency_ns : 254946.825060
All clients run done needs: 43952318492 ns 
[report] load_overall_duration_ns : 43952318492
[report] load_overall_duration_s : 43.952318
[report] load_overall_throughput : 227519.283239
[report] load_overall_average_latency_ns : 4395.231849
