numactl --membind=0 /mnt/nvme0/home/gxr/mongdb-run/test_mongodb/build//run_client --num_threads=46 --core_binding=0,1,2,3,4,5,6,7,8,9,10,11,12,13,14,15,128,129,130,131,132,133,134,135,136,137,138,139,140,141,142,143,16,17,18,19,20,21,22,23,24,25,26,27,28,29,30,31,144,145,146,147,148,149,150,151,152,153,154,155,156,157,158,159,32,33,34,35,36,37,38,39,40,41,42,43,44,45,46,47,160,161,162,163,164,165,166,167,168,169,170,171,172,173,174,175,48,49,50,51,52,53,54,55,56,57,58,59,60,61,62,63,176,177,178,179,180,181,182,183,184,185,186,187,188,189,190,191 --str_key_size=16 --str_key_size=256 --load_file=/mnt/nvme0/home/gxr/mongdb-run/workloads/ycsb/workloada-load-10000000-10000000.log.formated --run_file=/mnt/nvme0/home/gxr/mongdb-run/workloads/ycsb/workloada-run-10000000-10000000.log.formated --URI_set=mongodb://localhost:27017,mongodb://localhost:27018,mongodb://localhost:27019,mongodb://localhost:27020,mongodb://localhost:27021,mongodb://localhost:27022,mongodb://localhost:27023,mongodb://localhost:27024,mongodb://localhost:27025,mongodb://localhost:27026,mongodb://localhost:27027,mongodb://localhost:27028,mongodb://localhost:27029,mongodb://localhost:27030,mongodb://localhost:27031,mongodb://localhost:27032,mongodb://localhost:27033,mongodb://localhost:27034,mongodb://localhost:27035,mongodb://localhost:27036,mongodb://localhost:27037,mongodb://localhost:27038,mongodb://localhost:27039,mongodb://localhost:27040,mongodb://localhost:27041,mongodb://localhost:27042,mongodb://localhost:27043,mongodb://localhost:27044,mongodb://localhost:27045,mongodb://localhost:27046,mongodb://localhost:27047,mongodb://localhost:27048,mongodb://localhost:27049,mongodb://localhost:27050,mongodb://localhost:27051,mongodb://localhost:27052,mongodb://localhost:27053,mongodb://localhost:27054,mongodb://localhost:27055,mongodb://localhost:27056,mongodb://localhost:27057,mongodb://localhost:27058,mongodb://localhost:27059,mongodb://localhost:27060,mongodb://localhost:27061,mongodb://localhost:27062,mongodb://localhost:27063,mongodb://localhost:27064,mongodb://localhost:27065,mongodb://localhost:27066,mongodb://localhost:27067,mongodb://localhost:27068,mongodb://localhost:27069,mongodb://localhost:27070,mongodb://localhost:27071,mongodb://localhost:27072,mongodb://localhost:27073,mongodb://localhost:27074,mongodb://localhost:27075,mongodb://localhost:27076,mongodb://localhost:27077,mongodb://localhost:27078,mongodb://localhost:27079,mongodb://localhost:27080,mongodb://localhost:27081,mongodb://localhost:27082,mongodb://localhost:27083,mongodb://localhost:27084,mongodb://localhost:27085,mongodb://localhost:27086,mongodb://localhost:27087,mongodb://localhost:27088,mongodb://localhost:27089,mongodb://localhost:27090,mongodb://localhost:27091,mongodb://localhost:27092,mongodb://localhost:27093,mongodb://localhost:27094,mongodb://localhost:27095,mongodb://localhost:27096,mongodb://localhost:27097,mongodb://localhost:27098,mongodb://localhost:27099,mongodb://localhost:27100,mongodb://localhost:27101,mongodb://localhost:27102,mongodb://localhost:27103,mongodb://localhost:27104,mongodb://localhost:27105,mongodb://localhost:27106,mongodb://localhost:27107,mongodb://localhost:27108,mongodb://localhost:27109,mongodb://localhost:27110,mongodb://localhost:27111,mongodb://localhost:27112,mongodb://localhost:27113,mongodb://localhost:27114,mongodb://localhost:27115,mongodb://localhost:27116,mongodb://localhost:27117,mongodb://localhost:27118,mongodb://localhost:27119,mongodb://localhost:27120,mongodb://localhost:27121,mongodb://localhost:27122,mongodb://localhost:27123,mongodb://localhost:27124,mongodb://localhost:27125,mongodb://localhost:27126,mongodb://localhost:27127,mongodb://localhost:27128,mongodb://localhost:27129,mongodb://localhost:27130,mongodb://localhost:27131,mongodb://localhost:27132,mongodb://localhost:27133,mongodb://localhost:27134,mongodb://localhost:27135,mongodb://localhost:27136,mongodb://localhost:27137,mongodb://localhost:27138,mongodb://localhost:27139,mongodb://localhost:27140,mongodb://localhost:27141,mongodb://localhost:27142,mongodb://localhost:27143,mongodb://localhost:27144 --first_mode=true
mongodb://localhost:27017 mongodb://localhost:27018 mongodb://localhost:27019 mongodb://localhost:27020 mongodb://localhost:27021 mongodb://localhost:27022 mongodb://localhost:27023 mongodb://localhost:27024 mongodb://localhost:27025 mongodb://localhost:27026 mongodb://localhost:27027 mongodb://localhost:27028 mongodb://localhost:27029 mongodb://localhost:27030 mongodb://localhost:27031 mongodb://localhost:27032 mongodb://localhost:27033 mongodb://localhost:27034 mongodb://localhost:27035 mongodb://localhost:27036 mongodb://localhost:27037 mongodb://localhost:27038 mongodb://localhost:27039 mongodb://localhost:27040 mongodb://localhost:27041 mongodb://localhost:27042 mongodb://localhost:27043 mongodb://localhost:27044 mongodb://localhost:27045 mongodb://localhost:27046 mongodb://localhost:27047 mongodb://localhost:27048 mongodb://localhost:27049 mongodb://localhost:27050 mongodb://localhost:27051 mongodb://localhost:27052 mongodb://localhost:27053 mongodb://localhost:27054 mongodb://localhost:27055 mongodb://localhost:27056 mongodb://localhost:27057 mongodb://localhost:27058 mongodb://localhost:27059 mongodb://localhost:27060 mongodb://localhost:27061 mongodb://localhost:27062 mongodb://localhost:27063 mongodb://localhost:27064 mongodb://localhost:27065 mongodb://localhost:27066 mongodb://localhost:27067 mongodb://localhost:27068 mongodb://localhost:27069 mongodb://localhost:27070 mongodb://localhost:27071 mongodb://localhost:27072 mongodb://localhost:27073 mongodb://localhost:27074 mongodb://localhost:27075 mongodb://localhost:27076 mongodb://localhost:27077 mongodb://localhost:27078 mongodb://localhost:27079 mongodb://localhost:27080 mongodb://localhost:27081 mongodb://localhost:27082 mongodb://localhost:27083 mongodb://localhost:27084 mongodb://localhost:27085 mongodb://localhost:27086 mongodb://localhost:27087 mongodb://localhost:27088 mongodb://localhost:27089 mongodb://localhost:27090 mongodb://localhost:27091 mongodb://localhost:27092 mongodb://localhost:27093 mongodb://localhost:27094 mongodb://localhost:27095 mongodb://localhost:27096 mongodb://localhost:27097 mongodb://localhost:27098 mongodb://localhost:27099 mongodb://localhost:27100 mongodb://localhost:27101 mongodb://localhost:27102 mongodb://localhost:27103 mongodb://localhost:27104 mongodb://localhost:27105 mongodb://localhost:27106 mongodb://localhost:27107 mongodb://localhost:27108 mongodb://localhost:27109 mongodb://localhost:27110 mongodb://localhost:27111 mongodb://localhost:27112 mongodb://localhost:27113 mongodb://localhost:27114 mongodb://localhost:27115 mongodb://localhost:27116 mongodb://localhost:27117 mongodb://localhost:27118 mongodb://localhost:27119 mongodb://localhost:27120 mongodb://localhost:27121 mongodb://localhost:27122 mongodb://localhost:27123 mongodb://localhost:27124 mongodb://localhost:27125 mongodb://localhost:27126 mongodb://localhost:27127 mongodb://localhost:27128 mongodb://localhost:27129 mongodb://localhost:27130 mongodb://localhost:27131 mongodb://localhost:27132 mongodb://localhost:27133 mongodb://localhost:27134 mongodb://localhost:27135 mongodb://localhost:27136 mongodb://localhost:27137 mongodb://localhost:27138 mongodb://localhost:27139 mongodb://localhost:27140 mongodb://localhost:27141 mongodb://localhost:27142 mongodb://localhost:27143 mongodb://localhost:27144 reading workload files ...
load_filename : /mnt/nvme0/home/gxr/mongdb-run/workloads/ycsb/workloada-load-10000000-10000000.log.formated
read load file needs: 5924692644 s 
run_filename : /mnt/nvme0/home/gxr/mongdb-run/workloads/ycsb/workloada-run-10000000-10000000.log.formated
read run file needs: 6045774075 s 
num_of_load_ops is 10000000
num_of_run_ops is 10000000
0 1 2 3 4 5 6 7 8 9 10 11 12 13 14 15 128 129 130 131 132 133 134 135 136 137 138 139 140 141 142 143 16 17 18 19 20 21 22 23 24 25 26 27 28 29 30 31 144 145 146 147 148 149 150 151 152 153 154 155 156 157 158 159 32 33 34 35 36 37 38 39 40 41 42 43 44 45 46 47 160 161 162 163 164 165 166 167 168 169 170 171 172 173 174 175 48 49 50 51 52 53 54 55 56 57 58 59 60 61 62 63 176 177 178 179 180 181 182 183 184 185 186 187 188 189 190 191 URI: mongodb://localhost:27017
URI: mongodb://localhost:27017
URI: URI: mongodb://localhost:27017URI: URI: mongodb://localhost:27017
URI: mongodb://localhost:27017

mongodb://localhost:27017
URI: mongodb://localhost:27017
mongodb://localhost:27017
URI: mongodb://localhost:27017
URI: mongodb://localhost:27017
URI: URI: mongodb://localhost:27017mongodb://localhost:27017
URI: mongodb://localhost:27017URI: URI: URI: mongodb://localhost:27017

mongodb://localhost:27017
mongodb://localhost:27017URI: 
mongodb://localhost:27017
URI: 
URI: mongodb://localhost:27017
mongodb://localhost:27017
URI: mongodb://localhost:27017
URI: mongodb://localhost:27017
URI: mongodb://localhost:27017
URI: mongodb://localhost:27017
URI: mongodb://localhost:27017
URI: mongodb://localhost:27017
URI: mongodb://localhost:27017
URI: mongodb://localhost:27017
URI: mongodb://localhost:27017
URI: mongodb://localhost:27017
URI: mongodb://localhost:27017
URI: mongodb://localhost:27017
URI: mongodb://localhost:27017
URI: mongodb://localhost:27017
URI: mongodb://localhost:27017
URI: mongodb://localhost:27017
URI: mongodb://localhost:27017
URI: mongodb://localhost:27017
URI: mongodb://localhost:27017
URI: mongodb://localhost:27017
URI: mongodb://localhost:27017
URI: mongodb://localhost:27017
URI: mongodb://localhost:27017
URI: mongodb://localhost:27017
URI: mongodb://localhost:27017
URI: mongodb://localhost:27017
URI: mongodb://localhost:27017
Load workloads needs: 37618819210 ns 
[report] load_thread_ID : 45
[report] load_duration_ns : 37618819210
[report] load_duration_s : 37.618819
[report] load_throughput : 5778.783188
[report] load_average_latency_ns : 173046.810632
Load workloads needs: 38583395782 ns 
[report] load_thread_ID : 40
[report] load_duration_ns : 38583395782
[report] load_duration_s : 38.583396
[report] load_throughput : 5634.314855
[report] load_average_latency_ns : 177483.869075
Load workloads needs: 39028183141 ns 
[report] load_thread_ID : 44
[report] load_duration_ns : 39028183141
[report] load_duration_s : 39.028183
[report] load_throughput : 5570.103000
[report] load_average_latency_ns : 179529.893790
Load workloads needs: 39069868625 ns 
[report] load_thread_ID : 43
[report] load_duration_ns : 39069868625
[report] load_duration_s : 39.069869
[report] load_throughput : 5564.159995
[report] load_average_latency_ns : 179721.647285
Load workloads needs: 39179205496 ns 
[report] load_thread_ID : 42
[report] load_duration_ns : 39179205496
[report] load_duration_s : 39.179205
[report] load_throughput : 5548.632170
[report] load_average_latency_ns : 180224.597596
Load workloads needs: 39438347024 ns 
[report] load_thread_ID : 41
[report] load_duration_ns : 39438347024
[report] load_duration_s : 39.438347
[report] load_throughput : 5512.173212
[report] load_average_latency_ns : 181416.650294
Load workloads needs: 41717058419 ns 
[report] load_thread_ID : 38
[report] load_duration_ns : 41717058419
[report] load_duration_s : 41.717058
[report] load_throughput : 5211.081707
[report] load_average_latency_ns : 191898.737386
Load workloads needs: 41744246109 ns 
[report] load_thread_ID : 35
[report] load_duration_ns : 41744246109
[report] load_duration_s : 41.744246
[report] load_throughput : 5207.687772
[report] load_average_latency_ns : 192023.800935
Load workloads needs: 41849413894 ns 
[report] load_thread_ID : 34
[report] load_duration_ns : 41849413894
[report] load_duration_s : 41.849414
[report] load_throughput : 5194.600826
[report] load_average_latency_ns : 192507.573423
Load workloads needs: 41884421599 ns 
[report] load_thread_ID : 33
[report] load_duration_ns : 41884421599
[report] load_duration_s : 41.884422
[report] load_throughput : 5190.259092
[report] load_average_latency_ns : 192668.609091
Load workloads needs: 42002702000 ns 
[report] load_thread_ID : 39
[report] load_duration_ns : 42002702000
[report] load_duration_s : 42.002702
[report] load_throughput : 5175.643224
[report] load_average_latency_ns : 193212.699698
Load workloads needs: 42039153291 ns 
[report] load_thread_ID : 32
[report] load_duration_ns : 42039153291
[report] load_duration_s : 42.039153
[report] load_throughput : 5171.155530
[report] load_average_latency_ns : 193380.375871
Load workloads needs: 42156606835 ns 
[report] load_thread_ID : 37
[report] load_duration_ns : 42156606835
[report] load_duration_s : 42.156607
[report] load_throughput : 5156.748048
[report] load_average_latency_ns : 193920.662930
Load workloads needs: 42202911413 ns 
[report] load_thread_ID : 36
[report] load_duration_ns : 42202911413
[report] load_duration_s : 42.202911
[report] load_throughput : 5151.090120
[report] load_average_latency_ns : 194133.664287
Load workloads needs: 48871499276 ns 
[report] load_thread_ID : 24
[report] load_duration_ns : 48871499276
[report] load_duration_s : 48.871499
[report] load_throughput : 4448.216306
[report] load_average_latency_ns : 224809.211402
Load workloads needs: 48909790460 ns 
[report] load_thread_ID : 21
[report] load_duration_ns : 48909790460
[report] load_duration_s : 48.909790
[report] load_throughput : 4444.733824
[report] load_average_latency_ns : 224985.351095
Load workloads needs: 49006578062 ns 
[report] load_thread_ID : 16
[report] load_duration_ns : 49006578062
[report] load_duration_s : 49.006578
[report] load_throughput : 4435.955510
[report] load_average_latency_ns : 225430.574688
Load workloads needs: 49048335875 ns 
[report] load_thread_ID : 20
[report] load_duration_ns : 49048335875
[report] load_duration_s : 49.048336
[report] load_throughput : 4432.178913
[report] load_average_latency_ns : 225622.660897
Load workloads needs: 49047812436 ns 
[report] load_thread_ID : 26
[report] load_duration_ns : 49047812436
[report] load_duration_s : 49.047812
[report] load_throughput : 4432.226214
[report] load_average_latency_ns : 225620.253074
Load workloads needs: 49079813571 ns 
[report] load_thread_ID : 17
[report] load_duration_ns : 49079813571
[report] load_duration_s : 49.079814
[report] load_throughput : 4429.336303
[report] load_average_latency_ns : 225767.458501
Load workloads needs: 49098468430 ns 
[report] load_thread_ID : 25
[report] load_duration_ns : 49098468430
[report] load_duration_s : 49.098468
[report] load_throughput : 4427.653386
[report] load_average_latency_ns : 225853.270973
Load workloads needs: 49119598131 ns 
[report] load_thread_ID : 22
[report] load_duration_ns : 49119598131
[report] load_duration_s : 49.119598
[report] load_throughput : 4425.748749
[report] load_average_latency_ns : 225950.467733
Load workloads needs: 49136685995 ns 
[report] load_thread_ID : 4
[report] load_duration_ns : 49136685995
[report] load_duration_s : 49.136686
[report] load_throughput : 4424.209643
[report] load_average_latency_ns : 226029.072018
Load workloads needs: 49158796442 ns 
[report] load_thread_ID : 19
[report] load_duration_ns : 49158796442
[report] load_duration_s : 49.158796
[report] load_throughput : 4422.219740
[report] load_average_latency_ns : 226130.780216
Load workloads needs: 49159412500 ns 
[report] load_thread_ID : 23
[report] load_duration_ns : 49159412500
[report] load_duration_s : 49.159413
[report] load_throughput : 4422.164321
[report] load_average_latency_ns : 226133.614087
Load workloads needs: 49167693593 ns 
[report] load_thread_ID : 8
[report] load_duration_ns : 49167693593
[report] load_duration_s : 49.167694
[report] load_throughput : 4421.419516
[report] load_average_latency_ns : 226171.707168
Load workloads needs: 49168263261 ns 
[report] load_thread_ID : 27
[report] load_duration_ns : 49168263261
[report] load_duration_s : 49.168263
[report] load_throughput : 4421.368289
[report] load_average_latency_ns : 226174.327645
Load workloads needs: 49172786246 ns 
[report] load_thread_ID : 30
[report] load_duration_ns : 49172786246
[report] load_duration_s : 49.172786
[report] load_throughput : 4420.961605
[report] load_average_latency_ns : 226195.133405
Load workloads needs: 49197481585 ns 
[report] load_thread_ID : 10
[report] load_duration_ns : 49197481585
[report] load_duration_s : 49.197482
[report] load_throughput : 4418.742444
[report] load_average_latency_ns : 226308.732123
Load workloads needs: 49240414873 ns 
[report] load_thread_ID : 31
[report] load_duration_ns : 49240414873
[report] load_duration_s : 49.240415
[report] load_throughput : 4414.889691
[report] load_average_latency_ns : 226506.225525
Load workloads needs: 49258107806 ns 
[report] load_thread_ID : 5
[report] load_duration_ns : 49258107806
[report] load_duration_s : 49.258108
[report] load_throughput : 4413.303914
[report] load_average_latency_ns : 226587.613130
Load workloads needs: 49259125652 ns 
[report] load_thread_ID : 28
[report] load_duration_ns : 49259125652
[report] load_duration_s : 49.259126
[report] load_throughput : 4413.212722
[report] load_average_latency_ns : 226592.295228
Load workloads needs: 49270796524 ns 
[report] load_thread_ID : 29
[report] load_duration_ns : 49270796524
[report] load_duration_s : 49.270797
[report] load_throughput : 4412.167355
[report] load_average_latency_ns : 226645.981315
Load workloads needs: 49322590034 ns 
[report] load_thread_ID : 11
[report] load_duration_ns : 49322590034
[report] load_duration_s : 49.322590
[report] load_throughput : 4407.534151
[report] load_average_latency_ns : 226884.231794
Load workloads needs: 49351119560 ns 
[report] load_thread_ID : 9
[report] load_duration_ns : 49351119560
[report] load_duration_s : 49.351120
[report] load_throughput : 4404.986188
[report] load_average_latency_ns : 227015.467798
Load workloads needs: 49395684374 ns 
[report] load_thread_ID : 1
[report] load_duration_ns : 49395684374
[report] load_duration_s : 49.395684
[report] load_throughput : 4401.012007
[report] load_average_latency_ns : 227220.466229
Load workloads needs: 49418212019 ns 
[report] load_thread_ID : 14
[report] load_duration_ns : 49418212019
[report] load_duration_s : 49.418212
[report] load_throughput : 4399.005774
[report] load_average_latency_ns : 227324.093541
Load workloads needs: 49419494175 ns 
[report] load_thread_ID : 3
[report] load_duration_ns : 49419494175
[report] load_duration_s : 49.419494
[report] load_throughput : 4398.891644
[report] load_average_latency_ns : 227329.991467
Load workloads needs: 49438419373 ns 
[report] load_thread_ID : 15
[report] load_duration_ns : 49438419373
[report] load_duration_s : 49.438419
[report] load_throughput : 4397.207734
[report] load_average_latency_ns : 227417.047500
Load workloads needs: 49447293404 ns 
[report] load_thread_ID : 13
[report] load_duration_ns : 49447293404
[report] load_duration_s : 49.447293
[report] load_throughput : 4396.418591
[report] load_average_latency_ns : 227457.868099
Load workloads needs: 49526902252 ns 
[report] load_thread_ID : 6
[report] load_duration_ns : 49526902252
[report] load_duration_s : 49.526902
[report] load_throughput : 4389.351850
[report] load_average_latency_ns : 227824.069313
Load workloads needs: 49531454107 ns 
[report] load_thread_ID : 7
[report] load_duration_ns : 49531454107
[report] load_duration_s : 49.531454
[report] load_throughput : 4388.948476
[report] load_average_latency_ns : 227845.007875
Load workloads needs: 49557647012 ns 
[report] load_thread_ID : 0
[report] load_duration_ns : 49557647012
[report] load_duration_s : 49.557647
[report] load_throughput : 4386.628767
[report] load_average_latency_ns : 227965.495407
Load workloads needs: 49606524351 ns 
[report] load_thread_ID : 12
[report] load_duration_ns : 49606524351
[report] load_duration_s : 49.606524
[report] load_throughput : 4382.306619
[report] load_average_latency_ns : 228190.331481
Load workloads needs: 49959391892 ns 
[report] load_thread_ID : 18
[report] load_duration_ns : 49959391892
[report] load_duration_s : 49.959392
[report] load_throughput : 4351.354005
[report] load_average_latency_ns : 229813.524442
Load workloads needs: 50175408842 ns 
[report] load_thread_ID : 2
[report] load_duration_ns : 50175408842
[report] load_duration_s : 50.175409
[report] load_throughput : 4332.620401
[report] load_average_latency_ns : 230807.203803
All clients run done needs: 50172944580 ns 
[report] load_overall_duration_ns : 50172944580
[report] load_overall_duration_s : 50.172945
[report] load_overall_throughput : 199310.606218
[report] load_overall_average_latency_ns : 5017.294458
