numactl --membind=0 /mnt/nvme0/home/gxr/mongdb-run/test_mongodb/build//run_client --num_threads=40 --core_binding=0,1,2,3,4,5,6,7,8,9,10,11,12,13,14,15,128,129,130,131,132,133,134,135,136,137,138,139,140,141,142,143,16,17,18,19,20,21,22,23,24,25,26,27,28,29,30,31,144,145,146,147,148,149,150,151,152,153,154,155,156,157,158,159,32,33,34,35,36,37,38,39,40,41,42,43,44,45,46,47,160,161,162,163,164,165,166,167,168,169,170,171,172,173,174,175,48,49,50,51,52,53,54,55,56,57,58,59,60,61,62,63,176,177,178,179,180,181,182,183,184,185,186,187,188,189,190,191 --str_key_size=16 --str_key_size=256 --load_file=/mnt/nvme0/home/gxr/mongdb-run/workloads/ycsb/workloada-load-10000000-10000000.log.formated --run_file=/mnt/nvme0/home/gxr/mongdb-run/workloads/ycsb/workloada-run-10000000-10000000.log.formated --URI_set=mongodb://localhost:27017,mongodb://localhost:27018,mongodb://localhost:27019,mongodb://localhost:27020,mongodb://localhost:27021,mongodb://localhost:27022,mongodb://localhost:27023,mongodb://localhost:27024,mongodb://localhost:27025,mongodb://localhost:27026,mongodb://localhost:27027,mongodb://localhost:27028,mongodb://localhost:27029,mongodb://localhost:27030,mongodb://localhost:27031,mongodb://localhost:27032,mongodb://localhost:27033,mongodb://localhost:27034,mongodb://localhost:27035,mongodb://localhost:27036,mongodb://localhost:27037,mongodb://localhost:27038,mongodb://localhost:27039,mongodb://localhost:27040,mongodb://localhost:27041,mongodb://localhost:27042,mongodb://localhost:27043,mongodb://localhost:27044,mongodb://localhost:27045,mongodb://localhost:27046,mongodb://localhost:27047,mongodb://localhost:27048,mongodb://localhost:27049,mongodb://localhost:27050,mongodb://localhost:27051,mongodb://localhost:27052,mongodb://localhost:27053,mongodb://localhost:27054,mongodb://localhost:27055,mongodb://localhost:27056,mongodb://localhost:27057,mongodb://localhost:27058,mongodb://localhost:27059,mongodb://localhost:27060,mongodb://localhost:27061,mongodb://localhost:27062,mongodb://localhost:27063,mongodb://localhost:27064,mongodb://localhost:27065,mongodb://localhost:27066,mongodb://localhost:27067,mongodb://localhost:27068,mongodb://localhost:27069,mongodb://localhost:27070,mongodb://localhost:27071,mongodb://localhost:27072,mongodb://localhost:27073,mongodb://localhost:27074,mongodb://localhost:27075,mongodb://localhost:27076,mongodb://localhost:27077,mongodb://localhost:27078,mongodb://localhost:27079,mongodb://localhost:27080,mongodb://localhost:27081,mongodb://localhost:27082,mongodb://localhost:27083,mongodb://localhost:27084,mongodb://localhost:27085,mongodb://localhost:27086,mongodb://localhost:27087,mongodb://localhost:27088,mongodb://localhost:27089,mongodb://localhost:27090,mongodb://localhost:27091,mongodb://localhost:27092,mongodb://localhost:27093,mongodb://localhost:27094,mongodb://localhost:27095,mongodb://localhost:27096,mongodb://localhost:27097,mongodb://localhost:27098,mongodb://localhost:27099,mongodb://localhost:27100,mongodb://localhost:27101,mongodb://localhost:27102,mongodb://localhost:27103,mongodb://localhost:27104,mongodb://localhost:27105,mongodb://localhost:27106,mongodb://localhost:27107,mongodb://localhost:27108,mongodb://localhost:27109,mongodb://localhost:27110,mongodb://localhost:27111,mongodb://localhost:27112,mongodb://localhost:27113,mongodb://localhost:27114,mongodb://localhost:27115,mongodb://localhost:27116,mongodb://localhost:27117,mongodb://localhost:27118,mongodb://localhost:27119,mongodb://localhost:27120,mongodb://localhost:27121,mongodb://localhost:27122,mongodb://localhost:27123,mongodb://localhost:27124,mongodb://localhost:27125,mongodb://localhost:27126,mongodb://localhost:27127,mongodb://localhost:27128,mongodb://localhost:27129,mongodb://localhost:27130,mongodb://localhost:27131,mongodb://localhost:27132,mongodb://localhost:27133,mongodb://localhost:27134,mongodb://localhost:27135,mongodb://localhost:27136,mongodb://localhost:27137,mongodb://localhost:27138,mongodb://localhost:27139,mongodb://localhost:27140,mongodb://localhost:27141,mongodb://localhost:27142,mongodb://localhost:27143,mongodb://localhost:27144 --first_mode=true
mongodb://localhost:27017 mongodb://localhost:27018 mongodb://localhost:27019 mongodb://localhost:27020 mongodb://localhost:27021 mongodb://localhost:27022 mongodb://localhost:27023 mongodb://localhost:27024 mongodb://localhost:27025 mongodb://localhost:27026 mongodb://localhost:27027 mongodb://localhost:27028 mongodb://localhost:27029 mongodb://localhost:27030 mongodb://localhost:27031 mongodb://localhost:27032 mongodb://localhost:27033 mongodb://localhost:27034 mongodb://localhost:27035 mongodb://localhost:27036 mongodb://localhost:27037 mongodb://localhost:27038 mongodb://localhost:27039 mongodb://localhost:27040 mongodb://localhost:27041 mongodb://localhost:27042 mongodb://localhost:27043 mongodb://localhost:27044 mongodb://localhost:27045 mongodb://localhost:27046 mongodb://localhost:27047 mongodb://localhost:27048 mongodb://localhost:27049 mongodb://localhost:27050 mongodb://localhost:27051 mongodb://localhost:27052 mongodb://localhost:27053 mongodb://localhost:27054 mongodb://localhost:27055 mongodb://localhost:27056 mongodb://localhost:27057 mongodb://localhost:27058 mongodb://localhost:27059 mongodb://localhost:27060 mongodb://localhost:27061 mongodb://localhost:27062 mongodb://localhost:27063 mongodb://localhost:27064 mongodb://localhost:27065 mongodb://localhost:27066 mongodb://localhost:27067 mongodb://localhost:27068 mongodb://localhost:27069 mongodb://localhost:27070 mongodb://localhost:27071 mongodb://localhost:27072 mongodb://localhost:27073 mongodb://localhost:27074 mongodb://localhost:27075 mongodb://localhost:27076 mongodb://localhost:27077 mongodb://localhost:27078 mongodb://localhost:27079 mongodb://localhost:27080 mongodb://localhost:27081 mongodb://localhost:27082 mongodb://localhost:27083 mongodb://localhost:27084 mongodb://localhost:27085 mongodb://localhost:27086 mongodb://localhost:27087 mongodb://localhost:27088 mongodb://localhost:27089 mongodb://localhost:27090 mongodb://localhost:27091 mongodb://localhost:27092 mongodb://localhost:27093 mongodb://localhost:27094 mongodb://localhost:27095 mongodb://localhost:27096 mongodb://localhost:27097 mongodb://localhost:27098 mongodb://localhost:27099 mongodb://localhost:27100 mongodb://localhost:27101 mongodb://localhost:27102 mongodb://localhost:27103 mongodb://localhost:27104 mongodb://localhost:27105 mongodb://localhost:27106 mongodb://localhost:27107 mongodb://localhost:27108 mongodb://localhost:27109 mongodb://localhost:27110 mongodb://localhost:27111 mongodb://localhost:27112 mongodb://localhost:27113 mongodb://localhost:27114 mongodb://localhost:27115 mongodb://localhost:27116 mongodb://localhost:27117 mongodb://localhost:27118 mongodb://localhost:27119 mongodb://localhost:27120 mongodb://localhost:27121 mongodb://localhost:27122 mongodb://localhost:27123 mongodb://localhost:27124 mongodb://localhost:27125 mongodb://localhost:27126 mongodb://localhost:27127 mongodb://localhost:27128 mongodb://localhost:27129 mongodb://localhost:27130 mongodb://localhost:27131 mongodb://localhost:27132 mongodb://localhost:27133 mongodb://localhost:27134 mongodb://localhost:27135 mongodb://localhost:27136 mongodb://localhost:27137 mongodb://localhost:27138 mongodb://localhost:27139 mongodb://localhost:27140 mongodb://localhost:27141 mongodb://localhost:27142 mongodb://localhost:27143 mongodb://localhost:27144 reading workload files ...
load_filename : /mnt/nvme0/home/gxr/mongdb-run/workloads/ycsb/workloada-load-10000000-10000000.log.formated
read load file needs: 6115414505 s 
run_filename : /mnt/nvme0/home/gxr/mongdb-run/workloads/ycsb/workloada-run-10000000-10000000.log.formated
read run file needs: 6195994139 s 
num_of_load_ops is 10000000
num_of_run_ops is 10000000
0 1 2 3 4 5 6 7 8 9 10 11 12 13 14 15 128 129 130 131 132 133 134 135 136 137 138 139 140 141 142 143 16 17 18 19 20 21 22 23 24 25 26 27 28 29 30 31 144 145 146 147 148 149 150 151 152 153 154 155 156 157 158 159 32 33 34 35 36 37 38 39 40 41 42 43 44 45 46 47 160 161 162 163 164 165 166 167 168 169 170 171 172 173 174 175 48 49 50 51 52 53 54 55 56 57 58 59 60 61 62 63 176 177 178 179 180 181 182 183 184 185 186 187 188 189 190 191 URI: mongodb://localhost:27017
URI: mongodb://localhost:27017
URI: mongodb://localhost:27017
URI: mongodb://localhost:27017
URI: mongodb://localhost:27017
URI: mongodb://localhost:27017
URI: mongodb://localhost:27017
URI: mongodb://localhost:27017
URI: mongodb://localhost:27017
URI: URI: mongodb://localhost:27017
mongodb://localhost:27017URI: URI: URI: mongodb://localhost:27017
URI: mongodb://localhost:27017
URI: mongodb://localhost:27017
mongodb://localhost:27017
mongodb://localhost:27017
URI: mongodb://localhost:27017

URI: URI: URI: mongodb://localhost:27017
mongodb://localhost:27017
mongodb://localhost:27017
URI: mongodb://localhost:27017
URI: mongodb://localhost:27017
URI: mongodb://localhost:27017
URI: mongodb://localhost:27017
URI: mongodb://localhost:27017
URI: mongodb://localhost:27017
URI: mongodb://localhost:27017
URI: mongodb://localhost:27017
URI: mongodb://localhost:27017
URI: mongodb://localhost:27017
URI: mongodb://localhost:27017
URI: mongodb://localhost:27017
URI: mongodb://localhost:27017
URI: mongodb://localhost:27017
URI: mongodb://localhost:27017
URI: mongodb://localhost:27017
URI: mongodb://localhost:27017
URI: mongodb://localhost:27017
URI: mongodb://localhost:27017
URI: mongodb://localhost:27017
Load workloads needs: 46521075564 ns 
[report] load_thread_ID : 34
[report] load_duration_ns : 46521075564
[report] load_duration_s : 46.521076
[report] load_throughput : 5373.908427
[report] load_average_latency_ns : 186084.302256
Load workloads needs: 46562872350 ns 
[report] load_thread_ID : 33
[report] load_duration_ns : 46562872350
[report] load_duration_s : 46.562872
[report] load_throughput : 5369.084581
[report] load_average_latency_ns : 186251.489400
Load workloads needs: 46929771621 ns 
[report] load_thread_ID : 39
[report] load_duration_ns : 46929771621
[report] load_duration_s : 46.929772
[report] load_throughput : 5327.108813
[report] load_average_latency_ns : 187719.086484
Load workloads needs: 47071514416 ns 
[report] load_thread_ID : 37
[report] load_duration_ns : 47071514416
[report] load_duration_s : 47.071514
[report] load_throughput : 5311.067704
[report] load_average_latency_ns : 188286.057664
Load workloads needs: 47135216692 ns 
[report] load_thread_ID : 35
[report] load_duration_ns : 47135216692
[report] load_duration_s : 47.135217
[report] load_throughput : 5303.889905
[report] load_average_latency_ns : 188540.866768
Load workloads needs: 47451227737 ns 
[report] load_thread_ID : 32
[report] load_duration_ns : 47451227737
[report] load_duration_s : 47.451228
[report] load_throughput : 5268.567578
[report] load_average_latency_ns : 189804.910948
Load workloads needs: 47490562530 ns 
[report] load_thread_ID : 38
[report] load_duration_ns : 47490562530
[report] load_duration_s : 47.490563
[report] load_throughput : 5264.203806
[report] load_average_latency_ns : 189962.250120
Load workloads needs: 47571485050 ns 
[report] load_thread_ID : 36
[report] load_duration_ns : 47571485050
[report] load_duration_s : 47.571485
[report] load_throughput : 5255.249016
[report] load_average_latency_ns : 190285.940200
Load workloads needs: 55055264734 ns 
[report] load_thread_ID : 18
[report] load_duration_ns : 55055264734
[report] load_duration_s : 55.055265
[report] load_throughput : 4540.891797
[report] load_average_latency_ns : 220221.058936
Load workloads needs: 55119564067 ns 
[report] load_thread_ID : 16
[report] load_duration_ns : 55119564067
[report] load_duration_s : 55.119564
[report] load_throughput : 4535.594652
[report] load_average_latency_ns : 220478.256268
Load workloads needs: 55161381163 ns 
[report] load_thread_ID : 17
[report] load_duration_ns : 55161381163
[report] load_duration_s : 55.161381
[report] load_throughput : 4532.156279
[report] load_average_latency_ns : 220645.524652
Load workloads needs: 55290308068 ns 
[report] load_thread_ID : 22
[report] load_duration_ns : 55290308068
[report] load_duration_s : 55.290308
[report] load_throughput : 4521.588118
[report] load_average_latency_ns : 221161.232272
Load workloads needs: 55417813568 ns 
[report] load_thread_ID : 24
[report] load_duration_ns : 55417813568
[report] load_duration_s : 55.417814
[report] load_throughput : 4511.184832
[report] load_average_latency_ns : 221671.254272
Load workloads needs: 55517690397 ns 
[report] load_thread_ID : 30
[report] load_duration_ns : 55517690397
[report] load_duration_s : 55.517690
[report] load_throughput : 4503.069170
[report] load_average_latency_ns : 222070.761588
Load workloads needs: 55521181697 ns 
[report] load_thread_ID : 2
[report] load_duration_ns : 55521181697
[report] load_duration_s : 55.521182
[report] load_throughput : 4502.786006
[report] load_average_latency_ns : 222084.726788
Load workloads needs: 55542106429 ns 
[report] load_thread_ID : 31
[report] load_duration_ns : 55542106429
[report] load_duration_s : 55.542106
[report] load_throughput : 4501.089643
[report] load_average_latency_ns : 222168.425716
Load workloads needs: 55567153249 ns 
[report] load_thread_ID : 21
[report] load_duration_ns : 55567153249
[report] load_duration_s : 55.567153
[report] load_throughput : 4499.060783
[report] load_average_latency_ns : 222268.612996
Load workloads needs: 55569169002 ns 
[report] load_thread_ID : 28
[report] load_duration_ns : 55569169002
[report] load_duration_s : 55.569169
[report] load_throughput : 4498.897581
[report] load_average_latency_ns : 222276.676008
Load workloads needs: 55593791753 ns 
[report] load_thread_ID : 27
[report] load_duration_ns : 55593791753
[report] load_duration_s : 55.593792
[report] load_throughput : 4496.904998
[report] load_average_latency_ns : 222375.167012
Load workloads needs: 55631393363 ns 
[report] load_thread_ID : 1
[report] load_duration_ns : 55631393363
[report] load_duration_s : 55.631393
[report] load_throughput : 4493.865512
[report] load_average_latency_ns : 222525.573452
Load workloads needs: 55635207050 ns 
[report] load_thread_ID : 23
[report] load_duration_ns : 55635207050
[report] load_duration_s : 55.635207
[report] load_throughput : 4493.557466
[report] load_average_latency_ns : 222540.828200
Load workloads needs: 55671626183 ns 
[report] load_thread_ID : 11
[report] load_duration_ns : 55671626183
[report] load_duration_s : 55.671626
[report] load_throughput : 4490.617881
[report] load_average_latency_ns : 222686.504732
Load workloads needs: 55676551277 ns 
[report] load_thread_ID : 29
[report] load_duration_ns : 55676551277
[report] load_duration_s : 55.676551
[report] load_throughput : 4490.220645
[report] load_average_latency_ns : 222706.205108
Load workloads needs: 55723973185 ns 
[report] load_thread_ID : 20
[report] load_duration_ns : 55723973185
[report] load_duration_s : 55.723973
[report] load_throughput : 4486.399402
[report] load_average_latency_ns : 222895.892740
Load workloads needs: 55724864922 ns 
[report] load_thread_ID : 26
[report] load_duration_ns : 55724864922
[report] load_duration_s : 55.724865
[report] load_throughput : 4486.327609
[report] load_average_latency_ns : 222899.459688
Load workloads needs: 55726449317 ns 
[report] load_thread_ID : 19
[report] load_duration_ns : 55726449317
[report] load_duration_s : 55.726449
[report] load_throughput : 4486.200055
[report] load_average_latency_ns : 222905.797268
Load workloads needs: 55737759561 ns 
[report] load_thread_ID : 6
[report] load_duration_ns : 55737759561
[report] load_duration_s : 55.737760
[report] load_throughput : 4485.289720
[report] load_average_latency_ns : 222951.038244
Load workloads needs: 55780645623 ns 
[report] load_thread_ID : 0
[report] load_duration_ns : 55780645623
[report] load_duration_s : 55.780646
[report] load_throughput : 4481.841277
[report] load_average_latency_ns : 223122.582492
Load workloads needs: 55788349279 ns 
[report] load_thread_ID : 25
[report] load_duration_ns : 55788349279
[report] load_duration_s : 55.788349
[report] load_throughput : 4481.222392
[report] load_average_latency_ns : 223153.397116
Load workloads needs: 55799343133 ns 
[report] load_thread_ID : 13
[report] load_duration_ns : 55799343133
[report] load_duration_s : 55.799343
[report] load_throughput : 4480.339480
[report] load_average_latency_ns : 223197.372532
Load workloads needs: 55860095358 ns 
[report] load_thread_ID : 15
[report] load_duration_ns : 55860095358
[report] load_duration_s : 55.860095
[report] load_throughput : 4475.466760
[report] load_average_latency_ns : 223440.381432
Load workloads needs: 55864601304 ns 
[report] load_thread_ID : 7
[report] load_duration_ns : 55864601304
[report] load_duration_s : 55.864601
[report] load_throughput : 4475.105777
[report] load_average_latency_ns : 223458.405216
Load workloads needs: 55869478218 ns 
[report] load_thread_ID : 14
[report] load_duration_ns : 55869478218
[report] load_duration_s : 55.869478
[report] load_throughput : 4474.715139
[report] load_average_latency_ns : 223477.912872
Load workloads needs: 55871371862 ns 
[report] load_thread_ID : 3
[report] load_duration_ns : 55871371862
[report] load_duration_s : 55.871372
[report] load_throughput : 4474.563478
[report] load_average_latency_ns : 223485.487448
Load workloads needs: 55885671755 ns 
[report] load_thread_ID : 8
[report] load_duration_ns : 55885671755
[report] load_duration_s : 55.885672
[report] load_throughput : 4473.418537
[report] load_average_latency_ns : 223542.687020
Load workloads needs: 55887886859 ns 
[report] load_thread_ID : 5
[report] load_duration_ns : 55887886859
[report] load_duration_s : 55.887887
[report] load_throughput : 4473.241234
[report] load_average_latency_ns : 223551.547436
Load workloads needs: 55903721128 ns 
[report] load_thread_ID : 12
[report] load_duration_ns : 55903721128
[report] load_duration_s : 55.903721
[report] load_throughput : 4471.974226
[report] load_average_latency_ns : 223614.884512
Load workloads needs: 55938747735 ns 
[report] load_thread_ID : 10
[report] load_duration_ns : 55938747735
[report] load_duration_s : 55.938748
[report] load_throughput : 4469.174054
[report] load_average_latency_ns : 223754.990940
Load workloads needs: 55949154232 ns 
[report] load_thread_ID : 4
[report] load_duration_ns : 55949154232
[report] load_duration_s : 55.949154
[report] load_throughput : 4468.342791
[report] load_average_latency_ns : 223796.616928
Load workloads needs: 56104056434 ns 
[report] load_thread_ID : 9
[report] load_duration_ns : 56104056434
[report] load_duration_s : 56.104056
[report] load_throughput : 4456.005784
[report] load_average_latency_ns : 224416.225736
All clients run done needs: 56103373316 ns 
[report] load_overall_duration_ns : 56103373316
[report] load_overall_duration_s : 56.103373
[report] load_overall_throughput : 178242.401641
[report] load_overall_average_latency_ns : 5610.337332
