numactl --membind=0 /mnt/nvme0/home/gxr/mongdb-run/test_mongodb/build//run_client --num_threads=100 --core_binding=0,1,2,3,4,5,6,7,8,9,10,11,12,13,14,15,128,129,130,131,132,133,134,135,136,137,138,139,140,141,142,143,16,17,18,19,20,21,22,23,24,25,26,27,28,29,30,31,144,145,146,147,148,149,150,151,152,153,154,155,156,157,158,159,32,33,34,35,36,37,38,39,40,41,42,43,44,45,46,47,160,161,162,163,164,165,166,167,168,169,170,171,172,173,174,175,48,49,50,51,52,53,54,55,56,57,58,59,60,61,62,63,176,177,178,179,180,181,182,183,184,185,186,187,188,189,190,191 --str_key_size=16 --str_key_size=256 --load_file=/mnt/nvme0/home/gxr/mongdb-run/workloads/ycsb/workloada-load-10000000-10000000.log.formated --run_file=/mnt/nvme0/home/gxr/mongdb-run/workloads/ycsb/workloada-run-10000000-10000000.log.formated --URI_set=mongodb://localhost:27017,mongodb://localhost:27018,mongodb://localhost:27019,mongodb://localhost:27020,mongodb://localhost:27021,mongodb://localhost:27022,mongodb://localhost:27023,mongodb://localhost:27024,mongodb://localhost:27025,mongodb://localhost:27026,mongodb://localhost:27027,mongodb://localhost:27028,mongodb://localhost:27029,mongodb://localhost:27030,mongodb://localhost:27031,mongodb://localhost:27032,mongodb://localhost:27033,mongodb://localhost:27034,mongodb://localhost:27035,mongodb://localhost:27036,mongodb://localhost:27037,mongodb://localhost:27038,mongodb://localhost:27039,mongodb://localhost:27040,mongodb://localhost:27041,mongodb://localhost:27042,mongodb://localhost:27043,mongodb://localhost:27044,mongodb://localhost:27045,mongodb://localhost:27046,mongodb://localhost:27047,mongodb://localhost:27048,mongodb://localhost:27049,mongodb://localhost:27050,mongodb://localhost:27051,mongodb://localhost:27052,mongodb://localhost:27053,mongodb://localhost:27054,mongodb://localhost:27055,mongodb://localhost:27056,mongodb://localhost:27057,mongodb://localhost:27058,mongodb://localhost:27059,mongodb://localhost:27060,mongodb://localhost:27061,mongodb://localhost:27062,mongodb://localhost:27063,mongodb://localhost:27064,mongodb://localhost:27065,mongodb://localhost:27066,mongodb://localhost:27067,mongodb://localhost:27068,mongodb://localhost:27069,mongodb://localhost:27070,mongodb://localhost:27071,mongodb://localhost:27072,mongodb://localhost:27073,mongodb://localhost:27074,mongodb://localhost:27075,mongodb://localhost:27076,mongodb://localhost:27077,mongodb://localhost:27078,mongodb://localhost:27079,mongodb://localhost:27080,mongodb://localhost:27081,mongodb://localhost:27082,mongodb://localhost:27083,mongodb://localhost:27084,mongodb://localhost:27085,mongodb://localhost:27086,mongodb://localhost:27087,mongodb://localhost:27088,mongodb://localhost:27089,mongodb://localhost:27090,mongodb://localhost:27091,mongodb://localhost:27092,mongodb://localhost:27093,mongodb://localhost:27094,mongodb://localhost:27095,mongodb://localhost:27096,mongodb://localhost:27097,mongodb://localhost:27098,mongodb://localhost:27099,mongodb://localhost:27100,mongodb://localhost:27101,mongodb://localhost:27102,mongodb://localhost:27103,mongodb://localhost:27104,mongodb://localhost:27105,mongodb://localhost:27106,mongodb://localhost:27107,mongodb://localhost:27108,mongodb://localhost:27109,mongodb://localhost:27110,mongodb://localhost:27111,mongodb://localhost:27112,mongodb://localhost:27113,mongodb://localhost:27114,mongodb://localhost:27115,mongodb://localhost:27116,mongodb://localhost:27117,mongodb://localhost:27118,mongodb://localhost:27119,mongodb://localhost:27120,mongodb://localhost:27121,mongodb://localhost:27122,mongodb://localhost:27123,mongodb://localhost:27124,mongodb://localhost:27125,mongodb://localhost:27126,mongodb://localhost:27127,mongodb://localhost:27128,mongodb://localhost:27129,mongodb://localhost:27130,mongodb://localhost:27131,mongodb://localhost:27132,mongodb://localhost:27133,mongodb://localhost:27134,mongodb://localhost:27135,mongodb://localhost:27136,mongodb://localhost:27137,mongodb://localhost:27138,mongodb://localhost:27139,mongodb://localhost:27140,mongodb://localhost:27141,mongodb://localhost:27142,mongodb://localhost:27143,mongodb://localhost:27144 --first_mode=false
mongodb://localhost:27017 mongodb://localhost:27018 mongodb://localhost:27019 mongodb://localhost:27020 mongodb://localhost:27021 mongodb://localhost:27022 mongodb://localhost:27023 mongodb://localhost:27024 mongodb://localhost:27025 mongodb://localhost:27026 mongodb://localhost:27027 mongodb://localhost:27028 mongodb://localhost:27029 mongodb://localhost:27030 mongodb://localhost:27031 mongodb://localhost:27032 mongodb://localhost:27033 mongodb://localhost:27034 mongodb://localhost:27035 mongodb://localhost:27036 mongodb://localhost:27037 mongodb://localhost:27038 mongodb://localhost:27039 mongodb://localhost:27040 mongodb://localhost:27041 mongodb://localhost:27042 mongodb://localhost:27043 mongodb://localhost:27044 mongodb://localhost:27045 mongodb://localhost:27046 mongodb://localhost:27047 mongodb://localhost:27048 mongodb://localhost:27049 mongodb://localhost:27050 mongodb://localhost:27051 mongodb://localhost:27052 mongodb://localhost:27053 mongodb://localhost:27054 mongodb://localhost:27055 mongodb://localhost:27056 mongodb://localhost:27057 mongodb://localhost:27058 mongodb://localhost:27059 mongodb://localhost:27060 mongodb://localhost:27061 mongodb://localhost:27062 mongodb://localhost:27063 mongodb://localhost:27064 mongodb://localhost:27065 mongodb://localhost:27066 mongodb://localhost:27067 mongodb://localhost:27068 mongodb://localhost:27069 mongodb://localhost:27070 mongodb://localhost:27071 mongodb://localhost:27072 mongodb://localhost:27073 mongodb://localhost:27074 mongodb://localhost:27075 mongodb://localhost:27076 mongodb://localhost:27077 mongodb://localhost:27078 mongodb://localhost:27079 mongodb://localhost:27080 mongodb://localhost:27081 mongodb://localhost:27082 mongodb://localhost:27083 mongodb://localhost:27084 mongodb://localhost:27085 mongodb://localhost:27086 mongodb://localhost:27087 mongodb://localhost:27088 mongodb://localhost:27089 mongodb://localhost:27090 mongodb://localhost:27091 mongodb://localhost:27092 mongodb://localhost:27093 mongodb://localhost:27094 mongodb://localhost:27095 mongodb://localhost:27096 mongodb://localhost:27097 mongodb://localhost:27098 mongodb://localhost:27099 mongodb://localhost:27100 mongodb://localhost:27101 mongodb://localhost:27102 mongodb://localhost:27103 mongodb://localhost:27104 mongodb://localhost:27105 mongodb://localhost:27106 mongodb://localhost:27107 mongodb://localhost:27108 mongodb://localhost:27109 mongodb://localhost:27110 mongodb://localhost:27111 mongodb://localhost:27112 mongodb://localhost:27113 mongodb://localhost:27114 mongodb://localhost:27115 mongodb://localhost:27116 mongodb://localhost:27117 mongodb://localhost:27118 mongodb://localhost:27119 mongodb://localhost:27120 mongodb://localhost:27121 mongodb://localhost:27122 mongodb://localhost:27123 mongodb://localhost:27124 mongodb://localhost:27125 mongodb://localhost:27126 mongodb://localhost:27127 mongodb://localhost:27128 mongodb://localhost:27129 mongodb://localhost:27130 mongodb://localhost:27131 mongodb://localhost:27132 mongodb://localhost:27133 mongodb://localhost:27134 mongodb://localhost:27135 mongodb://localhost:27136 mongodb://localhost:27137 mongodb://localhost:27138 mongodb://localhost:27139 mongodb://localhost:27140 mongodb://localhost:27141 mongodb://localhost:27142 mongodb://localhost:27143 mongodb://localhost:27144 reading workload files ...
load_filename : /mnt/nvme0/home/gxr/mongdb-run/workloads/ycsb/workloada-load-10000000-10000000.log.formated
read load file needs: 5882890966 s 
run_filename : /mnt/nvme0/home/gxr/mongdb-run/workloads/ycsb/workloada-run-10000000-10000000.log.formated
read run file needs: 6106698690 s 
num_of_load_ops is 10000000
num_of_run_ops is 10000000
0 1 2 3 4 5 6 7 8 9 10 11 12 13 14 15 128 129 130 131 132 133 134 135 136 137 138 139 140 141 142 143 16 17 18 19 20 21 22 23 24 25 26 27 28 29 30 31 144 145 146 147 148 149 150 151 152 153 154 155 156 157 158 159 32 33 34 35 36 37 38 39 40 41 42 43 44 45 46 47 160 161 162 163 164 165 166 167 168 169 170 171 172 173 174 175 48 49 50 51 52 53 54 55 56 57 58 59 60 61 62 63 176 177 178 179 180 181 182 183 184 185 186 187 188 189 190 191 URI: mongodb://localhost:27020
URI: mongodb://localhost:27018
URI: mongodb://localhost:27023
URI: mongodb://localhost:27017
URI: mongodb://localhost:27024
URI: mongodb://localhost:27019
URI: mongodb://localhost:27022
URI: mongodb://localhost:27021
URI: mongodb://localhost:27033
URI: mongodb://localhost:27034
URI: URI: URI: mongodb://localhost:27032
URI: URI: mongodb://localhost:27028
URI: URI: mongodb://localhost:27026
mongodb://localhost:27031
URI: mongodb://localhost:27029
mongodb://localhost:27027
mongodb://localhost:27030
mongodb://localhost:27036URI: URI: mongodb://localhost:27025
mongodb://localhost:27037

URI: mongodb://localhost:27038
URI: mongodb://localhost:27039
URI: mongodb://localhost:27040
URI: mongodb://localhost:27041
URI: mongodb://localhost:27042
URI: mongodb://localhost:27043
URI: mongodb://localhost:27044
URI: mongodb://localhost:27046
URI: mongodb://localhost:27045
URI: mongodb://localhost:27047
URI: mongodb://localhost:27048
URI: mongodb://localhost:27050
URI: mongodb://localhost:27051
URI: mongodb://localhost:27049
URI: mongodb://localhost:27052
URI: mongodb://localhost:27053
URI: mongodb://localhost:27054
URI: mongodb://localhost:27055
URI: mongodb://localhost:27056
URI: mongodb://localhost:27058
URI: mongodb://localhost:27057
URI: mongodb://localhost:27059
URI: mongodb://localhost:27060
URI: mongodb://localhost:27061
URI: mongodb://localhost:27063
URI: mongodb://localhost:27035
URI: mongodb://localhost:27062
URI: mongodb://localhost:27064
URI: mongodb://localhost:27065
URI: mongodb://localhost:27066
URI: mongodb://localhost:27068
URI: mongodb://localhost:27067
URI: mongodb://localhost:27070
URI: mongodb://localhost:27069
URI: mongodb://localhost:27071
URI: mongodb://localhost:27072
URI: mongodb://localhost:27073
URI: mongodb://localhost:27074
URI: mongodb://localhost:27075
URI: mongodb://localhost:27076
URI: mongodb://localhost:27077
URI: mongodb://localhost:27078
URI: mongodb://localhost:27081
URI: mongodb://localhost:27079
URI: mongodb://localhost:27082
URI: mongodb://localhost:27083
URI: mongodb://localhost:27084
URI: mongodb://localhost:27085
URI: URI: mongodb://localhost:27087
mongodb://localhost:27086
URI: mongodb://localhost:27088
URI: mongodb://localhost:27089
URI: mongodb://localhost:27090
URI: mongodb://localhost:27091
URI: mongodb://localhost:27092
URI: mongodb://localhost:27093
URI: mongodb://localhost:27094
URI: mongodb://localhost:27095
URI: mongodb://localhost:27096
URI: mongodb://localhost:27097
URI: mongodb://localhost:27098
URI: mongodb://localhost:27100
URI: mongodb://localhost:27099
URI: mongodb://localhost:27101
URI: mongodb://localhost:27102
URI: mongodb://localhost:27103
URI: mongodb://localhost:27104
URI: mongodb://localhost:27105
URI: mongodb://localhost:27106
URI: mongodb://localhost:27107
URI: mongodb://localhost:27108
URI: mongodb://localhost:27109
URI: mongodb://localhost:27110
URI: mongodb://localhost:27111
URI: mongodb://localhost:27112
URI: mongodb://localhost:27113
URI: mongodb://localhost:27114
URI: mongodb://localhost:27115
URI: mongodb://localhost:27116
URI: mongodb://localhost:27080
Load workloads needs: 14445410296 ns 
[report] load_thread_ID : 98
[report] load_duration_ns : 14445410296
[report] load_duration_s : 14.445410
[report] load_throughput : 6922.614031
[report] load_average_latency_ns : 144454.102960
Load workloads needs: 14812984059 ns 
[report] load_thread_ID : 99
[report] load_duration_ns : 14812984059
[report] load_duration_s : 14.812984
[report] load_throughput : 6750.834241
[report] load_average_latency_ns : 148129.840590
Load workloads needs: 15089003588 ns 
[report] load_thread_ID : 97
[report] load_duration_ns : 15089003588
[report] load_duration_s : 15.089004
[report] load_throughput : 6627.342847
[report] load_average_latency_ns : 150890.035880
Load workloads needs: 15656203690 ns 
[report] load_thread_ID : 96
[report] load_duration_ns : 15656203690
[report] load_duration_s : 15.656204
[report] load_throughput : 6387.244442
[report] load_average_latency_ns : 156562.036900
Load workloads needs: 19067871915 ns 
[report] load_thread_ID : 0
[report] load_duration_ns : 19067871915
[report] load_duration_s : 19.067872
[report] load_throughput : 5244.423733
[report] load_average_latency_ns : 190678.719150
Load workloads needs: 19096175315 ns 
[report] load_thread_ID : 16
[report] load_duration_ns : 19096175315
[report] load_duration_s : 19.096175
[report] load_throughput : 5236.650709
[report] load_average_latency_ns : 190961.753150
Load workloads needs: 19985315551 ns 
[report] load_thread_ID : 21
[report] load_duration_ns : 19985315551
[report] load_duration_s : 19.985316
[report] load_throughput : 5003.673810
[report] load_average_latency_ns : 199853.155510
Load workloads needs: 20408932586 ns 
[report] load_thread_ID : 18
[report] load_duration_ns : 20408932586
[report] load_duration_s : 20.408933
[report] load_throughput : 4899.815293
[report] load_average_latency_ns : 204089.325860
Load workloads needs: 20585999409 ns 
[report] load_thread_ID : 9
[report] load_duration_ns : 20585999409
[report] load_duration_s : 20.585999
[report] load_throughput : 4857.670401
[report] load_average_latency_ns : 205859.994090
Load workloads needs: 20634223681 ns 
[report] load_thread_ID : 24
[report] load_duration_ns : 20634223681
[report] load_duration_s : 20.634224
[report] load_throughput : 4846.317533
[report] load_average_latency_ns : 206342.236810
Load workloads needs: 20817130940 ns 
[report] load_thread_ID : 49
[report] load_duration_ns : 20817130940
[report] load_duration_s : 20.817131
[report] load_throughput : 4803.735937
[report] load_average_latency_ns : 208171.309400
Load workloads needs: 20830296437 ns 
[report] load_thread_ID : 2
[report] load_duration_ns : 20830296437
[report] load_duration_s : 20.830296
[report] load_throughput : 4800.699803
[report] load_average_latency_ns : 208302.964370
Load workloads needs: 20831370485 ns 
[report] load_thread_ID : 28
[report] load_duration_ns : 20831370485
[report] load_duration_s : 20.831370
[report] load_throughput : 4800.452283
[report] load_average_latency_ns : 208313.704850
Load workloads needs: 20842634587 ns 
[report] load_thread_ID : 53
[report] load_duration_ns : 20842634587
[report] load_duration_s : 20.842635
[report] load_throughput : 4797.857947
[report] load_average_latency_ns : 208426.345870
Load workloads needs: 20869759380 ns 
[report] load_thread_ID : 25
[report] load_duration_ns : 20869759380
[report] load_duration_s : 20.869759
[report] load_throughput : 4791.622087
[report] load_average_latency_ns : 208697.593800
Load workloads needs: 20989928253 ns 
[report] load_thread_ID : 56
[report] load_duration_ns : 20989928253
[report] load_duration_s : 20.989928
[report] load_throughput : 4764.189701
[report] load_average_latency_ns : 209899.282530
Load workloads needs: 21017347665 ns 
[report] load_thread_ID : 42
[report] load_duration_ns : 21017347665
[report] load_duration_s : 21.017348
[report] load_throughput : 4757.974298
[report] load_average_latency_ns : 210173.476650
Load workloads needs: 21039486951 ns 
[report] load_thread_ID : 40
[report] load_duration_ns : 21039486951
[report] load_duration_s : 21.039487
[report] load_throughput : 4752.967610
[report] load_average_latency_ns : 210394.869510
Load workloads needs: 21042761643 ns 
[report] load_thread_ID : 31
[report] load_duration_ns : 21042761643
[report] load_duration_s : 21.042762
[report] load_throughput : 4752.227949
[report] load_average_latency_ns : 210427.616430
Load workloads needs: 21078663894 ns 
[report] load_thread_ID : 26
[report] load_duration_ns : 21078663894
[report] load_duration_s : 21.078664
[report] load_throughput : 4744.133713
[report] load_average_latency_ns : 210786.638940
Load workloads needs: 21101843057 ns 
[report] load_thread_ID : 30
[report] load_duration_ns : 21101843057
[report] load_duration_s : 21.101843
[report] load_throughput : 4738.922554
[report] load_average_latency_ns : 211018.430570
Load workloads needs: 21132089603 ns 
[report] load_thread_ID : 72
[report] load_duration_ns : 21132089603
[report] load_duration_s : 21.132090
[report] load_throughput : 4732.139693
[report] load_average_latency_ns : 211320.896030
Load workloads needs: 21144612512 ns 
[report] load_thread_ID : 55
[report] load_duration_ns : 21144612512
[report] load_duration_s : 21.144613
[report] load_throughput : 4729.337080
[report] load_average_latency_ns : 211446.125120
Load workloads needs: 21170392528 ns 
[report] load_thread_ID : 88
[report] load_duration_ns : 21170392528
[report] load_duration_s : 21.170393
[report] load_throughput : 4723.577981
[report] load_average_latency_ns : 211703.925280
Load workloads needs: 21198171399 ns 
[report] load_thread_ID : 17
[report] load_duration_ns : 21198171399
[report] load_duration_s : 21.198171
[report] load_throughput : 4717.388029
[report] load_average_latency_ns : 211981.713990
Load workloads needs: 21209988161 ns 
[report] load_thread_ID : 10
[report] load_duration_ns : 21209988161
[report] load_Load workloads needs: 21209914791 ns 
[report] duration_s : 21.209988
[report] load_throughput : 4714.759822
load_thread_ID : 1
[report] load_duration_ns : [report] load_average_latency_ns : 212099.881610
21209914791
[report] load_duration_s : 21.209915
[report] load_throughput : 4714.776131
[report] load_average_latency_ns : 212099.147910
Load workloads needs: 21221565262 ns 
[report] load_thread_ID : 77
[report] load_duration_ns : 21221565262
[report] load_duration_s : 21.221565
[report] load_throughput : 4712.187756
[report] load_average_latency_ns : 212215.652620
Load workloads needs: 21224320025 ns 
[report] load_thread_ID : 70
[report] load_duration_ns : 21224320025
[report] load_duration_s : 21.224320
[report] load_throughput : 4711.576149
[report] load_average_latency_ns : 212243.200250
Load workloads needs: 21234252171 ns 
[report] load_thread_ID : 52
[report] load_duration_ns : 21234252171
[report] load_duration_s : 21.234252
[report] load_throughput : 4709.372348
[report] load_average_latency_ns : 212342.521710
Load workloads needs: 21232675344 ns 
[report] load_thread_ID : 80
[report] load_duration_ns : 21232675344
[report] load_duration_s : 21.232675
[report] load_throughput : 4709.722085
[report] load_average_latency_ns : 212326.753440
Load workloads needs: 21232503645 ns 
[report] load_thread_ID : 86
[report] load_duration_ns : 21232503645
[report] load_duration_s : 21.232504
[report] load_throughput : 4709.760171
[report] load_average_latency_ns : 212325.036450
Load workloads needs: 21245415543 ns 
[report] load_thread_ID : 36
[report] load_duration_ns : 21245415543
[report] load_duration_s : 21.245416
[report] load_throughput : 4706.897815
[report] load_average_latency_ns : 212454.155430
Load workloads needs: 21237491623 ns 
[report] load_thread_ID : 93
[report] load_duration_ns : 21237491623
[report] load_duration_s : 21.237492
[report] load_throughput : 4708.654006
[report] load_average_latency_ns : 212374.916230
Load workloads needs: 21263731828 ns 
[report] load_thread_ID : 68
[report] load_duration_ns : 21263731828
[report] load_duration_s : 21.263732
[report] load_throughput : 4702.843358
[report] load_average_latency_ns : 212637.318280
Load workloads needs: 21274259082 ns 
[report] load_thread_ID : 39
[report] load_duration_ns : 21274259082
[report] load_duration_s : 21.274259
[report] load_throughput : 4700.516225
[report] load_average_latency_ns : 212742.590820
Load workloads needs: 21267741788 ns 
[report] load_thread_ID : 79
[report] load_duration_ns : 21267741788
[report] load_duration_s : 21.267742
[report] load_throughput : 4701.956653
[report] load_average_latency_ns : 212677.417880
Load workloads needs: 21288953135 ns 
[report] load_thread_ID : 95
[report] load_duration_ns : 21288953135
[report] load_duration_s : 21.288953
[report] load_throughput : 4697.271837
[report] load_average_latency_ns : 212889.531350
Load workloads needs: 21296066408 ns 
[report] load_thread_ID : 90
[report] load_duration_ns : 21296066408
[report] load_duration_s : 21.296066
[report] load_throughput : 4695.702863
[report] load_average_latency_ns : 212960.664080
Load workloads needs: 21306681542 ns 
[report] load_thread_ID : 84
[report] load_duration_ns : 21306681542
[report] load_duration_s : 21.306682
[report] load_throughput : 4693.363432
[report] load_average_latency_ns : 213066.815420
Load workloads needs: 21309538005 ns 
[report] load_thread_ID : 59
[report] load_duration_ns : 21309538005
[report] load_duration_s : 21.309538
[report] load_throughput : 4692.734304
[report] load_average_latency_ns : 213095.380050
Load workloads needs: 21344641418 ns 
[report] load_thread_ID : 3
[report] load_duration_ns : 21344641418
[report] load_duration_s : 21.344641
[report] load_throughput : 4685.016630
[report] load_average_latency_ns : 213446.414180
Load workloads needs: 21351131453 ns 
[report] load_thread_ID : 43
[report] load_duration_ns : 21351131453
[report] load_duration_s : 21.351131
[report] load_throughput : 4683.592540
[report] load_average_latency_ns : 213511.314530
Load workloads needs: 21373760037 ns 
[report] load_thread_ID : 61
[report] load_duration_ns : 21373760037
[report] load_duration_s : 21.373760
[report] load_throughput : 4678.633980
[report] load_average_latency_ns : 213737.600370
Load workloads needs: 21392156721 ns 
[report] load_thread_ID : 51
[report] load_duration_ns : 21392156721
[report] load_duration_s : 21.392157
[report] load_throughput : 4674.610480
[report] load_average_latency_ns : 213921.567210
Load workloads needs: 21387741542 ns 
[report] load_thread_ID : 63
[report] load_duration_ns : 21387741542
[report] load_duration_s : 21.387742
[report] load_throughput : 4675.575483
[report] load_average_latency_ns : 213877.415420
Load workloads needs: 21398521266 ns 
[report] load_thread_ID : 37
[report] load_duration_ns : 21398521266
[report] load_duration_s : 21.398521
[report] load_throughput : 4673.220114
[report] load_average_latency_ns : 213985.212660
Load workloads needs: 21401941066 ns 
[report] load_thread_ID : 82
[report] load_duration_ns : 21401941066
[report] load_duration_s : 21.401941
[report] load_throughput : 4672.473384
[report] load_average_latency_ns : 214019.410660
Load workloads needs: 21415992002 ns 
[report] load_thread_ID : 45
[report] load_duration_ns : 21415992002
[report] load_duration_s : 21.415992
[report] load_throughput : 4669.407795
[report] load_average_latency_ns : 214159.920020
Load workloads needs: 21424972340 ns 
[report] load_thread_ID : 75
[report] load_duration_ns : 21424972340
[report] load_duration_s : 21.424972
[report] load_throughput : 4667.450600
[report] load_average_latency_ns : 214249.723400
Load workloads needs: 21435922064 ns 
[report] load_thread_ID : 19
[report] load_duration_ns : 21435922064
[report] load_duration_s : 21.435922
[report] load_throughput : 4665.066411
[report] load_average_latency_ns : 214359.220640
Load workloads needs: 21430852526 ns 
[report] load_thread_ID : 81
[report] load_duration_ns : 21430852526
[report] load_duration_s : 21.430853
[report] load_throughput : 4666.169947
[report] load_average_latency_ns : 214308.525260
Load workloads needs: 21444813841 ns 
[report] load_thread_ID : 22
[report] load_duration_ns : 21444813841
[report] load_duration_s : 21.444814
[report] load_throughput : 4663.132109
[report] load_average_latency_ns : 214448.138410
Load workloads needs: 21438925356 ns 
[report] load_thread_ID : 64
[report] load_duration_ns : 21438925356
[report] load_duration_s : 21.438925
[report] load_throughput : 4664.412900
[report] load_average_latency_ns : 214389.253560
Load workloads needs: 21451243085 ns 
[report] load_thread_ID : 66
[report] load_duration_ns : 21451243085
[report] load_duration_s : 21.451243
[report] load_throughput : 4661.734502
[report] load_average_latency_ns : 214512.430850
Load workloads needs: 21450938296 ns 
[report] load_thread_ID : 87
[report] load_duration_ns : 21450938296
[report] load_duration_s : 21.450938
[report] load_throughput : 4661.800739
[report] load_average_latency_ns : 214509.382960
Load workloads needs: 21460350473 ns 
[report] load_thread_ID : 48
[report] load_duration_ns : 21460350473
Load workloads needs: 21452836942 ns 
[report] load_thread_ID : 71
[report] load_duration_ns : 21452836942
[report] load_duration_s : 21.452837[report] load_duration_s : 21.460350

[report] load_throughput : 4661.388154
[report] load_average_latency_ns : 214528.369420
[report] load_throughput : 4659.756145
[report] load_average_latency_ns : 214603.504730
Load workloads needs: 21475086717 ns 
[report] load_thread_ID : 57
[report] load_duration_ns : 21475086717
[report] load_duration_s : 21.475087
[report] load_throughput : 4656.558612
[report] load_average_latency_ns : 214750.867170
Load workloads needs: 21487752486 ns 
[report] load_thread_ID : 27
[report] load_duration_ns : 21487752486
[report] load_duration_s : 21.487752
[report] load_throughput : 4653.813844
[report] load_average_latency_ns : 214877.524860
Load workloads needs: 21489547551 ns 
[report] load_thread_ID : 34
[report] load_duration_ns : 21489547551
[report] load_duration_s : 21.489548
[report] load_throughput : 4653.425102
[report] load_average_latency_ns : 214895.475510
Load workloads needs: 21505076193 ns 
[report] load_thread_ID : 50
[report] load_duration_ns : 21505076193
[report] load_duration_s : 21.505076
[report] load_throughput : 4650.064901
[report] load_average_latency_ns : 215050.761930
Load workloads needs: 21510463459 ns 
[report] load_thread_ID : 54
[report] load_duration_ns : 21510463459
[report] load_duration_s : 21.510463
[report] load_throughput : 4648.900299
[report] load_average_latency_ns : 215104.634590
Load workloads needs: 21505586641 ns 
[report] load_thread_ID : 91
[report] load_duration_ns : 21505586641
[report] load_duration_s : 21.505587
[report] load_throughput : 4649.954529
[report] load_average_latency_ns : 215055.866410
Load workloads needs: 21520190865 ns 
[report] load_thread_ID : 74
[report] load_duration_ns : 21520190865
[report] load_duration_s : 21.520191
[report] load_throughput : 4646.798935
[report] load_average_latency_ns : 215201.908650
Load workloads needs: 21539412818 ns 
[report] load_thread_ID : 20
[report] load_duration_ns : 21539412818
[report] load_duration_s : 21.539413
[report] load_throughput : 4642.652093
[report] load_average_latency_ns : 215394.128180
Load workloads needs: 21538915979 ns 
[report] load_thread_ID : 65
[report] load_duration_ns : 21538915979
[report] load_duration_s : 21.538916
[report] load_throughput : 4642.759185
[report] load_average_latency_ns : 215389.159790
Load workloads needs: 21544452245 ns 
[report] load_thread_ID : 89
[report] load_duration_ns : 21544452245
[report] load_duration_s : 21.544452
[report] load_throughput : 4641.566138
[report] load_average_latency_ns : 215444.522450
Load workloads needs: 21562429651 ns 
[report] load_thread_ID : 78
[report] load_duration_ns : 21562429651
[report] load_duration_s : 21.562430
[report] load_throughput : 4637.696290
[report] load_average_latency_ns : 215624.296510
Load workloads needs: 21574434162 ns 
[report] load_thread_ID : 73
[report] load_duration_ns : 21574434162
[report] load_duration_s : 21.574434
[report] load_throughput : 4635.115769
[report] load_average_latency_ns : 215744.341620
Load workloads needs: 21586630902 ns 
[report] load_thread_ID : 6
[report] load_duration_ns : 21586630902
[report] load_duration_s : 21.586631
[report] load_throughput : 4632.496866
[report] load_average_latency_ns : 215866.309020
Load workloads needs: 21592596817 ns 
[report] load_thread_ID : 38
[report] load_duration_ns : 21592596817
[report] load_duration_s : 21.592597
[report] load_throughput : 4631.216933
[report] load_average_latency_ns : 215925.968170
Load workloads needs: 21596526577 ns 
[report] load_thread_ID : 85
[report] load_duration_ns : 21596526577
[report] load_duration_s : 21.596527
[report] load_throughput : 4630.374224
[report] load_average_latency_ns : 215965.265770
Load workloads needs: 21597739744 ns 
[report] load_thread_ID : 92
[report] load_duration_ns : 21597739744
[report] load_duration_s : 21.597740
[report] load_throughput : 4630.114132
[report] load_average_latency_ns : 215977.397440
Load workloads needs: 21616262799 ns 
[report] load_thread_ID : 60
[report] load_duration_ns : 21616262799
[report] load_duration_s : 21.616263
[report] load_throughput : 4626.146570
[report] load_average_latency_ns : 216162.627990
Load workloads needs: 21623492721 ns 
[report] load_thread_ID : 44
[report] load_duration_ns : 21623492721
[report] load_duration_s : 21.623493
[report] load_throughput : 4624.599795
[report] load_average_latency_ns : 216234.927210
Load workloads needs: 21647231392 ns 
[report] load_thread_ID : 46
[report] load_duration_ns : 21647231392
[report] load_duration_s : 21.647231
[report] load_throughput : 4619.528391
[report] load_average_latency_ns : 216472.313920
Load workloads needs: 21651880530 ns 
[report] load_thread_ID : 32
[report] load_duration_ns : 21651880530
[report] load_duration_s : 21.651881
[report] load_throughput : 4618.536476
[report] load_average_latency_ns : 216518.805300
Load workloads needs: 21644940887 ns 
[report] load_thread_ID : 69
[report] load_duration_ns : 21644940887
[report] load_duration_s : 21.644941
[report] load_throughput : 4620.017237
[report] load_average_latency_ns : 216449.408870
Load workloads needs: 21653952065 ns 
[report] load_thread_ID : 23
[report] load_duration_ns : 21653952065
[report] load_duration_s : 21.653952
[report] load_throughput : 4618.094642
[report] load_average_latency_ns : 216539.520650
Load workloads needs: 21676548219 ns 
[report] load_thread_ID : 47
[report] load_duration_ns : 21676548219
[report] load_duration_s : 21.676548
[report] load_throughput : 4613.280629
[report] load_average_latency_ns : 216765.482190
Load workloads needs: 21704704989 ns 
[report] load_thread_ID : 83
[report] load_duration_ns : 21704704989
[report] load_duration_s : 21.704705
[report] load_throughput : 4607.295978
[report] load_average_latency_ns : 217047.049890
Load workloads needs: 21716805840 ns 
[report] load_thread_ID : 15
[report] load_duration_ns : 21716805840
[report] load_duration_s : 21.716806
[report] load_throughput : 4604.728740
[report] load_average_latency_ns : 217168.058400
Load workloads needs: 21712213411 ns 
[report] load_thread_ID : 94
[report] load_duration_ns : 21712213411
[report] load_duration_s : 21.712213
[report] load_throughput : 4605.702703
[report] load_average_latency_ns : 217122.134110
Load workloads needs: 21772209233 ns 
[report] load_thread_ID : 62
[report] load_duration_ns : 21772209233
[report] load_duration_s : 21.772209
[report] load_throughput : 4593.011161
[report] load_average_latency_ns : 217722.092330
Load workloads needs: 21781412790 ns 
[report] load_thread_ID : 41
[report] load_duration_ns : 21781412790
[report] load_duration_s : 21.781413
[report] load_throughput : 4591.070422
[report] load_average_latency_ns : 217814.127900
Load workloads needs: 21782644508 ns 
[report] load_thread_ID : 67
[report] load_duration_ns : 21782644508
[report] load_duration_s : 21.782645
[report] load_throughput : 4590.810816
[report] load_average_latency_ns : 217826.445080
Load workloads needs: 21790004789 ns 
[report] load_thread_ID : 76
[report] load_duration_ns : 21790004789
[report] load_duration_s : 21.790005
[report] load_throughput : 4589.260120
[report] load_average_latency_ns : 217900.047890
Load workloads needs: 21805785141 ns 
[report] load_thread_ID : 33
[report] load_duration_ns : 21805785141
[report] load_duration_s : 21.805785
[report] load_throughput : 4585.938977
[report] load_average_latency_ns : 218057.851410
Load workloads needs: 21845692823 ns 
[report] load_thread_ID : 11
[report] load_duration_ns : 21845692823
[report] load_duration_s : 21.845693
[report] load_throughput : 4577.561390
[report] load_average_latency_ns : 218456.928230
Load workloads needs: 21860075197 ns 
[report] load_thread_ID : 35
[report] load_duration_ns : 21860075197
[report] load_duration_s : 21.860075
[report] load_throughput : 4574.549680
[report] load_average_latency_ns : 218600.751970
Load workloads needs: 21893412944 ns 
[report] load_thread_ID : 29
[report] load_duration_ns : 21893412944
[report] load_duration_s : 21.893413
[report] load_throughput : 4567.583878
[report] load_average_latency_ns : 218934.129440
Load workloads needs: 21899210770 ns 
[report] load_thread_ID : 4
[report] load_duration_ns : 21899210770
[report] load_duration_s : 21.899211
[report] load_throughput : 4566.374608
[report] load_average_latency_ns : 218992.107700
Load workloads needs: 21908053169 ns 
[report] load_thread_ID : 14
[report] load_duration_ns : 21908053169
[report] load_duration_s : 21.908053
[report] load_throughput : 4564.531555
[report] load_average_latency_ns : 219080.531690
Load workloads needs: 21915021381 ns 
[report] load_thread_ID : 8
[report] load_duration_ns : 21915021381
[report] load_duration_s : 21.915021
[report] load_throughput : 4563.080193
[report] load_average_latency_ns : 219150.213810
Load workloads needs: 21923566100 ns 
[report] load_thread_ID : 58
[report] load_duration_ns : 21923566100
[report] load_duration_s : 21.923566
[report] load_throughput : 4561.301731
[report] load_average_latency_ns : 219235.661000
Load workloads needs: 21949980275 ns 
[report] load_thread_ID : 13
[report] load_duration_ns : 21949980275
[report] load_duration_s : 21.949980
[report] load_throughput : 4555.812750
[report] load_average_latency_ns : 219499.802750
Load workloads needs: 22034901225 ns 
[report] load_thread_ID : 7
[report] load_duration_ns : 22034901225
[report] load_duration_s : 22.034901
[report] load_throughput : 4538.254970
[report] load_average_latency_ns : 220349.012250
Load workloads needs: 22195327910 ns 
[report] load_thread_ID : 12
[report] load_duration_ns : 22195327910
[report] load_duration_s : 22.195328
[report] load_throughput : 4505.452697
[report] load_average_latency_ns : 221953.279100
Load workloads needs: 23099061321 ns 
[report] load_thread_ID : 5
[report] load_duration_ns : 23099061321
[report] load_duration_s : 23.099061
[report] load_throughput : 4329.180247
[report] load_average_latency_ns : 230990.613210
All clients run done needs: 23090943771 ns 
[report] load_overall_duration_ns : 23090943771
[report] load_overall_duration_s : 23.090944
[report] load_overall_throughput : 433070.215716
[report] load_overall_average_latency_ns : 2309.094377
