numactl --membind=0 /mnt/nvme0/home/gxr/mongdb-run/test_mongodb/build//run_client --num_threads=40 --core_binding=0,1,2,3,4,5,6,7,8,9,10,11,12,13,14,15,128,129,130,131,132,133,134,135,136,137,138,139,140,141,142,143,16,17,18,19,20,21,22,23,24,25,26,27,28,29,30,31,144,145,146,147,148,149,150,151,152,153,154,155,156,157,158,159,32,33,34,35,36,37,38,39,40,41,42,43,44,45,46,47,160,161,162,163,164,165,166,167,168,169,170,171,172,173,174,175,48,49,50,51,52,53,54,55,56,57,58,59,60,61,62,63,176,177,178,179,180,181,182,183,184,185,186,187,188,189,190,191 --str_key_size=16 --str_key_size=256 --load_file=/mnt/nvme0/home/gxr/mongdb-run/workloads/ycsb/workloada-load-10000000-10000000.log.formated --run_file=/mnt/nvme0/home/gxr/mongdb-run/workloads/ycsb/workloada-run-10000000-10000000.log.formated --URI_set=mongodb://localhost:27017,mongodb://localhost:27018,mongodb://localhost:27019,mongodb://localhost:27020,mongodb://localhost:27021,mongodb://localhost:27022,mongodb://localhost:27023,mongodb://localhost:27024,mongodb://localhost:27025,mongodb://localhost:27026,mongodb://localhost:27027,mongodb://localhost:27028,mongodb://localhost:27029,mongodb://localhost:27030,mongodb://localhost:27031,mongodb://localhost:27032,mongodb://localhost:27033,mongodb://localhost:27034,mongodb://localhost:27035,mongodb://localhost:27036,mongodb://localhost:27037,mongodb://localhost:27038,mongodb://localhost:27039,mongodb://localhost:27040,mongodb://localhost:27041,mongodb://localhost:27042,mongodb://localhost:27043,mongodb://localhost:27044,mongodb://localhost:27045,mongodb://localhost:27046,mongodb://localhost:27047,mongodb://localhost:27048,mongodb://localhost:27049,mongodb://localhost:27050,mongodb://localhost:27051,mongodb://localhost:27052,mongodb://localhost:27053,mongodb://localhost:27054,mongodb://localhost:27055,mongodb://localhost:27056,mongodb://localhost:27057,mongodb://localhost:27058,mongodb://localhost:27059,mongodb://localhost:27060,mongodb://localhost:27061,mongodb://localhost:27062,mongodb://localhost:27063,mongodb://localhost:27064,mongodb://localhost:27065,mongodb://localhost:27066,mongodb://localhost:27067,mongodb://localhost:27068,mongodb://localhost:27069,mongodb://localhost:27070,mongodb://localhost:27071,mongodb://localhost:27072,mongodb://localhost:27073,mongodb://localhost:27074,mongodb://localhost:27075,mongodb://localhost:27076,mongodb://localhost:27077,mongodb://localhost:27078,mongodb://localhost:27079,mongodb://localhost:27080,mongodb://localhost:27081,mongodb://localhost:27082,mongodb://localhost:27083,mongodb://localhost:27084,mongodb://localhost:27085,mongodb://localhost:27086,mongodb://localhost:27087,mongodb://localhost:27088,mongodb://localhost:27089,mongodb://localhost:27090,mongodb://localhost:27091,mongodb://localhost:27092,mongodb://localhost:27093,mongodb://localhost:27094,mongodb://localhost:27095,mongodb://localhost:27096,mongodb://localhost:27097,mongodb://localhost:27098,mongodb://localhost:27099,mongodb://localhost:27100,mongodb://localhost:27101,mongodb://localhost:27102,mongodb://localhost:27103,mongodb://localhost:27104,mongodb://localhost:27105,mongodb://localhost:27106,mongodb://localhost:27107,mongodb://localhost:27108,mongodb://localhost:27109,mongodb://localhost:27110,mongodb://localhost:27111,mongodb://localhost:27112,mongodb://localhost:27113,mongodb://localhost:27114,mongodb://localhost:27115,mongodb://localhost:27116,mongodb://localhost:27117,mongodb://localhost:27118,mongodb://localhost:27119,mongodb://localhost:27120,mongodb://localhost:27121,mongodb://localhost:27122,mongodb://localhost:27123,mongodb://localhost:27124,mongodb://localhost:27125,mongodb://localhost:27126,mongodb://localhost:27127,mongodb://localhost:27128,mongodb://localhost:27129,mongodb://localhost:27130,mongodb://localhost:27131,mongodb://localhost:27132,mongodb://localhost:27133,mongodb://localhost:27134,mongodb://localhost:27135,mongodb://localhost:27136,mongodb://localhost:27137,mongodb://localhost:27138,mongodb://localhost:27139,mongodb://localhost:27140,mongodb://localhost:27141,mongodb://localhost:27142,mongodb://localhost:27143,mongodb://localhost:27144 --first_mode=false
mongodb://localhost:27017 mongodb://localhost:27018 mongodb://localhost:27019 mongodb://localhost:27020 mongodb://localhost:27021 mongodb://localhost:27022 mongodb://localhost:27023 mongodb://localhost:27024 mongodb://localhost:27025 mongodb://localhost:27026 mongodb://localhost:27027 mongodb://localhost:27028 mongodb://localhost:27029 mongodb://localhost:27030 mongodb://localhost:27031 mongodb://localhost:27032 mongodb://localhost:27033 mongodb://localhost:27034 mongodb://localhost:27035 mongodb://localhost:27036 mongodb://localhost:27037 mongodb://localhost:27038 mongodb://localhost:27039 mongodb://localhost:27040 mongodb://localhost:27041 mongodb://localhost:27042 mongodb://localhost:27043 mongodb://localhost:27044 mongodb://localhost:27045 mongodb://localhost:27046 mongodb://localhost:27047 mongodb://localhost:27048 mongodb://localhost:27049 mongodb://localhost:27050 mongodb://localhost:27051 mongodb://localhost:27052 mongodb://localhost:27053 mongodb://localhost:27054 mongodb://localhost:27055 mongodb://localhost:27056 mongodb://localhost:27057 mongodb://localhost:27058 mongodb://localhost:27059 mongodb://localhost:27060 mongodb://localhost:27061 mongodb://localhost:27062 mongodb://localhost:27063 mongodb://localhost:27064 mongodb://localhost:27065 mongodb://localhost:27066 mongodb://localhost:27067 mongodb://localhost:27068 mongodb://localhost:27069 mongodb://localhost:27070 mongodb://localhost:27071 mongodb://localhost:27072 mongodb://localhost:27073 mongodb://localhost:27074 mongodb://localhost:27075 mongodb://localhost:27076 mongodb://localhost:27077 mongodb://localhost:27078 mongodb://localhost:27079 mongodb://localhost:27080 mongodb://localhost:27081 mongodb://localhost:27082 mongodb://localhost:27083 mongodb://localhost:27084 mongodb://localhost:27085 mongodb://localhost:27086 mongodb://localhost:27087 mongodb://localhost:27088 mongodb://localhost:27089 mongodb://localhost:27090 mongodb://localhost:27091 mongodb://localhost:27092 mongodb://localhost:27093 mongodb://localhost:27094 mongodb://localhost:27095 mongodb://localhost:27096 mongodb://localhost:27097 mongodb://localhost:27098 mongodb://localhost:27099 mongodb://localhost:27100 mongodb://localhost:27101 mongodb://localhost:27102 mongodb://localhost:27103 mongodb://localhost:27104 mongodb://localhost:27105 mongodb://localhost:27106 mongodb://localhost:27107 mongodb://localhost:27108 mongodb://localhost:27109 mongodb://localhost:27110 mongodb://localhost:27111 mongodb://localhost:27112 mongodb://localhost:27113 mongodb://localhost:27114 mongodb://localhost:27115 mongodb://localhost:27116 mongodb://localhost:27117 mongodb://localhost:27118 mongodb://localhost:27119 mongodb://localhost:27120 mongodb://localhost:27121 mongodb://localhost:27122 mongodb://localhost:27123 mongodb://localhost:27124 mongodb://localhost:27125 mongodb://localhost:27126 mongodb://localhost:27127 mongodb://localhost:27128 mongodb://localhost:27129 mongodb://localhost:27130 mongodb://localhost:27131 mongodb://localhost:27132 mongodb://localhost:27133 mongodb://localhost:27134 mongodb://localhost:27135 mongodb://localhost:27136 mongodb://localhost:27137 mongodb://localhost:27138 mongodb://localhost:27139 mongodb://localhost:27140 mongodb://localhost:27141 mongodb://localhost:27142 mongodb://localhost:27143 mongodb://localhost:27144 reading workload files ...
load_filename : /mnt/nvme0/home/gxr/mongdb-run/workloads/ycsb/workloada-load-10000000-10000000.log.formated
read load file needs: 5926131171 s 
run_filename : /mnt/nvme0/home/gxr/mongdb-run/workloads/ycsb/workloada-run-10000000-10000000.log.formated
read run file needs: 6120650659 s 
num_of_load_ops is 10000000
num_of_run_ops is 10000000
0 1 2 3 4 5 6 7 8 9 10 11 12 13 14 15 128 129 130 131 132 133 134 135 136 137 138 139 140 141 142 143 16 17 18 19 20 21 22 23 24 25 26 27 28 29 30 31 144 145 146 147 148 149 150 151 152 153 154 155 156 157 158 159 32 33 34 35 36 37 38 39 40 41 42 43 44 45 46 47 160 161 162 163 164 165 166 167 168 169 170 171 172 173 174 175 48 49 50 51 52 53 54 55 56 57 58 59 60 61 62 63 176 177 178 179 180 181 182 183 184 185 186 187 188 189 190 191 URI: URI: mongodb://localhost:27020
URI: URI: mongodb://localhost:27022
URI: URI: mongodb://localhost:27024
URI: mongodb://localhost:27028
URI: mongodb://localhost:27031
URI: URI: URI: URI: mongodb://localhost:27035
mongodb://localhost:27029
URI: mongodb://localhost:27027
mongodb://localhost:27017
mongodb://localhost:27019
mongodb://localhost:27034
URI: mongodb://localhost:27025
URI: mongodb://localhost:27021
URI: mongodb://localhost:27032
mongodb://localhost:27026URI: URI: mongodb://localhost:27018
mongodb://localhost:27033URI: URI: mongodb://localhost:27023

mongodb://localhost:27030
URI: mongodb://localhost:27037
mongodb://localhost:27036

URI: mongodb://localhost:27038
URI: mongodb://localhost:27039
URI: mongodb://localhost:27040
URI: mongodb://localhost:27041
URI: mongodb://localhost:27043
URI: mongodb://localhost:27042
URI: mongodb://localhost:27045
URI: mongodb://localhost:27046
URI: mongodb://localhost:27047
URI: mongodb://localhost:27048
URI: mongodb://localhost:27049
URI: mongodb://localhost:27050
URI: mongodb://localhost:27051
URI: mongodb://localhost:27052
URI: mongodb://localhost:27053
URI: mongodb://localhost:27054
URI: mongodb://localhost:27056
URI: mongodb://localhost:27055
URI: mongodb://localhost:27044
Load workloads needs: 34956370258 ns 
[report] load_thread_ID : 39
[report] load_duration_ns : 34956370258
[report] load_duration_s : 34.956370
[report] load_throughput : 7151.772285
[report] load_average_latency_ns : 139825.481032
Load workloads needs: 36029221797 ns 
[report] load_thread_ID : 38
[report] load_duration_ns : 36029221797
[report] load_duration_s : 36.029222
[report] load_throughput : 6938.812096
[report] load_average_latency_ns : 144116.887188
Load workloads needs: 38261129434 ns 
[report] load_thread_ID : 37
[report] load_duration_ns : 38261129434
[report] load_duration_s : 38.261129
[report] load_throughput : 6534.046530
[report] load_average_latency_ns : 153044.517736
Load workloads needs: 38526928355 ns 
[report] load_thread_ID : 34
[report] load_duration_ns : 38526928355
[report] load_duration_s : 38.526928
[report] load_throughput : 6488.967864
[report] load_average_latency_ns : 154107.713420
Load workloads needs: 39024962498 ns 
[report] load_thread_ID : 36
[report] load_duration_ns : 39024962498
[report] load_duration_s : 39.024962
[report] load_throughput : 6406.156060
[report] load_average_latency_ns : 156099.849992
Load workloads needs: 39256144791 ns 
[report] load_thread_ID : 32
[report] load_duration_ns : 39256144791
[report] load_duration_s : 39.256145
[report] load_throughput : 6368.429741
[report] load_average_latency_ns : 157024.579164
Load workloads needs: 39709504058 ns 
[report] load_thread_ID : 35
[report] load_duration_ns : 39709504058
[report] load_duration_s : 39.709504
[report] load_throughput : 6295.722043
[report] load_average_latency_ns : 158838.016232
Load workloads needs: 39980760583 ns 
[report] load_thread_ID : 33
[report] load_duration_ns : 39980760583
[report] load_duration_s : 39.980761
[report] load_throughput : 6253.007606
[report] load_average_latency_ns : 159923.042332
Load workloads needs: 44630701991 ns 
[report] load_thread_ID : 2
[report] load_duration_ns : 44630701991
[report] load_duration_s : 44.630702
[report] load_throughput : 5601.525158
[report] load_average_latency_ns : 178522.807964
Load workloads needs: 44743823216 ns 
[report] load_thread_ID : 0
[report] load_duration_ns : 44743823216
[report] load_duration_s : 44.743823
[report] load_throughput : 5587.363395
[report] load_average_latency_ns : 178975.292864
Load workloads needs: 44824918554 ns 
[report] load_thread_ID : 16
[report] load_duration_ns : 44824918554
[report] load_duration_s : 44.824919
[report] load_throughput : 5577.254975
[report] load_average_latency_ns : 179299.674216
Load workloads needs: 45068842316 ns 
[report] load_thread_ID : 1
[report] load_duration_ns : 45068842316
[report] load_duration_s : 45.068842
[report] load_throughput : 5547.069486
[report] load_average_latency_ns : 180275.369264
Load workloads needs: 45193386004 ns 
[report] load_thread_ID : 4
[report] load_duration_ns : 45193386004
[report] load_duration_s : 45.193386
[report] load_throughput : 5531.782902
[report] load_average_latency_ns : 180773.544016
Load workloads needs: 45255017145 ns 
[report] load_thread_ID : 17
[report] load_duration_ns : 45255017145
[report] load_duration_s : 45.255017
[report] load_throughput : 5524.249371
[report] load_average_latency_ns : 181020.068580
Load workloads needs: 45319715696 ns 
[report] load_thread_ID : 6
[report] load_duration_ns : 45319715696
[report] load_duration_s : 45.319716
[report] load_throughput : 5516.362937
[report] load_average_latency_ns : 181278.862784
Load workloads needs: 45325591308 ns 
[report] load_thread_ID : 18
[report] load_duration_ns : 45325591308
[report] load_duration_s : 45.325591
[report] load_throughput : 5515.647845
[report] load_average_latency_ns : 181302.365232
Load workloads needs: 45646268162 ns 
[report] load_thread_ID : 7
[report] load_duration_ns : 45646268162
[report] load_duration_s : 45.646268
[report] load_throughput : 5476.898990
[report] load_average_latency_ns : 182585.072648
Load workloads needs: 45714947820 ns 
[report] load_thread_ID : 22
[report] load_duration_ns : 45714947820
[report] load_duration_s : 45.714948
[report] load_throughput : 5468.670794
[report] load_average_latency_ns : 182859.791280
Load workloads needs: 45840663204 ns 
[report] load_thread_ID : 8
[report] load_duration_ns : 45840663204
[report] load_duration_s : 45.840663
[report] load_throughput : 5453.673279
[report] load_average_latency_ns : 183362.652816
Load workloads needs: 46094621014 ns 
[report] load_thread_ID : 20
[report] load_duration_ns : 46094621014
[report] load_duration_s : 46.094621
[report] load_throughput : 5423.626326
[report] load_average_latency_ns : 184378.484056
Load workloads needs: 46252064506 ns 
[report] load_thread_ID : 24
[report] load_duration_ns : 46252064506
[report] load_duration_s : 46.252065
[report] load_throughput : 5405.164130
[report] load_average_latency_ns : 185008.258024
Load workloads needs: 46404785823 ns 
[report] load_thread_ID : 23
[report] load_duration_ns : 46404785823
[report] load_duration_s : 46.404786
[report] load_throughput : 5387.375366
[report] load_average_latency_ns : 185619.143292
Load workloads needs: 46738159576 ns 
[report] load_thread_ID : 3
[report] load_duration_ns : 46738159576
[report] load_duration_s : 46.738160
[report] load_throughput : 5348.948317
[report] load_average_latency_ns : 186952.638304
Load workloads needs: 47353418840 ns 
[report] load_thread_ID : 19
[report] load_duration_ns : 47353418840
[report] load_duration_s : 47.353419
[report] load_throughput : 5279.449850
[report] load_average_latency_ns : 189413.675360
Load workloads needs: 47509528646 ns 
[report] load_thread_ID : 21
[report] load_duration_ns : 47509528646
[report] load_duration_s : 47.509529
[report] load_throughput : 5262.102301
[report] load_average_latency_ns : 190038.114584
Load workloads needs: 48751833544 ns 
[report] load_thread_ID : 5
[report] load_duration_ns : 48751833544
[report] load_duration_s : 48.751834
[report] load_throughput : 5128.012258
[report] load_average_latency_ns : 195007.334176
Load workloads needs: 49096831420 ns 
[report] load_thread_ID : 9
[report] load_duration_ns : 49096831420
[report] load_duration_s : 49.096831
[report] load_throughput : 5091.978296
[report] load_average_latency_ns : 196387.325680
Load workloads needs: 49494161936 ns 
[report] load_thread_ID : 30
[report] load_duration_ns : 49494161936
[report] load_duration_s : 49.494162
[report] load_throughput : 5051.100781
[report] load_average_latency_ns : 197976.647744
Load workloads needs: 49553346756 ns 
[report] load_thread_ID : 31
[report] load_duration_ns : 49553346756
[report] load_duration_s : 49.553347
[report] load_throughput : 5045.067919
[report] load_average_latency_ns : 198213.387024
Load workloads needs: 49590459437 ns 
[report] load_thread_ID : 27
[report] load_duration_ns : 49590459437
[report] load_duration_s : 49.590459
[report] load_throughput : 5041.292274
[report] load_average_latency_ns : 198361.837748
Load workloads needs: 49609972163 ns 
[report] load_thread_ID : 28
[report] load_duration_ns : 49609972163
[report] load_duration_s : 49.609972
[report] load_throughput : 5039.309419
[report] load_average_latency_ns : 198439.888652
Load workloads needs: 49616276202 ns 
[report] load_thread_ID : 29
[report] load_duration_ns : 49616276202
[report] load_duration_s : 49.616276
[report] load_throughput : 5038.669145
[report] load_average_latency_ns : 198465.104808
Load workloads needs: 49787644889 ns 
[report] load_thread_ID : 13
[report] load_duration_ns : 49787644889
[report] load_duration_s : 49.787645
[report] load_throughput : 5021.326085
[report] load_average_latency_ns : 199150.579556
Load workloads needs: 49789116914 ns 
[report] load_thread_ID : 25
[report] load_duration_ns : 49789116914
[report] load_duration_s : 49.789117
[report] load_throughput : 5021.177629
[report] load_average_latency_ns : 199156.467656
Load workloads needs: 49851318833 ns 
[report] load_thread_ID : 14
[report] load_duration_ns : 49851318833
[report] load_duration_s : 49.851319
[report] load_throughput : 5014.912461
[report] load_average_latency_ns : 199405.275332
Load workloads needs: 49927121088 ns 
[report] load_thread_ID : 26
[report] load_duration_ns : 49927121088
[report] load_duration_s : 49.927121
[report] load_throughput : 5007.298529
[report] load_average_latency_ns : 199708.484352
Load workloads needs: 50068378662 ns 
[report] load_thread_ID : 11
[report] load_duration_ns : 50068378662
[report] load_duration_s : 50.068379
[report] load_throughput : 4993.171472
[report] load_average_latency_ns : 200273.514648
Load workloads needs: 50075714889 ns 
[report] load_thread_ID : 12
[report] load_duration_ns : 50075714889
[report] load_duration_s : 50.075715
[report] load_throughput : 4992.439959
[report] load_average_latency_ns : 200302.859556
Load workloads needs: 50177545280 ns 
[report] load_thread_ID : 15
[report] load_duration_ns : 50177545280
[report] load_duration_s : 50.177545
[report] load_throughput : 4982.308294
[report] load_average_latency_ns : 200710.181120
Load workloads needs: 50588189753 ns 
[report] load_thread_ID : 10
[report] load_duration_ns : 50588189753
[report] load_duration_s : 50.588190
[report] load_throughput : 4941.864914
[report] load_average_latency_ns : 202352.759012
All clients run done needs: 50587239866 ns 
[report] load_overall_duration_ns : 50587239866
[report] load_overall_duration_s : 50.587240
[report] load_overall_throughput : 197678.308334
[report] load_overall_average_latency_ns : 5058.723987
