numactl --membind=0 /mnt/nvme0/home/gxr/mongdb-run/test_mongodb/build//run_client --num_threads=86 --core_binding=0,1,2,3,4,5,6,7,8,9,10,11,12,13,14,15,128,129,130,131,132,133,134,135,136,137,138,139,140,141,142,143,16,17,18,19,20,21,22,23,24,25,26,27,28,29,30,31,144,145,146,147,148,149,150,151,152,153,154,155,156,157,158,159,32,33,34,35,36,37,38,39,40,41,42,43,44,45,46,47,160,161,162,163,164,165,166,167,168,169,170,171,172,173,174,175,48,49,50,51,52,53,54,55,56,57,58,59,60,61,62,63,176,177,178,179,180,181,182,183,184,185,186,187,188,189,190,191 --str_key_size=16 --str_key_size=256 --load_file=/mnt/nvme0/home/gxr/mongdb-run/workloads/ycsb/workloada-load-10000000-10000000.log.formated --run_file=/mnt/nvme0/home/gxr/mongdb-run/workloads/ycsb/workloada-run-10000000-10000000.log.formated --URI_set=mongodb://localhost:27017,mongodb://localhost:27018,mongodb://localhost:27019,mongodb://localhost:27020,mongodb://localhost:27021,mongodb://localhost:27022,mongodb://localhost:27023,mongodb://localhost:27024,mongodb://localhost:27025,mongodb://localhost:27026,mongodb://localhost:27027,mongodb://localhost:27028,mongodb://localhost:27029,mongodb://localhost:27030,mongodb://localhost:27031,mongodb://localhost:27032,mongodb://localhost:27033,mongodb://localhost:27034,mongodb://localhost:27035,mongodb://localhost:27036,mongodb://localhost:27037,mongodb://localhost:27038,mongodb://localhost:27039,mongodb://localhost:27040,mongodb://localhost:27041,mongodb://localhost:27042,mongodb://localhost:27043,mongodb://localhost:27044,mongodb://localhost:27045,mongodb://localhost:27046,mongodb://localhost:27047,mongodb://localhost:27048,mongodb://localhost:27049,mongodb://localhost:27050,mongodb://localhost:27051,mongodb://localhost:27052,mongodb://localhost:27053,mongodb://localhost:27054,mongodb://localhost:27055,mongodb://localhost:27056,mongodb://localhost:27057,mongodb://localhost:27058,mongodb://localhost:27059,mongodb://localhost:27060,mongodb://localhost:27061,mongodb://localhost:27062,mongodb://localhost:27063,mongodb://localhost:27064,mongodb://localhost:27065,mongodb://localhost:27066,mongodb://localhost:27067,mongodb://localhost:27068,mongodb://localhost:27069,mongodb://localhost:27070,mongodb://localhost:27071,mongodb://localhost:27072,mongodb://localhost:27073,mongodb://localhost:27074,mongodb://localhost:27075,mongodb://localhost:27076,mongodb://localhost:27077,mongodb://localhost:27078,mongodb://localhost:27079,mongodb://localhost:27080,mongodb://localhost:27081,mongodb://localhost:27082,mongodb://localhost:27083,mongodb://localhost:27084,mongodb://localhost:27085,mongodb://localhost:27086,mongodb://localhost:27087,mongodb://localhost:27088,mongodb://localhost:27089,mongodb://localhost:27090,mongodb://localhost:27091,mongodb://localhost:27092,mongodb://localhost:27093,mongodb://localhost:27094,mongodb://localhost:27095,mongodb://localhost:27096,mongodb://localhost:27097,mongodb://localhost:27098,mongodb://localhost:27099,mongodb://localhost:27100,mongodb://localhost:27101,mongodb://localhost:27102,mongodb://localhost:27103,mongodb://localhost:27104,mongodb://localhost:27105,mongodb://localhost:27106,mongodb://localhost:27107,mongodb://localhost:27108,mongodb://localhost:27109,mongodb://localhost:27110,mongodb://localhost:27111,mongodb://localhost:27112,mongodb://localhost:27113,mongodb://localhost:27114,mongodb://localhost:27115,mongodb://localhost:27116,mongodb://localhost:27117,mongodb://localhost:27118,mongodb://localhost:27119,mongodb://localhost:27120,mongodb://localhost:27121,mongodb://localhost:27122,mongodb://localhost:27123,mongodb://localhost:27124,mongodb://localhost:27125,mongodb://localhost:27126,mongodb://localhost:27127,mongodb://localhost:27128,mongodb://localhost:27129,mongodb://localhost:27130,mongodb://localhost:27131,mongodb://localhost:27132,mongodb://localhost:27133,mongodb://localhost:27134,mongodb://localhost:27135,mongodb://localhost:27136,mongodb://localhost:27137,mongodb://localhost:27138,mongodb://localhost:27139,mongodb://localhost:27140,mongodb://localhost:27141,mongodb://localhost:27142,mongodb://localhost:27143,mongodb://localhost:27144 --first_mode=true
mongodb://localhost:27017 mongodb://localhost:27018 mongodb://localhost:27019 mongodb://localhost:27020 mongodb://localhost:27021 mongodb://localhost:27022 mongodb://localhost:27023 mongodb://localhost:27024 mongodb://localhost:27025 mongodb://localhost:27026 mongodb://localhost:27027 mongodb://localhost:27028 mongodb://localhost:27029 mongodb://localhost:27030 mongodb://localhost:27031 mongodb://localhost:27032 mongodb://localhost:27033 mongodb://localhost:27034 mongodb://localhost:27035 mongodb://localhost:27036 mongodb://localhost:27037 mongodb://localhost:27038 mongodb://localhost:27039 mongodb://localhost:27040 mongodb://localhost:27041 mongodb://localhost:27042 mongodb://localhost:27043 mongodb://localhost:27044 mongodb://localhost:27045 mongodb://localhost:27046 mongodb://localhost:27047 mongodb://localhost:27048 mongodb://localhost:27049 mongodb://localhost:27050 mongodb://localhost:27051 mongodb://localhost:27052 mongodb://localhost:27053 mongodb://localhost:27054 mongodb://localhost:27055 mongodb://localhost:27056 mongodb://localhost:27057 mongodb://localhost:27058 mongodb://localhost:27059 mongodb://localhost:27060 mongodb://localhost:27061 mongodb://localhost:27062 mongodb://localhost:27063 mongodb://localhost:27064 mongodb://localhost:27065 mongodb://localhost:27066 mongodb://localhost:27067 mongodb://localhost:27068 mongodb://localhost:27069 mongodb://localhost:27070 mongodb://localhost:27071 mongodb://localhost:27072 mongodb://localhost:27073 mongodb://localhost:27074 mongodb://localhost:27075 mongodb://localhost:27076 mongodb://localhost:27077 mongodb://localhost:27078 mongodb://localhost:27079 mongodb://localhost:27080 mongodb://localhost:27081 mongodb://localhost:27082 mongodb://localhost:27083 mongodb://localhost:27084 mongodb://localhost:27085 mongodb://localhost:27086 mongodb://localhost:27087 mongodb://localhost:27088 mongodb://localhost:27089 mongodb://localhost:27090 mongodb://localhost:27091 mongodb://localhost:27092 mongodb://localhost:27093 mongodb://localhost:27094 mongodb://localhost:27095 mongodb://localhost:27096 mongodb://localhost:27097 mongodb://localhost:27098 mongodb://localhost:27099 mongodb://localhost:27100 mongodb://localhost:27101 mongodb://localhost:27102 mongodb://localhost:27103 mongodb://localhost:27104 mongodb://localhost:27105 mongodb://localhost:27106 mongodb://localhost:27107 mongodb://localhost:27108 mongodb://localhost:27109 mongodb://localhost:27110 mongodb://localhost:27111 mongodb://localhost:27112 mongodb://localhost:27113 mongodb://localhost:27114 mongodb://localhost:27115 mongodb://localhost:27116 mongodb://localhost:27117 mongodb://localhost:27118 mongodb://localhost:27119 mongodb://localhost:27120 mongodb://localhost:27121 mongodb://localhost:27122 mongodb://localhost:27123 mongodb://localhost:27124 mongodb://localhost:27125 mongodb://localhost:27126 mongodb://localhost:27127 mongodb://localhost:27128 mongodb://localhost:27129 mongodb://localhost:27130 mongodb://localhost:27131 mongodb://localhost:27132 mongodb://localhost:27133 mongodb://localhost:27134 mongodb://localhost:27135 mongodb://localhost:27136 mongodb://localhost:27137 mongodb://localhost:27138 mongodb://localhost:27139 mongodb://localhost:27140 mongodb://localhost:27141 mongodb://localhost:27142 mongodb://localhost:27143 mongodb://localhost:27144 reading workload files ...
load_filename : /mnt/nvme0/home/gxr/mongdb-run/workloads/ycsb/workloada-load-10000000-10000000.log.formated
read load file needs: 5890812643 s 
run_filename : /mnt/nvme0/home/gxr/mongdb-run/workloads/ycsb/workloada-run-10000000-10000000.log.formated
read run file needs: 6013814677 s 
num_of_load_ops is 10000000
num_of_run_ops is 10000000
0 1 2 3 4 5 6 7 8 9 10 11 12 13 14 15 128 129 130 131 132 133 134 135 136 137 138 139 140 141 142 143 16 17 18 19 20 21 22 23 24 25 26 27 28 29 30 31 144 145 146 147 148 149 150 151 152 153 154 155 156 157 158 159 32 33 34 35 36 37 38 39 40 41 42 43 44 45 46 47 160 161 162 163 164 165 166 167 168 169 170 171 172 173 174 175 48 49 50 51 52 53 54 55 56 57 58 59 60 61 62 63 176 177 178 179 180 181 182 183 184 185 186 187 188 189 190 191 URI: mongodb://localhost:27017
URI: mongodb://localhost:27017
URI: mongodb://localhost:27017
URI: mongodb://localhost:27017
URI: mongodb://localhost:27017
URI: mongodb://localhost:27017
URI: mongodb://localhost:27017
URI: mongodb://localhost:27017
URI: mongodb://localhost:27017
URI: URI: mongodb://localhost:27017
mongodb://localhost:27017
URI: mongodb://localhost:27017
URI: mongodb://localhost:27017
URI: mongodb://localhost:27017
URI: mongodb://localhost:27017
URI: mongodb://localhost:27017
URI: mongodb://localhost:27017
URI: mongodb://localhost:27017
URI: mongodb://localhost:27017
URI: mongodb://localhost:27017
URI: mongodb://localhost:27017
URI: mongodb://localhost:27017
URI: mongodb://localhost:27017
URI: mongodb://localhost:27017
URI: mongodb://localhost:27017
URI: mongodb://localhost:27017
URI: mongodb://localhost:27017
URI: mongodb://localhost:27017
URI: mongodb://localhost:27017
URI: mongodb://localhost:27017
URI: mongodb://localhost:27017
URI: mongodb://localhost:27017
URI: mongodb://localhost:27017
URI: mongodb://localhost:27017
URI: mongodb://localhost:27017
URI: mongodb://localhost:27017
URI: mongodb://localhost:27017
URI: mongodb://localhost:27017
URI: mongodb://localhost:27017
URI: mongodb://localhost:27017
URI: mongodb://localhost:27017
URI: mongodb://localhost:27017
URI: mongodb://localhost:27017
URI: mongodb://localhost:27017
URI: mongodb://localhost:27017
URI: mongodb://localhost:27017
URI: mongodb://localhost:27017
URI: mongodb://localhost:27017
URI: mongodb://localhost:27017
URI: mongodb://localhost:27017
URI: mongodb://localhost:27017
URI: mongodb://localhost:27017
URI: mongodb://localhost:27017
URI: mongodb://localhost:27017
URI: mongodb://localhost:27017
URI: mongodb://localhost:27017
URI: mongodb://localhost:27017
URI: mongodb://localhost:27017
URI: mongodb://localhost:27017
URI: mongodb://localhost:27017
URI: mongodb://localhost:27017
URI: mongodb://localhost:27017
URI: mongodb://localhost:27017
URI: mongodb://localhost:27017
URI: mongodb://localhost:27017
URI: URI: mongodb://localhost:27017
mongodb://localhost:27017
URI: mongodb://localhost:27017
URI: mongodb://localhost:27017
URI: mongodb://localhost:27017
URI: mongodb://localhost:27017
URI: mongodb://localhost:27017
URI: mongodb://localhost:27017
URI: mongodb://localhost:27017
URI: mongodb://localhost:27017
URI: mongodb://localhost:27017
URI: mongodb://localhost:27017
URI: mongodb://localhost:27017
URI: mongodb://localhost:27017
URI: mongodb://localhost:27017
URI: mongodb://localhost:27017
URI: mongodb://localhost:27017
URI: mongodb://localhost:27017
URI: mongodb://localhost:27017
URI: mongodb://localhost:27017
URI: mongodb://localhost:27017
Load workloads needs: 31674573884 ns 
[report] load_thread_ID : 79
[report] load_duration_ns : 31674573884
[report] load_duration_s : 31.674574
[report] load_throughput : 3671.051754
[report] load_average_latency_ns : 272401.498843
Load workloads needs: 31702923520 ns 
[report] load_thread_ID : 77
[report] load_duration_ns : 31702923520
[report] load_duration_s : 31.702924
[report] load_throughput : 3667.768997
[report] load_average_latency_ns : 272645.305859
Load workloads needs: 31743952544 ns 
[report] load_thread_ID : 78
[report] load_duration_ns : 31743952544
[report] load_duration_s : 31.743953
[report] load_throughput : 3663.028410
[report] load_average_latency_ns : 272998.155677
Load workloads needs: 32025779890 ns 
[report] load_thread_ID : 75
[report] load_duration_ns : 32025779890
[report] load_duration_s : 32.025780
[report] load_throughput : 3630.793704
[report] load_average_latency_ns : 275421.872307
Load workloads needs: 32107438658 ns 
[report] load_thread_ID : 76
[report] load_duration_ns : 32107438658
[report] load_duration_s : 32.107439
[report] load_throughput : 3621.559516
[report] load_average_latency_ns : 276124.138133
Load workloads needs: 32130631448 ns 
[report] load_thread_ID : 73
[report] load_duration_ns : 32130631448
[report] load_duration_s : 32.130631
[report] load_throughput : 3618.945373
[report] load_average_latency_ns : 276323.596247
Load workloads needs: 32205013265 ns 
[report] load_thread_ID : 72
[report] load_duration_ns : 32205013265
[report] load_duration_s : 32.205013
[report] load_throughput : 3610.586931
[report] load_average_latency_ns : 276963.280257
Load workloads needs: 32243256685 ns 
[report] load_thread_ID : 74
[report] load_duration_ns : 32243256685
[report] load_duration_s : 32.243257
[report] load_throughput : 3606.304448
[report] load_average_latency_ns : 277292.173866
Load workloads needs: 35394039443 ns 
[report] load_thread_ID : 2
[report] load_duration_ns : 35394039443
[report] load_duration_s : 35.394039
[report] load_throughput : 3285.270679
[report] load_average_latency_ns : 304388.921843
Load workloads needs: 35441035931 ns 
[report] load_thread_ID : 16
[report] load_duration_ns : 35441035931
[report] load_duration_s : 35.441036
[report] load_throughput : 3280.914255
[report] load_average_latency_ns : 304793.091882
Load workloads needs: 35494240642 ns 
[report] load_thread_ID : 18
[report] load_duration_ns : 35494240642
[report] load_duration_s : 35.494241
[report] load_throughput : 3275.996271
[report] load_average_latency_ns : 305250.652672
Load workloads needs: 35516057025 ns 
[report] load_thread_ID : 63
[report] load_duration_ns : 35516057025
[report] load_duration_s : 35.516057
[report] load_throughput : 3273.983931
[report] load_average_latency_ns : 305438.273678
Load workloads needs: 35534314978 ns 
[report] load_thread_ID : 27
[report] load_duration_ns : 35534314978
[report] load_duration_s : 35.534315
[report] load_throughput : 3272.301719
[report] load_average_latency_ns : 305595.292168
Load workloads needs: 35559823342 ns 
[report] load_thread_ID : 24
[report] load_duration_ns : 35559823342
[report] load_duration_s : 35.559823
[report] load_throughput : 3269.954377
[report] load_average_latency_ns : 305814.664230
Load workloads needs: 35575422281 ns 
[report] load_thread_ID : 53
[report] load_duration_ns : 35575422281
[report] load_duration_s : 35.575422
[report] load_throughput : 3268.520584
[report] load_average_latency_ns : 305948.815186
Load workloads needs: 35695210640 ns 
[report] load_thread_ID : 31
[report] load_duration_ns : 35695210640
[report] load_duration_s : 35.695211
[report] load_throughput : 3257.551865
[report] load_average_latency_ns : 306978.995691
Load workloads needs: 35697454744 ns 
[report] load_thread_ID : 21
[report] load_duration_ns : 35697454744
[report] load_duration_s : 35.697455
[report] load_throughput : 3257.347081
[report] load_average_latency_ns : 306998.294997
Load workloads needs: 35698540451 ns 
[report] load_thread_ID : 22
[report] load_duration_ns : 35698540451
[report] load_duration_s : 35.698540
[report] load_throughput : 3257.248014
[report] load_average_latency_ns : 307007.632083
Load workloads needs: 35724201254 ns 
[report] load_thread_ID : 26
[report] load_duration_ns : 35724201254
[report] load_duration_s : 35.724201
[report] load_throughput : 3254.908323
[report] load_average_latency_ns : 307228.315121
Load workloads needs: 35726220859 ns 
[report] load_thread_ID : 23
[report] load_duration_ns : 35726220859
[report] load_duration_s : 35.726221
[report] load_throughput : 3254.724323
[report] load_average_latency_ns : 307245.683735
Load workloads needs: 35738728267 ns 
[report] load_thread_ID : 10
[report] load_duration_ns : 35738728267
[report] load_duration_s : 35.738728
[report] load_throughput : 3253.585274
[report] load_average_latency_ns : 307353.247508
Load workloads needs: 35734468267 ns 
[report] load_thread_ID : 59
[report] load_duration_ns : 35734468267
[report] load_duration_s : 35.734468
[report] load_throughput : 3253.973142
[report] load_average_latency_ns : 307316.611486
Load workloads needs: 35739634035 ns 
[report] load_thread_ID : 29
[report] load_duration_ns : 35739634035
[report] load_duration_s : 35.739634
[report] load_throughput : 3253.502817
[report] load_average_latency_ns : 307361.037118
Load workloads needs: 35757515917 ns 
[report] load_thread_ID : 50
[report] load_duration_ns : 35757515917
[report] load_duration_s : 35.757516
[report] load_throughput : 3251.875781
[report] load_average_latency_ns : 307514.821395
Load workloads needs: 35764866279 ns 
[report] load_thread_ID : 45
[report] load_duration_ns : 35764866279
[report] load_duration_s : 35.764866
[report] load_throughput : 3251.207459
[report] load_average_latency_ns : 307578.034546
Load workloads needs: 35771692701 ns 
[report] load_thread_ID : 5
[report] load_duration_ns : 35771692701
[report] load_duration_s : 35.771693
[report] load_throughput : 3250.587021
[report] load_average_latency_ns : 307636.741811
Load workloads needs: 35776001360 ns 
[report] load_thread_ID : 17
[report] load_duration_ns : 35776001360
[report] load_duration_s : 35.776001
[report] load_throughput : 3250.195538
[report] load_average_latency_ns : 307673.796300
Load workloads needs: 35778441923 ns 
[report] load_thread_ID : 33
[report] load_duration_ns : 35778441923
[report] load_duration_s : 35.778442
[report] load_throughput : 3249.973832
[report] load_average_latency_ns : 307694.785155
Load workloads needs: 35779715550 ns 
[report] load_thread_ID : 52
[report] load_duration_ns : 35779715550
[report] load_duration_s : 35.779716
[report] load_throughput : 3249.858145
[report] load_average_latency_ns : 307705.738353
Load workloads needs: 35784030839 ns 
[report] load_thread_ID : 20
[report] load_duration_ns : 35784030839
[report] load_duration_s : 35.784031
[report] load_throughput : 3249.466236
[report] load_average_latency_ns : 307742.849861
Load workloads needs: 35808017747 ns 
[report] load_thread_ID : 3
[report] load_duration_ns : 35808017747
[report] load_duration_s : 35.808018
[report] load_throughput : 3247.289499
[report] load_average_latency_ns : 307949.137394
Load workloads needs: 35805472253 ns 
[report] load_thread_ID : 81
[report] load_duration_ns : 35805472253
[report] load_duration_s : 35.805472
[report] load_throughput : 3247.520356
[report] load_average_latency_ns : 307927.246132
Load workloads needs: 35815316637 ns 
[report] load_thread_ID : 13
[report] load_duration_ns : 35815316637
[report] load_duration_s : 35.815317
[report] load_throughput : 3246.627726
[report] load_average_latency_ns : 308011.907885
Load workloads needs: 35815362057 ns 
[report] load_thread_ID : 43
[report] load_duration_ns : 35815362057
[report] load_duration_s : 35.815362
[report] load_throughput : 3246.623608
[report] load_average_latency_ns : 308012.298498
Load workloads needs: 35816150055 ns 
[report] load_thread_ID : 49
[report] load_duration_ns : 35816150055
[report] load_duration_s : 35.816150
[report] load_throughput : 3246.552179
[report] load_average_latency_ns : 308019.075284
Load workloads needs: 35816692583 ns 
[report] load_thread_ID : 60
[report] load_duration_ns : 35816692583
[report] load_duration_s : 35.816693
[report] load_throughput : 3246.503002
[report] load_average_latency_ns : 308023.741028
Load workloads needs: 35821910120 ns 
[report] load_thread_ID : 19
[report] load_duration_ns : 35821910120
[report] load_duration_s : 35.821910
[report] load_throughput : 3246.030142
[report] load_average_latency_ns : 308068.611873
Load workloads needs: 35818056890 ns 
[report] load_thread_ID : 58
[report] load_duration_ns : 35818056890
[report] load_duration_s : 35.818057
[report] load_throughput : 3246.379343
[report] load_average_latency_ns : 308035.474075
Load workloads needs: 35822442329 ns 
[report] load_thread_ID : 51
[report] load_duration_ns : 35822442329
[report] load_duration_s : 35.822442
[report] load_throughput : 3245.981916
[report] load_average_latency_ns : 308073.188873
Load workloads needs: 35839837634 ns 
[report] load_thread_ID : 7
[report] load_duration_ns : 35839837634
[report] load_duration_s : 35.839838
[report] load_throughput : 3244.406439
[report] load_average_latency_ns : 308222.788586
Load workloads needs: 35845896408 ns 
[report] load_thread_ID : 11
[report] load_duration_ns : 35845896408
[report] load_duration_s : 35.845896
[report] load_throughput : 3243.858061
[report] load_average_latency_ns : 308274.894074
Load workloads needs: 35847741623 ns 
[report] load_thread_ID : 32
[report] load_duration_ns : 35847741623
[report] load_duration_s : 35.847742
[report] load_throughput : 3243.691087
[report] load_average_latency_ns : 308290.762932
Load workloads needs: 35851838042 ns 
[report] load_thread_ID : 15
[report] load_duration_ns : 35851838042
[report] load_duration_s : 35.851838
[report] load_throughput : 3243.320464
[report] load_average_latency_ns : 308325.992157
Load workloads needs: 35853085829 ns 
[report] load_thread_ID : 4
[report] load_duration_ns : 35853085829
[report] load_duration_s : 35.853086
[report] load_throughput : 3243.207588
[report] load_average_latency_ns : 308336.723131
Load workloads needs: 35848365731 ns 
[report] load_thread_ID : 61
[report] load_duration_ns : 35848365731
[report] load_duration_s : 35.848366
[report] load_throughput : 3243.634616
[report] load_average_latency_ns : 308296.130264
Load workloads needs: 35861179098 ns 
[report] load_thread_ID : 54
[report] load_duration_ns : 35861179098
[report] load_duration_s : 35.861179
[report] load_throughput : 3242.475650
[report] load_average_latency_ns : 308406.325287
Load workloads needs: 35862905983 ns 
[report] load_thread_ID : 71
[report] load_duration_ns : 35862905983
[report] load_duration_s : 35.862906
[report] load_throughput : 3242.319517
[report] load_average_latency_ns : 308421.176507
Load workloads needs: 35869696166 ns 
[report] load_thread_ID : 25
[report] load_duration_ns : 35869696166
[report] load_duration_s : 35.869696
[report] load_throughput : 3241.705741
[report] load_average_latency_ns : 308479.572115
Load workloads needs: 35870534174 ns 
[report] load_thread_ID : 12
[report] load_duration_ns : 35870534174
[report] load_duration_s : 35.870534
[report] load_throughput : 3241.630009
[report] load_average_latency_ns : 308486.778988
Load workloads needs: 35870901793 ns 
[report] load_thread_ID : 42
[report] load_duration_ns : 35870901793
[report] load_duration_s : 35.870902
[report] load_throughput : 3241.596787
[report] load_average_latency_ns : 308489.940514
Load workloads needs: 35874006275 ns 
[report] load_thread_ID : 0
[report] load_duration_ns : 35874006275
[report] load_duration_s : 35.874006
[report] load_throughput : 3241.316264
[report] load_average_latency_ns : 308516.639075
Load workloads needs: 35872319029 ns 
[report] load_thread_ID : 44
[report] load_duration_ns : 35872319029
[report] load_duration_s : 35.872319
[report] load_throughput : 3241.468719
[report] load_average_latency_ns : 308502.128751
Load workloads needs: 35877575005 ns 
[report] load_thread_ID : 55
[report] load_duration_ns : 35877575005
[report] load_duration_s : 35.877575
[report] load_throughput : 3240.993852
[report] load_average_latency_ns : 308547.330171
Load workloads needs: 35882606123 ns 
[report] load_thread_ID : 40
[report] load_duration_ns : 35882606123
[report] load_duration_s : 35.882606
[report] load_throughput : 3240.539430
[report] load_average_latency_ns : 308590.597812
Load workloads needs: 35888821076 ns 
[report] load_thread_ID : 85
[report] load_duration_ns : 35888821076
[report] load_duration_s : 35.888821
[report] load_throughput : 3239.978258
[report] load_average_latency_ns : 308644.046440
Load workloads needs: 35891370390 ns 
[report] load_thread_ID : 83
[report] load_duration_ns : 35891370390
[report] load_duration_s : 35.891370
[report] load_throughput : 3239.748127
[report] load_average_latency_ns : 308665.970554
Load workloads needs: 35896038418 ns 
[report] load_thread_ID : 48
[report] load_duration_ns : 35896038418
[report] load_duration_s : 35.896038
[report] load_throughput : 3239.326821
[report] load_average_latency_ns : 308706.115618
Load workloads needs: 35903732358 ns 
[report] load_thread_ID : 41
[report] load_duration_ns : 35903732358
[report] load_duration_s : 35.903732
[report] load_throughput : 3238.632654
[report] load_average_latency_ns : 308772.283542
Load workloads needs: 35911557697 ns 
[report] load_thread_ID : 8
[report] load_duration_ns : 35911557697
[report] load_duration_s : 35.911558
[report] load_throughput : 3237.926937
[report] load_average_latency_ns : 308839.581498
Load workloads needs: 35907830187 ns 
[report] load_thread_ID : 84
[report] load_duration_ns : 35907830187
[report] load_duration_s : 35.907830
[report] load_throughput : 3238.263058
[report] load_average_latency_ns : 308807.524893
Load workloads needs: 35909914532 ns 
[report] load_thread_ID : 62
[report] load_duration_ns : 35909914532
[report] load_duration_s : 35.909915
[report] load_throughput : 3238.075098
[report] load_average_latency_ns : 308825.450270
Load workloads needs: 35920803953 ns 
[report] load_thread_ID : 36
[report] load_duration_ns : 35920803953
[report] load_duration_s : 35.920804
[report] load_throughput : 3237.093472
[report] load_average_latency_ns : 308919.099347
Load workloads needs: 35917623432 ns 
[report] load_thread_ID : 56
[report] load_duration_ns : 35917623432
[report] load_duration_s : 35.917623
[report] load_throughput : 3237.380118
[report] load_average_latency_ns : 308891.746850
Load workloads needs: 35920167814 ns 
[report] load_thread_ID : 46
[report] load_duration_ns : 35920167814
[report] load_duration_s : 35.920168
[report] load_throughput : 3237.150801
[report] load_average_latency_ns : 308913.628549
Load workloads needs: 35923178117 ns 
[report] load_thread_ID : 9
[report] load_duration_ns : 35923178117
[report] load_duration_s : 35.923178
[report] load_throughput : 3236.879533
[report] load_average_latency_ns : 308939.517170
Load workloads needs: 35923211637 ns 
[report] load_thread_ID : 30
[report] load_duration_ns : 35923211637
[report] load_duration_s : 35.923212
[report] load_throughput : 3236.876512
[report] load_average_latency_ns : 308939.805442
Load workloads needs: 35925431621 ns 
[report] load_thread_ID : 34
[report] load_duration_ns : 35925431621
[report] load_duration_s : 35.925432
[report] load_throughput : 3236.676492
[report] load_average_latency_ns : 308958.897316
Load workloads needs: 35938830896 ns 
[report] load_thread_ID : 14
[report] load_duration_ns : 35938830896
[report] load_duration_s : 35.938831
[report] load_throughput : 3235.469744
[report] load_average_latency_ns : 309074.131150
Load workloads needs: 35948974161 ns 
[report] load_thread_ID : 37
[report] load_duration_ns : 35948974161
[report] load_duration_s : 35.948974
[report] load_throughput : 3234.556833
[report] load_average_latency_ns : 309161.363281
Load workloads needs: 35944190992 ns 
[report] load_thread_ID : 82
[report] load_duration_ns : 35944190992
[report] load_duration_s : 35.944191
[report] load_throughput : 3234.987262
[report] load_average_latency_ns : 309120.228003
Load workloads needs: 35951953182 ns 
[report] load_thread_ID : 28
[report] load_duration_ns : 35951953182
[report] load_duration_s : 35.951953
[report] load_throughput : 3234.288813
[report] load_average_latency_ns : 309186.982877
Load workloads needs: 35956055111 ns 
[report] load_thread_ID : 1
[report] load_duration_ns : 35956055111
[report] load_duration_s : 35.956055
[report] load_throughput : 3233.919840
[report] load_average_latency_ns : 309222.259488
Load workloads needs: 35958890174 ns 
[report] load_thread_ID : 47
[report] load_duration_ns : 35958890174
[report] load_duration_s : 35.958890
[report] load_throughput : 3233.664872
[report] load_average_latency_ns : 309246.641044
Load workloads needs: 35961835706 ns 
[report] load_thread_ID : 57
[report] load_duration_ns : 35961835706
[report] load_duration_s : 35.961836
[report] load_throughput : 3233.400012
[report] load_average_latency_ns : 309271.972635
Load workloads needs: 35968063930 ns 
[report] load_thread_ID : 6
[report] load_duration_ns : 35968063930
[report] load_duration_s : 35.968064
[report] load_throughput : 3232.840117
[report] load_average_latency_ns : 309325.535393
Load workloads needs: 35999079300 ns 
[report] load_thread_ID : 38
[report] load_duration_ns : 35999079300
[report] load_duration_s : 35.999079
[report] load_throughput : 3230.054831
[report] load_average_latency_ns : 309592.267735
Load workloads needs: 36000121157 ns 
[report] load_thread_ID : 35
[report] load_duration_ns : 36000121157
[report] load_duration_s : 36.000121
[report] load_throughput : 3229.961352
[report] load_average_latency_ns : 309601.227711
Load workloads needs: 36045595738 ns 
[report] load_thread_ID : 69
[report] load_duration_ns : 36045595738
[report] load_duration_s : 36.045596
[report] load_throughput : 3225.886481
[report] load_average_latency_ns : 309992.309342
Load workloads needs: 36057702477 ns 
[report] load_thread_ID : 70
[report] load_duration_ns : 36057702477
[report] load_duration_s : 36.057702
[report] load_throughput : 3224.803357
[report] load_average_latency_ns : 310096.427360
Load workloads needs: 36064995668 ns 
[report] load_thread_ID : 67
[report] load_duration_ns : 36064995668
[report] load_duration_s : 36.064996
[report] load_throughput : 3224.151226
[report] load_average_latency_ns : 310159.148840
Load workloads needs: 36101052554 ns 
[report] load_thread_ID : 39
[report] load_duration_ns : 36101052554
[report] load_duration_s : 36.101053
[report] load_throughput : 3220.931019
[report] load_average_latency_ns : 310469.238246
Load workloads needs: 36104986524 ns 
[report] load_thread_ID : 68
[report] load_duration_ns : 36104986524
[report] load_duration_s : 36.104987
[report] load_throughput : 3220.580069
[report] load_average_latency_ns : 310503.070408
Load workloads needs: 36142012298 ns 
[report] load_thread_ID : 66
[report] load_duration_ns : 36142012298
[report] load_duration_s : 36.142012
[report] load_throughput : 3217.280738
[report] load_average_latency_ns : 310821.492256
Load workloads needs: 36165153758 ns 
[report] load_thread_ID : 65
[report] load_duration_ns : 36165153758
[report] load_duration_s : 36.165154
[report] load_throughput : 3215.222055
[report] load_average_latency_ns : 311020.508931
Load workloads needs: 36166333124 ns 
[report] load_thread_ID : 64
[report] load_duration_ns : 36166333124
[report] load_duration_s : 36.166333
[report] load_throughput : 3215.117209
[report] load_average_latency_ns : 311030.651485
Load workloads needs: 36215995595 ns 
[report] load_thread_ID : 80
[report] load_duration_ns : 36215995595
[report] load_duration_s : 36.215996
[report] load_throughput : 3210.708365
[report] load_average_latency_ns : 311457.748992
All clients run done needs: 36216113595 ns 
[report] load_overall_duration_ns : 36216113595
[report] load_overall_duration_s : 36.216114
[report] load_overall_throughput : 276120.185391
[report] load_overall_average_latency_ns : 3621.611360
