numactl --membind=0 /mnt/nvme0/home/gxr/mongdb-run/test_mongodb/build//run_client --num_threads=38 --core_binding=0,1,2,3,4,5,6,7,8,9,10,11,12,13,14,15,128,129,130,131,132,133,134,135,136,137,138,139,140,141,142,143,16,17,18,19,20,21,22,23,24,25,26,27,28,29,30,31,144,145,146,147,148,149,150,151,152,153,154,155,156,157,158,159,32,33,34,35,36,37,38,39,40,41,42,43,44,45,46,47,160,161,162,163,164,165,166,167,168,169,170,171,172,173,174,175,48,49,50,51,52,53,54,55,56,57,58,59,60,61,62,63,176,177,178,179,180,181,182,183,184,185,186,187,188,189,190,191 --str_key_size=16 --str_key_size=256 --load_file=/mnt/nvme0/home/gxr/mongdb-run/workloads/ycsb/workloada-load-10000000-10000000.log.formated --run_file=/mnt/nvme0/home/gxr/mongdb-run/workloads/ycsb/workloada-run-10000000-10000000.log.formated --URI_set=mongodb://localhost:27017,mongodb://localhost:27018,mongodb://localhost:27019,mongodb://localhost:27020,mongodb://localhost:27021,mongodb://localhost:27022,mongodb://localhost:27023,mongodb://localhost:27024,mongodb://localhost:27025,mongodb://localhost:27026,mongodb://localhost:27027,mongodb://localhost:27028,mongodb://localhost:27029,mongodb://localhost:27030,mongodb://localhost:27031,mongodb://localhost:27032,mongodb://localhost:27033,mongodb://localhost:27034,mongodb://localhost:27035,mongodb://localhost:27036,mongodb://localhost:27037,mongodb://localhost:27038,mongodb://localhost:27039,mongodb://localhost:27040,mongodb://localhost:27041,mongodb://localhost:27042,mongodb://localhost:27043,mongodb://localhost:27044,mongodb://localhost:27045,mongodb://localhost:27046,mongodb://localhost:27047,mongodb://localhost:27048,mongodb://localhost:27049,mongodb://localhost:27050,mongodb://localhost:27051,mongodb://localhost:27052,mongodb://localhost:27053,mongodb://localhost:27054,mongodb://localhost:27055,mongodb://localhost:27056,mongodb://localhost:27057,mongodb://localhost:27058,mongodb://localhost:27059,mongodb://localhost:27060,mongodb://localhost:27061,mongodb://localhost:27062,mongodb://localhost:27063,mongodb://localhost:27064,mongodb://localhost:27065,mongodb://localhost:27066,mongodb://localhost:27067,mongodb://localhost:27068,mongodb://localhost:27069,mongodb://localhost:27070,mongodb://localhost:27071,mongodb://localhost:27072,mongodb://localhost:27073,mongodb://localhost:27074,mongodb://localhost:27075,mongodb://localhost:27076,mongodb://localhost:27077,mongodb://localhost:27078,mongodb://localhost:27079,mongodb://localhost:27080,mongodb://localhost:27081,mongodb://localhost:27082,mongodb://localhost:27083,mongodb://localhost:27084,mongodb://localhost:27085,mongodb://localhost:27086,mongodb://localhost:27087,mongodb://localhost:27088,mongodb://localhost:27089,mongodb://localhost:27090,mongodb://localhost:27091,mongodb://localhost:27092,mongodb://localhost:27093,mongodb://localhost:27094,mongodb://localhost:27095,mongodb://localhost:27096,mongodb://localhost:27097,mongodb://localhost:27098,mongodb://localhost:27099,mongodb://localhost:27100,mongodb://localhost:27101,mongodb://localhost:27102,mongodb://localhost:27103,mongodb://localhost:27104,mongodb://localhost:27105,mongodb://localhost:27106,mongodb://localhost:27107,mongodb://localhost:27108,mongodb://localhost:27109,mongodb://localhost:27110,mongodb://localhost:27111,mongodb://localhost:27112,mongodb://localhost:27113,mongodb://localhost:27114,mongodb://localhost:27115,mongodb://localhost:27116,mongodb://localhost:27117,mongodb://localhost:27118,mongodb://localhost:27119,mongodb://localhost:27120,mongodb://localhost:27121,mongodb://localhost:27122,mongodb://localhost:27123,mongodb://localhost:27124,mongodb://localhost:27125,mongodb://localhost:27126,mongodb://localhost:27127,mongodb://localhost:27128,mongodb://localhost:27129,mongodb://localhost:27130,mongodb://localhost:27131,mongodb://localhost:27132,mongodb://localhost:27133,mongodb://localhost:27134,mongodb://localhost:27135,mongodb://localhost:27136,mongodb://localhost:27137,mongodb://localhost:27138,mongodb://localhost:27139,mongodb://localhost:27140,mongodb://localhost:27141,mongodb://localhost:27142,mongodb://localhost:27143,mongodb://localhost:27144 --first_mode=false
mongodb://localhost:27017 mongodb://localhost:27018 mongodb://localhost:27019 mongodb://localhost:27020 mongodb://localhost:27021 mongodb://localhost:27022 mongodb://localhost:27023 mongodb://localhost:27024 mongodb://localhost:27025 mongodb://localhost:27026 mongodb://localhost:27027 mongodb://localhost:27028 mongodb://localhost:27029 mongodb://localhost:27030 mongodb://localhost:27031 mongodb://localhost:27032 mongodb://localhost:27033 mongodb://localhost:27034 mongodb://localhost:27035 mongodb://localhost:27036 mongodb://localhost:27037 mongodb://localhost:27038 mongodb://localhost:27039 mongodb://localhost:27040 mongodb://localhost:27041 mongodb://localhost:27042 mongodb://localhost:27043 mongodb://localhost:27044 mongodb://localhost:27045 mongodb://localhost:27046 mongodb://localhost:27047 mongodb://localhost:27048 mongodb://localhost:27049 mongodb://localhost:27050 mongodb://localhost:27051 mongodb://localhost:27052 mongodb://localhost:27053 mongodb://localhost:27054 mongodb://localhost:27055 mongodb://localhost:27056 mongodb://localhost:27057 mongodb://localhost:27058 mongodb://localhost:27059 mongodb://localhost:27060 mongodb://localhost:27061 mongodb://localhost:27062 mongodb://localhost:27063 mongodb://localhost:27064 mongodb://localhost:27065 mongodb://localhost:27066 mongodb://localhost:27067 mongodb://localhost:27068 mongodb://localhost:27069 mongodb://localhost:27070 mongodb://localhost:27071 mongodb://localhost:27072 mongodb://localhost:27073 mongodb://localhost:27074 mongodb://localhost:27075 mongodb://localhost:27076 mongodb://localhost:27077 mongodb://localhost:27078 mongodb://localhost:27079 mongodb://localhost:27080 mongodb://localhost:27081 mongodb://localhost:27082 mongodb://localhost:27083 mongodb://localhost:27084 mongodb://localhost:27085 mongodb://localhost:27086 mongodb://localhost:27087 mongodb://localhost:27088 mongodb://localhost:27089 mongodb://localhost:27090 mongodb://localhost:27091 mongodb://localhost:27092 mongodb://localhost:27093 mongodb://localhost:27094 mongodb://localhost:27095 mongodb://localhost:27096 mongodb://localhost:27097 mongodb://localhost:27098 mongodb://localhost:27099 mongodb://localhost:27100 mongodb://localhost:27101 mongodb://localhost:27102 mongodb://localhost:27103 mongodb://localhost:27104 mongodb://localhost:27105 mongodb://localhost:27106 mongodb://localhost:27107 mongodb://localhost:27108 mongodb://localhost:27109 mongodb://localhost:27110 mongodb://localhost:27111 mongodb://localhost:27112 mongodb://localhost:27113 mongodb://localhost:27114 mongodb://localhost:27115 mongodb://localhost:27116 mongodb://localhost:27117 mongodb://localhost:27118 mongodb://localhost:27119 mongodb://localhost:27120 mongodb://localhost:27121 mongodb://localhost:27122 mongodb://localhost:27123 mongodb://localhost:27124 mongodb://localhost:27125 mongodb://localhost:27126 mongodb://localhost:27127 mongodb://localhost:27128 mongodb://localhost:27129 mongodb://localhost:27130 mongodb://localhost:27131 mongodb://localhost:27132 mongodb://localhost:27133 mongodb://localhost:27134 mongodb://localhost:27135 mongodb://localhost:27136 mongodb://localhost:27137 mongodb://localhost:27138 mongodb://localhost:27139 mongodb://localhost:27140 mongodb://localhost:27141 mongodb://localhost:27142 mongodb://localhost:27143 mongodb://localhost:27144 reading workload files ...
load_filename : /mnt/nvme0/home/gxr/mongdb-run/workloads/ycsb/workloada-load-10000000-10000000.log.formated
read load file needs: 5808613259 s 
run_filename : /mnt/nvme0/home/gxr/mongdb-run/workloads/ycsb/workloada-run-10000000-10000000.log.formated
read run file needs: 5965756091 s 
num_of_load_ops is 10000000
num_of_run_ops is 10000000
0 1 2 3 4 5 6 7 8 9 10 11 12 13 14 15 128 129 130 131 132 133 134 135 136 137 138 139 140 141 142 143 16 17 18 19 20 21 22 23 24 25 26 27 28 29 30 31 144 145 146 147 148 149 150 151 152 153 154 155 156 157 158 159 32 33 34 35 36 37 38 39 40 41 42 43 44 45 46 47 160 161 162 163 164 165 166 167 168 169 170 171 172 173 174 175 48 49 50 51 52 53 54 55 56 57 58 59 60 61 62 63 176 177 178 179 180 181 182 183 184 185 186 187 188 189 190 191 URI: URI: mongodb://localhost:27018
URI: mongodb://localhost:27020
URI: mongodb://localhost:27021
URI: mongodb://localhost:27023
URI: mongodb://localhost:27024
URI: mongodb://localhost:27019
URI: mongodb://localhost:27017
mongodb://localhost:27022
URI: URI: URI: URI: URI: URI: mongodb://localhost:27030
mongodb://localhost:27034mongodb://localhost:27033
mongodb://localhost:27027URI: mongodb://localhost:27026
URI: mongodb://localhost:27028
URI: mongodb://localhost:27031
mongodb://localhost:27025

URI: mongodb://localhost:27029

mongodb://localhost:27032
URI: mongodb://localhost:27035
URI: mongodb://localhost:27036
URI: mongodb://localhost:27037
URI: mongodb://localhost:27039
URI: mongodb://localhost:27040
URI: mongodb://localhost:27041
URI: mongodb://localhost:27042
URI: mongodb://localhost:27043
URI: mongodb://localhost:27044
URI: mongodb://localhost:27045
URI: mongodb://localhost:27046
URI: mongodb://localhost:27047
URI: mongodb://localhost:27048
URI: mongodb://localhost:27049
URI: mongodb://localhost:27050
URI: mongodb://localhost:27052
URI: mongodb://localhost:27051
URI: mongodb://localhost:27038
URI: mongodb://localhost:27054
URI: mongodb://localhost:27053
Load workloads needs: 35759801896 ns 
[report] load_thread_ID : 32
[report] load_duration_ns : 35759801896
[report] load_duration_s : 35.759802
[report] load_throughput : 7359.017278
[report] load_average_latency_ns : 135887.709223
Load workloads needs: 36234919724 ns 
[report] load_thread_ID : 36
[report] load_duration_ns : 36234919724
[report] load_duration_s : 36.234920
[report] load_throughput : 7262.524714
[report] load_average_latency_ns : 137693.163108
Load workloads needs: 37452641942 ns 
[report] load_thread_ID : 35
[report] load_duration_ns : 37452641942
[report] load_duration_s : 37.452642
[report] load_throughput : 7026.393503
[report] load_average_latency_ns : 142320.523269
Load workloads needs: 37470847474 ns 
[report] load_thread_ID : 37
[report] load_duration_ns : 37470847474
[report] load_duration_s : 37.470847
[report] load_throughput : 7022.979669
[report] load_average_latency_ns : 142389.704526
Load workloads needs: 39649746454 ns 
[report] load_thread_ID : 34
[report] load_duration_ns : 39649746454
[report] load_duration_s : 39.649746
[report] load_throughput : 6637.041180
[report] load_average_latency_ns : 150669.548802
Load workloads needs: 40983155952 ns 
[report] load_thread_ID : 33
[report] load_duration_ns : 40983155952
[report] load_duration_s : 40.983156
[report] load_throughput : 6421.101399
[report] load_average_latency_ns : 155736.522122
Load workloads needs: 46505899408 ns 
[report] load_thread_ID : 0
[report] load_duration_ns : 46505899408
[report] load_duration_s : 46.505899
[report] load_throughput : 5658.572425
[report] load_average_latency_ns : 176723.018609
Load workloads needs: 46543964717 ns 
[report] load_thread_ID : 16
[report] load_duration_ns : 46543964717
[report] load_duration_s : 46.543965
[report] load_throughput : 5653.944644
[report] load_average_latency_ns : 176867.667275
Load workloads needs: 47277956121 ns 
[report] load_thread_ID : 1
[report] load_duration_ns : 47277956121
[report] load_duration_s : 47.277956
[report] load_throughput : 5566.167017
[report] load_average_latency_ns : 179656.844093
Load workloads needs: 47285182938 ns 
[report] load_thread_ID : 2
[report] load_duration_ns : 47285182938
[report] load_duration_s : 47.285183
[report] load_throughput : 5565.316314
[report] load_average_latency_ns : 179684.306091
Load workloads needs: 47716129796 ns 
[report] load_thread_ID : 18
[report] load_duration_ns : 47716129796
[report] load_duration_s : 47.716130
[report] load_throughput : 5515.053319
[report] load_average_latency_ns : 181321.909719
Load workloads needs: 47739150472 ns 
[report] load_thread_ID : 5
[report] load_duration_ns : 47739150472
[report] load_duration_s : 47.739150
[report] load_throughput : 5512.393861
[report] load_average_latency_ns : 181409.388586
Load workloads needs: 48186953837 ns 
[report] load_thread_ID : 6
[report] load_duration_ns : 48186953837
[report] load_duration_s : 48.186954
[report] load_throughput : 5461.166956
[report] load_average_latency_ns : 183111.047158
Load workloads needs: 48531602300 ns 
[report] load_thread_ID : 3
[report] load_duration_ns : 48531602300
[report] load_duration_s : 48.531602
[report] load_throughput : 5422.384334
[report] load_average_latency_ns : 184420.715770
Load workloads needs: 48796210097 ns 
[report] load_thread_ID : 17
[report] load_duration_ns : 48796210097
[report] load_duration_s : 48.796210
[report] load_throughput : 5392.980305
[report] load_average_latency_ns : 185426.228818
Load workloads needs: 48866314795 ns 
[report] load_thread_ID : 19
[report] load_duration_ns : 48866314795
[report] load_duration_s : 48.866315
[report] load_throughput : 5385.243416
[report] load_average_latency_ns : 185692.627576
Load workloads needs: 49122270680 ns 
[report] load_thread_ID : 28
[report] load_duration_ns : 49122270680
[report] load_duration_s : 49.122271
[report] load_throughput : 5357.183134
[report] load_average_latency_ns : 186665.263246
Load workloads needs: 49239850466 ns 
[report] load_thread_ID : 20
[report] load_duration_ns : 49239850466
[report] load_duration_s : 49.239850
[report] load_throughput : 5344.390722
[report] load_average_latency_ns : 187112.067952
Load workloads needs: 49287187795 ns 
[report] load_thread_ID : 8
[report] load_duration_ns : 49287187795
[report] load_duration_s : 49.287188
[report] load_throughput : 5339.257762
[report] load_average_latency_ns : 187291.950414
Load workloads needs: 49388606282 ns 
[report] load_thread_ID : 22
[report] load_duration_ns : 49388606282
[report] load_duration_s : 49.388606
[report] load_throughput : 5328.293706
[report] load_average_latency_ns : 187677.341975
Load workloads needs: 49400418705 ns 
[report] load_thread_ID : 12
[report] load_duration_ns : 49400418705
[report] load_duration_s : 49.400419
[report] load_throughput : 5327.019627
[report] load_average_latency_ns : 187722.229335
Load workloads needs: 49403557595 ns 
[report] load_thread_ID : 24
[report] load_duration_ns : 49403557595
[report] load_duration_s : 49.403558
[report] load_throughput : 5326.681171
[report] load_average_latency_ns : 187734.157157
Load workloads needs: 49559194939 ns 
[report] load_thread_ID : 23
[report] load_duration_ns : 49559194939
[report] load_duration_s : 49.559195
[report] load_throughput : 5309.953084
[report] load_average_latency_ns : 188325.581075
Load workloads needs: 49655956911 ns 
[report] load_thread_ID : 4
[report] load_duration_ns : 49655956911
[report] load_duration_s : 49.655957
[report] load_throughput : 5299.605855
[report] load_average_latency_ns : 188693.277819
Load workloads needs: 49720892554 ns 
[report] load_thread_ID : 9
[report] load_duration_ns : 49720892554
[report] load_duration_s : 49.720893
[report] load_throughput : 5292.684553
[report] load_average_latency_ns : 188940.034101
Load workloads needs: 49857190300 ns 
[report] load_thread_ID : 21
[report] load_duration_ns : 49857190300
[report] load_duration_s : 49.857190
[report] load_throughput : 5278.215608
[report] load_average_latency_ns : 189457.967297
Load workloads needs: 50083021881 ns 
[report] load_thread_ID : 10
[report] load_duration_ns : 50083021881
[report] load_duration_s : 50.083022
[report] load_throughput : 5254.415371
[report] load_average_latency_ns : 190316.130223
Load workloads needs: 50306196671 ns 
[report] load_thread_ID : 7
[report] load_duration_ns : 50306196671
[report] load_duration_s : 50.306197
[report] load_throughput : 5231.105061
[report] load_average_latency_ns : 191164.197308
Load workloads needs: 50430340656 ns 
[report] load_thread_ID : 25
[report] load_duration_ns : 50430340656
[report] load_duration_s : 50.430341
[report] load_throughput : 5218.227689
[report] load_average_latency_ns : 191635.946055
Load workloads needs: 50481772052 ns 
[report] load_thread_ID : 26
[report] load_duration_ns : 50481772052
[report] load_duration_s : 50.481772
[report] load_throughput : 5212.911301
[report] load_average_latency_ns : 191831.386024
Load workloads needs: 50521939714 ns 
[report] load_thread_ID : 27
[report] load_duration_ns : 50521939714
[report] load_duration_s : 50.521940
[report] load_throughput : 5208.766755
[report] load_average_latency_ns : 191984.023659
Load workloads needs: 50561347428 ns 
[report] load_thread_ID : 11
[report] load_duration_ns : 50561347428
[report] load_duration_s : 50.561347
[report] load_throughput : 5204.707022
[report] load_average_latency_ns : 192133.773481
Load workloads needs: 50833175863 ns 
[report] load_thread_ID : 30
[report] load_duration_ns : 50833175863
[report] load_duration_s : 50.833176
[report] load_throughput : 5176.875053
[report] load_average_latency_ns : 193166.725046
Load workloads needs: 51005959053 ns 
[report] load_thread_ID : 14
[report] load_duration_ns : 51005959053
[report] load_duration_s : 51.005959
[report] load_throughput : 5159.338338
[report] load_average_latency_ns : 193823.303401
Load workloads needs: 51011534936 ns 
[report] load_thread_ID : 29
[report] load_duration_ns : 51011534936
[report] load_duration_s : 51.011535
[report] load_throughput : 5158.774390
[report] load_average_latency_ns : 193844.491828
Load workloads needs: 51341644104 ns 
[report] load_thread_ID : 31
[report] load_duration_ns : 51341644104
[report] load_duration_s : 51.341644
[report] load_throughput : 5125.605239
[report] load_average_latency_ns : 195098.910931
Load workloads needs: 51410704124 ns 
[report] load_thread_ID : 13
[report] load_duration_ns : 51410704124
[report] load_duration_s : 51.410704
[report] load_throughput : 5118.720011
[report] load_average_latency_ns : 195361.339900
Load workloads needs: 51670542717 ns 
[report] load_thread_ID : 15
[report] load_duration_ns : 51670542717
[report] load_duration_s : 51.670543
[report] load_throughput : 5092.979213
[report] load_average_latency_ns : 196348.729910
All clients run done needs: 51668890662 ns 
[report] load_overall_duration_ns : 51668890662
[report] load_overall_duration_s : 51.668891
[report] load_overall_throughput : 193540.056151
[report] load_overall_average_latency_ns : 5166.889066
