numactl --membind=0 /mnt/nvme0/home/gxr/mongdb-run/test_mongodb/build//run_client --num_threads=68 --core_binding=0,1,2,3,4,5,6,7,8,9,10,11,12,13,14,15,128,129,130,131,132,133,134,135,136,137,138,139,140,141,142,143,16,17,18,19,20,21,22,23,24,25,26,27,28,29,30,31,144,145,146,147,148,149,150,151,152,153,154,155,156,157,158,159,32,33,34,35,36,37,38,39,40,41,42,43,44,45,46,47,160,161,162,163,164,165,166,167,168,169,170,171,172,173,174,175,48,49,50,51,52,53,54,55,56,57,58,59,60,61,62,63,176,177,178,179,180,181,182,183,184,185,186,187,188,189,190,191 --str_key_size=16 --str_key_size=256 --load_file=/mnt/nvme0/home/gxr/mongdb-run/workloads/ycsb/workloada-load-10000000-10000000.log.formated --run_file=/mnt/nvme0/home/gxr/mongdb-run/workloads/ycsb/workloada-run-10000000-10000000.log.formated --URI_set=mongodb://localhost:27017,mongodb://localhost:27018,mongodb://localhost:27019,mongodb://localhost:27020,mongodb://localhost:27021,mongodb://localhost:27022,mongodb://localhost:27023,mongodb://localhost:27024,mongodb://localhost:27025,mongodb://localhost:27026,mongodb://localhost:27027,mongodb://localhost:27028,mongodb://localhost:27029,mongodb://localhost:27030,mongodb://localhost:27031,mongodb://localhost:27032,mongodb://localhost:27033,mongodb://localhost:27034,mongodb://localhost:27035,mongodb://localhost:27036,mongodb://localhost:27037,mongodb://localhost:27038,mongodb://localhost:27039,mongodb://localhost:27040,mongodb://localhost:27041,mongodb://localhost:27042,mongodb://localhost:27043,mongodb://localhost:27044,mongodb://localhost:27045,mongodb://localhost:27046,mongodb://localhost:27047,mongodb://localhost:27048,mongodb://localhost:27049,mongodb://localhost:27050,mongodb://localhost:27051,mongodb://localhost:27052,mongodb://localhost:27053,mongodb://localhost:27054,mongodb://localhost:27055,mongodb://localhost:27056,mongodb://localhost:27057,mongodb://localhost:27058,mongodb://localhost:27059,mongodb://localhost:27060,mongodb://localhost:27061,mongodb://localhost:27062,mongodb://localhost:27063,mongodb://localhost:27064,mongodb://localhost:27065,mongodb://localhost:27066,mongodb://localhost:27067,mongodb://localhost:27068,mongodb://localhost:27069,mongodb://localhost:27070,mongodb://localhost:27071,mongodb://localhost:27072,mongodb://localhost:27073,mongodb://localhost:27074,mongodb://localhost:27075,mongodb://localhost:27076,mongodb://localhost:27077,mongodb://localhost:27078,mongodb://localhost:27079,mongodb://localhost:27080,mongodb://localhost:27081,mongodb://localhost:27082,mongodb://localhost:27083,mongodb://localhost:27084,mongodb://localhost:27085,mongodb://localhost:27086,mongodb://localhost:27087,mongodb://localhost:27088,mongodb://localhost:27089,mongodb://localhost:27090,mongodb://localhost:27091,mongodb://localhost:27092,mongodb://localhost:27093,mongodb://localhost:27094,mongodb://localhost:27095,mongodb://localhost:27096,mongodb://localhost:27097,mongodb://localhost:27098,mongodb://localhost:27099,mongodb://localhost:27100,mongodb://localhost:27101,mongodb://localhost:27102,mongodb://localhost:27103,mongodb://localhost:27104,mongodb://localhost:27105,mongodb://localhost:27106,mongodb://localhost:27107,mongodb://localhost:27108,mongodb://localhost:27109,mongodb://localhost:27110,mongodb://localhost:27111,mongodb://localhost:27112,mongodb://localhost:27113,mongodb://localhost:27114,mongodb://localhost:27115,mongodb://localhost:27116,mongodb://localhost:27117,mongodb://localhost:27118,mongodb://localhost:27119,mongodb://localhost:27120,mongodb://localhost:27121,mongodb://localhost:27122,mongodb://localhost:27123,mongodb://localhost:27124,mongodb://localhost:27125,mongodb://localhost:27126,mongodb://localhost:27127,mongodb://localhost:27128,mongodb://localhost:27129,mongodb://localhost:27130,mongodb://localhost:27131,mongodb://localhost:27132,mongodb://localhost:27133,mongodb://localhost:27134,mongodb://localhost:27135,mongodb://localhost:27136,mongodb://localhost:27137,mongodb://localhost:27138,mongodb://localhost:27139,mongodb://localhost:27140,mongodb://localhost:27141,mongodb://localhost:27142,mongodb://localhost:27143,mongodb://localhost:27144 --first_mode=false
mongodb://localhost:27017 mongodb://localhost:27018 mongodb://localhost:27019 mongodb://localhost:27020 mongodb://localhost:27021 mongodb://localhost:27022 mongodb://localhost:27023 mongodb://localhost:27024 mongodb://localhost:27025 mongodb://localhost:27026 mongodb://localhost:27027 mongodb://localhost:27028 mongodb://localhost:27029 mongodb://localhost:27030 mongodb://localhost:27031 mongodb://localhost:27032 mongodb://localhost:27033 mongodb://localhost:27034 mongodb://localhost:27035 mongodb://localhost:27036 mongodb://localhost:27037 mongodb://localhost:27038 mongodb://localhost:27039 mongodb://localhost:27040 mongodb://localhost:27041 mongodb://localhost:27042 mongodb://localhost:27043 mongodb://localhost:27044 mongodb://localhost:27045 mongodb://localhost:27046 mongodb://localhost:27047 mongodb://localhost:27048 mongodb://localhost:27049 mongodb://localhost:27050 mongodb://localhost:27051 mongodb://localhost:27052 mongodb://localhost:27053 mongodb://localhost:27054 mongodb://localhost:27055 mongodb://localhost:27056 mongodb://localhost:27057 mongodb://localhost:27058 mongodb://localhost:27059 mongodb://localhost:27060 mongodb://localhost:27061 mongodb://localhost:27062 mongodb://localhost:27063 mongodb://localhost:27064 mongodb://localhost:27065 mongodb://localhost:27066 mongodb://localhost:27067 mongodb://localhost:27068 mongodb://localhost:27069 mongodb://localhost:27070 mongodb://localhost:27071 mongodb://localhost:27072 mongodb://localhost:27073 mongodb://localhost:27074 mongodb://localhost:27075 mongodb://localhost:27076 mongodb://localhost:27077 mongodb://localhost:27078 mongodb://localhost:27079 mongodb://localhost:27080 mongodb://localhost:27081 mongodb://localhost:27082 mongodb://localhost:27083 mongodb://localhost:27084 mongodb://localhost:27085 mongodb://localhost:27086 mongodb://localhost:27087 mongodb://localhost:27088 mongodb://localhost:27089 mongodb://localhost:27090 mongodb://localhost:27091 mongodb://localhost:27092 mongodb://localhost:27093 mongodb://localhost:27094 mongodb://localhost:27095 mongodb://localhost:27096 mongodb://localhost:27097 mongodb://localhost:27098 mongodb://localhost:27099 mongodb://localhost:27100 mongodb://localhost:27101 mongodb://localhost:27102 mongodb://localhost:27103 mongodb://localhost:27104 mongodb://localhost:27105 mongodb://localhost:27106 mongodb://localhost:27107 mongodb://localhost:27108 mongodb://localhost:27109 mongodb://localhost:27110 mongodb://localhost:27111 mongodb://localhost:27112 mongodb://localhost:27113 mongodb://localhost:27114 mongodb://localhost:27115 mongodb://localhost:27116 mongodb://localhost:27117 mongodb://localhost:27118 mongodb://localhost:27119 mongodb://localhost:27120 mongodb://localhost:27121 mongodb://localhost:27122 mongodb://localhost:27123 mongodb://localhost:27124 mongodb://localhost:27125 mongodb://localhost:27126 mongodb://localhost:27127 mongodb://localhost:27128 mongodb://localhost:27129 mongodb://localhost:27130 mongodb://localhost:27131 mongodb://localhost:27132 mongodb://localhost:27133 mongodb://localhost:27134 mongodb://localhost:27135 mongodb://localhost:27136 mongodb://localhost:27137 mongodb://localhost:27138 mongodb://localhost:27139 mongodb://localhost:27140 mongodb://localhost:27141 mongodb://localhost:27142 mongodb://localhost:27143 mongodb://localhost:27144 reading workload files ...
load_filename : /mnt/nvme0/home/gxr/mongdb-run/workloads/ycsb/workloada-load-10000000-10000000.log.formated
read load file needs: 5792016965 s 
run_filename : /mnt/nvme0/home/gxr/mongdb-run/workloads/ycsb/workloada-run-10000000-10000000.log.formated
read run file needs: 6015989333 s 
num_of_load_ops is 10000000
num_of_run_ops is 10000000
0 1 2 3 4 5 6 7 8 9 10 11 12 13 14 15 128 129 130 131 132 133 134 135 136 137 138 139 140 141 142 143 16 17 18 19 20 21 22 23 24 25 26 27 28 29 30 31 144 145 146 147 148 149 150 151 152 153 154 155 156 157 158 159 32 33 34 35 36 37 38 39 40 41 42 43 44 45 46 47 160 161 162 163 164 165 166 167 168 169 170 171 172 173 174 175 48 49 50 51 52 53 54 55 56 57 58 59 60 61 62 63 176 177 178 179 180 181 182 183 184 185 186 187 188 189 190 191 URI: URI: mongodb://localhost:27017
URI: mongodb://localhost:27024
URI: mongodb://localhost:27031
URI: mongodb://localhost:27026
URI: mongodb://localhost:27023
URI: mongodb://localhost:27032
URI: URI: mongodb://localhost:27033
URI: mongodb://localhost:27019
URI: URI: URI: mongodb://localhost:27028
URI: mongodb://localhost:27034
URI: mongodb://localhost:27035
URI: mongodb://localhost:27036
URI: mongodb://localhost:27030
mongodb://localhost:27021
URI: mongodb://localhost:27025
URI: mongodb://localhost:27022
mongodb://localhost:27020
URI: mongodb://localhost:27038
mongodb://localhost:27027
URI: URI: mongodb://localhost:27040
URI: mongodb://localhost:27039
mongodb://localhost:27029
URI: mongodb://localhost:27037
mongodb://localhost:27018
URI: mongodb://localhost:27041
URI: mongodb://localhost:27042
URI: mongodb://localhost:27043
URI: mongodb://localhost:27044
URI: mongodb://localhost:27046
URI: mongodb://localhost:27047
URI: mongodb://localhost:27048
URI: mongodb://localhost:27049
URI: mongodb://localhost:27050
URI: mongodb://localhost:27051
URI: mongodb://localhost:27052
URI: mongodb://localhost:27053
URI: mongodb://localhost:27054
URI: mongodb://localhost:27055
URI: mongodb://localhost:27056
URI: mongodb://localhost:27058
URI: mongodb://localhost:27063
URI: mongodb://localhost:27062
URI: mongodb://localhost:27064
URI: mongodb://localhost:27057
URI: mongodb://localhost:27060
URI: mongodb://localhost:27059
URI: mongodb://localhost:27065
URI: mongodb://localhost:27061
URI: mongodb://localhost:27067
URI: mongodb://localhost:27068
URI: mongodb://localhost:27066
URI: mongodb://localhost:27069
URI: mongodb://localhost:27070
URI: mongodb://localhost:27045
URI: mongodb://localhost:27072
URI: mongodb://localhost:27071
URI: mongodb://localhost:27073
URI: mongodb://localhost:27074
URI: mongodb://localhost:27075
URI: mongodb://localhost:27077
URI: mongodb://localhost:27076
URI: mongodb://localhost:27078
URI: mongodb://localhost:27079
URI: mongodb://localhost:27080
URI: mongodb://localhost:27081
URI: mongodb://localhost:27083
URI: mongodb://localhost:27082
URI: mongodb://localhost:27084
Load workloads needs: 19941710786 ns 
[report] load_thread_ID : 65
[report] load_duration_ns : 19941710786
[report] load_duration_s : 19.941711
[report] load_throughput : 7374.392377
[report] load_average_latency_ns : 135604.392729
Load workloads needs: 20049330679 ns 
[report] load_thread_ID : 66
[report] load_duration_ns : 20049330679
[report] load_duration_s : 20.049331
[report] load_throughput : 7334.808446
[report] load_average_latency_ns : 136336.212100
Load workloads needs: 20125419118 ns 
[report] load_thread_ID : 67
[report] load_duration_ns : 20125419118
[report] load_duration_s : 20.125419
[report] load_throughput : 7307.077638
[report] load_average_latency_ns : 136853.616383
Load workloads needs: 21190522599 ns 
[report] load_thread_ID : 64
[report] load_duration_ns : 21190522599
[report] load_duration_s : 21.190523
[report] load_throughput : 6939.800532
[report] load_average_latency_ns : 144096.360613
Load workloads needs: 26336877573 ns 
[report] load_thread_ID : 12
[report] load_duration_ns : 26336877573
[report] load_duration_s : 26.336878
[report] load_throughput : 5583.729491
[report] load_average_latency_ns : 179091.770410
Load workloads needs: 26361054873 ns 
[report] load_thread_ID : 20
[report] load_duration_ns : 26361054873
[report] load_duration_s : 26.361055
[report] load_throughput : 5578.608319
[report] load_average_latency_ns : 179256.176971
Load workloads needs: 27625937074 ns 
[report] load_thread_ID : 16
[report] load_duration_ns : 27625937074
[report] load_duration_s : 27.625937
[report] load_throughput : 5323.185947
[report] load_average_latency_ns : 187857.424105
Load workloads needs: 27720977659 ns 
[report] load_thread_ID : 28
[report] load_duration_ns : 27720977659
[report] load_duration_s : 27.720978
[report] load_throughput : 5304.935555
[report] load_average_latency_ns : 188503.703702
Load workloads needs: 27821674955 ns 
[report] load_thread_ID : 0
[report] load_duration_ns : 27821674955
[report] load_duration_s : 27.821675
[report] load_throughput : 5285.734962
[report] load_average_latency_ns : 189188.449149
Load workloads needs: 27842525226 ns 
[report] load_thread_ID : 48
[report] load_duration_ns : 27842525226
[report] load_duration_s : 27.842525
[report] load_throughput : 5281.776664
[report] load_average_latency_ns : 189330.231786
Load workloads needs: 28247479175 ns 
[report] load_thread_ID : 32
[report] load_duration_ns : 28247479175
[report] load_duration_s : 28.247479
[report] load_throughput : 5206.057471
[report] load_average_latency_ns : 192083.934060
Load workloads needs: 28472383000 ns 
[report] load_thread_ID : 18
[report] load_duration_ns : 28472383000
[report] load_duration_s : 28.472383
[report] load_throughput : 5164.934737
[report] load_average_latency_ns : 193613.288634
Load workloads needs: 28484730639 ns 
[report] load_thread_ID : 24
[report] load_duration_ns : 28484730639
[report] load_duration_s : 28.484731
[report] load_throughput : 5162.695827
[report] load_average_latency_ns : 193697.253050
Load workloads needs: 28640066394 ns 
[report] load_thread_ID : 17
[report] load_duration_ns : 28640066394
[report] load_duration_s : 28.640066
[report] load_throughput : 5134.694801
[report] load_average_latency_ns : 194753.542099
Load workloads needs: 28748365335 ns 
[report] load_thread_ID : 2
[report] load_duration_ns : 28748365335
[report] load_duration_s : 28.748365
[report] load_throughput : 5115.351718
[report] load_average_latency_ns : 195489.979022
Load workloads needs: 28912176503 ns 
[report] load_thread_ID : 30
[report] load_duration_ns : 28912176503
[report] load_duration_s : 28.912177
[report] load_throughput : 5086.369059
[report] load_average_latency_ns : 196603.901202
Load workloads needs: 28972825612 ns 
[report] load_thread_ID : 19
[report] load_duration_ns : 28972825612
[report] load_duration_s : 28.972826
[report] load_throughput : 5075.721711
[report] load_average_latency_ns : 197016.317453
Load workloads needs: 29004924006 ns 
[report] load_thread_ID : 1
[report] load_duration_ns : 29004924006
[report] load_duration_s : 29.004924
[report] load_throughput : 5070.104647
[report] load_average_latency_ns : 197234.587754
Load workloads needs: 29107575945 ns 
[report] load_thread_ID : 23
[report] load_duration_ns : 29107575945
[report] load_duration_s : 29.107576
[report] load_throughput : 5052.224214
[report] load_average_latency_ns : 197932.624849
Load workloads needs: 29149977805 ns 
[report] load_thread_ID : 3
[report] load_duration_ns : 29149977805
[report] load_duration_s : 29.149978
[report] load_throughput : 5044.875196
[report] load_average_latency_ns : 198220.959111
Load workloads needs: 29241575992 ns 
[report] load_thread_ID : 29
[report] load_duration_ns : 29241575992
[report] load_duration_s : 29.241576
[report] load_throughput : 5029.072306
[report] load_average_latency_ns : 198843.830271
Load workloads needs: 29253144413 ns 
[report] load_thread_ID : 10
[report] load_duration_ns : 29253144413
[report] load_duration_s : 29.253144
[report] load_throughput : 5027.083514
[report] load_average_latency_ns : 198922.495974
Load workloads needs: 29299214171 ns 
[report] load_thread_ID : 14
[report] load_duration_ns : 29299214171
[report] load_duration_s : 29.299214
[report] load_throughput : 5019.178983
[report] load_average_latency_ns : 199235.772083
Load workloads needs: 29321722166 ns 
[report] load_thread_ID : 25
[report] load_duration_ns : 29321722166
[report] load_duration_s : 29.321722
[report] load_throughput : 5015.326152
[report] load_average_latency_ns : 199388.827306
Load workloads needs: 29351493258 ns 
[report] load_thread_ID : 54
[report] load_duration_ns : 29351493258
[report] load_duration_s : 29.351493
[report] load_throughput : 5010.239128
[report] load_average_latency_ns : 199591.271866
Load workloads needs: 29362387151 ns 
[report] load_thread_ID : 50
[report] load_duration_ns : 29362387151
[report] load_duration_s : 29.362387
[report] load_throughput : 5008.380253
[report] load_average_latency_ns : 199665.350753
Load workloads needs: 29436201087 ns 
[report] load_thread_ID : 11
[report] load_duration_ns : 29436201087
[report] load_duration_s : 29.436201
[report] load_throughput : 4995.821287
[report] load_average_latency_ns : 200167.288328
Load workloads needs: 29444848018 ns 
[report] load_thread_ID : 26
[report] load_duration_ns : 29444848018
[report] load_duration_s : 29.444848
[report] load_throughput : 4994.354188
[report] load_average_latency_ns : 200226.087788
Load workloads needs: 29450246560 ns 
[report] load_thread_ID : 7
[report] load_duration_ns : 29450246560
[report] load_duration_s : 29.450247
[report] load_throughput : 4993.438670
[report] load_average_latency_ns : 200262.798080
Load workloads needs: 29461177745 ns 
[report] load_thread_ID : 27
[report] load_duration_ns : 29461177745
[report] load_duration_s : 29.461178
[report] load_throughput : 4991.585919
[report] load_average_latency_ns : 200337.130554
Load workloads needs: 29495592400 ns 
[report] load_thread_ID : 22
[report] load_duration_ns : 29495592400
[report] load_duration_s : 29.495592
[report] load_throughput : 4985.761873
[report] load_average_latency_ns : 200571.151518
Load workloads needs: 29514436938 ns 
[report] load_thread_ID : 34
[report] load_duration_ns : 29514436938
[report] load_duration_s : 29.514437
[report] load_throughput : 4982.578536
[report] load_average_latency_ns : 200699.295094
Load workloads needs: 29538468109 ns 
[report] load_thread_ID : 38
[report] load_duration_ns : 29538468109
[report] load_duration_s : 29.538468
[report] load_throughput : 4978.524934
[report] load_average_latency_ns : 200862.707972
Load workloads needs: 29556278339 ns 
[report] load_thread_ID : 9
[report] load_duration_ns : 29556278339
[report] load_duration_s : 29.556278
[report] load_throughput : 4975.524940
[report] load_average_latency_ns : 200983.818215
Load workloads needs: 29589031890 ns 
[report] load_thread_ID : 49
[report] load_duration_ns : 29589031890
[report] load_duration_s : 29.589032
[report] load_throughput : 4970.017287
[report] load_average_latency_ns : 201206.543609
Load workloads needs: 29635235657 ns 
[report] load_thread_ID : 59
[report] load_duration_ns : 29635235657
[report] load_duration_s : 29.635236
[report] load_throughput : 4962.268622
[report] load_average_latency_ns : 201520.730984
Load workloads needs: 29655979149 ns 
[report] load_thread_ID : 57
[report] load_duration_ns : 29655979149
[report] load_duration_s : 29.655979
[report] load_throughput : 4958.797660
[report] load_average_latency_ns : 201661.787519
Load workloads needs: 29661217972 ns 
[report] load_thread_ID : 56
[report] load_duration_ns : 29661217972
[report] load_duration_s : 29.661218
[report] load_throughput : 4957.921827
[report] load_average_latency_ns : 201697.411715
Load workloads needs: 29677479608 ns 
[report] load_thread_ID : 21
[report] load_duration_ns : 29677479608
[report] load_duration_s : 29.677480
[report] load_throughput : 4955.205157
[report] load_average_latency_ns : 201807.991459
Load workloads needs: 29675889063 ns 
[report] load_thread_ID : 63
[report] load_duration_ns : 29675889063
[report] load_duration_s : 29.675889
[report] load_throughput : 4955.470742
[report] load_average_latency_ns : 201797.175693
Load workloads needs: 29689267059 ns 
[report] load_thread_ID : 15
[report] load_duration_ns : 29689267059
[report] load_duration_s : 29.689267
[report] load_throughput : 4953.237805
[report] load_average_latency_ns : 201888.146575
Load workloads needs: 29694424102 ns 
[report] load_thread_ID : 41
[report] load_duration_ns : 29694424102
[report] load_duration_s : 29.694424
[report] load_throughput : 4952.377574
[report] load_average_latency_ns : 201923.214664
Load workloads needs: 29735549865 ns 
[report] load_thread_ID : 13
[report] load_duration_ns : 29735549865
[report] load_duration_s : 29.735550
[report] load_throughput : 4945.528187
[report] load_average_latency_ns : 202202.871418
Load workloads needs: 29730847891 ns 
[report] load_thread_ID : 42
[report] load_duration_ns : 29730847891
[report] load_duration_s : 29.730848
[report] load_throughput : 4946.310329
[report] load_average_latency_ns : 202170.897816
Load workloads needs: 29743305690 ns 
[report] load_thread_ID : 58
[report] load_duration_ns : 29743305690
[report] load_duration_s : 29.743306
[report] load_throughput : 4944.238597
[report] load_average_latency_ns : 202255.611323
Load workloads needs: 29753787695 ns 
[report] load_thread_ID : 33
[report] load_duration_ns : 29753787695
[report] load_duration_s : 29.753788
[report] load_throughput : 4942.496784
[report] load_average_latency_ns : 202326.889357
Load workloads needs: 29789206268 ns 
[report] load_thread_ID : 62
[report] load_duration_ns : 29789206268
[report] load_duration_s : 29.789206
[report] load_throughput : 4936.620287
[report] load_average_latency_ns : 202567.737002
Load workloads needs: 29805618653 ns 
[report] load_thread_ID : 43
[report] load_duration_ns : 29805618653
[report] load_duration_s : 29.805619
[report] load_throughput : 4933.901950
[report] load_average_latency_ns : 202679.341845
Load workloads needs: 29822632318 ns 
[report] load_thread_ID : 45
[report] load_duration_ns : 29822632318
[report] load_duration_s : 29.822632
[report] load_throughput : 4931.087183
[report] load_average_latency_ns : 202795.035415
Load workloads needs: 29852995077 ns 
[report] load_thread_ID : 40
[report] load_duration_ns : 29852995077
[report] load_duration_s : 29.852995
[report] load_throughput : 4926.071894
[report] load_average_latency_ns : 203001.503332
Load workloads needs: 29888766558 ns 
[report] load_thread_ID : 46
[report] load_duration_ns : 29888766558
[report] load_duration_s : 29.888767
[report] load_throughput : 4920.176271
[report] load_average_latency_ns : 203244.750765
Load workloads needs: 29902832552 ns 
[report] load_thread_ID : 61
[report] load_duration_ns : 29902832552
[report] load_duration_s : 29.902833
[report] load_throughput : 4917.861870
[report] load_average_latency_ns : 203340.400060
Load workloads needs: 29986993283 ns 
[report] load_thread_ID : 31
[report] load_duration_ns : 29986993283
[report] load_duration_s : 29.986993
[report] load_throughput : 4904.059524
[report] load_average_latency_ns : 203912.696235
Load workloads needs: 29998841294 ns 
[report] load_thread_ID : 53
[report] load_duration_ns : 29998841294
[report] load_duration_s : 29.998841
[report] load_throughput : 4902.122671
[report] load_average_latency_ns : 203993.263161
Load workloads needs: 30010643224 ns 
[report] load_thread_ID : 47
[report] load_duration_ns : 30010643224
[report] load_duration_s : 30.010643
[report] load_throughput : 4900.194871
[report] load_average_latency_ns : 204073.516735
Load workloads needs: 30026102223 ns 
[report] load_thread_ID : 60
[report] load_duration_ns : 30026102223
[report] load_duration_s : 30.026102
[report] load_throughput : 4897.671996
[report] load_average_latency_ns : 204178.638517
Load workloads needs: 30054567328 ns 
[report] load_thread_ID : 6
[report] load_duration_ns : 30054567328
[report] load_duration_s : 30.054567
[report] load_throughput : 4893.033341
[report] load_average_latency_ns : 204372.202315
Load workloads needs: 30073050258 ns 
[report] load_thread_ID : 44
[report] load_duration_ns : 30073050258
[report] load_duration_s : 30.073050
[report] load_throughput : 4890.026078
[report] load_average_latency_ns : 204497.886943
Load workloads needs: 30416915839 ns 
[report] load_thread_ID : 37
[report] load_duration_ns : 30416915839
[report] load_duration_s : 30.416916
[report] load_throughput : 4834.743956
[report] load_average_latency_ns : 206836.185988
Load workloads needs: 30445359335 ns 
[report] load_thread_ID : 52
[report] load_duration_ns : 30445359335
[report] load_duration_s : 30.445359
[report] load_throughput : 4830.227109
[report] load_average_latency_ns : 207029.602844
Load workloads needs: 30514316736 ns 
[report] load_thread_ID : 51
[report] load_duration_ns : 30514316736
[report] load_duration_s : 30.514317
[report] load_throughput : 4819.311580
[report] load_average_latency_ns : 207498.515796
Load workloads needs: 30724956059 ns 
[report] load_thread_ID : 35
[report] load_duration_ns : 30724956059
[report] load_duration_s : 30.724956
[report] load_throughput : 4786.272101
[report] load_average_latency_ns : 208930.871214
Load workloads needs: 30745650470 ns 
[report] load_thread_ID : 5
[report] load_duration_ns : 30745650470
[report] load_duration_s : 30.745650
[report] load_throughput : 4783.050537
[report] load_average_latency_ns : 209071.593997
Load workloads needs: 30770211369 ns 
[report] load_thread_ID : 39
[report] load_duration_ns : 30770211369
[report] load_duration_s : 30.770211
[report] load_throughput : 4779.232688
[report] load_average_latency_ns : 209238.609045
Load workloads needs: 30826290432 ns 
[report] load_thread_ID : 36
[report] load_duration_ns : 30826290432
[report] load_duration_s : 30.826290
[report] load_throughput : 4770.538327
[report] load_average_latency_ns : 209619.948809
Load workloads needs: 30895527164 ns 
[report] load_thread_ID : 55
[report] load_duration_ns : 30895527164
[report] load_duration_s : 30.895527
[report] load_throughput : 4759.847573
[report] load_average_latency_ns : 210090.761223
Load workloads needs: 31312231303 ns 
[report] load_thread_ID : 4
[report] load_duration_ns : 31312231303
[report] load_duration_s : 31.312231
[report] load_throughput : 4696.503375
[report] load_average_latency_ns : 212924.365237
Load workloads needs: 31487080864 ns 
[report] load_thread_ID : 8
[report] load_duration_ns : 31487080864
[report] load_duration_s : 31.487081
[report] load_throughput : 4670.423423
[report] load_average_latency_ns : 214113.348910
All clients run done needs: 31478313813 ns 
[report] load_overall_duration_ns : 31478313813
[report] load_overall_duration_s : 31.478314
[report] load_overall_throughput : 317679.023705
[report] load_overall_average_latency_ns : 3147.831381
