numactl --membind=0 /mnt/nvme0/home/gxr/mongdb-run/test_mongodb/build//run_client --num_threads=74 --core_binding=0,1,2,3,4,5,6,7,8,9,10,11,12,13,14,15,128,129,130,131,132,133,134,135,136,137,138,139,140,141,142,143,16,17,18,19,20,21,22,23,24,25,26,27,28,29,30,31,144,145,146,147,148,149,150,151,152,153,154,155,156,157,158,159,32,33,34,35,36,37,38,39,40,41,42,43,44,45,46,47,160,161,162,163,164,165,166,167,168,169,170,171,172,173,174,175,48,49,50,51,52,53,54,55,56,57,58,59,60,61,62,63,176,177,178,179,180,181,182,183,184,185,186,187,188,189,190,191 --str_key_size=16 --str_key_size=256 --load_file=/mnt/nvme0/home/gxr/mongdb-run/workloads/ycsb/workloada-load-10000000-10000000.log.formated --run_file=/mnt/nvme0/home/gxr/mongdb-run/workloads/ycsb/workloada-run-10000000-10000000.log.formated --URI_set=mongodb://localhost:27017,mongodb://localhost:27018,mongodb://localhost:27019,mongodb://localhost:27020,mongodb://localhost:27021,mongodb://localhost:27022,mongodb://localhost:27023,mongodb://localhost:27024,mongodb://localhost:27025,mongodb://localhost:27026,mongodb://localhost:27027,mongodb://localhost:27028,mongodb://localhost:27029,mongodb://localhost:27030,mongodb://localhost:27031,mongodb://localhost:27032,mongodb://localhost:27033,mongodb://localhost:27034,mongodb://localhost:27035,mongodb://localhost:27036,mongodb://localhost:27037,mongodb://localhost:27038,mongodb://localhost:27039,mongodb://localhost:27040,mongodb://localhost:27041,mongodb://localhost:27042,mongodb://localhost:27043,mongodb://localhost:27044,mongodb://localhost:27045,mongodb://localhost:27046,mongodb://localhost:27047,mongodb://localhost:27048,mongodb://localhost:27049,mongodb://localhost:27050,mongodb://localhost:27051,mongodb://localhost:27052,mongodb://localhost:27053,mongodb://localhost:27054,mongodb://localhost:27055,mongodb://localhost:27056,mongodb://localhost:27057,mongodb://localhost:27058,mongodb://localhost:27059,mongodb://localhost:27060,mongodb://localhost:27061,mongodb://localhost:27062,mongodb://localhost:27063,mongodb://localhost:27064,mongodb://localhost:27065,mongodb://localhost:27066,mongodb://localhost:27067,mongodb://localhost:27068,mongodb://localhost:27069,mongodb://localhost:27070,mongodb://localhost:27071,mongodb://localhost:27072,mongodb://localhost:27073,mongodb://localhost:27074,mongodb://localhost:27075,mongodb://localhost:27076,mongodb://localhost:27077,mongodb://localhost:27078,mongodb://localhost:27079,mongodb://localhost:27080,mongodb://localhost:27081,mongodb://localhost:27082,mongodb://localhost:27083,mongodb://localhost:27084,mongodb://localhost:27085,mongodb://localhost:27086,mongodb://localhost:27087,mongodb://localhost:27088,mongodb://localhost:27089,mongodb://localhost:27090,mongodb://localhost:27091,mongodb://localhost:27092,mongodb://localhost:27093,mongodb://localhost:27094,mongodb://localhost:27095,mongodb://localhost:27096,mongodb://localhost:27097,mongodb://localhost:27098,mongodb://localhost:27099,mongodb://localhost:27100,mongodb://localhost:27101,mongodb://localhost:27102,mongodb://localhost:27103,mongodb://localhost:27104,mongodb://localhost:27105,mongodb://localhost:27106,mongodb://localhost:27107,mongodb://localhost:27108,mongodb://localhost:27109,mongodb://localhost:27110,mongodb://localhost:27111,mongodb://localhost:27112,mongodb://localhost:27113,mongodb://localhost:27114,mongodb://localhost:27115,mongodb://localhost:27116,mongodb://localhost:27117,mongodb://localhost:27118,mongodb://localhost:27119,mongodb://localhost:27120,mongodb://localhost:27121,mongodb://localhost:27122,mongodb://localhost:27123,mongodb://localhost:27124,mongodb://localhost:27125,mongodb://localhost:27126,mongodb://localhost:27127,mongodb://localhost:27128,mongodb://localhost:27129,mongodb://localhost:27130,mongodb://localhost:27131,mongodb://localhost:27132,mongodb://localhost:27133,mongodb://localhost:27134,mongodb://localhost:27135,mongodb://localhost:27136,mongodb://localhost:27137,mongodb://localhost:27138,mongodb://localhost:27139,mongodb://localhost:27140,mongodb://localhost:27141,mongodb://localhost:27142,mongodb://localhost:27143,mongodb://localhost:27144 --first_mode=false
mongodb://localhost:27017 mongodb://localhost:27018 mongodb://localhost:27019 mongodb://localhost:27020 mongodb://localhost:27021 mongodb://localhost:27022 mongodb://localhost:27023 mongodb://localhost:27024 mongodb://localhost:27025 mongodb://localhost:27026 mongodb://localhost:27027 mongodb://localhost:27028 mongodb://localhost:27029 mongodb://localhost:27030 mongodb://localhost:27031 mongodb://localhost:27032 mongodb://localhost:27033 mongodb://localhost:27034 mongodb://localhost:27035 mongodb://localhost:27036 mongodb://localhost:27037 mongodb://localhost:27038 mongodb://localhost:27039 mongodb://localhost:27040 mongodb://localhost:27041 mongodb://localhost:27042 mongodb://localhost:27043 mongodb://localhost:27044 mongodb://localhost:27045 mongodb://localhost:27046 mongodb://localhost:27047 mongodb://localhost:27048 mongodb://localhost:27049 mongodb://localhost:27050 mongodb://localhost:27051 mongodb://localhost:27052 mongodb://localhost:27053 mongodb://localhost:27054 mongodb://localhost:27055 mongodb://localhost:27056 mongodb://localhost:27057 mongodb://localhost:27058 mongodb://localhost:27059 mongodb://localhost:27060 mongodb://localhost:27061 mongodb://localhost:27062 mongodb://localhost:27063 mongodb://localhost:27064 mongodb://localhost:27065 mongodb://localhost:27066 mongodb://localhost:27067 mongodb://localhost:27068 mongodb://localhost:27069 mongodb://localhost:27070 mongodb://localhost:27071 mongodb://localhost:27072 mongodb://localhost:27073 mongodb://localhost:27074 mongodb://localhost:27075 mongodb://localhost:27076 mongodb://localhost:27077 mongodb://localhost:27078 mongodb://localhost:27079 mongodb://localhost:27080 mongodb://localhost:27081 mongodb://localhost:27082 mongodb://localhost:27083 mongodb://localhost:27084 mongodb://localhost:27085 mongodb://localhost:27086 mongodb://localhost:27087 mongodb://localhost:27088 mongodb://localhost:27089 mongodb://localhost:27090 mongodb://localhost:27091 mongodb://localhost:27092 mongodb://localhost:27093 mongodb://localhost:27094 mongodb://localhost:27095 mongodb://localhost:27096 mongodb://localhost:27097 mongodb://localhost:27098 mongodb://localhost:27099 mongodb://localhost:27100 mongodb://localhost:27101 mongodb://localhost:27102 mongodb://localhost:27103 mongodb://localhost:27104 mongodb://localhost:27105 mongodb://localhost:27106 mongodb://localhost:27107 mongodb://localhost:27108 mongodb://localhost:27109 mongodb://localhost:27110 mongodb://localhost:27111 mongodb://localhost:27112 mongodb://localhost:27113 mongodb://localhost:27114 mongodb://localhost:27115 mongodb://localhost:27116 mongodb://localhost:27117 mongodb://localhost:27118 mongodb://localhost:27119 mongodb://localhost:27120 mongodb://localhost:27121 mongodb://localhost:27122 mongodb://localhost:27123 mongodb://localhost:27124 mongodb://localhost:27125 mongodb://localhost:27126 mongodb://localhost:27127 mongodb://localhost:27128 mongodb://localhost:27129 mongodb://localhost:27130 mongodb://localhost:27131 mongodb://localhost:27132 mongodb://localhost:27133 mongodb://localhost:27134 mongodb://localhost:27135 mongodb://localhost:27136 mongodb://localhost:27137 mongodb://localhost:27138 mongodb://localhost:27139 mongodb://localhost:27140 mongodb://localhost:27141 mongodb://localhost:27142 mongodb://localhost:27143 mongodb://localhost:27144 reading workload files ...
load_filename : /mnt/nvme0/home/gxr/mongdb-run/workloads/ycsb/workloada-load-10000000-10000000.log.formated
read load file needs: 5892261012 s 
run_filename : /mnt/nvme0/home/gxr/mongdb-run/workloads/ycsb/workloada-run-10000000-10000000.log.formated
read run file needs: 6066741957 s 
num_of_load_ops is 10000000
num_of_run_ops is 10000000
0 1 2 3 4 5 6 7 8 9 10 11 12 13 14 15 128 129 130 131 132 133 134 135 136 137 138 139 140 141 142 143 16 17 18 19 20 21 22 23 24 25 26 27 28 29 30 31 144 145 146 147 148 149 150 151 152 153 154 155 156 157 158 159 32 33 34 35 36 37 38 39 40 41 42 43 44 45 46 47 160 161 162 163 164 165 166 167 168 169 170 171 172 173 174 175 48 49 50 51 52 53 54 55 56 57 58 59 60 61 62 63 176 177 178 179 180 181 182 183 184 185 186 187 188 189 190 191 URI: mongodb://localhost:27018
URI: mongodb://localhost:27026URI: URI: mongodb://localhost:27028
URI: mongodb://localhost:27029
URI: URI: 
mongodb://localhost:27033mongodb://localhost:27027
mongodb://localhost:27025
URI: mongodb://localhost:27017
URI: mongodb://localhost:27034

URI: mongodb://localhost:27035
URI: mongodb://localhost:27019
URI: URI: mongodb://localhost:27031
URI: mongodb://localhost:27036URI: mongodb://localhost:27020
URI: mongodb://localhost:27030mongodb://localhost:27023URI: URI: mongodb://localhost:27021URI: 
mongodb://localhost:27022

URI: mongodb://localhost:27037

mongodb://localhost:27024URI: mongodb://localhost:27032


URI: mongodb://localhost:27038
URI: mongodb://localhost:27039
URI: mongodb://localhost:27041
URI: mongodb://localhost:27040
URI: mongodb://localhost:27042
URI: mongodb://localhost:27044
URI: mongodb://localhost:27045
URI: mongodb://localhost:27046
URI: mongodb://localhost:27047
URI: mongodb://localhost:27048
URI: mongodb://localhost:27049
URI: mongodb://localhost:27050
URI: mongodb://localhost:27051
URI: mongodb://localhost:27052
URI: mongodb://localhost:27053
URI: mongodb://localhost:27054
URI: mongodb://localhost:27055
URI: mongodb://localhost:27059
URI: mongodb://localhost:27043
URI: mongodb://localhost:27056
URI: mongodb://localhost:27060
URI: mongodb://localhost:27057
URI: mongodb://localhost:27058
URI: mongodb://localhost:27062
URI: mongodb://localhost:27063
URI: mongodb://localhost:27061
URI: mongodb://localhost:27065
URI: mongodb://localhost:27067
URI: mongodb://localhost:27066
URI: mongodb://localhost:27069
URI: mongodb://localhost:27064
URI: mongodb://localhost:27070
URI: mongodb://localhost:27071
URI: mongodb://localhost:27072
URI: mongodb://localhost:27073
URI: mongodb://localhost:27074
URI: mongodb://localhost:27075
URI: mongodb://localhost:27076
URI: mongodb://localhost:27077
URI: mongodb://localhost:27078
URI: mongodb://localhost:27079
URI: mongodb://localhost:27080
URI: mongodb://localhost:27081URI: mongodb://localhost:27083

URI: mongodb://localhost:27084
URI: mongodb://localhost:27082
URI: mongodb://localhost:27085
URI: mongodb://localhost:27086
URI: mongodb://localhost:27087
URI: mongodb://localhost:27088
URI: mongodb://localhost:27089
URI: mongodb://localhost:27090
URI: mongodb://localhost:27068
Load workloads needs: 18236295069 ns 
[report] load_thread_ID : 73
[report] load_duration_ns : 18236295069
[report] load_duration_s : 18.236295
[report] load_throughput : 7410.222279
[report] load_average_latency_ns : 134948.718459
Load workloads needs: 18761220755 ns 
[report] load_thread_ID : 72
[report] load_duration_ns : 18761220755
[report] load_duration_s : 18.761221
[report] load_throughput : 7202.889501
[report] load_average_latency_ns : 138833.172420
Load workloads needs: 22281201412 ns 
[report] load_thread_ID : 67
[report] load_duration_ns : 22281201412
[report] load_duration_s : 22.281201
[report] load_throughput : 6064.978163
[report] load_average_latency_ns : 164881.055330
Load workloads needs: 22303036963 ns 
[report] load_thread_ID : 71
[report] load_duration_ns : 22303036963
[report] load_duration_s : 22.303037
[report] load_throughput : 6059.040310
[report] load_average_latency_ns : 165042.638569
Load workloads needs: 22368189443 ns 
[report] load_thread_ID : 70
[report] load_duration_ns : 22368189443
[report] load_duration_s : 22.368189
[report] load_throughput : 6041.391966
[report] load_average_latency_ns : 165524.767403
Load workloads needs: 22458446989 ns 
[report] load_thread_ID : 68
[report] load_duration_ns : 22458446989
[report] load_duration_s : 22.458447
[report] load_throughput : 6017.112406
[report] load_average_latency_ns : 166192.673911
Load workloads needs: 22689050033 ns 
[report] load_thread_ID : 66
[report] load_duration_ns : 22689050033
[report] load_duration_s : 22.689050
[report] load_throughput : 5955.956719
[report] load_average_latency_ns : 167899.138143
Load workloads needs: 22804467705 ns 
[report] load_thread_ID : 64
[report] load_duration_ns : 22804467705
[report] load_duration_s : 22.804468
[report] load_throughput : 5925.812510
[report] load_average_latency_ns : 168753.229770
Load workloads needs: 22888661489 ns 
[report] load_thread_ID : 69
[report] load_duration_ns : 22888661489
[report] load_duration_s : 22.888661
[report] load_throughput : 5904.014967
[report] load_average_latency_ns : 169376.264395
Load workloads needs: 22952867620 ns 
[report] load_thread_ID : 65
[report] load_duration_ns : 22952867620
[report] load_duration_s : 22.952868
[report] load_throughput : 5887.499647
[report] load_average_latency_ns : 169851.390239
Load workloads needs: 23957821909 ns 
[report] load_thread_ID : 40
[report] load_duration_ns : 23957821909
[report] load_duration_s : 23.957822
[report] load_throughput : 5640.537797
[report] load_average_latency_ns : 177288.059415
Load workloads needs: 24046918217 ns 
[report] load_thread_ID : 42
[report] load_duration_ns : 24046918217
[report] load_duration_s : 24.046918
[report] load_throughput : 5619.639023
[report] load_average_latency_ns : 177947.372753
Load workloads needs: 24056746933 ns 
[report] load_thread_ID : 61
[report] load_duration_ns : 24056746933
[report] load_duration_s : 24.056747
[report] load_throughput : 5617.343042
[report] load_average_latency_ns : 178020.105324
Load workloads needs: 24357731978 ns 
[report] load_thread_ID : 43
[report] load_duration_ns : 24357731978
[report] load_duration_s : 24.357732
[report] load_throughput : 5547.930330
[report] load_average_latency_ns : 180247.396885
Load workloads needs: 24516696552 ns 
[report] load_thread_ID : 16
[report] load_duration_ns : 24516696552
[report] load_duration_s : 24.516697
[report] load_throughput : 5511.957931
[report] load_average_latency_ns : 181423.735909
Load workloads needs: 24528396844 ns 
[report] load_thread_ID : 58
[report] load_duration_ns : 24528396844
[report] load_duration_s : 24.528397
[report] load_throughput : 5509.328672
[report] load_average_latency_ns : 181510.318156
Load workloads needs: 24764486990 ns 
[report] load_thread_ID : 0
[report] load_duration_ns : 24764486990
[report] load_duration_s : 24.764487
[report] load_throughput : 5456.805952
[report] load_average_latency_ns : 183257.386983
Load workloads needs: 25047387119 ns 
[report] load_thread_ID : 59
[report] load_duration_ns : 25047387119
[report] load_duration_s : 25.047387
[report] load_throughput : 5395.173531
[report] load_average_latency_ns : 185350.850031
Load workloads needs: 25276558203 ns 
[report] load_thread_ID : 45
[report] load_duration_ns : 25276558203
[report] load_duration_s : 25.276558
[report] load_throughput : 5346.257940
[report] load_average_latency_ns : 187046.717749
Load workloads needs: 25549578696 ns 
[report] load_thread_ID : 56
[report] load_duration_ns : 25549578696
[report] load_duration_s : 25.549579
[report] load_throughput : 5289.128310
[report] load_average_latency_ns : 189067.071417
Load workloads needs: 26107386087 ns 
[report] load_thread_ID : 3
[report] load_duration_ns : 26107386087
[report] load_duration_s : 26.107386
[report] load_throughput : 5176.121407
[report] load_average_latency_ns : 193194.850239
Load workloads needs: 26239736044 ns 
[report] load_thread_ID : 17
[report] load_duration_ns : 26239736044
[report] load_duration_s : 26.239736
[report] load_throughput : 5150.013696
[report] load_average_latency_ns : 194174.240900
Load workloads needs: 26455932055 ns 
[report] load_thread_ID : 62
[report] load_duration_ns : 26455932055
[report] load_duration_s : 26.455932
[report] load_throughput : 5107.928147
[report] load_average_latency_ns : 195774.092981
Load workloads needs: 26467433850 ns 
[report] load_thread_ID : 23
[report] load_duration_ns : 26467433850
[report] load_duration_s : 26.467434
[report] load_throughput : 5105.708425
[report] load_average_latency_ns : 195859.206349
Load workloads needs: 26772752556 ns 
[report] load_thread_ID : 57
[report] load_duration_ns : 26772752556
[report] load_duration_s : 26.772753
[report] load_throughput : 5047.482500
[report] load_average_latency_ns : 198118.567033
Load workloads needs: 26799197880 ns 
[report] load_thread_ID : 49
[report] load_duration_ns : 26799197880
[report] load_duration_s : 26.799198
[report] load_throughput : 5042.501668
[report] load_average_latency_ns : 198314.262626
Load workloads needs: 26821419160 ns 
[report] load_thread_ID : 19
[report] load_duration_ns : 26821419160
[report] load_duration_s : 26.821419
[report] load_throughput : 5038.324005
[report] load_average_latency_ns : 198478.700263
Load workloads needs: 26822635769 ns 
[report] load_thread_ID : 5
[report] load_duration_ns : 26822635769
[report] load_duration_s : 26.822636
[report] load_throughput : 5038.095479
[report] load_average_latency_ns : 198487.703178
Load workloads needs: 26853614004 ns 
[report] load_thread_ID : 60
[report] load_duration_ns : 26853614004
[report] load_duration_s : 26.853614
[report] load_throughput : 5032.283550
[report] load_average_latency_ns : 198716.942347
Load workloads needs: 26992415252 ns 
[report] load_thread_ID : 63
[report] load_duration_ns : 26992415252
[report] load_duration_s : 26.992415
[report] load_throughput : 5006.406383
[report] load_average_latency_ns : 199744.072609
Load workloads needs: 27020101885 ns 
[report] load_thread_ID : 1
[report] load_duration_ns : 27020101885
[report] load_duration_s : 27.020102
[report] load_throughput : 5001.276478
[report] load_average_latency_ns : 199948.953898
Load workloads needs: 27030379179 ns 
[report] load_thread_ID : 47
[report] load_duration_ns : 27030379179
[report] load_duration_s : 27.030379
[report] load_throughput : 4999.374929
[report] load_average_latency_ns : 200025.005950
Load workloads needs: 27081619510 ns 
[report] load_thread_ID : 2
[report] load_duration_ns : 27081619510
[report] load_duration_s : 27.081620
[report] load_throughput : 4989.915760
[report] load_average_latency_ns : 200404.184778
Load workloads needs: 27090349998 ns 
[report] load_thread_ID : 18
[report] load_duration_ns : 27090349998
[report] load_duration_s : 27.090350
[report] load_throughput : 4988.307645
[report] load_average_latency_ns : 200468.790454
Load workloads needs: 27098057807 ns 
[report] load_thread_ID : 7
[report] load_duration_ns : 27098057807
[report] load_duration_s : 27.098058
[report] load_throughput : 4986.888764
[report] load_average_latency_ns : 200525.828298
Load workloads needs: 27121729614 ns 
[report] load_thread_ID : 29
[report] load_duration_ns : 27121729614
[report] load_duration_s : 27.121730
[report] load_throughput : 4982.536214
[report] load_average_latency_ns : 200700.999845
Load workloads needs: 27112587156 ns 
[report] load_thread_ID : 46
[report] load_duration_ns : 27112587156
[report] load_duration_s : 27.112587
[report] load_throughput : 4984.216343
[report] load_average_latency_ns : 200633.345588
Load workloads needs: 27178268076 ns 
[report] load_thread_ID : 13
[report] load_duration_ns : 27178268076
[report] load_duration_s : 27.178268
[report] load_throughput : 4972.171134
[report] load_average_latency_ns : 201119.384882
Load workloads needs: 27190335979 ns 
[report] load_thread_ID : 31
[report] load_duration_ns : 27190335979
[report] load_duration_s : 27.190336
[report] load_throughput : 4969.964332
[report] load_average_latency_ns : 201208.687453
Load workloads needs: 27208964884 ns 
[report] load_thread_ID : 20
[report] load_duration_ns : 27208964884
[report] load_duration_s : 27.208965
[report] load_throughput : 4966.561594
[report] load_average_latency_ns : 201346.541488
Load workloads needs: 27226312260 ns 
[report] load_thread_ID : 27
[report] load_duration_ns : 27226312260
[report] load_duration_s : 27.226312
[report] load_throughput : 4963.397125
[report] load_average_latency_ns : 201474.912199
Load workloads needs: 27237146125 ns 
[report] load_thread_ID : 22
[report] load_duration_ns : 27237146125
[report] load_duration_s : 27.237146
[report] load_throughput : 4961.422881
[report] load_average_latency_ns : 201555.082880
Load workloads needs: 27232985479 ns 
[report] load_thread_ID : 41
[report] load_duration_ns : 27232985479
[report] load_duration_s : 27.232985
[report] load_throughput : 4962.180886
[report] load_average_latency_ns : 201524.294069
Load workloads needs: 27242331906 ns 
[report] load_thread_ID : 48
[report] load_duration_ns : 27242331906
[report] load_duration_s : 27.242332
[report] load_throughput : 4960.478437
[report] load_average_latency_ns : 201593.457698
Load workloads needs: 27255134018 ns 
[report] load_thread_ID : 52
[report] load_duration_ns : 27255134018
[report] load_duration_s : 27.255134
[report] load_throughput : 4958.148432
[report] load_average_latency_ns : 201688.193421
Load workloads needs: 27264805916 ns 
[report] load_thread_ID : 36
[report] load_duration_ns : 27264805916
[report] load_duration_s : 27.264806
[report] load_throughput : 4956.389582
[report] load_average_latency_ns : 201759.765538
Load workloads needs: 27313157389 ns 
[report] load_thread_ID : 4
[report] load_duration_ns : 27313157389
[report] load_duration_s : 27.313157
[report] load_throughput : 4947.615469
[report] load_average_latency_ns : 202117.566796
Load workloads needs: 27318499061 ns 
[report] load_thread_ID : 50
[report] load_duration_ns : 27318499061
[report] load_duration_s : 27.318499
[report] load_throughput : 4946.648046
[report] load_average_latency_ns : 202157.095208
Load workloads needs: 27355539200 ns 
[report] load_thread_ID : 55
[report] load_duration_ns : 27355539200
[report] load_duration_s : 27.355539
[report] load_throughput : 4939.950151
[report] load_average_latency_ns : 202431.192511
Load workloads needs: 27356333969 ns 
[report] load_thread_ID : 54
[report] load_duration_ns : 27356333969
[report] load_duration_s : 27.356334
[report] load_throughput : 4939.806633
[report] load_average_latency_ns : 202437.073808
Load workloads needs: 27366767915 ns 
[report] load_thread_ID : 24
[report] load_duration_ns : 27366767915
[report] load_duration_s : 27.366768
[report] load_throughput : 4937.923266
[report] load_average_latency_ns : 202514.285085
Load workloads needs: 27359803164 ns 
[report] load_thread_ID : 26
[report] load_duration_ns : 27359803164
[report] load_duration_s : 27.359803
[report] load_throughput : 4939.180271
[report] load_average_latency_ns : 202462.745876
Load workloads needs: 27370878828 ns 
[report] load_thread_ID : 53
[report] load_duration_ns : 27370878828
[report] load_duration_s : 27.370879
[report] load_throughput : 4937.181625
[report] load_average_latency_ns : 202544.705872
Load workloads needs: 27412496322 ns 
[report] load_thread_ID : 6
[report] load_duration_ns : 27412496322
[report] load_duration_s : 27.412496
[report] load_throughput : 4929.686024
[report] load_average_latency_ns : 202852.675635
Load workloads needs: 27436694058 ns 
[report] load_thread_ID : 9
[report] load_duration_ns : 27436694058
[report] load_duration_s : 27.436694
[report] load_throughput : 4925.338297
[report] load_average_latency_ns : 203031.739061
Load workloads needs: 27466364836 ns 
[report] load_thread_ID : 51
[report] load_duration_ns : 27466364836
[report] load_duration_s : 27.466365
[report] load_throughput : 4920.017658
[report] load_average_latency_ns : 203251.303038
Load workloads needs: 27480865967 ns 
[report] load_thread_ID : 28
[report] load_duration_ns : 27480865967
[report] load_duration_s : 27.480866
[report] load_throughput : 4917.421458
[report] load_average_latency_ns : 203358.611514
Load workloads needs: 27491980881 ns 
[report] load_thread_ID : 35
[report] load_duration_ns : 27491980881
[report] load_duration_s : 27.491981
[report] load_throughput : 4915.433362
[report] load_average_latency_ns : 203440.861960
Load workloads needs: 27507581890 ns 
[report] load_thread_ID : 37
[report] load_duration_ns : 27507581890
[report] load_duration_s : 27.507582
[report] load_throughput : 4912.645559
[report] load_average_latency_ns : 203556.309542
Load workloads needs: 27556635871 ns 
[report] load_thread_ID : 44
[report] load_duration_ns : 27556635871
[report] load_duration_s : 27.556636
[report] load_throughput : 4903.900485
[report] load_average_latency_ns : 203919.309365
Load workloads needs: 27587888689 ns 
[report] load_thread_ID : 14
[report] load_duration_ns : 27587888689
[report] load_duration_s : 27.587889
[report] load_throughput : 4898.345123
[report] load_average_latency_ns : 204150.580449
Load workloads needs: 27598377134 ns 
[report] load_thread_ID : 38
[report] load_duration_ns : 27598377134
[report] load_duration_s : 27.598377
[report] load_throughput : 4896.483563
[report] load_average_latency_ns : 204228.195020
Load workloads needs: 27652499820 ns 
[report] load_thread_ID : 11
[report] load_duration_ns : 27652499820
[report] load_duration_s : 27.652500
[report] load_throughput : 4886.899950
[report] load_average_latency_ns : 204628.703297
Load workloads needs: 27654619957 ns 
[report] load_thread_ID : 15
[report] load_duration_ns : 27654619957
[report] load_duration_s : 27.654620
[report] load_throughput : 4886.525297
[report] load_average_latency_ns : 204644.392326
Load workloads needs: 27653670596 ns 
[report] load_thread_ID : 39
[report] load_duration_ns : 27653670596
[report] load_duration_s : 27.653671
[report] load_throughput : 4886.693053
[report] load_average_latency_ns : 204637.367048
Load workloads needs: 27695047551 ns 
[report] load_thread_ID : 8
[report] load_duration_ns : 27695047551
[report] load_duration_s : 27.695048
[report] load_throughput : 4879.392236
[report] load_average_latency_ns : 204943.556821
Load workloads needs: 27706724534 ns 
[report] load_thread_ID : 30
[report] load_duration_ns : 27706724534
[report] load_duration_s : 27.706725
[report] load_throughput : 4877.335819
[report] load_average_latency_ns : 205029.966582
Load workloads needs: 27766031662 ns 
[report] load_thread_ID : 32
[report] load_duration_ns : 27766031662
[report] load_duration_s : 27.766032
[report] load_throughput : 4866.918026
[report] load_average_latency_ns : 205468.839768
Load workloads needs: 27779841734 ns 
[report] load_thread_ID : 21
[report] load_duration_ns : 27779841734
[report] load_duration_s : 27.779842
[report] load_throughput : 4864.498556
[report] load_average_latency_ns : 205571.034403
Load workloads needs: 27786701353 ns 
[report] load_thread_ID : 34
[report] load_duration_ns : 27786701353
[report] load_duration_s : 27.786701
[report] load_throughput : 4863.297672
[report] load_average_latency_ns : 205621.795634
Load workloads needs: 27947071392 ns 
[report] load_thread_ID : 12
[report] load_duration_ns : 27947071392
[report] load_duration_s : 27.947071
[report] load_throughput : 4835.390374
[report] load_average_latency_ns : 206808.535109
Load workloads needs: 28095185646 ns 
[report] load_thread_ID : 25
[report] load_duration_ns : 28095185646
[report] load_duration_s : 28.095186
[report] load_throughput : 4809.898810
[report] load_average_latency_ns : 207904.581685
Load workloads needs: 28163396601 ns 
[report] load_thread_ID : 33
[report] load_duration_ns : 28163396601
[report] load_duration_s : 28.163397
[report] load_throughput : 4798.249370
[report] load_average_latency_ns : 208409.343257
Load workloads needs: 28347703726 ns 
[report] load_thread_ID : 10
[report] load_duration_ns : 28347703726
[report] load_duration_s : 28.347704
[report] load_throughput : 4767.052785
[report] load_average_latency_ns : 209773.217346
All clients run done needs: 28337202740 ns 
[report] load_overall_duration_ns : 28337202740
[report] load_overall_duration_s : 28.337203
[report] load_overall_throughput : 352892.982831
[report] load_overall_average_latency_ns : 2833.720274
