numactl --membind=0 /mnt/nvme0/home/gxr/mongdb-run/test_mongodb/build//run_client --num_threads=64 --core_binding=0,1,2,3,4,5,6,7,8,9,10,11,12,13,14,15,128,129,130,131,132,133,134,135,136,137,138,139,140,141,142,143,16,17,18,19,20,21,22,23,24,25,26,27,28,29,30,31,144,145,146,147,148,149,150,151,152,153,154,155,156,157,158,159,32,33,34,35,36,37,38,39,40,41,42,43,44,45,46,47,160,161,162,163,164,165,166,167,168,169,170,171,172,173,174,175,48,49,50,51,52,53,54,55,56,57,58,59,60,61,62,63,176,177,178,179,180,181,182,183,184,185,186,187,188,189,190,191 --str_key_size=16 --str_key_size=256 --load_file=/mnt/nvme0/home/gxr/mongdb-run/workloads/ycsb/workloada-load-10000000-10000000.log.formated --run_file=/mnt/nvme0/home/gxr/mongdb-run/workloads/ycsb/workloada-run-10000000-10000000.log.formated --URI_set=mongodb://localhost:27017,mongodb://localhost:27018,mongodb://localhost:27019,mongodb://localhost:27020,mongodb://localhost:27021,mongodb://localhost:27022,mongodb://localhost:27023,mongodb://localhost:27024,mongodb://localhost:27025,mongodb://localhost:27026,mongodb://localhost:27027,mongodb://localhost:27028,mongodb://localhost:27029,mongodb://localhost:27030,mongodb://localhost:27031,mongodb://localhost:27032,mongodb://localhost:27033,mongodb://localhost:27034,mongodb://localhost:27035,mongodb://localhost:27036,mongodb://localhost:27037,mongodb://localhost:27038,mongodb://localhost:27039,mongodb://localhost:27040,mongodb://localhost:27041,mongodb://localhost:27042,mongodb://localhost:27043,mongodb://localhost:27044,mongodb://localhost:27045,mongodb://localhost:27046,mongodb://localhost:27047,mongodb://localhost:27048,mongodb://localhost:27049,mongodb://localhost:27050,mongodb://localhost:27051,mongodb://localhost:27052,mongodb://localhost:27053,mongodb://localhost:27054,mongodb://localhost:27055,mongodb://localhost:27056,mongodb://localhost:27057,mongodb://localhost:27058,mongodb://localhost:27059,mongodb://localhost:27060,mongodb://localhost:27061,mongodb://localhost:27062,mongodb://localhost:27063,mongodb://localhost:27064,mongodb://localhost:27065,mongodb://localhost:27066,mongodb://localhost:27067,mongodb://localhost:27068,mongodb://localhost:27069,mongodb://localhost:27070,mongodb://localhost:27071,mongodb://localhost:27072,mongodb://localhost:27073,mongodb://localhost:27074,mongodb://localhost:27075,mongodb://localhost:27076,mongodb://localhost:27077,mongodb://localhost:27078,mongodb://localhost:27079,mongodb://localhost:27080,mongodb://localhost:27081,mongodb://localhost:27082,mongodb://localhost:27083,mongodb://localhost:27084,mongodb://localhost:27085,mongodb://localhost:27086,mongodb://localhost:27087,mongodb://localhost:27088,mongodb://localhost:27089,mongodb://localhost:27090,mongodb://localhost:27091,mongodb://localhost:27092,mongodb://localhost:27093,mongodb://localhost:27094,mongodb://localhost:27095,mongodb://localhost:27096,mongodb://localhost:27097,mongodb://localhost:27098,mongodb://localhost:27099,mongodb://localhost:27100,mongodb://localhost:27101,mongodb://localhost:27102,mongodb://localhost:27103,mongodb://localhost:27104,mongodb://localhost:27105,mongodb://localhost:27106,mongodb://localhost:27107,mongodb://localhost:27108,mongodb://localhost:27109,mongodb://localhost:27110,mongodb://localhost:27111,mongodb://localhost:27112,mongodb://localhost:27113,mongodb://localhost:27114,mongodb://localhost:27115,mongodb://localhost:27116,mongodb://localhost:27117,mongodb://localhost:27118,mongodb://localhost:27119,mongodb://localhost:27120,mongodb://localhost:27121,mongodb://localhost:27122,mongodb://localhost:27123,mongodb://localhost:27124,mongodb://localhost:27125,mongodb://localhost:27126,mongodb://localhost:27127,mongodb://localhost:27128,mongodb://localhost:27129,mongodb://localhost:27130,mongodb://localhost:27131,mongodb://localhost:27132,mongodb://localhost:27133,mongodb://localhost:27134,mongodb://localhost:27135,mongodb://localhost:27136,mongodb://localhost:27137,mongodb://localhost:27138,mongodb://localhost:27139,mongodb://localhost:27140,mongodb://localhost:27141,mongodb://localhost:27142,mongodb://localhost:27143,mongodb://localhost:27144 --first_mode=true
mongodb://localhost:27017 mongodb://localhost:27018 mongodb://localhost:27019 mongodb://localhost:27020 mongodb://localhost:27021 mongodb://localhost:27022 mongodb://localhost:27023 mongodb://localhost:27024 mongodb://localhost:27025 mongodb://localhost:27026 mongodb://localhost:27027 mongodb://localhost:27028 mongodb://localhost:27029 mongodb://localhost:27030 mongodb://localhost:27031 mongodb://localhost:27032 mongodb://localhost:27033 mongodb://localhost:27034 mongodb://localhost:27035 mongodb://localhost:27036 mongodb://localhost:27037 mongodb://localhost:27038 mongodb://localhost:27039 mongodb://localhost:27040 mongodb://localhost:27041 mongodb://localhost:27042 mongodb://localhost:27043 mongodb://localhost:27044 mongodb://localhost:27045 mongodb://localhost:27046 mongodb://localhost:27047 mongodb://localhost:27048 mongodb://localhost:27049 mongodb://localhost:27050 mongodb://localhost:27051 mongodb://localhost:27052 mongodb://localhost:27053 mongodb://localhost:27054 mongodb://localhost:27055 mongodb://localhost:27056 mongodb://localhost:27057 mongodb://localhost:27058 mongodb://localhost:27059 mongodb://localhost:27060 mongodb://localhost:27061 mongodb://localhost:27062 mongodb://localhost:27063 mongodb://localhost:27064 mongodb://localhost:27065 mongodb://localhost:27066 mongodb://localhost:27067 mongodb://localhost:27068 mongodb://localhost:27069 mongodb://localhost:27070 mongodb://localhost:27071 mongodb://localhost:27072 mongodb://localhost:27073 mongodb://localhost:27074 mongodb://localhost:27075 mongodb://localhost:27076 mongodb://localhost:27077 mongodb://localhost:27078 mongodb://localhost:27079 mongodb://localhost:27080 mongodb://localhost:27081 mongodb://localhost:27082 mongodb://localhost:27083 mongodb://localhost:27084 mongodb://localhost:27085 mongodb://localhost:27086 mongodb://localhost:27087 mongodb://localhost:27088 mongodb://localhost:27089 mongodb://localhost:27090 mongodb://localhost:27091 mongodb://localhost:27092 mongodb://localhost:27093 mongodb://localhost:27094 mongodb://localhost:27095 mongodb://localhost:27096 mongodb://localhost:27097 mongodb://localhost:27098 mongodb://localhost:27099 mongodb://localhost:27100 mongodb://localhost:27101 mongodb://localhost:27102 mongodb://localhost:27103 mongodb://localhost:27104 mongodb://localhost:27105 mongodb://localhost:27106 mongodb://localhost:27107 mongodb://localhost:27108 mongodb://localhost:27109 mongodb://localhost:27110 mongodb://localhost:27111 mongodb://localhost:27112 mongodb://localhost:27113 mongodb://localhost:27114 mongodb://localhost:27115 mongodb://localhost:27116 mongodb://localhost:27117 mongodb://localhost:27118 mongodb://localhost:27119 mongodb://localhost:27120 mongodb://localhost:27121 mongodb://localhost:27122 mongodb://localhost:27123 mongodb://localhost:27124 mongodb://localhost:27125 mongodb://localhost:27126 mongodb://localhost:27127 mongodb://localhost:27128 mongodb://localhost:27129 mongodb://localhost:27130 mongodb://localhost:27131 mongodb://localhost:27132 mongodb://localhost:27133 mongodb://localhost:27134 mongodb://localhost:27135 mongodb://localhost:27136 mongodb://localhost:27137 mongodb://localhost:27138 mongodb://localhost:27139 mongodb://localhost:27140 mongodb://localhost:27141 mongodb://localhost:27142 mongodb://localhost:27143 mongodb://localhost:27144 reading workload files ...
load_filename : /mnt/nvme0/home/gxr/mongdb-run/workloads/ycsb/workloada-load-10000000-10000000.log.formated
read load file needs: 6003167727 s 
run_filename : /mnt/nvme0/home/gxr/mongdb-run/workloads/ycsb/workloada-run-10000000-10000000.log.formated
read run file needs: 6136005298 s 
num_of_load_ops is 10000000
num_of_run_ops is 10000000
0 1 2 3 4 5 6 7 8 9 10 11 12 13 14 15 128 129 130 131 132 133 134 135 136 137 138 139 140 141 142 143 16 17 18 19 20 21 22 23 24 25 26 27 28 29 30 31 144 145 146 147 148 149 150 151 152 153 154 155 156 157 158 159 32 33 34 35 36 37 38 39 40 41 42 43 44 45 46 47 160 161 162 163 164 165 166 167 168 169 170 171 172 173 174 175 48 49 50 51 52 53 54 55 56 57 58 59 60 61 62 63 176 177 178 179 180 181 182 183 184 185 186 187 188 189 190 191 URI: URI: mongodb://localhost:27017
URI: mongodb://localhost:27017
URI: mongodb://localhost:27017
URI: mongodb://localhost:27017
URI: mongodb://localhost:27017
URI: mongodb://localhost:27017
URI: mongodb://localhost:27017URI: mongodb://localhost:27017
URI: mongodb://localhost:27017
mongodb://localhost:27017
URI: mongodb://localhost:27017
URI: mongodb://localhost:27017
URI: mongodb://localhost:27017
URI: mongodb://localhost:27017URI: mongodb://localhost:27017

URI: mongodb://localhost:27017
URI: mongodb://localhost:27017
URI: mongodb://localhost:27017
URI: mongodb://localhost:27017
URI: mongodb://localhost:27017
URI: URI: mongodb://localhost:27017URI: mongodb://localhost:27017
URI: mongodb://localhost:27017URI: mongodb://localhost:27017
mongodb://localhost:27017


URI: mongodb://localhost:27017
URI: mongodb://localhost:27017
URI: mongodb://localhost:27017
URI: mongodb://localhost:27017
URI: mongodb://localhost:27017
URI: mongodb://localhost:27017
URI: mongodb://localhost:27017
URI: mongodb://localhost:27017

URI: mongodb://localhost:27017
URI: mongodb://localhost:27017
URI: mongodb://localhost:27017
URI: mongodb://localhost:27017
URI: mongodb://localhost:27017
URI: mongodb://localhost:27017
URI: mongodb://localhost:27017
URI: mongodb://localhost:27017
URI: mongodb://localhost:27017
URI: mongodb://localhost:27017
URI: mongodb://localhost:27017
URI: mongodb://localhost:27017
URI: mongodb://localhost:27017
URI: mongodb://localhost:27017
URI: mongodb://localhost:27017
URI: mongodb://localhost:27017
URI: mongodb://localhost:27017
URI: mongodb://localhost:27017
URI: mongodb://localhost:27017
URI: mongodb://localhost:27017
URI: mongodb://localhost:27017
URI: mongodb://localhost:27017
URI: mongodb://localhost:27017
URI: mongodb://localhost:27017
URI: mongodb://localhost:27017
URI: mongodb://localhost:27017
URI: mongodb://localhost:27017
URI: mongodb://localhost:27017
URI: mongodb://localhost:27017
URI: mongodb://localhost:27017
URI: mongodb://localhost:27017
Load workloads needs: 45822434507 ns 
[report] load_thread_ID : 27
[report] load_duration_ns : 45822434507
[report] load_duration_s : 45.822435
[report] load_throughput : 3409.901758
[report] load_average_latency_ns : 293263.580845
Load workloads needs: 45849034139 ns 
[report] load_thread_ID : 24
[report] load_duration_ns : 45849034139
[report] load_duration_s : 45.849034
[report] load_throughput : 3407.923480
[report] load_average_latency_ns : 293433.818490
Load workloads needs: 45923692882 ns 
[report] load_thread_ID : 57
[report] load_duration_ns : 45923692882
[report] load_duration_s : 45.923693
[report] load_throughput : 3402.383175
[report] load_average_latency_ns : 293911.634445
Load workloads needs: 46006323938 ns 
[report] load_thread_ID : 48
[report] load_duration_ns : 46006323938
[report] load_duration_s : 46.006324
[report] load_throughput : 3396.272221
[report] load_average_latency_ns : 294440.473203
Load workloads needs: 46038939550 ns 
[report] load_thread_ID : 17
[report] load_duration_ns : 46038939550
[report] load_duration_s : 46.038940
[report] load_throughput : 3393.866182
[report] load_average_latency_ns : 294649.213120
Load workloads needs: 46041207603 ns 
[report] load_thread_ID : 26
[report] load_duration_ns : 46041207603
[report] load_duration_s : 46.041208
[report] load_throughput : 3393.698996
[report] load_average_latency_ns : 294663.728659
Load workloads needs: 46070678835 ns 
[report] load_thread_ID : 60
[report] load_duration_ns : 46070678835
[report] load_duration_s : 46.070679
[report] load_throughput : 3391.528060
[report] load_average_latency_ns : 294852.344544
Load workloads needs: 46081052351 ns 
[report] load_thread_ID : 56
[report] load_duration_ns : 46081052351
[report] load_duration_s : 46.081052
[report] load_throughput : 3390.764577
[report] load_average_latency_ns : 294918.735046
Load workloads needs: 46095144785 ns 
[report] load_thread_ID : 58
[report] load_duration_ns : 46095144785
[report] load_duration_s : 46.095145
[report] load_throughput : 3389.727936
[report] load_average_latency_ns : 295008.926624
Load workloads needs: 46130304488 ns 
[report] load_thread_ID : 49
[report] load_duration_ns : 46130304488
[report] load_duration_s : 46.130304
[report] load_throughput : 3387.144345
[report] load_average_latency_ns : 295233.948723
Load workloads needs: 46149460784 ns 
[report] load_thread_ID : 16
[report] load_duration_ns : 46149460784
[report] load_duration_s : 46.149461
[report] load_throughput : 3385.738367
[report] load_average_latency_ns : 295356.549018
Load workloads needs: 46145709617 ns 
[report] load_thread_ID : 63
[report] load_duration_ns : 46145709617
[report] load_duration_s : 46.145710
[report] load_throughput : 3386.013593
[report] load_average_latency_ns : 295332.541549
Load workloads needs: 46151501608 ns 
[report] load_thread_ID : 29
[report] load_duration_ns : 46151501608
[report] load_duration_s : 46.151502
[report] load_throughput : 3385.588649
[report] load_average_latency_ns : 295369.610291
Load workloads needs: 46164972693 ns 
[report] load_thread_ID : 59
[report] load_duration_ns : 46164972693
[report] load_duration_s : 46.164973
[report] load_throughput : 3384.600724
[report] load_average_latency_ns : 295455.825235
Load workloads needs: 46178570888 ns 
[report] load_thread_ID : 50
[report] load_duration_ns : 46178570888
[report] load_duration_s : 46.178571
[report] load_throughput : 3383.604061
[report] load_average_latency_ns : 295542.853683
Load workloads needs: 46215398627 ns 
[report] load_thread_ID : 25
[report] load_duration_ns : 46215398627
[report] load_duration_s : 46.215399
[report] load_throughput : 3380.907763
[report] load_average_latency_ns : 295778.551213
Load workloads needs: 46247357620 ns 
[report] load_thread_ID : 30
[report] load_duration_ns : 46247357620
[report] load_duration_s : 46.247358
[report] load_throughput : 3378.571405
[report] load_average_latency_ns : 295983.088768
Load workloads needs: 46250285251 ns 
[report] load_thread_ID : 19
[report] load_duration_ns : 46250285251
[report] load_duration_s : 46.250285
[report] load_throughput : 3378.357542
[report] load_average_latency_ns : 296001.825606
Load workloads needs: 46254189748 ns 
[report] load_thread_ID : 54
[report] load_duration_ns : 46254189748
[report] load_duration_s : 46.254190
[report] load_throughput : 3378.072362
[report] load_average_latency_ns : 296026.814387
Load workloads needs: 46255061885 ns 
[report] load_thread_ID : 62
[report] load_duration_ns : 46255061885
[report] load_duration_s : 46.255062
[report] load_throughput : 3378.008668
[report] load_average_latency_ns : 296032.396064
Load workloads needs: 46262384971 ns 
[report] load_thread_ID : 31
[report] load_duration_ns : 46262384971
[report] load_duration_s : 46.262385
[report] load_throughput : 3377.473948
[report] load_average_latency_ns : 296079.263814
Load workloads needs: 46268085732 ns 
[report] load_thread_ID : 55
[report] load_duration_ns : 46268085732
[report] load_duration_s : 46.268086
[report] load_throughput : 3377.057804
[report] load_average_latency_ns : 296115.748685
Load workloads needs: 46299294858 ns 
[report] load_thread_ID : 23
[report] load_duration_ns : 46299294858
[report] load_duration_s : 46.299295
[report] load_throughput : 3374.781419
[report] load_average_latency_ns : 296315.487091
Load workloads needs: 46317114929 ns 
[report] load_thread_ID : 18
[report] load_duration_ns : 46317114929
[report] load_duration_s : 46.317115
[report] load_throughput : 3373.483004
[report] load_average_latency_ns : 296429.535546
Load workloads needs: 46344061101 ns 
[report] load_thread_ID : 20
[report] load_duration_ns : 46344061101
[report] load_duration_s : 46.344061
[report] load_throughput : 3371.521535
[report] load_average_latency_ns : 296601.991046
Load workloads needs: 46342118557 ns 
[report] load_thread_ID : 47
[report] load_duration_ns : 46342118557
[report] load_duration_s : 46.342119
[report] load_throughput : 3371.662860
[report] load_average_latency_ns : 296589.558765
Load workloads needs: 46384012908 ns 
[report] load_thread_ID : 51
[report] load_duration_ns : 46384012908
[report] load_duration_s : 46.384013
[report] load_throughput : 3368.617552
[report] load_average_latency_ns : 296857.682611
Load workloads needs: 46397182194 ns 
[report] load_thread_ID : 13
[report] load_duration_ns : 46397182194
[report] load_duration_s : 46.397182
[report] load_throughput : 3367.661410
[report] load_average_latency_ns : 296941.966042
Load workloads needs: 46417625137 ns 
[report] load_thread_ID : 14
[report] load_duration_ns : 46417625137
[report] load_duration_s : 46.417625
[report] load_throughput : 3366.178247
[report] load_average_latency_ns : 297072.800877
Load workloads needs: 46428595440 ns 
[report] load_thread_ID : 28
[report] load_duration_ns : 46428595440
[report] load_duration_s : 46.428595
[report] load_throughput : 3365.382875
[report] load_average_latency_ns : 297143.010816
Load workloads needs: 46430494464 ns 
[report] load_thread_ID : 53
[report] load_duration_ns : 46430494464
[report] load_duration_s : 46.430494
[report] load_throughput : 3365.245230
[report] load_average_latency_ns : 297155.164570
Load workloads needs: 46437725990 ns 
[report] load_thread_ID : 43
[report] load_duration_ns : 46437725990
[report] load_duration_s : 46.437726
[report] load_throughput : 3364.721176
[report] load_average_latency_ns : 297201.446336
Load workloads needs: 46449241861 ns 
[report] load_thread_ID : 61
[report] load_duration_ns : 46449241861
[report] load_duration_s : 46.449242
[report] load_throughput : 3363.886982
[report] load_average_latency_ns : 297275.147910
Load workloads needs: 46475698744 ns 
[report] load_thread_ID : 22
[report] load_duration_ns : 46475698744
[report] load_duration_s : 46.475699
[report] load_throughput : 3361.972046
[report] load_average_latency_ns : 297444.471962
Load workloads needs: 46499880574 ns 
[report] load_thread_ID : 41
[report] load_duration_ns : 46499880574
[report] load_duration_s : 46.499881
[report] load_throughput : 3360.223684
[report] load_average_latency_ns : 297599.235674
Load workloads needs: 46509785001 ns 
[report] load_thread_ID : 46
[report] load_duration_ns : 46509785001
[report] load_duration_s : 46.509785
[report] load_throughput : 3359.508112
[report] load_average_latency_ns : 297662.624006
Load workloads needs: 46525146960 ns 
[report] load_thread_ID : 52
[report] load_duration_ns : 46525146960
[report] load_duration_s : 46.525147
[report] load_throughput : 3358.398849
[report] load_average_latency_ns : 297760.940544
Load workloads needs: 46528250050 ns 
[report] load_thread_ID : 40
[report] load_duration_ns : 46528250050
[report] load_duration_s : 46.528250
[report] load_throughput : 3358.174869
[report] load_average_latency_ns : 297780.800320
Load workloads needs: 46574554706 ns 
[report] load_thread_ID : 39
[report] load_duration_ns : 46574554706
[report] load_duration_s : 46.574555
[report] load_throughput : 3354.836154
[report] load_average_latency_ns : 298077.150118
Load workloads needs: 46577537937 ns 
[report] load_thread_ID : 15
[report] load_duration_ns : 46577537937
[report] load_duration_s : 46.577538
[report] load_throughput : 3354.621281
[report] load_average_latency_ns : 298096.242797
Load workloads needs: 46582145021 ns 
[report] load_thread_ID : 10
[report] load_duration_ns : 46582145021
[report] load_duration_s : 46.582145
[report] load_throughput : 3354.289501
[report] load_average_latency_ns : 298125.728134
Load workloads needs: 46593503834 ns 
[report] load_thread_ID : 21
[report] load_duration_ns : 46593503834
[report] load_duration_s : 46.593504
[report] load_throughput : 3353.471775
[report] load_average_latency_ns : 298198.424538
Load workloads needs: 46613638747 ns 
[report] load_thread_ID : 6
[report] load_duration_ns : 46613638747
[report] load_duration_s : 46.613639
[report] load_throughput : 3352.023232
[report] load_average_latency_ns : 298327.287981
Load workloads needs: 46618211913 ns 
[report] load_thread_ID : 4
[report] load_duration_ns : 46618211913
[report] load_duration_s : 46.618212
[report] load_throughput : 3351.694404
[report] load_average_latency_ns : 298356.556243
Load workloads needs: 46619207089 ns 
[report] load_thread_ID : 42
[report] load_duration_ns : 46619207089
[report] load_duration_s : 46.619207
[report] load_throughput : 3351.622856
[report] load_average_latency_ns : 298362.925370
Load workloads needs: 46631558609 ns 
[report] load_thread_ID : 45
[report] load_duration_ns : 46631558609
[report] load_duration_s : 46.631559
[report] load_throughput : 3350.735096
[report] load_average_latency_ns : 298441.975098
Load workloads needs: 46663192163 ns 
[report] load_thread_ID : 12
[report] load_duration_ns : 46663192163
[report] load_duration_s : 46.663192
[report] load_throughput : 3348.463591
[report] load_average_latency_ns : 298644.429843
Load workloads needs: 46680878414 ns 
[report] load_thread_ID : 7
[report] load_duration_ns : 46680878414
[report] load_duration_s : 46.680878
[report] load_throughput : 3347.194940
[report] load_average_latency_ns : 298757.621850
Load workloads needs: 46688088521 ns 
[report] load_thread_ID : 38
[report] load_duration_ns : 46688088521
[report] load_duration_s : 46.688089
[report] load_throughput : 3346.678028
[report] load_average_latency_ns : 298803.766534
Load workloads needs: 46688816298 ns 
[report] load_thread_ID : 44
[report] load_duration_ns : 46688816298
[report] load_duration_s : 46.688816
[report] load_throughput : 3346.625860
[report] load_average_latency_ns : 298808.424307
Load workloads needs: 46728423827 ns 
[report] load_thread_ID : 33
[report] load_duration_ns : 46728423827
[report] load_duration_s : 46.728424
[report] load_throughput : 3343.789223
[report] load_average_latency_ns : 299061.912493
Load workloads needs: 46733048612 ns 
[report] load_thread_ID : 11
[report] load_duration_ns : 46733048612
[report] load_duration_s : 46.733049
[report] load_throughput : 3343.458316
[report] load_average_latency_ns : 299091.511117
Load workloads needs: 46751165531 ns 
[report] load_thread_ID : 37
[report] load_duration_ns : 46751165531
[report] load_duration_s : 46.751166
[report] load_throughput : 3342.162665
[report] load_average_latency_ns : 299207.459398
Load workloads needs: 46771613394 ns 
[report] load_thread_ID : 32
[report] load_duration_ns : 46771613394
[report] load_duration_s : 46.771613
[report] load_throughput : 3340.701521
[report] load_average_latency_ns : 299338.325722
Load workloads needs: 46782954336 ns 
[report] load_thread_ID : 8
[report] load_duration_ns : 46782954336
[report] load_duration_s : 46.782954
[report] load_throughput : 3339.891681
[report] load_average_latency_ns : 299410.907750
Load workloads needs: 46781871230 ns 
[report] load_thread_ID : 36
[report] load_duration_ns : 46781871230
[report] load_duration_s : 46.781871
[report] load_throughput : 3339.969007
[report] load_average_latency_ns : 299403.975872
Load workloads needs: 46797923067 ns 
[report] load_thread_ID : 5
[report] load_duration_ns : 46797923067
[report] load_duration_s : 46.797923
[report] load_throughput : 3338.823387
[report] load_average_latency_ns : 299506.707629
Load workloads needs: 46813654824 ns 
[report] load_thread_ID : 9
[report] load_duration_ns : 46813654824
[report] load_duration_s : 46.813655
[report] load_throughput : 3337.701373
[report] load_average_latency_ns : 299607.390874
Load workloads needs: 46915788536 ns 
[report] load_thread_ID : 34
[report] load_duration_ns : 46915788536
[report] load_duration_s : 46.915789
[report] load_throughput : 3330.435337
[report] load_average_latency_ns : 300261.046630
Load workloads needs: 46933401118 ns 
[report] load_thread_ID : 35
[report] load_duration_ns : 46933401118
[report] load_duration_s : 46.933401
[report] load_throughput : 3329.185533
[report] load_average_latency_ns : 300373.767155
Load workloads needs: 46989758321 ns 
[report] load_thread_ID : 3
[report] load_duration_ns : 46989758321
[report] load_duration_s : 46.989758
[report] load_throughput : 3325.192671
[report] load_average_latency_ns : 300734.453254
Load workloads needs: 47057314108 ns 
[report] load_thread_ID : 1
[report] load_duration_ns : 47057314108
[report] load_duration_s : 47.057314
[report] load_throughput : 3320.419003
[report] load_average_latency_ns : 301166.810291
Load workloads needs: 47078725117 ns 
[report] load_thread_ID : 2
[report] load_duration_ns : 47078725117
[report] load_duration_s : 47.078725
[report] load_throughput : 3318.908904
[report] load_average_latency_ns : 301303.840749
Load workloads needs: 47131018054 ns 
[report] load_thread_ID : 0
[report] load_duration_ns : 47131018054
[report] load_duration_s : 47.131018
[report] load_throughput : 3315.226499
[report] load_average_latency_ns : 301638.515546
All clients run done needs: 47126606748 ns 
[report] load_overall_duration_ns : 47126606748
[report] load_overall_duration_s : 47.126607
[report] load_overall_throughput : 212194.356650
[report] load_overall_average_latency_ns : 4712.660675
