numactl --membind=2 /mnt/nvme0/home/gxr/mongdb-run/test_mongodb/build//run_client --num_threads=12 --core_binding=0,1,2,3,4,5,6,7,8,9,10,11,12,13,14,15,128,129,130,131,132,133,134,135,136,137,138,139,140,141,142,143 --str_key_size=16 --str_key_size=1024 --load_file=/mnt/nvme0/home/gxr/mongodb-run/workloads/ycsb/workloada-load-10000000-10000000.log.formated --run_file=/mnt/nvme0/home/gxr/mongodb-run/workloads/ycsb/workloada-run-10000000-10000000.log.formated --URI_set=mongodb://localhost:27017,mongodb://localhost:27018,mongodb://localhost:27019,mongodb://localhost:27020,mongodb://localhost:27021,mongodb://localhost:27022,mongodb://localhost:27023,mongodb://localhost:27024,mongodb://localhost:27025,mongodb://localhost:27026,mongodb://localhost:27027,mongodb://localhost:27028,mongodb://localhost:27029,mongodb://localhost:27030,mongodb://localhost:27031,mongodb://localhost:27032,mongodb://localhost:27033,mongodb://localhost:27034,mongodb://localhost:27035,mongodb://localhost:27036,mongodb://localhost:27037,mongodb://localhost:27038,mongodb://localhost:27039,mongodb://localhost:27040,mongodb://localhost:27041,mongodb://localhost:27042,mongodb://localhost:27043,mongodb://localhost:27044,mongodb://localhost:27045,mongodb://localhost:27046 --first_mode=true
mongodb://localhost:27017 mongodb://localhost:27018 mongodb://localhost:27019 mongodb://localhost:27020 mongodb://localhost:27021 mongodb://localhost:27022 mongodb://localhost:27023 mongodb://localhost:27024 mongodb://localhost:27025 mongodb://localhost:27026 mongodb://localhost:27027 mongodb://localhost:27028 mongodb://localhost:27029 mongodb://localhost:27030 mongodb://localhost:27031 mongodb://localhost:27032 mongodb://localhost:27033 mongodb://localhost:27034 mongodb://localhost:27035 mongodb://localhost:27036 mongodb://localhost:27037 mongodb://localhost:27038 mongodb://localhost:27039 mongodb://localhost:27040 mongodb://localhost:27041 mongodb://localhost:27042 mongodb://localhost:27043 mongodb://localhost:27044 mongodb://localhost:27045 mongodb://localhost:27046 reading workload files ...
load_filename : /mnt/nvme0/home/gxr/mongodb-run/workloads/ycsb/workloada-load-10000000-10000000.log.formated
read load file needs: 11190 s 
run_filename : /mnt/nvme0/home/gxr/mongodb-run/workloads/ycsb/workloada-run-10000000-10000000.log.formated
read run file needs: 1760 s 
num_of_load_ops is 0
num_of_run_ops is 0
0 1 2 3 4 5 6 7 8 9 10 11 12 13 14 15 128 129 130 131 132 133 134 135 136 137 138 139 140 141 142 143 URI: mongodb://localhost:27017
URI: URI: mongodb://localhost:27017
URI: mongodb://localhost:27017
URI: URI: mongodb://localhost:27017
URI: URI: mongodb://localhost:27017
mongodb://localhost:27017
URI: mongodb://localhost:27017
URI: mongodb://localhost:27017
mongodb://localhost:27017
mongodb://localhost:27017
URI: mongodb://localhost:27017
URI: mongodb://localhost:27017
Load workloads needs: Load workloads needs: Load workloads needs: 40Load workloads needs: 40 ns Load workloads needs: 
[report] 40Load workloads needs: load_40 ns 
Load workloads needs: 40 ns [report]  ns load_
Load workloads needs: thread_ID60Load workloads needs: 
40 ns  ns 
thread_ID
 : [report] load_thread_ID11[report] 40Load workloads needs:  ns 40 ns 


[report]  : 8
load_Load workloads needs: [report] load_thread_ID ns  : [report] 
6[report] thread_ID[report]  : 40 : load_9load_
[report] 
load_3load_duration_ns ns load_duration_ns
40 : 
[report]  : thread_IDload_thread_ID[report]  : 40thread_ID5[report] 
[report]  : load_ ns  : 4
thread_IDduration_ns[report] [report] 10 :  : 

400load_
load_[report] load_duration_ns40thread_IDload_

[report] duration_nsload_ : [report]  : load_load_duration_ns : 40
duration_sthread_ID : [report] [report]  : 1[report] load_0.000000load_

40duration_ns : duration_ns602[report] 

[report]  : [report] 
 : load_load_4040load_
[report] duration_nsload_[report] load_ : duration_ns40


duration_s[report]  : duration_s[report] load_duration_sload_duration_s : 0.000000
 : 0.000000
load_[report]  : 40[report] duration_s[report] load_duration_s[report] 0.000000load_load_load_throughputthroughput
 : 
[report] load_0.000000throughput[report] duration_ns :  :  :  :  : 0.0000000.000000load_duration_sduration_s0.00000040
0.000000


 :  : 0.000000
[report] [report] 0.000000load_duration_s

load_throughput[report] load_average_latency_ns : 0.000000throughput
[report]  : [report]  : [report] load_inf[report]  : 
 : 
load_load_0.000000load_throughput0.0000000.000000average_latency_ns
 : throughputinf :  : 

[report] 
load_[report] average_latency_nsload_0.000000[report] [report] [report] load_throughputthroughputaverage_latency_ns[report]  :  : inf
load_
average_latency_ns :  :  : 0.000000
[report] [report] infload_
load_load_0.000000duration_sinf0.000000load_
average_latency_ns : average_latency_ns0.000000

[report] load_average_latency_ns :  : infinf


throughput[report]  : [report] load_throughputload_ : 0.000000 : 
[report] average_latency_ns : infload_infaverage_latency_ns0.000000


[report] load_average_latency_ns : inf
 : inf
Load workloads needs: 40 ns 
[report] load_thread_ID : 7
[report] load_duration_ns : 40
[report] load_duration_s : 0.000000
[report] load_throughput : 0.000000
[report] load_average_latency_ns : inf
All clients run done needs: 2235719 ns 
[report] load_overall_duration_ns : 2235719
[report] load_overall_duration_s : 0.002236
[report] load_overall_throughput : 0.000000
[report] load_overall_average_latency_ns : inf
