numactl --membind=0 /home/gxr/mongodb-run/test_mongodb/build//run_client --num_threads=48 --core_binding=0,1,2,3,4,5,6,7,8,9,10,11,24,25,26,27,28,29,30,31,32,33,34,35,12,13,14,15,16,17,18,19,20,21,22,23,36,37,38,39,40,41,42,43,44,45,46,47 --str_key_size=16 --str_key_size=256 --load_file=/home/gxr/mongodb-run/workloads/ycsb/workloada-load-10000000-10000000.log.formated --run_file=/home/gxr/mongodb-run/workloads/ycsb/workloada-run-10000000-10000000.log.formated --URI_set=mongodb://localhost:27017,mongodb://localhost:27018,mongodb://localhost:27019,mongodb://localhost:27020,mongodb://localhost:27021,mongodb://localhost:27022,mongodb://localhost:27023,mongodb://localhost:27024,mongodb://localhost:27025,mongodb://localhost:27026,mongodb://localhost:27027,mongodb://localhost:27028,mongodb://localhost:27029,mongodb://localhost:27030,mongodb://localhost:27031,mongodb://localhost:27032,mongodb://localhost:27033,mongodb://localhost:27034,mongodb://localhost:27035,mongodb://localhost:27036,mongodb://localhost:27037,mongodb://localhost:27038,mongodb://localhost:27039,mongodb://localhost:27040,mongodb://localhost:27041,mongodb://localhost:27042,mongodb://localhost:27043,mongodb://localhost:27044,mongodb://localhost:27045,mongodb://localhost:27046,mongodb://localhost:27047,mongodb://localhost:27048,mongodb://localhost:27049,mongodb://localhost:27050,mongodb://localhost:27051,mongodb://localhost:27052,mongodb://localhost:27053,mongodb://localhost:27054,mongodb://localhost:27055,mongodb://localhost:27056,mongodb://localhost:27057,mongodb://localhost:27058,mongodb://localhost:27059,mongodb://localhost:27060,mongodb://localhost:27061,mongodb://localhost:27062,mongodb://localhost:27063,mongodb://localhost:27064 --first_mode=false
mongodb://localhost:27017 mongodb://localhost:27018 mongodb://localhost:27019 mongodb://localhost:27020 mongodb://localhost:27021 mongodb://localhost:27022 mongodb://localhost:27023 mongodb://localhost:27024 mongodb://localhost:27025 mongodb://localhost:27026 mongodb://localhost:27027 mongodb://localhost:27028 mongodb://localhost:27029 mongodb://localhost:27030 mongodb://localhost:27031 mongodb://localhost:27032 mongodb://localhost:27033 mongodb://localhost:27034 mongodb://localhost:27035 mongodb://localhost:27036 mongodb://localhost:27037 mongodb://localhost:27038 mongodb://localhost:27039 mongodb://localhost:27040 mongodb://localhost:27041 mongodb://localhost:27042 mongodb://localhost:27043 mongodb://localhost:27044 mongodb://localhost:27045 mongodb://localhost:27046 mongodb://localhost:27047 mongodb://localhost:27048 mongodb://localhost:27049 mongodb://localhost:27050 mongodb://localhost:27051 mongodb://localhost:27052 mongodb://localhost:27053 mongodb://localhost:27054 mongodb://localhost:27055 mongodb://localhost:27056 mongodb://localhost:27057 mongodb://localhost:27058 mongodb://localhost:27059 mongodb://localhost:27060 mongodb://localhost:27061 mongodb://localhost:27062 mongodb://localhost:27063 mongodb://localhost:27064 reading workload files ...
load_filename : /home/gxr/mongodb-run/workloads/ycsb/workloada-load-10000000-10000000.log.formated
read load file needs: 1194778557 s 
run_filename : /home/gxr/mongodb-run/workloads/ycsb/workloada-run-10000000-10000000.log.formated
read run file needs: 1011005103 s 
num_of_load_ops is 1862736
num_of_run_ops is 1934501
0 1 2 3 4 5 6 7 8 9 10 11 24 25 26 27 28 29 30 31 32 33 34 35 12 13 14 15 16 17 18 19 20 21 22 23 36 37 38 39 40 41 42 43 44 45 46 47 URI: mongodb://localhost:27017
URI: mongodb://localhost:27018
URI: mongodb://localhost:27021
URI: mongodb://localhost:27020
URI: mongodb://localhost:27019
URI: mongodb://localhost:27022
URI: URI: mongodb://localhost:27023
mongodb://localhost:27025
URI: mongodb://localhost:27024
URI: mongodb://localhost:27027
URI: mongodb://localhost:27029
URI: mongodb://localhost:27028
URI: mongodb://localhost:27030
URI: mongodb://localhost:27032
URI: mongodb://localhost:27034
URI: mongodb://localhost:27031
URI: mongodb://localhost:27039
URI: mongodb://localhost:27033
URI: mongodb://localhost:27040
URI: mongodb://localhost:27036
URI: URI: mongodb://localhost:27037
URI: mongodb://localhost:27035
URI: mongodb://localhost:27041
mongodb://localhost:27038
URI: mongodb://localhost:27043
URI: mongodb://localhost:27026
URI: mongodb://localhost:27050
URI: mongodb://localhost:27042
URI: mongodb://localhost:27053
URI: mongodb://localhost:27047
URI: mongodb://localhost:27049
URI: mongodb://localhost:27046
URI: mongodb://localhost:27052
URI: mongodb://localhost:27044
URI: mongodb://localhost:27054URI: mongodb://localhost:27048

URI: mongodb://localhost:27045
URI: mongodb://localhost:27056
URI: mongodb://localhost:27057
URI: mongodb://localhost:27059
URI: mongodb://localhost:27058
URI: mongodb://localhost:27060
URI: mongodb://localhost:27061
URI: mongodb://localhost:27062
URI: mongodb://localhost:27063
URI: mongodb://localhost:27064
URI: mongodb://localhost:27051
URI: mongodb://localhost:27055
Load workloads needs: 9219784573 ns 
[report] load_thread_ID : 37
[report] load_duration_ns : 9219784573
[report] load_duration_s : 9.219785
[report] load_throughput : 4209.100516
[report] load_average_latency_ns : 237580.451285
Load workloads needs: 9206487216 ns 
[report] load_thread_ID : 38
[report] load_duration_ns : 9206487216
[report] load_duration_s : 9.206487
[report] load_throughput : 4215.179915
[report] load_average_latency_ns : 237237.797717
Load workloads needs: 9302042575 ns 
[report] load_thread_ID : 25
[report] load_duration_ns : 9302042575
[report] load_duration_s : 9.302043
[report] load_throughput : 4171.879422
[report] load_average_latency_ns : 239700.120468
Load workloads needs: 9364488641 ns 
[report] load_thread_ID : 26
[report] load_duration_ns : 9364488641
[report] load_duration_s : 9.364489
[report] load_throughput : 4144.059701
[report] load_average_latency_ns : 241309.264849
Load workloads needs: 9372899286 ns 
[report] load_thread_ID : 46
[report] load_duration_ns : 9372899286
[report] load_duration_s : 9.372899
[report] load_throughput : 4140.341085
[report] load_average_latency_ns : 241525.994949
Load workloads needs: 9378568812 ns 
[report] load_thread_ID : 42
[report] load_duration_ns : 9378568812
[report] load_duration_s : 9.378569
[report] load_throughput : 4137.838169
[report] load_average_latency_ns : 241672.090396
Load workloads needs: 9391231572 ns 
[report] load_thread_ID : 47
[report] load_duration_ns : 9391231572
[report] load_duration_s : 9.391232
[report] load_throughput : 4132.258874
[report] load_average_latency_ns : 241998.391321
Load workloads needs: 9404593656 ns 
[report] load_thread_ID : 36
[report] load_duration_ns : 9404593656
[report] load_duration_s : 9.404594
[report] load_throughput : 4126.387744
[report] load_average_latency_ns : 242342.712810
Load workloads needs: 9445672820 ns 
[report] load_thread_ID : 29
[report] load_duration_ns : 9445672820
[report] load_duration_s : 9.445673
[report] load_throughput : 4108.442113
[report] load_average_latency_ns : 243401.263174
Load workloads needs: 9449635111 ns 
[report] load_thread_ID : 30
[report] load_duration_ns : 9449635111
[report] load_duration_s : 9.449635
[report] load_throughput : 4106.719418
[report] load_average_latency_ns : 243503.365656
Load workloads needs: 9514561368 ns 
[report] load_thread_ID : 43
[report] load_duration_ns : 9514561368
[report] load_duration_s : 9.514561
[report] load_throughput : 4078.695643
[report] load_average_latency_ns : 245176.420955
Load workloads needs: 9581418924 ns 
[report] load_thread_ID : 31
[report] load_duration_ns : 9581418924
[report] load_duration_s : 9.581419
[report] load_throughput : 4050.235180
[report] load_average_latency_ns : 246899.243023
Load workloads needs: 9613001760 ns 
[report] load_thread_ID : 33
[report] load_duration_ns : 9613001760
[report] load_duration_s : 9.613002
[report] load_throughput : 4036.928419
[report] load_average_latency_ns : 247713.086814
Load workloads needs: 9614165336 ns 
[report] load_thread_ID : 27
[report] load_duration_ns : 9614165336
[report] load_duration_s : 9.614165
[report] load_throughput : 4036.439841
[report] load_average_latency_ns : 247743.070477
Load workloads needs: 9616952198 ns 
[report] load_thread_ID : 28
[report] load_duration_ns : 9616952198
[report] load_duration_s : 9.616952
[report] load_throughput : 4035.270136
[report] load_average_latency_ns : 247814.883861
Load workloads needs: 9631541666 ns 
[report] load_thread_ID : 45
[report] load_duration_ns : 9631541666
[report] load_duration_s : 9.631542
[report] load_throughput : 4029.157672
[report] load_average_latency_ns : 248190.833252
Load workloads needs: 9657739686 ns 
[report] load_thread_ID : 44
[report] load_duration_ns : 9657739686
[report] load_duration_s : 9.657740
[report] load_throughput : 4018.227998
[report] load_average_latency_ns : 248865.918159
Load workloads needs: 9659044621 ns 
[report] load_thread_ID : 39
[report] load_duration_ns : 9659044621
[report] load_duration_s : 9.659045
[report] load_throughput : 4017.685136
[report] load_average_latency_ns : 248899.544438
Load workloads needs: 9661464602 ns 
[report] load_thread_ID : 24
[report] load_duration_ns : 9661464602
[report] load_duration_s : 9.661465
[report] load_throughput : 4016.678795
[report] load_average_latency_ns : 248961.903832
Load workloads needs: 9662582723 ns 
[report] load_thread_ID : 32
[report] load_duration_ns : 9662582723
[report] load_duration_s : 9.662583
[report] load_throughput : 4016.213999
[report] load_average_latency_ns : 248990.716185
Load workloads needs: 9701901458 ns 
[report] load_thread_ID : 41
[report] load_duration_ns : 9701901458
[report] load_duration_s : 9.701901
[report] load_throughput : 3999.937555
[report] load_average_latency_ns : 250003.902853
Load workloads needs: 9737781410 ns 
[report] load_thread_ID : 34
[report] load_duration_ns : 9737781410
[report] load_duration_s : 9.737781
[report] load_throughput : 3985.199335
[report] load_average_latency_ns : 250928.477079
Load workloads needs: 9750131234 ns 
[report] load_thread_ID : 40
[report] load_duration_ns : 9750131234
[report] load_duration_s : 9.750131
[report] load_throughput : 3980.151556
[report] load_average_latency_ns : 251246.714098
Load workloads needs: 9801056900 ns 
[report] load_thread_ID : 16
[report] load_duration_ns : 9801056900
[report] load_duration_s : 9.801057
[report] load_throughput : 3959.470942
[report] load_average_latency_ns : 252558.994511
Load workloads needs: 9864903689 ns 
[report] load_thread_ID : 35
[report] load_duration_ns : 9864903689
[report] load_duration_s : 9.864904
[report] load_throughput : 3933.844792
[report] load_average_latency_ns : 254204.233489
Load workloads needs: 9878343036 ns 
[report] load_thread_ID : 0
[report] load_duration_ns : 9878343036
[report] load_duration_s : 9.878343
[report] load_throughput : 3928.492851
[report] load_average_latency_ns : 254550.545932
Load workloads needs: 9885093295 ns 
[report] load_thread_ID : 22
[report] load_duration_ns : 9885093295
[report] load_duration_s : 9.885093
[report] load_throughput : 3925.810191
[report] load_average_latency_ns : 254724.490298
Load workloads needs: 9888337128 ns 
[report] load_thread_ID : 10
[report] load_duration_ns : 9888337128
[report] load_duration_s : 9.888337
[report] load_throughput : 3924.522344
[report] load_average_latency_ns : 254808.079161
Load workloads needs: 9902450170 ns 
[report] load_thread_ID : 9
[report] load_duration_ns : 9902450170
[report] load_duration_s : 9.902450
[report] load_throughput : 3918.929087
[report] load_average_latency_ns : 255171.751746
Load workloads needs: 9904162801 ns 
[report] load_thread_ID : 14
[report] load_duration_ns : 9904162801
[report] load_duration_s : 9.904163
[report] load_throughput : 3918.251424
[report] load_average_latency_ns : 255215.883758
Load workloads needs: 9922441700 ns 
[report] load_thread_ID : 23
[report] load_duration_ns : 9922441700
[report] load_duration_s : 9.922442
[report] load_throughput : 3911.033309
[report] load_average_latency_ns : 255686.904424
Load workloads needs: 9937551400 ns 
[report] load_thread_ID : 6
[report] load_duration_ns : 9937551400
[report] load_duration_s : 9.937551
[report] load_throughput : 3905.086720
[report] load_average_latency_ns : 256076.259438
Load workloads needs: 9938337791 ns 
[report] load_thread_ID : 7
[report] load_duration_ns : 9938337791
[report] load_duration_s : 9.938338
[report] load_throughput : 3904.777722
[report] load_average_latency_ns : 256096.523591
Load workloads needs: 9947839756 ns 
[report] load_thread_ID : 13
[report] load_duration_ns : 9947839756
[report] load_duration_s : 9.947840
[report] load_throughput : 3901.047961
[report] load_average_latency_ns : 256341.375422
Load workloads needs: 9947371901 ns 
[report] load_thread_ID : 19
[report] load_duration_ns : 9947371901
[report] load_duration_s : 9.947372
[report] load_throughput : 3901.231439
[report] load_average_latency_ns : 256329.319478
Load workloads needs: 9949228628 ns 
[report] load_thread_ID : 8
[report] load_duration_ns : 9949228628
[report] load_duration_s : 9.949229
[report] load_throughput : 3900.503391
[report] load_average_latency_ns : 256377.164635
Load workloads needs: 9949587444 ns 
[report] load_thread_ID : 3
[report] load_duration_ns : 9949587444
[report] load_duration_s : 9.949587
[report] load_throughput : 3900.362725
[report] load_average_latency_ns : 256386.410802
Load workloads needs: 9950973872 ns 
[report] load_thread_ID : 12
[report] load_duration_ns : 9950973872
[report] load_duration_s : 9.950974
[report] load_throughput : 3899.819304
[report] load_average_latency_ns : 256422.137037
Load workloads needs: 9959993396 ns 
[report] load_thread_ID : 4
[report] load_duration_ns : 9959993396
[report] load_duration_s : 9.959993
[report] load_throughput : 3896.287724
[report] load_average_latency_ns : 256654.557064
Load workloads needs: 9981798388 ns 
[report] load_thread_ID : 2
[report] load_duration_ns : 9981798388
[report] load_duration_s : 9.981798
[report] load_throughput : 3887.776380
[report] load_average_latency_ns : 257216.440024
Load workloads needs: 9986232918 ns 
[report] load_thread_ID : 15
[report] load_duration_ns : 9986232918
[report] load_duration_s : 9.986233
[report] load_throughput : 3886.049957
[report] load_average_latency_ns : 257330.711418
Load workloads needs: 10005788652 ns 
[report] load_thread_ID : 11
[report] load_duration_ns : 10005788652
[report] load_duration_s : 10.005789
[report] load_throughput : 3878.454897
[report] load_average_latency_ns : 257834.634267
Load workloads needs: 10005073263 ns 
[report] load_thread_ID : 18
[report] load_duration_ns : 10005073263
[report] load_duration_s : 10.005073
[report] load_throughput : 3878.732217
[report] load_average_latency_ns : 257816.199732
Load workloads needs: 10012938199 ns 
[report] load_thread_ID : 5
[report] load_duration_ns : 10012938199
[report] load_duration_s : 10.012938
[report] load_throughput : 3875.685561
[report] load_average_latency_ns : 258018.867704
Load workloads needs: 10015355026 ns 
[report] load_thread_ID : 1
[report] load_duration_ns : 10015355026
[report] load_duration_s : 10.015355
[report] load_throughput : 3874.750311
[report] load_average_latency_ns : 258081.145824
Load workloads needs: 10019723549 ns 
[report] load_thread_ID : 17
[report] load_duration_ns : 10019723549
[report] load_duration_s : 10.019724
[report] load_throughput : 3873.060949
[report] load_average_latency_ns : 258193.716314
Load workloads needs: 10022986154 ns 
[report] load_thread_ID : 21
[report] load_duration_ns : 10022986154
[report] load_duration_s : 10.022986
[report] load_throughput : 3871.800220
[report] load_average_latency_ns : 258277.788904
Load workloads needs: 10056213167 ns 
[report] load_thread_ID : 20
[report] load_duration_ns : 10056213167
[report] load_duration_s : 10.056213
[report] load_throughput : 3859.007298
[report] load_average_latency_ns : 259134.000747
All clients run done needs: 10054951182 ns 
[report] load_overall_duration_ns : 10054951182
[report] load_overall_duration_s : 10.054951
[report] load_overall_throughput : 185255.598589
[report] load_overall_average_latency_ns : 5397.947526
