numactl --membind=0 /home/gxr/mongodb-run/test_mongodb/build//run_client --num_threads=46 --core_binding=0,1,2,3,4,5,6,7,8,9,10,11,24,25,26,27,28,29,30,31,32,33,34,35,12,13,14,15,16,17,18,19,20,21,22,23,36,37,38,39,40,41,42,43,44,45,46,47 --str_key_size=16 --str_key_size=256 --load_file=/home/gxr/mongodb-run/workloads/ycsb/workloada-load-10000000-10000000.log.formated --run_file=/home/gxr/mongodb-run/workloads/ycsb/workloada-run-10000000-10000000.log.formated --URI_set=mongodb://localhost:27017,mongodb://localhost:27018,mongodb://localhost:27019,mongodb://localhost:27020,mongodb://localhost:27021,mongodb://localhost:27022,mongodb://localhost:27023,mongodb://localhost:27024,mongodb://localhost:27025,mongodb://localhost:27026,mongodb://localhost:27027,mongodb://localhost:27028,mongodb://localhost:27029,mongodb://localhost:27030,mongodb://localhost:27031,mongodb://localhost:27032,mongodb://localhost:27033,mongodb://localhost:27034,mongodb://localhost:27035,mongodb://localhost:27036,mongodb://localhost:27037,mongodb://localhost:27038,mongodb://localhost:27039,mongodb://localhost:27040,mongodb://localhost:27041,mongodb://localhost:27042,mongodb://localhost:27043,mongodb://localhost:27044,mongodb://localhost:27045,mongodb://localhost:27046,mongodb://localhost:27047,mongodb://localhost:27048,mongodb://localhost:27049,mongodb://localhost:27050,mongodb://localhost:27051,mongodb://localhost:27052,mongodb://localhost:27053,mongodb://localhost:27054,mongodb://localhost:27055,mongodb://localhost:27056,mongodb://localhost:27057,mongodb://localhost:27058,mongodb://localhost:27059,mongodb://localhost:27060,mongodb://localhost:27061,mongodb://localhost:27062,mongodb://localhost:27063,mongodb://localhost:27064 --first_mode=true
mongodb://localhost:27017 mongodb://localhost:27018 mongodb://localhost:27019 mongodb://localhost:27020 mongodb://localhost:27021 mongodb://localhost:27022 mongodb://localhost:27023 mongodb://localhost:27024 mongodb://localhost:27025 mongodb://localhost:27026 mongodb://localhost:27027 mongodb://localhost:27028 mongodb://localhost:27029 mongodb://localhost:27030 mongodb://localhost:27031 mongodb://localhost:27032 mongodb://localhost:27033 mongodb://localhost:27034 mongodb://localhost:27035 mongodb://localhost:27036 mongodb://localhost:27037 mongodb://localhost:27038 mongodb://localhost:27039 mongodb://localhost:27040 mongodb://localhost:27041 mongodb://localhost:27042 mongodb://localhost:27043 mongodb://localhost:27044 mongodb://localhost:27045 mongodb://localhost:27046 mongodb://localhost:27047 mongodb://localhost:27048 mongodb://localhost:27049 mongodb://localhost:27050 mongodb://localhost:27051 mongodb://localhost:27052 mongodb://localhost:27053 mongodb://localhost:27054 mongodb://localhost:27055 mongodb://localhost:27056 mongodb://localhost:27057 mongodb://localhost:27058 mongodb://localhost:27059 mongodb://localhost:27060 mongodb://localhost:27061 mongodb://localhost:27062 mongodb://localhost:27063 mongodb://localhost:27064 reading workload files ...
load_filename : /home/gxr/mongodb-run/workloads/ycsb/workloada-load-10000000-10000000.log.formated
read load file needs: 1004605635 s 
run_filename : /home/gxr/mongodb-run/workloads/ycsb/workloada-run-10000000-10000000.log.formated
read run file needs: 1043660389 s 
num_of_load_ops is 1862736
num_of_run_ops is 1934501
0 1 2 3 4 5 6 7 8 9 10 11 24 25 26 27 28 29 30 31 32 33 34 35 12 13 14 15 16 17 18 19 20 21 22 23 36 37 38 39 40 41 42 43 44 45 46 47 URI: URI: URI: mongodb://localhost:27017
mongodb://localhost:27017
URI: mongodb://localhost:27017
mongodb://localhost:27017
URI: mongodb://localhost:27017URI: mongodb://localhost:27017

URI: mongodb://localhost:27017
URI: URI: mongodb://localhost:27017
mongodb://localhost:27017URI: mongodb://localhost:27017

URI: mongodb://localhost:27017
URI: mongodb://localhost:27017
URI: mongodb://localhost:27017
URI: mongodb://localhost:27017
URI: mongodb://localhost:27017
URI: mongodb://localhost:27017
URI: mongodb://localhost:27017
URI: mongodb://localhost:27017
URI: mongodb://localhost:27017
URI: mongodb://localhost:27017
URI: mongodb://localhost:27017
URI: mongodb://localhost:27017
URI: mongodb://localhost:27017
URI: mongodb://localhost:27017
URI: mongodb://localhost:27017
URI: mongodb://localhost:27017
URI: mongodb://localhost:27017
URI: mongodb://localhost:27017
URI: mongodb://localhost:27017
URI: mongodb://localhost:27017
URI: mongodb://localhost:27017
URI: mongodb://localhost:27017
URI: mongodb://localhost:27017
URI: mongodb://localhost:27017
URI: mongodb://localhost:27017
URI: mongodb://localhost:27017
URI: mongodb://localhost:27017
URI: mongodb://localhost:27017
URI: mongodb://localhost:27017
URI: mongodb://localhost:27017
URI: mongodb://localhost:27017
URI: mongodb://localhost:27017
URI: mongodb://localhost:27017
URI: mongodb://localhost:27017URI: mongodb://localhost:27017

URI: mongodb://localhost:27017
Load workloads needs: 7156484365 ns 
[report] load_thread_ID : 18
[report] load_duration_ns : 7156484365
[report] load_duration_s : 7.156484
[report] load_throughput : 5658.364909
[report] load_average_latency_ns : 176729.499802
Load workloads needs: 7213984073 ns 
[report] load_thread_ID : 9
[report] load_duration_ns : 7213984073
[report] load_duration_s : 7.213984
[report] load_throughput : 5613.264403
[report] load_average_latency_ns : 178149.456043
Load workloads needs: 7224328859 ns 
[report] load_thread_ID : 12
[report] load_duration_ns : 7224328859
[report] load_duration_s : 7.224329
[report] load_throughput : 5605.226560
[report] load_average_latency_ns : 178404.920704
Load workloads needs: 7232922401 ns 
[report] load_thread_ID : 17
[report] load_duration_ns : 7232922401
[report] load_duration_s : 7.232922
[report] load_throughput : 5598.566908
[report] load_average_latency_ns : 178617.138366
Load workloads needs: 7247152377 ns 
[report] load_thread_ID : 11
[report] load_duration_ns : 7247152377
[report] load_duration_s : 7.247152
[report] load_throughput : 5587.573973
[report] load_average_latency_ns : 178968.547859
Load workloads needs: 7251132642 ns 
[report] load_thread_ID : 21
[report] load_duration_ns : 7251132642
[report] load_duration_s : 7.251133
[report] load_throughput : 5584.506862
[report] load_average_latency_ns : 179066.840569
Load workloads needs: 7255288137 ns 
[report] load_thread_ID : 15
[report] load_duration_ns : 7255288137
[report] load_duration_s : 7.255288
[report] load_throughput : 5581.308314
[report] load_average_latency_ns : 179169.460587
Load workloads needs: 7260106829 ns 
[report] load_thread_ID : 19
[report] load_duration_ns : 7260106829
[report] load_duration_s : 7.260107
[report] load_throughput : 5577.603877
[report] load_average_latency_ns : 179288.458265
Load workloads needs: 7261614014 ns 
[report] load_thread_ID : 22
[report] load_duration_ns : 7261614014
[report] load_duration_s : 7.261614
[report] load_throughput : 5576.446217
[report] load_average_latency_ns : 179325.678224
Load workloads needs: 7273770118 ns 
[report] load_thread_ID : 23
[report] load_duration_ns : 7273770118
[report] load_duration_s : 7.273770
[report] load_throughput : 5567.126723
[report] load_average_latency_ns : 179625.873413
Load workloads needs: 7279579243 ns 
[report] load_thread_ID : 10
[report] load_duration_ns : 7279579243
[report] load_duration_s : 7.279579
[report] load_throughput : 5562.684140
[report] load_average_latency_ns : 179769.329851
Load workloads needs: 7293698397 ns 
[report] load_thread_ID : 14
[report] load_duration_ns : 7293698397
[report] load_duration_s : 7.293698
[report] load_throughput : 5551.915886
[report] load_average_latency_ns : 180118.002593
Load workloads needs: 7298353841 ns 
[report] load_thread_ID : 2
[report] load_duration_ns : 7298353841
[report] load_duration_s : 7.298354
[report] load_throughput : 5548.374453
[report] load_average_latency_ns : 180232.968860
Load workloads needs: 7298927752 ns 
[report] load_thread_ID : 3
[report] load_duration_ns : 7298927752
[report] load_duration_s : 7.298928
[report] load_throughput : 5547.938187
[report] load_average_latency_ns : 180247.141601
Load workloads needs: 7306847941 ns 
[report] load_thread_ID : 13
[report] load_duration_ns : 7306847941
[report] load_duration_s : 7.306848
[report] load_throughput : 5541.924552
[report] load_average_latency_ns : 180442.730800
Load workloads needs: 7308178835 ns 
[report] load_thread_ID : 8
[report] load_duration_ns : 7308178835
[report] load_duration_s : 7.308179
[report] load_throughput : 5540.915311
[report] load_average_latency_ns : 180475.597249
Load workloads needs: 7309145141 ns 
[report] load_thread_ID : 0
[report] load_duration_ns : 7309145141
[report] load_duration_s : 7.309145
[report] load_throughput : 5540.182774
[report] load_average_latency_ns : 180499.460192
Load workloads needs: 7325400429 ns 
[report] load_thread_ID : 7
[report] load_duration_ns : 7325400429
[report] load_duration_s : 7.325400
[report] load_throughput : 5527.888938
[report] load_average_latency_ns : 180900.884798
Load workloads needs: 7354914473 ns 
[report] load_thread_ID : 1
[report] load_duration_ns : 7354914473
[report] load_duration_s : 7.354914
[report] load_throughput : 5505.706443
[report] load_average_latency_ns : 181629.734603
Load workloads needs: 7361932459 ns 
[report] load_thread_ID : 6
[report] load_duration_ns : 7361932459
[report] load_duration_s : 7.361932
[report] load_throughput : 5500.457961
[report] load_average_latency_ns : 181803.043883
Load workloads needs: 7366861876 ns 
[report] load_thread_ID : 5
[report] load_duration_ns : 7366861876
[report] load_duration_s : 7.366862
[report] load_throughput : 5496.777418
[report] load_average_latency_ns : 181924.775917
Load workloads needs: 7366460187 ns 
[report] load_thread_ID : 20
[report] load_duration_ns : 7366460187
[report] load_duration_s : 7.366460
[report] load_throughput : 5497.077154
[report] load_average_latency_ns : 181914.856201
Load workloads needs: 7389197176 ns 
[report] load_thread_ID : 16
[report] load_duration_ns : 7389197176
[report] load_duration_s : 7.389197
[report] load_throughput : 5480.162328
[report] load_average_latency_ns : 182476.346520
Load workloads needs: 7412059567 ns 
[report] load_thread_ID : 4
[report] load_duration_ns : 7412059567
[report] load_duration_s : 7.412060
[report] load_throughput : 5463.258846
[report] load_average_latency_ns : 183040.933644
Load workloads needs: 7707236626 ns 
[report] load_thread_ID : 34
[report] load_duration_ns : 7707236626
[report] load_duration_s : 7.707237
[report] load_throughput : 5254.023195
[report] load_average_latency_ns : 190330.336000
Load workloads needs: 7728465175 ns 
[report] load_thread_ID : 35
[report] load_duration_ns : 7728465175
[report] load_duration_s : 7.728465
[report] load_throughput : 5239.591443
[report] load_average_latency_ns : 190854.575369
Load workloads needs: 7767756602 ns 
[report] load_thread_ID : 44
[report] load_duration_ns : 7767756602
[report] load_duration_s : 7.767757
[report] load_throughput : 5213.088164
[report] load_average_latency_ns : 191824.877809
Load workloads needs: 7791082146 ns 
[report] load_thread_ID : 45
[report] load_duration_ns : 7791082146
[report] load_duration_s : 7.791082
[report] load_throughput : 5197.480817
[report] load_average_latency_ns : 192400.902504
Load workloads needs: 7834920957 ns 
[report] load_thread_ID : 33
[report] load_duration_ns : 7834920957
[report] load_duration_s : 7.834921
[report] load_throughput : 5168.399301
[report] load_average_latency_ns : 193483.502667
Load workloads needs: 7835671582 ns 
[report] load_thread_ID : 36
[report] load_duration_ns : 7835671582
[report] load_duration_s : 7.835672
[report] load_throughput : 5167.904190
[report] load_average_latency_ns : 193502.039364
Load workloads needs: 7857817038 ns 
[report] load_thread_ID : 24
[report] load_duration_ns : 7857817038
[report] load_duration_s : 7.857817
[report] load_throughput : 5153.339637
[report] load_average_latency_ns : 194048.921766
Load workloads needs: 7864516356 ns 
[report] load_thread_ID : 25
[report] load_duration_ns : 7864516356
[report] load_duration_s : 7.864516
[report] load_throughput : 5148.949810
[report] load_average_latency_ns : 194214.361535
Load workloads needs: 7876787444 ns 
[report] load_thread_ID : 39
[report] load_duration_ns : 7876787444
[report] load_duration_s : 7.876787
[report] load_throughput : 5140.928366
[report] load_average_latency_ns : 194517.396256
Load workloads needs: 7883161190 ns 
[report] load_thread_ID : 43
[report] load_duration_ns : 7883161190
[report] load_duration_s : 7.883161
[report] load_throughput : 5136.771788
[report] load_average_latency_ns : 194674.796019
Load workloads needs: 7888438278 ns 
[report] load_thread_ID : 26
[report] load_duration_ns : 7888438278
[report] load_duration_s : 7.888438
[report] load_throughput : 5133.335468
[report] load_average_latency_ns : 194805.113795
Load workloads needs: 7891951362 ns 
[report] load_thread_ID : 41
[report] load_duration_ns : 7891951362
[report] load_duration_s : 7.891951
[report] load_throughput : 5131.050376
[report] load_average_latency_ns : 194891.869462
Load workloads needs: 7893385957 ns 
[report] load_thread_ID : 42
[report] load_duration_ns : 7893385957
[report] load_duration_s : 7.893386
[report] load_throughput : 5130.117825
[report] load_average_latency_ns : 194927.296809
Load workloads needs: 7909009586 ns 
[report] load_thread_ID : 38
[report] load_duration_ns : 7909009586
[report] load_duration_s : 7.909010
[report] load_throughput : 5119.983679
[report] load_average_latency_ns : 195313.122586
Load workloads needs: 7910482699 ns 
[report] load_thread_ID : 40
[report] load_duration_ns : 7910482699
[report] load_duration_s : 7.910483
[report] load_throughput : 5119.030221
[report] load_average_latency_ns : 195349.501136
Load workloads needs: 7909973337 ns 
[report] load_thread_ID : 32
[report] load_duration_ns : 7909973337
[report] load_duration_s : 7.909973
[report] load_throughput : 5119.359861
[report] load_average_latency_ns : 195336.922433
Load workloads needs: 7918064731 ns 
[report] load_thread_ID : 30
[report] load_duration_ns : 7918064731
[report] load_duration_s : 7.918065
[report] load_throughput : 5114.128436
[report] load_average_latency_ns : 195536.739542
Load workloads needs: 7922090349 ns 
[report] load_thread_ID : 28
[report] load_duration_ns : 7922090349
[report] load_duration_s : 7.922090
[report] load_throughput : 5111.529687
[report] load_average_latency_ns : 195636.152245
Load workloads needs: 7922212383 ns 
[report] load_thread_ID : 29
[report] load_duration_ns : 7922212383
[report] load_duration_s : 7.922212
[report] load_throughput : 5111.450949
[report] load_average_latency_ns : 195639.165876
Load workloads needs: 7926085915 ns 
[report] load_thread_ID : 37
[report] load_duration_ns : 7926085915
[report] load_duration_s : 7.926086
[report] load_throughput : 5108.952948
[report] load_average_latency_ns : 195734.822813
Load workloads needs: 7942340082 ns 
[report] load_thread_ID : 31
[report] load_duration_ns : 7942340082
[report] load_duration_s : 7.942340
[report] load_throughput : 5098.497368
[report] load_average_latency_ns : 196136.219736
Load workloads needs: 7955024954 ns 
[report] load_thread_ID : 27
[report] load_duration_ns : 7955024954
[report] load_duration_s : 7.955025
[report] load_throughput : 5090.367439
[report] load_average_latency_ns : 196449.472860
All clients run done needs: 7954795584 ns 
[report] load_overall_duration_ns : 7954795584
[report] load_overall_duration_s : 7.954796
[report] load_overall_throughput : 234165.162427
[report] load_overall_average_latency_ns : 4270.490066
