numactl --membind=0 /home/gxr/mongodb-run/test_mongodb/build//run_client --num_threads=42 --core_binding=0,1,2,3,4,5,6,7,8,9,10,11,24,25,26,27,28,29,30,31,32,33,34,35,12,13,14,15,16,17,18,19,20,21,22,23,36,37,38,39,40,41,42,43,44,45,46,47 --str_key_size=16 --str_key_size=256 --load_file=/home/gxr/mongodb-run/workloads/ycsb/workloada-load-10000000-10000000.log.formated --run_file=/home/gxr/mongodb-run/workloads/ycsb/workloada-run-10000000-10000000.log.formated --URI_set=mongodb://localhost:27017,mongodb://localhost:27018,mongodb://localhost:27019,mongodb://localhost:27020,mongodb://localhost:27021,mongodb://localhost:27022,mongodb://localhost:27023,mongodb://localhost:27024,mongodb://localhost:27025,mongodb://localhost:27026,mongodb://localhost:27027,mongodb://localhost:27028,mongodb://localhost:27029,mongodb://localhost:27030,mongodb://localhost:27031,mongodb://localhost:27032,mongodb://localhost:27033,mongodb://localhost:27034,mongodb://localhost:27035,mongodb://localhost:27036,mongodb://localhost:27037,mongodb://localhost:27038,mongodb://localhost:27039,mongodb://localhost:27040,mongodb://localhost:27041,mongodb://localhost:27042,mongodb://localhost:27043,mongodb://localhost:27044,mongodb://localhost:27045,mongodb://localhost:27046,mongodb://localhost:27047,mongodb://localhost:27048,mongodb://localhost:27049,mongodb://localhost:27050,mongodb://localhost:27051,mongodb://localhost:27052,mongodb://localhost:27053,mongodb://localhost:27054,mongodb://localhost:27055,mongodb://localhost:27056,mongodb://localhost:27057,mongodb://localhost:27058,mongodb://localhost:27059,mongodb://localhost:27060,mongodb://localhost:27061,mongodb://localhost:27062,mongodb://localhost:27063,mongodb://localhost:27064 --first_mode=true
mongodb://localhost:27017 mongodb://localhost:27018 mongodb://localhost:27019 mongodb://localhost:27020 mongodb://localhost:27021 mongodb://localhost:27022 mongodb://localhost:27023 mongodb://localhost:27024 mongodb://localhost:27025 mongodb://localhost:27026 mongodb://localhost:27027 mongodb://localhost:27028 mongodb://localhost:27029 mongodb://localhost:27030 mongodb://localhost:27031 mongodb://localhost:27032 mongodb://localhost:27033 mongodb://localhost:27034 mongodb://localhost:27035 mongodb://localhost:27036 mongodb://localhost:27037 mongodb://localhost:27038 mongodb://localhost:27039 mongodb://localhost:27040 mongodb://localhost:27041 mongodb://localhost:27042 mongodb://localhost:27043 mongodb://localhost:27044 mongodb://localhost:27045 mongodb://localhost:27046 mongodb://localhost:27047 mongodb://localhost:27048 mongodb://localhost:27049 mongodb://localhost:27050 mongodb://localhost:27051 mongodb://localhost:27052 mongodb://localhost:27053 mongodb://localhost:27054 mongodb://localhost:27055 mongodb://localhost:27056 mongodb://localhost:27057 mongodb://localhost:27058 mongodb://localhost:27059 mongodb://localhost:27060 mongodb://localhost:27061 mongodb://localhost:27062 mongodb://localhost:27063 mongodb://localhost:27064 reading workload files ...
load_filename : /home/gxr/mongodb-run/workloads/ycsb/workloada-load-10000000-10000000.log.formated
read load file needs: 1016095568 s 
run_filename : /home/gxr/mongodb-run/workloads/ycsb/workloada-run-10000000-10000000.log.formated
read run file needs: 1048230649 s 
num_of_load_ops is 1862736
num_of_run_ops is 1934501
0 1 2 3 4 5 6 7 8 9 10 11 24 25 26 27 28 29 30 31 32 33 34 35 12 13 14 15 16 17 18 19 20 21 22 23 36 37 38 39 40 41 42 43 44 45 46 47 URI: URI: mongodb://localhost:27017mongodb://localhost:27017
URI: mongodb://localhost:27017URI: 
mongodb://localhost:27017

URI: mongodb://localhost:27017
URI: mongodb://localhost:27017
URI: mongodb://localhost:27017
URI: mongodb://localhost:27017
URI: mongodb://localhost:27017
URI: mongodb://localhost:27017
URI: mongodb://localhost:27017URI: mongodb://localhost:27017

URI: mongodb://localhost:27017
URI: mongodb://localhost:27017
URI: mongodb://localhost:27017
URI: mongodb://localhost:27017
URI: mongodb://localhost:27017
URI: mongodb://localhost:27017URI: mongodb://localhost:27017

URI: mongodb://localhost:27017
URI: mongodb://localhost:27017
URI: mongodb://localhost:27017
URI: mongodb://localhost:27017
URI: mongodb://localhost:27017
URI: mongodb://localhost:27017
URI: mongodb://localhost:27017
URI: mongodb://localhost:27017
URI: mongodb://localhost:27017
URI: mongodb://localhost:27017
URI: mongodb://localhost:27017
URI: URI: mongodb://localhost:27017
mongodb://localhost:27017
URI: mongodb://localhost:27017
URI: mongodb://localhost:27017
URI: mongodb://localhost:27017
URI: mongodb://localhost:27017
URI: mongodb://localhost:27017
URI: mongodb://localhost:27017
URI: mongodb://localhost:27017
URI: mongodb://localhost:27017
URI: mongodb://localhost:27017
URI: mongodb://localhost:27017
Load workloads needs: 7484615141 ns 
[report] load_thread_ID : 19
[report] load_duration_ns : 7484615141
[report] load_duration_s : 7.484615
[report] load_throughput : 5925.488374
[report] load_average_latency_ns : 168762.460902
Load workloads needs: 7506957333 ns 
[report] load_thread_ID : 16
[report] load_duration_ns : 7506957333
[report] load_duration_s : 7.506957
[report] load_throughput : 5907.852947
[report] load_average_latency_ns : 169266.230733
Load workloads needs: 7548947668 ns 
[report] load_thread_ID : 18
[report] load_duration_ns : 7548947668
[report] load_duration_s : 7.548948
[report] load_throughput : 5874.991052
[report] load_average_latency_ns : 170213.025209
Load workloads needs: 7558762574 ns 
[report] load_thread_ID : 22
[report] load_duration_ns : 7558762574
[report] load_duration_s : 7.558763
[report] load_throughput : 5867.362490
[report] load_average_latency_ns : 170434.330868
Load workloads needs: 7596282125 ns 
[report] load_thread_ID : 6
[report] load_duration_ns : 7596282125
[report] load_duration_s : 7.596282
[report] load_throughput : 5838.382418
[report] load_average_latency_ns : 171280.318489
Load workloads needs: 7613639136 ns 
[report] load_thread_ID : 10
[report] load_duration_ns : 7613639136
[report] load_duration_s : 7.613639
[report] load_throughput : 5825.072506
[report] load_average_latency_ns : 171671.682886
Load workloads needs: 7646801794 ns 
[report] load_thread_ID : 20
[report] load_duration_ns : 7646801794
[report] load_duration_s : 7.646802
[report] load_throughput : 5799.810325
[report] load_average_latency_ns : 172419.431657
Load workloads needs: 7663280674 ns 
[report] load_thread_ID : 17
[report] load_duration_ns : 7663280674
[report] load_duration_s : 7.663281
[report] load_throughput : 5787.338594
[report] load_average_latency_ns : 172790.996032
Load workloads needs: 7666270944 ns 
[report] load_thread_ID : 11
[report] load_duration_ns : 7666270944
[report] load_duration_s : 7.666271
[report] load_throughput : 5785.081211
[report] load_average_latency_ns : 172858.420383
Load workloads needs: 7674956296 ns 
[report] load_thread_ID : 12
[report] load_duration_ns : 7674956296
[report] load_duration_s : 7.674956
[report] load_throughput : 5778.534534
[report] load_average_latency_ns : 173054.256956
Load workloads needs: 7683341595 ns 
[report] load_thread_ID : 8
[report] load_duration_ns : 7683341595
[report] load_duration_s : 7.683342
[report] load_throughput : 5772.228067
[report] load_average_latency_ns : 173243.327959
Load workloads needs: 7688836939 ns 
[report] load_thread_ID : 15
[report] load_duration_ns : 7688836939
[report] load_duration_s : 7.688837
[report] load_throughput : 5768.102556
[report] load_average_latency_ns : 173367.236505
Load workloads needs: 7690730880 ns 
[report] load_thread_ID : 21
[report] load_duration_ns : 7690730880
[report] load_duration_s : 7.690731
[report] load_throughput : 5766.682087
[report] load_average_latency_ns : 173409.940924
Load workloads needs: 7692223935 ns 
[report] load_thread_ID : 23
[report] load_duration_ns : 7692223935
[report] load_duration_s : 7.692224
[report] load_throughput : 5765.562778
[report] load_average_latency_ns : 173443.606201
Load workloads needs: 7707913484 ns 
[report] load_thread_ID : 7
[report] load_duration_ns : 7707913484
[report] load_duration_s : 7.707913
[report] load_throughput : 5753.826907
[report] load_average_latency_ns : 173797.372807
Load workloads needs: 7711561467 ns 
[report] load_thread_ID : 13
[report] load_duration_ns : 7711561467
[report] load_duration_s : 7.711561
[report] load_throughput : 5751.105038
[report] load_average_latency_ns : 173879.627215
Load workloads needs: 7723249915 ns 
[report] load_thread_ID : 14
[report] load_duration_ns : 7723249915
[report] load_duration_s : 7.723250
[report] load_throughput : 5742.401254
[report] load_average_latency_ns : 174143.177339
Load workloads needs: 7738447442 ns 
[report] load_thread_ID : 4
[report] load_duration_ns : 7738447442
[report] load_duration_s : 7.738447
[report] load_throughput : 5731.123760
[report] load_average_latency_ns : 174485.849876
Load workloads needs: 7739142566 ns 
[report] load_thread_ID : 5
[report] load_duration_ns : 7739142566
[report] load_duration_s : 7.739143
[report] load_throughput : 5730.608995
[report] load_average_latency_ns : 174501.523472
Load workloads needs: 7745098695 ns 
[report] load_thread_ID : 0
[report] load_duration_ns : 7745098695
[report] load_duration_s : 7.745099
[report] load_throughput : 5726.202047
[report] load_average_latency_ns : 174635.821759
Load workloads needs: 7750390905 ns 
[report] load_thread_ID : 2
[report] load_duration_ns : 7750390905
[report] load_duration_s : 7.750391
[report] load_throughput : 5722.292016
[report] load_average_latency_ns : 174755.150056
Load workloads needs: 7816552735 ns 
[report] load_thread_ID : 3
[report] load_duration_ns : 7816552735
[report] load_duration_s : 7.816553
[report] load_throughput : 5673.856686
[report] load_average_latency_ns : 176246.961330
Load workloads needs: 7819832808 ns 
[report] load_thread_ID : 9
[report] load_duration_ns : 7819832808
[report] load_duration_s : 7.819833
[report] load_throughput : 5671.476755
[report] load_average_latency_ns : 176320.920135
Load workloads needs: 7839965738 ns 
[report] load_thread_ID : 1
[report] load_duration_ns : 7839965738
[report] load_duration_s : 7.839966
[report] load_throughput : 5656.912477
[report] load_average_latency_ns : 176774.875716
Load workloads needs: 7930769016 ns 
[report] load_thread_ID : 34
[report] load_duration_ns : 7930769016
[report] load_duration_s : 7.930769
[report] load_throughput : 5592.143701
[report] load_average_latency_ns : 178822.300248
Load workloads needs: 8036934478 ns 
[report] load_thread_ID : 31
[report] load_duration_ns : 8036934478
[report] load_duration_s : 8.036934
[report] load_throughput : 5518.273183
[report] load_average_latency_ns : 181216.109989
Load workloads needs: 8043993349 ns 
[report] load_thread_ID : 36
[report] load_duration_ns : 8043993349
[report] load_duration_s : 8.043993
[report] load_throughput : 5513.430715
[report] load_average_latency_ns : 181375.272807
Load workloads needs: 8054508704 ns 
[report] load_thread_ID : 33
[report] load_duration_ns : 8054508704
[report] load_duration_s : 8.054509
[report] load_throughput : 5506.232798
[report] load_average_latency_ns : 181612.372131
Load workloads needs: 8100988335 ns 
[report] load_thread_ID : 24
[report] load_duration_ns : 8100988335
[report] load_duration_s : 8.100988
[report] load_throughput : 5474.640645
[report] load_average_latency_ns : 182660.390868
Load workloads needs: 8108838742 ns 
[report] load_thread_ID : 32
[report] load_duration_ns : 8108838742
[report] load_duration_s : 8.108839
[report] load_throughput : 5469.340483
[report] load_average_latency_ns : 182837.401172
Load workloads needs: 8112058796 ns 
[report] load_thread_ID : 38
[report] load_duration_ns : 8112058796
[report] load_duration_s : 8.112059
[report] load_throughput : 5467.169447
[report] load_average_latency_ns : 182910.006674
Load workloads needs: 8135352394 ns 
[report] load_thread_ID : 37
[report] load_duration_ns : 8135352394
[report] load_duration_s : 8.135352
[report] load_throughput : 5451.515540
[report] load_average_latency_ns : 183435.228726
Load workloads needs: 8148237118 ns 
[report] load_thread_ID : 30
[report] load_duration_ns : 8148237118
[report] load_duration_s : 8.148237
[report] load_throughput : 5442.895114
[report] load_average_latency_ns : 183725.752379
Load workloads needs: 8156327559 ns 
[report] load_thread_ID : 35
[report] load_duration_ns : 8156327559
[report] load_duration_s : 8.156328
[report] load_throughput : 5437.496187
[report] load_average_latency_ns : 183908.174949
Load workloads needs: 8161052775 ns 
[report] load_thread_ID : 40
[report] load_duration_ns : 8161052775
[report] load_duration_s : 8.161053
[report] load_throughput : 5434.347899
[report] load_average_latency_ns : 184014.718715
Load workloads needs: 8171714096 ns 
[report] load_thread_ID : 39
[report] load_duration_ns : 8171714096
[report] load_duration_s : 8.171714
[report] load_throughput : 5427.257914
[report] load_average_latency_ns : 184255.109267
Load workloads needs: 8173290386 ns 
[report] load_thread_ID : 26
[report] load_duration_ns : 8173290386
[report] load_duration_s : 8.173290
[report] load_throughput : 5426.211220
[report] load_average_latency_ns : 184290.651319
Load workloads needs: 8179926153 ns 
[report] load_thread_ID : 28
[report] load_duration_ns : 8179926153
[report] load_duration_s : 8.179926
[report] load_throughput : 5421.809338
[report] load_average_latency_ns : 184440.274025
Load workloads needs: 8182328497 ns 
[report] load_thread_ID : 41
[report] load_duration_ns : 8182328497
[report] load_duration_s : 8.182328
[report] load_throughput : 5420.217487
[report] load_average_latency_ns : 184494.441871
Load workloads needs: 8197829828 ns 
[report] load_thread_ID : 29
[report] load_duration_ns : 8197829828
[report] load_duration_s : 8.197830
[report] load_throughput : 5409.968361
[report] load_average_latency_ns : 184843.964555
Load workloads needs: 8199605687 ns 
[report] load_thread_ID : 25
[report] load_duration_ns : 8199605687
[report] load_duration_s : 8.199606
[report] load_throughput : 5408.796678
[report] load_average_latency_ns : 184884.006471
Load workloads needs: 8216588095 ns 
[report] load_thread_ID : 27
[report] load_duration_ns : 8216588095
[report] load_duration_s : 8.216588
[report] load_throughput : 5397.617538
[report] load_average_latency_ns : 185266.924352
All clients run done needs: 8217571871 ns 
[report] load_overall_duration_ns : 8217571871
[report] load_overall_duration_s : 8.217572
[report] load_overall_throughput : 226677.177789
[report] load_overall_average_latency_ns : 4411.560130
