numactl --membind=0 /home/gxr/mongodb-run/test_mongodb/build//run_client --num_threads=14 --core_binding=0,1,2,3,4,5,6,7,8,9,10,11,24,25,26,27,28,29,30,31,32,33,34,35,12,13,14,15,16,17,18,19,20,21,22,23,36,37,38,39,40,41,42,43,44,45,46,47 --str_key_size=16 --str_key_size=256 --load_file=/home/gxr/mongodb-run/workloads/ycsb/workloada-load-10000000-10000000.log.formated --run_file=/home/gxr/mongodb-run/workloads/ycsb/workloada-run-10000000-10000000.log.formated --URI_set=mongodb://localhost:27017,mongodb://localhost:27018,mongodb://localhost:27019,mongodb://localhost:27020,mongodb://localhost:27021,mongodb://localhost:27022,mongodb://localhost:27023,mongodb://localhost:27024,mongodb://localhost:27025,mongodb://localhost:27026,mongodb://localhost:27027,mongodb://localhost:27028,mongodb://localhost:27029,mongodb://localhost:27030,mongodb://localhost:27031,mongodb://localhost:27032,mongodb://localhost:27033,mongodb://localhost:27034,mongodb://localhost:27035,mongodb://localhost:27036,mongodb://localhost:27037,mongodb://localhost:27038,mongodb://localhost:27039,mongodb://localhost:27040,mongodb://localhost:27041,mongodb://localhost:27042,mongodb://localhost:27043,mongodb://localhost:27044,mongodb://localhost:27045,mongodb://localhost:27046,mongodb://localhost:27047,mongodb://localhost:27048,mongodb://localhost:27049,mongodb://localhost:27050,mongodb://localhost:27051,mongodb://localhost:27052,mongodb://localhost:27053,mongodb://localhost:27054,mongodb://localhost:27055,mongodb://localhost:27056,mongodb://localhost:27057,mongodb://localhost:27058,mongodb://localhost:27059,mongodb://localhost:27060,mongodb://localhost:27061,mongodb://localhost:27062,mongodb://localhost:27063,mongodb://localhost:27064 --first_mode=false
mongodb://localhost:27017 mongodb://localhost:27018 mongodb://localhost:27019 mongodb://localhost:27020 mongodb://localhost:27021 mongodb://localhost:27022 mongodb://localhost:27023 mongodb://localhost:27024 mongodb://localhost:27025 mongodb://localhost:27026 mongodb://localhost:27027 mongodb://localhost:27028 mongodb://localhost:27029 mongodb://localhost:27030 mongodb://localhost:27031 mongodb://localhost:27032 mongodb://localhost:27033 mongodb://localhost:27034 mongodb://localhost:27035 mongodb://localhost:27036 mongodb://localhost:27037 mongodb://localhost:27038 mongodb://localhost:27039 mongodb://localhost:27040 mongodb://localhost:27041 mongodb://localhost:27042 mongodb://localhost:27043 mongodb://localhost:27044 mongodb://localhost:27045 mongodb://localhost:27046 mongodb://localhost:27047 mongodb://localhost:27048 mongodb://localhost:27049 mongodb://localhost:27050 mongodb://localhost:27051 mongodb://localhost:27052 mongodb://localhost:27053 mongodb://localhost:27054 mongodb://localhost:27055 mongodb://localhost:27056 mongodb://localhost:27057 mongodb://localhost:27058 mongodb://localhost:27059 mongodb://localhost:27060 mongodb://localhost:27061 mongodb://localhost:27062 mongodb://localhost:27063 mongodb://localhost:27064 reading workload files ...
load_filename : /home/gxr/mongodb-run/workloads/ycsb/workloada-load-10000000-10000000.log.formated
read load file needs: 1118225512 s 
run_filename : /home/gxr/mongodb-run/workloads/ycsb/workloada-run-10000000-10000000.log.formated
read run file needs: 1003456601 s 
num_of_load_ops is 1862736
num_of_run_ops is 1934501
0 1 2 3 4 5 6 7 8 9 10 11 24 25 26 27 28 29 30 31 32 33 34 35 12 13 14 15 16 17 18 19 20 21 22 23 36 37 38 39 40 41 42 43 44 45 46 47 URI: URI: mongodb://localhost:27018
mongodb://localhost:27024URI: mongodb://localhost:27020
URI: mongodb://localhost:27017
URI: mongodb://localhost:27023
URI: mongodb://localhost:27022URI: URI: mongodb://localhost:27019

mongodb://localhost:27021

URI: mongodb://localhost:27026
URI: URI: mongodb://localhost:27028
mongodb://localhost:27025
URI: mongodb://localhost:27029
URI: mongodb://localhost:27030
URI: mongodb://localhost:27027
Load workloads needs: 11011701923 ns 
[report] load_thread_ID : 0
[report] load_duration_ns : 11011701923
[report] load_duration_s : 11.011702
[report] load_throughput : 12082.782564
[report] load_average_latency_ns : 82762.393072
Load workloads needs: 11176812904 ns 
[report] load_thread_ID : 1
[report] load_duration_ns : 11176812904
[report] load_duration_s : 11.176813
[report] load_throughput : 11904.288024
[report] load_average_latency_ns : 84003.343835
Load workloads needs: 11251761174 ns 
[report] load_thread_ID : 7
[report] load_duration_ns : 11251761174
[report] load_duration_s : 11.251761
[report] load_throughput : 11824.993256
[report] load_average_latency_ns : 84566.644425
Load workloads needs: 11387548768 ns 
[report] load_thread_ID : 10
[report] load_duration_ns : 11387548768
[report] load_duration_s : 11.387549
[report] load_throughput : 11683.989479
[report] load_average_latency_ns : 85587.204762
Load workloads needs: 11422704449 ns 
[report] load_thread_ID : 13
[report] load_duration_ns : 11422704449
[report] load_duration_s : 11.422704
[report] load_throughput : 11648.029641
[report] load_average_latency_ns : 85851.429885
Load workloads needs: 11462089967 ns 
[report] load_thread_ID : 9
[report] load_duration_ns : 11462089967
[report] load_duration_s : 11.462090
[report] load_throughput : 11608.005205
[report] load_average_latency_ns : 86147.445863
Load workloads needs: 11468582671 ns 
[report] load_thread_ID : 4
[report] load_duration_ns : 11468582671
[report] load_duration_s : 11.468583
[report] load_throughput : 11601.433570
[report] load_average_latency_ns : 86196.244108
Load workloads needs: 11612304694 ns 
[report] load_thread_ID : 8
[report] load_duration_ns : 11612304694
[report] load_duration_s : 11.612305
[report] load_throughput : 11457.846096
[report] load_average_latency_ns : 87276.438490
Load workloads needs: 11789663835 ns 
[report] load_thread_ID : 11
[report] load_duration_ns : 11789663835
[report] load_duration_s : 11.789664
[report] load_throughput : 11285.478692
[report] load_average_latency_ns : 88609.444691
Load workloads needs: 11796658707 ns 
[report] load_thread_ID : 12
[report] load_duration_ns : 11796658707
[report] load_duration_s : 11.796659
[report] load_throughput : 11278.786926
[report] load_average_latency_ns : 88662.017159
Load workloads needs: 11809393549 ns 
[report] load_thread_ID : 3
[report] load_duration_ns : 11809393549
[report] load_duration_s : 11.809394
[report] load_throughput : 11266.624272
[report] load_average_latency_ns : 88757.730429
Load workloads needs: 12011979471 ns 
[report] load_thread_ID : 5
[report] load_duration_ns : 12011979471
[report] load_duration_s : 12.011979
[report] load_throughput : 11076.609007
[report] load_average_latency_ns : 90280.337545
Load workloads needs: 12084782228 ns 
[report] load_thread_ID : 2
[report] load_duration_ns : 12084782228
[report] load_duration_s : 12.084782
[report] load_throughput : 11009.879822
[report] load_average_latency_ns : 90827.512762
Load workloads needs: 12189926458 ns 
[report] load_thread_ID : 6
[report] load_duration_ns : 12189926458
[report] load_duration_s : 12.189926
[report] load_throughput : 10914.914086
[report] load_average_latency_ns : 91617.761913
All clients run done needs: 12190140879 ns 
[report] load_overall_duration_ns : 12190140879
[report] load_overall_duration_s : 12.190141
[report] load_overall_throughput : 152806.765606
[report] load_overall_average_latency_ns : 6544.212856
