numactl --membind=0 /home/gxr/mongodb-run/test_mongodb/build//run_client --num_threads=12 --core_binding=0,1,2,3,4,5,6,7,8,9,10,11,24,25,26,27,28,29,30,31,32,33,34,35,12,13,14,15,16,17,18,19,20,21,22,23,36,37,38,39,40,41,42,43,44,45,46,47 --str_key_size=16 --str_key_size=256 --load_file=/home/gxr/mongodb-run/workloads/ycsb/workloada-load-10000000-10000000.log.formated --run_file=/home/gxr/mongodb-run/workloads/ycsb/workloada-run-10000000-10000000.log.formated --URI_set=mongodb://localhost:27017,mongodb://localhost:27018,mongodb://localhost:27019,mongodb://localhost:27020,mongodb://localhost:27021,mongodb://localhost:27022,mongodb://localhost:27023,mongodb://localhost:27024,mongodb://localhost:27025,mongodb://localhost:27026,mongodb://localhost:27027,mongodb://localhost:27028,mongodb://localhost:27029,mongodb://localhost:27030,mongodb://localhost:27031,mongodb://localhost:27032,mongodb://localhost:27033,mongodb://localhost:27034,mongodb://localhost:27035,mongodb://localhost:27036,mongodb://localhost:27037,mongodb://localhost:27038,mongodb://localhost:27039,mongodb://localhost:27040,mongodb://localhost:27041,mongodb://localhost:27042,mongodb://localhost:27043,mongodb://localhost:27044,mongodb://localhost:27045,mongodb://localhost:27046,mongodb://localhost:27047,mongodb://localhost:27048,mongodb://localhost:27049,mongodb://localhost:27050,mongodb://localhost:27051,mongodb://localhost:27052,mongodb://localhost:27053,mongodb://localhost:27054,mongodb://localhost:27055,mongodb://localhost:27056,mongodb://localhost:27057,mongodb://localhost:27058,mongodb://localhost:27059,mongodb://localhost:27060,mongodb://localhost:27061,mongodb://localhost:27062,mongodb://localhost:27063,mongodb://localhost:27064 --first_mode=true
mongodb://localhost:27017 mongodb://localhost:27018 mongodb://localhost:27019 mongodb://localhost:27020 mongodb://localhost:27021 mongodb://localhost:27022 mongodb://localhost:27023 mongodb://localhost:27024 mongodb://localhost:27025 mongodb://localhost:27026 mongodb://localhost:27027 mongodb://localhost:27028 mongodb://localhost:27029 mongodb://localhost:27030 mongodb://localhost:27031 mongodb://localhost:27032 mongodb://localhost:27033 mongodb://localhost:27034 mongodb://localhost:27035 mongodb://localhost:27036 mongodb://localhost:27037 mongodb://localhost:27038 mongodb://localhost:27039 mongodb://localhost:27040 mongodb://localhost:27041 mongodb://localhost:27042 mongodb://localhost:27043 mongodb://localhost:27044 mongodb://localhost:27045 mongodb://localhost:27046 mongodb://localhost:27047 mongodb://localhost:27048 mongodb://localhost:27049 mongodb://localhost:27050 mongodb://localhost:27051 mongodb://localhost:27052 mongodb://localhost:27053 mongodb://localhost:27054 mongodb://localhost:27055 mongodb://localhost:27056 mongodb://localhost:27057 mongodb://localhost:27058 mongodb://localhost:27059 mongodb://localhost:27060 mongodb://localhost:27061 mongodb://localhost:27062 mongodb://localhost:27063 mongodb://localhost:27064 reading workload files ...
load_filename : /home/gxr/mongodb-run/workloads/ycsb/workloada-load-10000000-10000000.log.formated
read load file needs: 1001505953 s 
run_filename : /home/gxr/mongodb-run/workloads/ycsb/workloada-run-10000000-10000000.log.formated
read run file needs: 1041731508 s 
num_of_load_ops is 1862736
num_of_run_ops is 1934501
0 1 2 3 4 5 6 7 8 9 10 11 24 25 26 27 28 29 30 31 32 33 34 35 12 13 14 15 16 17 18 19 20 21 22 23 36 37 38 39 40 41 42 43 44 45 46 47 URI: URI: URI: mongodb://localhost:27017URI: URI: URI: mongodb://localhost:27017
mongodb://localhost:27017URI: mongodb://localhost:27017mongodb://localhost:27017mongodb://localhost:27017URI: URI: mongodb://localhost:27017


URI: 
mongodb://localhost:27017
URI: mongodb://localhost:27017

mongodb://localhost:27017

mongodb://localhost:27017
URI: mongodb://localhost:27017
Load workloads needs: 11209114647 ns 
[report] load_thread_ID : 6
[report] load_duration_ns : 11209114647
[report] load_duration_s : 11.209115
[report] load_throughput : 13848.372944
[report] load_average_latency_ns : 72210.649155
Load workloads needs: 11286652547 ns 
[report] load_thread_ID : 1
[report] load_duration_ns : 11286652547
[report] load_duration_s : 11.286653
[report] load_throughput : 13753.236343
[report] load_average_latency_ns : 72710.158908
Load workloads needs: 11334811904 ns 
[report] load_thread_ID : 5
[report] load_duration_ns : 11334811904
[report] load_duration_s : 11.334812
[report] load_throughput : 13694.801582
[report] load_average_latency_ns : 73020.408071
Load workloads needs: 11444370290 ns 
[report] load_thread_ID : 8
[report] load_duration_ns : 11444370290
[report] load_duration_s : 11.444370
[report] load_throughput : 13563.699537
[report] load_average_latency_ns : 73726.198173
Load workloads needs: 11451173134 ns 
[report] load_thread_ID : 4
[report] load_duration_ns : 11451173134
[report] load_duration_s : 11.451173
[report] load_throughput : 13555.641696
[report] load_average_latency_ns : 73770.023024
Load workloads needs: 11460372158 ns 
[report] load_thread_ID : 2
[report] load_duration_ns : 11460372158
[report] load_duration_s : 11.460372
[report] load_throughput : 13544.760838
[report] load_average_latency_ns : 73829.284395
Load workloads needs: 11605928938 ns 
[report] load_thread_ID : 10
[report] load_duration_ns : 11605928938
[report] load_duration_s : 11.605929
[report] load_throughput : 13374.888027
[report] load_average_latency_ns : 74766.981073
Load workloads needs: 11612446771 ns 
[report] load_thread_ID : 9
[report] load_duration_ns : 11612446771
[report] load_duration_s : 11.612447
[report] load_throughput : 13367.380972
[report] load_average_latency_ns : 74808.969844
Load workloads needs: 11706569088 ns 
[report] load_thread_ID : 7
[report] load_duration_ns : 11706569088
[report] load_duration_s : 11.706569
[report] load_throughput : 13259.905514
[report] load_average_latency_ns : 75415.318680
Load workloads needs: 11715975720 ns 
[report] load_thread_ID : 3
[report] load_duration_ns : 11715975720
[report] load_duration_s : 11.715976
[report] load_throughput : 13249.259277
[report] load_average_latency_ns : 75475.917489
Load workloads needs: 11757295058 ns 
[report] load_thread_ID : 0
[report] load_duration_ns : 11757295058
[report] load_duration_s : 11.757295
[report] load_throughput : 13202.696644
[report] load_average_latency_ns : 75742.102314
Load workloads needs: 11766699462 ns 
[report] load_thread_ID : 11
[report] load_duration_ns : 11766699462
[report] load_duration_s : 11.766699
[report] load_throughput : 13192.144535
[report] load_average_latency_ns : 75802.686770
All clients run done needs: 11767249286 ns 
[report] load_overall_duration_ns : 11767249286
[report] load_overall_duration_s : 11.767249
[report] load_overall_throughput : 158298.337592
[report] load_overall_average_latency_ns : 6317.185734
