numactl --membind=0 /home/gxr/mongodb-run/test_mongodb/build//run_client --num_threads=10 --core_binding=0,1,2,3,4,5,6,7,8,9,10,11,24,25,26,27,28,29,30,31,32,33,34,35,12,13,14,15,16,17,18,19,20,21,22,23,36,37,38,39,40,41,42,43,44,45,46,47 --str_key_size=16 --str_key_size=256 --load_file=/home/gxr/mongodb-run/workloads/ycsb/workloada-load-10000000-10000000.log.formated --run_file=/home/gxr/mongodb-run/workloads/ycsb/workloada-run-10000000-10000000.log.formated --URI_set=mongodb://localhost:27017,mongodb://localhost:27018,mongodb://localhost:27019,mongodb://localhost:27020,mongodb://localhost:27021,mongodb://localhost:27022,mongodb://localhost:27023,mongodb://localhost:27024,mongodb://localhost:27025,mongodb://localhost:27026,mongodb://localhost:27027,mongodb://localhost:27028,mongodb://localhost:27029,mongodb://localhost:27030,mongodb://localhost:27031,mongodb://localhost:27032,mongodb://localhost:27033,mongodb://localhost:27034,mongodb://localhost:27035,mongodb://localhost:27036,mongodb://localhost:27037,mongodb://localhost:27038,mongodb://localhost:27039,mongodb://localhost:27040,mongodb://localhost:27041,mongodb://localhost:27042,mongodb://localhost:27043,mongodb://localhost:27044,mongodb://localhost:27045,mongodb://localhost:27046,mongodb://localhost:27047,mongodb://localhost:27048,mongodb://localhost:27049,mongodb://localhost:27050,mongodb://localhost:27051,mongodb://localhost:27052,mongodb://localhost:27053,mongodb://localhost:27054,mongodb://localhost:27055,mongodb://localhost:27056,mongodb://localhost:27057,mongodb://localhost:27058,mongodb://localhost:27059,mongodb://localhost:27060,mongodb://localhost:27061,mongodb://localhost:27062,mongodb://localhost:27063,mongodb://localhost:27064 --first_mode=false
mongodb://localhost:27017 mongodb://localhost:27018 mongodb://localhost:27019 mongodb://localhost:27020 mongodb://localhost:27021 mongodb://localhost:27022 mongodb://localhost:27023 mongodb://localhost:27024 mongodb://localhost:27025 mongodb://localhost:27026 mongodb://localhost:27027 mongodb://localhost:27028 mongodb://localhost:27029 mongodb://localhost:27030 mongodb://localhost:27031 mongodb://localhost:27032 mongodb://localhost:27033 mongodb://localhost:27034 mongodb://localhost:27035 mongodb://localhost:27036 mongodb://localhost:27037 mongodb://localhost:27038 mongodb://localhost:27039 mongodb://localhost:27040 mongodb://localhost:27041 mongodb://localhost:27042 mongodb://localhost:27043 mongodb://localhost:27044 mongodb://localhost:27045 mongodb://localhost:27046 mongodb://localhost:27047 mongodb://localhost:27048 mongodb://localhost:27049 mongodb://localhost:27050 mongodb://localhost:27051 mongodb://localhost:27052 mongodb://localhost:27053 mongodb://localhost:27054 mongodb://localhost:27055 mongodb://localhost:27056 mongodb://localhost:27057 mongodb://localhost:27058 mongodb://localhost:27059 mongodb://localhost:27060 mongodb://localhost:27061 mongodb://localhost:27062 mongodb://localhost:27063 mongodb://localhost:27064 reading workload files ...
load_filename : /home/gxr/mongodb-run/workloads/ycsb/workloada-load-10000000-10000000.log.formated
read load file needs: 972341100 s 
run_filename : /home/gxr/mongodb-run/workloads/ycsb/workloada-run-10000000-10000000.log.formated
read run file needs: 1009932755 s 
num_of_load_ops is 1862736
num_of_run_ops is 1934501
0 1 2 3 4 5 6 7 8 9 10 11 24 25 26 27 28 29 30 31 32 33 34 35 12 13 14 15 16 17 18 19 20 21 22 23 36 37 38 39 40 41 42 43 44 45 46 47 URI: mongodb://localhost:27019
URI: mongodb://localhost:27018
URI: mongodb://localhost:27022
URI: mongodb://localhost:27020
URI: mongodb://localhost:27017
URI: mongodb://localhost:27023
URI: mongodb://localhost:27021
URI: mongodb://localhost:27024
URI: mongodb://localhost:27025
URI: mongodb://localhost:27026
Load workloads needs: 11768197401 ns 
[report] load_thread_ID : 7
[report] load_duration_ns : 11768197401
[report] load_duration_s : 11.768197
[report] load_throughput : 15828.507430
[report] load_average_latency_ns : 63177.150746
Load workloads needs: 11835430796 ns 
[report] load_thread_ID : 9
[report] load_duration_ns : 11835430796
[report] load_duration_s : 11.835431
[report] load_throughput : 15738.590611
[report] load_average_latency_ns : 63538.090845
Load workloads needs: 11949059131 ns 
[report] load_thread_ID : 8
[report] load_duration_ns : 11949059131
[report] load_duration_s : 11.949059
[report] load_throughput : 15588.926120
[report] load_average_latency_ns : 64148.100535
Load workloads needs: 12070045162 ns 
[report] load_thread_ID : 3
[report] load_duration_ns : 12070045162
[report] load_duration_s : 12.070045
[report] load_throughput : 15432.668022
[report] load_average_latency_ns : 64797.609756
Load workloads needs: 12101541702 ns 
[report] load_thread_ID : 1
[report] load_duration_ns : 12101541702
[report] load_duration_s : 12.101542
[report] load_throughput : 15392.501599
[report] load_average_latency_ns : 64966.697814
Load workloads needs: 12175687434 ns 
[report] load_thread_ID : 0
[report] load_duration_ns : 12175687434
[report] load_duration_s : 12.175687
[report] load_throughput : 15298.766580
[report] load_average_latency_ns : 65364.746549
Load workloads needs: 12228652575 ns 
[report] load_thread_ID : 2
[report] load_duration_ns : 12228652575
[report] load_duration_s : 12.228653
[report] load_throughput : 15232.504060
[report] load_average_latency_ns : 65649.088032
Load workloads needs: 12279086856 ns 
[report] load_thread_ID : 6
[report] load_duration_ns : 12279086856
[report] load_duration_s : 12.279087
[report] load_throughput : 15169.939116
[report] load_average_latency_ns : 65919.842683
Load workloads needs: 12352287749 ns 
[report] load_thread_ID : 5
[report] load_duration_ns : 12352287749
[report] load_duration_s : 12.352288
[report] load_throughput : 15080.040539
[report] load_average_latency_ns : 66312.819083
Load workloads needs: 12475655925 ns 
[report] load_thread_ID : 4
[report] load_duration_ns : 12475655925
[report] load_duration_s : 12.475656
[report] load_throughput : 14930.918352
[report] load_average_latency_ns : 66975.116764
All clients run done needs: 12475831299 ns 
[report] load_overall_duration_ns : 12475831299
[report] load_overall_duration_s : 12.475831
[report] load_overall_throughput : 149307.565593
[report] load_overall_average_latency_ns : 6697.584252
