numactl --membind=0 /home/gxr/mongodb-run/test_mongodb/build//run_client --num_threads=26 --core_binding=0,1,2,3,4,5,6,7,8,9,10,11,24,25,26,27,28,29,30,31,32,33,34,35,12,13,14,15,16,17,18,19,20,21,22,23,36,37,38,39,40,41,42,43,44,45,46,47 --str_key_size=16 --str_key_size=256 --load_file=/home/gxr/mongodb-run/workloads/ycsb/workloada-load-10000000-10000000.log.formated --run_file=/home/gxr/mongodb-run/workloads/ycsb/workloada-run-10000000-10000000.log.formated --URI_set=mongodb://localhost:27017,mongodb://localhost:27018,mongodb://localhost:27019,mongodb://localhost:27020,mongodb://localhost:27021,mongodb://localhost:27022,mongodb://localhost:27023,mongodb://localhost:27024,mongodb://localhost:27025,mongodb://localhost:27026,mongodb://localhost:27027,mongodb://localhost:27028,mongodb://localhost:27029,mongodb://localhost:27030,mongodb://localhost:27031,mongodb://localhost:27032,mongodb://localhost:27033,mongodb://localhost:27034,mongodb://localhost:27035,mongodb://localhost:27036,mongodb://localhost:27037,mongodb://localhost:27038,mongodb://localhost:27039,mongodb://localhost:27040,mongodb://localhost:27041,mongodb://localhost:27042,mongodb://localhost:27043,mongodb://localhost:27044,mongodb://localhost:27045,mongodb://localhost:27046,mongodb://localhost:27047,mongodb://localhost:27048,mongodb://localhost:27049,mongodb://localhost:27050,mongodb://localhost:27051,mongodb://localhost:27052,mongodb://localhost:27053,mongodb://localhost:27054,mongodb://localhost:27055,mongodb://localhost:27056,mongodb://localhost:27057,mongodb://localhost:27058,mongodb://localhost:27059,mongodb://localhost:27060,mongodb://localhost:27061,mongodb://localhost:27062,mongodb://localhost:27063,mongodb://localhost:27064 --first_mode=true
mongodb://localhost:27017 mongodb://localhost:27018 mongodb://localhost:27019 mongodb://localhost:27020 mongodb://localhost:27021 mongodb://localhost:27022 mongodb://localhost:27023 mongodb://localhost:27024 mongodb://localhost:27025 mongodb://localhost:27026 mongodb://localhost:27027 mongodb://localhost:27028 mongodb://localhost:27029 mongodb://localhost:27030 mongodb://localhost:27031 mongodb://localhost:27032 mongodb://localhost:27033 mongodb://localhost:27034 mongodb://localhost:27035 mongodb://localhost:27036 mongodb://localhost:27037 mongodb://localhost:27038 mongodb://localhost:27039 mongodb://localhost:27040 mongodb://localhost:27041 mongodb://localhost:27042 mongodb://localhost:27043 mongodb://localhost:27044 mongodb://localhost:27045 mongodb://localhost:27046 mongodb://localhost:27047 mongodb://localhost:27048 mongodb://localhost:27049 mongodb://localhost:27050 mongodb://localhost:27051 mongodb://localhost:27052 mongodb://localhost:27053 mongodb://localhost:27054 mongodb://localhost:27055 mongodb://localhost:27056 mongodb://localhost:27057 mongodb://localhost:27058 mongodb://localhost:27059 mongodb://localhost:27060 mongodb://localhost:27061 mongodb://localhost:27062 mongodb://localhost:27063 mongodb://localhost:27064 reading workload files ...
load_filename : /home/gxr/mongodb-run/workloads/ycsb/workloada-load-10000000-10000000.log.formated
read load file needs: 993920011 s 
run_filename : /home/gxr/mongodb-run/workloads/ycsb/workloada-run-10000000-10000000.log.formated
read run file needs: 1007550821 s 
num_of_load_ops is 1862736
num_of_run_ops is 1934501
0 1 2 3 4 5 6 7 8 9 10 11 24 25 26 27 28 29 30 31 32 33 34 35 12 13 14 15 16 17 18 19 20 21 22 23 36 37 38 39 40 41 42 43 44 45 46 47 URI: URI: URI: mongodb://localhost:27017mongodb://localhost:27017
URI: mongodb://localhost:27017
URI: mongodb://localhost:27017URI: URI: mongodb://localhost:27017


mongodb://localhost:27017
mongodb://localhost:27017
URI: mongodb://localhost:27017
URI: mongodb://localhost:27017
URI: mongodb://localhost:27017
URI: mongodb://localhost:27017
URI: mongodb://localhost:27017
URI: mongodb://localhost:27017
URI: mongodb://localhost:27017
URI: mongodb://localhost:27017
URI: mongodb://localhost:27017
URI: mongodb://localhost:27017
URI: mongodb://localhost:27017
URI: mongodb://localhost:27017
URI: mongodb://localhost:27017
URI: URI: mongodb://localhost:27017
mongodb://localhost:27017
URI: mongodb://localhost:27017
URI: mongodb://localhost:27017
URI: mongodb://localhost:27017
URI: mongodb://localhost:27017
Load workloads needs: 8411248868 ns 
[report] load_thread_ID : 25
[report] load_duration_ns : 8411248868
[report] load_duration_s : 8.411249
[report] load_throughput : 8517.522323
[report] load_average_latency_ns : 117405.034239
Load workloads needs: 8617048844 ns 
[report] load_thread_ID : 24
[report] load_duration_ns : 8617048844
[report] load_duration_s : 8.617049
[report] load_throughput : 8314.099328
[report] load_average_latency_ns : 120277.610429
Load workloads needs: 8992038026 ns 
[report] load_thread_ID : 1
[report] load_duration_ns : 8992038026
[report] load_duration_s : 8.992038
[report] load_throughput : 7967.381787
[report] load_average_latency_ns : 125511.746102
Load workloads needs: 8997844146 ns 
[report] load_thread_ID : 18
[report] load_duration_ns : 8997844146
[report] load_duration_s : 8.997844
[report] load_throughput : 7962.240603
[report] load_average_latency_ns : 125592.788493
Load workloads needs: 9049484438 ns 
[report] load_thread_ID : 13
[report] load_duration_ns : 9049484438
[report] load_duration_s : 9.049484
[report] load_throughput : 7916.804597
[report] load_average_latency_ns : 126313.588739
Load workloads needs: 9054966842 ns 
[report] load_thread_ID : 6
[report] load_duration_ns : 9054966842
[report] load_duration_s : 9.054967
[report] load_throughput : 7912.011303
[report] load_average_latency_ns : 126390.112670
Load workloads needs: 9054369995 ns 
[report] load_thread_ID : 19
[report] load_duration_ns : 9054369995
[report] load_duration_s : 9.054370
[report] load_throughput : 7912.532848
[report] load_average_latency_ns : 126381.781821
Load workloads needs: 9064374169 ns 
[report] load_thread_ID : 16
[report] load_duration_ns : 9064374169
[report] load_duration_s : 9.064374
[report] load_throughput : 7903.799939
[report] load_average_latency_ns : 126521.421060
Load workloads needs: 9079409314 ns 
[report] load_thread_ID : 23
[report] load_duration_ns : 9079409314
[report] load_duration_s : 9.079409
[report] load_throughput : 7890.711556
[report] load_average_latency_ns : 126731.283084
Load workloads needs: 9099628250 ns 
[report] load_thread_ID : 22
[report] load_duration_ns : 9099628250
[report] load_duration_s : 9.099628
[report] load_throughput : 7873.178775
[report] load_average_latency_ns : 127013.500970
Load workloads needs: 9100239705 ns 
[report] load_thread_ID : 17
[report] load_duration_ns : 9100239705
[report] load_duration_s : 9.100240
[report] load_throughput : 7872.649768
[report] load_average_latency_ns : 127022.035719
Load workloads needs: 9119724905 ns 
[report] load_thread_ID : 20
[report] load_duration_ns : 9119724905
[report] load_duration_s : 9.119725
[report] load_throughput : 7855.829068
[report] load_average_latency_ns : 127294.012046
Load workloads needs: 9121764906 ns 
[report] load_thread_ID : 11
[report] load_duration_ns : 9121764906
[report] load_duration_s : 9.121765
[report] load_throughput : 7854.072182
[report] load_average_latency_ns : 127322.486579
Load workloads needs: 9143406528 ns 
[report] load_thread_ID : 21
[report] load_duration_ns : 9143406528
[report] load_duration_s : 9.143407
[report] load_throughput : 7835.482299
[report] load_average_latency_ns : 127624.562456
Load workloads needs: 9144403652 ns 
[report] load_thread_ID : 5
[report] load_duration_ns : 9144403652
[report] load_duration_s : 9.144404
[report] load_throughput : 7834.627902
[report] load_average_latency_ns : 127638.480410
Load workloads needs: 9159669455 ns 
[report] load_thread_ID : 10
[report] load_duration_ns : 9159669455
[report] load_duration_s : 9.159669
[report] load_throughput : 7821.570456
[report] load_average_latency_ns : 127851.561981
Load workloads needs: 9167335636 ns 
[report] load_thread_ID : 9
[report] load_duration_ns : 9167335636
[report] load_duration_s : 9.167336
[report] load_throughput : 7815.029671
[report] load_average_latency_ns : 127958.567285
Load workloads needs: 9168643625 ns 
[report] load_thread_ID : 7
[report] load_duration_ns : 9168643625
[report] load_duration_s : 9.168644
[report] load_throughput : 7813.914787
[report] load_average_latency_ns : 127976.824323
Load workloads needs: 9175351183 ns 
[report] load_thread_ID : 12
[report] load_duration_ns : 9175351183
[report] load_duration_s : 9.175351
[report] load_throughput : 7808.202495
[report] load_average_latency_ns : 128070.449074
Load workloads needs: 9191802111 ns 
[report] load_thread_ID : 3
[report] load_duration_ns : 9191802111
[report] load_duration_s : 9.191802
[report] load_throughput : 7794.227849
[report] load_average_latency_ns : 128300.072736
Load workloads needs: 9195038143 ns 
[report] load_thread_ID : 2
[report] load_duration_ns : 9195038143
[report] load_duration_s : 9.195038
[report] load_throughput : 7791.484808
[report] load_average_latency_ns : 128345.241587
Load workloads needs: 9220481512 ns 
[report] load_thread_ID : 4
[report] load_duration_ns : 9220481512
[report] load_duration_s : 9.220482
[report] load_throughput : 7769.984670
[report] load_average_latency_ns : 128700.382619
Load workloads needs: 9224990715 ns 
[report] load_thread_ID : 14
[report] load_duration_ns : 9224990715
[report] load_duration_s : 9.224991
[report] load_throughput : 7766.186678
[report] load_average_latency_ns : 128763.322516
Load workloads needs: 9226732634 ns 
[report] load_thread_ID : 0
[report] load_duration_ns : 9226732634
[report] load_duration_s : 9.226733
[report] load_throughput : 7764.720497
[report] load_average_latency_ns : 128787.636392
Load workloads needs: 9237254358 ns 
[report] load_thread_ID : 15
[report] load_duration_ns : 9237254358
[report] load_duration_s : 9.237254
[report] load_throughput : 7755.876067
[report] load_average_latency_ns : 128934.499644
Load workloads needs: 9265283763 ns 
[report] load_thread_ID : 8
[report] load_duration_ns : 9265283763
[report] load_duration_s : 9.265284
[report] load_throughput : 7732.412933
[report] load_average_latency_ns : 129325.736820
All clients run done needs: 9264794604 ns 
[report] load_overall_duration_ns : 9264794604
[report] load_overall_duration_s : 9.264795
[report] load_overall_throughput : 201055.293681
[report] load_overall_average_latency_ns : 4973.756133
