numactl --membind=0 /home/gxr/mongodb-run/test_mongodb/build//run_client --num_threads=34 --core_binding=0,1,2,3,4,5,6,7,8,9,10,11,24,25,26,27,28,29,30,31,32,33,34,35,12,13,14,15,16,17,18,19,20,21,22,23,36,37,38,39,40,41,42,43,44,45,46,47 --str_key_size=16 --str_key_size=256 --load_file=/home/gxr/mongodb-run/workloads/ycsb/workloada-load-10000000-10000000.log.formated --run_file=/home/gxr/mongodb-run/workloads/ycsb/workloada-run-10000000-10000000.log.formated --URI_set=mongodb://localhost:27017,mongodb://localhost:27018,mongodb://localhost:27019,mongodb://localhost:27020,mongodb://localhost:27021,mongodb://localhost:27022,mongodb://localhost:27023,mongodb://localhost:27024,mongodb://localhost:27025,mongodb://localhost:27026,mongodb://localhost:27027,mongodb://localhost:27028,mongodb://localhost:27029,mongodb://localhost:27030,mongodb://localhost:27031,mongodb://localhost:27032,mongodb://localhost:27033,mongodb://localhost:27034,mongodb://localhost:27035,mongodb://localhost:27036,mongodb://localhost:27037,mongodb://localhost:27038,mongodb://localhost:27039,mongodb://localhost:27040,mongodb://localhost:27041,mongodb://localhost:27042,mongodb://localhost:27043,mongodb://localhost:27044,mongodb://localhost:27045,mongodb://localhost:27046,mongodb://localhost:27047,mongodb://localhost:27048,mongodb://localhost:27049,mongodb://localhost:27050,mongodb://localhost:27051,mongodb://localhost:27052,mongodb://localhost:27053,mongodb://localhost:27054,mongodb://localhost:27055,mongodb://localhost:27056,mongodb://localhost:27057,mongodb://localhost:27058,mongodb://localhost:27059,mongodb://localhost:27060,mongodb://localhost:27061,mongodb://localhost:27062,mongodb://localhost:27063,mongodb://localhost:27064 --first_mode=false
mongodb://localhost:27017 mongodb://localhost:27018 mongodb://localhost:27019 mongodb://localhost:27020 mongodb://localhost:27021 mongodb://localhost:27022 mongodb://localhost:27023 mongodb://localhost:27024 mongodb://localhost:27025 mongodb://localhost:27026 mongodb://localhost:27027 mongodb://localhost:27028 mongodb://localhost:27029 mongodb://localhost:27030 mongodb://localhost:27031 mongodb://localhost:27032 mongodb://localhost:27033 mongodb://localhost:27034 mongodb://localhost:27035 mongodb://localhost:27036 mongodb://localhost:27037 mongodb://localhost:27038 mongodb://localhost:27039 mongodb://localhost:27040 mongodb://localhost:27041 mongodb://localhost:27042 mongodb://localhost:27043 mongodb://localhost:27044 mongodb://localhost:27045 mongodb://localhost:27046 mongodb://localhost:27047 mongodb://localhost:27048 mongodb://localhost:27049 mongodb://localhost:27050 mongodb://localhost:27051 mongodb://localhost:27052 mongodb://localhost:27053 mongodb://localhost:27054 mongodb://localhost:27055 mongodb://localhost:27056 mongodb://localhost:27057 mongodb://localhost:27058 mongodb://localhost:27059 mongodb://localhost:27060 mongodb://localhost:27061 mongodb://localhost:27062 mongodb://localhost:27063 mongodb://localhost:27064 reading workload files ...
load_filename : /home/gxr/mongodb-run/workloads/ycsb/workloada-load-10000000-10000000.log.formated
read load file needs: 1228052497 s 
run_filename : /home/gxr/mongodb-run/workloads/ycsb/workloada-run-10000000-10000000.log.formated
read run file needs: 1009077563 s 
num_of_load_ops is 1862736
num_of_run_ops is 1934501
0 1 2 3 4 5 6 7 8 9 10 11 24 25 26 27 28 29 30 31 32 33 34 35 12 13 14 15 16 17 18 19 20 21 22 23 36 37 38 39 40 41 42 43 44 45 46 47 URI: URI: mongodb://localhost:27018
mongodb://localhost:27020
URI: mongodb://localhost:27017
URI: mongodb://localhost:27021
URI: mongodb://localhost:27019
URI: mongodb://localhost:27022
URI: mongodb://localhost:27023
URI: mongodb://localhost:27025
URI: mongodb://localhost:27024
URI: mongodb://localhost:27026
URI: mongodb://localhost:27027
URI: mongodb://localhost:27028
URI: mongodb://localhost:27030
URI: mongodb://localhost:27032
URI: mongodb://localhost:27034
URI: mongodb://localhost:27035
URI: mongodb://localhost:27038
URI: mongodb://localhost:27033
URI: mongodb://localhost:27031
URI: mongodb://localhost:27037
URI: mongodb://localhost:27040
URI: mongodb://localhost:27039
URI: mongodb://localhost:27036
URI: mongodb://localhost:27029
URI: mongodb://localhost:27042
URI: mongodb://localhost:27043
URI: mongodb://localhost:27046
URI: mongodb://localhost:27041
URI: mongodb://localhost:27045
URI: mongodb://localhost:27050
URI: mongodb://localhost:27048
URI: mongodb://localhost:27044
URI: mongodb://localhost:27047
URI: mongodb://localhost:27049
Load workloads needs: 10352170716 ns 
[report] load_thread_ID : 7
[report] load_duration_ns : 10352170716
[report] load_duration_s : 10.352171
[report] load_throughput : 5292.223390
[report] load_average_latency_ns : 188956.498302
Load workloads needs: 10355371391 ns 
[report] load_thread_ID : 13
[report] load_duration_ns : 10355371391
[report] load_duration_s : 10.355371
[report] load_throughput : 5290.587651
[report] load_average_latency_ns : 189014.919706
Load workloads needs: 10381023670 ns 
[report] load_thread_ID : 6
[report] load_duration_ns : 10381023670
[report] load_duration_s : 10.381024
[report] load_throughput : 5277.514216
[report] load_average_latency_ns : 189483.146607
Load workloads needs: 10421233899 ns 
[report] load_thread_ID : 2
[report] load_duration_ns : 10421233899
[report] load_duration_s : 10.421234
[report] load_throughput : 5257.150980
[report] load_average_latency_ns : 190217.097415
Load workloads needs: 10424868002 ns 
[report] load_thread_ID : 18
[report] load_duration_ns : 10424868002
[report] load_duration_s : 10.424868
[report] load_throughput : 5255.318340
[report] load_average_latency_ns : 190283.430110
Load workloads needs: 10446923122 ns 
[report] load_thread_ID : 4
[report] load_duration_ns : 10446923122
[report] load_duration_s : 10.446923
[report] load_throughput : 5244.223525
[report] load_average_latency_ns : 190685.998649
Load workloads needs: 10450067809 ns 
[report] load_thread_ID : 19
[report] load_duration_ns : 10450067809
[report] load_duration_s : 10.450068
[report] load_throughput : 5242.645407
[report] load_average_latency_ns : 190743.398113
Load workloads needs: 10456496680 ns 
[report] load_thread_ID : 23
[report] load_duration_ns : 10456496680
[report] load_duration_s : 10.456497
[report] load_throughput : 5239.422120
[report] load_average_latency_ns : 190860.743256
Load workloads needs: 10482968074 ns 
[report] load_thread_ID : 21
[report] load_duration_ns : 10482968074
[report] load_duration_s : 10.482968
[report] load_throughput : 5226.191629
[report] load_average_latency_ns : 191343.921330
Load workloads needs: 10485117170 ns 
[report] load_thread_ID : 8
[report] load_duration_ns : 10485117170
[report] load_duration_s : 10.485117
[report] load_throughput : 5225.120436
[report] load_average_latency_ns : 191383.148432
Load workloads needs: 10489295249 ns 
[report] load_thread_ID : 5
[report] load_duration_ns : 10489295249
[report] load_duration_s : 10.489295
[report] load_throughput : 5223.039175
[report] load_average_latency_ns : 191459.410233
Load workloads needs: 10497054065 ns 
[report] load_thread_ID : 1
[report] load_duration_ns : 10497054065
[report] load_duration_s : 10.497054
[report] load_throughput : 5219.178606
[report] load_average_latency_ns : 191601.030647
Load workloads needs: 10497738363 ns 
[report] load_thread_ID : 16
[report] load_duration_ns : 10497738363
[report] load_duration_s : 10.497738
[report] load_throughput : 5218.838392
[report] load_average_latency_ns : 191613.521027
Load workloads needs: 10506263978 ns 
[report] load_thread_ID : 14
[report] load_duration_ns : 10506263978
[report] load_duration_s : 10.506264
[report] load_throughput : 5214.603413
[report] load_average_latency_ns : 191769.137699
Load workloads needs: 10506964934 ns 
[report] load_thread_ID : 15
[report] load_duration_ns : 10506964934
[report] load_duration_s : 10.506965
[report] load_throughput : 5214.255529
[report] load_average_latency_ns : 191781.932136
Load workloads needs: 10511075100 ns 
[report] load_thread_ID : 12
[report] load_duration_ns : 10511075100
[report] load_duration_s : 10.511075
[report] load_throughput : 5212.216589
[report] load_average_latency_ns : 191856.954331
Load workloads needs: 10514757213 ns 
[report] load_thread_ID : 22
[report] load_duration_ns : 10514757213
[report] load_duration_s : 10.514757
[report] load_throughput : 5210.391347
[report] load_average_latency_ns : 191924.163345
Load workloads needs: 10529360519 ns 
[report] load_thread_ID : 10
[report] load_duration_ns : 10529360519
[report] load_duration_s : 10.529361
[report] load_throughput : 5203.164988
[report] load_average_latency_ns : 192190.715128
Load workloads needs: 10553101532 ns 
[report] load_thread_ID : 3
[report] load_duration_ns : 10553101532
[report] load_duration_s : 10.553102
[report] load_throughput : 5191.459576
[report] load_average_latency_ns : 192624.056000
Load workloads needs: 10553580017 ns 
[report] load_thread_ID : 20
[report] load_duration_ns : 10553580017
[report] load_duration_s : 10.553580
[report] load_throughput : 5191.224202
[report] load_average_latency_ns : 192632.789709
Load workloads needs: 10579784379 ns 
[report] load_thread_ID : 11
[report] load_duration_ns : 10579784379
[report] load_duration_s : 10.579784
[report] load_throughput : 5178.366405
[report] load_average_latency_ns : 193111.093692
Load workloads needs: 10580412388 ns 
[report] load_thread_ID : 17
[report] load_duration_ns : 10580412388
[report] load_duration_s : 10.580412
[report] load_throughput : 5178.059039
[report] load_average_latency_ns : 193122.556639
Load workloads needs: 10666731446 ns 
[report] load_thread_ID : 9
[report] load_duration_ns : 10666731446
[report] load_duration_s : 10.666731
[report] load_throughput : 5136.156308
[report] load_average_latency_ns : 194698.124448
Load workloads needs: 10771924711 ns 
[report] load_thread_ID : 0
[report] load_duration_ns : 10771924711
[report] load_duration_s : 10.771925
[report] load_throughput : 5085.999157
[report] load_average_latency_ns : 196618.200106
Load workloads needs: 10771437922 ns 
[report] load_thread_ID : 33
[report] load_duration_ns : 10771437922
[report] load_duration_s : 10.771438
[report] load_throughput : 5086.229006
[report] load_average_latency_ns : 196609.314825
Load workloads needs: 10810852518 ns 
[report] load_thread_ID : 28
[report] load_duration_ns : 10810852518
[report] load_duration_s : 10.810853
[report] load_throughput : 5067.685449
[report] load_average_latency_ns : 197328.743073
Load workloads needs: 10816555725 ns 
[report] load_thread_ID : 30
[report] load_duration_ns : 10816555725
[report] load_duration_s : 10.816556
[report] load_throughput : 5065.013429
[report] load_average_latency_ns : 197432.842788
Load workloads needs: 10825622833 ns 
[report] load_thread_ID : 31
[report] load_duration_ns : 10825622833
[report] load_duration_s : 10.825623
[report] load_throughput : 5060.771176
[report] load_average_latency_ns : 197598.343245
Load workloads needs: 10826792693 ns 
[report] load_thread_ID : 27
[report] load_duration_ns : 10826792693
[report] load_duration_s : 10.826793
[report] load_throughput : 5060.224348
[report] load_average_latency_ns : 197619.696510
Load workloads needs: 10847775899 ns 
[report] load_thread_ID : 32
[report] load_duration_ns : 10847775899
[report] load_duration_s : 10.847776
[report] load_throughput : 5050.436192
[report] load_average_latency_ns : 198002.699577
Load workloads needs: 10922838534 ns 
[report] load_thread_ID : 29
[report] load_duration_ns : 10922838534
[report] load_duration_s : 10.922839
[report] load_throughput : 5015.729183
[report] load_average_latency_ns : 199372.805717
Load workloads needs: 10925394680 ns 
[report] load_thread_ID : 24
[report] load_duration_ns : 10925394680
[report] load_duration_s : 10.925395
[report] load_throughput : 5014.555685
[report] load_average_latency_ns : 199419.462636
Load workloads needs: 11020816793 ns 
[report] load_thread_ID : 25
[report] load_duration_ns : 11020816793
[report] load_duration_s : 11.020817
[report] load_throughput : 4971.137896
[report] load_average_latency_ns : 201161.187037
Load workloads needs: 11026474483 ns 
[report] load_thread_ID : 26
[report] load_duration_ns : 11026474483
[report] load_duration_s : 11.026474
[report] load_throughput : 4968.587202
[report] load_average_latency_ns : 201264.455938
All clients run done needs: 11026560952 ns 
[report] load_overall_duration_ns : 11026560952
[report] load_overall_duration_s : 11.026561
[report] load_overall_throughput : 168931.728406
[report] load_overall_average_latency_ns : 5919.551108
