numactl --membind=0 /home/gxr/mongodb-run/test_mongodb/build//run_client --num_threads=26 --core_binding=0,1,2,3,4,5,6,7,8,9,10,11,24,25,26,27,28,29,30,31,32,33,34,35,12,13,14,15,16,17,18,19,20,21,22,23,36,37,38,39,40,41,42,43,44,45,46,47 --str_key_size=16 --str_key_size=256 --load_file=/home/gxr/mongodb-run/workloads/ycsb/workloada-load-10000000-10000000.log.formated --run_file=/home/gxr/mongodb-run/workloads/ycsb/workloada-run-10000000-10000000.log.formated --URI_set=mongodb://localhost:27017,mongodb://localhost:27018,mongodb://localhost:27019,mongodb://localhost:27020,mongodb://localhost:27021,mongodb://localhost:27022,mongodb://localhost:27023,mongodb://localhost:27024,mongodb://localhost:27025,mongodb://localhost:27026,mongodb://localhost:27027,mongodb://localhost:27028,mongodb://localhost:27029,mongodb://localhost:27030,mongodb://localhost:27031,mongodb://localhost:27032,mongodb://localhost:27033,mongodb://localhost:27034,mongodb://localhost:27035,mongodb://localhost:27036,mongodb://localhost:27037,mongodb://localhost:27038,mongodb://localhost:27039,mongodb://localhost:27040,mongodb://localhost:27041,mongodb://localhost:27042,mongodb://localhost:27043,mongodb://localhost:27044,mongodb://localhost:27045,mongodb://localhost:27046,mongodb://localhost:27047,mongodb://localhost:27048,mongodb://localhost:27049,mongodb://localhost:27050,mongodb://localhost:27051,mongodb://localhost:27052,mongodb://localhost:27053,mongodb://localhost:27054,mongodb://localhost:27055,mongodb://localhost:27056,mongodb://localhost:27057,mongodb://localhost:27058,mongodb://localhost:27059,mongodb://localhost:27060,mongodb://localhost:27061,mongodb://localhost:27062,mongodb://localhost:27063,mongodb://localhost:27064 --first_mode=false
mongodb://localhost:27017 mongodb://localhost:27018 mongodb://localhost:27019 mongodb://localhost:27020 mongodb://localhost:27021 mongodb://localhost:27022 mongodb://localhost:27023 mongodb://localhost:27024 mongodb://localhost:27025 mongodb://localhost:27026 mongodb://localhost:27027 mongodb://localhost:27028 mongodb://localhost:27029 mongodb://localhost:27030 mongodb://localhost:27031 mongodb://localhost:27032 mongodb://localhost:27033 mongodb://localhost:27034 mongodb://localhost:27035 mongodb://localhost:27036 mongodb://localhost:27037 mongodb://localhost:27038 mongodb://localhost:27039 mongodb://localhost:27040 mongodb://localhost:27041 mongodb://localhost:27042 mongodb://localhost:27043 mongodb://localhost:27044 mongodb://localhost:27045 mongodb://localhost:27046 mongodb://localhost:27047 mongodb://localhost:27048 mongodb://localhost:27049 mongodb://localhost:27050 mongodb://localhost:27051 mongodb://localhost:27052 mongodb://localhost:27053 mongodb://localhost:27054 mongodb://localhost:27055 mongodb://localhost:27056 mongodb://localhost:27057 mongodb://localhost:27058 mongodb://localhost:27059 mongodb://localhost:27060 mongodb://localhost:27061 mongodb://localhost:27062 mongodb://localhost:27063 mongodb://localhost:27064 reading workload files ...
load_filename : /home/gxr/mongodb-run/workloads/ycsb/workloada-load-10000000-10000000.log.formated
read load file needs: 1113869626 s 
run_filename : /home/gxr/mongodb-run/workloads/ycsb/workloada-run-10000000-10000000.log.formated
read run file needs: 1005274562 s 
num_of_load_ops is 1862736
num_of_run_ops is 1934501
0 1 2 3 4 5 6 7 8 9 10 11 24 25 26 27 28 29 30 31 32 33 34 35 12 13 14 15 16 17 18 19 20 21 22 23 36 37 38 39 40 41 42 43 44 45 46 47 URI: URI: mongodb://localhost:27020URI: mongodb://localhost:27018
URI: URI: mongodb://localhost:27017
URI: 
mongodb://localhost:27019
mongodb://localhost:27022
mongodb://localhost:27024
URI: mongodb://localhost:27025
URI: mongodb://localhost:27023
URI: mongodb://localhost:27026
URI: mongodb://localhost:27029
URI: mongodb://localhost:27027
URI: mongodb://localhost:27030
URI: mongodb://localhost:27028
URI: mongodb://localhost:27031
URI: mongodb://localhost:27032
URI: mongodb://localhost:27033
URI: mongodb://localhost:27034
URI: mongodb://localhost:27035
URI: mongodb://localhost:27037
URI: mongodb://localhost:27038
URI: mongodb://localhost:27039
URI: mongodb://localhost:27040
URI: mongodb://localhost:27036
URI: mongodb://localhost:27041
URI: mongodb://localhost:27042
URI: mongodb://localhost:27021
Load workloads needs: 8294984164 ns 
[report] load_thread_ID : 24
[report] load_duration_ns : 8294984164
[report] load_duration_s : 8.294984
[report] load_throughput : 8636.906181
[report] load_average_latency_ns : 115782.200131
Load workloads needs: 8628346807 ns 
[report] load_thread_ID : 25
[report] load_duration_ns : 8628346807
[report] load_duration_s : 8.628347
[report] load_throughput : 8303.212840
[report] load_average_latency_ns : 120435.308502
Load workloads needs: 8705697580 ns 
[report] load_thread_ID : 18
[report] load_duration_ns : 8705697580
[report] load_duration_s : 8.705698
[report] load_throughput : 8229.438174
[report] load_average_latency_ns : 121514.978156
Load workloads needs: 8751744801 ns 
[report] load_thread_ID : 6
[report] load_duration_ns : 8751744801
[report] load_duration_s : 8.751745
[report] load_throughput : 8186.139065
[report] load_average_latency_ns : 122157.709769
Load workloads needs: 8757449014 ns 
[report] load_thread_ID : 10
[report] load_duration_ns : 8757449014
[report] load_duration_s : 8.757449
[report] load_throughput : 8180.806978
[report] load_average_latency_ns : 122237.329732
Load workloads needs: 8786775197 ns 
[report] load_thread_ID : 1
[report] load_duration_ns : 8786775197
[report] load_duration_s : 8.786775
[report] load_throughput : 8153.503236
[report] load_average_latency_ns : 122646.667462
Load workloads needs: 8834362836 ns 
[report] load_thread_ID : 21
[report] load_duration_ns : 8834362836
[report] load_duration_s : 8.834363
[report] load_throughput : 8109.583150
[report] load_average_latency_ns : 123310.900381
Load workloads needs: 8875354772 ns 
[report] load_thread_ID : 4
[report] load_duration_ns : 8875354772
[report] load_duration_s : 8.875355
[report] load_throughput : 8072.128026
[report] load_average_latency_ns : 123883.069832
Load workloads needs: 8877316057 ns 
[report] load_thread_ID : 23
[report] load_duration_ns : 8877316057
[report] load_duration_s : 8.877316
[report] load_throughput : 8070.344633
[report] load_average_latency_ns : 123910.445640
Load workloads needs: 8883827044 ns 
[report] load_thread_ID : 8
[report] load_duration_ns : 8883827044
[report] load_duration_s : 8.883827
[report] load_throughput : 8064.429850
[report] load_average_latency_ns : 124001.326633
Load workloads needs: 8887995049 ns 
[report] load_thread_ID : 11
[report] load_duration_ns : 8887995049
[report] load_duration_s : 8.887995
[report] load_throughput : 8060.648054
[report] load_average_latency_ns : 124059.504055
Load workloads needs: 8904699547 ns 
[report] load_thread_ID : 13
[report] load_duration_ns : 8904699547
[report] load_duration_s : 8.904700
[report] load_throughput : 8045.526929
[report] load_average_latency_ns : 124292.667071
Load workloads needs: 8931305165 ns 
[report] load_thread_ID : 20
[report] load_duration_ns : 8931305165
[report] load_duration_s : 8.931305
[report] load_throughput : 8021.559971
[report] load_average_latency_ns : 124664.030889
Load workloads needs: 8944288482 ns 
[report] load_thread_ID : 2
[report] load_duration_ns : 8944288482
[report] load_duration_s : 8.944288
[report] load_throughput : 8009.916065
[report] load_average_latency_ns : 124845.253298
Load workloads needs: 8988485512 ns 
[report] load_thread_ID : 5
[report] load_duration_ns : 8988485512
[report] load_duration_s : 8.988486
[report] load_throughput : 7970.530731
[report] load_average_latency_ns : 125462.159764
Load workloads needs: 9012102515 ns 
[report] load_thread_ID : 12
[report] load_duration_ns : 9012102515
[report] load_duration_s : 9.012103
[report] load_throughput : 7949.643258
[report] load_average_latency_ns : 125791.808202
Load workloads needs: 9050559745 ns 
[report] load_thread_ID : 0
[report] load_duration_ns : 9050559745
[report] load_duration_s : 9.050560
[report] load_throughput : 7915.863993
[report] load_average_latency_ns : 126328.597979
Load workloads needs: 9162185201 ns 
[report] load_thread_ID : 9
[report] load_duration_ns : 9162185201
[report] load_duration_s : 9.162185
[report] load_throughput : 7819.422815
[report] load_average_latency_ns : 127886.677010
Load workloads needs: 9171100411 ns 
[report] load_thread_ID : 14
[report] load_duration_ns : 9171100411
[report] load_duration_s : 9.171100
[report] load_throughput : 7811.821569
[report] load_average_latency_ns : 128011.116383
Load workloads needs: 9182259152 ns 
[report] load_thread_ID : 16
[report] load_duration_ns : 9182259152
[report] load_duration_s : 9.182259
[report] load_throughput : 7802.328252
[report] load_average_latency_ns : 128166.871181
Load workloads needs: 9252968503 ns 
[report] load_thread_ID : 17
[report] load_duration_ns : 9252968503
[report] load_duration_s : 9.252969
[report] load_throughput : 7742.704406
[report] load_average_latency_ns : 129153.839217
Load workloads needs: 9443602312 ns 
[report] load_thread_ID : 22
[report] load_duration_ns : 9443602312
[report] load_duration_s : 9.443602
[report] load_throughput : 7586.405869
[report] load_average_latency_ns : 131814.724565
Load workloads needs: 9475971760 ns 
[report] load_thread_ID : 15
[report] load_duration_ns : 9475971760
[report] load_duration_s : 9.475972
[report] load_throughput : 7560.491084
[report] load_average_latency_ns : 132266.540485
Load workloads needs: 9478472038 ns 
[report] load_thread_ID : 19
[report] load_duration_ns : 9478472038
[report] load_duration_s : 9.478472
[report] load_throughput : 7558.496740
[report] load_average_latency_ns : 132301.439610
Load workloads needs: 9538551463 ns 
[report] load_thread_ID : 3
[report] load_duration_ns : 9538551463
[report] load_duration_s : 9.538551
[report] load_throughput : 7510.888868
[report] load_average_latency_ns : 133140.034100
Load workloads needs: 9575916265 ns 
[report] load_thread_ID : 7
[report] load_duration_ns : 9575916265
[report] load_duration_s : 9.575916
[report] load_throughput : 7481.581712
[report] load_average_latency_ns : 133661.575660
All clients run done needs: 9575688835 ns 
[report] load_overall_duration_ns : 9575688835
[report] load_overall_duration_s : 9.575689
[report] load_overall_throughput : 194527.624289
[report] load_overall_average_latency_ns : 5140.658062
