numactl --membind=0 /home/gxr/mongodb-run/test_mongodb/build//run_client --num_threads=8 --core_binding=0,1,2,3,4,5,6,7,8,9,10,11,24,25,26,27,28,29,30,31,32,33,34,35,12,13,14,15,16,17,18,19,20,21,22,23,36,37,38,39,40,41,42,43,44,45,46,47 --str_key_size=16 --str_key_size=256 --load_file=/home/gxr/mongodb-run/workloads/ycsb/workloada-load-10000000-10000000.log.formated --run_file=/home/gxr/mongodb-run/workloads/ycsb/workloada-run-10000000-10000000.log.formated --URI_set=mongodb://localhost:27017,mongodb://localhost:27018,mongodb://localhost:27019,mongodb://localhost:27020,mongodb://localhost:27021,mongodb://localhost:27022,mongodb://localhost:27023,mongodb://localhost:27024,mongodb://localhost:27025,mongodb://localhost:27026,mongodb://localhost:27027,mongodb://localhost:27028,mongodb://localhost:27029,mongodb://localhost:27030,mongodb://localhost:27031,mongodb://localhost:27032,mongodb://localhost:27033,mongodb://localhost:27034,mongodb://localhost:27035,mongodb://localhost:27036,mongodb://localhost:27037,mongodb://localhost:27038,mongodb://localhost:27039,mongodb://localhost:27040,mongodb://localhost:27041,mongodb://localhost:27042,mongodb://localhost:27043,mongodb://localhost:27044,mongodb://localhost:27045,mongodb://localhost:27046,mongodb://localhost:27047,mongodb://localhost:27048,mongodb://localhost:27049,mongodb://localhost:27050,mongodb://localhost:27051,mongodb://localhost:27052,mongodb://localhost:27053,mongodb://localhost:27054,mongodb://localhost:27055,mongodb://localhost:27056,mongodb://localhost:27057,mongodb://localhost:27058,mongodb://localhost:27059,mongodb://localhost:27060,mongodb://localhost:27061,mongodb://localhost:27062,mongodb://localhost:27063,mongodb://localhost:27064 --first_mode=false
mongodb://localhost:27017 mongodb://localhost:27018 mongodb://localhost:27019 mongodb://localhost:27020 mongodb://localhost:27021 mongodb://localhost:27022 mongodb://localhost:27023 mongodb://localhost:27024 mongodb://localhost:27025 mongodb://localhost:27026 mongodb://localhost:27027 mongodb://localhost:27028 mongodb://localhost:27029 mongodb://localhost:27030 mongodb://localhost:27031 mongodb://localhost:27032 mongodb://localhost:27033 mongodb://localhost:27034 mongodb://localhost:27035 mongodb://localhost:27036 mongodb://localhost:27037 mongodb://localhost:27038 mongodb://localhost:27039 mongodb://localhost:27040 mongodb://localhost:27041 mongodb://localhost:27042 mongodb://localhost:27043 mongodb://localhost:27044 mongodb://localhost:27045 mongodb://localhost:27046 mongodb://localhost:27047 mongodb://localhost:27048 mongodb://localhost:27049 mongodb://localhost:27050 mongodb://localhost:27051 mongodb://localhost:27052 mongodb://localhost:27053 mongodb://localhost:27054 mongodb://localhost:27055 mongodb://localhost:27056 mongodb://localhost:27057 mongodb://localhost:27058 mongodb://localhost:27059 mongodb://localhost:27060 mongodb://localhost:27061 mongodb://localhost:27062 mongodb://localhost:27063 mongodb://localhost:27064 reading workload files ...
load_filename : /home/gxr/mongodb-run/workloads/ycsb/workloada-load-10000000-10000000.log.formated
read load file needs: 974784089 s 
run_filename : /home/gxr/mongodb-run/workloads/ycsb/workloada-run-10000000-10000000.log.formated
read run file needs: 1008265599 s 
num_of_load_ops is 1862736
num_of_run_ops is 1934501
0 1 2 3 4 5 6 7 8 9 10 11 24 25 26 27 28 29 30 31 32 33 34 35 12 13 14 15 16 17 18 19 20 21 22 23 36 37 38 39 40 41 42 43 44 45 46 47 URI: URI: URI: mongodb://localhost:27019URI: mongodb://localhost:27017
mongodb://localhost:27020URI: URI: URI: mongodb://localhost:27018URI: mongodb://localhost:27024
mongodb://localhost:27022


mongodb://localhost:27021

mongodb://localhost:27023
Load workloads needs: 12979848790 ns 
[report] load_thread_ID : 5
[report] load_duration_ns : 12979848790
[report] load_duration_s : 12.979849
[report] load_throughput : 17938.729778
[report] load_average_latency_ns : 55745.307075
Load workloads needs: 13611500210 ns 
[report] load_thread_ID : 7
[report] load_duration_ns : 13611500210
[report] load_duration_s : 13.611500
[report] load_throughput : 17106.270169
[report] load_average_latency_ns : 58458.096950
Load workloads needs: 13833575605 ns 
[report] load_thread_ID : 6
[report] load_duration_ns : 13833575605
[report] load_duration_s : 13.833576
[report] load_throughput : 16831.657024
[report] load_average_latency_ns : 59411.856989
Load workloads needs: 14026422768 ns 
[report] load_thread_ID : 3
[report] load_duration_ns : 14026422768
[report] load_duration_s : 14.026423
[report] load_throughput : 16600.241120
[report] load_average_latency_ns : 60240.088850
Load workloads needs: 14334384373 ns 
[report] load_thread_ID : 0
[report] load_duration_ns : 14334384373
[report] load_duration_s : 14.334384
[report] load_throughput : 16243.599581
[report] load_average_latency_ns : 61562.709361
Load workloads needs: 14336026841 ns 
[report] load_thread_ID : 1
[report] load_duration_ns : 14336026841
[report] load_duration_s : 14.336027
[report] load_throughput : 16241.738564
[report] load_average_latency_ns : 61569.763363
Load workloads needs: 14732223026 ns 
[report] load_thread_ID : 4
[report] load_duration_ns : 14732223026
[report] load_duration_s : 14.732223
[report] load_throughput : 15804.946720
[report] load_average_latency_ns : 63271.330026
Load workloads needs: 14774653141 ns 
[report] load_thread_ID : 2
[report] load_duration_ns : 14774653141
[report] load_duration_s : 14.774653
[report] load_throughput : 15759.557790
[report] load_average_latency_ns : 63453.557095
All clients run done needs: 14775292622 ns 
[report] load_overall_duration_ns : 14775292622
[report] load_overall_duration_s : 14.775293
[report] load_overall_throughput : 126071.005675
[report] load_overall_average_latency_ns : 7932.037939
