numactl --membind=0 /home/gxr/mongodb-run/test_mongodb/build//run_client --num_threads=36 --core_binding=0,1,2,3,4,5,6,7,8,9,10,11,24,25,26,27,28,29,30,31,32,33,34,35,12,13,14,15,16,17,18,19,20,21,22,23,36,37,38,39,40,41,42,43,44,45,46,47 --str_key_size=16 --str_key_size=256 --load_file=/home/gxr/mongodb-run/workloads/ycsb/workloada-load-10000000-10000000.log.formated --run_file=/home/gxr/mongodb-run/workloads/ycsb/workloada-run-10000000-10000000.log.formated --URI_set=mongodb://localhost:27017,mongodb://localhost:27018,mongodb://localhost:27019,mongodb://localhost:27020,mongodb://localhost:27021,mongodb://localhost:27022,mongodb://localhost:27023,mongodb://localhost:27024,mongodb://localhost:27025,mongodb://localhost:27026,mongodb://localhost:27027,mongodb://localhost:27028,mongodb://localhost:27029,mongodb://localhost:27030,mongodb://localhost:27031,mongodb://localhost:27032,mongodb://localhost:27033,mongodb://localhost:27034,mongodb://localhost:27035,mongodb://localhost:27036,mongodb://localhost:27037,mongodb://localhost:27038,mongodb://localhost:27039,mongodb://localhost:27040,mongodb://localhost:27041,mongodb://localhost:27042,mongodb://localhost:27043,mongodb://localhost:27044,mongodb://localhost:27045,mongodb://localhost:27046,mongodb://localhost:27047,mongodb://localhost:27048,mongodb://localhost:27049,mongodb://localhost:27050,mongodb://localhost:27051,mongodb://localhost:27052,mongodb://localhost:27053,mongodb://localhost:27054,mongodb://localhost:27055,mongodb://localhost:27056,mongodb://localhost:27057,mongodb://localhost:27058,mongodb://localhost:27059,mongodb://localhost:27060,mongodb://localhost:27061,mongodb://localhost:27062,mongodb://localhost:27063,mongodb://localhost:27064 --first_mode=true
mongodb://localhost:27017 mongodb://localhost:27018 mongodb://localhost:27019 mongodb://localhost:27020 mongodb://localhost:27021 mongodb://localhost:27022 mongodb://localhost:27023 mongodb://localhost:27024 mongodb://localhost:27025 mongodb://localhost:27026 mongodb://localhost:27027 mongodb://localhost:27028 mongodb://localhost:27029 mongodb://localhost:27030 mongodb://localhost:27031 mongodb://localhost:27032 mongodb://localhost:27033 mongodb://localhost:27034 mongodb://localhost:27035 mongodb://localhost:27036 mongodb://localhost:27037 mongodb://localhost:27038 mongodb://localhost:27039 mongodb://localhost:27040 mongodb://localhost:27041 mongodb://localhost:27042 mongodb://localhost:27043 mongodb://localhost:27044 mongodb://localhost:27045 mongodb://localhost:27046 mongodb://localhost:27047 mongodb://localhost:27048 mongodb://localhost:27049 mongodb://localhost:27050 mongodb://localhost:27051 mongodb://localhost:27052 mongodb://localhost:27053 mongodb://localhost:27054 mongodb://localhost:27055 mongodb://localhost:27056 mongodb://localhost:27057 mongodb://localhost:27058 mongodb://localhost:27059 mongodb://localhost:27060 mongodb://localhost:27061 mongodb://localhost:27062 mongodb://localhost:27063 mongodb://localhost:27064 reading workload files ...
load_filename : /home/gxr/mongodb-run/workloads/ycsb/workloada-load-10000000-10000000.log.formated
read load file needs: 985242531 s 
run_filename : /home/gxr/mongodb-run/workloads/ycsb/workloada-run-10000000-10000000.log.formated
read run file needs: 1043889097 s 
num_of_load_ops is 1862736
num_of_run_ops is 1934501
0 1 2 3 4 5 6 7 8 9 10 11 24 25 26 27 28 29 30 31 32 33 34 35 12 13 14 15 16 17 18 19 20 21 22 23 36 37 38 39 40 41 42 43 44 45 46 47 URI: URI: mongodb://localhost:27017mongodb://localhost:27017
URI: URI: mongodb://localhost:27017URI: URI: 
mongodb://localhost:27017URI: URI: mongodb://localhost:27017mongodb://localhost:27017


URI: mongodb://localhost:27017URI: mongodb://localhost:27017
mongodb://localhost:27017
URI: URI: 
mongodb://localhost:27017
URI: mongodb://localhost:27017
URI: mongodb://localhost:27017
mongodb://localhost:27017
URI: mongodb://localhost:27017

URI: URI: mongodb://localhost:27017
mongodb://localhost:27017
URI: mongodb://localhost:27017
URI: mongodb://localhost:27017
URI: mongodb://localhost:27017
mongodb://localhost:27017
URI: mongodb://localhost:27017
URI: mongodb://localhost:27017
URI: mongodb://localhost:27017
URI: mongodb://localhost:27017
URI: URI: mongodb://localhost:27017
URI: mongodb://localhost:27017URI: mongodb://localhost:27017mongodb://localhost:27017URI: mongodb://localhost:27017

URI: mongodb://localhost:27017
URI: mongodb://localhost:27017


URI: mongodb://localhost:27017
URI: mongodb://localhost:27017
URI: mongodb://localhost:27017
URI: mongodb://localhost:27017
URI: mongodb://localhost:27017
Load workloads needs: 7771934178 ns 
[report] load_thread_ID : 32
[report] load_duration_ns : 7771934178
[report] load_duration_s : 7.771934
[report] load_throughput : 6657.544804
[report] load_average_latency_ns : 150205.523134
Load workloads needs: 7799740771 ns 
[report] load_thread_ID : 28
[report] load_duration_ns : 7799740771
[report] load_duration_s : 7.799741
[report] load_throughput : 6633.810215
[report] load_average_latency_ns : 150742.931680
Load workloads needs: 7845792358 ns 
[report] load_thread_ID : 33
[report] load_duration_ns : 7845792358
[report] load_duration_s : 7.845792
[report] load_throughput : 6594.872467
[report] load_average_latency_ns : 151632.955008
Load workloads needs: 7846627355 ns 
[report] load_thread_ID : 26
[report] load_duration_ns : 7846627355
[report] load_duration_s : 7.846627
[report] load_throughput : 6594.170675
[report] load_average_latency_ns : 151649.092710
Load workloads needs: 7871168360 ns 
[report] load_thread_ID : 29
[report] load_duration_ns : 7871168360
[report] load_duration_s : 7.871168
[report] load_throughput : 6573.611138
[report] load_average_latency_ns : 152123.388350
Load workloads needs: 7872690693 ns 
[report] load_thread_ID : 25
[report] load_duration_ns : 7872690693
[report] load_duration_s : 7.872691
[report] load_throughput : 6572.340006
[report] load_average_latency_ns : 152152.809961
Load workloads needs: 7885654239 ns 
[report] load_thread_ID : 24
[report] load_duration_ns : 7885654239
[report] load_duration_s : 7.885654
[report] load_throughput : 6561.535471
[report] load_average_latency_ns : 152403.351996
Load workloads needs: 7898848409 ns 
[report] load_thread_ID : 30
[report] load_duration_ns : 7898848409
[report] load_duration_s : 7.898848
[report] load_throughput : 6550.575137
[report] load_average_latency_ns : 152658.351223
Load workloads needs: 7901066081 ns 
[report] load_thread_ID : 34
[report] load_duration_ns : 7901066081
[report] load_duration_s : 7.901066
[report] load_throughput : 6548.736521
[report] load_average_latency_ns : 152701.211414
Load workloads needs: 7917571800 ns 
[report] load_thread_ID : 31
[report] load_duration_ns : 7917571800
[report] load_duration_s : 7.917572
[report] load_throughput : 6535.084406
[report] load_average_latency_ns : 153020.211820
Load workloads needs: 7990871264 ns 
[report] load_thread_ID : 35
[report] load_duration_ns : 7990871264
[report] load_duration_s : 7.990871
[report] load_throughput : 6475.138729
[report] load_average_latency_ns : 154436.845580
Load workloads needs: 8004269192 ns 
[report] load_thread_ID : 27
[report] load_duration_ns : 8004269192
[report] load_duration_s : 8.004269
[report] load_throughput : 6464.300333
[report] load_average_latency_ns : 154695.782768
Load workloads needs: 8252992410 ns 
[report] load_thread_ID : 21
[report] load_duration_ns : 8252992410
[report] load_duration_s : 8.252992
[report] load_throughput : 6269.483531
[report] load_average_latency_ns : 159502.771636
Load workloads needs: 8329766014 ns 
[report] load_thread_ID : 19
[report] load_duration_ns : 8329766014
[report] load_duration_s : 8.329766
[report] load_throughput : 6211.699094
[report] load_average_latency_ns : 160986.548916
Load workloads needs: 8365428247 ns 
[report] load_thread_ID : 18
[report] load_duration_ns : 8365428247
[report] load_duration_s : 8.365428
[report] load_throughput : 6185.218314
[report] load_average_latency_ns : 161675.780739
Load workloads needs: 8400811914 ns 
[report] load_thread_ID : 5
[report] load_duration_ns : 8400811914
[report] load_duration_s : 8.400812
[report] load_throughput : 6159.166582
[report] load_average_latency_ns : 162359.628812
Load workloads needs: 8408237670 ns 
[report] load_thread_ID : 20
[report] load_duration_ns : 8408237670
[report] load_duration_s : 8.408238
[report] load_throughput : 6153.727098
[report] load_average_latency_ns : 162503.143868
Load workloads needs: 8416176870 ns 
[report] load_thread_ID : 10
[report] load_duration_ns : 8416176870
[report] load_duration_s : 8.416177
[report] load_throughput : 6147.922127
[report] load_average_latency_ns : 162656.582080
Load workloads needs: 8431346654 ns 
[report] load_thread_ID : 22
[report] load_duration_ns : 8431346654
[report] load_duration_s : 8.431347
[report] load_throughput : 6136.860708
[report] load_average_latency_ns : 162949.763326
Load workloads needs: 8440170665 ns 
[report] load_thread_ID : 7
[report] load_duration_ns : 8440170665
[report] load_duration_s : 8.440171
[report] load_throughput : 6130.444757
[report] load_average_latency_ns : 163120.301979
Load workloads needs: 8476908382 ns 
[report] load_thread_ID : 13
[report] load_duration_ns : 8476908382
[report] load_duration_s : 8.476908
[report] load_throughput : 6103.876280
[report] load_average_latency_ns : 163830.319315
Load workloads needs: 8487583908 ns 
[report] load_thread_ID : 12
[report] load_duration_ns : 8487583908
[report] load_duration_s : 8.487584
[report] load_throughput : 6096.198937
[report] load_average_latency_ns : 164036.641568
Load workloads needs: 8502881625 ns 
[report] load_thread_ID : 11
[report] load_duration_ns : 8502881625
[report] load_duration_s : 8.502882
[report] load_throughput : 6085.231135
[report] load_average_latency_ns : 164332.295331
Load workloads needs: 8508038292 ns 
[report] load_thread_ID : 16
[report] load_duration_ns : 8508038292
[report] load_duration_s : 8.508038
[report] load_throughput : 6081.542916
[report] load_average_latency_ns : 164431.956476
Load workloads needs: 8514226709 ns 
[report] load_thread_ID : 23
[report] load_duration_ns : 8514226709
[report] load_duration_s : 8.514227
[report] load_throughput : 6077.122652
[report] load_average_latency_ns : 164551.557903
Load workloads needs: 8517734625 ns 
[report] load_thread_ID : 3
[report] load_duration_ns : 8517734625
[report] load_duration_s : 8.517735
[report] load_throughput : 6074.619870
[report] load_average_latency_ns : 164619.354200
Load workloads needs: 8537611463 ns 
[report] load_thread_ID : 15
[report] load_duration_ns : 8537611463
[report] load_duration_s : 8.537611
[report] load_throughput : 6060.477245
[report] load_average_latency_ns : 165003.507074
Load workloads needs: 8544093206 ns 
[report] load_thread_ID : 17
[report] load_duration_ns : 8544093206
[report] load_duration_s : 8.544093
[report] load_throughput : 6055.879630
[report] load_average_latency_ns : 165128.777511
Load workloads needs: 8553893927 ns 
[report] load_thread_ID : 8
[report] load_duration_ns : 8553893927
[report] load_duration_s : 8.553894
[report] load_throughput : 6048.941037
[report] load_average_latency_ns : 165318.192706
Load workloads needs: 8555066902 ns 
[report] load_thread_ID : 2
[report] load_duration_ns : 8555066902
[report] load_duration_s : 8.555067
[report] load_throughput : 6048.111674
[report] load_average_latency_ns : 165340.862394
Load workloads needs: 8581489308 ns 
[report] load_thread_ID : 9
[report] load_duration_ns : 8581489308
[report] load_duration_s : 8.581489
[report] load_throughput : 6029.489538
[report] load_average_latency_ns : 165851.519230
Load workloads needs: 8610418396 ns 
[report] load_thread_ID : 14
[report] load_duration_ns : 8610418396
[report] load_duration_s : 8.610418
[report] load_throughput : 6009.231796
[report] load_average_latency_ns : 166410.621855
Load workloads needs: 8619191941 ns 
[report] load_thread_ID : 1
[report] load_duration_ns : 8619191941
[report] load_duration_s : 8.619192
[report] load_throughput : 6003.114950
[report] load_average_latency_ns : 166580.185169
Load workloads needs: 8638355103 ns 
[report] load_thread_ID : 4
[report] load_duration_ns : 8638355103
[report] load_duration_s : 8.638355
[report] load_throughput : 5989.797755
[report] load_average_latency_ns : 166950.545070
Load workloads needs: 8667938382 ns 
[report] load_thread_ID : 0
[report] load_duration_ns : 8667938382
[report] load_duration_s : 8.667938
[report] load_throughput : 5969.354848
[report] load_average_latency_ns : 167522.291021
Load workloads needs: 8699536179 ns 
[report] load_thread_ID : 6
[report] load_duration_ns : 8699536179
[report] load_duration_s : 8.699536
[report] load_throughput : 5947.673409
[report] load_average_latency_ns : 168132.970875
All clients run done needs: 8699386018 ns 
[report] load_overall_duration_ns : 8699386018
[report] load_overall_duration_s : 8.699386
[report] load_overall_throughput : 214122.697412
[report] load_overall_average_latency_ns : 4670.219515
