numactl --membind=4 /mnt/nvme0/home/gxr/mongdb-run/test_mongodb/build//run_client --num_threads=25 --core_binding=0,1,2,3,4,5,6,7,8,9,10,11,12,13,14,15,128,129,130,131,132,133,134,135,136,137,138,139,140,141,142,143 --str_key_size=16 --str_key_size=256 --load_file=/mnt/nvme0/home/gxr/mongdb-run/workloads/ycsb/workloada-load-5000000-5000000.log.formated --run_file=/mnt/nvme0/home/gxr/mongdb-run/workloads/ycsb/workloada-run-5000000-5000000.log.formated --URI_set=mongodb://localhost:27017,mongodb://localhost:27018,mongodb://localhost:27019,mongodb://localhost:27020,mongodb://localhost:27021,mongodb://localhost:27022,mongodb://localhost:27023,mongodb://localhost:27024,mongodb://localhost:27025,mongodb://localhost:27026,mongodb://localhost:27027,mongodb://localhost:27028,mongodb://localhost:27029,mongodb://localhost:27030,mongodb://localhost:27031,mongodb://localhost:27032,mongodb://localhost:27033,mongodb://localhost:27034,mongodb://localhost:27035,mongodb://localhost:27036,mongodb://localhost:27037,mongodb://localhost:27038,mongodb://localhost:27039,mongodb://localhost:27040,mongodb://localhost:27041,mongodb://localhost:27042,mongodb://localhost:27043,mongodb://localhost:27044,mongodb://localhost:27045,mongodb://localhost:27046 --first_mode=false
mongodb://localhost:27017 mongodb://localhost:27018 mongodb://localhost:27019 mongodb://localhost:27020 mongodb://localhost:27021 mongodb://localhost:27022 mongodb://localhost:27023 mongodb://localhost:27024 mongodb://localhost:27025 mongodb://localhost:27026 mongodb://localhost:27027 mongodb://localhost:27028 mongodb://localhost:27029 mongodb://localhost:27030 mongodb://localhost:27031 mongodb://localhost:27032 mongodb://localhost:27033 mongodb://localhost:27034 mongodb://localhost:27035 mongodb://localhost:27036 mongodb://localhost:27037 mongodb://localhost:27038 mongodb://localhost:27039 mongodb://localhost:27040 mongodb://localhost:27041 mongodb://localhost:27042 mongodb://localhost:27043 mongodb://localhost:27044 mongodb://localhost:27045 mongodb://localhost:27046 reading workload files ...
load_filename : /mnt/nvme0/home/gxr/mongdb-run/workloads/ycsb/workloada-load-5000000-5000000.log.formated
read load file needs: 2534465196 s 
run_filename : /mnt/nvme0/home/gxr/mongdb-run/workloads/ycsb/workloada-run-5000000-5000000.log.formated
read run file needs: 2599977160 s 
num_of_load_ops is 5000000
num_of_run_ops is 5000000
0 1 2 3 4 5 6 7 8 9 10 11 12 13 14 15 128 129 130 131 132 133 134 135 136 137 138 139 140 141 142 143 URI: URI: mongodb://localhost:27018
mongodb://localhost:27017
URI: mongodb://localhost:27020
URI: mongodb://localhost:27021
URI: mongodb://localhost:27019
URI: mongodb://localhost:27029
URI: mongodb://localhost:27024
URI: mongodb://localhost:27028
URI: mongodb://localhost:27022
URI: mongodb://localhost:27023
URI: mongodb://localhost:27030
URI: mongodb://localhost:27027
URI: mongodb://localhost:27026
URI: mongodb://localhost:27025
URI: mongodb://localhost:27031
URI: mongodb://localhost:27032
URI: mongodb://localhost:27033
URI: mongodb://localhost:27035URI: mongodb://localhost:27034

URI: mongodb://localhost:27036
URI: mongodb://localhost:27037
URI: mongodb://localhost:27038
URI: mongodb://localhost:27039
URI: mongodb://localhost:27040
URI: mongodb://localhost:27041
Load workloads needs: 27599624361 ns 
[report] load_thread_ID : 15
[report] load_duration_ns : 27599624361
[report] load_duration_s : 27.599624
[report] load_throughput : 7246.475437
[report] load_average_latency_ns : 137998.121805
Load workloads needs: 27953180426 ns 
[report] load_thread_ID : 13
[report] load_duration_ns : 27953180426
[report] load_duration_s : 27.953180
[report] load_throughput : 7154.820917
[report] load_average_latency_ns : 139765.902130
Load workloads needs: 27995702486 ns 
[report] load_thread_ID : 24
[report] load_duration_ns : 27995702486
[report] load_duration_s : 27.995702
[report] load_throughput : 7143.953616
[report] load_average_latency_ns : 139978.512430
Load workloads needs: 28107155989 ns 
[report] load_thread_ID : 12
[report] load_duration_ns : 28107155989
[report] load_duration_s : 28.107156
[report] load_throughput : 7115.625646
[report] load_average_latency_ns : 140535.779945
Load workloads needs: 28364365731 ns 
[report] load_thread_ID : 14
[report] load_duration_ns : 28364365731
[report] load_duration_s : 28.364366
[report] load_throughput : 7051.100733
[report] load_average_latency_ns : 141821.828655
Load workloads needs: 28692096821 ns 
[report] load_thread_ID : 11
[report] load_duration_ns : 28692096821
[report] load_duration_s : 28.692097
[report] load_throughput : 6970.560613
[report] load_average_latency_ns : 143460.484105
Load workloads needs: 28809957223 ns 
[report] load_thread_ID : 8
[report] load_duration_ns : 28809957223
[report] load_duration_s : 28.809957
[report] load_throughput : 6942.044323
[report] load_average_latency_ns : 144049.786115
Load workloads needs: 29542018340 ns 
[report] load_thread_ID : 10
[report] load_duration_ns : 29542018340
[report] load_duration_s : 29.542018
[report] load_throughput : 6770.018138
[report] load_average_latency_ns : 147710.091700
Load workloads needs: 29560053730 ns 
[report] load_thread_ID : 9
[report] load_duration_ns : 29560053730
[report] load_duration_s : 29.560054
[report] load_throughput : 6765.887567
[report] load_average_latency_ns : 147800.268650
Load workloads needs: 30645849202 ns 
[report] load_thread_ID : 22
[report] load_duration_ns : 30645849202
[report] load_duration_s : 30.645849
[report] load_throughput : 6526.169292
[report] load_average_latency_ns : 153229.246010
Load workloads needs: 31198594460 ns 
[report] load_thread_ID : 6
[report] load_duration_ns : 31198594460
[report] load_duration_s : 31.198594
[report] load_throughput : 6410.545201
[report] load_average_latency_ns : 155992.972300
Load workloads needs: 37400080432 ns 
[report] load_thread_ID : 1
[report] load_duration_ns : 37400080432
[report] load_duration_s : 37.400080
[report] load_throughput : 5347.582082
[report] load_average_latency_ns : 187000.402160
Load workloads needs: 37541572067 ns 
[report] load_thread_ID : 16
[report] load_duration_ns : 37541572067
[report] load_duration_s : 37.541572
[report] load_throughput : 5327.427409
[report] load_average_latency_ns : 187707.860335
Load workloads needs: 38200272195 ns 
[report] load_thread_ID : 23
[report] load_duration_ns : 38200272195
[report] load_duration_s : 38.200272
[report] load_throughput : 5235.564788
[report] load_average_latency_ns : 191001.360975
Load workloads needs: 38315624585 ns 
[report] load_thread_ID : 0
[report] load_duration_ns : 38315624585
[report] load_duration_s : 38.315625
[report] load_throughput : 5219.802683
[report] load_average_latency_ns : 191578.122925
Load workloads needs: 38444526840 ns 
[report] load_thread_ID : 7
[report] load_duration_ns : 38444526840
[report] load_duration_s : 38.444527
[report] load_throughput : 5202.300989
[report] load_average_latency_ns : 192222.634200
Load workloads needs: 38562337922 ns 
[report] load_thread_ID : 17
[report] load_duration_ns : 38562337922
[report] load_duration_s : 38.562338
[report] load_throughput : 5186.407536
[report] load_average_latency_ns : 192811.689610
Load workloads needs: 38686036665 ns 
[report] load_thread_ID : 19
[report] load_duration_ns : 38686036665
[report] load_duration_s : 38.686037
[report] load_throughput : 5169.823979
[report] load_average_latency_ns : 193430.183325
Load workloads needs: 38727387109 ns 
[report] load_thread_ID : 21
[report] load_duration_ns : 38727387109
[report] load_duration_s : 38.727387
[report] load_throughput : 5164.303996
[report] load_average_latency_ns : 193636.935545
Load workloads needs: 38740739514 ns 
[report] load_thread_ID : 2
[report] load_duration_ns : 38740739514
[report] load_duration_s : 38.740740
[report] load_throughput : 5162.524064
[report] load_average_latency_ns : 193703.697570
Load workloads needs: 38807769394 ns 
[report] load_thread_ID : 5
[report] load_duration_ns : 38807769394
[report] load_duration_s : 38.807769
[report] load_throughput : 5153.607206
[report] load_average_latency_ns : 194038.846970
Load workloads needs: 38947258994 ns 
[report] load_thread_ID : 18
[report] load_duration_ns : 38947258994
[report] load_duration_s : 38.947259
[report] load_throughput : 5135.149563
[report] load_average_latency_ns : 194736.294970
Load workloads needs: 39158359927 ns 
[report] load_thread_ID : 3
[report] load_duration_ns : 39158359927
[report] load_duration_s : 39.158360
[report] load_throughput : 5107.466206
[report] load_average_latency_ns : 195791.799635
Load workloads needs: 39181660441 ns 
[report] load_thread_ID : 20
[report] load_duration_ns : 39181660441
[report] load_duration_s : 39.181660
[report] load_throughput : 5104.428902
[report] load_average_latency_ns : 195908.302205
Load workloads needs: 39282014990 ns 
[report] load_thread_ID : 4
[report] load_duration_ns : 39282014990
[report] load_duration_s : 39.282015
[report] load_throughput : 5091.388516
[report] load_average_latency_ns : 196410.074950
All clients run done needs: 39277898085 ns 
[report] load_overall_duration_ns : 39277898085
[report] load_overall_duration_s : 39.277898
[report] load_overall_throughput : 127298.054218
[report] load_overall_average_latency_ns : 7855.579617
